<?xml version="1.0" encoding="UTF-8"?>
<testsuite xmlns:xsi="http://www.w3.org/2001/XMLSchema-instance" xsi:noNamespaceSchemaLocation="https://maven.apache.org/surefire/maven-surefire-plugin/xsd/surefire-test-report-3.0.xsd" version="3.0" name="org.isf.utils.file.TestFileTools" time="0.013" tests="25" errors="0" skipped="0" failures="0">
  <properties>
    <property name="sun.desktop" value="gnome"/>
    <property name="awt.toolkit" value="sun.awt.X11.XToolkit"/>
    <property name="file.encoding.pkg" value="sun.io"/>
    <property name="java.specification.version" value="1.8"/>
    <property name="sun.cpu.isalist" value=""/>
    <property name="sun.jnu.encoding" value="UTF-8"/>
    <property name="java.class.path" value="/home/leonardo.lmartins/Documentos/projeto-final-MO409/target/test-classes:/home/leonardo.lmartins/Documentos/projeto-final-MO409/target/classes:/home/leonardo.lmartins/.m2/repository/com/drewnoakes/metadata-extractor/2.10.0/metadata-extractor-2.10.0.jar:/home/leonardo.lmartins/.m2/repository/com/adobe/xmp/xmpcore/5.1.3/xmpcore-5.1.3.jar:/home/leonardo.lmartins/.m2/repository/com/googlecode/gstreamer-java/gstreamer-java/1.4/gstreamer-java-1.4.jar:/home/leonardo.lmartins/.m2/repository/net/java/dev/jna/jna/3.2.2/jna-3.2.2.jar:/home/leonardo.lmartins/.m2/repository/org/apache/httpcomponents/httpclient/4.5.13/httpclient-4.5.13.jar:/home/leonardo.lmartins/.m2/repository/commons-logging/commons-logging/1.2/commons-logging-1.2.jar:/home/leonardo.lmartins/.m2/repository/commons-codec/commons-codec/1.11/commons-codec-1.11.jar:/home/leonardo.lmartins/.m2/repository/org/apache/httpcomponents/httpcore/4.4.14/httpcore-4.4.14.jar:/home/leonardo.lmartins/.m2/repository/net/sf/jasperreports/jasperreports/6.17.0/jasperreports-6.17.0.jar:/home/leonardo.lmartins/.m2/repository/commons-beanutils/commons-beanutils/1.9.4/commons-beanutils-1.9.4.jar:/home/leonardo.lmartins/.m2/repository/commons-collections/commons-collections/3.2.2/commons-collections-3.2.2.jar:/home/leonardo.lmartins/.m2/repository/commons-digester/commons-digester/2.1/commons-digester-2.1.jar:/home/leonardo.lmartins/.m2/repository/org/apache/commons/commons-collections4/4.2/commons-collections4-4.2.jar:/home/leonardo.lmartins/.m2/repository/org/jfree/jcommon/1.0.23/jcommon-1.0.23.jar:/home/leonardo.lmartins/.m2/repository/org/jfree/jfreechart/1.0.19/jfreechart-1.0.19.jar:/home/leonardo.lmartins/.m2/repository/org/eclipse/jdt/ecj/3.21.0/ecj-3.21.0.jar:/home/leonardo.lmartins/.m2/repository/org/codehaus/castor/castor-xml/1.4.1/castor-xml-1.4.1.jar:/home/leonardo.lmartins/.m2/repository/org/codehaus/castor/castor-core/1.4.1/castor-core-1.4.1.jar:/home/leonardo.lmartins/.m2/repository/org/apache/commons/commons-lang3/3.4/commons-lang3-3.4.jar:/home/leonardo.lmartins/.m2/repository/javax/inject/javax.inject/1/javax.inject-1.jar:/home/leonardo.lmartins/.m2/repository/com/fasterxml/jackson/core/jackson-core/2.12.2/jackson-core-2.12.2.jar:/home/leonardo.lmartins/.m2/repository/com/fasterxml/jackson/core/jackson-databind/2.12.2/jackson-databind-2.12.2.jar:/home/leonardo.lmartins/.m2/repository/com/lowagie/itext/2.1.7/itext-2.1.7.jar:/home/leonardo.lmartins/.m2/repository/bouncycastle/bcmail-jdk14/138/bcmail-jdk14-138.jar:/home/leonardo.lmartins/.m2/repository/bouncycastle/bcprov-jdk14/138/bcprov-jdk14-138.jar:/home/leonardo.lmartins/.m2/repository/org/bouncycastle/bctsp-jdk14/1.38/bctsp-jdk14-1.38.jar:/home/leonardo.lmartins/.m2/repository/org/bouncycastle/bcprov-jdk14/1.38/bcprov-jdk14-1.38.jar:/home/leonardo.lmartins/.m2/repository/org/bouncycastle/bcmail-jdk14/1.38/bcmail-jdk14-1.38.jar:/home/leonardo.lmartins/.m2/repository/joda-time/joda-time/2.10.10/joda-time-2.10.10.jar:/home/leonardo.lmartins/.m2/repository/junit/junit/4.13.2/junit-4.13.2.jar:/home/leonardo.lmartins/.m2/repository/org/hamcrest/hamcrest-core/1.3/hamcrest-core-1.3.jar:/home/leonardo.lmartins/.m2/repository/com/h2database/h2/1.4.200/h2-1.4.200.jar:/home/leonardo.lmartins/.m2/repository/com/sun/clibwrapper_jiio/1.1/clibwrapper_jiio-1.1.jar:/home/leonardo.lmartins/.m2/repository/com/sun/media/jai_imageio/1.1/jai_imageio-1.1.jar:/home/leonardo.lmartins/.m2/repository/javax/media/jai-core/1.1.3/jai-core-1.1.3.jar:/home/leonardo.lmartins/.m2/repository/mysql/mysql-connector-java/5.1.14/mysql-connector-java-5.1.14.jar:/home/leonardo.lmartins/.m2/repository/org/rxtx/rxtx/2.1.7/rxtx-2.1.7.jar:/home/leonardo.lmartins/.m2/repository/javax/xml/bind/jaxb-api/2.3.1/jaxb-api-2.3.1.jar:/home/leonardo.lmartins/.m2/repository/javax/activation/javax.activation-api/1.2.0/javax.activation-api-1.2.0.jar:/home/leonardo.lmartins/.m2/repository/com/sun/xml/bind/jaxb-core/2.3.0.1/jaxb-core-2.3.0.1.jar:/home/leonardo.lmartins/.m2/repository/com/sun/xml/bind/jaxb-impl/3.0.1/jaxb-impl-3.0.1.jar:/home/leonardo.lmartins/.m2/repository/javax/activation/activation/1.1.1/activation-1.1.1.jar:/home/leonardo.lmartins/.m2/repository/dcm4che/dcm4che-core/2.0.26/dcm4che-core-2.0.26.jar:/home/leonardo.lmartins/.m2/repository/dcm4che/dcm4che-image/2.0.26/dcm4che-image-2.0.26.jar:/home/leonardo.lmartins/.m2/repository/dcm4che/dcm4che-imageio/2.0.26/dcm4che-imageio-2.0.26.jar:/home/leonardo.lmartins/.m2/repository/org/apache/poi/poi/4.1.2/poi-4.1.2.jar:/home/leonardo.lmartins/.m2/repository/org/apache/commons/commons-math3/3.6.1/commons-math3-3.6.1.jar:/home/leonardo.lmartins/.m2/repository/com/zaxxer/SparseBitSet/1.2/SparseBitSet-1.2.jar:/home/leonardo.lmartins/.m2/repository/org/apache/poi/poi-ooxml/4.1.2/poi-ooxml-4.1.2.jar:/home/leonardo.lmartins/.m2/repository/org/apache/poi/poi-ooxml-schemas/4.1.2/poi-ooxml-schemas-4.1.2.jar:/home/leonardo.lmartins/.m2/repository/org/apache/xmlbeans/xmlbeans/3.1.0/xmlbeans-3.1.0.jar:/home/leonardo.lmartins/.m2/repository/org/apache/commons/commons-compress/1.19/commons-compress-1.19.jar:/home/leonardo.lmartins/.m2/repository/com/github/virtuald/curvesapi/1.06/curvesapi-1.06.jar:/home/leonardo.lmartins/.m2/repository/org/slf4j/slf4j-api/1.7.31/slf4j-api-1.7.31.jar:/home/leonardo.lmartins/.m2/repository/org/slf4j/slf4j-log4j12/1.7.31/slf4j-log4j12-1.7.31.jar:/home/leonardo.lmartins/.m2/repository/log4j/log4j/1.2.17/log4j-1.2.17.jar:/home/leonardo.lmartins/.m2/repository/org/igniterealtime/smack/smack/3.2.1/smack-3.2.1.jar:/home/leonardo.lmartins/.m2/repository/org/igniterealtime/smack/smackx/3.4.1/smackx-3.4.1.jar:/home/leonardo.lmartins/.m2/repository/org/hibernate/hibernate-core/4.2.13.Final/hibernate-core-4.2.13.Final.jar:/home/leonardo.lmartins/.m2/repository/antlr/antlr/2.7.7/antlr-2.7.7.jar:/home/leonardo.lmartins/.m2/repository/org/jboss/logging/jboss-logging/3.1.0.GA/jboss-logging-3.1.0.GA.jar:/home/leonardo.lmartins/.m2/repository/dom4j/dom4j/1.6.1/dom4j-1.6.1.jar:/home/leonardo.lmartins/.m2/repository/org/javassist/javassist/3.18.1-GA/javassist-3.18.1-GA.jar:/home/leonardo.lmartins/.m2/repository/org/jboss/spec/javax/transaction/jboss-transaction-api_1.1_spec/1.0.1.Final/jboss-transaction-api_1.1_spec-1.0.1.Final.jar:/home/leonardo.lmartins/.m2/repository/org/hibernate/common/hibernate-commons-annotations/4.0.2.Final/hibernate-commons-annotations-4.0.2.Final.jar:/home/leonardo.lmartins/.m2/repository/org/hibernate/javax/persistence/hibernate-jpa-2.0-api/1.0.1.Final/hibernate-jpa-2.0-api-1.0.1.Final.jar:/home/leonardo.lmartins/.m2/repository/org/hibernate/validator/hibernate-validator/6.1.6.Final/hibernate-validator-6.1.6.Final.jar:/home/leonardo.lmartins/.m2/repository/jakarta/validation/jakarta.validation-api/2.0.2/jakarta.validation-api-2.0.2.jar:/home/leonardo.lmartins/.m2/repository/com/fasterxml/classmate/1.3.4/classmate-1.3.4.jar:/home/leonardo.lmartins/.m2/repository/org/hibernate/hibernate-entitymanager/4.2.5.Final/hibernate-entitymanager-4.2.5.Final.jar:/home/leonardo.lmartins/.m2/repository/org/hibernate/hibernate-c3p0/4.2.13.Final/hibernate-c3p0-4.2.13.Final.jar:/home/leonardo.lmartins/.m2/repository/com/mchange/c3p0/0.9.2.1/c3p0-0.9.2.1.jar:/home/leonardo.lmartins/.m2/repository/com/mchange/mchange-commons-java/0.2.3.4/mchange-commons-java-0.2.3.4.jar:/home/leonardo.lmartins/.m2/repository/org/imgscalr/imgscalr-lib/4.2/imgscalr-lib-4.2.jar:/home/leonardo.lmartins/.m2/repository/org/springframework/spring-orm/4.3.28.RELEASE/spring-orm-4.3.28.RELEASE.jar:/home/leonardo.lmartins/.m2/repository/org/springframework/spring-jdbc/4.3.28.RELEASE/spring-jdbc-4.3.28.RELEASE.jar:/home/leonardo.lmartins/.m2/repository/org/springframework/spring-beans/4.3.28.RELEASE/spring-beans-4.3.28.RELEASE.jar:/home/leonardo.lmartins/.m2/repository/org/springframework/spring-context/4.3.28.RELEASE/spring-context-4.3.28.RELEASE.jar:/home/leonardo.lmartins/.m2/repository/org/springframework/spring-aop/4.3.28.RELEASE/spring-aop-4.3.28.RELEASE.jar:/home/leonardo.lmartins/.m2/repository/org/springframework/spring-expression/4.3.28.RELEASE/spring-expression-4.3.28.RELEASE.jar:/home/leonardo.lmartins/.m2/repository/org/springframework/spring-core/4.3.28.RELEASE/spring-core-4.3.28.RELEASE.jar:/home/leonardo.lmartins/.m2/repository/org/springframework/spring-test/4.3.28.RELEASE/spring-test-4.3.28.RELEASE.jar:/home/leonardo.lmartins/.m2/repository/org/springframework/spring-tx/4.3.28.RELEASE/spring-tx-4.3.28.RELEASE.jar:/home/leonardo.lmartins/.m2/repository/org/springframework/data/spring-data-jpa/1.11.23.RELEASE/spring-data-jpa-1.11.23.RELEASE.jar:/home/leonardo.lmartins/.m2/repository/org/springframework/data/spring-data-commons/1.13.23.RELEASE/spring-data-commons-1.13.23.RELEASE.jar:/home/leonardo.lmartins/.m2/repository/org/aspectj/aspectjrt/1.8.13/aspectjrt-1.8.13.jar:/home/leonardo.lmartins/.m2/repository/org/slf4j/jcl-over-slf4j/1.7.25/jcl-over-slf4j-1.7.25.jar:/home/leonardo.lmartins/.m2/repository/org/springframework/boot/spring-boot-test/1.5.22.RELEASE/spring-boot-test-1.5.22.RELEASE.jar:/home/leonardo.lmartins/.m2/repository/org/springframework/boot/spring-boot/1.5.22.RELEASE/spring-boot-1.5.22.RELEASE.jar:/home/leonardo.lmartins/.m2/repository/org/aspectj/aspectjweaver/1.9.7/aspectjweaver-1.9.7.jar:/home/leonardo.lmartins/.m2/repository/org/springframework/boot/spring-boot-starter-test/1.5.22.RELEASE/spring-boot-starter-test-1.5.22.RELEASE.jar:/home/leonardo.lmartins/.m2/repository/org/springframework/boot/spring-boot-test-autoconfigure/1.5.22.RELEASE/spring-boot-test-autoconfigure-1.5.22.RELEASE.jar:/home/leonardo.lmartins/.m2/repository/org/springframework/boot/spring-boot-autoconfigure/1.5.22.RELEASE/spring-boot-autoconfigure-1.5.22.RELEASE.jar:/home/leonardo.lmartins/.m2/repository/com/jayway/jsonpath/json-path/2.2.0/json-path-2.2.0.jar:/home/leonardo.lmartins/.m2/repository/net/minidev/json-smart/2.2.1/json-smart-2.2.1.jar:/home/leonardo.lmartins/.m2/repository/net/minidev/accessors-smart/1.1/accessors-smart-1.1.jar:/home/leonardo.lmartins/.m2/repository/org/ow2/asm/asm/5.0.3/asm-5.0.3.jar:/home/leonardo.lmartins/.m2/repository/org/mockito/mockito-core/1.10.19/mockito-core-1.10.19.jar:/home/leonardo.lmartins/.m2/repository/org/objenesis/objenesis/2.1/objenesis-2.1.jar:/home/leonardo.lmartins/.m2/repository/org/hamcrest/hamcrest-library/1.3/hamcrest-library-1.3.jar:/home/leonardo.lmartins/.m2/repository/org/skyscreamer/jsonassert/1.4.0/jsonassert-1.4.0.jar:/home/leonardo.lmartins/.m2/repository/com/vaadin/external/google/android-json/0.0.20131108.vaadin1/android-json-0.0.20131108.vaadin1.jar:/home/leonardo.lmartins/.m2/repository/org/springframework/spring-aspects/4.3.28.RELEASE/spring-aspects-4.3.28.RELEASE.jar:/home/leonardo.lmartins/.m2/repository/org/assertj/assertj-core/3.20.2/assertj-core-3.20.2.jar:/home/leonardo.lmartins/.m2/repository/org/springframework/cloud/spring-cloud-starter-openfeign/1.4.7.RELEASE/spring-cloud-starter-openfeign-1.4.7.RELEASE.jar:/home/leonardo.lmartins/.m2/repository/org/springframework/cloud/spring-cloud-starter/1.3.6.RELEASE/spring-cloud-starter-1.3.6.RELEASE.jar:/home/leonardo.lmartins/.m2/repository/org/springframework/boot/spring-boot-starter/1.5.21.RELEASE/spring-boot-starter-1.5.21.RELEASE.jar:/home/leonardo.lmartins/.m2/repository/org/springframework/boot/spring-boot-starter-logging/1.5.21.RELEASE/spring-boot-starter-logging-1.5.21.RELEASE.jar:/home/leonardo.lmartins/.m2/repository/org/slf4j/jul-to-slf4j/1.7.26/jul-to-slf4j-1.7.26.jar:/home/leonardo.lmartins/.m2/repository/org/yaml/snakeyaml/1.17/snakeyaml-1.17.jar:/home/leonardo.lmartins/.m2/repository/org/springframework/cloud/spring-cloud-context/1.3.6.RELEASE/spring-cloud-context-1.3.6.RELEASE.jar:/home/leonardo.lmartins/.m2/repository/org/springframework/security/spring-security-rsa/1.0.3.RELEASE/spring-security-rsa-1.0.3.RELEASE.jar:/home/leonardo.lmartins/.m2/repository/org/bouncycastle/bcpkix-jdk15on/1.55/bcpkix-jdk15on-1.55.jar:/home/leonardo.lmartins/.m2/repository/org/bouncycastle/bcprov-jdk15on/1.55/bcprov-jdk15on-1.55.jar:/home/leonardo.lmartins/.m2/repository/org/springframework/cloud/spring-cloud-netflix-core/1.4.7.RELEASE/spring-cloud-netflix-core-1.4.7.RELEASE.jar:/home/leonardo.lmartins/.m2/repository/org/springframework/spring-web/4.3.24.RELEASE/spring-web-4.3.24.RELEASE.jar:/home/leonardo.lmartins/.m2/repository/org/springframework/cloud/spring-cloud-commons/1.3.6.RELEASE/spring-cloud-commons-1.3.6.RELEASE.jar:/home/leonardo.lmartins/.m2/repository/org/springframework/security/spring-security-crypto/4.2.12.RELEASE/spring-security-crypto-4.2.12.RELEASE.jar:/home/leonardo.lmartins/.m2/repository/io/github/openfeign/feign-core/9.5.0/feign-core-9.5.0.jar:/home/leonardo.lmartins/.m2/repository/org/jvnet/animal-sniffer-annotation/1.0/animal-sniffer-annotation-1.0.jar:/home/leonardo.lmartins/.m2/repository/io/github/openfeign/feign-slf4j/9.5.0/feign-slf4j-9.5.0.jar:/home/leonardo.lmartins/.m2/repository/io/github/openfeign/feign-hystrix/9.5.0/feign-hystrix-9.5.0.jar:/home/leonardo.lmartins/.m2/repository/com/netflix/archaius/archaius-core/0.6.6/archaius-core-0.6.6.jar:/home/leonardo.lmartins/.m2/repository/com/google/code/findbugs/annotations/2.0.0/annotations-2.0.0.jar:/home/leonardo.lmartins/.m2/repository/com/netflix/hystrix/hystrix-core/1.4.26/hystrix-core-1.4.26.jar:/home/leonardo.lmartins/.m2/repository/io/reactivex/rxjava/1.1.1/rxjava-1.1.1.jar:/home/leonardo.lmartins/.m2/repository/org/springframework/cloud/spring-cloud-starter-netflix-archaius/1.4.7.RELEASE/spring-cloud-starter-netflix-archaius-1.4.7.RELEASE.jar:/home/leonardo.lmartins/.m2/repository/commons-configuration/commons-configuration/1.8/commons-configuration-1.8.jar:/home/leonardo.lmartins/.m2/repository/commons-lang/commons-lang/2.6/commons-lang-2.6.jar:/home/leonardo.lmartins/.m2/repository/com/google/guava/guava/18.0/guava-18.0.jar:/home/leonardo.lmartins/.m2/repository/io/github/openfeign/feign-gson/9.4.0/feign-gson-9.4.0.jar:/home/leonardo.lmartins/.m2/repository/com/google/code/gson/gson/2.5/gson-2.5.jar:/home/leonardo.lmartins/.m2/repository/org/springframework/spring-webmvc/4.3.28.RELEASE/spring-webmvc-4.3.28.RELEASE.jar:/home/leonardo.lmartins/.m2/repository/javax/annotation/javax.annotation-api/1.3.2/javax.annotation-api-1.3.2.jar:/home/leonardo.lmartins/.m2/repository/com/fasterxml/jackson/core/jackson-annotations/2.12.3/jackson-annotations-2.12.3.jar:"/>
    <property name="java.vm.vendor" value="Private Build"/>
    <property name="sun.arch.data.model" value="64"/>
    <property name="sun.font.fontmanager" value="sun.awt.X11FontManager"/>
    <property name="java.vendor.url" value="http://java.oracle.com/"/>
    <property name="user.timezone" value="America/Sao_Paulo"/>
    <property name="java.vm.specification.version" value="1.8"/>
    <property name="os.name" value="Linux"/>
    <property name="user.country" value="BR"/>
    <property name="sun.java.launcher" value="SUN_STANDARD"/>
    <property name="sun.boot.library.path" value="/usr/lib/jvm/java-8-openjdk-amd64/jre/lib/amd64"/>
    <property name="sun.java.command" value="/home/leonardo.lmartins/Documentos/projeto-final-MO409/target/surefire/surefirebooter-20240705175501336_3.jar /home/leonardo.lmartins/Documentos/projeto-final-MO409/target/surefire 2024-07-05T17-55-01_290-jvmRun1 surefire-20240705175501336_1tmp surefire_0-20240705175501336_2tmp"/>
    <property name="surefire.test.class.path" value="/home/leonardo.lmartins/Documentos/projeto-final-MO409/target/test-classes:/home/leonardo.lmartins/Documentos/projeto-final-MO409/target/classes:/home/leonardo.lmartins/.m2/repository/com/drewnoakes/metadata-extractor/2.10.0/metadata-extractor-2.10.0.jar:/home/leonardo.lmartins/.m2/repository/com/adobe/xmp/xmpcore/5.1.3/xmpcore-5.1.3.jar:/home/leonardo.lmartins/.m2/repository/com/googlecode/gstreamer-java/gstreamer-java/1.4/gstreamer-java-1.4.jar:/home/leonardo.lmartins/.m2/repository/net/java/dev/jna/jna/3.2.2/jna-3.2.2.jar:/home/leonardo.lmartins/.m2/repository/org/apache/httpcomponents/httpclient/4.5.13/httpclient-4.5.13.jar:/home/leonardo.lmartins/.m2/repository/commons-logging/commons-logging/1.2/commons-logging-1.2.jar:/home/leonardo.lmartins/.m2/repository/commons-codec/commons-codec/1.11/commons-codec-1.11.jar:/home/leonardo.lmartins/.m2/repository/org/apache/httpcomponents/httpcore/4.4.14/httpcore-4.4.14.jar:/home/leonardo.lmartins/.m2/repository/net/sf/jasperreports/jasperreports/6.17.0/jasperreports-6.17.0.jar:/home/leonardo.lmartins/.m2/repository/commons-beanutils/commons-beanutils/1.9.4/commons-beanutils-1.9.4.jar:/home/leonardo.lmartins/.m2/repository/commons-collections/commons-collections/3.2.2/commons-collections-3.2.2.jar:/home/leonardo.lmartins/.m2/repository/commons-digester/commons-digester/2.1/commons-digester-2.1.jar:/home/leonardo.lmartins/.m2/repository/org/apache/commons/commons-collections4/4.2/commons-collections4-4.2.jar:/home/leonardo.lmartins/.m2/repository/org/jfree/jcommon/1.0.23/jcommon-1.0.23.jar:/home/leonardo.lmartins/.m2/repository/org/jfree/jfreechart/1.0.19/jfreechart-1.0.19.jar:/home/leonardo.lmartins/.m2/repository/org/eclipse/jdt/ecj/3.21.0/ecj-3.21.0.jar:/home/leonardo.lmartins/.m2/repository/org/codehaus/castor/castor-xml/1.4.1/castor-xml-1.4.1.jar:/home/leonardo.lmartins/.m2/repository/org/codehaus/castor/castor-core/1.4.1/castor-core-1.4.1.jar:/home/leonardo.lmartins/.m2/repository/org/apache/commons/commons-lang3/3.4/commons-lang3-3.4.jar:/home/leonardo.lmartins/.m2/repository/javax/inject/javax.inject/1/javax.inject-1.jar:/home/leonardo.lmartins/.m2/repository/com/fasterxml/jackson/core/jackson-core/2.12.2/jackson-core-2.12.2.jar:/home/leonardo.lmartins/.m2/repository/com/fasterxml/jackson/core/jackson-databind/2.12.2/jackson-databind-2.12.2.jar:/home/leonardo.lmartins/.m2/repository/com/lowagie/itext/2.1.7/itext-2.1.7.jar:/home/leonardo.lmartins/.m2/repository/bouncycastle/bcmail-jdk14/138/bcmail-jdk14-138.jar:/home/leonardo.lmartins/.m2/repository/bouncycastle/bcprov-jdk14/138/bcprov-jdk14-138.jar:/home/leonardo.lmartins/.m2/repository/org/bouncycastle/bctsp-jdk14/1.38/bctsp-jdk14-1.38.jar:/home/leonardo.lmartins/.m2/repository/org/bouncycastle/bcprov-jdk14/1.38/bcprov-jdk14-1.38.jar:/home/leonardo.lmartins/.m2/repository/org/bouncycastle/bcmail-jdk14/1.38/bcmail-jdk14-1.38.jar:/home/leonardo.lmartins/.m2/repository/joda-time/joda-time/2.10.10/joda-time-2.10.10.jar:/home/leonardo.lmartins/.m2/repository/junit/junit/4.13.2/junit-4.13.2.jar:/home/leonardo.lmartins/.m2/repository/org/hamcrest/hamcrest-core/1.3/hamcrest-core-1.3.jar:/home/leonardo.lmartins/.m2/repository/com/h2database/h2/1.4.200/h2-1.4.200.jar:/home/leonardo.lmartins/.m2/repository/com/sun/clibwrapper_jiio/1.1/clibwrapper_jiio-1.1.jar:/home/leonardo.lmartins/.m2/repository/com/sun/media/jai_imageio/1.1/jai_imageio-1.1.jar:/home/leonardo.lmartins/.m2/repository/javax/media/jai-core/1.1.3/jai-core-1.1.3.jar:/home/leonardo.lmartins/.m2/repository/mysql/mysql-connector-java/5.1.14/mysql-connector-java-5.1.14.jar:/home/leonardo.lmartins/.m2/repository/org/rxtx/rxtx/2.1.7/rxtx-2.1.7.jar:/home/leonardo.lmartins/.m2/repository/javax/xml/bind/jaxb-api/2.3.1/jaxb-api-2.3.1.jar:/home/leonardo.lmartins/.m2/repository/javax/activation/javax.activation-api/1.2.0/javax.activation-api-1.2.0.jar:/home/leonardo.lmartins/.m2/repository/com/sun/xml/bind/jaxb-core/2.3.0.1/jaxb-core-2.3.0.1.jar:/home/leonardo.lmartins/.m2/repository/com/sun/xml/bind/jaxb-impl/3.0.1/jaxb-impl-3.0.1.jar:/home/leonardo.lmartins/.m2/repository/javax/activation/activation/1.1.1/activation-1.1.1.jar:/home/leonardo.lmartins/.m2/repository/dcm4che/dcm4che-core/2.0.26/dcm4che-core-2.0.26.jar:/home/leonardo.lmartins/.m2/repository/dcm4che/dcm4che-image/2.0.26/dcm4che-image-2.0.26.jar:/home/leonardo.lmartins/.m2/repository/dcm4che/dcm4che-imageio/2.0.26/dcm4che-imageio-2.0.26.jar:/home/leonardo.lmartins/.m2/repository/org/apache/poi/poi/4.1.2/poi-4.1.2.jar:/home/leonardo.lmartins/.m2/repository/org/apache/commons/commons-math3/3.6.1/commons-math3-3.6.1.jar:/home/leonardo.lmartins/.m2/repository/com/zaxxer/SparseBitSet/1.2/SparseBitSet-1.2.jar:/home/leonardo.lmartins/.m2/repository/org/apache/poi/poi-ooxml/4.1.2/poi-ooxml-4.1.2.jar:/home/leonardo.lmartins/.m2/repository/org/apache/poi/poi-ooxml-schemas/4.1.2/poi-ooxml-schemas-4.1.2.jar:/home/leonardo.lmartins/.m2/repository/org/apache/xmlbeans/xmlbeans/3.1.0/xmlbeans-3.1.0.jar:/home/leonardo.lmartins/.m2/repository/org/apache/commons/commons-compress/1.19/commons-compress-1.19.jar:/home/leonardo.lmartins/.m2/repository/com/github/virtuald/curvesapi/1.06/curvesapi-1.06.jar:/home/leonardo.lmartins/.m2/repository/org/slf4j/slf4j-api/1.7.31/slf4j-api-1.7.31.jar:/home/leonardo.lmartins/.m2/repository/org/slf4j/slf4j-log4j12/1.7.31/slf4j-log4j12-1.7.31.jar:/home/leonardo.lmartins/.m2/repository/log4j/log4j/1.2.17/log4j-1.2.17.jar:/home/leonardo.lmartins/.m2/repository/org/igniterealtime/smack/smack/3.2.1/smack-3.2.1.jar:/home/leonardo.lmartins/.m2/repository/org/igniterealtime/smack/smackx/3.4.1/smackx-3.4.1.jar:/home/leonardo.lmartins/.m2/repository/org/hibernate/hibernate-core/4.2.13.Final/hibernate-core-4.2.13.Final.jar:/home/leonardo.lmartins/.m2/repository/antlr/antlr/2.7.7/antlr-2.7.7.jar:/home/leonardo.lmartins/.m2/repository/org/jboss/logging/jboss-logging/3.1.0.GA/jboss-logging-3.1.0.GA.jar:/home/leonardo.lmartins/.m2/repository/dom4j/dom4j/1.6.1/dom4j-1.6.1.jar:/home/leonardo.lmartins/.m2/repository/org/javassist/javassist/3.18.1-GA/javassist-3.18.1-GA.jar:/home/leonardo.lmartins/.m2/repository/org/jboss/spec/javax/transaction/jboss-transaction-api_1.1_spec/1.0.1.Final/jboss-transaction-api_1.1_spec-1.0.1.Final.jar:/home/leonardo.lmartins/.m2/repository/org/hibernate/common/hibernate-commons-annotations/4.0.2.Final/hibernate-commons-annotations-4.0.2.Final.jar:/home/leonardo.lmartins/.m2/repository/org/hibernate/javax/persistence/hibernate-jpa-2.0-api/1.0.1.Final/hibernate-jpa-2.0-api-1.0.1.Final.jar:/home/leonardo.lmartins/.m2/repository/org/hibernate/validator/hibernate-validator/6.1.6.Final/hibernate-validator-6.1.6.Final.jar:/home/leonardo.lmartins/.m2/repository/jakarta/validation/jakarta.validation-api/2.0.2/jakarta.validation-api-2.0.2.jar:/home/leonardo.lmartins/.m2/repository/com/fasterxml/classmate/1.3.4/classmate-1.3.4.jar:/home/leonardo.lmartins/.m2/repository/org/hibernate/hibernate-entitymanager/4.2.5.Final/hibernate-entitymanager-4.2.5.Final.jar:/home/leonardo.lmartins/.m2/repository/org/hibernate/hibernate-c3p0/4.2.13.Final/hibernate-c3p0-4.2.13.Final.jar:/home/leonardo.lmartins/.m2/repository/com/mchange/c3p0/0.9.2.1/c3p0-0.9.2.1.jar:/home/leonardo.lmartins/.m2/repository/com/mchange/mchange-commons-java/0.2.3.4/mchange-commons-java-0.2.3.4.jar:/home/leonardo.lmartins/.m2/repository/org/imgscalr/imgscalr-lib/4.2/imgscalr-lib-4.2.jar:/home/leonardo.lmartins/.m2/repository/org/springframework/spring-orm/4.3.28.RELEASE/spring-orm-4.3.28.RELEASE.jar:/home/leonardo.lmartins/.m2/repository/org/springframework/spring-jdbc/4.3.28.RELEASE/spring-jdbc-4.3.28.RELEASE.jar:/home/leonardo.lmartins/.m2/repository/org/springframework/spring-beans/4.3.28.RELEASE/spring-beans-4.3.28.RELEASE.jar:/home/leonardo.lmartins/.m2/repository/org/springframework/spring-context/4.3.28.RELEASE/spring-context-4.3.28.RELEASE.jar:/home/leonardo.lmartins/.m2/repository/org/springframework/spring-aop/4.3.28.RELEASE/spring-aop-4.3.28.RELEASE.jar:/home/leonardo.lmartins/.m2/repository/org/springframework/spring-expression/4.3.28.RELEASE/spring-expression-4.3.28.RELEASE.jar:/home/leonardo.lmartins/.m2/repository/org/springframework/spring-core/4.3.28.RELEASE/spring-core-4.3.28.RELEASE.jar:/home/leonardo.lmartins/.m2/repository/org/springframework/spring-test/4.3.28.RELEASE/spring-test-4.3.28.RELEASE.jar:/home/leonardo.lmartins/.m2/repository/org/springframework/spring-tx/4.3.28.RELEASE/spring-tx-4.3.28.RELEASE.jar:/home/leonardo.lmartins/.m2/repository/org/springframework/data/spring-data-jpa/1.11.23.RELEASE/spring-data-jpa-1.11.23.RELEASE.jar:/home/leonardo.lmartins/.m2/repository/org/springframework/data/spring-data-commons/1.13.23.RELEASE/spring-data-commons-1.13.23.RELEASE.jar:/home/leonardo.lmartins/.m2/repository/org/aspectj/aspectjrt/1.8.13/aspectjrt-1.8.13.jar:/home/leonardo.lmartins/.m2/repository/org/slf4j/jcl-over-slf4j/1.7.25/jcl-over-slf4j-1.7.25.jar:/home/leonardo.lmartins/.m2/repository/org/springframework/boot/spring-boot-test/1.5.22.RELEASE/spring-boot-test-1.5.22.RELEASE.jar:/home/leonardo.lmartins/.m2/repository/org/springframework/boot/spring-boot/1.5.22.RELEASE/spring-boot-1.5.22.RELEASE.jar:/home/leonardo.lmartins/.m2/repository/org/aspectj/aspectjweaver/1.9.7/aspectjweaver-1.9.7.jar:/home/leonardo.lmartins/.m2/repository/org/springframework/boot/spring-boot-starter-test/1.5.22.RELEASE/spring-boot-starter-test-1.5.22.RELEASE.jar:/home/leonardo.lmartins/.m2/repository/org/springframework/boot/spring-boot-test-autoconfigure/1.5.22.RELEASE/spring-boot-test-autoconfigure-1.5.22.RELEASE.jar:/home/leonardo.lmartins/.m2/repository/org/springframework/boot/spring-boot-autoconfigure/1.5.22.RELEASE/spring-boot-autoconfigure-1.5.22.RELEASE.jar:/home/leonardo.lmartins/.m2/repository/com/jayway/jsonpath/json-path/2.2.0/json-path-2.2.0.jar:/home/leonardo.lmartins/.m2/repository/net/minidev/json-smart/2.2.1/json-smart-2.2.1.jar:/home/leonardo.lmartins/.m2/repository/net/minidev/accessors-smart/1.1/accessors-smart-1.1.jar:/home/leonardo.lmartins/.m2/repository/org/ow2/asm/asm/5.0.3/asm-5.0.3.jar:/home/leonardo.lmartins/.m2/repository/org/mockito/mockito-core/1.10.19/mockito-core-1.10.19.jar:/home/leonardo.lmartins/.m2/repository/org/objenesis/objenesis/2.1/objenesis-2.1.jar:/home/leonardo.lmartins/.m2/repository/org/hamcrest/hamcrest-library/1.3/hamcrest-library-1.3.jar:/home/leonardo.lmartins/.m2/repository/org/skyscreamer/jsonassert/1.4.0/jsonassert-1.4.0.jar:/home/leonardo.lmartins/.m2/repository/com/vaadin/external/google/android-json/0.0.20131108.vaadin1/android-json-0.0.20131108.vaadin1.jar:/home/leonardo.lmartins/.m2/repository/org/springframework/spring-aspects/4.3.28.RELEASE/spring-aspects-4.3.28.RELEASE.jar:/home/leonardo.lmartins/.m2/repository/org/assertj/assertj-core/3.20.2/assertj-core-3.20.2.jar:/home/leonardo.lmartins/.m2/repository/org/springframework/cloud/spring-cloud-starter-openfeign/1.4.7.RELEASE/spring-cloud-starter-openfeign-1.4.7.RELEASE.jar:/home/leonardo.lmartins/.m2/repository/org/springframework/cloud/spring-cloud-starter/1.3.6.RELEASE/spring-cloud-starter-1.3.6.RELEASE.jar:/home/leonardo.lmartins/.m2/repository/org/springframework/boot/spring-boot-starter/1.5.21.RELEASE/spring-boot-starter-1.5.21.RELEASE.jar:/home/leonardo.lmartins/.m2/repository/org/springframework/boot/spring-boot-starter-logging/1.5.21.RELEASE/spring-boot-starter-logging-1.5.21.RELEASE.jar:/home/leonardo.lmartins/.m2/repository/org/slf4j/jul-to-slf4j/1.7.26/jul-to-slf4j-1.7.26.jar:/home/leonardo.lmartins/.m2/repository/org/yaml/snakeyaml/1.17/snakeyaml-1.17.jar:/home/leonardo.lmartins/.m2/repository/org/springframework/cloud/spring-cloud-context/1.3.6.RELEASE/spring-cloud-context-1.3.6.RELEASE.jar:/home/leonardo.lmartins/.m2/repository/org/springframework/security/spring-security-rsa/1.0.3.RELEASE/spring-security-rsa-1.0.3.RELEASE.jar:/home/leonardo.lmartins/.m2/repository/org/bouncycastle/bcpkix-jdk15on/1.55/bcpkix-jdk15on-1.55.jar:/home/leonardo.lmartins/.m2/repository/org/bouncycastle/bcprov-jdk15on/1.55/bcprov-jdk15on-1.55.jar:/home/leonardo.lmartins/.m2/repository/org/springframework/cloud/spring-cloud-netflix-core/1.4.7.RELEASE/spring-cloud-netflix-core-1.4.7.RELEASE.jar:/home/leonardo.lmartins/.m2/repository/org/springframework/spring-web/4.3.24.RELEASE/spring-web-4.3.24.RELEASE.jar:/home/leonardo.lmartins/.m2/repository/org/springframework/cloud/spring-cloud-commons/1.3.6.RELEASE/spring-cloud-commons-1.3.6.RELEASE.jar:/home/leonardo.lmartins/.m2/repository/org/springframework/security/spring-security-crypto/4.2.12.RELEASE/spring-security-crypto-4.2.12.RELEASE.jar:/home/leonardo.lmartins/.m2/repository/io/github/openfeign/feign-core/9.5.0/feign-core-9.5.0.jar:/home/leonardo.lmartins/.m2/repository/org/jvnet/animal-sniffer-annotation/1.0/animal-sniffer-annotation-1.0.jar:/home/leonardo.lmartins/.m2/repository/io/github/openfeign/feign-slf4j/9.5.0/feign-slf4j-9.5.0.jar:/home/leonardo.lmartins/.m2/repository/io/github/openfeign/feign-hystrix/9.5.0/feign-hystrix-9.5.0.jar:/home/leonardo.lmartins/.m2/repository/com/netflix/archaius/archaius-core/0.6.6/archaius-core-0.6.6.jar:/home/leonardo.lmartins/.m2/repository/com/google/code/findbugs/annotations/2.0.0/annotations-2.0.0.jar:/home/leonardo.lmartins/.m2/repository/com/netflix/hystrix/hystrix-core/1.4.26/hystrix-core-1.4.26.jar:/home/leonardo.lmartins/.m2/repository/io/reactivex/rxjava/1.1.1/rxjava-1.1.1.jar:/home/leonardo.lmartins/.m2/repository/org/springframework/cloud/spring-cloud-starter-netflix-archaius/1.4.7.RELEASE/spring-cloud-starter-netflix-archaius-1.4.7.RELEASE.jar:/home/leonardo.lmartins/.m2/repository/commons-configuration/commons-configuration/1.8/commons-configuration-1.8.jar:/home/leonardo.lmartins/.m2/repository/commons-lang/commons-lang/2.6/commons-lang-2.6.jar:/home/leonardo.lmartins/.m2/repository/com/google/guava/guava/18.0/guava-18.0.jar:/home/leonardo.lmartins/.m2/repository/io/github/openfeign/feign-gson/9.4.0/feign-gson-9.4.0.jar:/home/leonardo.lmartins/.m2/repository/com/google/code/gson/gson/2.5/gson-2.5.jar:/home/leonardo.lmartins/.m2/repository/org/springframework/spring-webmvc/4.3.28.RELEASE/spring-webmvc-4.3.28.RELEASE.jar:/home/leonardo.lmartins/.m2/repository/javax/annotation/javax.annotation-api/1.3.2/javax.annotation-api-1.3.2.jar:/home/leonardo.lmartins/.m2/repository/com/fasterxml/jackson/core/jackson-annotations/2.12.3/jackson-annotations-2.12.3.jar:"/>
    <property name="sun.cpu.endian" value="little"/>
    <property name="user.home" value="/home/leonardo.lmartins"/>
    <property name="user.language" value="pt"/>
    <property name="java.specification.vendor" value="Oracle Corporation"/>
    <property name="java.home" value="/usr/lib/jvm/java-8-openjdk-amd64/jre"/>
    <property name="basedir" value="/home/leonardo.lmartins/Documentos/projeto-final-MO409"/>
    <property name="file.separator" value="/"/>
    <property name="line.separator" value="&#10;"/>
    <property name="java.vm.specification.vendor" value="Oracle Corporation"/>
    <property name="java.specification.name" value="Java Platform API Specification"/>
    <property name="java.awt.graphicsenv" value="sun.awt.X11GraphicsEnvironment"/>
    <property name="surefire.real.class.path" value="/home/leonardo.lmartins/Documentos/projeto-final-MO409/target/surefire/surefirebooter-20240705175501336_3.jar"/>
    <property name="sun.boot.class.path" value="/usr/lib/jvm/java-8-openjdk-amd64/jre/lib/resources.jar:/usr/lib/jvm/java-8-openjdk-amd64/jre/lib/rt.jar:/usr/lib/jvm/java-8-openjdk-amd64/jre/lib/sunrsasign.jar:/usr/lib/jvm/java-8-openjdk-amd64/jre/lib/jsse.jar:/usr/lib/jvm/java-8-openjdk-amd64/jre/lib/jce.jar:/usr/lib/jvm/java-8-openjdk-amd64/jre/lib/charsets.jar:/usr/lib/jvm/java-8-openjdk-amd64/jre/lib/jfr.jar:/usr/lib/jvm/java-8-openjdk-amd64/jre/classes"/>
    <property name="sun.management.compiler" value="HotSpot 64-Bit Tiered Compilers"/>
    <property name="java.runtime.version" value="1.8.0_412-8u412-ga-1~22.04.1-b08"/>
    <property name="user.name" value="leonardo.lmartins"/>
    <property name="path.separator" value=":"/>
    <property name="os.version" value="5.15.0-112-generic"/>
    <property name="java.endorsed.dirs" value="/usr/lib/jvm/java-8-openjdk-amd64/jre/lib/endorsed"/>
    <property name="java.runtime.name" value="OpenJDK Runtime Environment"/>
    <property name="file.encoding" value="UTF-8"/>
    <property name="java.vm.name" value="OpenJDK 64-Bit Server VM"/>
    <property name="localRepository" value="/home/leonardo.lmartins/.m2/repository"/>
    <property name="java.vendor.url.bug" value="http://bugreport.sun.com/bugreport/"/>
    <property name="java.io.tmpdir" value="/tmp"/>
    <property name="java.version" value="1.8.0_412"/>
    <property name="user.dir" value="/home/leonardo.lmartins/Documentos/projeto-final-MO409"/>
    <property name="os.arch" value="amd64"/>
    <property name="java.vm.specification.name" value="Java Virtual Machine Specification"/>
    <property name="java.awt.printerjob" value="sun.print.PSPrinterJob"/>
    <property name="sun.os.patch.level" value="unknown"/>
    <property name="jboss.i18n.generate-proxies" value="true"/>
    <property name="java.library.path" value="/usr/java/packages/lib/amd64:/usr/lib/x86_64-linux-gnu/jni:/lib/x86_64-linux-gnu:/usr/lib/x86_64-linux-gnu:/usr/lib/jni:/lib:/usr/lib"/>
    <property name="java.vm.info" value="mixed mode"/>
    <property name="java.vendor" value="Private Build"/>
    <property name="java.vm.version" value="25.412-b08"/>
    <property name="java.specification.maintenance.version" value="5"/>
    <property name="java.ext.dirs" value="/usr/lib/jvm/java-8-openjdk-amd64/jre/lib/ext:/usr/java/packages/lib/ext"/>
    <property name="sun.io.unicode.encoding" value="UnicodeLittle"/>
    <property name="java.class.version" value="52.0"/>
  </properties>
  <testcase name="testGetTimeStampFromNameddslashMMslashyyyy_HHmm" classname="org.isf.utils.file.TestFileTools" time="0.0"/>
  <testcase name="testGetTimestampFromNameyyyyMMdd" classname="org.isf.utils.file.TestFileTools" time="0.0"/>
  <testcase name="testGetTimeStampNoThere" classname="org.isf.utils.file.TestFileTools" time="0.0"/>
  <testcase name="testHumanReadableByteCountParse" classname="org.isf.utils.file.TestFileTools" time="0.0"/>
  <testcase name="testGetTimeStampFromNameddslashMMslashyyyy" classname="org.isf.utils.file.TestFileTools" time="0.0"/>
  <testcase name="testGetTimestampFromNameyyyydashMMdashdd_HHmmss" classname="org.isf.utils.file.TestFileTools" time="0.0"/>
  <testcase name="testGetTimestampFromNameyyyydashMMdashdd" classname="org.isf.utils.file.TestFileTools" time="0.0"/>
  <testcase name="testGetTimeStampFromNamedddashMMdashyy" classname="org.isf.utils.file.TestFileTools" time="0.001"/>
  <testcase name="testGetTimeStampFromNamedddashMMdashyyyy" classname="org.isf.utils.file.TestFileTools" time="0.001"/>
  <testcase name="testGetTimestampFromNameyyyydashMMdashddblanlHHmmss" classname="org.isf.utils.file.TestFileTools" time="0.0"/>
  <testcase name="testHumanReadableByteCount" classname="org.isf.utils.file.TestFileTools" time="0.001"/>
  <testcase name="testGetTimestampFromNameyyyyMMdd_HHmm" classname="org.isf.utils.file.TestFileTools" time="0.001"/>
  <testcase name="testGetTimestampFromNameyyyyMMdd_HHmmss" classname="org.isf.utils.file.TestFileTools" time="0.0"/>
  <testcase name="testGetTimeStampFromNameddslashMMslashyyblankHHmm" classname="org.isf.utils.file.TestFileTools" time="0.001"/>
  <testcase name="testGetTimestampFromNameyyyydashMMdashdd_HHmm" classname="org.isf.utils.file.TestFileTools" time="0.0"/>
  <testcase name="testGetTimestampFromNameyyyyMMddblankHHmm" classname="org.isf.utils.file.TestFileTools" time="0.001"/>
  <testcase name="testGetTimeStampFromNameddslashMMslashyy_HHmm" classname="org.isf.utils.file.TestFileTools" time="0.001"/>
  <testcase name="testGetTimeStampFromNamedddashMMdashyyblankHHmm" classname="org.isf.utils.file.TestFileTools" time="0.0"/>
  <testcase name="testGetTimeStampFromNamedddashMMdashyyyy_HHmm" classname="org.isf.utils.file.TestFileTools" time="0.001"/>
  <testcase name="testGetTimestampFromNameyyyydashMMdashddblankHHmm" classname="org.isf.utils.file.TestFileTools" time="0.0"/>
  <testcase name="testGetTimeStampFromNamedddashMMdashyy_HHmm" classname="org.isf.utils.file.TestFileTools" time="0.001"/>
  <testcase name="testGetTimeStampFromNameddslashMMslashyyyyblankHHmm" classname="org.isf.utils.file.TestFileTools" time="0.001"/>
  <testcase name="testGetTimeStampFromNameddslashMMslashyy" classname="org.isf.utils.file.TestFileTools" time="0.001"/>
  <testcase name="testGetTimeStampFromNamedddashMMdashyyyyblankHHmm" classname="org.isf.utils.file.TestFileTools" time="0.001"/>
  <testcase name="testGetTimestampFromNameyyyyMMddblanlHHmmss" classname="org.isf.utils.file.TestFileTools" time="0.0"/>
</testsuite>