<?xml version="1.0" encoding="UTF-8"?>
<testsuite xmlns:xsi="http://www.w3.org/2001/XMLSchema-instance" xsi:noNamespaceSchemaLocation="https://maven.apache.org/surefire/maven-surefire-plugin/xsd/surefire-test-report-3.0.xsd" version="3.0" name="org.isf.medicalstock.test.Tests" time="12.169" tests="560" errors="0" skipped="0" failures="0">
  <properties>
    <property name="sun.desktop" value="gnome"/>
    <property name="awt.toolkit" value="sun.awt.X11.XToolkit"/>
    <property name="file.encoding.pkg" value="sun.io"/>
    <property name="java.specification.version" value="1.8"/>
    <property name="sun.cpu.isalist" value=""/>
    <property name="sun.jnu.encoding" value="UTF-8"/>
    <property name="java.class.path" value="/home/leonardo.lmartins/Documentos/openhospital-core-1.11.5/target/test-classes:/home/leonardo.lmartins/Documentos/openhospital-core-1.11.5/target/classes:/home/leonardo.lmartins/.m2/repository/com/drewnoakes/metadata-extractor/2.10.0/metadata-extractor-2.10.0.jar:/home/leonardo.lmartins/.m2/repository/com/adobe/xmp/xmpcore/5.1.3/xmpcore-5.1.3.jar:/home/leonardo.lmartins/.m2/repository/com/googlecode/gstreamer-java/gstreamer-java/1.4/gstreamer-java-1.4.jar:/home/leonardo.lmartins/.m2/repository/net/java/dev/jna/jna/3.2.2/jna-3.2.2.jar:/home/leonardo.lmartins/.m2/repository/org/apache/httpcomponents/httpclient/4.5.13/httpclient-4.5.13.jar:/home/leonardo.lmartins/.m2/repository/commons-logging/commons-logging/1.2/commons-logging-1.2.jar:/home/leonardo.lmartins/.m2/repository/commons-codec/commons-codec/1.11/commons-codec-1.11.jar:/home/leonardo.lmartins/.m2/repository/org/apache/httpcomponents/httpcore/4.4.14/httpcore-4.4.14.jar:/home/leonardo.lmartins/.m2/repository/net/sf/jasperreports/jasperreports/6.17.0/jasperreports-6.17.0.jar:/home/leonardo.lmartins/.m2/repository/commons-beanutils/commons-beanutils/1.9.4/commons-beanutils-1.9.4.jar:/home/leonardo.lmartins/.m2/repository/commons-collections/commons-collections/3.2.2/commons-collections-3.2.2.jar:/home/leonardo.lmartins/.m2/repository/commons-digester/commons-digester/2.1/commons-digester-2.1.jar:/home/leonardo.lmartins/.m2/repository/org/apache/commons/commons-collections4/4.2/commons-collections4-4.2.jar:/home/leonardo.lmartins/.m2/repository/org/jfree/jcommon/1.0.23/jcommon-1.0.23.jar:/home/leonardo.lmartins/.m2/repository/org/jfree/jfreechart/1.0.19/jfreechart-1.0.19.jar:/home/leonardo.lmartins/.m2/repository/org/eclipse/jdt/ecj/3.21.0/ecj-3.21.0.jar:/home/leonardo.lmartins/.m2/repository/org/codehaus/castor/castor-xml/1.4.1/castor-xml-1.4.1.jar:/home/leonardo.lmartins/.m2/repository/org/codehaus/castor/castor-core/1.4.1/castor-core-1.4.1.jar:/home/leonardo.lmartins/.m2/repository/org/apache/commons/commons-lang3/3.4/commons-lang3-3.4.jar:/home/leonardo.lmartins/.m2/repository/javax/inject/javax.inject/1/javax.inject-1.jar:/home/leonardo.lmartins/.m2/repository/com/fasterxml/jackson/core/jackson-core/2.12.2/jackson-core-2.12.2.jar:/home/leonardo.lmartins/.m2/repository/com/fasterxml/jackson/core/jackson-databind/2.12.2/jackson-databind-2.12.2.jar:/home/leonardo.lmartins/.m2/repository/com/lowagie/itext/2.1.7/itext-2.1.7.jar:/home/leonardo.lmartins/.m2/repository/bouncycastle/bcmail-jdk14/138/bcmail-jdk14-138.jar:/home/leonardo.lmartins/.m2/repository/bouncycastle/bcprov-jdk14/138/bcprov-jdk14-138.jar:/home/leonardo.lmartins/.m2/repository/org/bouncycastle/bctsp-jdk14/1.38/bctsp-jdk14-1.38.jar:/home/leonardo.lmartins/.m2/repository/org/bouncycastle/bcprov-jdk14/1.38/bcprov-jdk14-1.38.jar:/home/leonardo.lmartins/.m2/repository/org/bouncycastle/bcmail-jdk14/1.38/bcmail-jdk14-1.38.jar:/home/leonardo.lmartins/.m2/repository/joda-time/joda-time/2.10.10/joda-time-2.10.10.jar:/home/leonardo.lmartins/.m2/repository/junit/junit/4.13.2/junit-4.13.2.jar:/home/leonardo.lmartins/.m2/repository/org/hamcrest/hamcrest-core/1.3/hamcrest-core-1.3.jar:/home/leonardo.lmartins/.m2/repository/com/h2database/h2/1.4.200/h2-1.4.200.jar:/home/leonardo.lmartins/.m2/repository/com/sun/clibwrapper_jiio/1.1/clibwrapper_jiio-1.1.jar:/home/leonardo.lmartins/.m2/repository/com/sun/media/jai_imageio/1.1/jai_imageio-1.1.jar:/home/leonardo.lmartins/.m2/repository/javax/media/jai-core/1.1.3/jai-core-1.1.3.jar:/home/leonardo.lmartins/.m2/repository/mysql/mysql-connector-java/5.1.14/mysql-connector-java-5.1.14.jar:/home/leonardo.lmartins/.m2/repository/org/rxtx/rxtx/2.1.7/rxtx-2.1.7.jar:/home/leonardo.lmartins/.m2/repository/javax/xml/bind/jaxb-api/2.3.1/jaxb-api-2.3.1.jar:/home/leonardo.lmartins/.m2/repository/javax/activation/javax.activation-api/1.2.0/javax.activation-api-1.2.0.jar:/home/leonardo.lmartins/.m2/repository/com/sun/xml/bind/jaxb-core/2.3.0.1/jaxb-core-2.3.0.1.jar:/home/leonardo.lmartins/.m2/repository/com/sun/xml/bind/jaxb-impl/3.0.1/jaxb-impl-3.0.1.jar:/home/leonardo.lmartins/.m2/repository/javax/activation/activation/1.1.1/activation-1.1.1.jar:/home/leonardo.lmartins/.m2/repository/dcm4che/dcm4che-core/2.0.26/dcm4che-core-2.0.26.jar:/home/leonardo.lmartins/.m2/repository/dcm4che/dcm4che-image/2.0.26/dcm4che-image-2.0.26.jar:/home/leonardo.lmartins/.m2/repository/dcm4che/dcm4che-imageio/2.0.26/dcm4che-imageio-2.0.26.jar:/home/leonardo.lmartins/.m2/repository/org/apache/poi/poi/4.1.2/poi-4.1.2.jar:/home/leonardo.lmartins/.m2/repository/org/apache/commons/commons-math3/3.6.1/commons-math3-3.6.1.jar:/home/leonardo.lmartins/.m2/repository/com/zaxxer/SparseBitSet/1.2/SparseBitSet-1.2.jar:/home/leonardo.lmartins/.m2/repository/org/apache/poi/poi-ooxml/4.1.2/poi-ooxml-4.1.2.jar:/home/leonardo.lmartins/.m2/repository/org/apache/poi/poi-ooxml-schemas/4.1.2/poi-ooxml-schemas-4.1.2.jar:/home/leonardo.lmartins/.m2/repository/org/apache/xmlbeans/xmlbeans/3.1.0/xmlbeans-3.1.0.jar:/home/leonardo.lmartins/.m2/repository/org/apache/commons/commons-compress/1.19/commons-compress-1.19.jar:/home/leonardo.lmartins/.m2/repository/com/github/virtuald/curvesapi/1.06/curvesapi-1.06.jar:/home/leonardo.lmartins/.m2/repository/org/slf4j/slf4j-api/1.7.31/slf4j-api-1.7.31.jar:/home/leonardo.lmartins/.m2/repository/org/slf4j/slf4j-log4j12/1.7.31/slf4j-log4j12-1.7.31.jar:/home/leonardo.lmartins/.m2/repository/log4j/log4j/1.2.17/log4j-1.2.17.jar:/home/leonardo.lmartins/.m2/repository/org/igniterealtime/smack/smack/3.2.1/smack-3.2.1.jar:/home/leonardo.lmartins/.m2/repository/org/igniterealtime/smack/smackx/3.4.1/smackx-3.4.1.jar:/home/leonardo.lmartins/.m2/repository/org/hibernate/hibernate-core/4.2.13.Final/hibernate-core-4.2.13.Final.jar:/home/leonardo.lmartins/.m2/repository/antlr/antlr/2.7.7/antlr-2.7.7.jar:/home/leonardo.lmartins/.m2/repository/org/jboss/logging/jboss-logging/3.1.0.GA/jboss-logging-3.1.0.GA.jar:/home/leonardo.lmartins/.m2/repository/dom4j/dom4j/1.6.1/dom4j-1.6.1.jar:/home/leonardo.lmartins/.m2/repository/org/javassist/javassist/3.18.1-GA/javassist-3.18.1-GA.jar:/home/leonardo.lmartins/.m2/repository/org/jboss/spec/javax/transaction/jboss-transaction-api_1.1_spec/1.0.1.Final/jboss-transaction-api_1.1_spec-1.0.1.Final.jar:/home/leonardo.lmartins/.m2/repository/org/hibernate/common/hibernate-commons-annotations/4.0.2.Final/hibernate-commons-annotations-4.0.2.Final.jar:/home/leonardo.lmartins/.m2/repository/org/hibernate/javax/persistence/hibernate-jpa-2.0-api/1.0.1.Final/hibernate-jpa-2.0-api-1.0.1.Final.jar:/home/leonardo.lmartins/.m2/repository/org/hibernate/validator/hibernate-validator/6.1.6.Final/hibernate-validator-6.1.6.Final.jar:/home/leonardo.lmartins/.m2/repository/jakarta/validation/jakarta.validation-api/2.0.2/jakarta.validation-api-2.0.2.jar:/home/leonardo.lmartins/.m2/repository/com/fasterxml/classmate/1.3.4/classmate-1.3.4.jar:/home/leonardo.lmartins/.m2/repository/org/hibernate/hibernate-entitymanager/4.2.5.Final/hibernate-entitymanager-4.2.5.Final.jar:/home/leonardo.lmartins/.m2/repository/org/hibernate/hibernate-c3p0/4.2.13.Final/hibernate-c3p0-4.2.13.Final.jar:/home/leonardo.lmartins/.m2/repository/com/mchange/c3p0/0.9.2.1/c3p0-0.9.2.1.jar:/home/leonardo.lmartins/.m2/repository/com/mchange/mchange-commons-java/0.2.3.4/mchange-commons-java-0.2.3.4.jar:/home/leonardo.lmartins/.m2/repository/org/imgscalr/imgscalr-lib/4.2/imgscalr-lib-4.2.jar:/home/leonardo.lmartins/.m2/repository/org/springframework/spring-orm/4.3.28.RELEASE/spring-orm-4.3.28.RELEASE.jar:/home/leonardo.lmartins/.m2/repository/org/springframework/spring-jdbc/4.3.28.RELEASE/spring-jdbc-4.3.28.RELEASE.jar:/home/leonardo.lmartins/.m2/repository/org/springframework/spring-beans/4.3.28.RELEASE/spring-beans-4.3.28.RELEASE.jar:/home/leonardo.lmartins/.m2/repository/org/springframework/spring-context/4.3.28.RELEASE/spring-context-4.3.28.RELEASE.jar:/home/leonardo.lmartins/.m2/repository/org/springframework/spring-aop/4.3.28.RELEASE/spring-aop-4.3.28.RELEASE.jar:/home/leonardo.lmartins/.m2/repository/org/springframework/spring-expression/4.3.28.RELEASE/spring-expression-4.3.28.RELEASE.jar:/home/leonardo.lmartins/.m2/repository/org/springframework/spring-core/4.3.28.RELEASE/spring-core-4.3.28.RELEASE.jar:/home/leonardo.lmartins/.m2/repository/org/springframework/spring-test/4.3.28.RELEASE/spring-test-4.3.28.RELEASE.jar:/home/leonardo.lmartins/.m2/repository/org/springframework/spring-tx/4.3.28.RELEASE/spring-tx-4.3.28.RELEASE.jar:/home/leonardo.lmartins/.m2/repository/org/springframework/data/spring-data-jpa/1.11.23.RELEASE/spring-data-jpa-1.11.23.RELEASE.jar:/home/leonardo.lmartins/.m2/repository/org/springframework/data/spring-data-commons/1.13.23.RELEASE/spring-data-commons-1.13.23.RELEASE.jar:/home/leonardo.lmartins/.m2/repository/org/aspectj/aspectjrt/1.8.13/aspectjrt-1.8.13.jar:/home/leonardo.lmartins/.m2/repository/org/slf4j/jcl-over-slf4j/1.7.25/jcl-over-slf4j-1.7.25.jar:/home/leonardo.lmartins/.m2/repository/org/springframework/boot/spring-boot-test/1.5.22.RELEASE/spring-boot-test-1.5.22.RELEASE.jar:/home/leonardo.lmartins/.m2/repository/org/springframework/boot/spring-boot/1.5.22.RELEASE/spring-boot-1.5.22.RELEASE.jar:/home/leonardo.lmartins/.m2/repository/org/aspectj/aspectjweaver/1.9.7/aspectjweaver-1.9.7.jar:/home/leonardo.lmartins/.m2/repository/org/springframework/boot/spring-boot-starter-test/1.5.22.RELEASE/spring-boot-starter-test-1.5.22.RELEASE.jar:/home/leonardo.lmartins/.m2/repository/org/springframework/boot/spring-boot-test-autoconfigure/1.5.22.RELEASE/spring-boot-test-autoconfigure-1.5.22.RELEASE.jar:/home/leonardo.lmartins/.m2/repository/org/springframework/boot/spring-boot-autoconfigure/1.5.22.RELEASE/spring-boot-autoconfigure-1.5.22.RELEASE.jar:/home/leonardo.lmartins/.m2/repository/com/jayway/jsonpath/json-path/2.2.0/json-path-2.2.0.jar:/home/leonardo.lmartins/.m2/repository/net/minidev/json-smart/2.2.1/json-smart-2.2.1.jar:/home/leonardo.lmartins/.m2/repository/net/minidev/accessors-smart/1.1/accessors-smart-1.1.jar:/home/leonardo.lmartins/.m2/repository/org/ow2/asm/asm/5.0.3/asm-5.0.3.jar:/home/leonardo.lmartins/.m2/repository/org/mockito/mockito-core/1.10.19/mockito-core-1.10.19.jar:/home/leonardo.lmartins/.m2/repository/org/objenesis/objenesis/2.1/objenesis-2.1.jar:/home/leonardo.lmartins/.m2/repository/org/hamcrest/hamcrest-library/1.3/hamcrest-library-1.3.jar:/home/leonardo.lmartins/.m2/repository/org/skyscreamer/jsonassert/1.4.0/jsonassert-1.4.0.jar:/home/leonardo.lmartins/.m2/repository/com/vaadin/external/google/android-json/0.0.20131108.vaadin1/android-json-0.0.20131108.vaadin1.jar:/home/leonardo.lmartins/.m2/repository/org/springframework/spring-aspects/4.3.28.RELEASE/spring-aspects-4.3.28.RELEASE.jar:/home/leonardo.lmartins/.m2/repository/org/assertj/assertj-core/3.20.2/assertj-core-3.20.2.jar:/home/leonardo.lmartins/.m2/repository/org/springframework/cloud/spring-cloud-starter-openfeign/1.4.7.RELEASE/spring-cloud-starter-openfeign-1.4.7.RELEASE.jar:/home/leonardo.lmartins/.m2/repository/org/springframework/cloud/spring-cloud-starter/1.3.6.RELEASE/spring-cloud-starter-1.3.6.RELEASE.jar:/home/leonardo.lmartins/.m2/repository/org/springframework/boot/spring-boot-starter/1.5.21.RELEASE/spring-boot-starter-1.5.21.RELEASE.jar:/home/leonardo.lmartins/.m2/repository/org/springframework/boot/spring-boot-starter-logging/1.5.21.RELEASE/spring-boot-starter-logging-1.5.21.RELEASE.jar:/home/leonardo.lmartins/.m2/repository/org/slf4j/jul-to-slf4j/1.7.26/jul-to-slf4j-1.7.26.jar:/home/leonardo.lmartins/.m2/repository/org/yaml/snakeyaml/1.17/snakeyaml-1.17.jar:/home/leonardo.lmartins/.m2/repository/org/springframework/cloud/spring-cloud-context/1.3.6.RELEASE/spring-cloud-context-1.3.6.RELEASE.jar:/home/leonardo.lmartins/.m2/repository/org/springframework/security/spring-security-rsa/1.0.3.RELEASE/spring-security-rsa-1.0.3.RELEASE.jar:/home/leonardo.lmartins/.m2/repository/org/bouncycastle/bcpkix-jdk15on/1.55/bcpkix-jdk15on-1.55.jar:/home/leonardo.lmartins/.m2/repository/org/bouncycastle/bcprov-jdk15on/1.55/bcprov-jdk15on-1.55.jar:/home/leonardo.lmartins/.m2/repository/org/springframework/cloud/spring-cloud-netflix-core/1.4.7.RELEASE/spring-cloud-netflix-core-1.4.7.RELEASE.jar:/home/leonardo.lmartins/.m2/repository/org/springframework/spring-web/4.3.24.RELEASE/spring-web-4.3.24.RELEASE.jar:/home/leonardo.lmartins/.m2/repository/org/springframework/cloud/spring-cloud-commons/1.3.6.RELEASE/spring-cloud-commons-1.3.6.RELEASE.jar:/home/leonardo.lmartins/.m2/repository/org/springframework/security/spring-security-crypto/4.2.12.RELEASE/spring-security-crypto-4.2.12.RELEASE.jar:/home/leonardo.lmartins/.m2/repository/io/github/openfeign/feign-core/9.5.0/feign-core-9.5.0.jar:/home/leonardo.lmartins/.m2/repository/org/jvnet/animal-sniffer-annotation/1.0/animal-sniffer-annotation-1.0.jar:/home/leonardo.lmartins/.m2/repository/io/github/openfeign/feign-slf4j/9.5.0/feign-slf4j-9.5.0.jar:/home/leonardo.lmartins/.m2/repository/io/github/openfeign/feign-hystrix/9.5.0/feign-hystrix-9.5.0.jar:/home/leonardo.lmartins/.m2/repository/com/netflix/archaius/archaius-core/0.6.6/archaius-core-0.6.6.jar:/home/leonardo.lmartins/.m2/repository/com/google/code/findbugs/annotations/2.0.0/annotations-2.0.0.jar:/home/leonardo.lmartins/.m2/repository/com/netflix/hystrix/hystrix-core/1.4.26/hystrix-core-1.4.26.jar:/home/leonardo.lmartins/.m2/repository/io/reactivex/rxjava/1.1.1/rxjava-1.1.1.jar:/home/leonardo.lmartins/.m2/repository/org/springframework/cloud/spring-cloud-starter-netflix-archaius/1.4.7.RELEASE/spring-cloud-starter-netflix-archaius-1.4.7.RELEASE.jar:/home/leonardo.lmartins/.m2/repository/commons-configuration/commons-configuration/1.8/commons-configuration-1.8.jar:/home/leonardo.lmartins/.m2/repository/commons-lang/commons-lang/2.6/commons-lang-2.6.jar:/home/leonardo.lmartins/.m2/repository/com/google/guava/guava/18.0/guava-18.0.jar:/home/leonardo.lmartins/.m2/repository/io/github/openfeign/feign-gson/9.4.0/feign-gson-9.4.0.jar:/home/leonardo.lmartins/.m2/repository/com/google/code/gson/gson/2.5/gson-2.5.jar:/home/leonardo.lmartins/.m2/repository/org/springframework/spring-webmvc/4.3.28.RELEASE/spring-webmvc-4.3.28.RELEASE.jar:/home/leonardo.lmartins/.m2/repository/javax/annotation/javax.annotation-api/1.3.2/javax.annotation-api-1.3.2.jar:/home/leonardo.lmartins/.m2/repository/com/fasterxml/jackson/core/jackson-annotations/2.12.3/jackson-annotations-2.12.3.jar:"/>
    <property name="java.vm.vendor" value="Private Build"/>
    <property name="sun.arch.data.model" value="64"/>
    <property name="sun.font.fontmanager" value="sun.awt.X11FontManager"/>
    <property name="java.vendor.url" value="http://java.oracle.com/"/>
    <property name="user.timezone" value="America/Sao_Paulo"/>
    <property name="java.vm.specification.version" value="1.8"/>
    <property name="os.name" value="Linux"/>
    <property name="user.country" value="BR"/>
    <property name="sun.java.launcher" value="SUN_STANDARD"/>
    <property name="sun.boot.library.path" value="/usr/lib/jvm/java-8-openjdk-amd64/jre/lib/amd64"/>
    <property name="sun.java.command" value="/home/leonardo.lmartins/Documentos/openhospital-core-1.11.5/target/surefire/surefirebooter-20240705134316632_3.jar /home/leonardo.lmartins/Documentos/openhospital-core-1.11.5/target/surefire 2024-07-05T13-43-16_563-jvmRun1 surefire-20240705134316632_1tmp surefire_0-20240705134316632_2tmp"/>
    <property name="surefire.test.class.path" value="/home/leonardo.lmartins/Documentos/openhospital-core-1.11.5/target/test-classes:/home/leonardo.lmartins/Documentos/openhospital-core-1.11.5/target/classes:/home/leonardo.lmartins/.m2/repository/com/drewnoakes/metadata-extractor/2.10.0/metadata-extractor-2.10.0.jar:/home/leonardo.lmartins/.m2/repository/com/adobe/xmp/xmpcore/5.1.3/xmpcore-5.1.3.jar:/home/leonardo.lmartins/.m2/repository/com/googlecode/gstreamer-java/gstreamer-java/1.4/gstreamer-java-1.4.jar:/home/leonardo.lmartins/.m2/repository/net/java/dev/jna/jna/3.2.2/jna-3.2.2.jar:/home/leonardo.lmartins/.m2/repository/org/apache/httpcomponents/httpclient/4.5.13/httpclient-4.5.13.jar:/home/leonardo.lmartins/.m2/repository/commons-logging/commons-logging/1.2/commons-logging-1.2.jar:/home/leonardo.lmartins/.m2/repository/commons-codec/commons-codec/1.11/commons-codec-1.11.jar:/home/leonardo.lmartins/.m2/repository/org/apache/httpcomponents/httpcore/4.4.14/httpcore-4.4.14.jar:/home/leonardo.lmartins/.m2/repository/net/sf/jasperreports/jasperreports/6.17.0/jasperreports-6.17.0.jar:/home/leonardo.lmartins/.m2/repository/commons-beanutils/commons-beanutils/1.9.4/commons-beanutils-1.9.4.jar:/home/leonardo.lmartins/.m2/repository/commons-collections/commons-collections/3.2.2/commons-collections-3.2.2.jar:/home/leonardo.lmartins/.m2/repository/commons-digester/commons-digester/2.1/commons-digester-2.1.jar:/home/leonardo.lmartins/.m2/repository/org/apache/commons/commons-collections4/4.2/commons-collections4-4.2.jar:/home/leonardo.lmartins/.m2/repository/org/jfree/jcommon/1.0.23/jcommon-1.0.23.jar:/home/leonardo.lmartins/.m2/repository/org/jfree/jfreechart/1.0.19/jfreechart-1.0.19.jar:/home/leonardo.lmartins/.m2/repository/org/eclipse/jdt/ecj/3.21.0/ecj-3.21.0.jar:/home/leonardo.lmartins/.m2/repository/org/codehaus/castor/castor-xml/1.4.1/castor-xml-1.4.1.jar:/home/leonardo.lmartins/.m2/repository/org/codehaus/castor/castor-core/1.4.1/castor-core-1.4.1.jar:/home/leonardo.lmartins/.m2/repository/org/apache/commons/commons-lang3/3.4/commons-lang3-3.4.jar:/home/leonardo.lmartins/.m2/repository/javax/inject/javax.inject/1/javax.inject-1.jar:/home/leonardo.lmartins/.m2/repository/com/fasterxml/jackson/core/jackson-core/2.12.2/jackson-core-2.12.2.jar:/home/leonardo.lmartins/.m2/repository/com/fasterxml/jackson/core/jackson-databind/2.12.2/jackson-databind-2.12.2.jar:/home/leonardo.lmartins/.m2/repository/com/lowagie/itext/2.1.7/itext-2.1.7.jar:/home/leonardo.lmartins/.m2/repository/bouncycastle/bcmail-jdk14/138/bcmail-jdk14-138.jar:/home/leonardo.lmartins/.m2/repository/bouncycastle/bcprov-jdk14/138/bcprov-jdk14-138.jar:/home/leonardo.lmartins/.m2/repository/org/bouncycastle/bctsp-jdk14/1.38/bctsp-jdk14-1.38.jar:/home/leonardo.lmartins/.m2/repository/org/bouncycastle/bcprov-jdk14/1.38/bcprov-jdk14-1.38.jar:/home/leonardo.lmartins/.m2/repository/org/bouncycastle/bcmail-jdk14/1.38/bcmail-jdk14-1.38.jar:/home/leonardo.lmartins/.m2/repository/joda-time/joda-time/2.10.10/joda-time-2.10.10.jar:/home/leonardo.lmartins/.m2/repository/junit/junit/4.13.2/junit-4.13.2.jar:/home/leonardo.lmartins/.m2/repository/org/hamcrest/hamcrest-core/1.3/hamcrest-core-1.3.jar:/home/leonardo.lmartins/.m2/repository/com/h2database/h2/1.4.200/h2-1.4.200.jar:/home/leonardo.lmartins/.m2/repository/com/sun/clibwrapper_jiio/1.1/clibwrapper_jiio-1.1.jar:/home/leonardo.lmartins/.m2/repository/com/sun/media/jai_imageio/1.1/jai_imageio-1.1.jar:/home/leonardo.lmartins/.m2/repository/javax/media/jai-core/1.1.3/jai-core-1.1.3.jar:/home/leonardo.lmartins/.m2/repository/mysql/mysql-connector-java/5.1.14/mysql-connector-java-5.1.14.jar:/home/leonardo.lmartins/.m2/repository/org/rxtx/rxtx/2.1.7/rxtx-2.1.7.jar:/home/leonardo.lmartins/.m2/repository/javax/xml/bind/jaxb-api/2.3.1/jaxb-api-2.3.1.jar:/home/leonardo.lmartins/.m2/repository/javax/activation/javax.activation-api/1.2.0/javax.activation-api-1.2.0.jar:/home/leonardo.lmartins/.m2/repository/com/sun/xml/bind/jaxb-core/2.3.0.1/jaxb-core-2.3.0.1.jar:/home/leonardo.lmartins/.m2/repository/com/sun/xml/bind/jaxb-impl/3.0.1/jaxb-impl-3.0.1.jar:/home/leonardo.lmartins/.m2/repository/javax/activation/activation/1.1.1/activation-1.1.1.jar:/home/leonardo.lmartins/.m2/repository/dcm4che/dcm4che-core/2.0.26/dcm4che-core-2.0.26.jar:/home/leonardo.lmartins/.m2/repository/dcm4che/dcm4che-image/2.0.26/dcm4che-image-2.0.26.jar:/home/leonardo.lmartins/.m2/repository/dcm4che/dcm4che-imageio/2.0.26/dcm4che-imageio-2.0.26.jar:/home/leonardo.lmartins/.m2/repository/org/apache/poi/poi/4.1.2/poi-4.1.2.jar:/home/leonardo.lmartins/.m2/repository/org/apache/commons/commons-math3/3.6.1/commons-math3-3.6.1.jar:/home/leonardo.lmartins/.m2/repository/com/zaxxer/SparseBitSet/1.2/SparseBitSet-1.2.jar:/home/leonardo.lmartins/.m2/repository/org/apache/poi/poi-ooxml/4.1.2/poi-ooxml-4.1.2.jar:/home/leonardo.lmartins/.m2/repository/org/apache/poi/poi-ooxml-schemas/4.1.2/poi-ooxml-schemas-4.1.2.jar:/home/leonardo.lmartins/.m2/repository/org/apache/xmlbeans/xmlbeans/3.1.0/xmlbeans-3.1.0.jar:/home/leonardo.lmartins/.m2/repository/org/apache/commons/commons-compress/1.19/commons-compress-1.19.jar:/home/leonardo.lmartins/.m2/repository/com/github/virtuald/curvesapi/1.06/curvesapi-1.06.jar:/home/leonardo.lmartins/.m2/repository/org/slf4j/slf4j-api/1.7.31/slf4j-api-1.7.31.jar:/home/leonardo.lmartins/.m2/repository/org/slf4j/slf4j-log4j12/1.7.31/slf4j-log4j12-1.7.31.jar:/home/leonardo.lmartins/.m2/repository/log4j/log4j/1.2.17/log4j-1.2.17.jar:/home/leonardo.lmartins/.m2/repository/org/igniterealtime/smack/smack/3.2.1/smack-3.2.1.jar:/home/leonardo.lmartins/.m2/repository/org/igniterealtime/smack/smackx/3.4.1/smackx-3.4.1.jar:/home/leonardo.lmartins/.m2/repository/org/hibernate/hibernate-core/4.2.13.Final/hibernate-core-4.2.13.Final.jar:/home/leonardo.lmartins/.m2/repository/antlr/antlr/2.7.7/antlr-2.7.7.jar:/home/leonardo.lmartins/.m2/repository/org/jboss/logging/jboss-logging/3.1.0.GA/jboss-logging-3.1.0.GA.jar:/home/leonardo.lmartins/.m2/repository/dom4j/dom4j/1.6.1/dom4j-1.6.1.jar:/home/leonardo.lmartins/.m2/repository/org/javassist/javassist/3.18.1-GA/javassist-3.18.1-GA.jar:/home/leonardo.lmartins/.m2/repository/org/jboss/spec/javax/transaction/jboss-transaction-api_1.1_spec/1.0.1.Final/jboss-transaction-api_1.1_spec-1.0.1.Final.jar:/home/leonardo.lmartins/.m2/repository/org/hibernate/common/hibernate-commons-annotations/4.0.2.Final/hibernate-commons-annotations-4.0.2.Final.jar:/home/leonardo.lmartins/.m2/repository/org/hibernate/javax/persistence/hibernate-jpa-2.0-api/1.0.1.Final/hibernate-jpa-2.0-api-1.0.1.Final.jar:/home/leonardo.lmartins/.m2/repository/org/hibernate/validator/hibernate-validator/6.1.6.Final/hibernate-validator-6.1.6.Final.jar:/home/leonardo.lmartins/.m2/repository/jakarta/validation/jakarta.validation-api/2.0.2/jakarta.validation-api-2.0.2.jar:/home/leonardo.lmartins/.m2/repository/com/fasterxml/classmate/1.3.4/classmate-1.3.4.jar:/home/leonardo.lmartins/.m2/repository/org/hibernate/hibernate-entitymanager/4.2.5.Final/hibernate-entitymanager-4.2.5.Final.jar:/home/leonardo.lmartins/.m2/repository/org/hibernate/hibernate-c3p0/4.2.13.Final/hibernate-c3p0-4.2.13.Final.jar:/home/leonardo.lmartins/.m2/repository/com/mchange/c3p0/0.9.2.1/c3p0-0.9.2.1.jar:/home/leonardo.lmartins/.m2/repository/com/mchange/mchange-commons-java/0.2.3.4/mchange-commons-java-0.2.3.4.jar:/home/leonardo.lmartins/.m2/repository/org/imgscalr/imgscalr-lib/4.2/imgscalr-lib-4.2.jar:/home/leonardo.lmartins/.m2/repository/org/springframework/spring-orm/4.3.28.RELEASE/spring-orm-4.3.28.RELEASE.jar:/home/leonardo.lmartins/.m2/repository/org/springframework/spring-jdbc/4.3.28.RELEASE/spring-jdbc-4.3.28.RELEASE.jar:/home/leonardo.lmartins/.m2/repository/org/springframework/spring-beans/4.3.28.RELEASE/spring-beans-4.3.28.RELEASE.jar:/home/leonardo.lmartins/.m2/repository/org/springframework/spring-context/4.3.28.RELEASE/spring-context-4.3.28.RELEASE.jar:/home/leonardo.lmartins/.m2/repository/org/springframework/spring-aop/4.3.28.RELEASE/spring-aop-4.3.28.RELEASE.jar:/home/leonardo.lmartins/.m2/repository/org/springframework/spring-expression/4.3.28.RELEASE/spring-expression-4.3.28.RELEASE.jar:/home/leonardo.lmartins/.m2/repository/org/springframework/spring-core/4.3.28.RELEASE/spring-core-4.3.28.RELEASE.jar:/home/leonardo.lmartins/.m2/repository/org/springframework/spring-test/4.3.28.RELEASE/spring-test-4.3.28.RELEASE.jar:/home/leonardo.lmartins/.m2/repository/org/springframework/spring-tx/4.3.28.RELEASE/spring-tx-4.3.28.RELEASE.jar:/home/leonardo.lmartins/.m2/repository/org/springframework/data/spring-data-jpa/1.11.23.RELEASE/spring-data-jpa-1.11.23.RELEASE.jar:/home/leonardo.lmartins/.m2/repository/org/springframework/data/spring-data-commons/1.13.23.RELEASE/spring-data-commons-1.13.23.RELEASE.jar:/home/leonardo.lmartins/.m2/repository/org/aspectj/aspectjrt/1.8.13/aspectjrt-1.8.13.jar:/home/leonardo.lmartins/.m2/repository/org/slf4j/jcl-over-slf4j/1.7.25/jcl-over-slf4j-1.7.25.jar:/home/leonardo.lmartins/.m2/repository/org/springframework/boot/spring-boot-test/1.5.22.RELEASE/spring-boot-test-1.5.22.RELEASE.jar:/home/leonardo.lmartins/.m2/repository/org/springframework/boot/spring-boot/1.5.22.RELEASE/spring-boot-1.5.22.RELEASE.jar:/home/leonardo.lmartins/.m2/repository/org/aspectj/aspectjweaver/1.9.7/aspectjweaver-1.9.7.jar:/home/leonardo.lmartins/.m2/repository/org/springframework/boot/spring-boot-starter-test/1.5.22.RELEASE/spring-boot-starter-test-1.5.22.RELEASE.jar:/home/leonardo.lmartins/.m2/repository/org/springframework/boot/spring-boot-test-autoconfigure/1.5.22.RELEASE/spring-boot-test-autoconfigure-1.5.22.RELEASE.jar:/home/leonardo.lmartins/.m2/repository/org/springframework/boot/spring-boot-autoconfigure/1.5.22.RELEASE/spring-boot-autoconfigure-1.5.22.RELEASE.jar:/home/leonardo.lmartins/.m2/repository/com/jayway/jsonpath/json-path/2.2.0/json-path-2.2.0.jar:/home/leonardo.lmartins/.m2/repository/net/minidev/json-smart/2.2.1/json-smart-2.2.1.jar:/home/leonardo.lmartins/.m2/repository/net/minidev/accessors-smart/1.1/accessors-smart-1.1.jar:/home/leonardo.lmartins/.m2/repository/org/ow2/asm/asm/5.0.3/asm-5.0.3.jar:/home/leonardo.lmartins/.m2/repository/org/mockito/mockito-core/1.10.19/mockito-core-1.10.19.jar:/home/leonardo.lmartins/.m2/repository/org/objenesis/objenesis/2.1/objenesis-2.1.jar:/home/leonardo.lmartins/.m2/repository/org/hamcrest/hamcrest-library/1.3/hamcrest-library-1.3.jar:/home/leonardo.lmartins/.m2/repository/org/skyscreamer/jsonassert/1.4.0/jsonassert-1.4.0.jar:/home/leonardo.lmartins/.m2/repository/com/vaadin/external/google/android-json/0.0.20131108.vaadin1/android-json-0.0.20131108.vaadin1.jar:/home/leonardo.lmartins/.m2/repository/org/springframework/spring-aspects/4.3.28.RELEASE/spring-aspects-4.3.28.RELEASE.jar:/home/leonardo.lmartins/.m2/repository/org/assertj/assertj-core/3.20.2/assertj-core-3.20.2.jar:/home/leonardo.lmartins/.m2/repository/org/springframework/cloud/spring-cloud-starter-openfeign/1.4.7.RELEASE/spring-cloud-starter-openfeign-1.4.7.RELEASE.jar:/home/leonardo.lmartins/.m2/repository/org/springframework/cloud/spring-cloud-starter/1.3.6.RELEASE/spring-cloud-starter-1.3.6.RELEASE.jar:/home/leonardo.lmartins/.m2/repository/org/springframework/boot/spring-boot-starter/1.5.21.RELEASE/spring-boot-starter-1.5.21.RELEASE.jar:/home/leonardo.lmartins/.m2/repository/org/springframework/boot/spring-boot-starter-logging/1.5.21.RELEASE/spring-boot-starter-logging-1.5.21.RELEASE.jar:/home/leonardo.lmartins/.m2/repository/org/slf4j/jul-to-slf4j/1.7.26/jul-to-slf4j-1.7.26.jar:/home/leonardo.lmartins/.m2/repository/org/yaml/snakeyaml/1.17/snakeyaml-1.17.jar:/home/leonardo.lmartins/.m2/repository/org/springframework/cloud/spring-cloud-context/1.3.6.RELEASE/spring-cloud-context-1.3.6.RELEASE.jar:/home/leonardo.lmartins/.m2/repository/org/springframework/security/spring-security-rsa/1.0.3.RELEASE/spring-security-rsa-1.0.3.RELEASE.jar:/home/leonardo.lmartins/.m2/repository/org/bouncycastle/bcpkix-jdk15on/1.55/bcpkix-jdk15on-1.55.jar:/home/leonardo.lmartins/.m2/repository/org/bouncycastle/bcprov-jdk15on/1.55/bcprov-jdk15on-1.55.jar:/home/leonardo.lmartins/.m2/repository/org/springframework/cloud/spring-cloud-netflix-core/1.4.7.RELEASE/spring-cloud-netflix-core-1.4.7.RELEASE.jar:/home/leonardo.lmartins/.m2/repository/org/springframework/spring-web/4.3.24.RELEASE/spring-web-4.3.24.RELEASE.jar:/home/leonardo.lmartins/.m2/repository/org/springframework/cloud/spring-cloud-commons/1.3.6.RELEASE/spring-cloud-commons-1.3.6.RELEASE.jar:/home/leonardo.lmartins/.m2/repository/org/springframework/security/spring-security-crypto/4.2.12.RELEASE/spring-security-crypto-4.2.12.RELEASE.jar:/home/leonardo.lmartins/.m2/repository/io/github/openfeign/feign-core/9.5.0/feign-core-9.5.0.jar:/home/leonardo.lmartins/.m2/repository/org/jvnet/animal-sniffer-annotation/1.0/animal-sniffer-annotation-1.0.jar:/home/leonardo.lmartins/.m2/repository/io/github/openfeign/feign-slf4j/9.5.0/feign-slf4j-9.5.0.jar:/home/leonardo.lmartins/.m2/repository/io/github/openfeign/feign-hystrix/9.5.0/feign-hystrix-9.5.0.jar:/home/leonardo.lmartins/.m2/repository/com/netflix/archaius/archaius-core/0.6.6/archaius-core-0.6.6.jar:/home/leonardo.lmartins/.m2/repository/com/google/code/findbugs/annotations/2.0.0/annotations-2.0.0.jar:/home/leonardo.lmartins/.m2/repository/com/netflix/hystrix/hystrix-core/1.4.26/hystrix-core-1.4.26.jar:/home/leonardo.lmartins/.m2/repository/io/reactivex/rxjava/1.1.1/rxjava-1.1.1.jar:/home/leonardo.lmartins/.m2/repository/org/springframework/cloud/spring-cloud-starter-netflix-archaius/1.4.7.RELEASE/spring-cloud-starter-netflix-archaius-1.4.7.RELEASE.jar:/home/leonardo.lmartins/.m2/repository/commons-configuration/commons-configuration/1.8/commons-configuration-1.8.jar:/home/leonardo.lmartins/.m2/repository/commons-lang/commons-lang/2.6/commons-lang-2.6.jar:/home/leonardo.lmartins/.m2/repository/com/google/guava/guava/18.0/guava-18.0.jar:/home/leonardo.lmartins/.m2/repository/io/github/openfeign/feign-gson/9.4.0/feign-gson-9.4.0.jar:/home/leonardo.lmartins/.m2/repository/com/google/code/gson/gson/2.5/gson-2.5.jar:/home/leonardo.lmartins/.m2/repository/org/springframework/spring-webmvc/4.3.28.RELEASE/spring-webmvc-4.3.28.RELEASE.jar:/home/leonardo.lmartins/.m2/repository/javax/annotation/javax.annotation-api/1.3.2/javax.annotation-api-1.3.2.jar:/home/leonardo.lmartins/.m2/repository/com/fasterxml/jackson/core/jackson-annotations/2.12.3/jackson-annotations-2.12.3.jar:"/>
    <property name="sun.cpu.endian" value="little"/>
    <property name="user.home" value="/home/leonardo.lmartins"/>
    <property name="user.language" value="pt"/>
    <property name="java.specification.vendor" value="Oracle Corporation"/>
    <property name="java.home" value="/usr/lib/jvm/java-8-openjdk-amd64/jre"/>
    <property name="basedir" value="/home/leonardo.lmartins/Documentos/openhospital-core-1.11.5"/>
    <property name="file.separator" value="/"/>
    <property name="line.separator" value="&#10;"/>
    <property name="java.vm.specification.vendor" value="Oracle Corporation"/>
    <property name="java.specification.name" value="Java Platform API Specification"/>
    <property name="java.awt.graphicsenv" value="sun.awt.X11GraphicsEnvironment"/>
    <property name="surefire.real.class.path" value="/home/leonardo.lmartins/Documentos/openhospital-core-1.11.5/target/surefire/surefirebooter-20240705134316632_3.jar"/>
    <property name="sun.boot.class.path" value="/usr/lib/jvm/java-8-openjdk-amd64/jre/lib/resources.jar:/usr/lib/jvm/java-8-openjdk-amd64/jre/lib/rt.jar:/usr/lib/jvm/java-8-openjdk-amd64/jre/lib/sunrsasign.jar:/usr/lib/jvm/java-8-openjdk-amd64/jre/lib/jsse.jar:/usr/lib/jvm/java-8-openjdk-amd64/jre/lib/jce.jar:/usr/lib/jvm/java-8-openjdk-amd64/jre/lib/charsets.jar:/usr/lib/jvm/java-8-openjdk-amd64/jre/lib/jfr.jar:/usr/lib/jvm/java-8-openjdk-amd64/jre/classes"/>
    <property name="sun.management.compiler" value="HotSpot 64-Bit Tiered Compilers"/>
    <property name="java.runtime.version" value="1.8.0_412-8u412-ga-1~22.04.1-b08"/>
    <property name="user.name" value="leonardo.lmartins"/>
    <property name="path.separator" value=":"/>
    <property name="os.version" value="5.15.0-112-generic"/>
    <property name="java.endorsed.dirs" value="/usr/lib/jvm/java-8-openjdk-amd64/jre/lib/endorsed"/>
    <property name="java.runtime.name" value="OpenJDK Runtime Environment"/>
    <property name="file.encoding" value="UTF-8"/>
    <property name="java.vm.name" value="OpenJDK 64-Bit Server VM"/>
    <property name="localRepository" value="/home/leonardo.lmartins/.m2/repository"/>
    <property name="java.vendor.url.bug" value="http://bugreport.sun.com/bugreport/"/>
    <property name="java.io.tmpdir" value="/tmp"/>
    <property name="java.version" value="1.8.0_412"/>
    <property name="user.dir" value="/home/leonardo.lmartins/Documentos/openhospital-core-1.11.5"/>
    <property name="os.arch" value="amd64"/>
    <property name="java.vm.specification.name" value="Java Virtual Machine Specification"/>
    <property name="java.awt.printerjob" value="sun.print.PSPrinterJob"/>
    <property name="sun.os.patch.level" value="unknown"/>
    <property name="jboss.i18n.generate-proxies" value="true"/>
    <property name="java.library.path" value="/usr/java/packages/lib/amd64:/usr/lib/x86_64-linux-gnu/jni:/lib/x86_64-linux-gnu:/usr/lib/x86_64-linux-gnu:/usr/lib/jni:/lib:/usr/lib"/>
    <property name="java.vm.info" value="mixed mode"/>
    <property name="java.vendor" value="Private Build"/>
    <property name="java.vm.version" value="25.412-b08"/>
    <property name="java.specification.maintenance.version" value="5"/>
    <property name="java.ext.dirs" value="/usr/lib/jvm/java-8-openjdk-amd64/jre/lib/ext:/usr/java/packages/lib/ext"/>
    <property name="sun.io.unicode.encoding" value="UnicodeLittle"/>
    <property name="java.class.version" value="52.0"/>
  </properties>
  <testcase name="testMgrPrepareChargingMovementBadRefNumber[Test with AUTOMATICLOT_IN=false, AUTOMATICLOT_OUT=false, AUTOMATICLOTWARD_TOWARD=false]" classname="org.isf.medicalstock.test.Tests" time="1.649">
    <system-out><![CDATA[[05/jul/2024 13:43:25] [:] INFO - Loaded default TestExecutionListener class names from location [META-INF/spring.factories]: [org.springframework.test.context.web.ServletTestExecutionListener, org.springframework.test.context.support.DirtiesContextBeforeModesTestExecutionListener, org.springframework.test.context.support.DependencyInjectionTestExecutionListener, org.springframework.test.context.support.DirtiesContextTestExecutionListener, org.springframework.test.context.transaction.TransactionalTestExecutionListener, org.springframework.test.context.jdbc.SqlScriptsTestExecutionListener, org.springframework.boot.test.mock.mockito.MockitoTestExecutionListener, org.springframework.boot.test.mock.mockito.ResetMocksTestExecutionListener, org.springframework.boot.test.autoconfigure.restdocs.RestDocsTestExecutionListener, org.springframework.boot.test.autoconfigure.web.client.MockRestServiceServerResetTestExecutionListener, org.springframework.boot.test.autoconfigure.web.servlet.MockMvcPrintOnlyOnFailureTestExecutionListener, org.springframework.boot.test.autoconfigure.web.servlet.WebDriverTestExecutionListener]
[05/jul/2024 13:43:25] [:] INFO - Using TestExecutionListeners: [org.springframework.test.context.support.DirtiesContextBeforeModesTestExecutionListener@fc0cdde, org.springframework.boot.test.mock.mockito.MockitoTestExecutionListener@4d14e64c, org.springframework.test.context.support.DependencyInjectionTestExecutionListener@2db4b11c, org.springframework.test.context.support.DirtiesContextTestExecutionListener@afd3ee1, org.springframework.test.context.transaction.TransactionalTestExecutionListener@3daac5d, org.springframework.test.context.jdbc.SqlScriptsTestExecutionListener@69161cec, org.springframework.boot.test.mock.mockito.ResetMocksTestExecutionListener@61227c83, org.springframework.boot.test.autoconfigure.restdocs.RestDocsTestExecutionListener@2cb4c70, org.springframework.boot.test.autoconfigure.web.client.MockRestServiceServerResetTestExecutionListener@5425a030, org.springframework.boot.test.autoconfigure.web.servlet.MockMvcPrintOnlyOnFailureTestExecutionListener@d0d3724, org.springframework.boot.test.autoconfigure.web.servlet.WebDriverTestExecutionListener@7fb99462]
[05/jul/2024 13:43:25] [:] INFO - Loading XML bean definitions from class path resource [applicationContext.xml]
[05/jul/2024 13:43:25] [:] INFO - Loading XML bean definitions from class path resource [applicationContext.xml]
[05/jul/2024 13:43:25] [:] INFO - Overriding bean definition for bean 'entityManagerFactory' with a different definition: replacing [Generic bean: class [org.springframework.orm.jpa.LocalContainerEntityManagerFactoryBean]; scope=; abstract=false; lazyInit=false; autowireMode=0; dependencyCheck=0; autowireCandidate=true; primary=false; factoryBeanName=null; factoryMethodName=null; initMethodName=null; destroyMethodName=null; defined in class path resource [applicationContext.xml]] with [Generic bean: class [org.springframework.orm.jpa.LocalContainerEntityManagerFactoryBean]; scope=; abstract=false; lazyInit=false; autowireMode=0; dependencyCheck=0; autowireCandidate=true; primary=false; factoryBeanName=null; factoryMethodName=null; initMethodName=null; destroyMethodName=null; defined in class path resource [applicationContext.xml]]
[05/jul/2024 13:43:25] [:] INFO - Refreshing org.springframework.context.support.GenericApplicationContext@67bdcfee: startup date [Fri Jul 05 13:43:25 BRT 2024]; root of context hierarchy
[05/jul/2024 13:43:25] [:] INFO - JSR-330 'javax.inject.Inject' annotation found and supported for autowiring
[05/jul/2024 13:43:25] [:] INFO - Building JPA container EntityManagerFactory for persistence unit 'default'
[05/jul/2024 13:43:25] [:] INFO - HHH000204: Processing PersistenceUnitInfo [
	name: default
	...]
[05/jul/2024 13:43:25] [:] INFO - HHH000204: Processing PersistenceUnitInfo [
	name: default
	...]
[05/jul/2024 13:43:25] [:] INFO - HHH000130: Instantiating explicit connection provider: org.hibernate.ejb.connection.InjectedDataSourceConnectionProvider
[05/jul/2024 13:43:25] [:] INFO - HHH000130: Instantiating explicit connection provider: org.hibernate.ejb.connection.InjectedDataSourceConnectionProvider
[05/jul/2024 13:43:25] [:] INFO - Initializing c3p0 pool... com.mchange.v2.c3p0.ComboPooledDataSource [ acquireIncrement -> 1, acquireRetryAttempts -> 30, acquireRetryDelay -> 1000, autoCommitOnClose -> false, automaticTestTable -> null, breakAfterAcquireFailure -> false, checkoutTimeout -> 5000, connectionCustomizerClassName -> null, connectionTesterClassName -> com.mchange.v2.c3p0.impl.DefaultConnectionTester, dataSourceName -> z8kfsxb410katkr3vh0yp|3759d6b5, debugUnreturnedConnectionStackTraces -> false, description -> null, driverClass -> org.h2.Driver, factoryClassLocation -> null, forceIgnoreUnresolvedTransactions -> false, identityToken -> z8kfsxb410katkr3vh0yp|3759d6b5, idleConnectionTestPeriod -> 0, initialPoolSize -> 3, jdbcUrl -> jdbc:h2:mem:myDb;MODE=MySQL;IGNORECASE=TRUE;DB_CLOSE_DELAY=-1, maxAdministrativeTaskTime -> 0, maxConnectionAge -> 0, maxIdleTime -> 300, maxIdleTimeExcessConnections -> 0, maxPoolSize -> 10, maxStatements -> 0, maxStatementsPerConnection -> 0, minPoolSize -> 0, numHelperThreads -> 3, preferredTestQuery -> null, properties -> {user=******, password=******}, propertyCycle -> 0, statementCacheNumDeferredCloseThreads -> 0, testConnectionOnCheckin -> false, testConnectionOnCheckout -> false, unreturnedConnectionTimeout -> 0, userOverrides -> {}, usesTraditionalReflectiveProxies -> false ]
[05/jul/2024 13:43:25] [:] INFO - HHH000400: Using dialect: org.hibernate.dialect.H2Dialect
[05/jul/2024 13:43:25] [:] INFO - HHH000400: Using dialect: org.hibernate.dialect.H2Dialect
[05/jul/2024 13:43:25] [:] INFO - HHH000424: Disabling contextual LOB creation as createClob() method threw error : java.lang.reflect.InvocationTargetException
[05/jul/2024 13:43:25] [:] INFO - HHH000424: Disabling contextual LOB creation as createClob() method threw error : java.lang.reflect.InvocationTargetException
[05/jul/2024 13:43:25] [:] INFO - HHH000268: Transaction strategy: org.hibernate.engine.transaction.internal.jdbc.JdbcTransactionFactory
[05/jul/2024 13:43:25] [:] INFO - HHH000268: Transaction strategy: org.hibernate.engine.transaction.internal.jdbc.JdbcTransactionFactory
[05/jul/2024 13:43:25] [:] INFO - HHH000397: Using ASTQueryTranslatorFactory
[05/jul/2024 13:43:25] [:] INFO - HHH000397: Using ASTQueryTranslatorFactory
[05/jul/2024 13:43:25] [:] INFO - HHH000228: Running hbm2ddl schema update
[05/jul/2024 13:43:25] [:] INFO - HHH000228: Running hbm2ddl schema update
[05/jul/2024 13:43:25] [:] INFO - HHH000102: Fetching database metadata
[05/jul/2024 13:43:25] [:] INFO - HHH000102: Fetching database metadata
[05/jul/2024 13:43:25] [:] INFO - HHH000396: Updating schema
[05/jul/2024 13:43:25] [:] INFO - HHH000396: Updating schema
[05/jul/2024 13:43:25] [:] INFO - HHH000261: Table found: MYDB.PUBLIC.ADMISSION
[05/jul/2024 13:43:25] [:] INFO - HHH000261: Table found: MYDB.PUBLIC.ADMISSION
[05/jul/2024 13:43:25] [:] INFO - HHH000037: Columns: [adm_prg_date_ctrl1, adm_prg_dlt_id_a, adm_prg_date_ctrl2, adm_out_dis_id_a_2, adm_prg_ptt_id_a, adm_note, adm_trans, adm_lock, adm_out_dis_id_a_3, adm_last_modified_by, adm_prg_date_abort, adm_resop, adm_fhu, adm_in_dis_id_a, adm_yprog, adm_out_dis_id_a, adm_wrd_id_a, adm_ope_id_a, adm_date_dis, adm_type, adm_created_by, adm_in, adm_date_adm, adm_prg_drt_id_a, adm_prg_date_del, adm_usr_id_a, adm_pat_id, adm_prg_weight, adm_id, adm_dist_id_a, adm_date_op, adm_last_modified_date, adm_deleted, adm_prg_date_vis, adm_active, adm_admt_id_a_adm, adm_created_date]
[05/jul/2024 13:43:25] [:] INFO - HHH000037: Columns: [adm_prg_date_ctrl1, adm_prg_dlt_id_a, adm_prg_date_ctrl2, adm_out_dis_id_a_2, adm_prg_ptt_id_a, adm_note, adm_trans, adm_lock, adm_out_dis_id_a_3, adm_last_modified_by, adm_prg_date_abort, adm_resop, adm_fhu, adm_in_dis_id_a, adm_yprog, adm_out_dis_id_a, adm_wrd_id_a, adm_ope_id_a, adm_date_dis, adm_type, adm_created_by, adm_in, adm_date_adm, adm_prg_drt_id_a, adm_prg_date_del, adm_usr_id_a, adm_pat_id, adm_prg_weight, adm_id, adm_dist_id_a, adm_date_op, adm_last_modified_date, adm_deleted, adm_prg_date_vis, adm_active, adm_admt_id_a_adm, adm_created_date]
[05/jul/2024 13:43:25] [:] INFO - HHH000108: Foreign keys: [fk_eqqnhohd0qdj4yi5huynnpf29, fk_4hpd04elwoavgqow7dcw88iap, fk_72rtr8wwy5p7qywx520r7tg2s, fk_job5o0s5re41seyc1qxghyrvq, fk_ctg0fp6ukjla26ilua8r0tau2, fk_aak5p5fpds5u39wob8j85indd, fk_al6et5w82vkspycdnttexff13, fk_awjs1y004n3ym7b7oc0c8mwa8, fk_k0d2mf1f2xcqbl4ev8v6061fg, fk_2go6ljby8jkfsy7n5lclpnb84, fk_erb4g92itv1e407u7x9kyfjoy, fk_bmqsd0xplio4krgn78mmrrrbj]
[05/jul/2024 13:43:25] [:] INFO - HHH000108: Foreign keys: [fk_eqqnhohd0qdj4yi5huynnpf29, fk_4hpd04elwoavgqow7dcw88iap, fk_72rtr8wwy5p7qywx520r7tg2s, fk_job5o0s5re41seyc1qxghyrvq, fk_ctg0fp6ukjla26ilua8r0tau2, fk_aak5p5fpds5u39wob8j85indd, fk_al6et5w82vkspycdnttexff13, fk_awjs1y004n3ym7b7oc0c8mwa8, fk_k0d2mf1f2xcqbl4ev8v6061fg, fk_2go6ljby8jkfsy7n5lclpnb84, fk_erb4g92itv1e407u7x9kyfjoy, fk_bmqsd0xplio4krgn78mmrrrbj]
[05/jul/2024 13:43:25] [:] INFO - HHH000126: Indexes: [fk_aak5p5fpds5u39wob8j85indd_index_a, fk_bmqsd0xplio4krgn78mmrrrbj_index_a, fk_2go6ljby8jkfsy7n5lclpnb84_index_a, fk_4hpd04elwoavgqow7dcw88iap_index_a, fk_eqqnhohd0qdj4yi5huynnpf29_index_a, fk_al6et5w82vkspycdnttexff13_index_a, fk_k0d2mf1f2xcqbl4ev8v6061fg_index_a, fk_awjs1y004n3ym7b7oc0c8mwa8_index_a, fk_erb4g92itv1e407u7x9kyfjoy_index_a, primary_key_a, fk_job5o0s5re41seyc1qxghyrvq_index_a, fk_72rtr8wwy5p7qywx520r7tg2s_index_a, fk_ctg0fp6ukjla26ilua8r0tau2_index_a]
[05/jul/2024 13:43:25] [:] INFO - HHH000126: Indexes: [fk_aak5p5fpds5u39wob8j85indd_index_a, fk_bmqsd0xplio4krgn78mmrrrbj_index_a, fk_2go6ljby8jkfsy7n5lclpnb84_index_a, fk_4hpd04elwoavgqow7dcw88iap_index_a, fk_eqqnhohd0qdj4yi5huynnpf29_index_a, fk_al6et5w82vkspycdnttexff13_index_a, fk_k0d2mf1f2xcqbl4ev8v6061fg_index_a, fk_awjs1y004n3ym7b7oc0c8mwa8_index_a, fk_erb4g92itv1e407u7x9kyfjoy_index_a, primary_key_a, fk_job5o0s5re41seyc1qxghyrvq_index_a, fk_72rtr8wwy5p7qywx520r7tg2s_index_a, fk_ctg0fp6ukjla26ilua8r0tau2_index_a]
[05/jul/2024 13:43:25] [:] INFO - HHH000261: Table found: MYDB.PUBLIC.ADMISSIONTYPE
[05/jul/2024 13:43:25] [:] INFO - HHH000261: Table found: MYDB.PUBLIC.ADMISSIONTYPE
[05/jul/2024 13:43:25] [:] INFO - HHH000037: Columns: [admt_desc, admt_last_modified_by, admt_created_by, admt_active, admt_id_a, admt_last_modified_date, admt_created_date]
[05/jul/2024 13:43:25] [:] INFO - HHH000037: Columns: [admt_desc, admt_last_modified_by, admt_created_by, admt_active, admt_id_a, admt_last_modified_date, admt_created_date]
[05/jul/2024 13:43:25] [:] INFO - HHH000108: Foreign keys: []
[05/jul/2024 13:43:25] [:] INFO - HHH000108: Foreign keys: []
[05/jul/2024 13:43:25] [:] INFO - HHH000126: Indexes: [primary_key_6]
[05/jul/2024 13:43:25] [:] INFO - HHH000126: Indexes: [primary_key_6]
[05/jul/2024 13:43:25] [:] INFO - HHH000261: Table found: MYDB.PUBLIC.AGETYPE
[05/jul/2024 13:43:25] [:] INFO - HHH000261: Table found: MYDB.PUBLIC.AGETYPE
[05/jul/2024 13:43:25] [:] INFO - HHH000037: Columns: [at_code, at_created_date, at_last_modified_date, at_last_modified_by, at_desc, at_active, at_to, at_created_by, at_from]
[05/jul/2024 13:43:25] [:] INFO - HHH000037: Columns: [at_code, at_created_date, at_last_modified_date, at_last_modified_by, at_desc, at_active, at_to, at_created_by, at_from]
[05/jul/2024 13:43:25] [:] INFO - HHH000108: Foreign keys: []
[05/jul/2024 13:43:25] [:] INFO - HHH000108: Foreign keys: []
[05/jul/2024 13:43:25] [:] INFO - HHH000126: Indexes: [primary_key_e]
[05/jul/2024 13:43:25] [:] INFO - HHH000126: Indexes: [primary_key_e]
[05/jul/2024 13:43:25] [:] INFO - HHH000261: Table found: MYDB.PUBLIC.BILLITEMS
[05/jul/2024 13:43:25] [:] INFO - HHH000261: Table found: MYDB.PUBLIC.BILLITEMS
[05/jul/2024 13:43:25] [:] INFO - HHH000037: Columns: [bli_active, bli_is_price, bli_created_by, bli_id_price, bli_qty, bli_id, bli_last_modified_by, bli_created_date, bli_item_amount, bli_item_desc, bli_last_modified_date, bli_id_bill]
[05/jul/2024 13:43:25] [:] INFO - HHH000037: Columns: [bli_active, bli_is_price, bli_created_by, bli_id_price, bli_qty, bli_id, bli_last_modified_by, bli_created_date, bli_item_amount, bli_item_desc, bli_last_modified_date, bli_id_bill]
[05/jul/2024 13:43:25] [:] INFO - HHH000108: Foreign keys: [fk_c7tq3s6d78hrsbawwkwq828w3]
[05/jul/2024 13:43:25] [:] INFO - HHH000108: Foreign keys: [fk_c7tq3s6d78hrsbawwkwq828w3]
[05/jul/2024 13:43:25] [:] INFO - HHH000126: Indexes: [primary_key_1, fk_c7tq3s6d78hrsbawwkwq828w3_index_1]
[05/jul/2024 13:43:25] [:] INFO - HHH000126: Indexes: [primary_key_1, fk_c7tq3s6d78hrsbawwkwq828w3_index_1]
[05/jul/2024 13:43:25] [:] INFO - HHH000261: Table found: MYDB.PUBLIC.BILLPAYMENTS
[05/jul/2024 13:43:25] [:] INFO - HHH000261: Table found: MYDB.PUBLIC.BILLPAYMENTS
[05/jul/2024 13:43:25] [:] INFO - HHH000037: Columns: [blp_active, blp_created_date, blp_id, blp_id_bill, blp_last_modified_date, blp_amount, blp_date, blp_usr_id_a, blp_last_modified_by, blp_created_by]
[05/jul/2024 13:43:25] [:] INFO - HHH000037: Columns: [blp_active, blp_created_date, blp_id, blp_id_bill, blp_last_modified_date, blp_amount, blp_date, blp_usr_id_a, blp_last_modified_by, blp_created_by]
[05/jul/2024 13:43:25] [:] INFO - HHH000108: Foreign keys: [fk_jg6kmkiiab7k400i5hqdwux9d]
[05/jul/2024 13:43:25] [:] INFO - HHH000108: Foreign keys: [fk_jg6kmkiiab7k400i5hqdwux9d]
[05/jul/2024 13:43:25] [:] INFO - HHH000126: Indexes: [fk_jg6kmkiiab7k400i5hqdwux9d_index_7, primary_key_7]
[05/jul/2024 13:43:25] [:] INFO - HHH000126: Indexes: [fk_jg6kmkiiab7k400i5hqdwux9d_index_7, primary_key_7]
[05/jul/2024 13:43:25] [:] INFO - HHH000261: Table found: MYDB.PUBLIC.BILLS
[05/jul/2024 13:43:25] [:] INFO - HHH000261: Table found: MYDB.PUBLIC.BILLS
[05/jul/2024 13:43:25] [:] INFO - HHH000037: Columns: [bll_balance, bll_date, bll_id_lst, bll_id, bll_created_by, bll_is_lst, bll_update, bll_usr_id_a, bll_amount, bll_is_pat, bll_last_modified_date, bll_lst_name, bll_created_date, bll_status, bll_last_modified_by, bll_active, bll_id_pat, bll_pat_name]
[05/jul/2024 13:43:25] [:] INFO - HHH000037: Columns: [bll_balance, bll_date, bll_id_lst, bll_id, bll_created_by, bll_is_lst, bll_update, bll_usr_id_a, bll_amount, bll_is_pat, bll_last_modified_date, bll_lst_name, bll_created_date, bll_status, bll_last_modified_by, bll_active, bll_id_pat, bll_pat_name]
[05/jul/2024 13:43:25] [:] INFO - HHH000108: Foreign keys: [fk_iws53qq77ablp423kpbu2emws, fk_9jeji5fa30iqe5nwgxyvmlg0l]
[05/jul/2024 13:43:25] [:] INFO - HHH000108: Foreign keys: [fk_iws53qq77ablp423kpbu2emws, fk_9jeji5fa30iqe5nwgxyvmlg0l]
[05/jul/2024 13:43:25] [:] INFO - HHH000126: Indexes: [primary_key_3, fk_iws53qq77ablp423kpbu2emws_index_3, fk_9jeji5fa30iqe5nwgxyvmlg0l_index_3]
[05/jul/2024 13:43:25] [:] INFO - HHH000126: Indexes: [primary_key_3, fk_iws53qq77ablp423kpbu2emws_index_3, fk_9jeji5fa30iqe5nwgxyvmlg0l_index_3]
[05/jul/2024 13:43:25] [:] INFO - HHH000261: Table found: MYDB.PUBLIC.DELIVERYRESULTTYPE
[05/jul/2024 13:43:25] [:] INFO - HHH000261: Table found: MYDB.PUBLIC.DELIVERYRESULTTYPE
[05/jul/2024 13:43:25] [:] INFO - HHH000037: Columns: [drt_id_a, drt_desc]
[05/jul/2024 13:43:25] [:] INFO - HHH000037: Columns: [drt_id_a, drt_desc]
[05/jul/2024 13:43:25] [:] INFO - HHH000108: Foreign keys: []
[05/jul/2024 13:43:25] [:] INFO - HHH000108: Foreign keys: []
[05/jul/2024 13:43:25] [:] INFO - HHH000126: Indexes: [primary_key_ea]
[05/jul/2024 13:43:25] [:] INFO - HHH000126: Indexes: [primary_key_ea]
[05/jul/2024 13:43:25] [:] INFO - HHH000261: Table found: MYDB.PUBLIC.DELIVERYTYPE
[05/jul/2024 13:43:25] [:] INFO - HHH000261: Table found: MYDB.PUBLIC.DELIVERYTYPE
[05/jul/2024 13:43:25] [:] INFO - HHH000037: Columns: [dlt_created_date, dlt_id_a, dlt_desc, dlt_last_modified_date, dlt_created_by, dlt_last_modified_by, dlt_active]
[05/jul/2024 13:43:25] [:] INFO - HHH000037: Columns: [dlt_created_date, dlt_id_a, dlt_desc, dlt_last_modified_date, dlt_created_by, dlt_last_modified_by, dlt_active]
[05/jul/2024 13:43:25] [:] INFO - HHH000108: Foreign keys: []
[05/jul/2024 13:43:25] [:] INFO - HHH000108: Foreign keys: []
[05/jul/2024 13:43:25] [:] INFO - HHH000126: Indexes: [primary_key_b]
[05/jul/2024 13:43:25] [:] INFO - HHH000126: Indexes: [primary_key_b]
[05/jul/2024 13:43:25] [:] INFO - HHH000261: Table found: MYDB.PUBLIC.DICOM
[05/jul/2024 13:43:25] [:] INFO - HHH000261: Table found: MYDB.PUBLIC.DICOM
[05/jul/2024 13:43:25] [:] INFO - HHH000037: Columns: [dm_file_pat_addr, dm_active, dm_file_nome, dm_file_pat_birthdate, dm_file_pat_sex, dm_file_modaliity, dm_file_ser_inst_uid, dm_file_st_date, dm_file_pat_uid, dm_file_pat_name, dm_file_ser_date, dm_file_st_uid, dm_created_by, dm_pat_id, dm_last_modified_by, dm_thumbnail, dm_file_id, dm_last_modified_date, dm_file_pat_age, dm_dcmt_id, dm_file_ser_number, dm_file_accession_number, dm_file_inst_uid, dm_file_ser_desc, dm_file_ser_desc_cod_seq, dm_file_st_descr, dm_data, dm_file_ser_uid, dm_created_date, dm_file_institution_name]
[05/jul/2024 13:43:25] [:] INFO - HHH000037: Columns: [dm_file_pat_addr, dm_active, dm_file_nome, dm_file_pat_birthdate, dm_file_pat_sex, dm_file_modaliity, dm_file_ser_inst_uid, dm_file_st_date, dm_file_pat_uid, dm_file_pat_name, dm_file_ser_date, dm_file_st_uid, dm_created_by, dm_pat_id, dm_last_modified_by, dm_thumbnail, dm_file_id, dm_last_modified_date, dm_file_pat_age, dm_dcmt_id, dm_file_ser_number, dm_file_accession_number, dm_file_inst_uid, dm_file_ser_desc, dm_file_ser_desc_cod_seq, dm_file_st_descr, dm_data, dm_file_ser_uid, dm_created_date, dm_file_institution_name]
[05/jul/2024 13:43:25] [:] INFO - HHH000108: Foreign keys: [fk_g9iu34j78w0oywqmc5s05t3xb]
[05/jul/2024 13:43:25] [:] INFO - HHH000108: Foreign keys: [fk_g9iu34j78w0oywqmc5s05t3xb]
[05/jul/2024 13:43:25] [:] INFO - HHH000126: Indexes: [fk_g9iu34j78w0oywqmc5s05t3xb_index_3, primary_key_3e]
[05/jul/2024 13:43:25] [:] INFO - HHH000126: Indexes: [fk_g9iu34j78w0oywqmc5s05t3xb_index_3, primary_key_3e]
[05/jul/2024 13:43:25] [:] INFO - HHH000261: Table found: MYDB.PUBLIC.DICOMTYPE
[05/jul/2024 13:43:25] [:] INFO - HHH000261: Table found: MYDB.PUBLIC.DICOMTYPE
[05/jul/2024 13:43:25] [:] INFO - HHH000037: Columns: [dcmt_id, dcmt_desc]
[05/jul/2024 13:43:25] [:] INFO - HHH000037: Columns: [dcmt_id, dcmt_desc]
[05/jul/2024 13:43:25] [:] INFO - HHH000108: Foreign keys: []
[05/jul/2024 13:43:25] [:] INFO - HHH000108: Foreign keys: []
[05/jul/2024 13:43:25] [:] INFO - HHH000126: Indexes: [primary_key_64]
[05/jul/2024 13:43:25] [:] INFO - HHH000126: Indexes: [primary_key_64]
[05/jul/2024 13:43:25] [:] INFO - HHH000261: Table found: MYDB.PUBLIC.DISCHARGETYPE
[05/jul/2024 13:43:25] [:] INFO - HHH000261: Table found: MYDB.PUBLIC.DISCHARGETYPE
[05/jul/2024 13:43:25] [:] INFO - HHH000037: Columns: [dist_last_modified_by, dist_created_date, dist_active, dist_last_modified_date, dist_desc, dist_id_a, dist_created_by]
[05/jul/2024 13:43:25] [:] INFO - HHH000037: Columns: [dist_last_modified_by, dist_created_date, dist_active, dist_last_modified_date, dist_desc, dist_id_a, dist_created_by]
[05/jul/2024 13:43:25] [:] INFO - HHH000108: Foreign keys: []
[05/jul/2024 13:43:25] [:] INFO - HHH000108: Foreign keys: []
[05/jul/2024 13:43:25] [:] INFO - HHH000126: Indexes: [primary_key_4]
[05/jul/2024 13:43:25] [:] INFO - HHH000126: Indexes: [primary_key_4]
[05/jul/2024 13:43:25] [:] INFO - HHH000261: Table found: MYDB.PUBLIC.DISEASE
[05/jul/2024 13:43:25] [:] INFO - HHH000261: Table found: MYDB.PUBLIC.DISEASE
[05/jul/2024 13:43:25] [:] INFO - HHH000037: Columns: [dis_created_by, dis_lock, dis_id_a, dis_last_modified_date, dis_desc, dis_ipd_in_include, dis_dcl_id_a, dis_created_date, dis_last_modified_by, dis_active, dis_ipd_out_include, dis_opd_include]
[05/jul/2024 13:43:25] [:] INFO - HHH000037: Columns: [dis_created_by, dis_lock, dis_id_a, dis_last_modified_date, dis_desc, dis_ipd_in_include, dis_dcl_id_a, dis_created_date, dis_last_modified_by, dis_active, dis_ipd_out_include, dis_opd_include]
[05/jul/2024 13:43:25] [:] INFO - HHH000108: Foreign keys: [fk_eyqixfh4cpsukjh7dihx3q5ro]
[05/jul/2024 13:43:25] [:] INFO - HHH000108: Foreign keys: [fk_eyqixfh4cpsukjh7dihx3q5ro]
[05/jul/2024 13:43:25] [:] INFO - HHH000126: Indexes: [fk_eyqixfh4cpsukjh7dihx3q5ro_index_8, primary_key_8]
[05/jul/2024 13:43:25] [:] INFO - HHH000126: Indexes: [fk_eyqixfh4cpsukjh7dihx3q5ro_index_8, primary_key_8]
[05/jul/2024 13:43:25] [:] INFO - HHH000261: Table found: MYDB.PUBLIC.DISEASETYPE
[05/jul/2024 13:43:25] [:] INFO - HHH000261: Table found: MYDB.PUBLIC.DISEASETYPE
[05/jul/2024 13:43:25] [:] INFO - HHH000037: Columns: [dcl_desc, dcl_created_by, dcl_created_date, dcl_last_modified_by, dcl_id_a, dcl_last_modified_date, dcl_active]
[05/jul/2024 13:43:25] [:] INFO - HHH000037: Columns: [dcl_desc, dcl_created_by, dcl_created_date, dcl_last_modified_by, dcl_id_a, dcl_last_modified_date, dcl_active]
[05/jul/2024 13:43:25] [:] INFO - HHH000108: Foreign keys: []
[05/jul/2024 13:43:25] [:] INFO - HHH000108: Foreign keys: []
[05/jul/2024 13:43:25] [:] INFO - HHH000126: Indexes: [primary_key_47]
[05/jul/2024 13:43:25] [:] INFO - HHH000126: Indexes: [primary_key_47]
[05/jul/2024 13:43:25] [:] INFO - HHH000261: Table found: MYDB.PUBLIC.EXAM
[05/jul/2024 13:43:25] [:] INFO - HHH000261: Table found: MYDB.PUBLIC.EXAM
[05/jul/2024 13:43:25] [:] INFO - HHH000037: Columns: [exa_desc, exa_proc, exa_created_by, exa_last_modified_by, exa_active, exa_last_modified_date, exa_default, exa_id_a, exa_lock, exa_created_date, exa_exc_id_a]
[05/jul/2024 13:43:25] [:] INFO - HHH000037: Columns: [exa_desc, exa_proc, exa_created_by, exa_last_modified_by, exa_active, exa_last_modified_date, exa_default, exa_id_a, exa_lock, exa_created_date, exa_exc_id_a]
[05/jul/2024 13:43:25] [:] INFO - HHH000108: Foreign keys: [fk_i2qjq9xh503rva6hy9x3rcx1h]
[05/jul/2024 13:43:25] [:] INFO - HHH000108: Foreign keys: [fk_i2qjq9xh503rva6hy9x3rcx1h]
[05/jul/2024 13:43:25] [:] INFO - HHH000126: Indexes: [primary_key_2, fk_i2qjq9xh503rva6hy9x3rcx1h_index_2]
[05/jul/2024 13:43:25] [:] INFO - HHH000126: Indexes: [primary_key_2, fk_i2qjq9xh503rva6hy9x3rcx1h_index_2]
[05/jul/2024 13:43:25] [:] INFO - HHH000261: Table found: MYDB.PUBLIC.EXAMROW
[05/jul/2024 13:43:25] [:] INFO - HHH000261: Table found: MYDB.PUBLIC.EXAMROW
[05/jul/2024 13:43:25] [:] INFO - HHH000037: Columns: [exr_id, exr_created_date, exr_last_modified_by, exr_active, exr_desc, exr_exa_id_a, exr_created_by, exr_last_modified_date]
[05/jul/2024 13:43:25] [:] INFO - HHH000037: Columns: [exr_id, exr_created_date, exr_last_modified_by, exr_active, exr_desc, exr_exa_id_a, exr_created_by, exr_last_modified_date]
[05/jul/2024 13:43:25] [:] INFO - HHH000108: Foreign keys: [fk_pla493iwidwykofh0s5or46dm]
[05/jul/2024 13:43:25] [:] INFO - HHH000108: Foreign keys: [fk_pla493iwidwykofh0s5or46dm]
[05/jul/2024 13:43:25] [:] INFO - HHH000126: Indexes: [primary_key_d, fk_pla493iwidwykofh0s5or46dm_index_d]
[05/jul/2024 13:43:25] [:] INFO - HHH000126: Indexes: [primary_key_d, fk_pla493iwidwykofh0s5or46dm_index_d]
[05/jul/2024 13:43:25] [:] INFO - HHH000261: Table found: MYDB.PUBLIC.EXAMTYPE
[05/jul/2024 13:43:25] [:] INFO - HHH000261: Table found: MYDB.PUBLIC.EXAMTYPE
[05/jul/2024 13:43:25] [:] INFO - HHH000037: Columns: [exc_id_a, exc_last_modified_date, exc_active, exc_last_modified_by, exc_desc, exc_created_date, exc_created_by]
[05/jul/2024 13:43:25] [:] INFO - HHH000037: Columns: [exc_id_a, exc_last_modified_date, exc_active, exc_last_modified_by, exc_desc, exc_created_date, exc_created_by]
[05/jul/2024 13:43:25] [:] INFO - HHH000108: Foreign keys: []
[05/jul/2024 13:43:25] [:] INFO - HHH000108: Foreign keys: []
[05/jul/2024 13:43:25] [:] INFO - HHH000126: Indexes: [primary_key_a2]
[05/jul/2024 13:43:25] [:] INFO - HHH000126: Indexes: [primary_key_a2]
[05/jul/2024 13:43:25] [:] INFO - HHH000261: Table found: MYDB.PUBLIC.GROUPMENU
[05/jul/2024 13:43:25] [:] INFO - HHH000261: Table found: MYDB.PUBLIC.GROUPMENU
[05/jul/2024 13:43:25] [:] INFO - HHH000037: Columns: [gm_ug_id_a, gm_active, gm_mni_id_a, gm_id, gm_created_by, gm_created_date, gm_last_modified_date, gm_last_modified_by]
[05/jul/2024 13:43:25] [:] INFO - HHH000037: Columns: [gm_ug_id_a, gm_active, gm_mni_id_a, gm_id, gm_created_by, gm_created_date, gm_last_modified_date, gm_last_modified_by]
[05/jul/2024 13:43:25] [:] INFO - HHH000108: Foreign keys: []
[05/jul/2024 13:43:25] [:] INFO - HHH000108: Foreign keys: []
[05/jul/2024 13:43:25] [:] INFO - HHH000126: Indexes: [primary_key_4d]
[05/jul/2024 13:43:25] [:] INFO - HHH000126: Indexes: [primary_key_4d]
[05/jul/2024 13:43:25] [:] INFO - HHH000261: Table found: MYDB.PUBLIC.HOSPITAL
[05/jul/2024 13:43:25] [:] INFO - HHH000261: Table found: MYDB.PUBLIC.HOSPITAL
[05/jul/2024 13:43:25] [:] INFO - HHH000037: Columns: [hos_tele, hos_lock, hos_id_a, hos_name, hos_city, hos_last_modified_date, hos_active, hos_email, hos_last_modified_by, hos_addr, hos_created_by, hos_fax, hos_created_date, hos_curr_cod]
[05/jul/2024 13:43:25] [:] INFO - HHH000037: Columns: [hos_tele, hos_lock, hos_id_a, hos_name, hos_city, hos_last_modified_date, hos_active, hos_email, hos_last_modified_by, hos_addr, hos_created_by, hos_fax, hos_created_date, hos_curr_cod]
[05/jul/2024 13:43:25] [:] INFO - HHH000108: Foreign keys: []
[05/jul/2024 13:43:25] [:] INFO - HHH000108: Foreign keys: []
[05/jul/2024 13:43:25] [:] INFO - HHH000126: Indexes: [primary_key_1c]
[05/jul/2024 13:43:25] [:] INFO - HHH000126: Indexes: [primary_key_1c]
[05/jul/2024 13:43:25] [:] INFO - HHH000261: Table found: MYDB.PUBLIC.LABORATORY
[05/jul/2024 13:43:25] [:] INFO - HHH000261: Table found: MYDB.PUBLIC.LABORATORY
[05/jul/2024 13:43:25] [:] INFO - HHH000037: Columns: [lab_note, lab_active, lab_pat_name, lab_created_date, lab_exam_date, lab_pat_inout, lab_sex, lab_last_modified_date, lab_last_modified_by, lab_exa_id_a, lab_pat_id, lab_age, lab_material, lab_res, lab_created_by, lab_id, lab_lock, lab_date]
[05/jul/2024 13:43:25] [:] INFO - HHH000037: Columns: [lab_note, lab_active, lab_pat_name, lab_created_date, lab_exam_date, lab_pat_inout, lab_sex, lab_last_modified_date, lab_last_modified_by, lab_exa_id_a, lab_pat_id, lab_age, lab_material, lab_res, lab_created_by, lab_id, lab_lock, lab_date]
[05/jul/2024 13:43:25] [:] INFO - HHH000108: Foreign keys: [fk_t0nui5ce423ggtfux5rcc4nnb, fk_mqyr5ygaksgvep100h41w7ee2]
[05/jul/2024 13:43:25] [:] INFO - HHH000108: Foreign keys: [fk_t0nui5ce423ggtfux5rcc4nnb, fk_mqyr5ygaksgvep100h41w7ee2]
[05/jul/2024 13:43:25] [:] INFO - HHH000126: Indexes: [fk_t0nui5ce423ggtfux5rcc4nnb_index_d, primary_key_d5, fk_mqyr5ygaksgvep100h41w7ee2_index_d]
[05/jul/2024 13:43:25] [:] INFO - HHH000126: Indexes: [fk_t0nui5ce423ggtfux5rcc4nnb_index_d, primary_key_d5, fk_mqyr5ygaksgvep100h41w7ee2_index_d]
[05/jul/2024 13:43:25] [:] INFO - HHH000261: Table found: MYDB.PUBLIC.LABORATORYROW
[05/jul/2024 13:43:25] [:] INFO - HHH000261: Table found: MYDB.PUBLIC.LABORATORYROW
[05/jul/2024 13:43:25] [:] INFO - HHH000037: Columns: [labr_created_date, labr_last_modified_date, labr_id, labr_active, labr_created_by, labr_last_modified_by, labr_desc, labr_lab_id]
[05/jul/2024 13:43:25] [:] INFO - HHH000037: Columns: [labr_created_date, labr_last_modified_date, labr_id, labr_active, labr_created_by, labr_last_modified_by, labr_desc, labr_lab_id]
[05/jul/2024 13:43:25] [:] INFO - HHH000108: Foreign keys: [fk_8y5pgm2oxqfkpmy6ss3oacpa2]
[05/jul/2024 13:43:25] [:] INFO - HHH000108: Foreign keys: [fk_8y5pgm2oxqfkpmy6ss3oacpa2]
[05/jul/2024 13:43:25] [:] INFO - HHH000126: Indexes: [primary_key_4dc, fk_8y5pgm2oxqfkpmy6ss3oacpa2_index_4]
[05/jul/2024 13:43:25] [:] INFO - HHH000126: Indexes: [primary_key_4dc, fk_8y5pgm2oxqfkpmy6ss3oacpa2_index_4]
[05/jul/2024 13:43:25] [:] INFO - HHH000261: Table found: MYDB.PUBLIC.MALNUTRITIONCONTROL
[05/jul/2024 13:43:25] [:] INFO - HHH000261: Table found: MYDB.PUBLIC.MALNUTRITIONCONTROL
[05/jul/2024 13:43:25] [:] INFO - HHH000037: Columns: [mln_active, mln_created_by, mln_created_date, mln_last_modified_by, mln_last_modified_date, mln_date_supp, mln_lock, mln_height, mln_id, mln_weight, mnl_date_conf, mln_adm_id]
[05/jul/2024 13:43:25] [:] INFO - HHH000037: Columns: [mln_active, mln_created_by, mln_created_date, mln_last_modified_by, mln_last_modified_date, mln_date_supp, mln_lock, mln_height, mln_id, mln_weight, mnl_date_conf, mln_adm_id]
[05/jul/2024 13:43:25] [:] INFO - HHH000108: Foreign keys: [fk_66q4m8qrd89bpjhsrfpp5nqck]
[05/jul/2024 13:43:25] [:] INFO - HHH000108: Foreign keys: [fk_66q4m8qrd89bpjhsrfpp5nqck]
[05/jul/2024 13:43:25] [:] INFO - HHH000126: Indexes: [fk_66q4m8qrd89bpjhsrfpp5nqck_index_4, primary_key_4b]
[05/jul/2024 13:43:25] [:] INFO - HHH000126: Indexes: [fk_66q4m8qrd89bpjhsrfpp5nqck_index_4, primary_key_4b]
[05/jul/2024 13:43:25] [:] INFO - HHH000261: Table found: MYDB.PUBLIC.MEDICALDSR
[05/jul/2024 13:43:25] [:] INFO - HHH000261: Table found: MYDB.PUBLIC.MEDICALDSR
[05/jul/2024 13:43:25] [:] INFO - HHH000037: Columns: [mdsr_code, mdsr_ini_stock_qti, mdsr_out_qti, mdsr_last_modified_date, mdsr_desc, mdsr_created_date, mdsr_lock, mdsr_min_stock_qti, mdsr_pcs_x_pck, mdsr_id, mdsr_mdsrt_id_a, mdsr_active, mdsr_last_modified_by, mdsr_in_qti, mdsr_created_by]
[05/jul/2024 13:43:25] [:] INFO - HHH000037: Columns: [mdsr_code, mdsr_ini_stock_qti, mdsr_out_qti, mdsr_last_modified_date, mdsr_desc, mdsr_created_date, mdsr_lock, mdsr_min_stock_qti, mdsr_pcs_x_pck, mdsr_id, mdsr_mdsrt_id_a, mdsr_active, mdsr_last_modified_by, mdsr_in_qti, mdsr_created_by]
[05/jul/2024 13:43:25] [:] INFO - HHH000108: Foreign keys: [fk_mf9porlhvx6pqn7hu3v40lvie]
[05/jul/2024 13:43:25] [:] INFO - HHH000108: Foreign keys: [fk_mf9porlhvx6pqn7hu3v40lvie]
[05/jul/2024 13:43:25] [:] INFO - HHH000126: Indexes: [fk_mf9porlhvx6pqn7hu3v40lvie_index_9, primary_key_9]
[05/jul/2024 13:43:25] [:] INFO - HHH000126: Indexes: [fk_mf9porlhvx6pqn7hu3v40lvie_index_9, primary_key_9]
[05/jul/2024 13:43:25] [:] INFO - HHH000261: Table found: MYDB.PUBLIC.MEDICALDSRLOT
[05/jul/2024 13:43:25] [:] INFO - HHH000261: Table found: MYDB.PUBLIC.MEDICALDSRLOT
[05/jul/2024 13:43:25] [:] INFO - HHH000037: Columns: [lt_created_date, lt_prep_date, lt_created_by, lt_cost, lt_due_date, lt_id_a, lt_active, lt_last_modified_date, lt_mdsr_id, lt_last_modified_by]
[05/jul/2024 13:43:25] [:] INFO - HHH000037: Columns: [lt_created_date, lt_prep_date, lt_created_by, lt_cost, lt_due_date, lt_id_a, lt_active, lt_last_modified_date, lt_mdsr_id, lt_last_modified_by]
[05/jul/2024 13:43:25] [:] INFO - HHH000108: Foreign keys: [fk_1iv9x7mas38av1u5dwan6vl8o]
[05/jul/2024 13:43:25] [:] INFO - HHH000108: Foreign keys: [fk_1iv9x7mas38av1u5dwan6vl8o]
[05/jul/2024 13:43:25] [:] INFO - HHH000126: Indexes: [fk_1iv9x7mas38av1u5dwan6vl8o_index_6, primary_key_61]
[05/jul/2024 13:43:25] [:] INFO - HHH000126: Indexes: [fk_1iv9x7mas38av1u5dwan6vl8o_index_6, primary_key_61]
[05/jul/2024 13:43:25] [:] INFO - HHH000261: Table found: MYDB.PUBLIC.MEDICALDSRSTOCKMOV
[05/jul/2024 13:43:25] [:] INFO - HHH000261: Table found: MYDB.PUBLIC.MEDICALDSRSTOCKMOV
[05/jul/2024 13:43:25] [:] INFO - HHH000037: Columns: [mmv_last_modified_by, mmv_created_by, mmv_mmvt_id_a, mmv_created_date, mmv_mdsr_id, mmv_last_modified_date, mmv_id, mmv_lt_id_a, mmv_wrd_id_a, mmv_date, mmv_active, mmv_qty, mmv_from, mmv_refno]
[05/jul/2024 13:43:25] [:] INFO - HHH000037: Columns: [mmv_last_modified_by, mmv_created_by, mmv_mmvt_id_a, mmv_created_date, mmv_mdsr_id, mmv_last_modified_date, mmv_id, mmv_lt_id_a, mmv_wrd_id_a, mmv_date, mmv_active, mmv_qty, mmv_from, mmv_refno]
[05/jul/2024 13:43:25] [:] INFO - HHH000108: Foreign keys: [fk_7yik87rw77yyrjbjh1rovx51s, fk_mo8r5aabhi580la9aow4hhvcd, fk_hh707ktimsbexaairs2a47yqq, fk_qgyybt75mj0ynnhsubovhfnje, fk_p3y5sworcn2u7783r7ourivd2]
[05/jul/2024 13:43:25] [:] INFO - HHH000108: Foreign keys: [fk_7yik87rw77yyrjbjh1rovx51s, fk_mo8r5aabhi580la9aow4hhvcd, fk_hh707ktimsbexaairs2a47yqq, fk_qgyybt75mj0ynnhsubovhfnje, fk_p3y5sworcn2u7783r7ourivd2]
[05/jul/2024 13:43:25] [:] INFO - HHH000126: Indexes: [fk_p3y5sworcn2u7783r7ourivd2_index_2, fk_mo8r5aabhi580la9aow4hhvcd_index_2, fk_7yik87rw77yyrjbjh1rovx51s_index_2, primary_key_2f, fk_hh707ktimsbexaairs2a47yqq_index_2, fk_qgyybt75mj0ynnhsubovhfnje_index_2]
[05/jul/2024 13:43:25] [:] INFO - HHH000126: Indexes: [fk_p3y5sworcn2u7783r7ourivd2_index_2, fk_mo8r5aabhi580la9aow4hhvcd_index_2, fk_7yik87rw77yyrjbjh1rovx51s_index_2, primary_key_2f, fk_hh707ktimsbexaairs2a47yqq_index_2, fk_qgyybt75mj0ynnhsubovhfnje_index_2]
[05/jul/2024 13:43:25] [:] INFO - HHH000261: Table found: MYDB.PUBLIC.MEDICALDSRSTOCKMOVTYPE
[05/jul/2024 13:43:25] [:] INFO - HHH000261: Table found: MYDB.PUBLIC.MEDICALDSRSTOCKMOVTYPE
[05/jul/2024 13:43:25] [:] INFO - HHH000037: Columns: [mmvt_last_modified_by, mmvt_created_date, mmvt_desc, mmvt_last_modified_date, mmvt_type, mmvt_id_a, mmvt_created_by, mmvt_active]
[05/jul/2024 13:43:25] [:] INFO - HHH000037: Columns: [mmvt_last_modified_by, mmvt_created_date, mmvt_desc, mmvt_last_modified_date, mmvt_type, mmvt_id_a, mmvt_created_by, mmvt_active]
[05/jul/2024 13:43:25] [:] INFO - HHH000108: Foreign keys: []
[05/jul/2024 13:43:25] [:] INFO - HHH000108: Foreign keys: []
[05/jul/2024 13:43:25] [:] INFO - HHH000126: Indexes: [primary_key_d9]
[05/jul/2024 13:43:25] [:] INFO - HHH000126: Indexes: [primary_key_d9]
[05/jul/2024 13:43:25] [:] INFO - HHH000261: Table found: MYDB.PUBLIC.MEDICALDSRSTOCKMOVWARD
[05/jul/2024 13:43:25] [:] INFO - HHH000261: Table found: MYDB.PUBLIC.MEDICALDSRSTOCKMOVWARD
[05/jul/2024 13:43:25] [:] INFO - HHH000037: Columns: [mmvn_created_by, mmvn_is_patient, mmvn_last_modified_date, mmvn_wrd_id_a_to, mmvn_wrd_id_a_from, mmvn_lt_id, mmvn_mdsr_units, mmvn_created_date, mmvn_last_modified_by, mmvn_pat_id, mmvn_date, mmvn_wrd_id_a, mmvn_pat_weight, mmvn_mdsr_id, mmvn_pat_age, mmvn_desc, mmvn_id, mmvn_active, mmvn_mdsr_qty]
[05/jul/2024 13:43:25] [:] INFO - HHH000037: Columns: [mmvn_created_by, mmvn_is_patient, mmvn_last_modified_date, mmvn_wrd_id_a_to, mmvn_wrd_id_a_from, mmvn_lt_id, mmvn_mdsr_units, mmvn_created_date, mmvn_last_modified_by, mmvn_pat_id, mmvn_date, mmvn_wrd_id_a, mmvn_pat_weight, mmvn_mdsr_id, mmvn_pat_age, mmvn_desc, mmvn_id, mmvn_active, mmvn_mdsr_qty]
[05/jul/2024 13:43:25] [:] INFO - HHH000108: Foreign keys: [fk_rh1dk8t1y9uqnl1xa2jd42xdu, fk_jye20rb5qq5hm36e1rwcai2bp, fk_dv14nvlaoqgjet58l5j5dvj2o, fk_fhfphtj0s9dlnweujhftyrw13, fk_kmx41rtrt0wn6msaqu9wy375k, fk_30lkwtd5l0c38fu678rl5eulw]
[05/jul/2024 13:43:25] [:] INFO - HHH000108: Foreign keys: [fk_rh1dk8t1y9uqnl1xa2jd42xdu, fk_jye20rb5qq5hm36e1rwcai2bp, fk_dv14nvlaoqgjet58l5j5dvj2o, fk_fhfphtj0s9dlnweujhftyrw13, fk_kmx41rtrt0wn6msaqu9wy375k, fk_30lkwtd5l0c38fu678rl5eulw]
[05/jul/2024 13:43:25] [:] INFO - HHH000126: Indexes: [fk_kmx41rtrt0wn6msaqu9wy375k_index_d, primary_key_d9e, fk_fhfphtj0s9dlnweujhftyrw13_index_d, fk_dv14nvlaoqgjet58l5j5dvj2o_index_d, fk_30lkwtd5l0c38fu678rl5eulw_index_d, fk_jye20rb5qq5hm36e1rwcai2bp_index_d, fk_rh1dk8t1y9uqnl1xa2jd42xdu_index_d]
[05/jul/2024 13:43:25] [:] INFO - HHH000126: Indexes: [fk_kmx41rtrt0wn6msaqu9wy375k_index_d, primary_key_d9e, fk_fhfphtj0s9dlnweujhftyrw13_index_d, fk_dv14nvlaoqgjet58l5j5dvj2o_index_d, fk_30lkwtd5l0c38fu678rl5eulw_index_d, fk_jye20rb5qq5hm36e1rwcai2bp_index_d, fk_rh1dk8t1y9uqnl1xa2jd42xdu_index_d]
[05/jul/2024 13:43:25] [:] INFO - HHH000261: Table found: MYDB.PUBLIC.MEDICALDSRTYPE
[05/jul/2024 13:43:25] [:] INFO - HHH000261: Table found: MYDB.PUBLIC.MEDICALDSRTYPE
[05/jul/2024 13:43:25] [:] INFO - HHH000037: Columns: [mdsrt_id_a, mdsrt_created_by, mdsrt_last_modified_by, mdsrt_created_date, mdsrt_last_modified_date, mdsrt_desc, mdsrt_active]
[05/jul/2024 13:43:25] [:] INFO - HHH000037: Columns: [mdsrt_id_a, mdsrt_created_by, mdsrt_last_modified_by, mdsrt_created_date, mdsrt_last_modified_date, mdsrt_desc, mdsrt_active]
[05/jul/2024 13:43:25] [:] INFO - HHH000108: Foreign keys: []
[05/jul/2024 13:43:25] [:] INFO - HHH000108: Foreign keys: []
[05/jul/2024 13:43:25] [:] INFO - HHH000126: Indexes: [primary_key_c]
[05/jul/2024 13:43:25] [:] INFO - HHH000126: Indexes: [primary_key_c]
[05/jul/2024 13:43:25] [:] INFO - HHH000261: Table found: MYDB.PUBLIC.MEDICALDSRWARD
[05/jul/2024 13:43:25] [:] INFO - HHH000261: Table found: MYDB.PUBLIC.MEDICALDSRWARD
[05/jul/2024 13:43:25] [:] INFO - HHH000037: Columns: [mdsrwrd_wrd_id_a, mdsrwrd_mdsr_id, mdsrwrd_in_qti, mdsrwrd_active, mdsrwrd_created_by, mdsrwrd_created_date, mdsrwrd_out_qti, mdsrwrd_last_modified_by, mdsrwrd_last_modified_date, mdsrwrd_lt_id_a]
[05/jul/2024 13:43:25] [:] INFO - HHH000037: Columns: [mdsrwrd_wrd_id_a, mdsrwrd_mdsr_id, mdsrwrd_in_qti, mdsrwrd_active, mdsrwrd_created_by, mdsrwrd_created_date, mdsrwrd_out_qti, mdsrwrd_last_modified_by, mdsrwrd_last_modified_date, mdsrwrd_lt_id_a]
[05/jul/2024 13:43:25] [:] INFO - HHH000108: Foreign keys: [fk_o4b3w0sm2ewvkjvl1485nhh82, fk_libtpn1mfr13jexqax1wupqun, fk_a9qpp5ca378tjn67n47rh2lqw]
[05/jul/2024 13:43:25] [:] INFO - HHH000108: Foreign keys: [fk_o4b3w0sm2ewvkjvl1485nhh82, fk_libtpn1mfr13jexqax1wupqun, fk_a9qpp5ca378tjn67n47rh2lqw]
[05/jul/2024 13:43:25] [:] INFO - HHH000126: Indexes: [fk_a9qpp5ca378tjn67n47rh2lqw_index_c, primary_key_c4, fk_libtpn1mfr13jexqax1wupqun_index_c, fk_o4b3w0sm2ewvkjvl1485nhh82_index_c]
[05/jul/2024 13:43:25] [:] INFO - HHH000126: Indexes: [fk_a9qpp5ca378tjn67n47rh2lqw_index_c, primary_key_c4, fk_libtpn1mfr13jexqax1wupqun_index_c, fk_o4b3w0sm2ewvkjvl1485nhh82_index_c]
[05/jul/2024 13:43:25] [:] INFO - HHH000261: Table found: MYDB.PUBLIC.MENUITEM
[05/jul/2024 13:43:25] [:] INFO - HHH000261: Table found: MYDB.PUBLIC.MENUITEM
[05/jul/2024 13:43:25] [:] INFO - HHH000037: Columns: [mni_id_a, mni_label, mni_submenu, mni_class, mni_tooltip, mni_btn_label, mni_is_submenu, mni_position, mni_shortcut]
[05/jul/2024 13:43:25] [:] INFO - HHH000037: Columns: [mni_id_a, mni_label, mni_submenu, mni_class, mni_tooltip, mni_btn_label, mni_is_submenu, mni_position, mni_shortcut]
[05/jul/2024 13:43:25] [:] INFO - HHH000108: Foreign keys: []
[05/jul/2024 13:43:25] [:] INFO - HHH000108: Foreign keys: []
[05/jul/2024 13:43:25] [:] INFO - HHH000126: Indexes: [primary_key_ab]
[05/jul/2024 13:43:25] [:] INFO - HHH000126: Indexes: [primary_key_ab]
[05/jul/2024 13:43:25] [:] INFO - HHH000261: Table found: MYDB.PUBLIC.OPD
[05/jul/2024 13:43:25] [:] INFO - HHH000261: Table found: MYDB.PUBLIC.OPD
[05/jul/2024 13:43:25] [:] INFO - HHH000037: Columns: [opd_date, opd_note, opd_date_vis, opd_age, opd_referral_from, opd_created_by, opd_lock, opd_sex, opd_pat_id, opd_last_modified_by, opd_referral_to, opd_date_next_vis, opd_dis_id_a_3, opd_dis_id_a_2, opd_usr_id_a, opd_id, opd_prog_year, opd_last_modified_date, opd_dis_id_a, opd_new_pat, opd_active, opd_created_date]
[05/jul/2024 13:43:25] [:] INFO - HHH000037: Columns: [opd_date, opd_note, opd_date_vis, opd_age, opd_referral_from, opd_created_by, opd_lock, opd_sex, opd_pat_id, opd_last_modified_by, opd_referral_to, opd_date_next_vis, opd_dis_id_a_3, opd_dis_id_a_2, opd_usr_id_a, opd_id, opd_prog_year, opd_last_modified_date, opd_dis_id_a, opd_new_pat, opd_active, opd_created_date]
[05/jul/2024 13:43:25] [:] INFO - HHH000108: Foreign keys: [fk_nth29xfm0gqmwmgo65dvstnlr, fk_3b60rq2tfjjet1r9o666yny67, fk_h04rx24x2i1fmgobfk3am173p, fk_mrxu1s33gqles6alhj47seitd]
[05/jul/2024 13:43:25] [:] INFO - HHH000108: Foreign keys: [fk_nth29xfm0gqmwmgo65dvstnlr, fk_3b60rq2tfjjet1r9o666yny67, fk_h04rx24x2i1fmgobfk3am173p, fk_mrxu1s33gqles6alhj47seitd]
[05/jul/2024 13:43:25] [:] INFO - HHH000126: Indexes: [fk_3b60rq2tfjjet1r9o666yny67_index_1, fk_mrxu1s33gqles6alhj47seitd_index_1, primary_key_13, fk_nth29xfm0gqmwmgo65dvstnlr_index_1, fk_h04rx24x2i1fmgobfk3am173p_index_1]
[05/jul/2024 13:43:25] [:] INFO - HHH000126: Indexes: [fk_3b60rq2tfjjet1r9o666yny67_index_1, fk_mrxu1s33gqles6alhj47seitd_index_1, primary_key_13, fk_nth29xfm0gqmwmgo65dvstnlr_index_1, fk_h04rx24x2i1fmgobfk3am173p_index_1]
[05/jul/2024 13:43:25] [:] INFO - HHH000261: Table found: MYDB.PUBLIC.OPERATION
[05/jul/2024 13:43:25] [:] INFO - HHH000261: Table found: MYDB.PUBLIC.OPERATION
[05/jul/2024 13:43:25] [:] INFO - HHH000037: Columns: [ope_for, ope_last_modified_by, ope_desc, ope_lock, ope_id_a, ope_stat, ope_ocl_id_a, ope_created_date, ope_last_modified_date, ope_created_by, ope_active]
[05/jul/2024 13:43:25] [:] INFO - HHH000037: Columns: [ope_for, ope_last_modified_by, ope_desc, ope_lock, ope_id_a, ope_stat, ope_ocl_id_a, ope_created_date, ope_last_modified_date, ope_created_by, ope_active]
[05/jul/2024 13:43:25] [:] INFO - HHH000108: Foreign keys: [fk_1nyvsf6ha4i89bpx39pd8ott9]
[05/jul/2024 13:43:25] [:] INFO - HHH000108: Foreign keys: [fk_1nyvsf6ha4i89bpx39pd8ott9]
[05/jul/2024 13:43:25] [:] INFO - HHH000126: Indexes: [primary_key_93, fk_1nyvsf6ha4i89bpx39pd8ott9_index_9]
[05/jul/2024 13:43:25] [:] INFO - HHH000126: Indexes: [primary_key_93, fk_1nyvsf6ha4i89bpx39pd8ott9_index_9]
[05/jul/2024 13:43:25] [:] INFO - HHH000261: Table found: MYDB.PUBLIC.OPERATIONROW
[05/jul/2024 13:43:25] [:] INFO - HHH000261: Table found: MYDB.PUBLIC.OPERATIONROW
[05/jul/2024 13:43:25] [:] INFO - HHH000037: Columns: [oper_result, oper_opdate, oper_id_a, oper_remarks, oper_trans_unit, oper_bill_id, oper_prescriber, oper_admission_id, oper_opd_id, oper_id]
[05/jul/2024 13:43:25] [:] INFO - HHH000037: Columns: [oper_result, oper_opdate, oper_id_a, oper_remarks, oper_trans_unit, oper_bill_id, oper_prescriber, oper_admission_id, oper_opd_id, oper_id]
[05/jul/2024 13:43:25] [:] INFO - HHH000108: Foreign keys: [fk_ran2i50125kpho7sbfjev22br, fk_g83y9kmg8hk9n4gkyccgcwl59, fk_bpyjq3pxlcpmj6dk00rdppllk, fk_3w22ep28spkoi47rmqryighg]
[05/jul/2024 13:43:25] [:] INFO - HHH000108: Foreign keys: [fk_ran2i50125kpho7sbfjev22br, fk_g83y9kmg8hk9n4gkyccgcwl59, fk_bpyjq3pxlcpmj6dk00rdppllk, fk_3w22ep28spkoi47rmqryighg]
[05/jul/2024 13:43:25] [:] INFO - HHH000126: Indexes: [fk_3w22ep28spkoi47rmqryighg_index_7, fk_g83y9kmg8hk9n4gkyccgcwl59_index_7, primary_key_79, fk_bpyjq3pxlcpmj6dk00rdppllk_index_7, fk_ran2i50125kpho7sbfjev22br_index_7]
[05/jul/2024 13:43:25] [:] INFO - HHH000126: Indexes: [fk_3w22ep28spkoi47rmqryighg_index_7, fk_g83y9kmg8hk9n4gkyccgcwl59_index_7, primary_key_79, fk_bpyjq3pxlcpmj6dk00rdppllk_index_7, fk_ran2i50125kpho7sbfjev22br_index_7]
[05/jul/2024 13:43:25] [:] INFO - HHH000261: Table found: MYDB.PUBLIC.OPERATIONTYPE
[05/jul/2024 13:43:25] [:] INFO - HHH000261: Table found: MYDB.PUBLIC.OPERATIONTYPE
[05/jul/2024 13:43:25] [:] INFO - HHH000037: Columns: [ocl_active, ocl_id_a, ocl_last_modified_date, ocl_last_modified_by, ocl_desc, ocl_created_date, ocl_created_by]
[05/jul/2024 13:43:25] [:] INFO - HHH000037: Columns: [ocl_active, ocl_id_a, ocl_last_modified_date, ocl_last_modified_by, ocl_desc, ocl_created_date, ocl_created_by]
[05/jul/2024 13:43:25] [:] INFO - HHH000108: Foreign keys: []
[05/jul/2024 13:43:25] [:] INFO - HHH000108: Foreign keys: []
[05/jul/2024 13:43:25] [:] INFO - HHH000126: Indexes: [primary_key_bf]
[05/jul/2024 13:43:25] [:] INFO - HHH000126: Indexes: [primary_key_bf]
[05/jul/2024 13:43:25] [:] INFO - HHH000261: Table found: MYDB.PUBLIC.PATIENT
[05/jul/2024 13:43:25] [:] INFO - HHH000261: Table found: MYDB.PUBLIC.PATIENT
[05/jul/2024 13:43:25] [:] INFO - HHH000037: Columns: [pat_created_by, pat_sex, pat_name, pat_btype, pat_last_modified_by, pat_moth, pat_mar_stat, pat_active, pat_addr, pat_fath, pat_fname, pat_lock, pat_next_kin, pat_sname, pat_id, pat_city, pat_deleted, pat_agetype, pat_tele, pat_taxcode, pat_esta, pat_age, pat_fath_name, pat_note, pat_last_modified_date, pat_created_date, pat_bdate, profile_photo_id, pat_moth_name, pat_ptoge, pat_profession]
[05/jul/2024 13:43:25] [:] INFO - HHH000037: Columns: [pat_created_by, pat_sex, pat_name, pat_btype, pat_last_modified_by, pat_moth, pat_mar_stat, pat_active, pat_addr, pat_fath, pat_fname, pat_lock, pat_next_kin, pat_sname, pat_id, pat_city, pat_deleted, pat_agetype, pat_tele, pat_taxcode, pat_esta, pat_age, pat_fath_name, pat_note, pat_last_modified_date, pat_created_date, pat_bdate, profile_photo_id, pat_moth_name, pat_ptoge, pat_profession]
[05/jul/2024 13:43:25] [:] INFO - HHH000108: Foreign keys: [fk_5hi42h8umin9u94vuey9qu7g4]
[05/jul/2024 13:43:25] [:] INFO - HHH000108: Foreign keys: [fk_5hi42h8umin9u94vuey9qu7g4]
[05/jul/2024 13:43:25] [:] INFO - HHH000126: Indexes: [fk_5hi42h8umin9u94vuey9qu7g4_index_f, primary_key_f]
[05/jul/2024 13:43:25] [:] INFO - HHH000126: Indexes: [fk_5hi42h8umin9u94vuey9qu7g4_index_f, primary_key_f]
[05/jul/2024 13:43:25] [:] INFO - HHH000261: Table found: MYDB.PUBLIC.PATIENTEXAMINATION
[05/jul/2024 13:43:25] [:] INFO - HHH000261: Table found: MYDB.PUBLIC.PATIENTEXAMINATION
[05/jul/2024 13:43:25] [:] INFO - HHH000037: Columns: [pex_hr, pex_date, pex_hgt, pex_note, pex_ap_min, pex_bowel_desc, pex_ausc, pex_ap_max, pex_diuresis, pex_id, pex_sat, pex_height, pex_pat_id, pex_rr, pex_weight, pex_diuresis_desc, pex_temp]
[05/jul/2024 13:43:25] [:] INFO - HHH000037: Columns: [pex_hr, pex_date, pex_hgt, pex_note, pex_ap_min, pex_bowel_desc, pex_ausc, pex_ap_max, pex_diuresis, pex_id, pex_sat, pex_height, pex_pat_id, pex_rr, pex_weight, pex_diuresis_desc, pex_temp]
[05/jul/2024 13:43:25] [:] INFO - HHH000108: Foreign keys: [fk_n4r4lq9hnn9yxyn6n3pobr8ee]
[05/jul/2024 13:43:25] [:] INFO - HHH000108: Foreign keys: [fk_n4r4lq9hnn9yxyn6n3pobr8ee]
[05/jul/2024 13:43:25] [:] INFO - HHH000126: Indexes: [fk_n4r4lq9hnn9yxyn6n3pobr8ee_index_3, primary_key_3c]
[05/jul/2024 13:43:25] [:] INFO - HHH000126: Indexes: [fk_n4r4lq9hnn9yxyn6n3pobr8ee_index_3, primary_key_3c]
[05/jul/2024 13:43:25] [:] INFO - HHH000261: Table found: MYDB.PUBLIC.PATIENTVACCINE
[05/jul/2024 13:43:25] [:] INFO - HHH000261: Table found: MYDB.PUBLIC.PATIENTVACCINE
[05/jul/2024 13:43:25] [:] INFO - HHH000037: Columns: [pav_created_date, pav_yprog, pav_pat_id, pav_id, pav_active, pav_created_by, pav_lock, pav_vac_id_a, pav_last_modified_by, pav_date, pav_last_modified_date]
[05/jul/2024 13:43:25] [:] INFO - HHH000037: Columns: [pav_created_date, pav_yprog, pav_pat_id, pav_id, pav_active, pav_created_by, pav_lock, pav_vac_id_a, pav_last_modified_by, pav_date, pav_last_modified_date]
[05/jul/2024 13:43:25] [:] INFO - HHH000108: Foreign keys: [fk_1hx84tq81kx886oq5qo96ecke, fk_jah1ivjy7pmgjqbw6ot2ng674]
[05/jul/2024 13:43:25] [:] INFO - HHH000108: Foreign keys: [fk_1hx84tq81kx886oq5qo96ecke, fk_jah1ivjy7pmgjqbw6ot2ng674]
[05/jul/2024 13:43:25] [:] INFO - HHH000126: Indexes: [fk_1hx84tq81kx886oq5qo96ecke_index_7, fk_jah1ivjy7pmgjqbw6ot2ng674_index_7, primary_key_72]
[05/jul/2024 13:43:25] [:] INFO - HHH000126: Indexes: [fk_1hx84tq81kx886oq5qo96ecke_index_7, fk_jah1ivjy7pmgjqbw6ot2ng674_index_7, primary_key_72]
[05/jul/2024 13:43:25] [:] INFO - HHH000261: Table found: MYDB.PUBLIC.PATIENT_PROFILE_PHOTO
[05/jul/2024 13:43:25] [:] INFO - HHH000261: Table found: MYDB.PUBLIC.PATIENT_PROFILE_PHOTO
[05/jul/2024 13:43:25] [:] INFO - HHH000037: Columns: [pat_profile_photo_id, pat_photo]
[05/jul/2024 13:43:25] [:] INFO - HHH000037: Columns: [pat_profile_photo_id, pat_photo]
[05/jul/2024 13:43:25] [:] INFO - HHH000108: Foreign keys: []
[05/jul/2024 13:43:25] [:] INFO - HHH000108: Foreign keys: []
[05/jul/2024 13:43:25] [:] INFO - HHH000126: Indexes: [primary_key_d4]
[05/jul/2024 13:43:25] [:] INFO - HHH000126: Indexes: [primary_key_d4]
[05/jul/2024 13:43:25] [:] INFO - HHH000261: Table found: MYDB.PUBLIC.PREGNANTTREATMENTTYPE
[05/jul/2024 13:43:25] [:] INFO - HHH000261: Table found: MYDB.PUBLIC.PREGNANTTREATMENTTYPE
[05/jul/2024 13:43:25] [:] INFO - HHH000037: Columns: [ptt_desc, ptt_created_by, ptt_last_modified_by, ptt_id_a, ptt_last_modified_date, ptt_active, ptt_created_date]
[05/jul/2024 13:43:25] [:] INFO - HHH000037: Columns: [ptt_desc, ptt_created_by, ptt_last_modified_by, ptt_id_a, ptt_last_modified_date, ptt_active, ptt_created_date]
[05/jul/2024 13:43:25] [:] INFO - HHH000108: Foreign keys: []
[05/jul/2024 13:43:25] [:] INFO - HHH000108: Foreign keys: []
[05/jul/2024 13:43:25] [:] INFO - HHH000126: Indexes: [primary_key_ff]
[05/jul/2024 13:43:25] [:] INFO - HHH000126: Indexes: [primary_key_ff]
[05/jul/2024 13:43:25] [:] INFO - HHH000261: Table found: MYDB.PUBLIC.PRICELISTS
[05/jul/2024 13:43:25] [:] INFO - HHH000261: Table found: MYDB.PUBLIC.PRICELISTS
[05/jul/2024 13:43:25] [:] INFO - HHH000037: Columns: [lst_created_date, lst_desc, lst_last_modified_by, lst_currency, lst_name, lst_code, lst_active, lst_id, lst_created_by, lst_last_modified_date]
[05/jul/2024 13:43:25] [:] INFO - HHH000037: Columns: [lst_created_date, lst_desc, lst_last_modified_by, lst_currency, lst_name, lst_code, lst_active, lst_id, lst_created_by, lst_last_modified_date]
[05/jul/2024 13:43:25] [:] INFO - HHH000108: Foreign keys: []
[05/jul/2024 13:43:25] [:] INFO - HHH000108: Foreign keys: []
[05/jul/2024 13:43:25] [:] INFO - HHH000126: Indexes: [primary_key_c6]
[05/jul/2024 13:43:25] [:] INFO - HHH000126: Indexes: [primary_key_c6]
[05/jul/2024 13:43:25] [:] INFO - HHH000261: Table found: MYDB.PUBLIC.PRICES
[05/jul/2024 13:43:25] [:] INFO - HHH000261: Table found: MYDB.PUBLIC.PRICES
[05/jul/2024 13:43:25] [:] INFO - HHH000037: Columns: [prc_price, prc_last_modified_by, prc_item, prc_grp, prc_last_modified_date, prc_id, prc_active, prc_created_by, prc_created_date, prc_desc, prc_lst_id]
[05/jul/2024 13:43:25] [:] INFO - HHH000037: Columns: [prc_price, prc_last_modified_by, prc_item, prc_grp, prc_last_modified_date, prc_id, prc_active, prc_created_by, prc_created_date, prc_desc, prc_lst_id]
[05/jul/2024 13:43:25] [:] INFO - HHH000108: Foreign keys: [fk_gllru1ydgbp9aijatb2beu3b4]
[05/jul/2024 13:43:25] [:] INFO - HHH000108: Foreign keys: [fk_gllru1ydgbp9aijatb2beu3b4]
[05/jul/2024 13:43:25] [:] INFO - HHH000126: Indexes: [fk_gllru1ydgbp9aijatb2beu3b4_index_8, primary_key_8d]
[05/jul/2024 13:43:25] [:] INFO - HHH000126: Indexes: [fk_gllru1ydgbp9aijatb2beu3b4_index_8, primary_key_8d]
[05/jul/2024 13:43:25] [:] INFO - HHH000261: Table found: MYDB.PUBLIC.PRICESOTHERS
[05/jul/2024 13:43:25] [:] INFO - HHH000261: Table found: MYDB.PUBLIC.PRICESOTHERS
[05/jul/2024 13:43:25] [:] INFO - HHH000037: Columns: [oth_last_modified_date, oth_created_date, oth_undefined, oth_ipd_include, oth_id, oth_discharge, oth_active, oth_opd_include, oth_daily, oth_desc, oth_created_by, oth_last_modified_by, oth_code]
[05/jul/2024 13:43:25] [:] INFO - HHH000037: Columns: [oth_last_modified_date, oth_created_date, oth_undefined, oth_ipd_include, oth_id, oth_discharge, oth_active, oth_opd_include, oth_daily, oth_desc, oth_created_by, oth_last_modified_by, oth_code]
[05/jul/2024 13:43:25] [:] INFO - HHH000108: Foreign keys: []
[05/jul/2024 13:43:25] [:] INFO - HHH000108: Foreign keys: []
[05/jul/2024 13:43:25] [:] INFO - HHH000126: Indexes: [primary_key_41]
[05/jul/2024 13:43:25] [:] INFO - HHH000126: Indexes: [primary_key_41]
[05/jul/2024 13:43:25] [:] INFO - HHH000261: Table found: MYDB.PUBLIC.SMS
[05/jul/2024 13:43:25] [:] INFO - HHH000261: Table found: MYDB.PUBLIC.SMS
[05/jul/2024 13:43:25] [:] INFO - HHH000037: Columns: [sms_date, sms_id, sms_mod, sms_date_sent, sms_user, sms_mod_id, sms_date_sched, sms_number, sms_text]
[05/jul/2024 13:43:25] [:] INFO - HHH000037: Columns: [sms_date, sms_id, sms_mod, sms_date_sent, sms_user, sms_mod_id, sms_date_sched, sms_number, sms_text]
[05/jul/2024 13:43:25] [:] INFO - HHH000108: Foreign keys: []
[05/jul/2024 13:43:25] [:] INFO - HHH000108: Foreign keys: []
[05/jul/2024 13:43:25] [:] INFO - HHH000126: Indexes: [primary_key_14]
[05/jul/2024 13:43:25] [:] INFO - HHH000126: Indexes: [primary_key_14]
[05/jul/2024 13:43:25] [:] INFO - HHH000261: Table found: MYDB.PUBLIC.SUPPLIER
[05/jul/2024 13:43:25] [:] INFO - HHH000261: Table found: MYDB.PUBLIC.SUPPLIER
[05/jul/2024 13:43:25] [:] INFO - HHH000037: Columns: [sup_created_by, sup_created_date, sup_phone, sup_fax, sup_address, sup_last_modified_by, sup_taxcode, sup_id, sup_note, sup_active, sup_name, sup_email, sup_last_modified_date, sup_deleted]
[05/jul/2024 13:43:25] [:] INFO - HHH000037: Columns: [sup_created_by, sup_created_date, sup_phone, sup_fax, sup_address, sup_last_modified_by, sup_taxcode, sup_id, sup_note, sup_active, sup_name, sup_email, sup_last_modified_date, sup_deleted]
[05/jul/2024 13:43:25] [:] INFO - HHH000108: Foreign keys: []
[05/jul/2024 13:43:25] [:] INFO - HHH000108: Foreign keys: []
[05/jul/2024 13:43:25] [:] INFO - HHH000126: Indexes: [primary_key_cb]
[05/jul/2024 13:43:25] [:] INFO - HHH000126: Indexes: [primary_key_cb]
[05/jul/2024 13:43:25] [:] INFO - HHH000261: Table found: MYDB.PUBLIC.THERAPIES
[05/jul/2024 13:43:25] [:] INFO - HHH000261: Table found: MYDB.PUBLIC.THERAPIES
[05/jul/2024 13:43:25] [:] INFO - HHH000037: Columns: [thr_last_modified_date, thr_sms, thr_qty, thr_pat_id, thr_freqinday, thr_startdate, thr_enddate, thr_note, thr_freqinprd, thr_unt_id, thr_mdsr_id, thr_created_by, thr_last_modified_by, thr_created_date, thr_notify, thr_id, thr_active]
[05/jul/2024 13:43:25] [:] INFO - HHH000037: Columns: [thr_last_modified_date, thr_sms, thr_qty, thr_pat_id, thr_freqinday, thr_startdate, thr_enddate, thr_note, thr_freqinprd, thr_unt_id, thr_mdsr_id, thr_created_by, thr_last_modified_by, thr_created_date, thr_notify, thr_id, thr_active]
[05/jul/2024 13:43:25] [:] INFO - HHH000108: Foreign keys: [fk_g59hps3r2bovg1w8n18b1pbi0]
[05/jul/2024 13:43:25] [:] INFO - HHH000108: Foreign keys: [fk_g59hps3r2bovg1w8n18b1pbi0]
[05/jul/2024 13:43:25] [:] INFO - HHH000126: Indexes: [primary_key_af, fk_g59hps3r2bovg1w8n18b1pbi0_index_a]
[05/jul/2024 13:43:25] [:] INFO - HHH000126: Indexes: [primary_key_af, fk_g59hps3r2bovg1w8n18b1pbi0_index_a]
[05/jul/2024 13:43:25] [:] INFO - HHH000261: Table found: MYDB.PUBLIC.USER
[05/jul/2024 13:43:25] [:] INFO - HHH000261: Table found: MYDB.PUBLIC.USER
[05/jul/2024 13:43:25] [:] INFO - HHH000037: Columns: [us_created_date, us_desc, us_passwd, us_active, us_last_modified_by, us_last_modified_date, us_id_a, us_created_by, us_ug_id_a]
[05/jul/2024 13:43:25] [:] INFO - HHH000037: Columns: [us_created_date, us_desc, us_passwd, us_active, us_last_modified_by, us_last_modified_date, us_id_a, us_created_by, us_ug_id_a]
[05/jul/2024 13:43:25] [:] INFO - HHH000108: Foreign keys: [fk_44h4vbv4wl5qo7rtq6pk4prph]
[05/jul/2024 13:43:25] [:] INFO - HHH000108: Foreign keys: [fk_44h4vbv4wl5qo7rtq6pk4prph]
[05/jul/2024 13:43:25] [:] INFO - HHH000126: Indexes: [fk_44h4vbv4wl5qo7rtq6pk4prph_index_2, primary_key_27]
[05/jul/2024 13:43:25] [:] INFO - HHH000126: Indexes: [fk_44h4vbv4wl5qo7rtq6pk4prph_index_2, primary_key_27]
[05/jul/2024 13:43:25] [:] INFO - HHH000261: Table found: MYDB.PUBLIC.USERGROUP
[05/jul/2024 13:43:25] [:] INFO - HHH000261: Table found: MYDB.PUBLIC.USERGROUP
[05/jul/2024 13:43:25] [:] INFO - HHH000037: Columns: [ug_id_a, ug_created_date, ug_created_by, ug_last_modified_by, ug_last_modified_date, ug_desc, ug_active]
[05/jul/2024 13:43:25] [:] INFO - HHH000037: Columns: [ug_id_a, ug_created_date, ug_created_by, ug_last_modified_by, ug_last_modified_date, ug_desc, ug_active]
[05/jul/2024 13:43:25] [:] INFO - HHH000108: Foreign keys: []
[05/jul/2024 13:43:25] [:] INFO - HHH000108: Foreign keys: []
[05/jul/2024 13:43:25] [:] INFO - HHH000126: Indexes: [primary_key_ba]
[05/jul/2024 13:43:25] [:] INFO - HHH000126: Indexes: [primary_key_ba]
[05/jul/2024 13:43:25] [:] INFO - HHH000261: Table found: MYDB.PUBLIC.VACCINE
[05/jul/2024 13:43:25] [:] INFO - HHH000261: Table found: MYDB.PUBLIC.VACCINE
[05/jul/2024 13:43:25] [:] INFO - HHH000037: Columns: [vac_created_by, vac_active, vac_last_modified_by, vac_vact_id_a, vac_id_a, vac_lock, vac_desc, vac_last_modified_date, vac_created_date]
[05/jul/2024 13:43:25] [:] INFO - HHH000037: Columns: [vac_created_by, vac_active, vac_last_modified_by, vac_vact_id_a, vac_id_a, vac_lock, vac_desc, vac_last_modified_date, vac_created_date]
[05/jul/2024 13:43:25] [:] INFO - HHH000108: Foreign keys: [fk_25b0da38sqnfklfk7502kiaiu]
[05/jul/2024 13:43:25] [:] INFO - HHH000108: Foreign keys: [fk_25b0da38sqnfklfk7502kiaiu]
[05/jul/2024 13:43:25] [:] INFO - HHH000126: Indexes: [fk_25b0da38sqnfklfk7502kiaiu_index_3, primary_key_38]
[05/jul/2024 13:43:25] [:] INFO - HHH000126: Indexes: [fk_25b0da38sqnfklfk7502kiaiu_index_3, primary_key_38]
[05/jul/2024 13:43:25] [:] INFO - HHH000261: Table found: MYDB.PUBLIC.VACCINETYPE
[05/jul/2024 13:43:25] [:] INFO - HHH000261: Table found: MYDB.PUBLIC.VACCINETYPE
[05/jul/2024 13:43:25] [:] INFO - HHH000037: Columns: [vact_created_date, vact_id_a, vact_active, vact_desc, vact_created_by, vact_last_modified_by, vact_last_modified_date]
[05/jul/2024 13:43:25] [:] INFO - HHH000037: Columns: [vact_created_date, vact_id_a, vact_active, vact_desc, vact_created_by, vact_last_modified_by, vact_last_modified_date]
[05/jul/2024 13:43:25] [:] INFO - HHH000108: Foreign keys: []
[05/jul/2024 13:43:25] [:] INFO - HHH000108: Foreign keys: []
[05/jul/2024 13:43:25] [:] INFO - HHH000126: Indexes: [primary_key_a8]
[05/jul/2024 13:43:25] [:] INFO - HHH000126: Indexes: [primary_key_a8]
[05/jul/2024 13:43:25] [:] INFO - HHH000261: Table found: MYDB.PUBLIC.VISITS
[05/jul/2024 13:43:25] [:] INFO - HHH000261: Table found: MYDB.PUBLIC.VISITS
[05/jul/2024 13:43:25] [:] INFO - HHH000037: Columns: [vst_created_by, vst_pat_id, vst_id, vst_date, vst_created_date, vst_note, vst_service, vst_active, vst_duration, vst_wrd_id_a, vst_last_modified_date, vst_last_modified_by, vst_sms]
[05/jul/2024 13:43:25] [:] INFO - HHH000037: Columns: [vst_created_by, vst_pat_id, vst_id, vst_date, vst_created_date, vst_note, vst_service, vst_active, vst_duration, vst_wrd_id_a, vst_last_modified_date, vst_last_modified_by, vst_sms]
[05/jul/2024 13:43:25] [:] INFO - HHH000108: Foreign keys: [fk_bsrpnte20i8newlhsxewh7tf8, fk_m9n0kddhtuij1qs630d1q4fnd]
[05/jul/2024 13:43:25] [:] INFO - HHH000108: Foreign keys: [fk_bsrpnte20i8newlhsxewh7tf8, fk_m9n0kddhtuij1qs630d1q4fnd]
[05/jul/2024 13:43:25] [:] INFO - HHH000126: Indexes: [fk_m9n0kddhtuij1qs630d1q4fnd_index_9, primary_key_96, fk_bsrpnte20i8newlhsxewh7tf8_index_9]
[05/jul/2024 13:43:25] [:] INFO - HHH000126: Indexes: [fk_m9n0kddhtuij1qs630d1q4fnd_index_9, primary_key_96, fk_bsrpnte20i8newlhsxewh7tf8_index_9]
[05/jul/2024 13:43:25] [:] INFO - HHH000261: Table found: MYDB.PUBLIC.WARD
[05/jul/2024 13:43:25] [:] INFO - HHH000261: Table found: MYDB.PUBLIC.WARD
[05/jul/2024 13:43:25] [:] INFO - HHH000037: Columns: [wrd_name, wrd_ndoc, wrd_email, wrd_lock, wrd_tele, wrd_is_pharmacy, wrd_is_male, wrd_active, wrd_id_a, wrd_last_modified_by, wrd_nqua_nurs, wrd_nbeds, wrd_created_date, wrd_is_female, wrd_last_modified_date, wrd_created_by, wrd_fax]
[05/jul/2024 13:43:25] [:] INFO - HHH000037: Columns: [wrd_name, wrd_ndoc, wrd_email, wrd_lock, wrd_tele, wrd_is_pharmacy, wrd_is_male, wrd_active, wrd_id_a, wrd_last_modified_by, wrd_nqua_nurs, wrd_nbeds, wrd_created_date, wrd_is_female, wrd_last_modified_date, wrd_created_by, wrd_fax]
[05/jul/2024 13:43:25] [:] INFO - HHH000108: Foreign keys: []
[05/jul/2024 13:43:25] [:] INFO - HHH000108: Foreign keys: []
[05/jul/2024 13:43:25] [:] INFO - HHH000126: Indexes: [primary_key_28]
[05/jul/2024 13:43:25] [:] INFO - HHH000126: Indexes: [primary_key_28]
[05/jul/2024 13:43:25] [:] INFO - HHH000232: Schema update complete
[05/jul/2024 13:43:25] [:] INFO - HHH000232: Schema update complete
[05/jul/2024 13:43:25] [:] WARN - HHH000436: Entity manager factory name (default) is already registered.  If entity manager will be clustered or passivated, specify a unique value for property 'hibernate.ejb.entitymanager_factory_name'
[05/jul/2024 13:43:25] [:] WARN - HHH000436: Entity manager factory name (default) is already registered.  If entity manager will be clustered or passivated, specify a unique value for property 'hibernate.ejb.entitymanager_factory_name'
[05/jul/2024 13:43:25] [:] INFO - Initialized JPA EntityManagerFactory for persistence unit 'default'
[05/jul/2024 13:43:26] [:] INFO - SMS Sender GSM started...
[05/jul/2024 13:43:26] [:] INFO - File examination.properties loaded.
[05/jul/2024 13:43:26] [:] INFO - Began transaction (1) for test context [DefaultTestContext@329af9b1 testClass = Tests, testInstance = org.isf.medicalstock.test.Tests@8428ea4, testMethod = testMgrPrepareChargingMovementBadRefNumber@Tests, testException = [null], mergedContextConfiguration = [MergedContextConfiguration@7535554e testClass = Tests, locations = '{classpath:applicationContext.xml, classpath:applicationContext.xml}', classes = '{}', contextInitializerClasses = '[]', activeProfiles = '{}', propertySourceLocations = '{}', propertySourceProperties = '{}', contextCustomizers = set[org.springframework.boot.test.context.filter.ExcludeFilterContextCustomizer@255b53dc, org.springframework.boot.test.json.DuplicateJsonObjectContextCustomizerFactory$DuplicateJsonObjectContextCustomizer@64d2d351, org.springframework.boot.test.mock.mockito.MockitoContextCustomizer@0, org.springframework.boot.test.autoconfigure.properties.PropertyMappingContextCustomizer@0, org.springframework.boot.test.autoconfigure.web.servlet.WebDriverContextCustomizerFactory$Customizer@52aa2946], contextLoader = 'org.springframework.test.context.support.DelegatingSmartContextLoader', parent = [null]]]; transaction manager [org.springframework.orm.jpa.JpaTransactionManager@4ece2750]; rollback [true]
[05/jul/2024 13:43:26] [:] INFO - Rolled back transaction for test: [DefaultTestContext@329af9b1 testClass = Tests, testInstance = org.isf.medicalstock.test.Tests@8428ea4, testMethod = testMgrPrepareChargingMovementBadRefNumber@Tests, testException = [null], mergedContextConfiguration = [MergedContextConfiguration@7535554e testClass = Tests, locations = '{classpath:applicationContext.xml, classpath:applicationContext.xml}', classes = '{}', contextInitializerClasses = '[]', activeProfiles = '{}', propertySourceLocations = '{}', propertySourceProperties = '{}', contextCustomizers = set[org.springframework.boot.test.context.filter.ExcludeFilterContextCustomizer@255b53dc, org.springframework.boot.test.json.DuplicateJsonObjectContextCustomizerFactory$DuplicateJsonObjectContextCustomizer@64d2d351, org.springframework.boot.test.mock.mockito.MockitoContextCustomizer@0, org.springframework.boot.test.autoconfigure.properties.PropertyMappingContextCustomizer@0, org.springframework.boot.test.autoconfigure.web.servlet.WebDriverContextCustomizerFactory$Customizer@52aa2946], contextLoader = 'org.springframework.test.context.support.DelegatingSmartContextLoader', parent = [null]]]
]]></system-out>
  </testcase>
  <testcase name="testMgrValidateLotWithCostZero[Test with AUTOMATICLOT_IN=false, AUTOMATICLOT_OUT=false, AUTOMATICLOTWARD_TOWARD=false]" classname="org.isf.medicalstock.test.Tests" time="0.044">
    <system-out><![CDATA[[05/jul/2024 13:43:26] [:] INFO - Began transaction (1) for test context [DefaultTestContext@329af9b1 testClass = Tests, testInstance = org.isf.medicalstock.test.Tests@12aabff0, testMethod = testMgrValidateLotWithCostZero@Tests, testException = [null], mergedContextConfiguration = [MergedContextConfiguration@7535554e testClass = Tests, locations = '{classpath:applicationContext.xml, classpath:applicationContext.xml}', classes = '{}', contextInitializerClasses = '[]', activeProfiles = '{}', propertySourceLocations = '{}', propertySourceProperties = '{}', contextCustomizers = set[org.springframework.boot.test.context.filter.ExcludeFilterContextCustomizer@255b53dc, org.springframework.boot.test.json.DuplicateJsonObjectContextCustomizerFactory$DuplicateJsonObjectContextCustomizer@64d2d351, org.springframework.boot.test.mock.mockito.MockitoContextCustomizer@0, org.springframework.boot.test.autoconfigure.properties.PropertyMappingContextCustomizer@0, org.springframework.boot.test.autoconfigure.web.servlet.WebDriverContextCustomizerFactory$Customizer@52aa2946], contextLoader = 'org.springframework.test.context.support.DelegatingSmartContextLoader', parent = [null]]]; transaction manager [org.springframework.orm.jpa.JpaTransactionManager@4ece2750]; rollback [true]
[05/jul/2024 13:43:26] [:] INFO - Rolled back transaction for test: [DefaultTestContext@329af9b1 testClass = Tests, testInstance = org.isf.medicalstock.test.Tests@12aabff0, testMethod = testMgrValidateLotWithCostZero@Tests, testException = [null], mergedContextConfiguration = [MergedContextConfiguration@7535554e testClass = Tests, locations = '{classpath:applicationContext.xml, classpath:applicationContext.xml}', classes = '{}', contextInitializerClasses = '[]', activeProfiles = '{}', propertySourceLocations = '{}', propertySourceProperties = '{}', contextCustomizers = set[org.springframework.boot.test.context.filter.ExcludeFilterContextCustomizer@255b53dc, org.springframework.boot.test.json.DuplicateJsonObjectContextCustomizerFactory$DuplicateJsonObjectContextCustomizer@64d2d351, org.springframework.boot.test.mock.mockito.MockitoContextCustomizer@0, org.springframework.boot.test.autoconfigure.properties.PropertyMappingContextCustomizer@0, org.springframework.boot.test.autoconfigure.web.servlet.WebDriverContextCustomizerFactory$Customizer@52aa2946], contextLoader = 'org.springframework.test.context.support.DelegatingSmartContextLoader', parent = [null]]]
]]></system-out>
  </testcase>
  <testcase name="testMgrPrepareChargingMovement[Test with AUTOMATICLOT_IN=false, AUTOMATICLOT_OUT=false, AUTOMATICLOTWARD_TOWARD=false]" classname="org.isf.medicalstock.test.Tests" time="0.04">
    <system-out><![CDATA[[05/jul/2024 13:43:26] [:] INFO - Began transaction (1) for test context [DefaultTestContext@329af9b1 testClass = Tests, testInstance = org.isf.medicalstock.test.Tests@6a511ab1, testMethod = testMgrPrepareChargingMovement@Tests, testException = [null], mergedContextConfiguration = [MergedContextConfiguration@7535554e testClass = Tests, locations = '{classpath:applicationContext.xml, classpath:applicationContext.xml}', classes = '{}', contextInitializerClasses = '[]', activeProfiles = '{}', propertySourceLocations = '{}', propertySourceProperties = '{}', contextCustomizers = set[org.springframework.boot.test.context.filter.ExcludeFilterContextCustomizer@255b53dc, org.springframework.boot.test.json.DuplicateJsonObjectContextCustomizerFactory$DuplicateJsonObjectContextCustomizer@64d2d351, org.springframework.boot.test.mock.mockito.MockitoContextCustomizer@0, org.springframework.boot.test.autoconfigure.properties.PropertyMappingContextCustomizer@0, org.springframework.boot.test.autoconfigure.web.servlet.WebDriverContextCustomizerFactory$Customizer@52aa2946], contextLoader = 'org.springframework.test.context.support.DelegatingSmartContextLoader', parent = [null]]]; transaction manager [org.springframework.orm.jpa.JpaTransactionManager@4ece2750]; rollback [true]
[05/jul/2024 13:43:26] [:] INFO - Rolled back transaction for test: [DefaultTestContext@329af9b1 testClass = Tests, testInstance = org.isf.medicalstock.test.Tests@6a511ab1, testMethod = testMgrPrepareChargingMovement@Tests, testException = [null], mergedContextConfiguration = [MergedContextConfiguration@7535554e testClass = Tests, locations = '{classpath:applicationContext.xml, classpath:applicationContext.xml}', classes = '{}', contextInitializerClasses = '[]', activeProfiles = '{}', propertySourceLocations = '{}', propertySourceProperties = '{}', contextCustomizers = set[org.springframework.boot.test.context.filter.ExcludeFilterContextCustomizer@255b53dc, org.springframework.boot.test.json.DuplicateJsonObjectContextCustomizerFactory$DuplicateJsonObjectContextCustomizer@64d2d351, org.springframework.boot.test.mock.mockito.MockitoContextCustomizer@0, org.springframework.boot.test.autoconfigure.properties.PropertyMappingContextCustomizer@0, org.springframework.boot.test.autoconfigure.web.servlet.WebDriverContextCustomizerFactory$Customizer@52aa2946], contextLoader = 'org.springframework.test.context.support.DelegatingSmartContextLoader', parent = [null]]]
]]></system-out>
  </testcase>
  <testcase name="testMgrGetMovementsByReference[Test with AUTOMATICLOT_IN=false, AUTOMATICLOT_OUT=false, AUTOMATICLOTWARD_TOWARD=false]" classname="org.isf.medicalstock.test.Tests" time="0.034">
    <system-out><![CDATA[[05/jul/2024 13:43:26] [:] INFO - Began transaction (1) for test context [DefaultTestContext@329af9b1 testClass = Tests, testInstance = org.isf.medicalstock.test.Tests@14758617, testMethod = testMgrGetMovementsByReference@Tests, testException = [null], mergedContextConfiguration = [MergedContextConfiguration@7535554e testClass = Tests, locations = '{classpath:applicationContext.xml, classpath:applicationContext.xml}', classes = '{}', contextInitializerClasses = '[]', activeProfiles = '{}', propertySourceLocations = '{}', propertySourceProperties = '{}', contextCustomizers = set[org.springframework.boot.test.context.filter.ExcludeFilterContextCustomizer@255b53dc, org.springframework.boot.test.json.DuplicateJsonObjectContextCustomizerFactory$DuplicateJsonObjectContextCustomizer@64d2d351, org.springframework.boot.test.mock.mockito.MockitoContextCustomizer@0, org.springframework.boot.test.autoconfigure.properties.PropertyMappingContextCustomizer@0, org.springframework.boot.test.autoconfigure.web.servlet.WebDriverContextCustomizerFactory$Customizer@52aa2946], contextLoader = 'org.springframework.test.context.support.DelegatingSmartContextLoader', parent = [null]]]; transaction manager [org.springframework.orm.jpa.JpaTransactionManager@4ece2750]; rollback [true]
[05/jul/2024 13:43:26] [:] INFO - Rolled back transaction for test: [DefaultTestContext@329af9b1 testClass = Tests, testInstance = org.isf.medicalstock.test.Tests@14758617, testMethod = testMgrGetMovementsByReference@Tests, testException = [null], mergedContextConfiguration = [MergedContextConfiguration@7535554e testClass = Tests, locations = '{classpath:applicationContext.xml, classpath:applicationContext.xml}', classes = '{}', contextInitializerClasses = '[]', activeProfiles = '{}', propertySourceLocations = '{}', propertySourceProperties = '{}', contextCustomizers = set[org.springframework.boot.test.context.filter.ExcludeFilterContextCustomizer@255b53dc, org.springframework.boot.test.json.DuplicateJsonObjectContextCustomizerFactory$DuplicateJsonObjectContextCustomizer@64d2d351, org.springframework.boot.test.mock.mockito.MockitoContextCustomizer@0, org.springframework.boot.test.autoconfigure.properties.PropertyMappingContextCustomizer@0, org.springframework.boot.test.autoconfigure.web.servlet.WebDriverContextCustomizerFactory$Customizer@52aa2946], contextLoader = 'org.springframework.test.context.support.DelegatingSmartContextLoader', parent = [null]]]
]]></system-out>
  </testcase>
  <testcase name="testIoGetMovementsWihAllParameters[Test with AUTOMATICLOT_IN=false, AUTOMATICLOT_OUT=false, AUTOMATICLOTWARD_TOWARD=false]" classname="org.isf.medicalstock.test.Tests" time="0.054">
    <system-out><![CDATA[[05/jul/2024 13:43:26] [:] INFO - Began transaction (1) for test context [DefaultTestContext@329af9b1 testClass = Tests, testInstance = org.isf.medicalstock.test.Tests@5b197480, testMethod = testIoGetMovementsWihAllParameters@Tests, testException = [null], mergedContextConfiguration = [MergedContextConfiguration@7535554e testClass = Tests, locations = '{classpath:applicationContext.xml, classpath:applicationContext.xml}', classes = '{}', contextInitializerClasses = '[]', activeProfiles = '{}', propertySourceLocations = '{}', propertySourceProperties = '{}', contextCustomizers = set[org.springframework.boot.test.context.filter.ExcludeFilterContextCustomizer@255b53dc, org.springframework.boot.test.json.DuplicateJsonObjectContextCustomizerFactory$DuplicateJsonObjectContextCustomizer@64d2d351, org.springframework.boot.test.mock.mockito.MockitoContextCustomizer@0, org.springframework.boot.test.autoconfigure.properties.PropertyMappingContextCustomizer@0, org.springframework.boot.test.autoconfigure.web.servlet.WebDriverContextCustomizerFactory$Customizer@52aa2946], contextLoader = 'org.springframework.test.context.support.DelegatingSmartContextLoader', parent = [null]]]; transaction manager [org.springframework.orm.jpa.JpaTransactionManager@4ece2750]; rollback [true]
[05/jul/2024 13:43:26] [:] INFO - Rolled back transaction for test: [DefaultTestContext@329af9b1 testClass = Tests, testInstance = org.isf.medicalstock.test.Tests@5b197480, testMethod = testIoGetMovementsWihAllParameters@Tests, testException = [null], mergedContextConfiguration = [MergedContextConfiguration@7535554e testClass = Tests, locations = '{classpath:applicationContext.xml, classpath:applicationContext.xml}', classes = '{}', contextInitializerClasses = '[]', activeProfiles = '{}', propertySourceLocations = '{}', propertySourceProperties = '{}', contextCustomizers = set[org.springframework.boot.test.context.filter.ExcludeFilterContextCustomizer@255b53dc, org.springframework.boot.test.json.DuplicateJsonObjectContextCustomizerFactory$DuplicateJsonObjectContextCustomizer@64d2d351, org.springframework.boot.test.mock.mockito.MockitoContextCustomizer@0, org.springframework.boot.test.autoconfigure.properties.PropertyMappingContextCustomizer@0, org.springframework.boot.test.autoconfigure.web.servlet.WebDriverContextCustomizerFactory$Customizer@52aa2946], contextLoader = 'org.springframework.test.context.support.DelegatingSmartContextLoader', parent = [null]]]
]]></system-out>
  </testcase>
  <testcase name="testMgrAlertCriticalQuantityOverLimit[Test with AUTOMATICLOT_IN=false, AUTOMATICLOT_OUT=false, AUTOMATICLOTWARD_TOWARD=false]" classname="org.isf.medicalstock.test.Tests" time="0.013">
    <system-out><![CDATA[[05/jul/2024 13:43:26] [:] INFO - Began transaction (1) for test context [DefaultTestContext@329af9b1 testClass = Tests, testInstance = org.isf.medicalstock.test.Tests@21c76ee3, testMethod = testMgrAlertCriticalQuantityOverLimit@Tests, testException = [null], mergedContextConfiguration = [MergedContextConfiguration@7535554e testClass = Tests, locations = '{classpath:applicationContext.xml, classpath:applicationContext.xml}', classes = '{}', contextInitializerClasses = '[]', activeProfiles = '{}', propertySourceLocations = '{}', propertySourceProperties = '{}', contextCustomizers = set[org.springframework.boot.test.context.filter.ExcludeFilterContextCustomizer@255b53dc, org.springframework.boot.test.json.DuplicateJsonObjectContextCustomizerFactory$DuplicateJsonObjectContextCustomizer@64d2d351, org.springframework.boot.test.mock.mockito.MockitoContextCustomizer@0, org.springframework.boot.test.autoconfigure.properties.PropertyMappingContextCustomizer@0, org.springframework.boot.test.autoconfigure.web.servlet.WebDriverContextCustomizerFactory$Customizer@52aa2946], contextLoader = 'org.springframework.test.context.support.DelegatingSmartContextLoader', parent = [null]]]; transaction manager [org.springframework.orm.jpa.JpaTransactionManager@4ece2750]; rollback [true]
[05/jul/2024 13:43:26] [:] INFO - Rolled back transaction for test: [DefaultTestContext@329af9b1 testClass = Tests, testInstance = org.isf.medicalstock.test.Tests@21c76ee3, testMethod = testMgrAlertCriticalQuantityOverLimit@Tests, testException = [null], mergedContextConfiguration = [MergedContextConfiguration@7535554e testClass = Tests, locations = '{classpath:applicationContext.xml, classpath:applicationContext.xml}', classes = '{}', contextInitializerClasses = '[]', activeProfiles = '{}', propertySourceLocations = '{}', propertySourceProperties = '{}', contextCustomizers = set[org.springframework.boot.test.context.filter.ExcludeFilterContextCustomizer@255b53dc, org.springframework.boot.test.json.DuplicateJsonObjectContextCustomizerFactory$DuplicateJsonObjectContextCustomizer@64d2d351, org.springframework.boot.test.mock.mockito.MockitoContextCustomizer@0, org.springframework.boot.test.autoconfigure.properties.PropertyMappingContextCustomizer@0, org.springframework.boot.test.autoconfigure.web.servlet.WebDriverContextCustomizerFactory$Customizer@52aa2946], contextLoader = 'org.springframework.test.context.support.DelegatingSmartContextLoader', parent = [null]]]
]]></system-out>
  </testcase>
  <testcase name="testMgrAlertCriticalQuantityUnderLimit[Test with AUTOMATICLOT_IN=false, AUTOMATICLOT_OUT=false, AUTOMATICLOTWARD_TOWARD=false]" classname="org.isf.medicalstock.test.Tests" time="0.034">
    <system-out><![CDATA[[05/jul/2024 13:43:26] [:] INFO - Began transaction (1) for test context [DefaultTestContext@329af9b1 testClass = Tests, testInstance = org.isf.medicalstock.test.Tests@3436e401, testMethod = testMgrAlertCriticalQuantityUnderLimit@Tests, testException = [null], mergedContextConfiguration = [MergedContextConfiguration@7535554e testClass = Tests, locations = '{classpath:applicationContext.xml, classpath:applicationContext.xml}', classes = '{}', contextInitializerClasses = '[]', activeProfiles = '{}', propertySourceLocations = '{}', propertySourceProperties = '{}', contextCustomizers = set[org.springframework.boot.test.context.filter.ExcludeFilterContextCustomizer@255b53dc, org.springframework.boot.test.json.DuplicateJsonObjectContextCustomizerFactory$DuplicateJsonObjectContextCustomizer@64d2d351, org.springframework.boot.test.mock.mockito.MockitoContextCustomizer@0, org.springframework.boot.test.autoconfigure.properties.PropertyMappingContextCustomizer@0, org.springframework.boot.test.autoconfigure.web.servlet.WebDriverContextCustomizerFactory$Customizer@52aa2946], contextLoader = 'org.springframework.test.context.support.DelegatingSmartContextLoader', parent = [null]]]; transaction manager [org.springframework.orm.jpa.JpaTransactionManager@4ece2750]; rollback [true]
[05/jul/2024 13:43:27] [:] INFO - Rolled back transaction for test: [DefaultTestContext@329af9b1 testClass = Tests, testInstance = org.isf.medicalstock.test.Tests@3436e401, testMethod = testMgrAlertCriticalQuantityUnderLimit@Tests, testException = [null], mergedContextConfiguration = [MergedContextConfiguration@7535554e testClass = Tests, locations = '{classpath:applicationContext.xml, classpath:applicationContext.xml}', classes = '{}', contextInitializerClasses = '[]', activeProfiles = '{}', propertySourceLocations = '{}', propertySourceProperties = '{}', contextCustomizers = set[org.springframework.boot.test.context.filter.ExcludeFilterContextCustomizer@255b53dc, org.springframework.boot.test.json.DuplicateJsonObjectContextCustomizerFactory$DuplicateJsonObjectContextCustomizer@64d2d351, org.springframework.boot.test.mock.mockito.MockitoContextCustomizer@0, org.springframework.boot.test.autoconfigure.properties.PropertyMappingContextCustomizer@0, org.springframework.boot.test.autoconfigure.web.servlet.WebDriverContextCustomizerFactory$Customizer@52aa2946], contextLoader = 'org.springframework.test.context.support.DelegatingSmartContextLoader', parent = [null]]]
]]></system-out>
  </testcase>
  <testcase name="testIoNewMovementUpdateMedicalWardQuantityMedicalWardFound[Test with AUTOMATICLOT_IN=false, AUTOMATICLOT_OUT=false, AUTOMATICLOTWARD_TOWARD=false]" classname="org.isf.medicalstock.test.Tests" time="0.047">
    <system-out><![CDATA[[05/jul/2024 13:43:27] [:] INFO - Began transaction (1) for test context [DefaultTestContext@329af9b1 testClass = Tests, testInstance = org.isf.medicalstock.test.Tests@7a0db79a, testMethod = testIoNewMovementUpdateMedicalWardQuantityMedicalWardFound@Tests, testException = [null], mergedContextConfiguration = [MergedContextConfiguration@7535554e testClass = Tests, locations = '{classpath:applicationContext.xml, classpath:applicationContext.xml}', classes = '{}', contextInitializerClasses = '[]', activeProfiles = '{}', propertySourceLocations = '{}', propertySourceProperties = '{}', contextCustomizers = set[org.springframework.boot.test.context.filter.ExcludeFilterContextCustomizer@255b53dc, org.springframework.boot.test.json.DuplicateJsonObjectContextCustomizerFactory$DuplicateJsonObjectContextCustomizer@64d2d351, org.springframework.boot.test.mock.mockito.MockitoContextCustomizer@0, org.springframework.boot.test.autoconfigure.properties.PropertyMappingContextCustomizer@0, org.springframework.boot.test.autoconfigure.web.servlet.WebDriverContextCustomizerFactory$Customizer@52aa2946], contextLoader = 'org.springframework.test.context.support.DelegatingSmartContextLoader', parent = [null]]]; transaction manager [org.springframework.orm.jpa.JpaTransactionManager@4ece2750]; rollback [true]
[05/jul/2024 13:43:27] [:] INFO - Rolled back transaction for test: [DefaultTestContext@329af9b1 testClass = Tests, testInstance = org.isf.medicalstock.test.Tests@7a0db79a, testMethod = testIoNewMovementUpdateMedicalWardQuantityMedicalWardFound@Tests, testException = [null], mergedContextConfiguration = [MergedContextConfiguration@7535554e testClass = Tests, locations = '{classpath:applicationContext.xml, classpath:applicationContext.xml}', classes = '{}', contextInitializerClasses = '[]', activeProfiles = '{}', propertySourceLocations = '{}', propertySourceProperties = '{}', contextCustomizers = set[org.springframework.boot.test.context.filter.ExcludeFilterContextCustomizer@255b53dc, org.springframework.boot.test.json.DuplicateJsonObjectContextCustomizerFactory$DuplicateJsonObjectContextCustomizer@64d2d351, org.springframework.boot.test.mock.mockito.MockitoContextCustomizer@0, org.springframework.boot.test.autoconfigure.properties.PropertyMappingContextCustomizer@0, org.springframework.boot.test.autoconfigure.web.servlet.WebDriverContextCustomizerFactory$Customizer@52aa2946], contextLoader = 'org.springframework.test.context.support.DelegatingSmartContextLoader', parent = [null]]]
]]></system-out>
  </testcase>
  <testcase name="testMgrGetMovementsWihAllParametersNull[Test with AUTOMATICLOT_IN=false, AUTOMATICLOT_OUT=false, AUTOMATICLOTWARD_TOWARD=false]" classname="org.isf.medicalstock.test.Tests" time="0.015">
    <system-out><![CDATA[[05/jul/2024 13:43:27] [:] INFO - Began transaction (1) for test context [DefaultTestContext@329af9b1 testClass = Tests, testInstance = org.isf.medicalstock.test.Tests@27e4bd06, testMethod = testMgrGetMovementsWihAllParametersNull@Tests, testException = [null], mergedContextConfiguration = [MergedContextConfiguration@7535554e testClass = Tests, locations = '{classpath:applicationContext.xml, classpath:applicationContext.xml}', classes = '{}', contextInitializerClasses = '[]', activeProfiles = '{}', propertySourceLocations = '{}', propertySourceProperties = '{}', contextCustomizers = set[org.springframework.boot.test.context.filter.ExcludeFilterContextCustomizer@255b53dc, org.springframework.boot.test.json.DuplicateJsonObjectContextCustomizerFactory$DuplicateJsonObjectContextCustomizer@64d2d351, org.springframework.boot.test.mock.mockito.MockitoContextCustomizer@0, org.springframework.boot.test.autoconfigure.properties.PropertyMappingContextCustomizer@0, org.springframework.boot.test.autoconfigure.web.servlet.WebDriverContextCustomizerFactory$Customizer@52aa2946], contextLoader = 'org.springframework.test.context.support.DelegatingSmartContextLoader', parent = [null]]]; transaction manager [org.springframework.orm.jpa.JpaTransactionManager@4ece2750]; rollback [true]
[05/jul/2024 13:43:27] [:] INFO - Rolled back transaction for test: [DefaultTestContext@329af9b1 testClass = Tests, testInstance = org.isf.medicalstock.test.Tests@27e4bd06, testMethod = testMgrGetMovementsWihAllParametersNull@Tests, testException = [null], mergedContextConfiguration = [MergedContextConfiguration@7535554e testClass = Tests, locations = '{classpath:applicationContext.xml, classpath:applicationContext.xml}', classes = '{}', contextInitializerClasses = '[]', activeProfiles = '{}', propertySourceLocations = '{}', propertySourceProperties = '{}', contextCustomizers = set[org.springframework.boot.test.context.filter.ExcludeFilterContextCustomizer@255b53dc, org.springframework.boot.test.json.DuplicateJsonObjectContextCustomizerFactory$DuplicateJsonObjectContextCustomizer@64d2d351, org.springframework.boot.test.mock.mockito.MockitoContextCustomizer@0, org.springframework.boot.test.autoconfigure.properties.PropertyMappingContextCustomizer@0, org.springframework.boot.test.autoconfigure.web.servlet.WebDriverContextCustomizerFactory$Customizer@52aa2946], contextLoader = 'org.springframework.test.context.support.DelegatingSmartContextLoader', parent = [null]]]
]]></system-out>
  </testcase>
  <testcase name="testMgrGetMovements[Test with AUTOMATICLOT_IN=false, AUTOMATICLOT_OUT=false, AUTOMATICLOTWARD_TOWARD=false]" classname="org.isf.medicalstock.test.Tests" time="0.026">
    <system-out><![CDATA[[05/jul/2024 13:43:27] [:] INFO - Began transaction (1) for test context [DefaultTestContext@329af9b1 testClass = Tests, testInstance = org.isf.medicalstock.test.Tests@4eaca8fa, testMethod = testMgrGetMovements@Tests, testException = [null], mergedContextConfiguration = [MergedContextConfiguration@7535554e testClass = Tests, locations = '{classpath:applicationContext.xml, classpath:applicationContext.xml}', classes = '{}', contextInitializerClasses = '[]', activeProfiles = '{}', propertySourceLocations = '{}', propertySourceProperties = '{}', contextCustomizers = set[org.springframework.boot.test.context.filter.ExcludeFilterContextCustomizer@255b53dc, org.springframework.boot.test.json.DuplicateJsonObjectContextCustomizerFactory$DuplicateJsonObjectContextCustomizer@64d2d351, org.springframework.boot.test.mock.mockito.MockitoContextCustomizer@0, org.springframework.boot.test.autoconfigure.properties.PropertyMappingContextCustomizer@0, org.springframework.boot.test.autoconfigure.web.servlet.WebDriverContextCustomizerFactory$Customizer@52aa2946], contextLoader = 'org.springframework.test.context.support.DelegatingSmartContextLoader', parent = [null]]]; transaction manager [org.springframework.orm.jpa.JpaTransactionManager@4ece2750]; rollback [true]
[05/jul/2024 13:43:27] [:] INFO - Rolled back transaction for test: [DefaultTestContext@329af9b1 testClass = Tests, testInstance = org.isf.medicalstock.test.Tests@4eaca8fa, testMethod = testMgrGetMovements@Tests, testException = [null], mergedContextConfiguration = [MergedContextConfiguration@7535554e testClass = Tests, locations = '{classpath:applicationContext.xml, classpath:applicationContext.xml}', classes = '{}', contextInitializerClasses = '[]', activeProfiles = '{}', propertySourceLocations = '{}', propertySourceProperties = '{}', contextCustomizers = set[org.springframework.boot.test.context.filter.ExcludeFilterContextCustomizer@255b53dc, org.springframework.boot.test.json.DuplicateJsonObjectContextCustomizerFactory$DuplicateJsonObjectContextCustomizer@64d2d351, org.springframework.boot.test.mock.mockito.MockitoContextCustomizer@0, org.springframework.boot.test.autoconfigure.properties.PropertyMappingContextCustomizer@0, org.springframework.boot.test.autoconfigure.web.servlet.WebDriverContextCustomizerFactory$Customizer@52aa2946], contextLoader = 'org.springframework.test.context.support.DelegatingSmartContextLoader', parent = [null]]]
]]></system-out>
  </testcase>
  <testcase name="testIoPrepareDischargingMovement[Test with AUTOMATICLOT_IN=false, AUTOMATICLOT_OUT=false, AUTOMATICLOTWARD_TOWARD=false]" classname="org.isf.medicalstock.test.Tests" time="0.031">
    <system-out><![CDATA[[05/jul/2024 13:43:27] [:] INFO - Began transaction (1) for test context [DefaultTestContext@329af9b1 testClass = Tests, testInstance = org.isf.medicalstock.test.Tests@7196cfec, testMethod = testIoPrepareDischargingMovement@Tests, testException = [null], mergedContextConfiguration = [MergedContextConfiguration@7535554e testClass = Tests, locations = '{classpath:applicationContext.xml, classpath:applicationContext.xml}', classes = '{}', contextInitializerClasses = '[]', activeProfiles = '{}', propertySourceLocations = '{}', propertySourceProperties = '{}', contextCustomizers = set[org.springframework.boot.test.context.filter.ExcludeFilterContextCustomizer@255b53dc, org.springframework.boot.test.json.DuplicateJsonObjectContextCustomizerFactory$DuplicateJsonObjectContextCustomizer@64d2d351, org.springframework.boot.test.mock.mockito.MockitoContextCustomizer@0, org.springframework.boot.test.autoconfigure.properties.PropertyMappingContextCustomizer@0, org.springframework.boot.test.autoconfigure.web.servlet.WebDriverContextCustomizerFactory$Customizer@52aa2946], contextLoader = 'org.springframework.test.context.support.DelegatingSmartContextLoader', parent = [null]]]; transaction manager [org.springframework.orm.jpa.JpaTransactionManager@4ece2750]; rollback [true]
[05/jul/2024 13:43:27] [:] INFO - Rolled back transaction for test: [DefaultTestContext@329af9b1 testClass = Tests, testInstance = org.isf.medicalstock.test.Tests@7196cfec, testMethod = testIoPrepareDischargingMovement@Tests, testException = [null], mergedContextConfiguration = [MergedContextConfiguration@7535554e testClass = Tests, locations = '{classpath:applicationContext.xml, classpath:applicationContext.xml}', classes = '{}', contextInitializerClasses = '[]', activeProfiles = '{}', propertySourceLocations = '{}', propertySourceProperties = '{}', contextCustomizers = set[org.springframework.boot.test.context.filter.ExcludeFilterContextCustomizer@255b53dc, org.springframework.boot.test.json.DuplicateJsonObjectContextCustomizerFactory$DuplicateJsonObjectContextCustomizer@64d2d351, org.springframework.boot.test.mock.mockito.MockitoContextCustomizer@0, org.springframework.boot.test.autoconfigure.properties.PropertyMappingContextCustomizer@0, org.springframework.boot.test.autoconfigure.web.servlet.WebDriverContextCustomizerFactory$Customizer@52aa2946], contextLoader = 'org.springframework.test.context.support.DelegatingSmartContextLoader', parent = [null]]]
]]></system-out>
  </testcase>
  <testcase name="testMgrPrepareDischargingMovementIsAutomaticLotOut[Test with AUTOMATICLOT_IN=false, AUTOMATICLOT_OUT=false, AUTOMATICLOTWARD_TOWARD=false]" classname="org.isf.medicalstock.test.Tests" time="0.054">
    <system-out><![CDATA[[05/jul/2024 13:43:27] [:] INFO - Began transaction (1) for test context [DefaultTestContext@329af9b1 testClass = Tests, testInstance = org.isf.medicalstock.test.Tests@53177607, testMethod = testMgrPrepareDischargingMovementIsAutomaticLotOut@Tests, testException = [null], mergedContextConfiguration = [MergedContextConfiguration@7535554e testClass = Tests, locations = '{classpath:applicationContext.xml, classpath:applicationContext.xml}', classes = '{}', contextInitializerClasses = '[]', activeProfiles = '{}', propertySourceLocations = '{}', propertySourceProperties = '{}', contextCustomizers = set[org.springframework.boot.test.context.filter.ExcludeFilterContextCustomizer@255b53dc, org.springframework.boot.test.json.DuplicateJsonObjectContextCustomizerFactory$DuplicateJsonObjectContextCustomizer@64d2d351, org.springframework.boot.test.mock.mockito.MockitoContextCustomizer@0, org.springframework.boot.test.autoconfigure.properties.PropertyMappingContextCustomizer@0, org.springframework.boot.test.autoconfigure.web.servlet.WebDriverContextCustomizerFactory$Customizer@52aa2946], contextLoader = 'org.springframework.test.context.support.DelegatingSmartContextLoader', parent = [null]]]; transaction manager [org.springframework.orm.jpa.JpaTransactionManager@4ece2750]; rollback [true]
[05/jul/2024 13:43:27] [:] INFO - Rolled back transaction for test: [DefaultTestContext@329af9b1 testClass = Tests, testInstance = org.isf.medicalstock.test.Tests@53177607, testMethod = testMgrPrepareDischargingMovementIsAutomaticLotOut@Tests, testException = [null], mergedContextConfiguration = [MergedContextConfiguration@7535554e testClass = Tests, locations = '{classpath:applicationContext.xml, classpath:applicationContext.xml}', classes = '{}', contextInitializerClasses = '[]', activeProfiles = '{}', propertySourceLocations = '{}', propertySourceProperties = '{}', contextCustomizers = set[org.springframework.boot.test.context.filter.ExcludeFilterContextCustomizer@255b53dc, org.springframework.boot.test.json.DuplicateJsonObjectContextCustomizerFactory$DuplicateJsonObjectContextCustomizer@64d2d351, org.springframework.boot.test.mock.mockito.MockitoContextCustomizer@0, org.springframework.boot.test.autoconfigure.properties.PropertyMappingContextCustomizer@0, org.springframework.boot.test.autoconfigure.web.servlet.WebDriverContextCustomizerFactory$Customizer@52aa2946], contextLoader = 'org.springframework.test.context.support.DelegatingSmartContextLoader', parent = [null]]]
]]></system-out>
  </testcase>
  <testcase name="testMgrValidateLotRefersToAnotherMedical[Test with AUTOMATICLOT_IN=false, AUTOMATICLOT_OUT=false, AUTOMATICLOTWARD_TOWARD=false]" classname="org.isf.medicalstock.test.Tests" time="0.019">
    <system-out><![CDATA[[05/jul/2024 13:43:27] [:] INFO - Began transaction (1) for test context [DefaultTestContext@329af9b1 testClass = Tests, testInstance = org.isf.medicalstock.test.Tests@2f96ce4, testMethod = testMgrValidateLotRefersToAnotherMedical@Tests, testException = [null], mergedContextConfiguration = [MergedContextConfiguration@7535554e testClass = Tests, locations = '{classpath:applicationContext.xml, classpath:applicationContext.xml}', classes = '{}', contextInitializerClasses = '[]', activeProfiles = '{}', propertySourceLocations = '{}', propertySourceProperties = '{}', contextCustomizers = set[org.springframework.boot.test.context.filter.ExcludeFilterContextCustomizer@255b53dc, org.springframework.boot.test.json.DuplicateJsonObjectContextCustomizerFactory$DuplicateJsonObjectContextCustomizer@64d2d351, org.springframework.boot.test.mock.mockito.MockitoContextCustomizer@0, org.springframework.boot.test.autoconfigure.properties.PropertyMappingContextCustomizer@0, org.springframework.boot.test.autoconfigure.web.servlet.WebDriverContextCustomizerFactory$Customizer@52aa2946], contextLoader = 'org.springframework.test.context.support.DelegatingSmartContextLoader', parent = [null]]]; transaction manager [org.springframework.orm.jpa.JpaTransactionManager@4ece2750]; rollback [true]
[05/jul/2024 13:43:27] [:] ERROR - identifier of an instance of org.isf.medicals.model.Medical was altered from 2 to -99; nested exception is org.hibernate.HibernateException: identifier of an instance of org.isf.medicals.model.Medical was altered from 2 to -99
org.springframework.orm.jpa.JpaSystemException: identifier of an instance of org.isf.medicals.model.Medical was altered from 2 to -99; nested exception is org.hibernate.HibernateException: identifier of an instance of org.isf.medicals.model.Medical was altered from 2 to -99
	at org.springframework.orm.jpa.vendor.HibernateJpaDialect.convertHibernateAccessException(HibernateJpaDialect.java:333)
	at org.springframework.orm.jpa.vendor.HibernateJpaDialect.translateExceptionIfPossible(HibernateJpaDialect.java:244)
	at org.springframework.orm.jpa.AbstractEntityManagerFactoryBean.translateExceptionIfPossible(AbstractEntityManagerFactoryBean.java:525)
	at org.springframework.dao.support.ChainedPersistenceExceptionTranslator.translateExceptionIfPossible(ChainedPersistenceExceptionTranslator.java:59)
	at org.springframework.dao.support.DataAccessUtils.translateIfNecessary(DataAccessUtils.java:209)
	at org.springframework.dao.support.PersistenceExceptionTranslationInterceptor.invoke(PersistenceExceptionTranslationInterceptor.java:147)
	at org.springframework.aop.framework.ReflectiveMethodInvocation.proceed(ReflectiveMethodInvocation.java:179)
	at org.springframework.data.jpa.repository.support.CrudMethodMetadataPostProcessor$CrudMethodMetadataPopulatingMethodInterceptor.invoke(CrudMethodMetadataPostProcessor.java:140)
	at org.springframework.aop.framework.ReflectiveMethodInvocation.proceed(ReflectiveMethodInvocation.java:179)
	at org.springframework.data.jpa.repository.support.CrudMethodMetadataPostProcessor$ExposeRepositoryInvocationInterceptor.invoke(CrudMethodMetadataPostProcessor.java:347)
	at org.springframework.aop.framework.ReflectiveMethodInvocation.proceed(ReflectiveMethodInvocation.java:179)
	at org.springframework.aop.interceptor.ExposeInvocationInterceptor.invoke(ExposeInvocationInterceptor.java:92)
	at org.springframework.aop.framework.ReflectiveMethodInvocation.proceed(ReflectiveMethodInvocation.java:179)
	at org.springframework.data.repository.core.support.SurroundingTransactionDetectorMethodInterceptor.invoke(SurroundingTransactionDetectorMethodInterceptor.java:57)
	at org.springframework.aop.framework.ReflectiveMethodInvocation.proceed(ReflectiveMethodInvocation.java:179)
	at org.springframework.aop.framework.JdkDynamicAopProxy.invoke(JdkDynamicAopProxy.java:213)
	at com.sun.proxy.$Proxy109.findMaxDate(Unknown Source)
	at org.isf.medicalstock.service.MedicalStockIoOperations.getLastMovementDate(MedicalStockIoOperations.java:565)
	at org.isf.medicalstock.service.MedicalStockIoOperations$$FastClassBySpringCGLIB$$a00ee1bd.invoke(<generated>)
	at org.springframework.cglib.proxy.MethodProxy.invoke(MethodProxy.java:204)
	at org.springframework.aop.framework.CglibAopProxy$CglibMethodInvocation.invokeJoinpoint(CglibAopProxy.java:737)
	at org.springframework.aop.framework.ReflectiveMethodInvocation.proceed(ReflectiveMethodInvocation.java:157)
	at org.springframework.transaction.interceptor.TransactionInterceptor$1.proceedWithInvocation(TransactionInterceptor.java:99)
	at org.springframework.transaction.interceptor.TransactionAspectSupport.invokeWithinTransaction(TransactionAspectSupport.java:283)
	at org.springframework.transaction.interceptor.TransactionInterceptor.invoke(TransactionInterceptor.java:96)
	at org.springframework.aop.framework.ReflectiveMethodInvocation.proceed(ReflectiveMethodInvocation.java:179)
	at org.springframework.aop.interceptor.ExposeInvocationInterceptor.invoke(ExposeInvocationInterceptor.java:92)
	at org.springframework.aop.framework.ReflectiveMethodInvocation.proceed(ReflectiveMethodInvocation.java:179)
	at org.springframework.aop.aspectj.MethodInvocationProceedingJoinPoint.proceed(MethodInvocationProceedingJoinPoint.java:84)
	at org.isf.utils.db.OHServiceExceptionTranslator.translateSqlExceptionToOHServiceException(OHServiceExceptionTranslator.java:55)
	at sun.reflect.GeneratedMethodAccessor67.invoke(Unknown Source)
	at sun.reflect.DelegatingMethodAccessorImpl.invoke(DelegatingMethodAccessorImpl.java:43)
	at java.lang.reflect.Method.invoke(Method.java:498)
	at org.springframework.aop.aspectj.AbstractAspectJAdvice.invokeAdviceMethodWithGivenArgs(AbstractAspectJAdvice.java:627)
	at org.springframework.aop.aspectj.AbstractAspectJAdvice.invokeAdviceMethod(AbstractAspectJAdvice.java:616)
	at org.springframework.aop.aspectj.AspectJAroundAdvice.invoke(AspectJAroundAdvice.java:70)
	at org.springframework.aop.framework.ReflectiveMethodInvocation.proceed(ReflectiveMethodInvocation.java:179)
	at org.springframework.aop.framework.CglibAopProxy$DynamicAdvisedInterceptor.intercept(CglibAopProxy.java:672)
	at org.isf.medicalstock.service.MedicalStockIoOperations$$EnhancerBySpringCGLIB$$36e028cc.getLastMovementDate(<generated>)
	at org.isf.medicalstock.manager.MovStockInsertingManager.getLastMovementDate(MovStockInsertingManager.java:278)
	at org.isf.medicalstock.manager.MovStockInsertingManager.validateMovement(MovStockInsertingManager.java:68)
	at org.isf.medicalstock.manager.MovStockInsertingManager.prepareChargingMovement(MovStockInsertingManager.java:349)
	at org.isf.medicalstock.manager.MovStockInsertingManager.newMultipleChargingMovements(MovStockInsertingManager.java:326)
	at org.isf.medicalstock.manager.MovStockInsertingManager$$FastClassBySpringCGLIB$$2a8b6bd4.invoke(<generated>)
	at org.springframework.cglib.proxy.MethodProxy.invoke(MethodProxy.java:204)
	at org.springframework.aop.framework.CglibAopProxy$CglibMethodInvocation.invokeJoinpoint(CglibAopProxy.java:737)
	at org.springframework.aop.framework.ReflectiveMethodInvocation.proceed(ReflectiveMethodInvocation.java:157)
	at org.springframework.transaction.interceptor.TransactionInterceptor$1.proceedWithInvocation(TransactionInterceptor.java:99)
	at org.springframework.transaction.interceptor.TransactionAspectSupport.invokeWithinTransaction(TransactionAspectSupport.java:283)
	at org.springframework.transaction.interceptor.TransactionInterceptor.invoke(TransactionInterceptor.java:96)
	at org.springframework.aop.framework.ReflectiveMethodInvocation.proceed(ReflectiveMethodInvocation.java:179)
	at org.springframework.aop.framework.CglibAopProxy$DynamicAdvisedInterceptor.intercept(CglibAopProxy.java:672)
	at org.isf.medicalstock.manager.MovStockInsertingManager$$EnhancerBySpringCGLIB$$ef6ee236.newMultipleChargingMovements(<generated>)
	at org.isf.medicalstock.test.Tests.lambda$25(Tests.java:904)
	at org.assertj.core.api.ThrowableAssert.catchThrowable(ThrowableAssert.java:62)
	at org.assertj.core.api.AssertionsForClassTypes.catchThrowable(AssertionsForClassTypes.java:877)
	at org.assertj.core.api.Assertions.catchThrowable(Assertions.java:1336)
	at org.assertj.core.api.Assertions.assertThatThrownBy(Assertions.java:1181)
	at org.isf.medicalstock.test.Tests.testMgrValidateLotRefersToAnotherMedical(Tests.java:897)
	at sun.reflect.NativeMethodAccessorImpl.invoke0(Native Method)
	at sun.reflect.NativeMethodAccessorImpl.invoke(NativeMethodAccessorImpl.java:62)
	at sun.reflect.DelegatingMethodAccessorImpl.invoke(DelegatingMethodAccessorImpl.java:43)
	at java.lang.reflect.Method.invoke(Method.java:498)
	at org.junit.runners.model.FrameworkMethod$1.runReflectiveCall(FrameworkMethod.java:59)
	at org.junit.internal.runners.model.ReflectiveCallable.run(ReflectiveCallable.java:12)
	at org.junit.runners.model.FrameworkMethod.invokeExplosively(FrameworkMethod.java:56)
	at org.junit.internal.runners.statements.InvokeMethod.evaluate(InvokeMethod.java:17)
	at org.junit.internal.runners.statements.RunBefores.evaluate(RunBefores.java:26)
	at org.springframework.test.context.junit4.statements.RunBeforeTestMethodCallbacks.evaluate(RunBeforeTestMethodCallbacks.java:75)
	at org.springframework.test.context.junit4.statements.RunAfterTestMethodCallbacks.evaluate(RunAfterTestMethodCallbacks.java:86)
	at org.springframework.test.context.junit4.statements.RunPrepareTestInstanceCallbacks.evaluate(RunPrepareTestInstanceCallbacks.java:64)
	at org.springframework.test.context.junit4.statements.SpringRepeat.evaluate(SpringRepeat.java:84)
	at org.springframework.test.context.junit4.statements.SpringFailOnTimeout.evaluate(SpringFailOnTimeout.java:87)
	at org.springframework.test.context.junit4.statements.ProfileValueChecker.evaluate(ProfileValueChecker.java:101)
	at org.junit.runners.ParentRunner$3.evaluate(ParentRunner.java:306)
	at org.junit.runners.BlockJUnit4ClassRunner$1.evaluate(BlockJUnit4ClassRunner.java:100)
	at org.junit.runners.ParentRunner.runLeaf(ParentRunner.java:366)
	at org.junit.runners.BlockJUnit4ClassRunner.runChild(BlockJUnit4ClassRunner.java:103)
	at org.junit.runners.BlockJUnit4ClassRunner.runChild(BlockJUnit4ClassRunner.java:63)
	at org.junit.runners.ParentRunner$4.run(ParentRunner.java:331)
	at org.junit.runners.ParentRunner$1.schedule(ParentRunner.java:79)
	at org.junit.runners.ParentRunner.runChildren(ParentRunner.java:329)
	at org.junit.runners.ParentRunner.access$100(ParentRunner.java:66)
	at org.junit.runners.ParentRunner$2.evaluate(ParentRunner.java:293)
	at org.junit.runners.ParentRunner.run(ParentRunner.java:413)
	at org.junit.runners.Suite.runChild(Suite.java:128)
	at org.junit.runners.Suite.runChild(Suite.java:27)
	at org.junit.runners.ParentRunner$4.run(ParentRunner.java:331)
	at org.junit.runners.ParentRunner$1.schedule(ParentRunner.java:79)
	at org.junit.runners.ParentRunner.runChildren(ParentRunner.java:329)
	at org.junit.runners.ParentRunner.access$100(ParentRunner.java:66)
	at org.junit.runners.ParentRunner$2.evaluate(ParentRunner.java:293)
	at org.junit.internal.runners.statements.RunBefores.evaluate(RunBefores.java:26)
	at org.junit.internal.runners.statements.RunAfters.evaluate(RunAfters.java:27)
	at org.springframework.test.context.junit4.statements.RunBeforeTestClassCallbacks.evaluate(RunBeforeTestClassCallbacks.java:61)
	at org.springframework.test.context.junit4.statements.RunAfterTestClassCallbacks.evaluate(RunAfterTestClassCallbacks.java:70)
	at org.springframework.test.context.junit4.statements.ProfileValueChecker.evaluate(ProfileValueChecker.java:101)
	at org.springframework.test.context.junit4.rules.SpringClassRule$TestContextManagerCacheEvictor.evaluate(SpringClassRule.java:242)
	at org.junit.rules.RunRules.evaluate(RunRules.java:20)
	at org.junit.runners.ParentRunner$3.evaluate(ParentRunner.java:306)
	at org.junit.runners.ParentRunner.run(ParentRunner.java:413)
	at org.apache.maven.surefire.junit4.JUnit4Provider.execute(JUnit4Provider.java:316)
	at org.apache.maven.surefire.junit4.JUnit4Provider.executeWithRerun(JUnit4Provider.java:240)
	at org.apache.maven.surefire.junit4.JUnit4Provider.executeTestSet(JUnit4Provider.java:214)
	at org.apache.maven.surefire.junit4.JUnit4Provider.invoke(JUnit4Provider.java:155)
	at org.apache.maven.surefire.booter.ForkedBooter.runSuitesInProcess(ForkedBooter.java:385)
	at org.apache.maven.surefire.booter.ForkedBooter.execute(ForkedBooter.java:162)
	at org.apache.maven.surefire.booter.ForkedBooter.run(ForkedBooter.java:507)
	at org.apache.maven.surefire.booter.ForkedBooter.main(ForkedBooter.java:495)
Caused by: org.hibernate.HibernateException: identifier of an instance of org.isf.medicals.model.Medical was altered from 2 to -99
	at org.hibernate.event.internal.DefaultFlushEntityEventListener.checkId(DefaultFlushEntityEventListener.java:83)
	at org.hibernate.event.internal.DefaultFlushEntityEventListener.getValues(DefaultFlushEntityEventListener.java:195)
	at org.hibernate.event.internal.DefaultFlushEntityEventListener.onFlushEntity(DefaultFlushEntityEventListener.java:157)
	at org.hibernate.event.internal.AbstractFlushingEventListener.flushEntities(AbstractFlushingEventListener.java:230)
	at org.hibernate.event.internal.AbstractFlushingEventListener.flushEverythingToExecutions(AbstractFlushingEventListener.java:100)
	at org.hibernate.event.internal.DefaultAutoFlushEventListener.onAutoFlush(DefaultAutoFlushEventListener.java:61)
	at org.hibernate.internal.SessionImpl.autoFlushIfRequired(SessionImpl.java:1130)
	at org.hibernate.internal.SessionImpl.list(SessionImpl.java:1187)
	at org.hibernate.internal.QueryImpl.list(QueryImpl.java:101)
	at org.hibernate.ejb.QueryImpl.getSingleResult(QueryImpl.java:287)
	at org.springframework.data.jpa.repository.query.JpaQueryExecution$SingleEntityExecution.doExecute(JpaQueryExecution.java:210)
	at org.springframework.data.jpa.repository.query.JpaQueryExecution.execute(JpaQueryExecution.java:89)
	at org.springframework.data.jpa.repository.query.AbstractJpaQuery.doExecute(AbstractJpaQuery.java:126)
	at org.springframework.data.jpa.repository.query.AbstractJpaQuery.execute(AbstractJpaQuery.java:116)
	at org.springframework.data.repository.core.support.RepositoryFactorySupport$QueryExecutorMethodInterceptor.doInvoke(RepositoryFactorySupport.java:494)
	at org.springframework.data.repository.core.support.RepositoryFactorySupport$QueryExecutorMethodInterceptor.invoke(RepositoryFactorySupport.java:477)
	at org.springframework.aop.framework.ReflectiveMethodInvocation.proceed(ReflectiveMethodInvocation.java:179)
	at org.springframework.data.projection.DefaultMethodInvokingMethodInterceptor.invoke(DefaultMethodInvokingMethodInterceptor.java:56)
	at org.springframework.aop.framework.ReflectiveMethodInvocation.proceed(ReflectiveMethodInvocation.java:179)
	at org.springframework.transaction.interceptor.TransactionInterceptor$1.proceedWithInvocation(TransactionInterceptor.java:99)
	at org.springframework.transaction.interceptor.TransactionAspectSupport.invokeWithinTransaction(TransactionAspectSupport.java:283)
	at org.springframework.transaction.interceptor.TransactionInterceptor.invoke(TransactionInterceptor.java:96)
	at org.springframework.aop.framework.ReflectiveMethodInvocation.proceed(ReflectiveMethodInvocation.java:179)
	at org.springframework.dao.support.PersistenceExceptionTranslationInterceptor.invoke(PersistenceExceptionTranslationInterceptor.java:136)
	... 103 more
[05/jul/2024 13:43:27] [:] INFO - Rolled back transaction for test: [DefaultTestContext@329af9b1 testClass = Tests, testInstance = org.isf.medicalstock.test.Tests@2f96ce4, testMethod = testMgrValidateLotRefersToAnotherMedical@Tests, testException = [null], mergedContextConfiguration = [MergedContextConfiguration@7535554e testClass = Tests, locations = '{classpath:applicationContext.xml, classpath:applicationContext.xml}', classes = '{}', contextInitializerClasses = '[]', activeProfiles = '{}', propertySourceLocations = '{}', propertySourceProperties = '{}', contextCustomizers = set[org.springframework.boot.test.context.filter.ExcludeFilterContextCustomizer@255b53dc, org.springframework.boot.test.json.DuplicateJsonObjectContextCustomizerFactory$DuplicateJsonObjectContextCustomizer@64d2d351, org.springframework.boot.test.mock.mockito.MockitoContextCustomizer@0, org.springframework.boot.test.autoconfigure.properties.PropertyMappingContextCustomizer@0, org.springframework.boot.test.autoconfigure.web.servlet.WebDriverContextCustomizerFactory$Customizer@52aa2946], contextLoader = 'org.springframework.test.context.support.DelegatingSmartContextLoader', parent = [null]]]
]]></system-out>
  </testcase>
  <testcase name="testMgrValidateLotDueDateNull[Test with AUTOMATICLOT_IN=false, AUTOMATICLOT_OUT=false, AUTOMATICLOTWARD_TOWARD=false]" classname="org.isf.medicalstock.test.Tests" time="0.035">
    <system-out><![CDATA[[05/jul/2024 13:43:27] [:] INFO - Began transaction (1) for test context [DefaultTestContext@329af9b1 testClass = Tests, testInstance = org.isf.medicalstock.test.Tests@36120e46, testMethod = testMgrValidateLotDueDateNull@Tests, testException = [null], mergedContextConfiguration = [MergedContextConfiguration@7535554e testClass = Tests, locations = '{classpath:applicationContext.xml, classpath:applicationContext.xml}', classes = '{}', contextInitializerClasses = '[]', activeProfiles = '{}', propertySourceLocations = '{}', propertySourceProperties = '{}', contextCustomizers = set[org.springframework.boot.test.context.filter.ExcludeFilterContextCustomizer@255b53dc, org.springframework.boot.test.json.DuplicateJsonObjectContextCustomizerFactory$DuplicateJsonObjectContextCustomizer@64d2d351, org.springframework.boot.test.mock.mockito.MockitoContextCustomizer@0, org.springframework.boot.test.autoconfigure.properties.PropertyMappingContextCustomizer@0, org.springframework.boot.test.autoconfigure.web.servlet.WebDriverContextCustomizerFactory$Customizer@52aa2946], contextLoader = 'org.springframework.test.context.support.DelegatingSmartContextLoader', parent = [null]]]; transaction manager [org.springframework.orm.jpa.JpaTransactionManager@4ece2750]; rollback [true]
[05/jul/2024 13:43:27] [:] INFO - Rolled back transaction for test: [DefaultTestContext@329af9b1 testClass = Tests, testInstance = org.isf.medicalstock.test.Tests@36120e46, testMethod = testMgrValidateLotDueDateNull@Tests, testException = [null], mergedContextConfiguration = [MergedContextConfiguration@7535554e testClass = Tests, locations = '{classpath:applicationContext.xml, classpath:applicationContext.xml}', classes = '{}', contextInitializerClasses = '[]', activeProfiles = '{}', propertySourceLocations = '{}', propertySourceProperties = '{}', contextCustomizers = set[org.springframework.boot.test.context.filter.ExcludeFilterContextCustomizer@255b53dc, org.springframework.boot.test.json.DuplicateJsonObjectContextCustomizerFactory$DuplicateJsonObjectContextCustomizer@64d2d351, org.springframework.boot.test.mock.mockito.MockitoContextCustomizer@0, org.springframework.boot.test.autoconfigure.properties.PropertyMappingContextCustomizer@0, org.springframework.boot.test.autoconfigure.web.servlet.WebDriverContextCustomizerFactory$Customizer@52aa2946], contextLoader = 'org.springframework.test.context.support.DelegatingSmartContextLoader', parent = [null]]]
]]></system-out>
  </testcase>
  <testcase name="testMgrGetLotsByMedicalNull[Test with AUTOMATICLOT_IN=false, AUTOMATICLOT_OUT=false, AUTOMATICLOTWARD_TOWARD=false]" classname="org.isf.medicalstock.test.Tests" time="0.008">
    <system-out><![CDATA[[05/jul/2024 13:43:27] [:] INFO - Began transaction (1) for test context [DefaultTestContext@329af9b1 testClass = Tests, testInstance = org.isf.medicalstock.test.Tests@4a31add6, testMethod = testMgrGetLotsByMedicalNull@Tests, testException = [null], mergedContextConfiguration = [MergedContextConfiguration@7535554e testClass = Tests, locations = '{classpath:applicationContext.xml, classpath:applicationContext.xml}', classes = '{}', contextInitializerClasses = '[]', activeProfiles = '{}', propertySourceLocations = '{}', propertySourceProperties = '{}', contextCustomizers = set[org.springframework.boot.test.context.filter.ExcludeFilterContextCustomizer@255b53dc, org.springframework.boot.test.json.DuplicateJsonObjectContextCustomizerFactory$DuplicateJsonObjectContextCustomizer@64d2d351, org.springframework.boot.test.mock.mockito.MockitoContextCustomizer@0, org.springframework.boot.test.autoconfigure.properties.PropertyMappingContextCustomizer@0, org.springframework.boot.test.autoconfigure.web.servlet.WebDriverContextCustomizerFactory$Customizer@52aa2946], contextLoader = 'org.springframework.test.context.support.DelegatingSmartContextLoader', parent = [null]]]; transaction manager [org.springframework.orm.jpa.JpaTransactionManager@4ece2750]; rollback [true]
[05/jul/2024 13:43:27] [:] INFO - Rolled back transaction for test: [DefaultTestContext@329af9b1 testClass = Tests, testInstance = org.isf.medicalstock.test.Tests@4a31add6, testMethod = testMgrGetLotsByMedicalNull@Tests, testException = [null], mergedContextConfiguration = [MergedContextConfiguration@7535554e testClass = Tests, locations = '{classpath:applicationContext.xml, classpath:applicationContext.xml}', classes = '{}', contextInitializerClasses = '[]', activeProfiles = '{}', propertySourceLocations = '{}', propertySourceProperties = '{}', contextCustomizers = set[org.springframework.boot.test.context.filter.ExcludeFilterContextCustomizer@255b53dc, org.springframework.boot.test.json.DuplicateJsonObjectContextCustomizerFactory$DuplicateJsonObjectContextCustomizer@64d2d351, org.springframework.boot.test.mock.mockito.MockitoContextCustomizer@0, org.springframework.boot.test.autoconfigure.properties.PropertyMappingContextCustomizer@0, org.springframework.boot.test.autoconfigure.web.servlet.WebDriverContextCustomizerFactory$Customizer@52aa2946], contextLoader = 'org.springframework.test.context.support.DelegatingSmartContextLoader', parent = [null]]]
]]></system-out>
  </testcase>
  <testcase name="testIoNewAutomaticDischargingMovementDifferentLots[Test with AUTOMATICLOT_IN=false, AUTOMATICLOT_OUT=false, AUTOMATICLOTWARD_TOWARD=false]" classname="org.isf.medicalstock.test.Tests" time="0.079">
    <system-out><![CDATA[[05/jul/2024 13:43:27] [:] INFO - Began transaction (1) for test context [DefaultTestContext@329af9b1 testClass = Tests, testInstance = org.isf.medicalstock.test.Tests@222fbf92, testMethod = testIoNewAutomaticDischargingMovementDifferentLots@Tests, testException = [null], mergedContextConfiguration = [MergedContextConfiguration@7535554e testClass = Tests, locations = '{classpath:applicationContext.xml, classpath:applicationContext.xml}', classes = '{}', contextInitializerClasses = '[]', activeProfiles = '{}', propertySourceLocations = '{}', propertySourceProperties = '{}', contextCustomizers = set[org.springframework.boot.test.context.filter.ExcludeFilterContextCustomizer@255b53dc, org.springframework.boot.test.json.DuplicateJsonObjectContextCustomizerFactory$DuplicateJsonObjectContextCustomizer@64d2d351, org.springframework.boot.test.mock.mockito.MockitoContextCustomizer@0, org.springframework.boot.test.autoconfigure.properties.PropertyMappingContextCustomizer@0, org.springframework.boot.test.autoconfigure.web.servlet.WebDriverContextCustomizerFactory$Customizer@52aa2946], contextLoader = 'org.springframework.test.context.support.DelegatingSmartContextLoader', parent = [null]]]; transaction manager [org.springframework.orm.jpa.JpaTransactionManager@4ece2750]; rollback [true]
[05/jul/2024 13:43:27] [:] INFO - Rolled back transaction for test: [DefaultTestContext@329af9b1 testClass = Tests, testInstance = org.isf.medicalstock.test.Tests@222fbf92, testMethod = testIoNewAutomaticDischargingMovementDifferentLots@Tests, testException = [null], mergedContextConfiguration = [MergedContextConfiguration@7535554e testClass = Tests, locations = '{classpath:applicationContext.xml, classpath:applicationContext.xml}', classes = '{}', contextInitializerClasses = '[]', activeProfiles = '{}', propertySourceLocations = '{}', propertySourceProperties = '{}', contextCustomizers = set[org.springframework.boot.test.context.filter.ExcludeFilterContextCustomizer@255b53dc, org.springframework.boot.test.json.DuplicateJsonObjectContextCustomizerFactory$DuplicateJsonObjectContextCustomizer@64d2d351, org.springframework.boot.test.mock.mockito.MockitoContextCustomizer@0, org.springframework.boot.test.autoconfigure.properties.PropertyMappingContextCustomizer@0, org.springframework.boot.test.autoconfigure.web.servlet.WebDriverContextCustomizerFactory$Customizer@52aa2946], contextLoader = 'org.springframework.test.context.support.DelegatingSmartContextLoader', parent = [null]]]
]]></system-out>
  </testcase>
  <testcase name="testIoNewMovementOutGoingLotsWardNull[Test with AUTOMATICLOT_IN=false, AUTOMATICLOT_OUT=false, AUTOMATICLOTWARD_TOWARD=false]" classname="org.isf.medicalstock.test.Tests" time="0.014">
    <system-out><![CDATA[[05/jul/2024 13:43:27] [:] INFO - Began transaction (1) for test context [DefaultTestContext@329af9b1 testClass = Tests, testInstance = org.isf.medicalstock.test.Tests@5941f0ea, testMethod = testIoNewMovementOutGoingLotsWardNull@Tests, testException = [null], mergedContextConfiguration = [MergedContextConfiguration@7535554e testClass = Tests, locations = '{classpath:applicationContext.xml, classpath:applicationContext.xml}', classes = '{}', contextInitializerClasses = '[]', activeProfiles = '{}', propertySourceLocations = '{}', propertySourceProperties = '{}', contextCustomizers = set[org.springframework.boot.test.context.filter.ExcludeFilterContextCustomizer@255b53dc, org.springframework.boot.test.json.DuplicateJsonObjectContextCustomizerFactory$DuplicateJsonObjectContextCustomizer@64d2d351, org.springframework.boot.test.mock.mockito.MockitoContextCustomizer@0, org.springframework.boot.test.autoconfigure.properties.PropertyMappingContextCustomizer@0, org.springframework.boot.test.autoconfigure.web.servlet.WebDriverContextCustomizerFactory$Customizer@52aa2946], contextLoader = 'org.springframework.test.context.support.DelegatingSmartContextLoader', parent = [null]]]; transaction manager [org.springframework.orm.jpa.JpaTransactionManager@4ece2750]; rollback [true]
[05/jul/2024 13:43:27] [:] INFO - Rolled back transaction for test: [DefaultTestContext@329af9b1 testClass = Tests, testInstance = org.isf.medicalstock.test.Tests@5941f0ea, testMethod = testIoNewMovementOutGoingLotsWardNull@Tests, testException = [null], mergedContextConfiguration = [MergedContextConfiguration@7535554e testClass = Tests, locations = '{classpath:applicationContext.xml, classpath:applicationContext.xml}', classes = '{}', contextInitializerClasses = '[]', activeProfiles = '{}', propertySourceLocations = '{}', propertySourceProperties = '{}', contextCustomizers = set[org.springframework.boot.test.context.filter.ExcludeFilterContextCustomizer@255b53dc, org.springframework.boot.test.json.DuplicateJsonObjectContextCustomizerFactory$DuplicateJsonObjectContextCustomizer@64d2d351, org.springframework.boot.test.mock.mockito.MockitoContextCustomizer@0, org.springframework.boot.test.autoconfigure.properties.PropertyMappingContextCustomizer@0, org.springframework.boot.test.autoconfigure.web.servlet.WebDriverContextCustomizerFactory$Customizer@52aa2946], contextLoader = 'org.springframework.test.context.support.DelegatingSmartContextLoader', parent = [null]]]
]]></system-out>
  </testcase>
  <testcase name="testIoGetMovementsWithParameters[Test with AUTOMATICLOT_IN=false, AUTOMATICLOT_OUT=false, AUTOMATICLOTWARD_TOWARD=false]" classname="org.isf.medicalstock.test.Tests" time="0.026">
    <system-out><![CDATA[[05/jul/2024 13:43:27] [:] INFO - Began transaction (1) for test context [DefaultTestContext@329af9b1 testClass = Tests, testInstance = org.isf.medicalstock.test.Tests@2e975956, testMethod = testIoGetMovementsWithParameters@Tests, testException = [null], mergedContextConfiguration = [MergedContextConfiguration@7535554e testClass = Tests, locations = '{classpath:applicationContext.xml, classpath:applicationContext.xml}', classes = '{}', contextInitializerClasses = '[]', activeProfiles = '{}', propertySourceLocations = '{}', propertySourceProperties = '{}', contextCustomizers = set[org.springframework.boot.test.context.filter.ExcludeFilterContextCustomizer@255b53dc, org.springframework.boot.test.json.DuplicateJsonObjectContextCustomizerFactory$DuplicateJsonObjectContextCustomizer@64d2d351, org.springframework.boot.test.mock.mockito.MockitoContextCustomizer@0, org.springframework.boot.test.autoconfigure.properties.PropertyMappingContextCustomizer@0, org.springframework.boot.test.autoconfigure.web.servlet.WebDriverContextCustomizerFactory$Customizer@52aa2946], contextLoader = 'org.springframework.test.context.support.DelegatingSmartContextLoader', parent = [null]]]; transaction manager [org.springframework.orm.jpa.JpaTransactionManager@4ece2750]; rollback [true]
[05/jul/2024 13:43:27] [:] INFO - Rolled back transaction for test: [DefaultTestContext@329af9b1 testClass = Tests, testInstance = org.isf.medicalstock.test.Tests@2e975956, testMethod = testIoGetMovementsWithParameters@Tests, testException = [null], mergedContextConfiguration = [MergedContextConfiguration@7535554e testClass = Tests, locations = '{classpath:applicationContext.xml, classpath:applicationContext.xml}', classes = '{}', contextInitializerClasses = '[]', activeProfiles = '{}', propertySourceLocations = '{}', propertySourceProperties = '{}', contextCustomizers = set[org.springframework.boot.test.context.filter.ExcludeFilterContextCustomizer@255b53dc, org.springframework.boot.test.json.DuplicateJsonObjectContextCustomizerFactory$DuplicateJsonObjectContextCustomizer@64d2d351, org.springframework.boot.test.mock.mockito.MockitoContextCustomizer@0, org.springframework.boot.test.autoconfigure.properties.PropertyMappingContextCustomizer@0, org.springframework.boot.test.autoconfigure.web.servlet.WebDriverContextCustomizerFactory$Customizer@52aa2946], contextLoader = 'org.springframework.test.context.support.DelegatingSmartContextLoader', parent = [null]]]
]]></system-out>
  </testcase>
  <testcase name="testMgrGetMovementsCheckMovParameters[Test with AUTOMATICLOT_IN=false, AUTOMATICLOT_OUT=false, AUTOMATICLOTWARD_TOWARD=false]" classname="org.isf.medicalstock.test.Tests" time="0.034">
    <system-out><![CDATA[[05/jul/2024 13:43:27] [:] INFO - Began transaction (1) for test context [DefaultTestContext@329af9b1 testClass = Tests, testInstance = org.isf.medicalstock.test.Tests@67f1c057, testMethod = testMgrGetMovementsCheckMovParameters@Tests, testException = [null], mergedContextConfiguration = [MergedContextConfiguration@7535554e testClass = Tests, locations = '{classpath:applicationContext.xml, classpath:applicationContext.xml}', classes = '{}', contextInitializerClasses = '[]', activeProfiles = '{}', propertySourceLocations = '{}', propertySourceProperties = '{}', contextCustomizers = set[org.springframework.boot.test.context.filter.ExcludeFilterContextCustomizer@255b53dc, org.springframework.boot.test.json.DuplicateJsonObjectContextCustomizerFactory$DuplicateJsonObjectContextCustomizer@64d2d351, org.springframework.boot.test.mock.mockito.MockitoContextCustomizer@0, org.springframework.boot.test.autoconfigure.properties.PropertyMappingContextCustomizer@0, org.springframework.boot.test.autoconfigure.web.servlet.WebDriverContextCustomizerFactory$Customizer@52aa2946], contextLoader = 'org.springframework.test.context.support.DelegatingSmartContextLoader', parent = [null]]]; transaction manager [org.springframework.orm.jpa.JpaTransactionManager@4ece2750]; rollback [true]
[05/jul/2024 13:43:27] [:] INFO - Rolled back transaction for test: [DefaultTestContext@329af9b1 testClass = Tests, testInstance = org.isf.medicalstock.test.Tests@67f1c057, testMethod = testMgrGetMovementsCheckMovParameters@Tests, testException = [null], mergedContextConfiguration = [MergedContextConfiguration@7535554e testClass = Tests, locations = '{classpath:applicationContext.xml, classpath:applicationContext.xml}', classes = '{}', contextInitializerClasses = '[]', activeProfiles = '{}', propertySourceLocations = '{}', propertySourceProperties = '{}', contextCustomizers = set[org.springframework.boot.test.context.filter.ExcludeFilterContextCustomizer@255b53dc, org.springframework.boot.test.json.DuplicateJsonObjectContextCustomizerFactory$DuplicateJsonObjectContextCustomizer@64d2d351, org.springframework.boot.test.mock.mockito.MockitoContextCustomizer@0, org.springframework.boot.test.autoconfigure.properties.PropertyMappingContextCustomizer@0, org.springframework.boot.test.autoconfigure.web.servlet.WebDriverContextCustomizerFactory$Customizer@52aa2946], contextLoader = 'org.springframework.test.context.support.DelegatingSmartContextLoader', parent = [null]]]
]]></system-out>
  </testcase>
  <testcase name="testIoGetMovementForPrintDateOrder[Test with AUTOMATICLOT_IN=false, AUTOMATICLOT_OUT=false, AUTOMATICLOTWARD_TOWARD=false]" classname="org.isf.medicalstock.test.Tests" time="0.052">
    <system-out><![CDATA[[05/jul/2024 13:43:27] [:] INFO - Began transaction (1) for test context [DefaultTestContext@329af9b1 testClass = Tests, testInstance = org.isf.medicalstock.test.Tests@1f484be2, testMethod = testIoGetMovementForPrintDateOrder@Tests, testException = [null], mergedContextConfiguration = [MergedContextConfiguration@7535554e testClass = Tests, locations = '{classpath:applicationContext.xml, classpath:applicationContext.xml}', classes = '{}', contextInitializerClasses = '[]', activeProfiles = '{}', propertySourceLocations = '{}', propertySourceProperties = '{}', contextCustomizers = set[org.springframework.boot.test.context.filter.ExcludeFilterContextCustomizer@255b53dc, org.springframework.boot.test.json.DuplicateJsonObjectContextCustomizerFactory$DuplicateJsonObjectContextCustomizer@64d2d351, org.springframework.boot.test.mock.mockito.MockitoContextCustomizer@0, org.springframework.boot.test.autoconfigure.properties.PropertyMappingContextCustomizer@0, org.springframework.boot.test.autoconfigure.web.servlet.WebDriverContextCustomizerFactory$Customizer@52aa2946], contextLoader = 'org.springframework.test.context.support.DelegatingSmartContextLoader', parent = [null]]]; transaction manager [org.springframework.orm.jpa.JpaTransactionManager@4ece2750]; rollback [true]
[05/jul/2024 13:43:27] [:] INFO - Rolled back transaction for test: [DefaultTestContext@329af9b1 testClass = Tests, testInstance = org.isf.medicalstock.test.Tests@1f484be2, testMethod = testIoGetMovementForPrintDateOrder@Tests, testException = [null], mergedContextConfiguration = [MergedContextConfiguration@7535554e testClass = Tests, locations = '{classpath:applicationContext.xml, classpath:applicationContext.xml}', classes = '{}', contextInitializerClasses = '[]', activeProfiles = '{}', propertySourceLocations = '{}', propertySourceProperties = '{}', contextCustomizers = set[org.springframework.boot.test.context.filter.ExcludeFilterContextCustomizer@255b53dc, org.springframework.boot.test.json.DuplicateJsonObjectContextCustomizerFactory$DuplicateJsonObjectContextCustomizer@64d2d351, org.springframework.boot.test.mock.mockito.MockitoContextCustomizer@0, org.springframework.boot.test.autoconfigure.properties.PropertyMappingContextCustomizer@0, org.springframework.boot.test.autoconfigure.web.servlet.WebDriverContextCustomizerFactory$Customizer@52aa2946], contextLoader = 'org.springframework.test.context.support.DelegatingSmartContextLoader', parent = [null]]]
]]></system-out>
  </testcase>
  <testcase name="testMovementToString[Test with AUTOMATICLOT_IN=false, AUTOMATICLOT_OUT=false, AUTOMATICLOTWARD_TOWARD=false]" classname="org.isf.medicalstock.test.Tests" time="0.018">
    <system-out><![CDATA[[05/jul/2024 13:43:27] [:] INFO - Began transaction (1) for test context [DefaultTestContext@329af9b1 testClass = Tests, testInstance = org.isf.medicalstock.test.Tests@469d7ac9, testMethod = testMovementToString@Tests, testException = [null], mergedContextConfiguration = [MergedContextConfiguration@7535554e testClass = Tests, locations = '{classpath:applicationContext.xml, classpath:applicationContext.xml}', classes = '{}', contextInitializerClasses = '[]', activeProfiles = '{}', propertySourceLocations = '{}', propertySourceProperties = '{}', contextCustomizers = set[org.springframework.boot.test.context.filter.ExcludeFilterContextCustomizer@255b53dc, org.springframework.boot.test.json.DuplicateJsonObjectContextCustomizerFactory$DuplicateJsonObjectContextCustomizer@64d2d351, org.springframework.boot.test.mock.mockito.MockitoContextCustomizer@0, org.springframework.boot.test.autoconfigure.properties.PropertyMappingContextCustomizer@0, org.springframework.boot.test.autoconfigure.web.servlet.WebDriverContextCustomizerFactory$Customizer@52aa2946], contextLoader = 'org.springframework.test.context.support.DelegatingSmartContextLoader', parent = [null]]]; transaction manager [org.springframework.orm.jpa.JpaTransactionManager@4ece2750]; rollback [true]
[05/jul/2024 13:43:27] [:] INFO - Rolled back transaction for test: [DefaultTestContext@329af9b1 testClass = Tests, testInstance = org.isf.medicalstock.test.Tests@469d7ac9, testMethod = testMovementToString@Tests, testException = [null], mergedContextConfiguration = [MergedContextConfiguration@7535554e testClass = Tests, locations = '{classpath:applicationContext.xml, classpath:applicationContext.xml}', classes = '{}', contextInitializerClasses = '[]', activeProfiles = '{}', propertySourceLocations = '{}', propertySourceProperties = '{}', contextCustomizers = set[org.springframework.boot.test.context.filter.ExcludeFilterContextCustomizer@255b53dc, org.springframework.boot.test.json.DuplicateJsonObjectContextCustomizerFactory$DuplicateJsonObjectContextCustomizer@64d2d351, org.springframework.boot.test.mock.mockito.MockitoContextCustomizer@0, org.springframework.boot.test.autoconfigure.properties.PropertyMappingContextCustomizer@0, org.springframework.boot.test.autoconfigure.web.servlet.WebDriverContextCustomizerFactory$Customizer@52aa2946], contextLoader = 'org.springframework.test.context.support.DelegatingSmartContextLoader', parent = [null]]]
]]></system-out>
  </testcase>
  <testcase name="testMgrGetMovementsCheckLotPrepParameters[Test with AUTOMATICLOT_IN=false, AUTOMATICLOT_OUT=false, AUTOMATICLOTWARD_TOWARD=false]" classname="org.isf.medicalstock.test.Tests" time="0.04">
    <system-out><![CDATA[[05/jul/2024 13:43:27] [:] INFO - Began transaction (1) for test context [DefaultTestContext@329af9b1 testClass = Tests, testInstance = org.isf.medicalstock.test.Tests@1a52be7c, testMethod = testMgrGetMovementsCheckLotPrepParameters@Tests, testException = [null], mergedContextConfiguration = [MergedContextConfiguration@7535554e testClass = Tests, locations = '{classpath:applicationContext.xml, classpath:applicationContext.xml}', classes = '{}', contextInitializerClasses = '[]', activeProfiles = '{}', propertySourceLocations = '{}', propertySourceProperties = '{}', contextCustomizers = set[org.springframework.boot.test.context.filter.ExcludeFilterContextCustomizer@255b53dc, org.springframework.boot.test.json.DuplicateJsonObjectContextCustomizerFactory$DuplicateJsonObjectContextCustomizer@64d2d351, org.springframework.boot.test.mock.mockito.MockitoContextCustomizer@0, org.springframework.boot.test.autoconfigure.properties.PropertyMappingContextCustomizer@0, org.springframework.boot.test.autoconfigure.web.servlet.WebDriverContextCustomizerFactory$Customizer@52aa2946], contextLoader = 'org.springframework.test.context.support.DelegatingSmartContextLoader', parent = [null]]]; transaction manager [org.springframework.orm.jpa.JpaTransactionManager@4ece2750]; rollback [true]
[05/jul/2024 13:43:27] [:] INFO - Rolled back transaction for test: [DefaultTestContext@329af9b1 testClass = Tests, testInstance = org.isf.medicalstock.test.Tests@1a52be7c, testMethod = testMgrGetMovementsCheckLotPrepParameters@Tests, testException = [null], mergedContextConfiguration = [MergedContextConfiguration@7535554e testClass = Tests, locations = '{classpath:applicationContext.xml, classpath:applicationContext.xml}', classes = '{}', contextInitializerClasses = '[]', activeProfiles = '{}', propertySourceLocations = '{}', propertySourceProperties = '{}', contextCustomizers = set[org.springframework.boot.test.context.filter.ExcludeFilterContextCustomizer@255b53dc, org.springframework.boot.test.json.DuplicateJsonObjectContextCustomizerFactory$DuplicateJsonObjectContextCustomizer@64d2d351, org.springframework.boot.test.mock.mockito.MockitoContextCustomizer@0, org.springframework.boot.test.autoconfigure.properties.PropertyMappingContextCustomizer@0, org.springframework.boot.test.autoconfigure.web.servlet.WebDriverContextCustomizerFactory$Customizer@52aa2946], contextLoader = 'org.springframework.test.context.support.DelegatingSmartContextLoader', parent = [null]]]
]]></system-out>
  </testcase>
  <testcase name="testMgrValidateNullMovementType[Test with AUTOMATICLOT_IN=false, AUTOMATICLOT_OUT=false, AUTOMATICLOTWARD_TOWARD=false]" classname="org.isf.medicalstock.test.Tests" time="0.051">
    <system-out><![CDATA[[05/jul/2024 13:43:27] [:] INFO - Began transaction (1) for test context [DefaultTestContext@329af9b1 testClass = Tests, testInstance = org.isf.medicalstock.test.Tests@39e8fc4, testMethod = testMgrValidateNullMovementType@Tests, testException = [null], mergedContextConfiguration = [MergedContextConfiguration@7535554e testClass = Tests, locations = '{classpath:applicationContext.xml, classpath:applicationContext.xml}', classes = '{}', contextInitializerClasses = '[]', activeProfiles = '{}', propertySourceLocations = '{}', propertySourceProperties = '{}', contextCustomizers = set[org.springframework.boot.test.context.filter.ExcludeFilterContextCustomizer@255b53dc, org.springframework.boot.test.json.DuplicateJsonObjectContextCustomizerFactory$DuplicateJsonObjectContextCustomizer@64d2d351, org.springframework.boot.test.mock.mockito.MockitoContextCustomizer@0, org.springframework.boot.test.autoconfigure.properties.PropertyMappingContextCustomizer@0, org.springframework.boot.test.autoconfigure.web.servlet.WebDriverContextCustomizerFactory$Customizer@52aa2946], contextLoader = 'org.springframework.test.context.support.DelegatingSmartContextLoader', parent = [null]]]; transaction manager [org.springframework.orm.jpa.JpaTransactionManager@4ece2750]; rollback [true]
[05/jul/2024 13:43:27] [:] INFO - Rolled back transaction for test: [DefaultTestContext@329af9b1 testClass = Tests, testInstance = org.isf.medicalstock.test.Tests@39e8fc4, testMethod = testMgrValidateNullMovementType@Tests, testException = [null], mergedContextConfiguration = [MergedContextConfiguration@7535554e testClass = Tests, locations = '{classpath:applicationContext.xml, classpath:applicationContext.xml}', classes = '{}', contextInitializerClasses = '[]', activeProfiles = '{}', propertySourceLocations = '{}', propertySourceProperties = '{}', contextCustomizers = set[org.springframework.boot.test.context.filter.ExcludeFilterContextCustomizer@255b53dc, org.springframework.boot.test.json.DuplicateJsonObjectContextCustomizerFactory$DuplicateJsonObjectContextCustomizer@64d2d351, org.springframework.boot.test.mock.mockito.MockitoContextCustomizer@0, org.springframework.boot.test.autoconfigure.properties.PropertyMappingContextCustomizer@0, org.springframework.boot.test.autoconfigure.web.servlet.WebDriverContextCustomizerFactory$Customizer@52aa2946], contextLoader = 'org.springframework.test.context.support.DelegatingSmartContextLoader', parent = [null]]]
]]></system-out>
  </testcase>
  <testcase name="testMgrGetMovementsCheckLotDueParameters[Test with AUTOMATICLOT_IN=false, AUTOMATICLOT_OUT=false, AUTOMATICLOTWARD_TOWARD=false]" classname="org.isf.medicalstock.test.Tests" time="0.03">
    <system-out><![CDATA[[05/jul/2024 13:43:27] [:] INFO - Began transaction (1) for test context [DefaultTestContext@329af9b1 testClass = Tests, testInstance = org.isf.medicalstock.test.Tests@654f49ea, testMethod = testMgrGetMovementsCheckLotDueParameters@Tests, testException = [null], mergedContextConfiguration = [MergedContextConfiguration@7535554e testClass = Tests, locations = '{classpath:applicationContext.xml, classpath:applicationContext.xml}', classes = '{}', contextInitializerClasses = '[]', activeProfiles = '{}', propertySourceLocations = '{}', propertySourceProperties = '{}', contextCustomizers = set[org.springframework.boot.test.context.filter.ExcludeFilterContextCustomizer@255b53dc, org.springframework.boot.test.json.DuplicateJsonObjectContextCustomizerFactory$DuplicateJsonObjectContextCustomizer@64d2d351, org.springframework.boot.test.mock.mockito.MockitoContextCustomizer@0, org.springframework.boot.test.autoconfigure.properties.PropertyMappingContextCustomizer@0, org.springframework.boot.test.autoconfigure.web.servlet.WebDriverContextCustomizerFactory$Customizer@52aa2946], contextLoader = 'org.springframework.test.context.support.DelegatingSmartContextLoader', parent = [null]]]; transaction manager [org.springframework.orm.jpa.JpaTransactionManager@4ece2750]; rollback [true]
[05/jul/2024 13:43:27] [:] INFO - Rolled back transaction for test: [DefaultTestContext@329af9b1 testClass = Tests, testInstance = org.isf.medicalstock.test.Tests@654f49ea, testMethod = testMgrGetMovementsCheckLotDueParameters@Tests, testException = [null], mergedContextConfiguration = [MergedContextConfiguration@7535554e testClass = Tests, locations = '{classpath:applicationContext.xml, classpath:applicationContext.xml}', classes = '{}', contextInitializerClasses = '[]', activeProfiles = '{}', propertySourceLocations = '{}', propertySourceProperties = '{}', contextCustomizers = set[org.springframework.boot.test.context.filter.ExcludeFilterContextCustomizer@255b53dc, org.springframework.boot.test.json.DuplicateJsonObjectContextCustomizerFactory$DuplicateJsonObjectContextCustomizer@64d2d351, org.springframework.boot.test.mock.mockito.MockitoContextCustomizer@0, org.springframework.boot.test.autoconfigure.properties.PropertyMappingContextCustomizer@0, org.springframework.boot.test.autoconfigure.web.servlet.WebDriverContextCustomizerFactory$Customizer@52aa2946], contextLoader = 'org.springframework.test.context.support.DelegatingSmartContextLoader', parent = [null]]]
]]></system-out>
  </testcase>
  <testcase name="testLotHashCode[Test with AUTOMATICLOT_IN=false, AUTOMATICLOT_OUT=false, AUTOMATICLOTWARD_TOWARD=false]" classname="org.isf.medicalstock.test.Tests" time="0.018">
    <system-out><![CDATA[[05/jul/2024 13:43:27] [:] INFO - Began transaction (1) for test context [DefaultTestContext@329af9b1 testClass = Tests, testInstance = org.isf.medicalstock.test.Tests@baadee5, testMethod = testLotHashCode@Tests, testException = [null], mergedContextConfiguration = [MergedContextConfiguration@7535554e testClass = Tests, locations = '{classpath:applicationContext.xml, classpath:applicationContext.xml}', classes = '{}', contextInitializerClasses = '[]', activeProfiles = '{}', propertySourceLocations = '{}', propertySourceProperties = '{}', contextCustomizers = set[org.springframework.boot.test.context.filter.ExcludeFilterContextCustomizer@255b53dc, org.springframework.boot.test.json.DuplicateJsonObjectContextCustomizerFactory$DuplicateJsonObjectContextCustomizer@64d2d351, org.springframework.boot.test.mock.mockito.MockitoContextCustomizer@0, org.springframework.boot.test.autoconfigure.properties.PropertyMappingContextCustomizer@0, org.springframework.boot.test.autoconfigure.web.servlet.WebDriverContextCustomizerFactory$Customizer@52aa2946], contextLoader = 'org.springframework.test.context.support.DelegatingSmartContextLoader', parent = [null]]]; transaction manager [org.springframework.orm.jpa.JpaTransactionManager@4ece2750]; rollback [true]
[05/jul/2024 13:43:27] [:] INFO - Rolled back transaction for test: [DefaultTestContext@329af9b1 testClass = Tests, testInstance = org.isf.medicalstock.test.Tests@baadee5, testMethod = testLotHashCode@Tests, testException = [null], mergedContextConfiguration = [MergedContextConfiguration@7535554e testClass = Tests, locations = '{classpath:applicationContext.xml, classpath:applicationContext.xml}', classes = '{}', contextInitializerClasses = '[]', activeProfiles = '{}', propertySourceLocations = '{}', propertySourceProperties = '{}', contextCustomizers = set[org.springframework.boot.test.context.filter.ExcludeFilterContextCustomizer@255b53dc, org.springframework.boot.test.json.DuplicateJsonObjectContextCustomizerFactory$DuplicateJsonObjectContextCustomizer@64d2d351, org.springframework.boot.test.mock.mockito.MockitoContextCustomizer@0, org.springframework.boot.test.autoconfigure.properties.PropertyMappingContextCustomizer@0, org.springframework.boot.test.autoconfigure.web.servlet.WebDriverContextCustomizerFactory$Customizer@52aa2946], contextLoader = 'org.springframework.test.context.support.DelegatingSmartContextLoader', parent = [null]]]
]]></system-out>
  </testcase>
  <testcase name="testLotIsValidLot[Test with AUTOMATICLOT_IN=false, AUTOMATICLOT_OUT=false, AUTOMATICLOTWARD_TOWARD=false]" classname="org.isf.medicalstock.test.Tests" time="0.027">
    <system-out><![CDATA[[05/jul/2024 13:43:27] [:] INFO - Began transaction (1) for test context [DefaultTestContext@329af9b1 testClass = Tests, testInstance = org.isf.medicalstock.test.Tests@22a7f11e, testMethod = testLotIsValidLot@Tests, testException = [null], mergedContextConfiguration = [MergedContextConfiguration@7535554e testClass = Tests, locations = '{classpath:applicationContext.xml, classpath:applicationContext.xml}', classes = '{}', contextInitializerClasses = '[]', activeProfiles = '{}', propertySourceLocations = '{}', propertySourceProperties = '{}', contextCustomizers = set[org.springframework.boot.test.context.filter.ExcludeFilterContextCustomizer@255b53dc, org.springframework.boot.test.json.DuplicateJsonObjectContextCustomizerFactory$DuplicateJsonObjectContextCustomizer@64d2d351, org.springframework.boot.test.mock.mockito.MockitoContextCustomizer@0, org.springframework.boot.test.autoconfigure.properties.PropertyMappingContextCustomizer@0, org.springframework.boot.test.autoconfigure.web.servlet.WebDriverContextCustomizerFactory$Customizer@52aa2946], contextLoader = 'org.springframework.test.context.support.DelegatingSmartContextLoader', parent = [null]]]; transaction manager [org.springframework.orm.jpa.JpaTransactionManager@4ece2750]; rollback [true]
[05/jul/2024 13:43:27] [:] INFO - Rolled back transaction for test: [DefaultTestContext@329af9b1 testClass = Tests, testInstance = org.isf.medicalstock.test.Tests@22a7f11e, testMethod = testLotIsValidLot@Tests, testException = [null], mergedContextConfiguration = [MergedContextConfiguration@7535554e testClass = Tests, locations = '{classpath:applicationContext.xml, classpath:applicationContext.xml}', classes = '{}', contextInitializerClasses = '[]', activeProfiles = '{}', propertySourceLocations = '{}', propertySourceProperties = '{}', contextCustomizers = set[org.springframework.boot.test.context.filter.ExcludeFilterContextCustomizer@255b53dc, org.springframework.boot.test.json.DuplicateJsonObjectContextCustomizerFactory$DuplicateJsonObjectContextCustomizer@64d2d351, org.springframework.boot.test.mock.mockito.MockitoContextCustomizer@0, org.springframework.boot.test.autoconfigure.properties.PropertyMappingContextCustomizer@0, org.springframework.boot.test.autoconfigure.web.servlet.WebDriverContextCustomizerFactory$Customizer@52aa2946], contextLoader = 'org.springframework.test.context.support.DelegatingSmartContextLoader', parent = [null]]]
]]></system-out>
  </testcase>
  <testcase name="testMgrGetLotsByMedical[Test with AUTOMATICLOT_IN=false, AUTOMATICLOT_OUT=false, AUTOMATICLOTWARD_TOWARD=false]" classname="org.isf.medicalstock.test.Tests" time="0.045">
    <system-out><![CDATA[[05/jul/2024 13:43:27] [:] INFO - Began transaction (1) for test context [DefaultTestContext@329af9b1 testClass = Tests, testInstance = org.isf.medicalstock.test.Tests@364a17f4, testMethod = testMgrGetLotsByMedical@Tests, testException = [null], mergedContextConfiguration = [MergedContextConfiguration@7535554e testClass = Tests, locations = '{classpath:applicationContext.xml, classpath:applicationContext.xml}', classes = '{}', contextInitializerClasses = '[]', activeProfiles = '{}', propertySourceLocations = '{}', propertySourceProperties = '{}', contextCustomizers = set[org.springframework.boot.test.context.filter.ExcludeFilterContextCustomizer@255b53dc, org.springframework.boot.test.json.DuplicateJsonObjectContextCustomizerFactory$DuplicateJsonObjectContextCustomizer@64d2d351, org.springframework.boot.test.mock.mockito.MockitoContextCustomizer@0, org.springframework.boot.test.autoconfigure.properties.PropertyMappingContextCustomizer@0, org.springframework.boot.test.autoconfigure.web.servlet.WebDriverContextCustomizerFactory$Customizer@52aa2946], contextLoader = 'org.springframework.test.context.support.DelegatingSmartContextLoader', parent = [null]]]; transaction manager [org.springframework.orm.jpa.JpaTransactionManager@4ece2750]; rollback [true]
[05/jul/2024 13:43:27] [:] INFO - Rolled back transaction for test: [DefaultTestContext@329af9b1 testClass = Tests, testInstance = org.isf.medicalstock.test.Tests@364a17f4, testMethod = testMgrGetLotsByMedical@Tests, testException = [null], mergedContextConfiguration = [MergedContextConfiguration@7535554e testClass = Tests, locations = '{classpath:applicationContext.xml, classpath:applicationContext.xml}', classes = '{}', contextInitializerClasses = '[]', activeProfiles = '{}', propertySourceLocations = '{}', propertySourceProperties = '{}', contextCustomizers = set[org.springframework.boot.test.context.filter.ExcludeFilterContextCustomizer@255b53dc, org.springframework.boot.test.json.DuplicateJsonObjectContextCustomizerFactory$DuplicateJsonObjectContextCustomizer@64d2d351, org.springframework.boot.test.mock.mockito.MockitoContextCustomizer@0, org.springframework.boot.test.autoconfigure.properties.PropertyMappingContextCustomizer@0, org.springframework.boot.test.autoconfigure.web.servlet.WebDriverContextCustomizerFactory$Customizer@52aa2946], contextLoader = 'org.springframework.test.context.support.DelegatingSmartContextLoader', parent = [null]]]
]]></system-out>
  </testcase>
  <testcase name="testIoRefNoExists[Test with AUTOMATICLOT_IN=false, AUTOMATICLOT_OUT=false, AUTOMATICLOTWARD_TOWARD=false]" classname="org.isf.medicalstock.test.Tests" time="0.049">
    <system-out><![CDATA[[05/jul/2024 13:43:27] [:] INFO - Began transaction (1) for test context [DefaultTestContext@329af9b1 testClass = Tests, testInstance = org.isf.medicalstock.test.Tests@fcb2da9, testMethod = testIoRefNoExists@Tests, testException = [null], mergedContextConfiguration = [MergedContextConfiguration@7535554e testClass = Tests, locations = '{classpath:applicationContext.xml, classpath:applicationContext.xml}', classes = '{}', contextInitializerClasses = '[]', activeProfiles = '{}', propertySourceLocations = '{}', propertySourceProperties = '{}', contextCustomizers = set[org.springframework.boot.test.context.filter.ExcludeFilterContextCustomizer@255b53dc, org.springframework.boot.test.json.DuplicateJsonObjectContextCustomizerFactory$DuplicateJsonObjectContextCustomizer@64d2d351, org.springframework.boot.test.mock.mockito.MockitoContextCustomizer@0, org.springframework.boot.test.autoconfigure.properties.PropertyMappingContextCustomizer@0, org.springframework.boot.test.autoconfigure.web.servlet.WebDriverContextCustomizerFactory$Customizer@52aa2946], contextLoader = 'org.springframework.test.context.support.DelegatingSmartContextLoader', parent = [null]]]; transaction manager [org.springframework.orm.jpa.JpaTransactionManager@4ece2750]; rollback [true]
[05/jul/2024 13:43:27] [:] INFO - Rolled back transaction for test: [DefaultTestContext@329af9b1 testClass = Tests, testInstance = org.isf.medicalstock.test.Tests@fcb2da9, testMethod = testIoRefNoExists@Tests, testException = [null], mergedContextConfiguration = [MergedContextConfiguration@7535554e testClass = Tests, locations = '{classpath:applicationContext.xml, classpath:applicationContext.xml}', classes = '{}', contextInitializerClasses = '[]', activeProfiles = '{}', propertySourceLocations = '{}', propertySourceProperties = '{}', contextCustomizers = set[org.springframework.boot.test.context.filter.ExcludeFilterContextCustomizer@255b53dc, org.springframework.boot.test.json.DuplicateJsonObjectContextCustomizerFactory$DuplicateJsonObjectContextCustomizer@64d2d351, org.springframework.boot.test.mock.mockito.MockitoContextCustomizer@0, org.springframework.boot.test.autoconfigure.properties.PropertyMappingContextCustomizer@0, org.springframework.boot.test.autoconfigure.web.servlet.WebDriverContextCustomizerFactory$Customizer@52aa2946], contextLoader = 'org.springframework.test.context.support.DelegatingSmartContextLoader', parent = [null]]]
]]></system-out>
  </testcase>
  <testcase name="testIoGetLotsByMedical[Test with AUTOMATICLOT_IN=false, AUTOMATICLOT_OUT=false, AUTOMATICLOTWARD_TOWARD=false]" classname="org.isf.medicalstock.test.Tests" time="0.027">
    <system-out><![CDATA[[05/jul/2024 13:43:27] [:] INFO - Began transaction (1) for test context [DefaultTestContext@329af9b1 testClass = Tests, testInstance = org.isf.medicalstock.test.Tests@334cd324, testMethod = testIoGetLotsByMedical@Tests, testException = [null], mergedContextConfiguration = [MergedContextConfiguration@7535554e testClass = Tests, locations = '{classpath:applicationContext.xml, classpath:applicationContext.xml}', classes = '{}', contextInitializerClasses = '[]', activeProfiles = '{}', propertySourceLocations = '{}', propertySourceProperties = '{}', contextCustomizers = set[org.springframework.boot.test.context.filter.ExcludeFilterContextCustomizer@255b53dc, org.springframework.boot.test.json.DuplicateJsonObjectContextCustomizerFactory$DuplicateJsonObjectContextCustomizer@64d2d351, org.springframework.boot.test.mock.mockito.MockitoContextCustomizer@0, org.springframework.boot.test.autoconfigure.properties.PropertyMappingContextCustomizer@0, org.springframework.boot.test.autoconfigure.web.servlet.WebDriverContextCustomizerFactory$Customizer@52aa2946], contextLoader = 'org.springframework.test.context.support.DelegatingSmartContextLoader', parent = [null]]]; transaction manager [org.springframework.orm.jpa.JpaTransactionManager@4ece2750]; rollback [true]
[05/jul/2024 13:43:27] [:] INFO - Rolled back transaction for test: [DefaultTestContext@329af9b1 testClass = Tests, testInstance = org.isf.medicalstock.test.Tests@334cd324, testMethod = testIoGetLotsByMedical@Tests, testException = [null], mergedContextConfiguration = [MergedContextConfiguration@7535554e testClass = Tests, locations = '{classpath:applicationContext.xml, classpath:applicationContext.xml}', classes = '{}', contextInitializerClasses = '[]', activeProfiles = '{}', propertySourceLocations = '{}', propertySourceProperties = '{}', contextCustomizers = set[org.springframework.boot.test.context.filter.ExcludeFilterContextCustomizer@255b53dc, org.springframework.boot.test.json.DuplicateJsonObjectContextCustomizerFactory$DuplicateJsonObjectContextCustomizer@64d2d351, org.springframework.boot.test.mock.mockito.MockitoContextCustomizer@0, org.springframework.boot.test.autoconfigure.properties.PropertyMappingContextCustomizer@0, org.springframework.boot.test.autoconfigure.web.servlet.WebDriverContextCustomizerFactory$Customizer@52aa2946], contextLoader = 'org.springframework.test.context.support.DelegatingSmartContextLoader', parent = [null]]]
]]></system-out>
  </testcase>
  <testcase name="testIoNewAutomaticDischargingMovement[Test with AUTOMATICLOT_IN=false, AUTOMATICLOT_OUT=false, AUTOMATICLOTWARD_TOWARD=false]" classname="org.isf.medicalstock.test.Tests" time="0.041">
    <system-out><![CDATA[[05/jul/2024 13:43:27] [:] INFO - Began transaction (1) for test context [DefaultTestContext@329af9b1 testClass = Tests, testInstance = org.isf.medicalstock.test.Tests@641f044e, testMethod = testIoNewAutomaticDischargingMovement@Tests, testException = [null], mergedContextConfiguration = [MergedContextConfiguration@7535554e testClass = Tests, locations = '{classpath:applicationContext.xml, classpath:applicationContext.xml}', classes = '{}', contextInitializerClasses = '[]', activeProfiles = '{}', propertySourceLocations = '{}', propertySourceProperties = '{}', contextCustomizers = set[org.springframework.boot.test.context.filter.ExcludeFilterContextCustomizer@255b53dc, org.springframework.boot.test.json.DuplicateJsonObjectContextCustomizerFactory$DuplicateJsonObjectContextCustomizer@64d2d351, org.springframework.boot.test.mock.mockito.MockitoContextCustomizer@0, org.springframework.boot.test.autoconfigure.properties.PropertyMappingContextCustomizer@0, org.springframework.boot.test.autoconfigure.web.servlet.WebDriverContextCustomizerFactory$Customizer@52aa2946], contextLoader = 'org.springframework.test.context.support.DelegatingSmartContextLoader', parent = [null]]]; transaction manager [org.springframework.orm.jpa.JpaTransactionManager@4ece2750]; rollback [true]
[05/jul/2024 13:43:27] [:] INFO - Rolled back transaction for test: [DefaultTestContext@329af9b1 testClass = Tests, testInstance = org.isf.medicalstock.test.Tests@641f044e, testMethod = testIoNewAutomaticDischargingMovement@Tests, testException = [null], mergedContextConfiguration = [MergedContextConfiguration@7535554e testClass = Tests, locations = '{classpath:applicationContext.xml, classpath:applicationContext.xml}', classes = '{}', contextInitializerClasses = '[]', activeProfiles = '{}', propertySourceLocations = '{}', propertySourceProperties = '{}', contextCustomizers = set[org.springframework.boot.test.context.filter.ExcludeFilterContextCustomizer@255b53dc, org.springframework.boot.test.json.DuplicateJsonObjectContextCustomizerFactory$DuplicateJsonObjectContextCustomizer@64d2d351, org.springframework.boot.test.mock.mockito.MockitoContextCustomizer@0, org.springframework.boot.test.autoconfigure.properties.PropertyMappingContextCustomizer@0, org.springframework.boot.test.autoconfigure.web.servlet.WebDriverContextCustomizerFactory$Customizer@52aa2946], contextLoader = 'org.springframework.test.context.support.DelegatingSmartContextLoader', parent = [null]]]
]]></system-out>
  </testcase>
  <testcase name="testIoGetMovementForPrintTypeOrder[Test with AUTOMATICLOT_IN=false, AUTOMATICLOT_OUT=false, AUTOMATICLOTWARD_TOWARD=false]" classname="org.isf.medicalstock.test.Tests" time="0.039">
    <system-out><![CDATA[[05/jul/2024 13:43:27] [:] INFO - Began transaction (1) for test context [DefaultTestContext@329af9b1 testClass = Tests, testInstance = org.isf.medicalstock.test.Tests@63599b59, testMethod = testIoGetMovementForPrintTypeOrder@Tests, testException = [null], mergedContextConfiguration = [MergedContextConfiguration@7535554e testClass = Tests, locations = '{classpath:applicationContext.xml, classpath:applicationContext.xml}', classes = '{}', contextInitializerClasses = '[]', activeProfiles = '{}', propertySourceLocations = '{}', propertySourceProperties = '{}', contextCustomizers = set[org.springframework.boot.test.context.filter.ExcludeFilterContextCustomizer@255b53dc, org.springframework.boot.test.json.DuplicateJsonObjectContextCustomizerFactory$DuplicateJsonObjectContextCustomizer@64d2d351, org.springframework.boot.test.mock.mockito.MockitoContextCustomizer@0, org.springframework.boot.test.autoconfigure.properties.PropertyMappingContextCustomizer@0, org.springframework.boot.test.autoconfigure.web.servlet.WebDriverContextCustomizerFactory$Customizer@52aa2946], contextLoader = 'org.springframework.test.context.support.DelegatingSmartContextLoader', parent = [null]]]; transaction manager [org.springframework.orm.jpa.JpaTransactionManager@4ece2750]; rollback [true]
[05/jul/2024 13:43:27] [:] INFO - Rolled back transaction for test: [DefaultTestContext@329af9b1 testClass = Tests, testInstance = org.isf.medicalstock.test.Tests@63599b59, testMethod = testIoGetMovementForPrintTypeOrder@Tests, testException = [null], mergedContextConfiguration = [MergedContextConfiguration@7535554e testClass = Tests, locations = '{classpath:applicationContext.xml, classpath:applicationContext.xml}', classes = '{}', contextInitializerClasses = '[]', activeProfiles = '{}', propertySourceLocations = '{}', propertySourceProperties = '{}', contextCustomizers = set[org.springframework.boot.test.context.filter.ExcludeFilterContextCustomizer@255b53dc, org.springframework.boot.test.json.DuplicateJsonObjectContextCustomizerFactory$DuplicateJsonObjectContextCustomizer@64d2d351, org.springframework.boot.test.mock.mockito.MockitoContextCustomizer@0, org.springframework.boot.test.autoconfigure.properties.PropertyMappingContextCustomizer@0, org.springframework.boot.test.autoconfigure.web.servlet.WebDriverContextCustomizerFactory$Customizer@52aa2946], contextLoader = 'org.springframework.test.context.support.DelegatingSmartContextLoader', parent = [null]]]
]]></system-out>
  </testcase>
  <testcase name="testMgrValidateLotPrepationDateNull[Test with AUTOMATICLOT_IN=false, AUTOMATICLOT_OUT=false, AUTOMATICLOTWARD_TOWARD=false]" classname="org.isf.medicalstock.test.Tests" time="0.026">
    <system-out><![CDATA[[05/jul/2024 13:43:27] [:] INFO - Began transaction (1) for test context [DefaultTestContext@329af9b1 testClass = Tests, testInstance = org.isf.medicalstock.test.Tests@4d2b7677, testMethod = testMgrValidateLotPrepationDateNull@Tests, testException = [null], mergedContextConfiguration = [MergedContextConfiguration@7535554e testClass = Tests, locations = '{classpath:applicationContext.xml, classpath:applicationContext.xml}', classes = '{}', contextInitializerClasses = '[]', activeProfiles = '{}', propertySourceLocations = '{}', propertySourceProperties = '{}', contextCustomizers = set[org.springframework.boot.test.context.filter.ExcludeFilterContextCustomizer@255b53dc, org.springframework.boot.test.json.DuplicateJsonObjectContextCustomizerFactory$DuplicateJsonObjectContextCustomizer@64d2d351, org.springframework.boot.test.mock.mockito.MockitoContextCustomizer@0, org.springframework.boot.test.autoconfigure.properties.PropertyMappingContextCustomizer@0, org.springframework.boot.test.autoconfigure.web.servlet.WebDriverContextCustomizerFactory$Customizer@52aa2946], contextLoader = 'org.springframework.test.context.support.DelegatingSmartContextLoader', parent = [null]]]; transaction manager [org.springframework.orm.jpa.JpaTransactionManager@4ece2750]; rollback [true]
[05/jul/2024 13:43:27] [:] INFO - Rolled back transaction for test: [DefaultTestContext@329af9b1 testClass = Tests, testInstance = org.isf.medicalstock.test.Tests@4d2b7677, testMethod = testMgrValidateLotPrepationDateNull@Tests, testException = [null], mergedContextConfiguration = [MergedContextConfiguration@7535554e testClass = Tests, locations = '{classpath:applicationContext.xml, classpath:applicationContext.xml}', classes = '{}', contextInitializerClasses = '[]', activeProfiles = '{}', propertySourceLocations = '{}', propertySourceProperties = '{}', contextCustomizers = set[org.springframework.boot.test.context.filter.ExcludeFilterContextCustomizer@255b53dc, org.springframework.boot.test.json.DuplicateJsonObjectContextCustomizerFactory$DuplicateJsonObjectContextCustomizer@64d2d351, org.springframework.boot.test.mock.mockito.MockitoContextCustomizer@0, org.springframework.boot.test.autoconfigure.properties.PropertyMappingContextCustomizer@0, org.springframework.boot.test.autoconfigure.web.servlet.WebDriverContextCustomizerFactory$Customizer@52aa2946], contextLoader = 'org.springframework.test.context.support.DelegatingSmartContextLoader', parent = [null]]]
]]></system-out>
  </testcase>
  <testcase name="testIoNewMovementAutomaticLotMode[Test with AUTOMATICLOT_IN=false, AUTOMATICLOT_OUT=false, AUTOMATICLOTWARD_TOWARD=false]" classname="org.isf.medicalstock.test.Tests" time="0.024">
    <system-out><![CDATA[[05/jul/2024 13:43:27] [:] INFO - Began transaction (1) for test context [DefaultTestContext@329af9b1 testClass = Tests, testInstance = org.isf.medicalstock.test.Tests@6561bdde, testMethod = testIoNewMovementAutomaticLotMode@Tests, testException = [null], mergedContextConfiguration = [MergedContextConfiguration@7535554e testClass = Tests, locations = '{classpath:applicationContext.xml, classpath:applicationContext.xml}', classes = '{}', contextInitializerClasses = '[]', activeProfiles = '{}', propertySourceLocations = '{}', propertySourceProperties = '{}', contextCustomizers = set[org.springframework.boot.test.context.filter.ExcludeFilterContextCustomizer@255b53dc, org.springframework.boot.test.json.DuplicateJsonObjectContextCustomizerFactory$DuplicateJsonObjectContextCustomizer@64d2d351, org.springframework.boot.test.mock.mockito.MockitoContextCustomizer@0, org.springframework.boot.test.autoconfigure.properties.PropertyMappingContextCustomizer@0, org.springframework.boot.test.autoconfigure.web.servlet.WebDriverContextCustomizerFactory$Customizer@52aa2946], contextLoader = 'org.springframework.test.context.support.DelegatingSmartContextLoader', parent = [null]]]; transaction manager [org.springframework.orm.jpa.JpaTransactionManager@4ece2750]; rollback [true]
[05/jul/2024 13:43:27] [:] INFO - Rolled back transaction for test: [DefaultTestContext@329af9b1 testClass = Tests, testInstance = org.isf.medicalstock.test.Tests@6561bdde, testMethod = testIoNewMovementAutomaticLotMode@Tests, testException = [null], mergedContextConfiguration = [MergedContextConfiguration@7535554e testClass = Tests, locations = '{classpath:applicationContext.xml, classpath:applicationContext.xml}', classes = '{}', contextInitializerClasses = '[]', activeProfiles = '{}', propertySourceLocations = '{}', propertySourceProperties = '{}', contextCustomizers = set[org.springframework.boot.test.context.filter.ExcludeFilterContextCustomizer@255b53dc, org.springframework.boot.test.json.DuplicateJsonObjectContextCustomizerFactory$DuplicateJsonObjectContextCustomizer@64d2d351, org.springframework.boot.test.mock.mockito.MockitoContextCustomizer@0, org.springframework.boot.test.autoconfigure.properties.PropertyMappingContextCustomizer@0, org.springframework.boot.test.autoconfigure.web.servlet.WebDriverContextCustomizerFactory$Customizer@52aa2946], contextLoader = 'org.springframework.test.context.support.DelegatingSmartContextLoader', parent = [null]]]
]]></system-out>
  </testcase>
  <testcase name="testMgrStoreLot[Test with AUTOMATICLOT_IN=false, AUTOMATICLOT_OUT=false, AUTOMATICLOTWARD_TOWARD=false]" classname="org.isf.medicalstock.test.Tests" time="0.036">
    <system-out><![CDATA[[05/jul/2024 13:43:27] [:] INFO - Began transaction (1) for test context [DefaultTestContext@329af9b1 testClass = Tests, testInstance = org.isf.medicalstock.test.Tests@5ef395c0, testMethod = testMgrStoreLot@Tests, testException = [null], mergedContextConfiguration = [MergedContextConfiguration@7535554e testClass = Tests, locations = '{classpath:applicationContext.xml, classpath:applicationContext.xml}', classes = '{}', contextInitializerClasses = '[]', activeProfiles = '{}', propertySourceLocations = '{}', propertySourceProperties = '{}', contextCustomizers = set[org.springframework.boot.test.context.filter.ExcludeFilterContextCustomizer@255b53dc, org.springframework.boot.test.json.DuplicateJsonObjectContextCustomizerFactory$DuplicateJsonObjectContextCustomizer@64d2d351, org.springframework.boot.test.mock.mockito.MockitoContextCustomizer@0, org.springframework.boot.test.autoconfigure.properties.PropertyMappingContextCustomizer@0, org.springframework.boot.test.autoconfigure.web.servlet.WebDriverContextCustomizerFactory$Customizer@52aa2946], contextLoader = 'org.springframework.test.context.support.DelegatingSmartContextLoader', parent = [null]]]; transaction manager [org.springframework.orm.jpa.JpaTransactionManager@4ece2750]; rollback [true]
[05/jul/2024 13:43:27] [:] INFO - Rolled back transaction for test: [DefaultTestContext@329af9b1 testClass = Tests, testInstance = org.isf.medicalstock.test.Tests@5ef395c0, testMethod = testMgrStoreLot@Tests, testException = [null], mergedContextConfiguration = [MergedContextConfiguration@7535554e testClass = Tests, locations = '{classpath:applicationContext.xml, classpath:applicationContext.xml}', classes = '{}', contextInitializerClasses = '[]', activeProfiles = '{}', propertySourceLocations = '{}', propertySourceProperties = '{}', contextCustomizers = set[org.springframework.boot.test.context.filter.ExcludeFilterContextCustomizer@255b53dc, org.springframework.boot.test.json.DuplicateJsonObjectContextCustomizerFactory$DuplicateJsonObjectContextCustomizer@64d2d351, org.springframework.boot.test.mock.mockito.MockitoContextCustomizer@0, org.springframework.boot.test.autoconfigure.properties.PropertyMappingContextCustomizer@0, org.springframework.boot.test.autoconfigure.web.servlet.WebDriverContextCustomizerFactory$Customizer@52aa2946], contextLoader = 'org.springframework.test.context.support.DelegatingSmartContextLoader', parent = [null]]]
]]></system-out>
  </testcase>
  <testcase name="testLotGets[Test with AUTOMATICLOT_IN=false, AUTOMATICLOT_OUT=false, AUTOMATICLOTWARD_TOWARD=false]" classname="org.isf.medicalstock.test.Tests" time="0.011">
    <system-out><![CDATA[[05/jul/2024 13:43:27] [:] INFO - Began transaction (1) for test context [DefaultTestContext@329af9b1 testClass = Tests, testInstance = org.isf.medicalstock.test.Tests@5875a978, testMethod = testLotGets@Tests, testException = [null], mergedContextConfiguration = [MergedContextConfiguration@7535554e testClass = Tests, locations = '{classpath:applicationContext.xml, classpath:applicationContext.xml}', classes = '{}', contextInitializerClasses = '[]', activeProfiles = '{}', propertySourceLocations = '{}', propertySourceProperties = '{}', contextCustomizers = set[org.springframework.boot.test.context.filter.ExcludeFilterContextCustomizer@255b53dc, org.springframework.boot.test.json.DuplicateJsonObjectContextCustomizerFactory$DuplicateJsonObjectContextCustomizer@64d2d351, org.springframework.boot.test.mock.mockito.MockitoContextCustomizer@0, org.springframework.boot.test.autoconfigure.properties.PropertyMappingContextCustomizer@0, org.springframework.boot.test.autoconfigure.web.servlet.WebDriverContextCustomizerFactory$Customizer@52aa2946], contextLoader = 'org.springframework.test.context.support.DelegatingSmartContextLoader', parent = [null]]]; transaction manager [org.springframework.orm.jpa.JpaTransactionManager@4ece2750]; rollback [true]
[05/jul/2024 13:43:27] [:] INFO - Rolled back transaction for test: [DefaultTestContext@329af9b1 testClass = Tests, testInstance = org.isf.medicalstock.test.Tests@5875a978, testMethod = testLotGets@Tests, testException = [null], mergedContextConfiguration = [MergedContextConfiguration@7535554e testClass = Tests, locations = '{classpath:applicationContext.xml, classpath:applicationContext.xml}', classes = '{}', contextInitializerClasses = '[]', activeProfiles = '{}', propertySourceLocations = '{}', propertySourceProperties = '{}', contextCustomizers = set[org.springframework.boot.test.context.filter.ExcludeFilterContextCustomizer@255b53dc, org.springframework.boot.test.json.DuplicateJsonObjectContextCustomizerFactory$DuplicateJsonObjectContextCustomizer@64d2d351, org.springframework.boot.test.mock.mockito.MockitoContextCustomizer@0, org.springframework.boot.test.autoconfigure.properties.PropertyMappingContextCustomizer@0, org.springframework.boot.test.autoconfigure.web.servlet.WebDriverContextCustomizerFactory$Customizer@52aa2946], contextLoader = 'org.springframework.test.context.support.DelegatingSmartContextLoader', parent = [null]]]
]]></system-out>
  </testcase>
  <testcase name="testLotSets[Test with AUTOMATICLOT_IN=false, AUTOMATICLOT_OUT=false, AUTOMATICLOTWARD_TOWARD=false]" classname="org.isf.medicalstock.test.Tests" time="0.007">
    <system-out><![CDATA[[05/jul/2024 13:43:27] [:] INFO - Began transaction (1) for test context [DefaultTestContext@329af9b1 testClass = Tests, testInstance = org.isf.medicalstock.test.Tests@64a6970d, testMethod = testLotSets@Tests, testException = [null], mergedContextConfiguration = [MergedContextConfiguration@7535554e testClass = Tests, locations = '{classpath:applicationContext.xml, classpath:applicationContext.xml}', classes = '{}', contextInitializerClasses = '[]', activeProfiles = '{}', propertySourceLocations = '{}', propertySourceProperties = '{}', contextCustomizers = set[org.springframework.boot.test.context.filter.ExcludeFilterContextCustomizer@255b53dc, org.springframework.boot.test.json.DuplicateJsonObjectContextCustomizerFactory$DuplicateJsonObjectContextCustomizer@64d2d351, org.springframework.boot.test.mock.mockito.MockitoContextCustomizer@0, org.springframework.boot.test.autoconfigure.properties.PropertyMappingContextCustomizer@0, org.springframework.boot.test.autoconfigure.web.servlet.WebDriverContextCustomizerFactory$Customizer@52aa2946], contextLoader = 'org.springframework.test.context.support.DelegatingSmartContextLoader', parent = [null]]]; transaction manager [org.springframework.orm.jpa.JpaTransactionManager@4ece2750]; rollback [true]
[05/jul/2024 13:43:27] [:] INFO - Rolled back transaction for test: [DefaultTestContext@329af9b1 testClass = Tests, testInstance = org.isf.medicalstock.test.Tests@64a6970d, testMethod = testLotSets@Tests, testException = [null], mergedContextConfiguration = [MergedContextConfiguration@7535554e testClass = Tests, locations = '{classpath:applicationContext.xml, classpath:applicationContext.xml}', classes = '{}', contextInitializerClasses = '[]', activeProfiles = '{}', propertySourceLocations = '{}', propertySourceProperties = '{}', contextCustomizers = set[org.springframework.boot.test.context.filter.ExcludeFilterContextCustomizer@255b53dc, org.springframework.boot.test.json.DuplicateJsonObjectContextCustomizerFactory$DuplicateJsonObjectContextCustomizer@64d2d351, org.springframework.boot.test.mock.mockito.MockitoContextCustomizer@0, org.springframework.boot.test.autoconfigure.properties.PropertyMappingContextCustomizer@0, org.springframework.boot.test.autoconfigure.web.servlet.WebDriverContextCustomizerFactory$Customizer@52aa2946], contextLoader = 'org.springframework.test.context.support.DelegatingSmartContextLoader', parent = [null]]]
]]></system-out>
  </testcase>
  <testcase name="testMgrPrepareDischargingMovementBadRefNumber[Test with AUTOMATICLOT_IN=false, AUTOMATICLOT_OUT=false, AUTOMATICLOTWARD_TOWARD=false]" classname="org.isf.medicalstock.test.Tests" time="0.025">
    <system-out><![CDATA[[05/jul/2024 13:43:27] [:] INFO - Began transaction (1) for test context [DefaultTestContext@329af9b1 testClass = Tests, testInstance = org.isf.medicalstock.test.Tests@40482ace, testMethod = testMgrPrepareDischargingMovementBadRefNumber@Tests, testException = [null], mergedContextConfiguration = [MergedContextConfiguration@7535554e testClass = Tests, locations = '{classpath:applicationContext.xml, classpath:applicationContext.xml}', classes = '{}', contextInitializerClasses = '[]', activeProfiles = '{}', propertySourceLocations = '{}', propertySourceProperties = '{}', contextCustomizers = set[org.springframework.boot.test.context.filter.ExcludeFilterContextCustomizer@255b53dc, org.springframework.boot.test.json.DuplicateJsonObjectContextCustomizerFactory$DuplicateJsonObjectContextCustomizer@64d2d351, org.springframework.boot.test.mock.mockito.MockitoContextCustomizer@0, org.springframework.boot.test.autoconfigure.properties.PropertyMappingContextCustomizer@0, org.springframework.boot.test.autoconfigure.web.servlet.WebDriverContextCustomizerFactory$Customizer@52aa2946], contextLoader = 'org.springframework.test.context.support.DelegatingSmartContextLoader', parent = [null]]]; transaction manager [org.springframework.orm.jpa.JpaTransactionManager@4ece2750]; rollback [true]
[05/jul/2024 13:43:27] [:] INFO - Rolled back transaction for test: [DefaultTestContext@329af9b1 testClass = Tests, testInstance = org.isf.medicalstock.test.Tests@40482ace, testMethod = testMgrPrepareDischargingMovementBadRefNumber@Tests, testException = [null], mergedContextConfiguration = [MergedContextConfiguration@7535554e testClass = Tests, locations = '{classpath:applicationContext.xml, classpath:applicationContext.xml}', classes = '{}', contextInitializerClasses = '[]', activeProfiles = '{}', propertySourceLocations = '{}', propertySourceProperties = '{}', contextCustomizers = set[org.springframework.boot.test.context.filter.ExcludeFilterContextCustomizer@255b53dc, org.springframework.boot.test.json.DuplicateJsonObjectContextCustomizerFactory$DuplicateJsonObjectContextCustomizer@64d2d351, org.springframework.boot.test.mock.mockito.MockitoContextCustomizer@0, org.springframework.boot.test.autoconfigure.properties.PropertyMappingContextCustomizer@0, org.springframework.boot.test.autoconfigure.web.servlet.WebDriverContextCustomizerFactory$Customizer@52aa2946], contextLoader = 'org.springframework.test.context.support.DelegatingSmartContextLoader', parent = [null]]]
]]></system-out>
  </testcase>
  <testcase name="testMgrValidateQuantityZero[Test with AUTOMATICLOT_IN=false, AUTOMATICLOT_OUT=false, AUTOMATICLOTWARD_TOWARD=false]" classname="org.isf.medicalstock.test.Tests" time="0.033">
    <system-out><![CDATA[[05/jul/2024 13:43:27] [:] INFO - Began transaction (1) for test context [DefaultTestContext@329af9b1 testClass = Tests, testInstance = org.isf.medicalstock.test.Tests@10169be2, testMethod = testMgrValidateQuantityZero@Tests, testException = [null], mergedContextConfiguration = [MergedContextConfiguration@7535554e testClass = Tests, locations = '{classpath:applicationContext.xml, classpath:applicationContext.xml}', classes = '{}', contextInitializerClasses = '[]', activeProfiles = '{}', propertySourceLocations = '{}', propertySourceProperties = '{}', contextCustomizers = set[org.springframework.boot.test.context.filter.ExcludeFilterContextCustomizer@255b53dc, org.springframework.boot.test.json.DuplicateJsonObjectContextCustomizerFactory$DuplicateJsonObjectContextCustomizer@64d2d351, org.springframework.boot.test.mock.mockito.MockitoContextCustomizer@0, org.springframework.boot.test.autoconfigure.properties.PropertyMappingContextCustomizer@0, org.springframework.boot.test.autoconfigure.web.servlet.WebDriverContextCustomizerFactory$Customizer@52aa2946], contextLoader = 'org.springframework.test.context.support.DelegatingSmartContextLoader', parent = [null]]]; transaction manager [org.springframework.orm.jpa.JpaTransactionManager@4ece2750]; rollback [true]
[05/jul/2024 13:43:28] [:] INFO - Rolled back transaction for test: [DefaultTestContext@329af9b1 testClass = Tests, testInstance = org.isf.medicalstock.test.Tests@10169be2, testMethod = testMgrValidateQuantityZero@Tests, testException = [null], mergedContextConfiguration = [MergedContextConfiguration@7535554e testClass = Tests, locations = '{classpath:applicationContext.xml, classpath:applicationContext.xml}', classes = '{}', contextInitializerClasses = '[]', activeProfiles = '{}', propertySourceLocations = '{}', propertySourceProperties = '{}', contextCustomizers = set[org.springframework.boot.test.context.filter.ExcludeFilterContextCustomizer@255b53dc, org.springframework.boot.test.json.DuplicateJsonObjectContextCustomizerFactory$DuplicateJsonObjectContextCustomizer@64d2d351, org.springframework.boot.test.mock.mockito.MockitoContextCustomizer@0, org.springframework.boot.test.autoconfigure.properties.PropertyMappingContextCustomizer@0, org.springframework.boot.test.autoconfigure.web.servlet.WebDriverContextCustomizerFactory$Customizer@52aa2946], contextLoader = 'org.springframework.test.context.support.DelegatingSmartContextLoader', parent = [null]]]
]]></system-out>
  </testcase>
  <testcase name="testMgrGetLastMovementDate[Test with AUTOMATICLOT_IN=false, AUTOMATICLOT_OUT=false, AUTOMATICLOTWARD_TOWARD=false]" classname="org.isf.medicalstock.test.Tests" time="0.033">
    <system-out><![CDATA[[05/jul/2024 13:43:28] [:] INFO - Began transaction (1) for test context [DefaultTestContext@329af9b1 testClass = Tests, testInstance = org.isf.medicalstock.test.Tests@3d8fbae3, testMethod = testMgrGetLastMovementDate@Tests, testException = [null], mergedContextConfiguration = [MergedContextConfiguration@7535554e testClass = Tests, locations = '{classpath:applicationContext.xml, classpath:applicationContext.xml}', classes = '{}', contextInitializerClasses = '[]', activeProfiles = '{}', propertySourceLocations = '{}', propertySourceProperties = '{}', contextCustomizers = set[org.springframework.boot.test.context.filter.ExcludeFilterContextCustomizer@255b53dc, org.springframework.boot.test.json.DuplicateJsonObjectContextCustomizerFactory$DuplicateJsonObjectContextCustomizer@64d2d351, org.springframework.boot.test.mock.mockito.MockitoContextCustomizer@0, org.springframework.boot.test.autoconfigure.properties.PropertyMappingContextCustomizer@0, org.springframework.boot.test.autoconfigure.web.servlet.WebDriverContextCustomizerFactory$Customizer@52aa2946], contextLoader = 'org.springframework.test.context.support.DelegatingSmartContextLoader', parent = [null]]]; transaction manager [org.springframework.orm.jpa.JpaTransactionManager@4ece2750]; rollback [true]
[05/jul/2024 13:43:28] [:] INFO - Rolled back transaction for test: [DefaultTestContext@329af9b1 testClass = Tests, testInstance = org.isf.medicalstock.test.Tests@3d8fbae3, testMethod = testMgrGetLastMovementDate@Tests, testException = [null], mergedContextConfiguration = [MergedContextConfiguration@7535554e testClass = Tests, locations = '{classpath:applicationContext.xml, classpath:applicationContext.xml}', classes = '{}', contextInitializerClasses = '[]', activeProfiles = '{}', propertySourceLocations = '{}', propertySourceProperties = '{}', contextCustomizers = set[org.springframework.boot.test.context.filter.ExcludeFilterContextCustomizer@255b53dc, org.springframework.boot.test.json.DuplicateJsonObjectContextCustomizerFactory$DuplicateJsonObjectContextCustomizer@64d2d351, org.springframework.boot.test.mock.mockito.MockitoContextCustomizer@0, org.springframework.boot.test.autoconfigure.properties.PropertyMappingContextCustomizer@0, org.springframework.boot.test.autoconfigure.web.servlet.WebDriverContextCustomizerFactory$Customizer@52aa2946], contextLoader = 'org.springframework.test.context.support.DelegatingSmartContextLoader', parent = [null]]]
]]></system-out>
  </testcase>
  <testcase name="testMovementGets[Test with AUTOMATICLOT_IN=false, AUTOMATICLOT_OUT=false, AUTOMATICLOTWARD_TOWARD=false]" classname="org.isf.medicalstock.test.Tests" time="0.028">
    <system-out><![CDATA[[05/jul/2024 13:43:28] [:] INFO - Began transaction (1) for test context [DefaultTestContext@329af9b1 testClass = Tests, testInstance = org.isf.medicalstock.test.Tests@7e6221aa, testMethod = testMovementGets@Tests, testException = [null], mergedContextConfiguration = [MergedContextConfiguration@7535554e testClass = Tests, locations = '{classpath:applicationContext.xml, classpath:applicationContext.xml}', classes = '{}', contextInitializerClasses = '[]', activeProfiles = '{}', propertySourceLocations = '{}', propertySourceProperties = '{}', contextCustomizers = set[org.springframework.boot.test.context.filter.ExcludeFilterContextCustomizer@255b53dc, org.springframework.boot.test.json.DuplicateJsonObjectContextCustomizerFactory$DuplicateJsonObjectContextCustomizer@64d2d351, org.springframework.boot.test.mock.mockito.MockitoContextCustomizer@0, org.springframework.boot.test.autoconfigure.properties.PropertyMappingContextCustomizer@0, org.springframework.boot.test.autoconfigure.web.servlet.WebDriverContextCustomizerFactory$Customizer@52aa2946], contextLoader = 'org.springframework.test.context.support.DelegatingSmartContextLoader', parent = [null]]]; transaction manager [org.springframework.orm.jpa.JpaTransactionManager@4ece2750]; rollback [true]
[05/jul/2024 13:43:28] [:] INFO - Rolled back transaction for test: [DefaultTestContext@329af9b1 testClass = Tests, testInstance = org.isf.medicalstock.test.Tests@7e6221aa, testMethod = testMovementGets@Tests, testException = [null], mergedContextConfiguration = [MergedContextConfiguration@7535554e testClass = Tests, locations = '{classpath:applicationContext.xml, classpath:applicationContext.xml}', classes = '{}', contextInitializerClasses = '[]', activeProfiles = '{}', propertySourceLocations = '{}', propertySourceProperties = '{}', contextCustomizers = set[org.springframework.boot.test.context.filter.ExcludeFilterContextCustomizer@255b53dc, org.springframework.boot.test.json.DuplicateJsonObjectContextCustomizerFactory$DuplicateJsonObjectContextCustomizer@64d2d351, org.springframework.boot.test.mock.mockito.MockitoContextCustomizer@0, org.springframework.boot.test.autoconfigure.properties.PropertyMappingContextCustomizer@0, org.springframework.boot.test.autoconfigure.web.servlet.WebDriverContextCustomizerFactory$Customizer@52aa2946], contextLoader = 'org.springframework.test.context.support.DelegatingSmartContextLoader', parent = [null]]]
]]></system-out>
  </testcase>
  <testcase name="testMovementSets[Test with AUTOMATICLOT_IN=false, AUTOMATICLOT_OUT=false, AUTOMATICLOTWARD_TOWARD=false]" classname="org.isf.medicalstock.test.Tests" time="0.026">
    <system-out><![CDATA[[05/jul/2024 13:43:28] [:] INFO - Began transaction (1) for test context [DefaultTestContext@329af9b1 testClass = Tests, testInstance = org.isf.medicalstock.test.Tests@722714f7, testMethod = testMovementSets@Tests, testException = [null], mergedContextConfiguration = [MergedContextConfiguration@7535554e testClass = Tests, locations = '{classpath:applicationContext.xml, classpath:applicationContext.xml}', classes = '{}', contextInitializerClasses = '[]', activeProfiles = '{}', propertySourceLocations = '{}', propertySourceProperties = '{}', contextCustomizers = set[org.springframework.boot.test.context.filter.ExcludeFilterContextCustomizer@255b53dc, org.springframework.boot.test.json.DuplicateJsonObjectContextCustomizerFactory$DuplicateJsonObjectContextCustomizer@64d2d351, org.springframework.boot.test.mock.mockito.MockitoContextCustomizer@0, org.springframework.boot.test.autoconfigure.properties.PropertyMappingContextCustomizer@0, org.springframework.boot.test.autoconfigure.web.servlet.WebDriverContextCustomizerFactory$Customizer@52aa2946], contextLoader = 'org.springframework.test.context.support.DelegatingSmartContextLoader', parent = [null]]]; transaction manager [org.springframework.orm.jpa.JpaTransactionManager@4ece2750]; rollback [true]
[05/jul/2024 13:43:28] [:] INFO - Rolled back transaction for test: [DefaultTestContext@329af9b1 testClass = Tests, testInstance = org.isf.medicalstock.test.Tests@722714f7, testMethod = testMovementSets@Tests, testException = [null], mergedContextConfiguration = [MergedContextConfiguration@7535554e testClass = Tests, locations = '{classpath:applicationContext.xml, classpath:applicationContext.xml}', classes = '{}', contextInitializerClasses = '[]', activeProfiles = '{}', propertySourceLocations = '{}', propertySourceProperties = '{}', contextCustomizers = set[org.springframework.boot.test.context.filter.ExcludeFilterContextCustomizer@255b53dc, org.springframework.boot.test.json.DuplicateJsonObjectContextCustomizerFactory$DuplicateJsonObjectContextCustomizer@64d2d351, org.springframework.boot.test.mock.mockito.MockitoContextCustomizer@0, org.springframework.boot.test.autoconfigure.properties.PropertyMappingContextCustomizer@0, org.springframework.boot.test.autoconfigure.web.servlet.WebDriverContextCustomizerFactory$Customizer@52aa2946], contextLoader = 'org.springframework.test.context.support.DelegatingSmartContextLoader', parent = [null]]]
]]></system-out>
  </testcase>
  <testcase name="testMovementGetOrigin[Test with AUTOMATICLOT_IN=false, AUTOMATICLOT_OUT=false, AUTOMATICLOTWARD_TOWARD=false]" classname="org.isf.medicalstock.test.Tests" time="0.023">
    <system-out><![CDATA[[05/jul/2024 13:43:28] [:] INFO - Began transaction (1) for test context [DefaultTestContext@329af9b1 testClass = Tests, testInstance = org.isf.medicalstock.test.Tests@5dd45041, testMethod = testMovementGetOrigin@Tests, testException = [null], mergedContextConfiguration = [MergedContextConfiguration@7535554e testClass = Tests, locations = '{classpath:applicationContext.xml, classpath:applicationContext.xml}', classes = '{}', contextInitializerClasses = '[]', activeProfiles = '{}', propertySourceLocations = '{}', propertySourceProperties = '{}', contextCustomizers = set[org.springframework.boot.test.context.filter.ExcludeFilterContextCustomizer@255b53dc, org.springframework.boot.test.json.DuplicateJsonObjectContextCustomizerFactory$DuplicateJsonObjectContextCustomizer@64d2d351, org.springframework.boot.test.mock.mockito.MockitoContextCustomizer@0, org.springframework.boot.test.autoconfigure.properties.PropertyMappingContextCustomizer@0, org.springframework.boot.test.autoconfigure.web.servlet.WebDriverContextCustomizerFactory$Customizer@52aa2946], contextLoader = 'org.springframework.test.context.support.DelegatingSmartContextLoader', parent = [null]]]; transaction manager [org.springframework.orm.jpa.JpaTransactionManager@4ece2750]; rollback [true]
[05/jul/2024 13:43:28] [:] INFO - Rolled back transaction for test: [DefaultTestContext@329af9b1 testClass = Tests, testInstance = org.isf.medicalstock.test.Tests@5dd45041, testMethod = testMovementGetOrigin@Tests, testException = [null], mergedContextConfiguration = [MergedContextConfiguration@7535554e testClass = Tests, locations = '{classpath:applicationContext.xml, classpath:applicationContext.xml}', classes = '{}', contextInitializerClasses = '[]', activeProfiles = '{}', propertySourceLocations = '{}', propertySourceProperties = '{}', contextCustomizers = set[org.springframework.boot.test.context.filter.ExcludeFilterContextCustomizer@255b53dc, org.springframework.boot.test.json.DuplicateJsonObjectContextCustomizerFactory$DuplicateJsonObjectContextCustomizer@64d2d351, org.springframework.boot.test.mock.mockito.MockitoContextCustomizer@0, org.springframework.boot.test.autoconfigure.properties.PropertyMappingContextCustomizer@0, org.springframework.boot.test.autoconfigure.web.servlet.WebDriverContextCustomizerFactory$Customizer@52aa2946], contextLoader = 'org.springframework.test.context.support.DelegatingSmartContextLoader', parent = [null]]]
]]></system-out>
  </testcase>
  <testcase name="testIoGetMovements[Test with AUTOMATICLOT_IN=false, AUTOMATICLOT_OUT=false, AUTOMATICLOTWARD_TOWARD=false]" classname="org.isf.medicalstock.test.Tests" time="0.015">
    <system-out><![CDATA[[05/jul/2024 13:43:28] [:] INFO - Began transaction (1) for test context [DefaultTestContext@329af9b1 testClass = Tests, testInstance = org.isf.medicalstock.test.Tests@37693961, testMethod = testIoGetMovements@Tests, testException = [null], mergedContextConfiguration = [MergedContextConfiguration@7535554e testClass = Tests, locations = '{classpath:applicationContext.xml, classpath:applicationContext.xml}', classes = '{}', contextInitializerClasses = '[]', activeProfiles = '{}', propertySourceLocations = '{}', propertySourceProperties = '{}', contextCustomizers = set[org.springframework.boot.test.context.filter.ExcludeFilterContextCustomizer@255b53dc, org.springframework.boot.test.json.DuplicateJsonObjectContextCustomizerFactory$DuplicateJsonObjectContextCustomizer@64d2d351, org.springframework.boot.test.mock.mockito.MockitoContextCustomizer@0, org.springframework.boot.test.autoconfigure.properties.PropertyMappingContextCustomizer@0, org.springframework.boot.test.autoconfigure.web.servlet.WebDriverContextCustomizerFactory$Customizer@52aa2946], contextLoader = 'org.springframework.test.context.support.DelegatingSmartContextLoader', parent = [null]]]; transaction manager [org.springframework.orm.jpa.JpaTransactionManager@4ece2750]; rollback [true]
[05/jul/2024 13:43:28] [:] INFO - Rolled back transaction for test: [DefaultTestContext@329af9b1 testClass = Tests, testInstance = org.isf.medicalstock.test.Tests@37693961, testMethod = testIoGetMovements@Tests, testException = [null], mergedContextConfiguration = [MergedContextConfiguration@7535554e testClass = Tests, locations = '{classpath:applicationContext.xml, classpath:applicationContext.xml}', classes = '{}', contextInitializerClasses = '[]', activeProfiles = '{}', propertySourceLocations = '{}', propertySourceProperties = '{}', contextCustomizers = set[org.springframework.boot.test.context.filter.ExcludeFilterContextCustomizer@255b53dc, org.springframework.boot.test.json.DuplicateJsonObjectContextCustomizerFactory$DuplicateJsonObjectContextCustomizer@64d2d351, org.springframework.boot.test.mock.mockito.MockitoContextCustomizer@0, org.springframework.boot.test.autoconfigure.properties.PropertyMappingContextCustomizer@0, org.springframework.boot.test.autoconfigure.web.servlet.WebDriverContextCustomizerFactory$Customizer@52aa2946], contextLoader = 'org.springframework.test.context.support.DelegatingSmartContextLoader', parent = [null]]]
]]></system-out>
  </testcase>
  <testcase name="testIoPrepareChargingMovement[Test with AUTOMATICLOT_IN=false, AUTOMATICLOT_OUT=false, AUTOMATICLOTWARD_TOWARD=false]" classname="org.isf.medicalstock.test.Tests" time="0.021">
    <system-out><![CDATA[[05/jul/2024 13:43:28] [:] INFO - Began transaction (1) for test context [DefaultTestContext@329af9b1 testClass = Tests, testInstance = org.isf.medicalstock.test.Tests@318c90b8, testMethod = testIoPrepareChargingMovement@Tests, testException = [null], mergedContextConfiguration = [MergedContextConfiguration@7535554e testClass = Tests, locations = '{classpath:applicationContext.xml, classpath:applicationContext.xml}', classes = '{}', contextInitializerClasses = '[]', activeProfiles = '{}', propertySourceLocations = '{}', propertySourceProperties = '{}', contextCustomizers = set[org.springframework.boot.test.context.filter.ExcludeFilterContextCustomizer@255b53dc, org.springframework.boot.test.json.DuplicateJsonObjectContextCustomizerFactory$DuplicateJsonObjectContextCustomizer@64d2d351, org.springframework.boot.test.mock.mockito.MockitoContextCustomizer@0, org.springframework.boot.test.autoconfigure.properties.PropertyMappingContextCustomizer@0, org.springframework.boot.test.autoconfigure.web.servlet.WebDriverContextCustomizerFactory$Customizer@52aa2946], contextLoader = 'org.springframework.test.context.support.DelegatingSmartContextLoader', parent = [null]]]; transaction manager [org.springframework.orm.jpa.JpaTransactionManager@4ece2750]; rollback [true]
[05/jul/2024 13:43:28] [:] INFO - Rolled back transaction for test: [DefaultTestContext@329af9b1 testClass = Tests, testInstance = org.isf.medicalstock.test.Tests@318c90b8, testMethod = testIoPrepareChargingMovement@Tests, testException = [null], mergedContextConfiguration = [MergedContextConfiguration@7535554e testClass = Tests, locations = '{classpath:applicationContext.xml, classpath:applicationContext.xml}', classes = '{}', contextInitializerClasses = '[]', activeProfiles = '{}', propertySourceLocations = '{}', propertySourceProperties = '{}', contextCustomizers = set[org.springframework.boot.test.context.filter.ExcludeFilterContextCustomizer@255b53dc, org.springframework.boot.test.json.DuplicateJsonObjectContextCustomizerFactory$DuplicateJsonObjectContextCustomizer@64d2d351, org.springframework.boot.test.mock.mockito.MockitoContextCustomizer@0, org.springframework.boot.test.autoconfigure.properties.PropertyMappingContextCustomizer@0, org.springframework.boot.test.autoconfigure.web.servlet.WebDriverContextCustomizerFactory$Customizer@52aa2946], contextLoader = 'org.springframework.test.context.support.DelegatingSmartContextLoader', parent = [null]]]
]]></system-out>
  </testcase>
  <testcase name="testMgrValidateMovementMoveDateAfterToday[Test with AUTOMATICLOT_IN=false, AUTOMATICLOT_OUT=false, AUTOMATICLOTWARD_TOWARD=false]" classname="org.isf.medicalstock.test.Tests" time="0.024">
    <system-out><![CDATA[[05/jul/2024 13:43:28] [:] INFO - Began transaction (1) for test context [DefaultTestContext@329af9b1 testClass = Tests, testInstance = org.isf.medicalstock.test.Tests@27618a53, testMethod = testMgrValidateMovementMoveDateAfterToday@Tests, testException = [null], mergedContextConfiguration = [MergedContextConfiguration@7535554e testClass = Tests, locations = '{classpath:applicationContext.xml, classpath:applicationContext.xml}', classes = '{}', contextInitializerClasses = '[]', activeProfiles = '{}', propertySourceLocations = '{}', propertySourceProperties = '{}', contextCustomizers = set[org.springframework.boot.test.context.filter.ExcludeFilterContextCustomizer@255b53dc, org.springframework.boot.test.json.DuplicateJsonObjectContextCustomizerFactory$DuplicateJsonObjectContextCustomizer@64d2d351, org.springframework.boot.test.mock.mockito.MockitoContextCustomizer@0, org.springframework.boot.test.autoconfigure.properties.PropertyMappingContextCustomizer@0, org.springframework.boot.test.autoconfigure.web.servlet.WebDriverContextCustomizerFactory$Customizer@52aa2946], contextLoader = 'org.springframework.test.context.support.DelegatingSmartContextLoader', parent = [null]]]; transaction manager [org.springframework.orm.jpa.JpaTransactionManager@4ece2750]; rollback [true]
[05/jul/2024 13:43:28] [:] INFO - Rolled back transaction for test: [DefaultTestContext@329af9b1 testClass = Tests, testInstance = org.isf.medicalstock.test.Tests@27618a53, testMethod = testMgrValidateMovementMoveDateAfterToday@Tests, testException = [null], mergedContextConfiguration = [MergedContextConfiguration@7535554e testClass = Tests, locations = '{classpath:applicationContext.xml, classpath:applicationContext.xml}', classes = '{}', contextInitializerClasses = '[]', activeProfiles = '{}', propertySourceLocations = '{}', propertySourceProperties = '{}', contextCustomizers = set[org.springframework.boot.test.context.filter.ExcludeFilterContextCustomizer@255b53dc, org.springframework.boot.test.json.DuplicateJsonObjectContextCustomizerFactory$DuplicateJsonObjectContextCustomizer@64d2d351, org.springframework.boot.test.mock.mockito.MockitoContextCustomizer@0, org.springframework.boot.test.autoconfigure.properties.PropertyMappingContextCustomizer@0, org.springframework.boot.test.autoconfigure.web.servlet.WebDriverContextCustomizerFactory$Customizer@52aa2946], contextLoader = 'org.springframework.test.context.support.DelegatingSmartContextLoader', parent = [null]]]
]]></system-out>
  </testcase>
  <testcase name="testIoGetMovementsByReference[Test with AUTOMATICLOT_IN=false, AUTOMATICLOT_OUT=false, AUTOMATICLOTWARD_TOWARD=false]" classname="org.isf.medicalstock.test.Tests" time="0.017">
    <system-out><![CDATA[[05/jul/2024 13:43:28] [:] INFO - Began transaction (1) for test context [DefaultTestContext@329af9b1 testClass = Tests, testInstance = org.isf.medicalstock.test.Tests@6fb84f4b, testMethod = testIoGetMovementsByReference@Tests, testException = [null], mergedContextConfiguration = [MergedContextConfiguration@7535554e testClass = Tests, locations = '{classpath:applicationContext.xml, classpath:applicationContext.xml}', classes = '{}', contextInitializerClasses = '[]', activeProfiles = '{}', propertySourceLocations = '{}', propertySourceProperties = '{}', contextCustomizers = set[org.springframework.boot.test.context.filter.ExcludeFilterContextCustomizer@255b53dc, org.springframework.boot.test.json.DuplicateJsonObjectContextCustomizerFactory$DuplicateJsonObjectContextCustomizer@64d2d351, org.springframework.boot.test.mock.mockito.MockitoContextCustomizer@0, org.springframework.boot.test.autoconfigure.properties.PropertyMappingContextCustomizer@0, org.springframework.boot.test.autoconfigure.web.servlet.WebDriverContextCustomizerFactory$Customizer@52aa2946], contextLoader = 'org.springframework.test.context.support.DelegatingSmartContextLoader', parent = [null]]]; transaction manager [org.springframework.orm.jpa.JpaTransactionManager@4ece2750]; rollback [true]
[05/jul/2024 13:43:28] [:] INFO - Rolled back transaction for test: [DefaultTestContext@329af9b1 testClass = Tests, testInstance = org.isf.medicalstock.test.Tests@6fb84f4b, testMethod = testIoGetMovementsByReference@Tests, testException = [null], mergedContextConfiguration = [MergedContextConfiguration@7535554e testClass = Tests, locations = '{classpath:applicationContext.xml, classpath:applicationContext.xml}', classes = '{}', contextInitializerClasses = '[]', activeProfiles = '{}', propertySourceLocations = '{}', propertySourceProperties = '{}', contextCustomizers = set[org.springframework.boot.test.context.filter.ExcludeFilterContextCustomizer@255b53dc, org.springframework.boot.test.json.DuplicateJsonObjectContextCustomizerFactory$DuplicateJsonObjectContextCustomizer@64d2d351, org.springframework.boot.test.mock.mockito.MockitoContextCustomizer@0, org.springframework.boot.test.autoconfigure.properties.PropertyMappingContextCustomizer@0, org.springframework.boot.test.autoconfigure.web.servlet.WebDriverContextCustomizerFactory$Customizer@52aa2946], contextLoader = 'org.springframework.test.context.support.DelegatingSmartContextLoader', parent = [null]]]
]]></system-out>
  </testcase>
  <testcase name="testIoGetLastMovementDate[Test with AUTOMATICLOT_IN=false, AUTOMATICLOT_OUT=false, AUTOMATICLOTWARD_TOWARD=false]" classname="org.isf.medicalstock.test.Tests" time="0.021">
    <system-out><![CDATA[[05/jul/2024 13:43:28] [:] INFO - Began transaction (1) for test context [DefaultTestContext@329af9b1 testClass = Tests, testInstance = org.isf.medicalstock.test.Tests@35fbdb37, testMethod = testIoGetLastMovementDate@Tests, testException = [null], mergedContextConfiguration = [MergedContextConfiguration@7535554e testClass = Tests, locations = '{classpath:applicationContext.xml, classpath:applicationContext.xml}', classes = '{}', contextInitializerClasses = '[]', activeProfiles = '{}', propertySourceLocations = '{}', propertySourceProperties = '{}', contextCustomizers = set[org.springframework.boot.test.context.filter.ExcludeFilterContextCustomizer@255b53dc, org.springframework.boot.test.json.DuplicateJsonObjectContextCustomizerFactory$DuplicateJsonObjectContextCustomizer@64d2d351, org.springframework.boot.test.mock.mockito.MockitoContextCustomizer@0, org.springframework.boot.test.autoconfigure.properties.PropertyMappingContextCustomizer@0, org.springframework.boot.test.autoconfigure.web.servlet.WebDriverContextCustomizerFactory$Customizer@52aa2946], contextLoader = 'org.springframework.test.context.support.DelegatingSmartContextLoader', parent = [null]]]; transaction manager [org.springframework.orm.jpa.JpaTransactionManager@4ece2750]; rollback [true]
[05/jul/2024 13:43:28] [:] INFO - Rolled back transaction for test: [DefaultTestContext@329af9b1 testClass = Tests, testInstance = org.isf.medicalstock.test.Tests@35fbdb37, testMethod = testIoGetLastMovementDate@Tests, testException = [null], mergedContextConfiguration = [MergedContextConfiguration@7535554e testClass = Tests, locations = '{classpath:applicationContext.xml, classpath:applicationContext.xml}', classes = '{}', contextInitializerClasses = '[]', activeProfiles = '{}', propertySourceLocations = '{}', propertySourceProperties = '{}', contextCustomizers = set[org.springframework.boot.test.context.filter.ExcludeFilterContextCustomizer@255b53dc, org.springframework.boot.test.json.DuplicateJsonObjectContextCustomizerFactory$DuplicateJsonObjectContextCustomizer@64d2d351, org.springframework.boot.test.mock.mockito.MockitoContextCustomizer@0, org.springframework.boot.test.autoconfigure.properties.PropertyMappingContextCustomizer@0, org.springframework.boot.test.autoconfigure.web.servlet.WebDriverContextCustomizerFactory$Customizer@52aa2946], contextLoader = 'org.springframework.test.context.support.DelegatingSmartContextLoader', parent = [null]]]
]]></system-out>
  </testcase>
  <testcase name="testMovementEquals[Test with AUTOMATICLOT_IN=false, AUTOMATICLOT_OUT=false, AUTOMATICLOTWARD_TOWARD=false]" classname="org.isf.medicalstock.test.Tests" time="0.021">
    <system-out><![CDATA[[05/jul/2024 13:43:28] [:] INFO - Began transaction (1) for test context [DefaultTestContext@329af9b1 testClass = Tests, testInstance = org.isf.medicalstock.test.Tests@4789add, testMethod = testMovementEquals@Tests, testException = [null], mergedContextConfiguration = [MergedContextConfiguration@7535554e testClass = Tests, locations = '{classpath:applicationContext.xml, classpath:applicationContext.xml}', classes = '{}', contextInitializerClasses = '[]', activeProfiles = '{}', propertySourceLocations = '{}', propertySourceProperties = '{}', contextCustomizers = set[org.springframework.boot.test.context.filter.ExcludeFilterContextCustomizer@255b53dc, org.springframework.boot.test.json.DuplicateJsonObjectContextCustomizerFactory$DuplicateJsonObjectContextCustomizer@64d2d351, org.springframework.boot.test.mock.mockito.MockitoContextCustomizer@0, org.springframework.boot.test.autoconfigure.properties.PropertyMappingContextCustomizer@0, org.springframework.boot.test.autoconfigure.web.servlet.WebDriverContextCustomizerFactory$Customizer@52aa2946], contextLoader = 'org.springframework.test.context.support.DelegatingSmartContextLoader', parent = [null]]]; transaction manager [org.springframework.orm.jpa.JpaTransactionManager@4ece2750]; rollback [true]
[05/jul/2024 13:43:28] [:] INFO - Rolled back transaction for test: [DefaultTestContext@329af9b1 testClass = Tests, testInstance = org.isf.medicalstock.test.Tests@4789add, testMethod = testMovementEquals@Tests, testException = [null], mergedContextConfiguration = [MergedContextConfiguration@7535554e testClass = Tests, locations = '{classpath:applicationContext.xml, classpath:applicationContext.xml}', classes = '{}', contextInitializerClasses = '[]', activeProfiles = '{}', propertySourceLocations = '{}', propertySourceProperties = '{}', contextCustomizers = set[org.springframework.boot.test.context.filter.ExcludeFilterContextCustomizer@255b53dc, org.springframework.boot.test.json.DuplicateJsonObjectContextCustomizerFactory$DuplicateJsonObjectContextCustomizer@64d2d351, org.springframework.boot.test.mock.mockito.MockitoContextCustomizer@0, org.springframework.boot.test.autoconfigure.properties.PropertyMappingContextCustomizer@0, org.springframework.boot.test.autoconfigure.web.servlet.WebDriverContextCustomizerFactory$Customizer@52aa2946], contextLoader = 'org.springframework.test.context.support.DelegatingSmartContextLoader', parent = [null]]]
]]></system-out>
  </testcase>
  <testcase name="testMovementHashCode[Test with AUTOMATICLOT_IN=false, AUTOMATICLOT_OUT=false, AUTOMATICLOTWARD_TOWARD=false]" classname="org.isf.medicalstock.test.Tests" time="0.022">
    <system-out><![CDATA[[05/jul/2024 13:43:28] [:] INFO - Began transaction (1) for test context [DefaultTestContext@329af9b1 testClass = Tests, testInstance = org.isf.medicalstock.test.Tests@6b0a413f, testMethod = testMovementHashCode@Tests, testException = [null], mergedContextConfiguration = [MergedContextConfiguration@7535554e testClass = Tests, locations = '{classpath:applicationContext.xml, classpath:applicationContext.xml}', classes = '{}', contextInitializerClasses = '[]', activeProfiles = '{}', propertySourceLocations = '{}', propertySourceProperties = '{}', contextCustomizers = set[org.springframework.boot.test.context.filter.ExcludeFilterContextCustomizer@255b53dc, org.springframework.boot.test.json.DuplicateJsonObjectContextCustomizerFactory$DuplicateJsonObjectContextCustomizer@64d2d351, org.springframework.boot.test.mock.mockito.MockitoContextCustomizer@0, org.springframework.boot.test.autoconfigure.properties.PropertyMappingContextCustomizer@0, org.springframework.boot.test.autoconfigure.web.servlet.WebDriverContextCustomizerFactory$Customizer@52aa2946], contextLoader = 'org.springframework.test.context.support.DelegatingSmartContextLoader', parent = [null]]]; transaction manager [org.springframework.orm.jpa.JpaTransactionManager@4ece2750]; rollback [true]
[05/jul/2024 13:43:28] [:] INFO - Rolled back transaction for test: [DefaultTestContext@329af9b1 testClass = Tests, testInstance = org.isf.medicalstock.test.Tests@6b0a413f, testMethod = testMovementHashCode@Tests, testException = [null], mergedContextConfiguration = [MergedContextConfiguration@7535554e testClass = Tests, locations = '{classpath:applicationContext.xml, classpath:applicationContext.xml}', classes = '{}', contextInitializerClasses = '[]', activeProfiles = '{}', propertySourceLocations = '{}', propertySourceProperties = '{}', contextCustomizers = set[org.springframework.boot.test.context.filter.ExcludeFilterContextCustomizer@255b53dc, org.springframework.boot.test.json.DuplicateJsonObjectContextCustomizerFactory$DuplicateJsonObjectContextCustomizer@64d2d351, org.springframework.boot.test.mock.mockito.MockitoContextCustomizer@0, org.springframework.boot.test.autoconfigure.properties.PropertyMappingContextCustomizer@0, org.springframework.boot.test.autoconfigure.web.servlet.WebDriverContextCustomizerFactory$Customizer@52aa2946], contextLoader = 'org.springframework.test.context.support.DelegatingSmartContextLoader', parent = [null]]]
]]></system-out>
  </testcase>
  <testcase name="testLotEquals[Test with AUTOMATICLOT_IN=false, AUTOMATICLOT_OUT=false, AUTOMATICLOTWARD_TOWARD=false]" classname="org.isf.medicalstock.test.Tests" time="0.019">
    <system-out><![CDATA[[05/jul/2024 13:43:28] [:] INFO - Began transaction (1) for test context [DefaultTestContext@329af9b1 testClass = Tests, testInstance = org.isf.medicalstock.test.Tests@78680dbe, testMethod = testLotEquals@Tests, testException = [null], mergedContextConfiguration = [MergedContextConfiguration@7535554e testClass = Tests, locations = '{classpath:applicationContext.xml, classpath:applicationContext.xml}', classes = '{}', contextInitializerClasses = '[]', activeProfiles = '{}', propertySourceLocations = '{}', propertySourceProperties = '{}', contextCustomizers = set[org.springframework.boot.test.context.filter.ExcludeFilterContextCustomizer@255b53dc, org.springframework.boot.test.json.DuplicateJsonObjectContextCustomizerFactory$DuplicateJsonObjectContextCustomizer@64d2d351, org.springframework.boot.test.mock.mockito.MockitoContextCustomizer@0, org.springframework.boot.test.autoconfigure.properties.PropertyMappingContextCustomizer@0, org.springframework.boot.test.autoconfigure.web.servlet.WebDriverContextCustomizerFactory$Customizer@52aa2946], contextLoader = 'org.springframework.test.context.support.DelegatingSmartContextLoader', parent = [null]]]; transaction manager [org.springframework.orm.jpa.JpaTransactionManager@4ece2750]; rollback [true]
[05/jul/2024 13:43:28] [:] INFO - Rolled back transaction for test: [DefaultTestContext@329af9b1 testClass = Tests, testInstance = org.isf.medicalstock.test.Tests@78680dbe, testMethod = testLotEquals@Tests, testException = [null], mergedContextConfiguration = [MergedContextConfiguration@7535554e testClass = Tests, locations = '{classpath:applicationContext.xml, classpath:applicationContext.xml}', classes = '{}', contextInitializerClasses = '[]', activeProfiles = '{}', propertySourceLocations = '{}', propertySourceProperties = '{}', contextCustomizers = set[org.springframework.boot.test.context.filter.ExcludeFilterContextCustomizer@255b53dc, org.springframework.boot.test.json.DuplicateJsonObjectContextCustomizerFactory$DuplicateJsonObjectContextCustomizer@64d2d351, org.springframework.boot.test.mock.mockito.MockitoContextCustomizer@0, org.springframework.boot.test.autoconfigure.properties.PropertyMappingContextCustomizer@0, org.springframework.boot.test.autoconfigure.web.servlet.WebDriverContextCustomizerFactory$Customizer@52aa2946], contextLoader = 'org.springframework.test.context.support.DelegatingSmartContextLoader', parent = [null]]]
]]></system-out>
  </testcase>
  <testcase name="testIoGetMovementForPrintWardOrderateWard[Test with AUTOMATICLOT_IN=false, AUTOMATICLOT_OUT=false, AUTOMATICLOTWARD_TOWARD=false]" classname="org.isf.medicalstock.test.Tests" time="0.034">
    <system-out><![CDATA[[05/jul/2024 13:43:28] [:] INFO - Began transaction (1) for test context [DefaultTestContext@329af9b1 testClass = Tests, testInstance = org.isf.medicalstock.test.Tests@4b9c54de, testMethod = testIoGetMovementForPrintWardOrderateWard@Tests, testException = [null], mergedContextConfiguration = [MergedContextConfiguration@7535554e testClass = Tests, locations = '{classpath:applicationContext.xml, classpath:applicationContext.xml}', classes = '{}', contextInitializerClasses = '[]', activeProfiles = '{}', propertySourceLocations = '{}', propertySourceProperties = '{}', contextCustomizers = set[org.springframework.boot.test.context.filter.ExcludeFilterContextCustomizer@255b53dc, org.springframework.boot.test.json.DuplicateJsonObjectContextCustomizerFactory$DuplicateJsonObjectContextCustomizer@64d2d351, org.springframework.boot.test.mock.mockito.MockitoContextCustomizer@0, org.springframework.boot.test.autoconfigure.properties.PropertyMappingContextCustomizer@0, org.springframework.boot.test.autoconfigure.web.servlet.WebDriverContextCustomizerFactory$Customizer@52aa2946], contextLoader = 'org.springframework.test.context.support.DelegatingSmartContextLoader', parent = [null]]]; transaction manager [org.springframework.orm.jpa.JpaTransactionManager@4ece2750]; rollback [true]
[05/jul/2024 13:43:28] [:] INFO - Rolled back transaction for test: [DefaultTestContext@329af9b1 testClass = Tests, testInstance = org.isf.medicalstock.test.Tests@4b9c54de, testMethod = testIoGetMovementForPrintWardOrderateWard@Tests, testException = [null], mergedContextConfiguration = [MergedContextConfiguration@7535554e testClass = Tests, locations = '{classpath:applicationContext.xml, classpath:applicationContext.xml}', classes = '{}', contextInitializerClasses = '[]', activeProfiles = '{}', propertySourceLocations = '{}', propertySourceProperties = '{}', contextCustomizers = set[org.springframework.boot.test.context.filter.ExcludeFilterContextCustomizer@255b53dc, org.springframework.boot.test.json.DuplicateJsonObjectContextCustomizerFactory$DuplicateJsonObjectContextCustomizer@64d2d351, org.springframework.boot.test.mock.mockito.MockitoContextCustomizer@0, org.springframework.boot.test.autoconfigure.properties.PropertyMappingContextCustomizer@0, org.springframework.boot.test.autoconfigure.web.servlet.WebDriverContextCustomizerFactory$Customizer@52aa2946], contextLoader = 'org.springframework.test.context.support.DelegatingSmartContextLoader', parent = [null]]]
]]></system-out>
  </testcase>
  <testcase name="testMgrValidateReferenceNumber[Test with AUTOMATICLOT_IN=false, AUTOMATICLOT_OUT=false, AUTOMATICLOTWARD_TOWARD=false]" classname="org.isf.medicalstock.test.Tests" time="0.03">
    <system-out><![CDATA[[05/jul/2024 13:43:28] [:] INFO - Began transaction (1) for test context [DefaultTestContext@329af9b1 testClass = Tests, testInstance = org.isf.medicalstock.test.Tests@4977c244, testMethod = testMgrValidateReferenceNumber@Tests, testException = [null], mergedContextConfiguration = [MergedContextConfiguration@7535554e testClass = Tests, locations = '{classpath:applicationContext.xml, classpath:applicationContext.xml}', classes = '{}', contextInitializerClasses = '[]', activeProfiles = '{}', propertySourceLocations = '{}', propertySourceProperties = '{}', contextCustomizers = set[org.springframework.boot.test.context.filter.ExcludeFilterContextCustomizer@255b53dc, org.springframework.boot.test.json.DuplicateJsonObjectContextCustomizerFactory$DuplicateJsonObjectContextCustomizer@64d2d351, org.springframework.boot.test.mock.mockito.MockitoContextCustomizer@0, org.springframework.boot.test.autoconfigure.properties.PropertyMappingContextCustomizer@0, org.springframework.boot.test.autoconfigure.web.servlet.WebDriverContextCustomizerFactory$Customizer@52aa2946], contextLoader = 'org.springframework.test.context.support.DelegatingSmartContextLoader', parent = [null]]]; transaction manager [org.springframework.orm.jpa.JpaTransactionManager@4ece2750]; rollback [true]
[05/jul/2024 13:43:28] [:] INFO - Rolled back transaction for test: [DefaultTestContext@329af9b1 testClass = Tests, testInstance = org.isf.medicalstock.test.Tests@4977c244, testMethod = testMgrValidateReferenceNumber@Tests, testException = [null], mergedContextConfiguration = [MergedContextConfiguration@7535554e testClass = Tests, locations = '{classpath:applicationContext.xml, classpath:applicationContext.xml}', classes = '{}', contextInitializerClasses = '[]', activeProfiles = '{}', propertySourceLocations = '{}', propertySourceProperties = '{}', contextCustomizers = set[org.springframework.boot.test.context.filter.ExcludeFilterContextCustomizer@255b53dc, org.springframework.boot.test.json.DuplicateJsonObjectContextCustomizerFactory$DuplicateJsonObjectContextCustomizer@64d2d351, org.springframework.boot.test.mock.mockito.MockitoContextCustomizer@0, org.springframework.boot.test.autoconfigure.properties.PropertyMappingContextCustomizer@0, org.springframework.boot.test.autoconfigure.web.servlet.WebDriverContextCustomizerFactory$Customizer@52aa2946], contextLoader = 'org.springframework.test.context.support.DelegatingSmartContextLoader', parent = [null]]]
]]></system-out>
  </testcase>
  <testcase name="testIoGetLotsByMedicalEmptyLot[Test with AUTOMATICLOT_IN=false, AUTOMATICLOT_OUT=false, AUTOMATICLOTWARD_TOWARD=false]" classname="org.isf.medicalstock.test.Tests" time="0.028">
    <system-out><![CDATA[[05/jul/2024 13:43:28] [:] INFO - Began transaction (1) for test context [DefaultTestContext@329af9b1 testClass = Tests, testInstance = org.isf.medicalstock.test.Tests@55226ccf, testMethod = testIoGetLotsByMedicalEmptyLot@Tests, testException = [null], mergedContextConfiguration = [MergedContextConfiguration@7535554e testClass = Tests, locations = '{classpath:applicationContext.xml, classpath:applicationContext.xml}', classes = '{}', contextInitializerClasses = '[]', activeProfiles = '{}', propertySourceLocations = '{}', propertySourceProperties = '{}', contextCustomizers = set[org.springframework.boot.test.context.filter.ExcludeFilterContextCustomizer@255b53dc, org.springframework.boot.test.json.DuplicateJsonObjectContextCustomizerFactory$DuplicateJsonObjectContextCustomizer@64d2d351, org.springframework.boot.test.mock.mockito.MockitoContextCustomizer@0, org.springframework.boot.test.autoconfigure.properties.PropertyMappingContextCustomizer@0, org.springframework.boot.test.autoconfigure.web.servlet.WebDriverContextCustomizerFactory$Customizer@52aa2946], contextLoader = 'org.springframework.test.context.support.DelegatingSmartContextLoader', parent = [null]]]; transaction manager [org.springframework.orm.jpa.JpaTransactionManager@4ece2750]; rollback [true]
[05/jul/2024 13:43:28] [:] INFO - Rolled back transaction for test: [DefaultTestContext@329af9b1 testClass = Tests, testInstance = org.isf.medicalstock.test.Tests@55226ccf, testMethod = testIoGetLotsByMedicalEmptyLot@Tests, testException = [null], mergedContextConfiguration = [MergedContextConfiguration@7535554e testClass = Tests, locations = '{classpath:applicationContext.xml, classpath:applicationContext.xml}', classes = '{}', contextInitializerClasses = '[]', activeProfiles = '{}', propertySourceLocations = '{}', propertySourceProperties = '{}', contextCustomizers = set[org.springframework.boot.test.context.filter.ExcludeFilterContextCustomizer@255b53dc, org.springframework.boot.test.json.DuplicateJsonObjectContextCustomizerFactory$DuplicateJsonObjectContextCustomizer@64d2d351, org.springframework.boot.test.mock.mockito.MockitoContextCustomizer@0, org.springframework.boot.test.autoconfigure.properties.PropertyMappingContextCustomizer@0, org.springframework.boot.test.autoconfigure.web.servlet.WebDriverContextCustomizerFactory$Customizer@52aa2946], contextLoader = 'org.springframework.test.context.support.DelegatingSmartContextLoader', parent = [null]]]
]]></system-out>
  </testcase>
  <testcase name="testIoNewMovement[Test with AUTOMATICLOT_IN=false, AUTOMATICLOT_OUT=false, AUTOMATICLOTWARD_TOWARD=false]" classname="org.isf.medicalstock.test.Tests" time="0.031">
    <system-out><![CDATA[[05/jul/2024 13:43:28] [:] INFO - Began transaction (1) for test context [DefaultTestContext@329af9b1 testClass = Tests, testInstance = org.isf.medicalstock.test.Tests@9cb71c, testMethod = testIoNewMovement@Tests, testException = [null], mergedContextConfiguration = [MergedContextConfiguration@7535554e testClass = Tests, locations = '{classpath:applicationContext.xml, classpath:applicationContext.xml}', classes = '{}', contextInitializerClasses = '[]', activeProfiles = '{}', propertySourceLocations = '{}', propertySourceProperties = '{}', contextCustomizers = set[org.springframework.boot.test.context.filter.ExcludeFilterContextCustomizer@255b53dc, org.springframework.boot.test.json.DuplicateJsonObjectContextCustomizerFactory$DuplicateJsonObjectContextCustomizer@64d2d351, org.springframework.boot.test.mock.mockito.MockitoContextCustomizer@0, org.springframework.boot.test.autoconfigure.properties.PropertyMappingContextCustomizer@0, org.springframework.boot.test.autoconfigure.web.servlet.WebDriverContextCustomizerFactory$Customizer@52aa2946], contextLoader = 'org.springframework.test.context.support.DelegatingSmartContextLoader', parent = [null]]]; transaction manager [org.springframework.orm.jpa.JpaTransactionManager@4ece2750]; rollback [true]
[05/jul/2024 13:43:28] [:] INFO - Rolled back transaction for test: [DefaultTestContext@329af9b1 testClass = Tests, testInstance = org.isf.medicalstock.test.Tests@9cb71c, testMethod = testIoNewMovement@Tests, testException = [null], mergedContextConfiguration = [MergedContextConfiguration@7535554e testClass = Tests, locations = '{classpath:applicationContext.xml, classpath:applicationContext.xml}', classes = '{}', contextInitializerClasses = '[]', activeProfiles = '{}', propertySourceLocations = '{}', propertySourceProperties = '{}', contextCustomizers = set[org.springframework.boot.test.context.filter.ExcludeFilterContextCustomizer@255b53dc, org.springframework.boot.test.json.DuplicateJsonObjectContextCustomizerFactory$DuplicateJsonObjectContextCustomizer@64d2d351, org.springframework.boot.test.mock.mockito.MockitoContextCustomizer@0, org.springframework.boot.test.autoconfigure.properties.PropertyMappingContextCustomizer@0, org.springframework.boot.test.autoconfigure.web.servlet.WebDriverContextCustomizerFactory$Customizer@52aa2946], contextLoader = 'org.springframework.test.context.support.DelegatingSmartContextLoader', parent = [null]]]
]]></system-out>
  </testcase>
  <testcase name="testMgrValidateNullWard[Test with AUTOMATICLOT_IN=false, AUTOMATICLOT_OUT=false, AUTOMATICLOTWARD_TOWARD=false]" classname="org.isf.medicalstock.test.Tests" time="0.078">
    <system-out><![CDATA[[05/jul/2024 13:43:28] [:] INFO - Began transaction (1) for test context [DefaultTestContext@329af9b1 testClass = Tests, testInstance = org.isf.medicalstock.test.Tests@6e5c27c8, testMethod = testMgrValidateNullWard@Tests, testException = [null], mergedContextConfiguration = [MergedContextConfiguration@7535554e testClass = Tests, locations = '{classpath:applicationContext.xml, classpath:applicationContext.xml}', classes = '{}', contextInitializerClasses = '[]', activeProfiles = '{}', propertySourceLocations = '{}', propertySourceProperties = '{}', contextCustomizers = set[org.springframework.boot.test.context.filter.ExcludeFilterContextCustomizer@255b53dc, org.springframework.boot.test.json.DuplicateJsonObjectContextCustomizerFactory$DuplicateJsonObjectContextCustomizer@64d2d351, org.springframework.boot.test.mock.mockito.MockitoContextCustomizer@0, org.springframework.boot.test.autoconfigure.properties.PropertyMappingContextCustomizer@0, org.springframework.boot.test.autoconfigure.web.servlet.WebDriverContextCustomizerFactory$Customizer@52aa2946], contextLoader = 'org.springframework.test.context.support.DelegatingSmartContextLoader', parent = [null]]]; transaction manager [org.springframework.orm.jpa.JpaTransactionManager@4ece2750]; rollback [true]
[05/jul/2024 13:43:28] [:] INFO - Rolled back transaction for test: [DefaultTestContext@329af9b1 testClass = Tests, testInstance = org.isf.medicalstock.test.Tests@6e5c27c8, testMethod = testMgrValidateNullWard@Tests, testException = [null], mergedContextConfiguration = [MergedContextConfiguration@7535554e testClass = Tests, locations = '{classpath:applicationContext.xml, classpath:applicationContext.xml}', classes = '{}', contextInitializerClasses = '[]', activeProfiles = '{}', propertySourceLocations = '{}', propertySourceProperties = '{}', contextCustomizers = set[org.springframework.boot.test.context.filter.ExcludeFilterContextCustomizer@255b53dc, org.springframework.boot.test.json.DuplicateJsonObjectContextCustomizerFactory$DuplicateJsonObjectContextCustomizer@64d2d351, org.springframework.boot.test.mock.mockito.MockitoContextCustomizer@0, org.springframework.boot.test.autoconfigure.properties.PropertyMappingContextCustomizer@0, org.springframework.boot.test.autoconfigure.web.servlet.WebDriverContextCustomizerFactory$Customizer@52aa2946], contextLoader = 'org.springframework.test.context.support.DelegatingSmartContextLoader', parent = [null]]]
]]></system-out>
  </testcase>
  <testcase name="testMgrValidateNullSupplier[Test with AUTOMATICLOT_IN=false, AUTOMATICLOT_OUT=false, AUTOMATICLOTWARD_TOWARD=false]" classname="org.isf.medicalstock.test.Tests" time="0.055">
    <system-out><![CDATA[[05/jul/2024 13:43:28] [:] INFO - Began transaction (1) for test context [DefaultTestContext@329af9b1 testClass = Tests, testInstance = org.isf.medicalstock.test.Tests@22dd16db, testMethod = testMgrValidateNullSupplier@Tests, testException = [null], mergedContextConfiguration = [MergedContextConfiguration@7535554e testClass = Tests, locations = '{classpath:applicationContext.xml, classpath:applicationContext.xml}', classes = '{}', contextInitializerClasses = '[]', activeProfiles = '{}', propertySourceLocations = '{}', propertySourceProperties = '{}', contextCustomizers = set[org.springframework.boot.test.context.filter.ExcludeFilterContextCustomizer@255b53dc, org.springframework.boot.test.json.DuplicateJsonObjectContextCustomizerFactory$DuplicateJsonObjectContextCustomizer@64d2d351, org.springframework.boot.test.mock.mockito.MockitoContextCustomizer@0, org.springframework.boot.test.autoconfigure.properties.PropertyMappingContextCustomizer@0, org.springframework.boot.test.autoconfigure.web.servlet.WebDriverContextCustomizerFactory$Customizer@52aa2946], contextLoader = 'org.springframework.test.context.support.DelegatingSmartContextLoader', parent = [null]]]; transaction manager [org.springframework.orm.jpa.JpaTransactionManager@4ece2750]; rollback [true]
[05/jul/2024 13:43:28] [:] INFO - Rolled back transaction for test: [DefaultTestContext@329af9b1 testClass = Tests, testInstance = org.isf.medicalstock.test.Tests@22dd16db, testMethod = testMgrValidateNullSupplier@Tests, testException = [null], mergedContextConfiguration = [MergedContextConfiguration@7535554e testClass = Tests, locations = '{classpath:applicationContext.xml, classpath:applicationContext.xml}', classes = '{}', contextInitializerClasses = '[]', activeProfiles = '{}', propertySourceLocations = '{}', propertySourceProperties = '{}', contextCustomizers = set[org.springframework.boot.test.context.filter.ExcludeFilterContextCustomizer@255b53dc, org.springframework.boot.test.json.DuplicateJsonObjectContextCustomizerFactory$DuplicateJsonObjectContextCustomizer@64d2d351, org.springframework.boot.test.mock.mockito.MockitoContextCustomizer@0, org.springframework.boot.test.autoconfigure.properties.PropertyMappingContextCustomizer@0, org.springframework.boot.test.autoconfigure.web.servlet.WebDriverContextCustomizerFactory$Customizer@52aa2946], contextLoader = 'org.springframework.test.context.support.DelegatingSmartContextLoader', parent = [null]]]
]]></system-out>
  </testcase>
  <testcase name="testMgrGetMovementsWihAllParameters[Test with AUTOMATICLOT_IN=false, AUTOMATICLOT_OUT=false, AUTOMATICLOTWARD_TOWARD=false]" classname="org.isf.medicalstock.test.Tests" time="0.048">
    <system-out><![CDATA[[05/jul/2024 13:43:28] [:] INFO - Began transaction (1) for test context [DefaultTestContext@329af9b1 testClass = Tests, testInstance = org.isf.medicalstock.test.Tests@4a8f81fe, testMethod = testMgrGetMovementsWihAllParameters@Tests, testException = [null], mergedContextConfiguration = [MergedContextConfiguration@7535554e testClass = Tests, locations = '{classpath:applicationContext.xml, classpath:applicationContext.xml}', classes = '{}', contextInitializerClasses = '[]', activeProfiles = '{}', propertySourceLocations = '{}', propertySourceProperties = '{}', contextCustomizers = set[org.springframework.boot.test.context.filter.ExcludeFilterContextCustomizer@255b53dc, org.springframework.boot.test.json.DuplicateJsonObjectContextCustomizerFactory$DuplicateJsonObjectContextCustomizer@64d2d351, org.springframework.boot.test.mock.mockito.MockitoContextCustomizer@0, org.springframework.boot.test.autoconfigure.properties.PropertyMappingContextCustomizer@0, org.springframework.boot.test.autoconfigure.web.servlet.WebDriverContextCustomizerFactory$Customizer@52aa2946], contextLoader = 'org.springframework.test.context.support.DelegatingSmartContextLoader', parent = [null]]]; transaction manager [org.springframework.orm.jpa.JpaTransactionManager@4ece2750]; rollback [true]
[05/jul/2024 13:43:28] [:] INFO - Rolled back transaction for test: [DefaultTestContext@329af9b1 testClass = Tests, testInstance = org.isf.medicalstock.test.Tests@4a8f81fe, testMethod = testMgrGetMovementsWihAllParameters@Tests, testException = [null], mergedContextConfiguration = [MergedContextConfiguration@7535554e testClass = Tests, locations = '{classpath:applicationContext.xml, classpath:applicationContext.xml}', classes = '{}', contextInitializerClasses = '[]', activeProfiles = '{}', propertySourceLocations = '{}', propertySourceProperties = '{}', contextCustomizers = set[org.springframework.boot.test.context.filter.ExcludeFilterContextCustomizer@255b53dc, org.springframework.boot.test.json.DuplicateJsonObjectContextCustomizerFactory$DuplicateJsonObjectContextCustomizer@64d2d351, org.springframework.boot.test.mock.mockito.MockitoContextCustomizer@0, org.springframework.boot.test.autoconfigure.properties.PropertyMappingContextCustomizer@0, org.springframework.boot.test.autoconfigure.web.servlet.WebDriverContextCustomizerFactory$Customizer@52aa2946], contextLoader = 'org.springframework.test.context.support.DelegatingSmartContextLoader', parent = [null]]]
]]></system-out>
  </testcase>
  <testcase name="testIoLotExists[Test with AUTOMATICLOT_IN=false, AUTOMATICLOT_OUT=false, AUTOMATICLOTWARD_TOWARD=false]" classname="org.isf.medicalstock.test.Tests" time="0.035">
    <system-out><![CDATA[[05/jul/2024 13:43:28] [:] INFO - Began transaction (1) for test context [DefaultTestContext@329af9b1 testClass = Tests, testInstance = org.isf.medicalstock.test.Tests@27c3d260, testMethod = testIoLotExists@Tests, testException = [null], mergedContextConfiguration = [MergedContextConfiguration@7535554e testClass = Tests, locations = '{classpath:applicationContext.xml, classpath:applicationContext.xml}', classes = '{}', contextInitializerClasses = '[]', activeProfiles = '{}', propertySourceLocations = '{}', propertySourceProperties = '{}', contextCustomizers = set[org.springframework.boot.test.context.filter.ExcludeFilterContextCustomizer@255b53dc, org.springframework.boot.test.json.DuplicateJsonObjectContextCustomizerFactory$DuplicateJsonObjectContextCustomizer@64d2d351, org.springframework.boot.test.mock.mockito.MockitoContextCustomizer@0, org.springframework.boot.test.autoconfigure.properties.PropertyMappingContextCustomizer@0, org.springframework.boot.test.autoconfigure.web.servlet.WebDriverContextCustomizerFactory$Customizer@52aa2946], contextLoader = 'org.springframework.test.context.support.DelegatingSmartContextLoader', parent = [null]]]; transaction manager [org.springframework.orm.jpa.JpaTransactionManager@4ece2750]; rollback [true]
[05/jul/2024 13:43:28] [:] INFO - Rolled back transaction for test: [DefaultTestContext@329af9b1 testClass = Tests, testInstance = org.isf.medicalstock.test.Tests@27c3d260, testMethod = testIoLotExists@Tests, testException = [null], mergedContextConfiguration = [MergedContextConfiguration@7535554e testClass = Tests, locations = '{classpath:applicationContext.xml, classpath:applicationContext.xml}', classes = '{}', contextInitializerClasses = '[]', activeProfiles = '{}', propertySourceLocations = '{}', propertySourceProperties = '{}', contextCustomizers = set[org.springframework.boot.test.context.filter.ExcludeFilterContextCustomizer@255b53dc, org.springframework.boot.test.json.DuplicateJsonObjectContextCustomizerFactory$DuplicateJsonObjectContextCustomizer@64d2d351, org.springframework.boot.test.mock.mockito.MockitoContextCustomizer@0, org.springframework.boot.test.autoconfigure.properties.PropertyMappingContextCustomizer@0, org.springframework.boot.test.autoconfigure.web.servlet.WebDriverContextCustomizerFactory$Customizer@52aa2946], contextLoader = 'org.springframework.test.context.support.DelegatingSmartContextLoader', parent = [null]]]
]]></system-out>
  </testcase>
  <testcase name="testLotToString[Test with AUTOMATICLOT_IN=false, AUTOMATICLOT_OUT=false, AUTOMATICLOTWARD_TOWARD=false]" classname="org.isf.medicalstock.test.Tests" time="0.028">
    <system-out><![CDATA[[05/jul/2024 13:43:28] [:] INFO - Began transaction (1) for test context [DefaultTestContext@329af9b1 testClass = Tests, testInstance = org.isf.medicalstock.test.Tests@6218e24f, testMethod = testLotToString@Tests, testException = [null], mergedContextConfiguration = [MergedContextConfiguration@7535554e testClass = Tests, locations = '{classpath:applicationContext.xml, classpath:applicationContext.xml}', classes = '{}', contextInitializerClasses = '[]', activeProfiles = '{}', propertySourceLocations = '{}', propertySourceProperties = '{}', contextCustomizers = set[org.springframework.boot.test.context.filter.ExcludeFilterContextCustomizer@255b53dc, org.springframework.boot.test.json.DuplicateJsonObjectContextCustomizerFactory$DuplicateJsonObjectContextCustomizer@64d2d351, org.springframework.boot.test.mock.mockito.MockitoContextCustomizer@0, org.springframework.boot.test.autoconfigure.properties.PropertyMappingContextCustomizer@0, org.springframework.boot.test.autoconfigure.web.servlet.WebDriverContextCustomizerFactory$Customizer@52aa2946], contextLoader = 'org.springframework.test.context.support.DelegatingSmartContextLoader', parent = [null]]]; transaction manager [org.springframework.orm.jpa.JpaTransactionManager@4ece2750]; rollback [true]
[05/jul/2024 13:43:28] [:] INFO - Rolled back transaction for test: [DefaultTestContext@329af9b1 testClass = Tests, testInstance = org.isf.medicalstock.test.Tests@6218e24f, testMethod = testLotToString@Tests, testException = [null], mergedContextConfiguration = [MergedContextConfiguration@7535554e testClass = Tests, locations = '{classpath:applicationContext.xml, classpath:applicationContext.xml}', classes = '{}', contextInitializerClasses = '[]', activeProfiles = '{}', propertySourceLocations = '{}', propertySourceProperties = '{}', contextCustomizers = set[org.springframework.boot.test.context.filter.ExcludeFilterContextCustomizer@255b53dc, org.springframework.boot.test.json.DuplicateJsonObjectContextCustomizerFactory$DuplicateJsonObjectContextCustomizer@64d2d351, org.springframework.boot.test.mock.mockito.MockitoContextCustomizer@0, org.springframework.boot.test.autoconfigure.properties.PropertyMappingContextCustomizer@0, org.springframework.boot.test.autoconfigure.web.servlet.WebDriverContextCustomizerFactory$Customizer@52aa2946], contextLoader = 'org.springframework.test.context.support.DelegatingSmartContextLoader', parent = [null]]]
]]></system-out>
  </testcase>
  <testcase name="testIoGetMovementForPrintPharmaceuticalTypeOrder[Test with AUTOMATICLOT_IN=false, AUTOMATICLOT_OUT=false, AUTOMATICLOTWARD_TOWARD=false]" classname="org.isf.medicalstock.test.Tests" time="0.06">
    <system-out><![CDATA[[05/jul/2024 13:43:28] [:] INFO - Began transaction (1) for test context [DefaultTestContext@329af9b1 testClass = Tests, testInstance = org.isf.medicalstock.test.Tests@94f75b6, testMethod = testIoGetMovementForPrintPharmaceuticalTypeOrder@Tests, testException = [null], mergedContextConfiguration = [MergedContextConfiguration@7535554e testClass = Tests, locations = '{classpath:applicationContext.xml, classpath:applicationContext.xml}', classes = '{}', contextInitializerClasses = '[]', activeProfiles = '{}', propertySourceLocations = '{}', propertySourceProperties = '{}', contextCustomizers = set[org.springframework.boot.test.context.filter.ExcludeFilterContextCustomizer@255b53dc, org.springframework.boot.test.json.DuplicateJsonObjectContextCustomizerFactory$DuplicateJsonObjectContextCustomizer@64d2d351, org.springframework.boot.test.mock.mockito.MockitoContextCustomizer@0, org.springframework.boot.test.autoconfigure.properties.PropertyMappingContextCustomizer@0, org.springframework.boot.test.autoconfigure.web.servlet.WebDriverContextCustomizerFactory$Customizer@52aa2946], contextLoader = 'org.springframework.test.context.support.DelegatingSmartContextLoader', parent = [null]]]; transaction manager [org.springframework.orm.jpa.JpaTransactionManager@4ece2750]; rollback [true]
[05/jul/2024 13:43:28] [:] INFO - Rolled back transaction for test: [DefaultTestContext@329af9b1 testClass = Tests, testInstance = org.isf.medicalstock.test.Tests@94f75b6, testMethod = testIoGetMovementForPrintPharmaceuticalTypeOrder@Tests, testException = [null], mergedContextConfiguration = [MergedContextConfiguration@7535554e testClass = Tests, locations = '{classpath:applicationContext.xml, classpath:applicationContext.xml}', classes = '{}', contextInitializerClasses = '[]', activeProfiles = '{}', propertySourceLocations = '{}', propertySourceProperties = '{}', contextCustomizers = set[org.springframework.boot.test.context.filter.ExcludeFilterContextCustomizer@255b53dc, org.springframework.boot.test.json.DuplicateJsonObjectContextCustomizerFactory$DuplicateJsonObjectContextCustomizer@64d2d351, org.springframework.boot.test.mock.mockito.MockitoContextCustomizer@0, org.springframework.boot.test.autoconfigure.properties.PropertyMappingContextCustomizer@0, org.springframework.boot.test.autoconfigure.web.servlet.WebDriverContextCustomizerFactory$Customizer@52aa2946], contextLoader = 'org.springframework.test.context.support.DelegatingSmartContextLoader', parent = [null]]]
]]></system-out>
  </testcase>
  <testcase name="testMgrPrepareDischargingMovement[Test with AUTOMATICLOT_IN=false, AUTOMATICLOT_OUT=false, AUTOMATICLOTWARD_TOWARD=false]" classname="org.isf.medicalstock.test.Tests" time="0.056">
    <system-out><![CDATA[[05/jul/2024 13:43:28] [:] INFO - Began transaction (1) for test context [DefaultTestContext@329af9b1 testClass = Tests, testInstance = org.isf.medicalstock.test.Tests@79f3d49b, testMethod = testMgrPrepareDischargingMovement@Tests, testException = [null], mergedContextConfiguration = [MergedContextConfiguration@7535554e testClass = Tests, locations = '{classpath:applicationContext.xml, classpath:applicationContext.xml}', classes = '{}', contextInitializerClasses = '[]', activeProfiles = '{}', propertySourceLocations = '{}', propertySourceProperties = '{}', contextCustomizers = set[org.springframework.boot.test.context.filter.ExcludeFilterContextCustomizer@255b53dc, org.springframework.boot.test.json.DuplicateJsonObjectContextCustomizerFactory$DuplicateJsonObjectContextCustomizer@64d2d351, org.springframework.boot.test.mock.mockito.MockitoContextCustomizer@0, org.springframework.boot.test.autoconfigure.properties.PropertyMappingContextCustomizer@0, org.springframework.boot.test.autoconfigure.web.servlet.WebDriverContextCustomizerFactory$Customizer@52aa2946], contextLoader = 'org.springframework.test.context.support.DelegatingSmartContextLoader', parent = [null]]]; transaction manager [org.springframework.orm.jpa.JpaTransactionManager@4ece2750]; rollback [true]
[05/jul/2024 13:43:28] [:] INFO - Rolled back transaction for test: [DefaultTestContext@329af9b1 testClass = Tests, testInstance = org.isf.medicalstock.test.Tests@79f3d49b, testMethod = testMgrPrepareDischargingMovement@Tests, testException = [null], mergedContextConfiguration = [MergedContextConfiguration@7535554e testClass = Tests, locations = '{classpath:applicationContext.xml, classpath:applicationContext.xml}', classes = '{}', contextInitializerClasses = '[]', activeProfiles = '{}', propertySourceLocations = '{}', propertySourceProperties = '{}', contextCustomizers = set[org.springframework.boot.test.context.filter.ExcludeFilterContextCustomizer@255b53dc, org.springframework.boot.test.json.DuplicateJsonObjectContextCustomizerFactory$DuplicateJsonObjectContextCustomizer@64d2d351, org.springframework.boot.test.mock.mockito.MockitoContextCustomizer@0, org.springframework.boot.test.autoconfigure.properties.PropertyMappingContextCustomizer@0, org.springframework.boot.test.autoconfigure.web.servlet.WebDriverContextCustomizerFactory$Customizer@52aa2946], contextLoader = 'org.springframework.test.context.support.DelegatingSmartContextLoader', parent = [null]]]
]]></system-out>
  </testcase>
  <testcase name="testMgrValidateNullMedical[Test with AUTOMATICLOT_IN=false, AUTOMATICLOT_OUT=false, AUTOMATICLOTWARD_TOWARD=false]" classname="org.isf.medicalstock.test.Tests" time="0.05">
    <system-out><![CDATA[[05/jul/2024 13:43:28] [:] INFO - Began transaction (1) for test context [DefaultTestContext@329af9b1 testClass = Tests, testInstance = org.isf.medicalstock.test.Tests@4752e79d, testMethod = testMgrValidateNullMedical@Tests, testException = [null], mergedContextConfiguration = [MergedContextConfiguration@7535554e testClass = Tests, locations = '{classpath:applicationContext.xml, classpath:applicationContext.xml}', classes = '{}', contextInitializerClasses = '[]', activeProfiles = '{}', propertySourceLocations = '{}', propertySourceProperties = '{}', contextCustomizers = set[org.springframework.boot.test.context.filter.ExcludeFilterContextCustomizer@255b53dc, org.springframework.boot.test.json.DuplicateJsonObjectContextCustomizerFactory$DuplicateJsonObjectContextCustomizer@64d2d351, org.springframework.boot.test.mock.mockito.MockitoContextCustomizer@0, org.springframework.boot.test.autoconfigure.properties.PropertyMappingContextCustomizer@0, org.springframework.boot.test.autoconfigure.web.servlet.WebDriverContextCustomizerFactory$Customizer@52aa2946], contextLoader = 'org.springframework.test.context.support.DelegatingSmartContextLoader', parent = [null]]]; transaction manager [org.springframework.orm.jpa.JpaTransactionManager@4ece2750]; rollback [true]
[05/jul/2024 13:43:28] [:] INFO - Rolled back transaction for test: [DefaultTestContext@329af9b1 testClass = Tests, testInstance = org.isf.medicalstock.test.Tests@4752e79d, testMethod = testMgrValidateNullMedical@Tests, testException = [null], mergedContextConfiguration = [MergedContextConfiguration@7535554e testClass = Tests, locations = '{classpath:applicationContext.xml, classpath:applicationContext.xml}', classes = '{}', contextInitializerClasses = '[]', activeProfiles = '{}', propertySourceLocations = '{}', propertySourceProperties = '{}', contextCustomizers = set[org.springframework.boot.test.context.filter.ExcludeFilterContextCustomizer@255b53dc, org.springframework.boot.test.json.DuplicateJsonObjectContextCustomizerFactory$DuplicateJsonObjectContextCustomizer@64d2d351, org.springframework.boot.test.mock.mockito.MockitoContextCustomizer@0, org.springframework.boot.test.autoconfigure.properties.PropertyMappingContextCustomizer@0, org.springframework.boot.test.autoconfigure.web.servlet.WebDriverContextCustomizerFactory$Customizer@52aa2946], contextLoader = 'org.springframework.test.context.support.DelegatingSmartContextLoader', parent = [null]]]
]]></system-out>
  </testcase>
  <testcase name="testMgrValidateLotPreparationDateAfterDueDate[Test with AUTOMATICLOT_IN=false, AUTOMATICLOT_OUT=false, AUTOMATICLOTWARD_TOWARD=false]" classname="org.isf.medicalstock.test.Tests" time="0.051">
    <system-out><![CDATA[[05/jul/2024 13:43:28] [:] INFO - Began transaction (1) for test context [DefaultTestContext@329af9b1 testClass = Tests, testInstance = org.isf.medicalstock.test.Tests@2e50d4dc, testMethod = testMgrValidateLotPreparationDateAfterDueDate@Tests, testException = [null], mergedContextConfiguration = [MergedContextConfiguration@7535554e testClass = Tests, locations = '{classpath:applicationContext.xml, classpath:applicationContext.xml}', classes = '{}', contextInitializerClasses = '[]', activeProfiles = '{}', propertySourceLocations = '{}', propertySourceProperties = '{}', contextCustomizers = set[org.springframework.boot.test.context.filter.ExcludeFilterContextCustomizer@255b53dc, org.springframework.boot.test.json.DuplicateJsonObjectContextCustomizerFactory$DuplicateJsonObjectContextCustomizer@64d2d351, org.springframework.boot.test.mock.mockito.MockitoContextCustomizer@0, org.springframework.boot.test.autoconfigure.properties.PropertyMappingContextCustomizer@0, org.springframework.boot.test.autoconfigure.web.servlet.WebDriverContextCustomizerFactory$Customizer@52aa2946], contextLoader = 'org.springframework.test.context.support.DelegatingSmartContextLoader', parent = [null]]]; transaction manager [org.springframework.orm.jpa.JpaTransactionManager@4ece2750]; rollback [true]
[05/jul/2024 13:43:28] [:] INFO - Rolled back transaction for test: [DefaultTestContext@329af9b1 testClass = Tests, testInstance = org.isf.medicalstock.test.Tests@2e50d4dc, testMethod = testMgrValidateLotPreparationDateAfterDueDate@Tests, testException = [null], mergedContextConfiguration = [MergedContextConfiguration@7535554e testClass = Tests, locations = '{classpath:applicationContext.xml, classpath:applicationContext.xml}', classes = '{}', contextInitializerClasses = '[]', activeProfiles = '{}', propertySourceLocations = '{}', propertySourceProperties = '{}', contextCustomizers = set[org.springframework.boot.test.context.filter.ExcludeFilterContextCustomizer@255b53dc, org.springframework.boot.test.json.DuplicateJsonObjectContextCustomizerFactory$DuplicateJsonObjectContextCustomizer@64d2d351, org.springframework.boot.test.mock.mockito.MockitoContextCustomizer@0, org.springframework.boot.test.autoconfigure.properties.PropertyMappingContextCustomizer@0, org.springframework.boot.test.autoconfigure.web.servlet.WebDriverContextCustomizerFactory$Customizer@52aa2946], contextLoader = 'org.springframework.test.context.support.DelegatingSmartContextLoader', parent = [null]]]
]]></system-out>
  </testcase>
  <testcase name="testMgrValidateLotCodeTooLong[Test with AUTOMATICLOT_IN=false, AUTOMATICLOT_OUT=false, AUTOMATICLOTWARD_TOWARD=false]" classname="org.isf.medicalstock.test.Tests" time="0.058">
    <system-out><![CDATA[[05/jul/2024 13:43:28] [:] INFO - Began transaction (1) for test context [DefaultTestContext@329af9b1 testClass = Tests, testInstance = org.isf.medicalstock.test.Tests@723cdeee, testMethod = testMgrValidateLotCodeTooLong@Tests, testException = [null], mergedContextConfiguration = [MergedContextConfiguration@7535554e testClass = Tests, locations = '{classpath:applicationContext.xml, classpath:applicationContext.xml}', classes = '{}', contextInitializerClasses = '[]', activeProfiles = '{}', propertySourceLocations = '{}', propertySourceProperties = '{}', contextCustomizers = set[org.springframework.boot.test.context.filter.ExcludeFilterContextCustomizer@255b53dc, org.springframework.boot.test.json.DuplicateJsonObjectContextCustomizerFactory$DuplicateJsonObjectContextCustomizer@64d2d351, org.springframework.boot.test.mock.mockito.MockitoContextCustomizer@0, org.springframework.boot.test.autoconfigure.properties.PropertyMappingContextCustomizer@0, org.springframework.boot.test.autoconfigure.web.servlet.WebDriverContextCustomizerFactory$Customizer@52aa2946], contextLoader = 'org.springframework.test.context.support.DelegatingSmartContextLoader', parent = [null]]]; transaction manager [org.springframework.orm.jpa.JpaTransactionManager@4ece2750]; rollback [true]
[05/jul/2024 13:43:28] [:] ERROR - org.hibernate.TransientPropertyValueException: object references an unsaved transient instance - save the transient instance before flushing: org.isf.medicalstock.model.Movement.lot -> org.isf.medicalstock.model.Lot; nested exception is java.lang.IllegalStateException: org.hibernate.TransientPropertyValueException: object references an unsaved transient instance - save the transient instance before flushing: org.isf.medicalstock.model.Movement.lot -> org.isf.medicalstock.model.Lot
org.springframework.dao.InvalidDataAccessApiUsageException: org.hibernate.TransientPropertyValueException: object references an unsaved transient instance - save the transient instance before flushing: org.isf.medicalstock.model.Movement.lot -> org.isf.medicalstock.model.Lot; nested exception is java.lang.IllegalStateException: org.hibernate.TransientPropertyValueException: object references an unsaved transient instance - save the transient instance before flushing: org.isf.medicalstock.model.Movement.lot -> org.isf.medicalstock.model.Lot
	at org.springframework.orm.jpa.EntityManagerFactoryUtils.convertJpaAccessExceptionIfPossible(EntityManagerFactoryUtils.java:387)
	at org.springframework.orm.jpa.vendor.HibernateJpaDialect.translateExceptionIfPossible(HibernateJpaDialect.java:246)
	at org.springframework.orm.jpa.AbstractEntityManagerFactoryBean.translateExceptionIfPossible(AbstractEntityManagerFactoryBean.java:525)
	at org.springframework.dao.support.ChainedPersistenceExceptionTranslator.translateExceptionIfPossible(ChainedPersistenceExceptionTranslator.java:59)
	at org.springframework.dao.support.DataAccessUtils.translateIfNecessary(DataAccessUtils.java:209)
	at org.springframework.dao.support.PersistenceExceptionTranslationInterceptor.invoke(PersistenceExceptionTranslationInterceptor.java:147)
	at org.springframework.aop.framework.ReflectiveMethodInvocation.proceed(ReflectiveMethodInvocation.java:179)
	at org.springframework.data.jpa.repository.support.CrudMethodMetadataPostProcessor$CrudMethodMetadataPopulatingMethodInterceptor.invoke(CrudMethodMetadataPostProcessor.java:140)
	at org.springframework.aop.framework.ReflectiveMethodInvocation.proceed(ReflectiveMethodInvocation.java:179)
	at org.springframework.data.jpa.repository.support.CrudMethodMetadataPostProcessor$ExposeRepositoryInvocationInterceptor.invoke(CrudMethodMetadataPostProcessor.java:347)
	at org.springframework.aop.framework.ReflectiveMethodInvocation.proceed(ReflectiveMethodInvocation.java:179)
	at org.springframework.aop.interceptor.ExposeInvocationInterceptor.invoke(ExposeInvocationInterceptor.java:92)
	at org.springframework.aop.framework.ReflectiveMethodInvocation.proceed(ReflectiveMethodInvocation.java:179)
	at org.springframework.data.repository.core.support.SurroundingTransactionDetectorMethodInterceptor.invoke(SurroundingTransactionDetectorMethodInterceptor.java:57)
	at org.springframework.aop.framework.ReflectiveMethodInvocation.proceed(ReflectiveMethodInvocation.java:179)
	at org.springframework.aop.framework.JdkDynamicAopProxy.invoke(JdkDynamicAopProxy.java:213)
	at com.sun.proxy.$Proxy109.findMaxDate(Unknown Source)
	at org.isf.medicalstock.service.MedicalStockIoOperations.getLastMovementDate(MedicalStockIoOperations.java:565)
	at org.isf.medicalstock.service.MedicalStockIoOperations$$FastClassBySpringCGLIB$$a00ee1bd.invoke(<generated>)
	at org.springframework.cglib.proxy.MethodProxy.invoke(MethodProxy.java:204)
	at org.springframework.aop.framework.CglibAopProxy$CglibMethodInvocation.invokeJoinpoint(CglibAopProxy.java:737)
	at org.springframework.aop.framework.ReflectiveMethodInvocation.proceed(ReflectiveMethodInvocation.java:157)
	at org.springframework.transaction.interceptor.TransactionInterceptor$1.proceedWithInvocation(TransactionInterceptor.java:99)
	at org.springframework.transaction.interceptor.TransactionAspectSupport.invokeWithinTransaction(TransactionAspectSupport.java:283)
	at org.springframework.transaction.interceptor.TransactionInterceptor.invoke(TransactionInterceptor.java:96)
	at org.springframework.aop.framework.ReflectiveMethodInvocation.proceed(ReflectiveMethodInvocation.java:179)
	at org.springframework.aop.interceptor.ExposeInvocationInterceptor.invoke(ExposeInvocationInterceptor.java:92)
	at org.springframework.aop.framework.ReflectiveMethodInvocation.proceed(ReflectiveMethodInvocation.java:179)
	at org.springframework.aop.aspectj.MethodInvocationProceedingJoinPoint.proceed(MethodInvocationProceedingJoinPoint.java:84)
	at org.isf.utils.db.OHServiceExceptionTranslator.translateSqlExceptionToOHServiceException(OHServiceExceptionTranslator.java:55)
	at sun.reflect.GeneratedMethodAccessor67.invoke(Unknown Source)
	at sun.reflect.DelegatingMethodAccessorImpl.invoke(DelegatingMethodAccessorImpl.java:43)
	at java.lang.reflect.Method.invoke(Method.java:498)
	at org.springframework.aop.aspectj.AbstractAspectJAdvice.invokeAdviceMethodWithGivenArgs(AbstractAspectJAdvice.java:627)
	at org.springframework.aop.aspectj.AbstractAspectJAdvice.invokeAdviceMethod(AbstractAspectJAdvice.java:616)
	at org.springframework.aop.aspectj.AspectJAroundAdvice.invoke(AspectJAroundAdvice.java:70)
	at org.springframework.aop.framework.ReflectiveMethodInvocation.proceed(ReflectiveMethodInvocation.java:179)
	at org.springframework.aop.framework.CglibAopProxy$DynamicAdvisedInterceptor.intercept(CglibAopProxy.java:672)
	at org.isf.medicalstock.service.MedicalStockIoOperations$$EnhancerBySpringCGLIB$$36e028cc.getLastMovementDate(<generated>)
	at org.isf.medicalstock.manager.MovStockInsertingManager.getLastMovementDate(MovStockInsertingManager.java:278)
	at org.isf.medicalstock.manager.MovStockInsertingManager.validateMovement(MovStockInsertingManager.java:68)
	at org.isf.medicalstock.manager.MovStockInsertingManager.prepareChargingMovement(MovStockInsertingManager.java:349)
	at org.isf.medicalstock.manager.MovStockInsertingManager.newMultipleChargingMovements(MovStockInsertingManager.java:326)
	at org.isf.medicalstock.manager.MovStockInsertingManager$$FastClassBySpringCGLIB$$2a8b6bd4.invoke(<generated>)
	at org.springframework.cglib.proxy.MethodProxy.invoke(MethodProxy.java:204)
	at org.springframework.aop.framework.CglibAopProxy$CglibMethodInvocation.invokeJoinpoint(CglibAopProxy.java:737)
	at org.springframework.aop.framework.ReflectiveMethodInvocation.proceed(ReflectiveMethodInvocation.java:157)
	at org.springframework.transaction.interceptor.TransactionInterceptor$1.proceedWithInvocation(TransactionInterceptor.java:99)
	at org.springframework.transaction.interceptor.TransactionAspectSupport.invokeWithinTransaction(TransactionAspectSupport.java:283)
	at org.springframework.transaction.interceptor.TransactionInterceptor.invoke(TransactionInterceptor.java:96)
	at org.springframework.aop.framework.ReflectiveMethodInvocation.proceed(ReflectiveMethodInvocation.java:179)
	at org.springframework.aop.framework.CglibAopProxy$DynamicAdvisedInterceptor.intercept(CglibAopProxy.java:672)
	at org.isf.medicalstock.manager.MovStockInsertingManager$$EnhancerBySpringCGLIB$$ef6ee236.newMultipleChargingMovements(<generated>)
	at org.isf.medicalstock.test.Tests.lambda$28(Tests.java:943)
	at org.assertj.core.api.ThrowableAssert.catchThrowable(ThrowableAssert.java:62)
	at org.assertj.core.api.AssertionsForClassTypes.catchThrowable(AssertionsForClassTypes.java:877)
	at org.assertj.core.api.Assertions.catchThrowable(Assertions.java:1336)
	at org.assertj.core.api.Assertions.assertThatThrownBy(Assertions.java:1181)
	at org.isf.medicalstock.test.Tests.testMgrValidateLotCodeTooLong(Tests.java:935)
	at sun.reflect.NativeMethodAccessorImpl.invoke0(Native Method)
	at sun.reflect.NativeMethodAccessorImpl.invoke(NativeMethodAccessorImpl.java:62)
	at sun.reflect.DelegatingMethodAccessorImpl.invoke(DelegatingMethodAccessorImpl.java:43)
	at java.lang.reflect.Method.invoke(Method.java:498)
	at org.junit.runners.model.FrameworkMethod$1.runReflectiveCall(FrameworkMethod.java:59)
	at org.junit.internal.runners.model.ReflectiveCallable.run(ReflectiveCallable.java:12)
	at org.junit.runners.model.FrameworkMethod.invokeExplosively(FrameworkMethod.java:56)
	at org.junit.internal.runners.statements.InvokeMethod.evaluate(InvokeMethod.java:17)
	at org.junit.internal.runners.statements.RunBefores.evaluate(RunBefores.java:26)
	at org.springframework.test.context.junit4.statements.RunBeforeTestMethodCallbacks.evaluate(RunBeforeTestMethodCallbacks.java:75)
	at org.springframework.test.context.junit4.statements.RunAfterTestMethodCallbacks.evaluate(RunAfterTestMethodCallbacks.java:86)
	at org.springframework.test.context.junit4.statements.RunPrepareTestInstanceCallbacks.evaluate(RunPrepareTestInstanceCallbacks.java:64)
	at org.springframework.test.context.junit4.statements.SpringRepeat.evaluate(SpringRepeat.java:84)
	at org.springframework.test.context.junit4.statements.SpringFailOnTimeout.evaluate(SpringFailOnTimeout.java:87)
	at org.springframework.test.context.junit4.statements.ProfileValueChecker.evaluate(ProfileValueChecker.java:101)
	at org.junit.runners.ParentRunner$3.evaluate(ParentRunner.java:306)
	at org.junit.runners.BlockJUnit4ClassRunner$1.evaluate(BlockJUnit4ClassRunner.java:100)
	at org.junit.runners.ParentRunner.runLeaf(ParentRunner.java:366)
	at org.junit.runners.BlockJUnit4ClassRunner.runChild(BlockJUnit4ClassRunner.java:103)
	at org.junit.runners.BlockJUnit4ClassRunner.runChild(BlockJUnit4ClassRunner.java:63)
	at org.junit.runners.ParentRunner$4.run(ParentRunner.java:331)
	at org.junit.runners.ParentRunner$1.schedule(ParentRunner.java:79)
	at org.junit.runners.ParentRunner.runChildren(ParentRunner.java:329)
	at org.junit.runners.ParentRunner.access$100(ParentRunner.java:66)
	at org.junit.runners.ParentRunner$2.evaluate(ParentRunner.java:293)
	at org.junit.runners.ParentRunner.run(ParentRunner.java:413)
	at org.junit.runners.Suite.runChild(Suite.java:128)
	at org.junit.runners.Suite.runChild(Suite.java:27)
	at org.junit.runners.ParentRunner$4.run(ParentRunner.java:331)
	at org.junit.runners.ParentRunner$1.schedule(ParentRunner.java:79)
	at org.junit.runners.ParentRunner.runChildren(ParentRunner.java:329)
	at org.junit.runners.ParentRunner.access$100(ParentRunner.java:66)
	at org.junit.runners.ParentRunner$2.evaluate(ParentRunner.java:293)
	at org.junit.internal.runners.statements.RunBefores.evaluate(RunBefores.java:26)
	at org.junit.internal.runners.statements.RunAfters.evaluate(RunAfters.java:27)
	at org.springframework.test.context.junit4.statements.RunBeforeTestClassCallbacks.evaluate(RunBeforeTestClassCallbacks.java:61)
	at org.springframework.test.context.junit4.statements.RunAfterTestClassCallbacks.evaluate(RunAfterTestClassCallbacks.java:70)
	at org.springframework.test.context.junit4.statements.ProfileValueChecker.evaluate(ProfileValueChecker.java:101)
	at org.springframework.test.context.junit4.rules.SpringClassRule$TestContextManagerCacheEvictor.evaluate(SpringClassRule.java:242)
	at org.junit.rules.RunRules.evaluate(RunRules.java:20)
	at org.junit.runners.ParentRunner$3.evaluate(ParentRunner.java:306)
	at org.junit.runners.ParentRunner.run(ParentRunner.java:413)
	at org.apache.maven.surefire.junit4.JUnit4Provider.execute(JUnit4Provider.java:316)
	at org.apache.maven.surefire.junit4.JUnit4Provider.executeWithRerun(JUnit4Provider.java:240)
	at org.apache.maven.surefire.junit4.JUnit4Provider.executeTestSet(JUnit4Provider.java:214)
	at org.apache.maven.surefire.junit4.JUnit4Provider.invoke(JUnit4Provider.java:155)
	at org.apache.maven.surefire.booter.ForkedBooter.runSuitesInProcess(ForkedBooter.java:385)
	at org.apache.maven.surefire.booter.ForkedBooter.execute(ForkedBooter.java:162)
	at org.apache.maven.surefire.booter.ForkedBooter.run(ForkedBooter.java:507)
	at org.apache.maven.surefire.booter.ForkedBooter.main(ForkedBooter.java:495)
Caused by: java.lang.IllegalStateException: org.hibernate.TransientPropertyValueException: object references an unsaved transient instance - save the transient instance before flushing: org.isf.medicalstock.model.Movement.lot -> org.isf.medicalstock.model.Lot
	at org.hibernate.ejb.AbstractEntityManagerImpl.convert(AbstractEntityManagerImpl.java:1384)
	at org.hibernate.ejb.AbstractEntityManagerImpl.convert(AbstractEntityManagerImpl.java:1310)
	at org.hibernate.ejb.QueryImpl.getSingleResult(QueryImpl.java:316)
	at org.springframework.data.jpa.repository.query.JpaQueryExecution$SingleEntityExecution.doExecute(JpaQueryExecution.java:210)
	at org.springframework.data.jpa.repository.query.JpaQueryExecution.execute(JpaQueryExecution.java:89)
	at org.springframework.data.jpa.repository.query.AbstractJpaQuery.doExecute(AbstractJpaQuery.java:126)
	at org.springframework.data.jpa.repository.query.AbstractJpaQuery.execute(AbstractJpaQuery.java:116)
	at org.springframework.data.repository.core.support.RepositoryFactorySupport$QueryExecutorMethodInterceptor.doInvoke(RepositoryFactorySupport.java:494)
	at org.springframework.data.repository.core.support.RepositoryFactorySupport$QueryExecutorMethodInterceptor.invoke(RepositoryFactorySupport.java:477)
	at org.springframework.aop.framework.ReflectiveMethodInvocation.proceed(ReflectiveMethodInvocation.java:179)
	at org.springframework.data.projection.DefaultMethodInvokingMethodInterceptor.invoke(DefaultMethodInvokingMethodInterceptor.java:56)
	at org.springframework.aop.framework.ReflectiveMethodInvocation.proceed(ReflectiveMethodInvocation.java:179)
	at org.springframework.transaction.interceptor.TransactionInterceptor$1.proceedWithInvocation(TransactionInterceptor.java:99)
	at org.springframework.transaction.interceptor.TransactionAspectSupport.invokeWithinTransaction(TransactionAspectSupport.java:283)
	at org.springframework.transaction.interceptor.TransactionInterceptor.invoke(TransactionInterceptor.java:96)
	at org.springframework.aop.framework.ReflectiveMethodInvocation.proceed(ReflectiveMethodInvocation.java:179)
	at org.springframework.dao.support.PersistenceExceptionTranslationInterceptor.invoke(PersistenceExceptionTranslationInterceptor.java:136)
	... 103 more
Caused by: org.hibernate.TransientPropertyValueException: object references an unsaved transient instance - save the transient instance before flushing: org.isf.medicalstock.model.Movement.lot -> org.isf.medicalstock.model.Lot
	at org.hibernate.engine.spi.CascadingAction$8.noCascade(CascadingAction.java:380)
	at org.hibernate.engine.internal.Cascade.cascade(Cascade.java:175)
	at org.hibernate.event.internal.AbstractFlushingEventListener.cascadeOnFlush(AbstractFlushingEventListener.java:165)
	at org.hibernate.event.internal.AbstractFlushingEventListener.prepareEntityFlushes(AbstractFlushingEventListener.java:156)
	at org.hibernate.event.internal.AbstractFlushingEventListener.flushEverythingToExecutions(AbstractFlushingEventListener.java:89)
	at org.hibernate.event.internal.DefaultAutoFlushEventListener.onAutoFlush(DefaultAutoFlushEventListener.java:61)
	at org.hibernate.internal.SessionImpl.autoFlushIfRequired(SessionImpl.java:1130)
	at org.hibernate.internal.SessionImpl.list(SessionImpl.java:1187)
	at org.hibernate.internal.QueryImpl.list(QueryImpl.java:101)
	at org.hibernate.ejb.QueryImpl.getSingleResult(QueryImpl.java:287)
	... 117 more
[05/jul/2024 13:43:28] [:] INFO - Rolled back transaction for test: [DefaultTestContext@329af9b1 testClass = Tests, testInstance = org.isf.medicalstock.test.Tests@723cdeee, testMethod = testMgrValidateLotCodeTooLong@Tests, testException = [null], mergedContextConfiguration = [MergedContextConfiguration@7535554e testClass = Tests, locations = '{classpath:applicationContext.xml, classpath:applicationContext.xml}', classes = '{}', contextInitializerClasses = '[]', activeProfiles = '{}', propertySourceLocations = '{}', propertySourceProperties = '{}', contextCustomizers = set[org.springframework.boot.test.context.filter.ExcludeFilterContextCustomizer@255b53dc, org.springframework.boot.test.json.DuplicateJsonObjectContextCustomizerFactory$DuplicateJsonObjectContextCustomizer@64d2d351, org.springframework.boot.test.mock.mockito.MockitoContextCustomizer@0, org.springframework.boot.test.autoconfigure.properties.PropertyMappingContextCustomizer@0, org.springframework.boot.test.autoconfigure.web.servlet.WebDriverContextCustomizerFactory$Customizer@52aa2946], contextLoader = 'org.springframework.test.context.support.DelegatingSmartContextLoader', parent = [null]]]
]]></system-out>
  </testcase>
  <testcase name="testIoNewAutomaticDischargingMovementLotQuantityLessMovementQuantity[Test with AUTOMATICLOT_IN=false, AUTOMATICLOT_OUT=false, AUTOMATICLOTWARD_TOWARD=false]" classname="org.isf.medicalstock.test.Tests" time="0.067">
    <system-out><![CDATA[[05/jul/2024 13:43:28] [:] INFO - Began transaction (1) for test context [DefaultTestContext@329af9b1 testClass = Tests, testInstance = org.isf.medicalstock.test.Tests@5295c2b4, testMethod = testIoNewAutomaticDischargingMovementLotQuantityLessMovementQuantity@Tests, testException = [null], mergedContextConfiguration = [MergedContextConfiguration@7535554e testClass = Tests, locations = '{classpath:applicationContext.xml, classpath:applicationContext.xml}', classes = '{}', contextInitializerClasses = '[]', activeProfiles = '{}', propertySourceLocations = '{}', propertySourceProperties = '{}', contextCustomizers = set[org.springframework.boot.test.context.filter.ExcludeFilterContextCustomizer@255b53dc, org.springframework.boot.test.json.DuplicateJsonObjectContextCustomizerFactory$DuplicateJsonObjectContextCustomizer@64d2d351, org.springframework.boot.test.mock.mockito.MockitoContextCustomizer@0, org.springframework.boot.test.autoconfigure.properties.PropertyMappingContextCustomizer@0, org.springframework.boot.test.autoconfigure.web.servlet.WebDriverContextCustomizerFactory$Customizer@52aa2946], contextLoader = 'org.springframework.test.context.support.DelegatingSmartContextLoader', parent = [null]]]; transaction manager [org.springframework.orm.jpa.JpaTransactionManager@4ece2750]; rollback [true]
[05/jul/2024 13:43:28] [:] INFO - Rolled back transaction for test: [DefaultTestContext@329af9b1 testClass = Tests, testInstance = org.isf.medicalstock.test.Tests@5295c2b4, testMethod = testIoNewAutomaticDischargingMovementLotQuantityLessMovementQuantity@Tests, testException = [null], mergedContextConfiguration = [MergedContextConfiguration@7535554e testClass = Tests, locations = '{classpath:applicationContext.xml, classpath:applicationContext.xml}', classes = '{}', contextInitializerClasses = '[]', activeProfiles = '{}', propertySourceLocations = '{}', propertySourceProperties = '{}', contextCustomizers = set[org.springframework.boot.test.context.filter.ExcludeFilterContextCustomizer@255b53dc, org.springframework.boot.test.json.DuplicateJsonObjectContextCustomizerFactory$DuplicateJsonObjectContextCustomizer@64d2d351, org.springframework.boot.test.mock.mockito.MockitoContextCustomizer@0, org.springframework.boot.test.autoconfigure.properties.PropertyMappingContextCustomizer@0, org.springframework.boot.test.autoconfigure.web.servlet.WebDriverContextCustomizerFactory$Customizer@52aa2946], contextLoader = 'org.springframework.test.context.support.DelegatingSmartContextLoader', parent = [null]]]
]]></system-out>
  </testcase>
  <testcase name="testIoNewMovementOutGoingLots[Test with AUTOMATICLOT_IN=false, AUTOMATICLOT_OUT=false, AUTOMATICLOTWARD_TOWARD=false]" classname="org.isf.medicalstock.test.Tests" time="0.028">
    <system-out><![CDATA[[05/jul/2024 13:43:28] [:] INFO - Began transaction (1) for test context [DefaultTestContext@329af9b1 testClass = Tests, testInstance = org.isf.medicalstock.test.Tests@6c4e7f9f, testMethod = testIoNewMovementOutGoingLots@Tests, testException = [null], mergedContextConfiguration = [MergedContextConfiguration@7535554e testClass = Tests, locations = '{classpath:applicationContext.xml, classpath:applicationContext.xml}', classes = '{}', contextInitializerClasses = '[]', activeProfiles = '{}', propertySourceLocations = '{}', propertySourceProperties = '{}', contextCustomizers = set[org.springframework.boot.test.context.filter.ExcludeFilterContextCustomizer@255b53dc, org.springframework.boot.test.json.DuplicateJsonObjectContextCustomizerFactory$DuplicateJsonObjectContextCustomizer@64d2d351, org.springframework.boot.test.mock.mockito.MockitoContextCustomizer@0, org.springframework.boot.test.autoconfigure.properties.PropertyMappingContextCustomizer@0, org.springframework.boot.test.autoconfigure.web.servlet.WebDriverContextCustomizerFactory$Customizer@52aa2946], contextLoader = 'org.springframework.test.context.support.DelegatingSmartContextLoader', parent = [null]]]; transaction manager [org.springframework.orm.jpa.JpaTransactionManager@4ece2750]; rollback [true]
[05/jul/2024 13:43:29] [:] INFO - Rolled back transaction for test: [DefaultTestContext@329af9b1 testClass = Tests, testInstance = org.isf.medicalstock.test.Tests@6c4e7f9f, testMethod = testIoNewMovementOutGoingLots@Tests, testException = [null], mergedContextConfiguration = [MergedContextConfiguration@7535554e testClass = Tests, locations = '{classpath:applicationContext.xml, classpath:applicationContext.xml}', classes = '{}', contextInitializerClasses = '[]', activeProfiles = '{}', propertySourceLocations = '{}', propertySourceProperties = '{}', contextCustomizers = set[org.springframework.boot.test.context.filter.ExcludeFilterContextCustomizer@255b53dc, org.springframework.boot.test.json.DuplicateJsonObjectContextCustomizerFactory$DuplicateJsonObjectContextCustomizer@64d2d351, org.springframework.boot.test.mock.mockito.MockitoContextCustomizer@0, org.springframework.boot.test.autoconfigure.properties.PropertyMappingContextCustomizer@0, org.springframework.boot.test.autoconfigure.web.servlet.WebDriverContextCustomizerFactory$Customizer@52aa2946], contextLoader = 'org.springframework.test.context.support.DelegatingSmartContextLoader', parent = [null]]]
]]></system-out>
  </testcase>
  <testcase name="testIoGetMedicalsFromLot[Test with AUTOMATICLOT_IN=false, AUTOMATICLOT_OUT=false, AUTOMATICLOTWARD_TOWARD=false]" classname="org.isf.medicalstock.test.Tests" time="0.03">
    <system-out><![CDATA[[05/jul/2024 13:43:29] [:] INFO - Began transaction (1) for test context [DefaultTestContext@329af9b1 testClass = Tests, testInstance = org.isf.medicalstock.test.Tests@7f44025a, testMethod = testIoGetMedicalsFromLot@Tests, testException = [null], mergedContextConfiguration = [MergedContextConfiguration@7535554e testClass = Tests, locations = '{classpath:applicationContext.xml, classpath:applicationContext.xml}', classes = '{}', contextInitializerClasses = '[]', activeProfiles = '{}', propertySourceLocations = '{}', propertySourceProperties = '{}', contextCustomizers = set[org.springframework.boot.test.context.filter.ExcludeFilterContextCustomizer@255b53dc, org.springframework.boot.test.json.DuplicateJsonObjectContextCustomizerFactory$DuplicateJsonObjectContextCustomizer@64d2d351, org.springframework.boot.test.mock.mockito.MockitoContextCustomizer@0, org.springframework.boot.test.autoconfigure.properties.PropertyMappingContextCustomizer@0, org.springframework.boot.test.autoconfigure.web.servlet.WebDriverContextCustomizerFactory$Customizer@52aa2946], contextLoader = 'org.springframework.test.context.support.DelegatingSmartContextLoader', parent = [null]]]; transaction manager [org.springframework.orm.jpa.JpaTransactionManager@4ece2750]; rollback [true]
[05/jul/2024 13:43:29] [:] INFO - Rolled back transaction for test: [DefaultTestContext@329af9b1 testClass = Tests, testInstance = org.isf.medicalstock.test.Tests@7f44025a, testMethod = testIoGetMedicalsFromLot@Tests, testException = [null], mergedContextConfiguration = [MergedContextConfiguration@7535554e testClass = Tests, locations = '{classpath:applicationContext.xml, classpath:applicationContext.xml}', classes = '{}', contextInitializerClasses = '[]', activeProfiles = '{}', propertySourceLocations = '{}', propertySourceProperties = '{}', contextCustomizers = set[org.springframework.boot.test.context.filter.ExcludeFilterContextCustomizer@255b53dc, org.springframework.boot.test.json.DuplicateJsonObjectContextCustomizerFactory$DuplicateJsonObjectContextCustomizer@64d2d351, org.springframework.boot.test.mock.mockito.MockitoContextCustomizer@0, org.springframework.boot.test.autoconfigure.properties.PropertyMappingContextCustomizer@0, org.springframework.boot.test.autoconfigure.web.servlet.WebDriverContextCustomizerFactory$Customizer@52aa2946], contextLoader = 'org.springframework.test.context.support.DelegatingSmartContextLoader', parent = [null]]]
]]></system-out>
  </testcase>
  <testcase name="testMgrGetMovementsWithParameters[Test with AUTOMATICLOT_IN=false, AUTOMATICLOT_OUT=false, AUTOMATICLOTWARD_TOWARD=false]" classname="org.isf.medicalstock.test.Tests" time="0.019">
    <system-out><![CDATA[[05/jul/2024 13:43:29] [:] INFO - Began transaction (1) for test context [DefaultTestContext@329af9b1 testClass = Tests, testInstance = org.isf.medicalstock.test.Tests@17268d3f, testMethod = testMgrGetMovementsWithParameters@Tests, testException = [null], mergedContextConfiguration = [MergedContextConfiguration@7535554e testClass = Tests, locations = '{classpath:applicationContext.xml, classpath:applicationContext.xml}', classes = '{}', contextInitializerClasses = '[]', activeProfiles = '{}', propertySourceLocations = '{}', propertySourceProperties = '{}', contextCustomizers = set[org.springframework.boot.test.context.filter.ExcludeFilterContextCustomizer@255b53dc, org.springframework.boot.test.json.DuplicateJsonObjectContextCustomizerFactory$DuplicateJsonObjectContextCustomizer@64d2d351, org.springframework.boot.test.mock.mockito.MockitoContextCustomizer@0, org.springframework.boot.test.autoconfigure.properties.PropertyMappingContextCustomizer@0, org.springframework.boot.test.autoconfigure.web.servlet.WebDriverContextCustomizerFactory$Customizer@52aa2946], contextLoader = 'org.springframework.test.context.support.DelegatingSmartContextLoader', parent = [null]]]; transaction manager [org.springframework.orm.jpa.JpaTransactionManager@4ece2750]; rollback [true]
[05/jul/2024 13:43:29] [:] INFO - Rolled back transaction for test: [DefaultTestContext@329af9b1 testClass = Tests, testInstance = org.isf.medicalstock.test.Tests@17268d3f, testMethod = testMgrGetMovementsWithParameters@Tests, testException = [null], mergedContextConfiguration = [MergedContextConfiguration@7535554e testClass = Tests, locations = '{classpath:applicationContext.xml, classpath:applicationContext.xml}', classes = '{}', contextInitializerClasses = '[]', activeProfiles = '{}', propertySourceLocations = '{}', propertySourceProperties = '{}', contextCustomizers = set[org.springframework.boot.test.context.filter.ExcludeFilterContextCustomizer@255b53dc, org.springframework.boot.test.json.DuplicateJsonObjectContextCustomizerFactory$DuplicateJsonObjectContextCustomizer@64d2d351, org.springframework.boot.test.mock.mockito.MockitoContextCustomizer@0, org.springframework.boot.test.autoconfigure.properties.PropertyMappingContextCustomizer@0, org.springframework.boot.test.autoconfigure.web.servlet.WebDriverContextCustomizerFactory$Customizer@52aa2946], contextLoader = 'org.springframework.test.context.support.DelegatingSmartContextLoader', parent = [null]]]
]]></system-out>
  </testcase>
  <testcase name="testMgrRefNoExists[Test with AUTOMATICLOT_IN=false, AUTOMATICLOT_OUT=false, AUTOMATICLOTWARD_TOWARD=false]" classname="org.isf.medicalstock.test.Tests" time="0.023">
    <system-out><![CDATA[[05/jul/2024 13:43:29] [:] INFO - Began transaction (1) for test context [DefaultTestContext@329af9b1 testClass = Tests, testInstance = org.isf.medicalstock.test.Tests@7137ee07, testMethod = testMgrRefNoExists@Tests, testException = [null], mergedContextConfiguration = [MergedContextConfiguration@7535554e testClass = Tests, locations = '{classpath:applicationContext.xml, classpath:applicationContext.xml}', classes = '{}', contextInitializerClasses = '[]', activeProfiles = '{}', propertySourceLocations = '{}', propertySourceProperties = '{}', contextCustomizers = set[org.springframework.boot.test.context.filter.ExcludeFilterContextCustomizer@255b53dc, org.springframework.boot.test.json.DuplicateJsonObjectContextCustomizerFactory$DuplicateJsonObjectContextCustomizer@64d2d351, org.springframework.boot.test.mock.mockito.MockitoContextCustomizer@0, org.springframework.boot.test.autoconfigure.properties.PropertyMappingContextCustomizer@0, org.springframework.boot.test.autoconfigure.web.servlet.WebDriverContextCustomizerFactory$Customizer@52aa2946], contextLoader = 'org.springframework.test.context.support.DelegatingSmartContextLoader', parent = [null]]]; transaction manager [org.springframework.orm.jpa.JpaTransactionManager@4ece2750]; rollback [true]
[05/jul/2024 13:43:29] [:] INFO - Rolled back transaction for test: [DefaultTestContext@329af9b1 testClass = Tests, testInstance = org.isf.medicalstock.test.Tests@7137ee07, testMethod = testMgrRefNoExists@Tests, testException = [null], mergedContextConfiguration = [MergedContextConfiguration@7535554e testClass = Tests, locations = '{classpath:applicationContext.xml, classpath:applicationContext.xml}', classes = '{}', contextInitializerClasses = '[]', activeProfiles = '{}', propertySourceLocations = '{}', propertySourceProperties = '{}', contextCustomizers = set[org.springframework.boot.test.context.filter.ExcludeFilterContextCustomizer@255b53dc, org.springframework.boot.test.json.DuplicateJsonObjectContextCustomizerFactory$DuplicateJsonObjectContextCustomizer@64d2d351, org.springframework.boot.test.mock.mockito.MockitoContextCustomizer@0, org.springframework.boot.test.autoconfigure.properties.PropertyMappingContextCustomizer@0, org.springframework.boot.test.autoconfigure.web.servlet.WebDriverContextCustomizerFactory$Customizer@52aa2946], contextLoader = 'org.springframework.test.context.support.DelegatingSmartContextLoader', parent = [null]]]
]]></system-out>
  </testcase>
  <testcase name="testMgrValidateMovementDateBeforeLastDate[Test with AUTOMATICLOT_IN=false, AUTOMATICLOT_OUT=false, AUTOMATICLOTWARD_TOWARD=false]" classname="org.isf.medicalstock.test.Tests" time="0.031">
    <system-out><![CDATA[[05/jul/2024 13:43:29] [:] INFO - Began transaction (1) for test context [DefaultTestContext@329af9b1 testClass = Tests, testInstance = org.isf.medicalstock.test.Tests@69126368, testMethod = testMgrValidateMovementDateBeforeLastDate@Tests, testException = [null], mergedContextConfiguration = [MergedContextConfiguration@7535554e testClass = Tests, locations = '{classpath:applicationContext.xml, classpath:applicationContext.xml}', classes = '{}', contextInitializerClasses = '[]', activeProfiles = '{}', propertySourceLocations = '{}', propertySourceProperties = '{}', contextCustomizers = set[org.springframework.boot.test.context.filter.ExcludeFilterContextCustomizer@255b53dc, org.springframework.boot.test.json.DuplicateJsonObjectContextCustomizerFactory$DuplicateJsonObjectContextCustomizer@64d2d351, org.springframework.boot.test.mock.mockito.MockitoContextCustomizer@0, org.springframework.boot.test.autoconfigure.properties.PropertyMappingContextCustomizer@0, org.springframework.boot.test.autoconfigure.web.servlet.WebDriverContextCustomizerFactory$Customizer@52aa2946], contextLoader = 'org.springframework.test.context.support.DelegatingSmartContextLoader', parent = [null]]]; transaction manager [org.springframework.orm.jpa.JpaTransactionManager@4ece2750]; rollback [true]
[05/jul/2024 13:43:29] [:] INFO - Rolled back transaction for test: [DefaultTestContext@329af9b1 testClass = Tests, testInstance = org.isf.medicalstock.test.Tests@69126368, testMethod = testMgrValidateMovementDateBeforeLastDate@Tests, testException = [null], mergedContextConfiguration = [MergedContextConfiguration@7535554e testClass = Tests, locations = '{classpath:applicationContext.xml, classpath:applicationContext.xml}', classes = '{}', contextInitializerClasses = '[]', activeProfiles = '{}', propertySourceLocations = '{}', propertySourceProperties = '{}', contextCustomizers = set[org.springframework.boot.test.context.filter.ExcludeFilterContextCustomizer@255b53dc, org.springframework.boot.test.json.DuplicateJsonObjectContextCustomizerFactory$DuplicateJsonObjectContextCustomizer@64d2d351, org.springframework.boot.test.mock.mockito.MockitoContextCustomizer@0, org.springframework.boot.test.autoconfigure.properties.PropertyMappingContextCustomizer@0, org.springframework.boot.test.autoconfigure.web.servlet.WebDriverContextCustomizerFactory$Customizer@52aa2946], contextLoader = 'org.springframework.test.context.support.DelegatingSmartContextLoader', parent = [null]]]
]]></system-out>
  </testcase>
  <testcase name="testMgrPrepareChargingMovementBadRefNumber[Test with AUTOMATICLOT_IN=false, AUTOMATICLOT_OUT=false, AUTOMATICLOTWARD_TOWARD=true]" classname="org.isf.medicalstock.test.Tests" time="0.026">
    <system-out><![CDATA[[05/jul/2024 13:43:29] [:] INFO - Began transaction (1) for test context [DefaultTestContext@329af9b1 testClass = Tests, testInstance = org.isf.medicalstock.test.Tests@443e662e, testMethod = testMgrPrepareChargingMovementBadRefNumber@Tests, testException = [null], mergedContextConfiguration = [MergedContextConfiguration@7535554e testClass = Tests, locations = '{classpath:applicationContext.xml, classpath:applicationContext.xml}', classes = '{}', contextInitializerClasses = '[]', activeProfiles = '{}', propertySourceLocations = '{}', propertySourceProperties = '{}', contextCustomizers = set[org.springframework.boot.test.context.filter.ExcludeFilterContextCustomizer@255b53dc, org.springframework.boot.test.json.DuplicateJsonObjectContextCustomizerFactory$DuplicateJsonObjectContextCustomizer@64d2d351, org.springframework.boot.test.mock.mockito.MockitoContextCustomizer@0, org.springframework.boot.test.autoconfigure.properties.PropertyMappingContextCustomizer@0, org.springframework.boot.test.autoconfigure.web.servlet.WebDriverContextCustomizerFactory$Customizer@52aa2946], contextLoader = 'org.springframework.test.context.support.DelegatingSmartContextLoader', parent = [null]]]; transaction manager [org.springframework.orm.jpa.JpaTransactionManager@4ece2750]; rollback [true]
[05/jul/2024 13:43:29] [:] INFO - Rolled back transaction for test: [DefaultTestContext@329af9b1 testClass = Tests, testInstance = org.isf.medicalstock.test.Tests@443e662e, testMethod = testMgrPrepareChargingMovementBadRefNumber@Tests, testException = [null], mergedContextConfiguration = [MergedContextConfiguration@7535554e testClass = Tests, locations = '{classpath:applicationContext.xml, classpath:applicationContext.xml}', classes = '{}', contextInitializerClasses = '[]', activeProfiles = '{}', propertySourceLocations = '{}', propertySourceProperties = '{}', contextCustomizers = set[org.springframework.boot.test.context.filter.ExcludeFilterContextCustomizer@255b53dc, org.springframework.boot.test.json.DuplicateJsonObjectContextCustomizerFactory$DuplicateJsonObjectContextCustomizer@64d2d351, org.springframework.boot.test.mock.mockito.MockitoContextCustomizer@0, org.springframework.boot.test.autoconfigure.properties.PropertyMappingContextCustomizer@0, org.springframework.boot.test.autoconfigure.web.servlet.WebDriverContextCustomizerFactory$Customizer@52aa2946], contextLoader = 'org.springframework.test.context.support.DelegatingSmartContextLoader', parent = [null]]]
]]></system-out>
  </testcase>
  <testcase name="testMgrValidateLotWithCostZero[Test with AUTOMATICLOT_IN=false, AUTOMATICLOT_OUT=false, AUTOMATICLOTWARD_TOWARD=true]" classname="org.isf.medicalstock.test.Tests" time="0.03">
    <system-out><![CDATA[[05/jul/2024 13:43:29] [:] INFO - Began transaction (1) for test context [DefaultTestContext@329af9b1 testClass = Tests, testInstance = org.isf.medicalstock.test.Tests@431afdac, testMethod = testMgrValidateLotWithCostZero@Tests, testException = [null], mergedContextConfiguration = [MergedContextConfiguration@7535554e testClass = Tests, locations = '{classpath:applicationContext.xml, classpath:applicationContext.xml}', classes = '{}', contextInitializerClasses = '[]', activeProfiles = '{}', propertySourceLocations = '{}', propertySourceProperties = '{}', contextCustomizers = set[org.springframework.boot.test.context.filter.ExcludeFilterContextCustomizer@255b53dc, org.springframework.boot.test.json.DuplicateJsonObjectContextCustomizerFactory$DuplicateJsonObjectContextCustomizer@64d2d351, org.springframework.boot.test.mock.mockito.MockitoContextCustomizer@0, org.springframework.boot.test.autoconfigure.properties.PropertyMappingContextCustomizer@0, org.springframework.boot.test.autoconfigure.web.servlet.WebDriverContextCustomizerFactory$Customizer@52aa2946], contextLoader = 'org.springframework.test.context.support.DelegatingSmartContextLoader', parent = [null]]]; transaction manager [org.springframework.orm.jpa.JpaTransactionManager@4ece2750]; rollback [true]
[05/jul/2024 13:43:29] [:] INFO - Rolled back transaction for test: [DefaultTestContext@329af9b1 testClass = Tests, testInstance = org.isf.medicalstock.test.Tests@431afdac, testMethod = testMgrValidateLotWithCostZero@Tests, testException = [null], mergedContextConfiguration = [MergedContextConfiguration@7535554e testClass = Tests, locations = '{classpath:applicationContext.xml, classpath:applicationContext.xml}', classes = '{}', contextInitializerClasses = '[]', activeProfiles = '{}', propertySourceLocations = '{}', propertySourceProperties = '{}', contextCustomizers = set[org.springframework.boot.test.context.filter.ExcludeFilterContextCustomizer@255b53dc, org.springframework.boot.test.json.DuplicateJsonObjectContextCustomizerFactory$DuplicateJsonObjectContextCustomizer@64d2d351, org.springframework.boot.test.mock.mockito.MockitoContextCustomizer@0, org.springframework.boot.test.autoconfigure.properties.PropertyMappingContextCustomizer@0, org.springframework.boot.test.autoconfigure.web.servlet.WebDriverContextCustomizerFactory$Customizer@52aa2946], contextLoader = 'org.springframework.test.context.support.DelegatingSmartContextLoader', parent = [null]]]
]]></system-out>
  </testcase>
  <testcase name="testMgrPrepareChargingMovement[Test with AUTOMATICLOT_IN=false, AUTOMATICLOT_OUT=false, AUTOMATICLOTWARD_TOWARD=true]" classname="org.isf.medicalstock.test.Tests" time="0.018">
    <system-out><![CDATA[[05/jul/2024 13:43:29] [:] INFO - Began transaction (1) for test context [DefaultTestContext@329af9b1 testClass = Tests, testInstance = org.isf.medicalstock.test.Tests@30e09990, testMethod = testMgrPrepareChargingMovement@Tests, testException = [null], mergedContextConfiguration = [MergedContextConfiguration@7535554e testClass = Tests, locations = '{classpath:applicationContext.xml, classpath:applicationContext.xml}', classes = '{}', contextInitializerClasses = '[]', activeProfiles = '{}', propertySourceLocations = '{}', propertySourceProperties = '{}', contextCustomizers = set[org.springframework.boot.test.context.filter.ExcludeFilterContextCustomizer@255b53dc, org.springframework.boot.test.json.DuplicateJsonObjectContextCustomizerFactory$DuplicateJsonObjectContextCustomizer@64d2d351, org.springframework.boot.test.mock.mockito.MockitoContextCustomizer@0, org.springframework.boot.test.autoconfigure.properties.PropertyMappingContextCustomizer@0, org.springframework.boot.test.autoconfigure.web.servlet.WebDriverContextCustomizerFactory$Customizer@52aa2946], contextLoader = 'org.springframework.test.context.support.DelegatingSmartContextLoader', parent = [null]]]; transaction manager [org.springframework.orm.jpa.JpaTransactionManager@4ece2750]; rollback [true]
[05/jul/2024 13:43:29] [:] INFO - Rolled back transaction for test: [DefaultTestContext@329af9b1 testClass = Tests, testInstance = org.isf.medicalstock.test.Tests@30e09990, testMethod = testMgrPrepareChargingMovement@Tests, testException = [null], mergedContextConfiguration = [MergedContextConfiguration@7535554e testClass = Tests, locations = '{classpath:applicationContext.xml, classpath:applicationContext.xml}', classes = '{}', contextInitializerClasses = '[]', activeProfiles = '{}', propertySourceLocations = '{}', propertySourceProperties = '{}', contextCustomizers = set[org.springframework.boot.test.context.filter.ExcludeFilterContextCustomizer@255b53dc, org.springframework.boot.test.json.DuplicateJsonObjectContextCustomizerFactory$DuplicateJsonObjectContextCustomizer@64d2d351, org.springframework.boot.test.mock.mockito.MockitoContextCustomizer@0, org.springframework.boot.test.autoconfigure.properties.PropertyMappingContextCustomizer@0, org.springframework.boot.test.autoconfigure.web.servlet.WebDriverContextCustomizerFactory$Customizer@52aa2946], contextLoader = 'org.springframework.test.context.support.DelegatingSmartContextLoader', parent = [null]]]
]]></system-out>
  </testcase>
  <testcase name="testMgrGetMovementsByReference[Test with AUTOMATICLOT_IN=false, AUTOMATICLOT_OUT=false, AUTOMATICLOTWARD_TOWARD=true]" classname="org.isf.medicalstock.test.Tests" time="0.018">
    <system-out><![CDATA[[05/jul/2024 13:43:29] [:] INFO - Began transaction (1) for test context [DefaultTestContext@329af9b1 testClass = Tests, testInstance = org.isf.medicalstock.test.Tests@aa5ae24, testMethod = testMgrGetMovementsByReference@Tests, testException = [null], mergedContextConfiguration = [MergedContextConfiguration@7535554e testClass = Tests, locations = '{classpath:applicationContext.xml, classpath:applicationContext.xml}', classes = '{}', contextInitializerClasses = '[]', activeProfiles = '{}', propertySourceLocations = '{}', propertySourceProperties = '{}', contextCustomizers = set[org.springframework.boot.test.context.filter.ExcludeFilterContextCustomizer@255b53dc, org.springframework.boot.test.json.DuplicateJsonObjectContextCustomizerFactory$DuplicateJsonObjectContextCustomizer@64d2d351, org.springframework.boot.test.mock.mockito.MockitoContextCustomizer@0, org.springframework.boot.test.autoconfigure.properties.PropertyMappingContextCustomizer@0, org.springframework.boot.test.autoconfigure.web.servlet.WebDriverContextCustomizerFactory$Customizer@52aa2946], contextLoader = 'org.springframework.test.context.support.DelegatingSmartContextLoader', parent = [null]]]; transaction manager [org.springframework.orm.jpa.JpaTransactionManager@4ece2750]; rollback [true]
[05/jul/2024 13:43:29] [:] INFO - Rolled back transaction for test: [DefaultTestContext@329af9b1 testClass = Tests, testInstance = org.isf.medicalstock.test.Tests@aa5ae24, testMethod = testMgrGetMovementsByReference@Tests, testException = [null], mergedContextConfiguration = [MergedContextConfiguration@7535554e testClass = Tests, locations = '{classpath:applicationContext.xml, classpath:applicationContext.xml}', classes = '{}', contextInitializerClasses = '[]', activeProfiles = '{}', propertySourceLocations = '{}', propertySourceProperties = '{}', contextCustomizers = set[org.springframework.boot.test.context.filter.ExcludeFilterContextCustomizer@255b53dc, org.springframework.boot.test.json.DuplicateJsonObjectContextCustomizerFactory$DuplicateJsonObjectContextCustomizer@64d2d351, org.springframework.boot.test.mock.mockito.MockitoContextCustomizer@0, org.springframework.boot.test.autoconfigure.properties.PropertyMappingContextCustomizer@0, org.springframework.boot.test.autoconfigure.web.servlet.WebDriverContextCustomizerFactory$Customizer@52aa2946], contextLoader = 'org.springframework.test.context.support.DelegatingSmartContextLoader', parent = [null]]]
]]></system-out>
  </testcase>
  <testcase name="testIoGetMovementsWihAllParameters[Test with AUTOMATICLOT_IN=false, AUTOMATICLOT_OUT=false, AUTOMATICLOTWARD_TOWARD=true]" classname="org.isf.medicalstock.test.Tests" time="0.014">
    <system-out><![CDATA[[05/jul/2024 13:43:29] [:] INFO - Began transaction (1) for test context [DefaultTestContext@329af9b1 testClass = Tests, testInstance = org.isf.medicalstock.test.Tests@44fd27f9, testMethod = testIoGetMovementsWihAllParameters@Tests, testException = [null], mergedContextConfiguration = [MergedContextConfiguration@7535554e testClass = Tests, locations = '{classpath:applicationContext.xml, classpath:applicationContext.xml}', classes = '{}', contextInitializerClasses = '[]', activeProfiles = '{}', propertySourceLocations = '{}', propertySourceProperties = '{}', contextCustomizers = set[org.springframework.boot.test.context.filter.ExcludeFilterContextCustomizer@255b53dc, org.springframework.boot.test.json.DuplicateJsonObjectContextCustomizerFactory$DuplicateJsonObjectContextCustomizer@64d2d351, org.springframework.boot.test.mock.mockito.MockitoContextCustomizer@0, org.springframework.boot.test.autoconfigure.properties.PropertyMappingContextCustomizer@0, org.springframework.boot.test.autoconfigure.web.servlet.WebDriverContextCustomizerFactory$Customizer@52aa2946], contextLoader = 'org.springframework.test.context.support.DelegatingSmartContextLoader', parent = [null]]]; transaction manager [org.springframework.orm.jpa.JpaTransactionManager@4ece2750]; rollback [true]
[05/jul/2024 13:43:29] [:] INFO - Rolled back transaction for test: [DefaultTestContext@329af9b1 testClass = Tests, testInstance = org.isf.medicalstock.test.Tests@44fd27f9, testMethod = testIoGetMovementsWihAllParameters@Tests, testException = [null], mergedContextConfiguration = [MergedContextConfiguration@7535554e testClass = Tests, locations = '{classpath:applicationContext.xml, classpath:applicationContext.xml}', classes = '{}', contextInitializerClasses = '[]', activeProfiles = '{}', propertySourceLocations = '{}', propertySourceProperties = '{}', contextCustomizers = set[org.springframework.boot.test.context.filter.ExcludeFilterContextCustomizer@255b53dc, org.springframework.boot.test.json.DuplicateJsonObjectContextCustomizerFactory$DuplicateJsonObjectContextCustomizer@64d2d351, org.springframework.boot.test.mock.mockito.MockitoContextCustomizer@0, org.springframework.boot.test.autoconfigure.properties.PropertyMappingContextCustomizer@0, org.springframework.boot.test.autoconfigure.web.servlet.WebDriverContextCustomizerFactory$Customizer@52aa2946], contextLoader = 'org.springframework.test.context.support.DelegatingSmartContextLoader', parent = [null]]]
]]></system-out>
  </testcase>
  <testcase name="testMgrAlertCriticalQuantityOverLimit[Test with AUTOMATICLOT_IN=false, AUTOMATICLOT_OUT=false, AUTOMATICLOTWARD_TOWARD=true]" classname="org.isf.medicalstock.test.Tests" time="0.02">
    <system-out><![CDATA[[05/jul/2024 13:43:29] [:] INFO - Began transaction (1) for test context [DefaultTestContext@329af9b1 testClass = Tests, testInstance = org.isf.medicalstock.test.Tests@6115b9dc, testMethod = testMgrAlertCriticalQuantityOverLimit@Tests, testException = [null], mergedContextConfiguration = [MergedContextConfiguration@7535554e testClass = Tests, locations = '{classpath:applicationContext.xml, classpath:applicationContext.xml}', classes = '{}', contextInitializerClasses = '[]', activeProfiles = '{}', propertySourceLocations = '{}', propertySourceProperties = '{}', contextCustomizers = set[org.springframework.boot.test.context.filter.ExcludeFilterContextCustomizer@255b53dc, org.springframework.boot.test.json.DuplicateJsonObjectContextCustomizerFactory$DuplicateJsonObjectContextCustomizer@64d2d351, org.springframework.boot.test.mock.mockito.MockitoContextCustomizer@0, org.springframework.boot.test.autoconfigure.properties.PropertyMappingContextCustomizer@0, org.springframework.boot.test.autoconfigure.web.servlet.WebDriverContextCustomizerFactory$Customizer@52aa2946], contextLoader = 'org.springframework.test.context.support.DelegatingSmartContextLoader', parent = [null]]]; transaction manager [org.springframework.orm.jpa.JpaTransactionManager@4ece2750]; rollback [true]
[05/jul/2024 13:43:29] [:] INFO - Rolled back transaction for test: [DefaultTestContext@329af9b1 testClass = Tests, testInstance = org.isf.medicalstock.test.Tests@6115b9dc, testMethod = testMgrAlertCriticalQuantityOverLimit@Tests, testException = [null], mergedContextConfiguration = [MergedContextConfiguration@7535554e testClass = Tests, locations = '{classpath:applicationContext.xml, classpath:applicationContext.xml}', classes = '{}', contextInitializerClasses = '[]', activeProfiles = '{}', propertySourceLocations = '{}', propertySourceProperties = '{}', contextCustomizers = set[org.springframework.boot.test.context.filter.ExcludeFilterContextCustomizer@255b53dc, org.springframework.boot.test.json.DuplicateJsonObjectContextCustomizerFactory$DuplicateJsonObjectContextCustomizer@64d2d351, org.springframework.boot.test.mock.mockito.MockitoContextCustomizer@0, org.springframework.boot.test.autoconfigure.properties.PropertyMappingContextCustomizer@0, org.springframework.boot.test.autoconfigure.web.servlet.WebDriverContextCustomizerFactory$Customizer@52aa2946], contextLoader = 'org.springframework.test.context.support.DelegatingSmartContextLoader', parent = [null]]]
]]></system-out>
  </testcase>
  <testcase name="testMgrAlertCriticalQuantityUnderLimit[Test with AUTOMATICLOT_IN=false, AUTOMATICLOT_OUT=false, AUTOMATICLOTWARD_TOWARD=true]" classname="org.isf.medicalstock.test.Tests" time="0.017">
    <system-out><![CDATA[[05/jul/2024 13:43:29] [:] INFO - Began transaction (1) for test context [DefaultTestContext@329af9b1 testClass = Tests, testInstance = org.isf.medicalstock.test.Tests@1f450e20, testMethod = testMgrAlertCriticalQuantityUnderLimit@Tests, testException = [null], mergedContextConfiguration = [MergedContextConfiguration@7535554e testClass = Tests, locations = '{classpath:applicationContext.xml, classpath:applicationContext.xml}', classes = '{}', contextInitializerClasses = '[]', activeProfiles = '{}', propertySourceLocations = '{}', propertySourceProperties = '{}', contextCustomizers = set[org.springframework.boot.test.context.filter.ExcludeFilterContextCustomizer@255b53dc, org.springframework.boot.test.json.DuplicateJsonObjectContextCustomizerFactory$DuplicateJsonObjectContextCustomizer@64d2d351, org.springframework.boot.test.mock.mockito.MockitoContextCustomizer@0, org.springframework.boot.test.autoconfigure.properties.PropertyMappingContextCustomizer@0, org.springframework.boot.test.autoconfigure.web.servlet.WebDriverContextCustomizerFactory$Customizer@52aa2946], contextLoader = 'org.springframework.test.context.support.DelegatingSmartContextLoader', parent = [null]]]; transaction manager [org.springframework.orm.jpa.JpaTransactionManager@4ece2750]; rollback [true]
[05/jul/2024 13:43:29] [:] INFO - Rolled back transaction for test: [DefaultTestContext@329af9b1 testClass = Tests, testInstance = org.isf.medicalstock.test.Tests@1f450e20, testMethod = testMgrAlertCriticalQuantityUnderLimit@Tests, testException = [null], mergedContextConfiguration = [MergedContextConfiguration@7535554e testClass = Tests, locations = '{classpath:applicationContext.xml, classpath:applicationContext.xml}', classes = '{}', contextInitializerClasses = '[]', activeProfiles = '{}', propertySourceLocations = '{}', propertySourceProperties = '{}', contextCustomizers = set[org.springframework.boot.test.context.filter.ExcludeFilterContextCustomizer@255b53dc, org.springframework.boot.test.json.DuplicateJsonObjectContextCustomizerFactory$DuplicateJsonObjectContextCustomizer@64d2d351, org.springframework.boot.test.mock.mockito.MockitoContextCustomizer@0, org.springframework.boot.test.autoconfigure.properties.PropertyMappingContextCustomizer@0, org.springframework.boot.test.autoconfigure.web.servlet.WebDriverContextCustomizerFactory$Customizer@52aa2946], contextLoader = 'org.springframework.test.context.support.DelegatingSmartContextLoader', parent = [null]]]
]]></system-out>
  </testcase>
  <testcase name="testIoNewMovementUpdateMedicalWardQuantityMedicalWardFound[Test with AUTOMATICLOT_IN=false, AUTOMATICLOT_OUT=false, AUTOMATICLOTWARD_TOWARD=true]" classname="org.isf.medicalstock.test.Tests" time="0.019">
    <system-out><![CDATA[[05/jul/2024 13:43:29] [:] INFO - Began transaction (1) for test context [DefaultTestContext@329af9b1 testClass = Tests, testInstance = org.isf.medicalstock.test.Tests@15641317, testMethod = testIoNewMovementUpdateMedicalWardQuantityMedicalWardFound@Tests, testException = [null], mergedContextConfiguration = [MergedContextConfiguration@7535554e testClass = Tests, locations = '{classpath:applicationContext.xml, classpath:applicationContext.xml}', classes = '{}', contextInitializerClasses = '[]', activeProfiles = '{}', propertySourceLocations = '{}', propertySourceProperties = '{}', contextCustomizers = set[org.springframework.boot.test.context.filter.ExcludeFilterContextCustomizer@255b53dc, org.springframework.boot.test.json.DuplicateJsonObjectContextCustomizerFactory$DuplicateJsonObjectContextCustomizer@64d2d351, org.springframework.boot.test.mock.mockito.MockitoContextCustomizer@0, org.springframework.boot.test.autoconfigure.properties.PropertyMappingContextCustomizer@0, org.springframework.boot.test.autoconfigure.web.servlet.WebDriverContextCustomizerFactory$Customizer@52aa2946], contextLoader = 'org.springframework.test.context.support.DelegatingSmartContextLoader', parent = [null]]]; transaction manager [org.springframework.orm.jpa.JpaTransactionManager@4ece2750]; rollback [true]
[05/jul/2024 13:43:29] [:] INFO - Rolled back transaction for test: [DefaultTestContext@329af9b1 testClass = Tests, testInstance = org.isf.medicalstock.test.Tests@15641317, testMethod = testIoNewMovementUpdateMedicalWardQuantityMedicalWardFound@Tests, testException = [null], mergedContextConfiguration = [MergedContextConfiguration@7535554e testClass = Tests, locations = '{classpath:applicationContext.xml, classpath:applicationContext.xml}', classes = '{}', contextInitializerClasses = '[]', activeProfiles = '{}', propertySourceLocations = '{}', propertySourceProperties = '{}', contextCustomizers = set[org.springframework.boot.test.context.filter.ExcludeFilterContextCustomizer@255b53dc, org.springframework.boot.test.json.DuplicateJsonObjectContextCustomizerFactory$DuplicateJsonObjectContextCustomizer@64d2d351, org.springframework.boot.test.mock.mockito.MockitoContextCustomizer@0, org.springframework.boot.test.autoconfigure.properties.PropertyMappingContextCustomizer@0, org.springframework.boot.test.autoconfigure.web.servlet.WebDriverContextCustomizerFactory$Customizer@52aa2946], contextLoader = 'org.springframework.test.context.support.DelegatingSmartContextLoader', parent = [null]]]
]]></system-out>
  </testcase>
  <testcase name="testMgrGetMovementsWihAllParametersNull[Test with AUTOMATICLOT_IN=false, AUTOMATICLOT_OUT=false, AUTOMATICLOTWARD_TOWARD=true]" classname="org.isf.medicalstock.test.Tests" time="0.015">
    <system-out><![CDATA[[05/jul/2024 13:43:29] [:] INFO - Began transaction (1) for test context [DefaultTestContext@329af9b1 testClass = Tests, testInstance = org.isf.medicalstock.test.Tests@1eaa0423, testMethod = testMgrGetMovementsWihAllParametersNull@Tests, testException = [null], mergedContextConfiguration = [MergedContextConfiguration@7535554e testClass = Tests, locations = '{classpath:applicationContext.xml, classpath:applicationContext.xml}', classes = '{}', contextInitializerClasses = '[]', activeProfiles = '{}', propertySourceLocations = '{}', propertySourceProperties = '{}', contextCustomizers = set[org.springframework.boot.test.context.filter.ExcludeFilterContextCustomizer@255b53dc, org.springframework.boot.test.json.DuplicateJsonObjectContextCustomizerFactory$DuplicateJsonObjectContextCustomizer@64d2d351, org.springframework.boot.test.mock.mockito.MockitoContextCustomizer@0, org.springframework.boot.test.autoconfigure.properties.PropertyMappingContextCustomizer@0, org.springframework.boot.test.autoconfigure.web.servlet.WebDriverContextCustomizerFactory$Customizer@52aa2946], contextLoader = 'org.springframework.test.context.support.DelegatingSmartContextLoader', parent = [null]]]; transaction manager [org.springframework.orm.jpa.JpaTransactionManager@4ece2750]; rollback [true]
[05/jul/2024 13:43:29] [:] INFO - Rolled back transaction for test: [DefaultTestContext@329af9b1 testClass = Tests, testInstance = org.isf.medicalstock.test.Tests@1eaa0423, testMethod = testMgrGetMovementsWihAllParametersNull@Tests, testException = [null], mergedContextConfiguration = [MergedContextConfiguration@7535554e testClass = Tests, locations = '{classpath:applicationContext.xml, classpath:applicationContext.xml}', classes = '{}', contextInitializerClasses = '[]', activeProfiles = '{}', propertySourceLocations = '{}', propertySourceProperties = '{}', contextCustomizers = set[org.springframework.boot.test.context.filter.ExcludeFilterContextCustomizer@255b53dc, org.springframework.boot.test.json.DuplicateJsonObjectContextCustomizerFactory$DuplicateJsonObjectContextCustomizer@64d2d351, org.springframework.boot.test.mock.mockito.MockitoContextCustomizer@0, org.springframework.boot.test.autoconfigure.properties.PropertyMappingContextCustomizer@0, org.springframework.boot.test.autoconfigure.web.servlet.WebDriverContextCustomizerFactory$Customizer@52aa2946], contextLoader = 'org.springframework.test.context.support.DelegatingSmartContextLoader', parent = [null]]]
]]></system-out>
  </testcase>
  <testcase name="testMgrGetMovements[Test with AUTOMATICLOT_IN=false, AUTOMATICLOT_OUT=false, AUTOMATICLOTWARD_TOWARD=true]" classname="org.isf.medicalstock.test.Tests" time="0.015">
    <system-out><![CDATA[[05/jul/2024 13:43:29] [:] INFO - Began transaction (1) for test context [DefaultTestContext@329af9b1 testClass = Tests, testInstance = org.isf.medicalstock.test.Tests@13ca950a, testMethod = testMgrGetMovements@Tests, testException = [null], mergedContextConfiguration = [MergedContextConfiguration@7535554e testClass = Tests, locations = '{classpath:applicationContext.xml, classpath:applicationContext.xml}', classes = '{}', contextInitializerClasses = '[]', activeProfiles = '{}', propertySourceLocations = '{}', propertySourceProperties = '{}', contextCustomizers = set[org.springframework.boot.test.context.filter.ExcludeFilterContextCustomizer@255b53dc, org.springframework.boot.test.json.DuplicateJsonObjectContextCustomizerFactory$DuplicateJsonObjectContextCustomizer@64d2d351, org.springframework.boot.test.mock.mockito.MockitoContextCustomizer@0, org.springframework.boot.test.autoconfigure.properties.PropertyMappingContextCustomizer@0, org.springframework.boot.test.autoconfigure.web.servlet.WebDriverContextCustomizerFactory$Customizer@52aa2946], contextLoader = 'org.springframework.test.context.support.DelegatingSmartContextLoader', parent = [null]]]; transaction manager [org.springframework.orm.jpa.JpaTransactionManager@4ece2750]; rollback [true]
[05/jul/2024 13:43:29] [:] INFO - Rolled back transaction for test: [DefaultTestContext@329af9b1 testClass = Tests, testInstance = org.isf.medicalstock.test.Tests@13ca950a, testMethod = testMgrGetMovements@Tests, testException = [null], mergedContextConfiguration = [MergedContextConfiguration@7535554e testClass = Tests, locations = '{classpath:applicationContext.xml, classpath:applicationContext.xml}', classes = '{}', contextInitializerClasses = '[]', activeProfiles = '{}', propertySourceLocations = '{}', propertySourceProperties = '{}', contextCustomizers = set[org.springframework.boot.test.context.filter.ExcludeFilterContextCustomizer@255b53dc, org.springframework.boot.test.json.DuplicateJsonObjectContextCustomizerFactory$DuplicateJsonObjectContextCustomizer@64d2d351, org.springframework.boot.test.mock.mockito.MockitoContextCustomizer@0, org.springframework.boot.test.autoconfigure.properties.PropertyMappingContextCustomizer@0, org.springframework.boot.test.autoconfigure.web.servlet.WebDriverContextCustomizerFactory$Customizer@52aa2946], contextLoader = 'org.springframework.test.context.support.DelegatingSmartContextLoader', parent = [null]]]
]]></system-out>
  </testcase>
  <testcase name="testIoPrepareDischargingMovement[Test with AUTOMATICLOT_IN=false, AUTOMATICLOT_OUT=false, AUTOMATICLOTWARD_TOWARD=true]" classname="org.isf.medicalstock.test.Tests" time="0.014">
    <system-out><![CDATA[[05/jul/2024 13:43:29] [:] INFO - Began transaction (1) for test context [DefaultTestContext@329af9b1 testClass = Tests, testInstance = org.isf.medicalstock.test.Tests@7c4efa1c, testMethod = testIoPrepareDischargingMovement@Tests, testException = [null], mergedContextConfiguration = [MergedContextConfiguration@7535554e testClass = Tests, locations = '{classpath:applicationContext.xml, classpath:applicationContext.xml}', classes = '{}', contextInitializerClasses = '[]', activeProfiles = '{}', propertySourceLocations = '{}', propertySourceProperties = '{}', contextCustomizers = set[org.springframework.boot.test.context.filter.ExcludeFilterContextCustomizer@255b53dc, org.springframework.boot.test.json.DuplicateJsonObjectContextCustomizerFactory$DuplicateJsonObjectContextCustomizer@64d2d351, org.springframework.boot.test.mock.mockito.MockitoContextCustomizer@0, org.springframework.boot.test.autoconfigure.properties.PropertyMappingContextCustomizer@0, org.springframework.boot.test.autoconfigure.web.servlet.WebDriverContextCustomizerFactory$Customizer@52aa2946], contextLoader = 'org.springframework.test.context.support.DelegatingSmartContextLoader', parent = [null]]]; transaction manager [org.springframework.orm.jpa.JpaTransactionManager@4ece2750]; rollback [true]
[05/jul/2024 13:43:29] [:] INFO - Rolled back transaction for test: [DefaultTestContext@329af9b1 testClass = Tests, testInstance = org.isf.medicalstock.test.Tests@7c4efa1c, testMethod = testIoPrepareDischargingMovement@Tests, testException = [null], mergedContextConfiguration = [MergedContextConfiguration@7535554e testClass = Tests, locations = '{classpath:applicationContext.xml, classpath:applicationContext.xml}', classes = '{}', contextInitializerClasses = '[]', activeProfiles = '{}', propertySourceLocations = '{}', propertySourceProperties = '{}', contextCustomizers = set[org.springframework.boot.test.context.filter.ExcludeFilterContextCustomizer@255b53dc, org.springframework.boot.test.json.DuplicateJsonObjectContextCustomizerFactory$DuplicateJsonObjectContextCustomizer@64d2d351, org.springframework.boot.test.mock.mockito.MockitoContextCustomizer@0, org.springframework.boot.test.autoconfigure.properties.PropertyMappingContextCustomizer@0, org.springframework.boot.test.autoconfigure.web.servlet.WebDriverContextCustomizerFactory$Customizer@52aa2946], contextLoader = 'org.springframework.test.context.support.DelegatingSmartContextLoader', parent = [null]]]
]]></system-out>
  </testcase>
  <testcase name="testMgrPrepareDischargingMovementIsAutomaticLotOut[Test with AUTOMATICLOT_IN=false, AUTOMATICLOT_OUT=false, AUTOMATICLOTWARD_TOWARD=true]" classname="org.isf.medicalstock.test.Tests" time="0.014">
    <system-out><![CDATA[[05/jul/2024 13:43:29] [:] INFO - Began transaction (1) for test context [DefaultTestContext@329af9b1 testClass = Tests, testInstance = org.isf.medicalstock.test.Tests@12d019df, testMethod = testMgrPrepareDischargingMovementIsAutomaticLotOut@Tests, testException = [null], mergedContextConfiguration = [MergedContextConfiguration@7535554e testClass = Tests, locations = '{classpath:applicationContext.xml, classpath:applicationContext.xml}', classes = '{}', contextInitializerClasses = '[]', activeProfiles = '{}', propertySourceLocations = '{}', propertySourceProperties = '{}', contextCustomizers = set[org.springframework.boot.test.context.filter.ExcludeFilterContextCustomizer@255b53dc, org.springframework.boot.test.json.DuplicateJsonObjectContextCustomizerFactory$DuplicateJsonObjectContextCustomizer@64d2d351, org.springframework.boot.test.mock.mockito.MockitoContextCustomizer@0, org.springframework.boot.test.autoconfigure.properties.PropertyMappingContextCustomizer@0, org.springframework.boot.test.autoconfigure.web.servlet.WebDriverContextCustomizerFactory$Customizer@52aa2946], contextLoader = 'org.springframework.test.context.support.DelegatingSmartContextLoader', parent = [null]]]; transaction manager [org.springframework.orm.jpa.JpaTransactionManager@4ece2750]; rollback [true]
[05/jul/2024 13:43:29] [:] INFO - Rolled back transaction for test: [DefaultTestContext@329af9b1 testClass = Tests, testInstance = org.isf.medicalstock.test.Tests@12d019df, testMethod = testMgrPrepareDischargingMovementIsAutomaticLotOut@Tests, testException = [null], mergedContextConfiguration = [MergedContextConfiguration@7535554e testClass = Tests, locations = '{classpath:applicationContext.xml, classpath:applicationContext.xml}', classes = '{}', contextInitializerClasses = '[]', activeProfiles = '{}', propertySourceLocations = '{}', propertySourceProperties = '{}', contextCustomizers = set[org.springframework.boot.test.context.filter.ExcludeFilterContextCustomizer@255b53dc, org.springframework.boot.test.json.DuplicateJsonObjectContextCustomizerFactory$DuplicateJsonObjectContextCustomizer@64d2d351, org.springframework.boot.test.mock.mockito.MockitoContextCustomizer@0, org.springframework.boot.test.autoconfigure.properties.PropertyMappingContextCustomizer@0, org.springframework.boot.test.autoconfigure.web.servlet.WebDriverContextCustomizerFactory$Customizer@52aa2946], contextLoader = 'org.springframework.test.context.support.DelegatingSmartContextLoader', parent = [null]]]
]]></system-out>
  </testcase>
  <testcase name="testMgrValidateLotRefersToAnotherMedical[Test with AUTOMATICLOT_IN=false, AUTOMATICLOT_OUT=false, AUTOMATICLOTWARD_TOWARD=true]" classname="org.isf.medicalstock.test.Tests" time="0.024">
    <system-out><![CDATA[[05/jul/2024 13:43:29] [:] INFO - Began transaction (1) for test context [DefaultTestContext@329af9b1 testClass = Tests, testInstance = org.isf.medicalstock.test.Tests@5e13b45c, testMethod = testMgrValidateLotRefersToAnotherMedical@Tests, testException = [null], mergedContextConfiguration = [MergedContextConfiguration@7535554e testClass = Tests, locations = '{classpath:applicationContext.xml, classpath:applicationContext.xml}', classes = '{}', contextInitializerClasses = '[]', activeProfiles = '{}', propertySourceLocations = '{}', propertySourceProperties = '{}', contextCustomizers = set[org.springframework.boot.test.context.filter.ExcludeFilterContextCustomizer@255b53dc, org.springframework.boot.test.json.DuplicateJsonObjectContextCustomizerFactory$DuplicateJsonObjectContextCustomizer@64d2d351, org.springframework.boot.test.mock.mockito.MockitoContextCustomizer@0, org.springframework.boot.test.autoconfigure.properties.PropertyMappingContextCustomizer@0, org.springframework.boot.test.autoconfigure.web.servlet.WebDriverContextCustomizerFactory$Customizer@52aa2946], contextLoader = 'org.springframework.test.context.support.DelegatingSmartContextLoader', parent = [null]]]; transaction manager [org.springframework.orm.jpa.JpaTransactionManager@4ece2750]; rollback [true]
[05/jul/2024 13:43:29] [:] ERROR - identifier of an instance of org.isf.medicals.model.Medical was altered from 2 to -99; nested exception is org.hibernate.HibernateException: identifier of an instance of org.isf.medicals.model.Medical was altered from 2 to -99
org.springframework.orm.jpa.JpaSystemException: identifier of an instance of org.isf.medicals.model.Medical was altered from 2 to -99; nested exception is org.hibernate.HibernateException: identifier of an instance of org.isf.medicals.model.Medical was altered from 2 to -99
	at org.springframework.orm.jpa.vendor.HibernateJpaDialect.convertHibernateAccessException(HibernateJpaDialect.java:333)
	at org.springframework.orm.jpa.vendor.HibernateJpaDialect.translateExceptionIfPossible(HibernateJpaDialect.java:244)
	at org.springframework.orm.jpa.AbstractEntityManagerFactoryBean.translateExceptionIfPossible(AbstractEntityManagerFactoryBean.java:525)
	at org.springframework.dao.support.ChainedPersistenceExceptionTranslator.translateExceptionIfPossible(ChainedPersistenceExceptionTranslator.java:59)
	at org.springframework.dao.support.DataAccessUtils.translateIfNecessary(DataAccessUtils.java:209)
	at org.springframework.dao.support.PersistenceExceptionTranslationInterceptor.invoke(PersistenceExceptionTranslationInterceptor.java:147)
	at org.springframework.aop.framework.ReflectiveMethodInvocation.proceed(ReflectiveMethodInvocation.java:179)
	at org.springframework.data.jpa.repository.support.CrudMethodMetadataPostProcessor$CrudMethodMetadataPopulatingMethodInterceptor.invoke(CrudMethodMetadataPostProcessor.java:140)
	at org.springframework.aop.framework.ReflectiveMethodInvocation.proceed(ReflectiveMethodInvocation.java:179)
	at org.springframework.data.jpa.repository.support.CrudMethodMetadataPostProcessor$ExposeRepositoryInvocationInterceptor.invoke(CrudMethodMetadataPostProcessor.java:347)
	at org.springframework.aop.framework.ReflectiveMethodInvocation.proceed(ReflectiveMethodInvocation.java:179)
	at org.springframework.aop.interceptor.ExposeInvocationInterceptor.invoke(ExposeInvocationInterceptor.java:92)
	at org.springframework.aop.framework.ReflectiveMethodInvocation.proceed(ReflectiveMethodInvocation.java:179)
	at org.springframework.data.repository.core.support.SurroundingTransactionDetectorMethodInterceptor.invoke(SurroundingTransactionDetectorMethodInterceptor.java:57)
	at org.springframework.aop.framework.ReflectiveMethodInvocation.proceed(ReflectiveMethodInvocation.java:179)
	at org.springframework.aop.framework.JdkDynamicAopProxy.invoke(JdkDynamicAopProxy.java:213)
	at com.sun.proxy.$Proxy109.findMaxDate(Unknown Source)
	at org.isf.medicalstock.service.MedicalStockIoOperations.getLastMovementDate(MedicalStockIoOperations.java:565)
	at org.isf.medicalstock.service.MedicalStockIoOperations$$FastClassBySpringCGLIB$$a00ee1bd.invoke(<generated>)
	at org.springframework.cglib.proxy.MethodProxy.invoke(MethodProxy.java:204)
	at org.springframework.aop.framework.CglibAopProxy$CglibMethodInvocation.invokeJoinpoint(CglibAopProxy.java:737)
	at org.springframework.aop.framework.ReflectiveMethodInvocation.proceed(ReflectiveMethodInvocation.java:157)
	at org.springframework.transaction.interceptor.TransactionInterceptor$1.proceedWithInvocation(TransactionInterceptor.java:99)
	at org.springframework.transaction.interceptor.TransactionAspectSupport.invokeWithinTransaction(TransactionAspectSupport.java:283)
	at org.springframework.transaction.interceptor.TransactionInterceptor.invoke(TransactionInterceptor.java:96)
	at org.springframework.aop.framework.ReflectiveMethodInvocation.proceed(ReflectiveMethodInvocation.java:179)
	at org.springframework.aop.interceptor.ExposeInvocationInterceptor.invoke(ExposeInvocationInterceptor.java:92)
	at org.springframework.aop.framework.ReflectiveMethodInvocation.proceed(ReflectiveMethodInvocation.java:179)
	at org.springframework.aop.aspectj.MethodInvocationProceedingJoinPoint.proceed(MethodInvocationProceedingJoinPoint.java:84)
	at org.isf.utils.db.OHServiceExceptionTranslator.translateSqlExceptionToOHServiceException(OHServiceExceptionTranslator.java:55)
	at sun.reflect.GeneratedMethodAccessor67.invoke(Unknown Source)
	at sun.reflect.DelegatingMethodAccessorImpl.invoke(DelegatingMethodAccessorImpl.java:43)
	at java.lang.reflect.Method.invoke(Method.java:498)
	at org.springframework.aop.aspectj.AbstractAspectJAdvice.invokeAdviceMethodWithGivenArgs(AbstractAspectJAdvice.java:627)
	at org.springframework.aop.aspectj.AbstractAspectJAdvice.invokeAdviceMethod(AbstractAspectJAdvice.java:616)
	at org.springframework.aop.aspectj.AspectJAroundAdvice.invoke(AspectJAroundAdvice.java:70)
	at org.springframework.aop.framework.ReflectiveMethodInvocation.proceed(ReflectiveMethodInvocation.java:179)
	at org.springframework.aop.framework.CglibAopProxy$DynamicAdvisedInterceptor.intercept(CglibAopProxy.java:672)
	at org.isf.medicalstock.service.MedicalStockIoOperations$$EnhancerBySpringCGLIB$$36e028cc.getLastMovementDate(<generated>)
	at org.isf.medicalstock.manager.MovStockInsertingManager.getLastMovementDate(MovStockInsertingManager.java:278)
	at org.isf.medicalstock.manager.MovStockInsertingManager.validateMovement(MovStockInsertingManager.java:68)
	at org.isf.medicalstock.manager.MovStockInsertingManager.prepareChargingMovement(MovStockInsertingManager.java:349)
	at org.isf.medicalstock.manager.MovStockInsertingManager.newMultipleChargingMovements(MovStockInsertingManager.java:326)
	at org.isf.medicalstock.manager.MovStockInsertingManager$$FastClassBySpringCGLIB$$2a8b6bd4.invoke(<generated>)
	at org.springframework.cglib.proxy.MethodProxy.invoke(MethodProxy.java:204)
	at org.springframework.aop.framework.CglibAopProxy$CglibMethodInvocation.invokeJoinpoint(CglibAopProxy.java:737)
	at org.springframework.aop.framework.ReflectiveMethodInvocation.proceed(ReflectiveMethodInvocation.java:157)
	at org.springframework.transaction.interceptor.TransactionInterceptor$1.proceedWithInvocation(TransactionInterceptor.java:99)
	at org.springframework.transaction.interceptor.TransactionAspectSupport.invokeWithinTransaction(TransactionAspectSupport.java:283)
	at org.springframework.transaction.interceptor.TransactionInterceptor.invoke(TransactionInterceptor.java:96)
	at org.springframework.aop.framework.ReflectiveMethodInvocation.proceed(ReflectiveMethodInvocation.java:179)
	at org.springframework.aop.framework.CglibAopProxy$DynamicAdvisedInterceptor.intercept(CglibAopProxy.java:672)
	at org.isf.medicalstock.manager.MovStockInsertingManager$$EnhancerBySpringCGLIB$$ef6ee236.newMultipleChargingMovements(<generated>)
	at org.isf.medicalstock.test.Tests.lambda$25(Tests.java:904)
	at org.assertj.core.api.ThrowableAssert.catchThrowable(ThrowableAssert.java:62)
	at org.assertj.core.api.AssertionsForClassTypes.catchThrowable(AssertionsForClassTypes.java:877)
	at org.assertj.core.api.Assertions.catchThrowable(Assertions.java:1336)
	at org.assertj.core.api.Assertions.assertThatThrownBy(Assertions.java:1181)
	at org.isf.medicalstock.test.Tests.testMgrValidateLotRefersToAnotherMedical(Tests.java:897)
	at sun.reflect.NativeMethodAccessorImpl.invoke0(Native Method)
	at sun.reflect.NativeMethodAccessorImpl.invoke(NativeMethodAccessorImpl.java:62)
	at sun.reflect.DelegatingMethodAccessorImpl.invoke(DelegatingMethodAccessorImpl.java:43)
	at java.lang.reflect.Method.invoke(Method.java:498)
	at org.junit.runners.model.FrameworkMethod$1.runReflectiveCall(FrameworkMethod.java:59)
	at org.junit.internal.runners.model.ReflectiveCallable.run(ReflectiveCallable.java:12)
	at org.junit.runners.model.FrameworkMethod.invokeExplosively(FrameworkMethod.java:56)
	at org.junit.internal.runners.statements.InvokeMethod.evaluate(InvokeMethod.java:17)
	at org.junit.internal.runners.statements.RunBefores.evaluate(RunBefores.java:26)
	at org.springframework.test.context.junit4.statements.RunBeforeTestMethodCallbacks.evaluate(RunBeforeTestMethodCallbacks.java:75)
	at org.springframework.test.context.junit4.statements.RunAfterTestMethodCallbacks.evaluate(RunAfterTestMethodCallbacks.java:86)
	at org.springframework.test.context.junit4.statements.RunPrepareTestInstanceCallbacks.evaluate(RunPrepareTestInstanceCallbacks.java:64)
	at org.springframework.test.context.junit4.statements.SpringRepeat.evaluate(SpringRepeat.java:84)
	at org.springframework.test.context.junit4.statements.SpringFailOnTimeout.evaluate(SpringFailOnTimeout.java:87)
	at org.springframework.test.context.junit4.statements.ProfileValueChecker.evaluate(ProfileValueChecker.java:101)
	at org.junit.runners.ParentRunner$3.evaluate(ParentRunner.java:306)
	at org.junit.runners.BlockJUnit4ClassRunner$1.evaluate(BlockJUnit4ClassRunner.java:100)
	at org.junit.runners.ParentRunner.runLeaf(ParentRunner.java:366)
	at org.junit.runners.BlockJUnit4ClassRunner.runChild(BlockJUnit4ClassRunner.java:103)
	at org.junit.runners.BlockJUnit4ClassRunner.runChild(BlockJUnit4ClassRunner.java:63)
	at org.junit.runners.ParentRunner$4.run(ParentRunner.java:331)
	at org.junit.runners.ParentRunner$1.schedule(ParentRunner.java:79)
	at org.junit.runners.ParentRunner.runChildren(ParentRunner.java:329)
	at org.junit.runners.ParentRunner.access$100(ParentRunner.java:66)
	at org.junit.runners.ParentRunner$2.evaluate(ParentRunner.java:293)
	at org.junit.runners.ParentRunner.run(ParentRunner.java:413)
	at org.junit.runners.Suite.runChild(Suite.java:128)
	at org.junit.runners.Suite.runChild(Suite.java:27)
	at org.junit.runners.ParentRunner$4.run(ParentRunner.java:331)
	at org.junit.runners.ParentRunner$1.schedule(ParentRunner.java:79)
	at org.junit.runners.ParentRunner.runChildren(ParentRunner.java:329)
	at org.junit.runners.ParentRunner.access$100(ParentRunner.java:66)
	at org.junit.runners.ParentRunner$2.evaluate(ParentRunner.java:293)
	at org.junit.internal.runners.statements.RunBefores.evaluate(RunBefores.java:26)
	at org.junit.internal.runners.statements.RunAfters.evaluate(RunAfters.java:27)
	at org.springframework.test.context.junit4.statements.RunBeforeTestClassCallbacks.evaluate(RunBeforeTestClassCallbacks.java:61)
	at org.springframework.test.context.junit4.statements.RunAfterTestClassCallbacks.evaluate(RunAfterTestClassCallbacks.java:70)
	at org.springframework.test.context.junit4.statements.ProfileValueChecker.evaluate(ProfileValueChecker.java:101)
	at org.springframework.test.context.junit4.rules.SpringClassRule$TestContextManagerCacheEvictor.evaluate(SpringClassRule.java:242)
	at org.junit.rules.RunRules.evaluate(RunRules.java:20)
	at org.junit.runners.ParentRunner$3.evaluate(ParentRunner.java:306)
	at org.junit.runners.ParentRunner.run(ParentRunner.java:413)
	at org.apache.maven.surefire.junit4.JUnit4Provider.execute(JUnit4Provider.java:316)
	at org.apache.maven.surefire.junit4.JUnit4Provider.executeWithRerun(JUnit4Provider.java:240)
	at org.apache.maven.surefire.junit4.JUnit4Provider.executeTestSet(JUnit4Provider.java:214)
	at org.apache.maven.surefire.junit4.JUnit4Provider.invoke(JUnit4Provider.java:155)
	at org.apache.maven.surefire.booter.ForkedBooter.runSuitesInProcess(ForkedBooter.java:385)
	at org.apache.maven.surefire.booter.ForkedBooter.execute(ForkedBooter.java:162)
	at org.apache.maven.surefire.booter.ForkedBooter.run(ForkedBooter.java:507)
	at org.apache.maven.surefire.booter.ForkedBooter.main(ForkedBooter.java:495)
Caused by: org.hibernate.HibernateException: identifier of an instance of org.isf.medicals.model.Medical was altered from 2 to -99
	at org.hibernate.event.internal.DefaultFlushEntityEventListener.checkId(DefaultFlushEntityEventListener.java:83)
	at org.hibernate.event.internal.DefaultFlushEntityEventListener.getValues(DefaultFlushEntityEventListener.java:195)
	at org.hibernate.event.internal.DefaultFlushEntityEventListener.onFlushEntity(DefaultFlushEntityEventListener.java:157)
	at org.hibernate.event.internal.AbstractFlushingEventListener.flushEntities(AbstractFlushingEventListener.java:230)
	at org.hibernate.event.internal.AbstractFlushingEventListener.flushEverythingToExecutions(AbstractFlushingEventListener.java:100)
	at org.hibernate.event.internal.DefaultAutoFlushEventListener.onAutoFlush(DefaultAutoFlushEventListener.java:61)
	at org.hibernate.internal.SessionImpl.autoFlushIfRequired(SessionImpl.java:1130)
	at org.hibernate.internal.SessionImpl.list(SessionImpl.java:1187)
	at org.hibernate.internal.QueryImpl.list(QueryImpl.java:101)
	at org.hibernate.ejb.QueryImpl.getSingleResult(QueryImpl.java:287)
	at org.springframework.data.jpa.repository.query.JpaQueryExecution$SingleEntityExecution.doExecute(JpaQueryExecution.java:210)
	at org.springframework.data.jpa.repository.query.JpaQueryExecution.execute(JpaQueryExecution.java:89)
	at org.springframework.data.jpa.repository.query.AbstractJpaQuery.doExecute(AbstractJpaQuery.java:126)
	at org.springframework.data.jpa.repository.query.AbstractJpaQuery.execute(AbstractJpaQuery.java:116)
	at org.springframework.data.repository.core.support.RepositoryFactorySupport$QueryExecutorMethodInterceptor.doInvoke(RepositoryFactorySupport.java:494)
	at org.springframework.data.repository.core.support.RepositoryFactorySupport$QueryExecutorMethodInterceptor.invoke(RepositoryFactorySupport.java:477)
	at org.springframework.aop.framework.ReflectiveMethodInvocation.proceed(ReflectiveMethodInvocation.java:179)
	at org.springframework.data.projection.DefaultMethodInvokingMethodInterceptor.invoke(DefaultMethodInvokingMethodInterceptor.java:56)
	at org.springframework.aop.framework.ReflectiveMethodInvocation.proceed(ReflectiveMethodInvocation.java:179)
	at org.springframework.transaction.interceptor.TransactionInterceptor$1.proceedWithInvocation(TransactionInterceptor.java:99)
	at org.springframework.transaction.interceptor.TransactionAspectSupport.invokeWithinTransaction(TransactionAspectSupport.java:283)
	at org.springframework.transaction.interceptor.TransactionInterceptor.invoke(TransactionInterceptor.java:96)
	at org.springframework.aop.framework.ReflectiveMethodInvocation.proceed(ReflectiveMethodInvocation.java:179)
	at org.springframework.dao.support.PersistenceExceptionTranslationInterceptor.invoke(PersistenceExceptionTranslationInterceptor.java:136)
	... 103 more
[05/jul/2024 13:43:29] [:] INFO - Rolled back transaction for test: [DefaultTestContext@329af9b1 testClass = Tests, testInstance = org.isf.medicalstock.test.Tests@5e13b45c, testMethod = testMgrValidateLotRefersToAnotherMedical@Tests, testException = [null], mergedContextConfiguration = [MergedContextConfiguration@7535554e testClass = Tests, locations = '{classpath:applicationContext.xml, classpath:applicationContext.xml}', classes = '{}', contextInitializerClasses = '[]', activeProfiles = '{}', propertySourceLocations = '{}', propertySourceProperties = '{}', contextCustomizers = set[org.springframework.boot.test.context.filter.ExcludeFilterContextCustomizer@255b53dc, org.springframework.boot.test.json.DuplicateJsonObjectContextCustomizerFactory$DuplicateJsonObjectContextCustomizer@64d2d351, org.springframework.boot.test.mock.mockito.MockitoContextCustomizer@0, org.springframework.boot.test.autoconfigure.properties.PropertyMappingContextCustomizer@0, org.springframework.boot.test.autoconfigure.web.servlet.WebDriverContextCustomizerFactory$Customizer@52aa2946], contextLoader = 'org.springframework.test.context.support.DelegatingSmartContextLoader', parent = [null]]]
]]></system-out>
  </testcase>
  <testcase name="testMgrValidateLotDueDateNull[Test with AUTOMATICLOT_IN=false, AUTOMATICLOT_OUT=false, AUTOMATICLOTWARD_TOWARD=true]" classname="org.isf.medicalstock.test.Tests" time="0.027">
    <system-out><![CDATA[[05/jul/2024 13:43:29] [:] INFO - Began transaction (1) for test context [DefaultTestContext@329af9b1 testClass = Tests, testInstance = org.isf.medicalstock.test.Tests@3668a4bf, testMethod = testMgrValidateLotDueDateNull@Tests, testException = [null], mergedContextConfiguration = [MergedContextConfiguration@7535554e testClass = Tests, locations = '{classpath:applicationContext.xml, classpath:applicationContext.xml}', classes = '{}', contextInitializerClasses = '[]', activeProfiles = '{}', propertySourceLocations = '{}', propertySourceProperties = '{}', contextCustomizers = set[org.springframework.boot.test.context.filter.ExcludeFilterContextCustomizer@255b53dc, org.springframework.boot.test.json.DuplicateJsonObjectContextCustomizerFactory$DuplicateJsonObjectContextCustomizer@64d2d351, org.springframework.boot.test.mock.mockito.MockitoContextCustomizer@0, org.springframework.boot.test.autoconfigure.properties.PropertyMappingContextCustomizer@0, org.springframework.boot.test.autoconfigure.web.servlet.WebDriverContextCustomizerFactory$Customizer@52aa2946], contextLoader = 'org.springframework.test.context.support.DelegatingSmartContextLoader', parent = [null]]]; transaction manager [org.springframework.orm.jpa.JpaTransactionManager@4ece2750]; rollback [true]
[05/jul/2024 13:43:29] [:] INFO - Rolled back transaction for test: [DefaultTestContext@329af9b1 testClass = Tests, testInstance = org.isf.medicalstock.test.Tests@3668a4bf, testMethod = testMgrValidateLotDueDateNull@Tests, testException = [null], mergedContextConfiguration = [MergedContextConfiguration@7535554e testClass = Tests, locations = '{classpath:applicationContext.xml, classpath:applicationContext.xml}', classes = '{}', contextInitializerClasses = '[]', activeProfiles = '{}', propertySourceLocations = '{}', propertySourceProperties = '{}', contextCustomizers = set[org.springframework.boot.test.context.filter.ExcludeFilterContextCustomizer@255b53dc, org.springframework.boot.test.json.DuplicateJsonObjectContextCustomizerFactory$DuplicateJsonObjectContextCustomizer@64d2d351, org.springframework.boot.test.mock.mockito.MockitoContextCustomizer@0, org.springframework.boot.test.autoconfigure.properties.PropertyMappingContextCustomizer@0, org.springframework.boot.test.autoconfigure.web.servlet.WebDriverContextCustomizerFactory$Customizer@52aa2946], contextLoader = 'org.springframework.test.context.support.DelegatingSmartContextLoader', parent = [null]]]
]]></system-out>
  </testcase>
  <testcase name="testMgrGetLotsByMedicalNull[Test with AUTOMATICLOT_IN=false, AUTOMATICLOT_OUT=false, AUTOMATICLOTWARD_TOWARD=true]" classname="org.isf.medicalstock.test.Tests" time="0.011">
    <system-out><![CDATA[[05/jul/2024 13:43:29] [:] INFO - Began transaction (1) for test context [DefaultTestContext@329af9b1 testClass = Tests, testInstance = org.isf.medicalstock.test.Tests@4c88dba3, testMethod = testMgrGetLotsByMedicalNull@Tests, testException = [null], mergedContextConfiguration = [MergedContextConfiguration@7535554e testClass = Tests, locations = '{classpath:applicationContext.xml, classpath:applicationContext.xml}', classes = '{}', contextInitializerClasses = '[]', activeProfiles = '{}', propertySourceLocations = '{}', propertySourceProperties = '{}', contextCustomizers = set[org.springframework.boot.test.context.filter.ExcludeFilterContextCustomizer@255b53dc, org.springframework.boot.test.json.DuplicateJsonObjectContextCustomizerFactory$DuplicateJsonObjectContextCustomizer@64d2d351, org.springframework.boot.test.mock.mockito.MockitoContextCustomizer@0, org.springframework.boot.test.autoconfigure.properties.PropertyMappingContextCustomizer@0, org.springframework.boot.test.autoconfigure.web.servlet.WebDriverContextCustomizerFactory$Customizer@52aa2946], contextLoader = 'org.springframework.test.context.support.DelegatingSmartContextLoader', parent = [null]]]; transaction manager [org.springframework.orm.jpa.JpaTransactionManager@4ece2750]; rollback [true]
[05/jul/2024 13:43:29] [:] INFO - Rolled back transaction for test: [DefaultTestContext@329af9b1 testClass = Tests, testInstance = org.isf.medicalstock.test.Tests@4c88dba3, testMethod = testMgrGetLotsByMedicalNull@Tests, testException = [null], mergedContextConfiguration = [MergedContextConfiguration@7535554e testClass = Tests, locations = '{classpath:applicationContext.xml, classpath:applicationContext.xml}', classes = '{}', contextInitializerClasses = '[]', activeProfiles = '{}', propertySourceLocations = '{}', propertySourceProperties = '{}', contextCustomizers = set[org.springframework.boot.test.context.filter.ExcludeFilterContextCustomizer@255b53dc, org.springframework.boot.test.json.DuplicateJsonObjectContextCustomizerFactory$DuplicateJsonObjectContextCustomizer@64d2d351, org.springframework.boot.test.mock.mockito.MockitoContextCustomizer@0, org.springframework.boot.test.autoconfigure.properties.PropertyMappingContextCustomizer@0, org.springframework.boot.test.autoconfigure.web.servlet.WebDriverContextCustomizerFactory$Customizer@52aa2946], contextLoader = 'org.springframework.test.context.support.DelegatingSmartContextLoader', parent = [null]]]
]]></system-out>
  </testcase>
  <testcase name="testIoNewAutomaticDischargingMovementDifferentLots[Test with AUTOMATICLOT_IN=false, AUTOMATICLOT_OUT=false, AUTOMATICLOTWARD_TOWARD=true]" classname="org.isf.medicalstock.test.Tests" time="0.039">
    <system-out><![CDATA[[05/jul/2024 13:43:29] [:] INFO - Began transaction (1) for test context [DefaultTestContext@329af9b1 testClass = Tests, testInstance = org.isf.medicalstock.test.Tests@59b69570, testMethod = testIoNewAutomaticDischargingMovementDifferentLots@Tests, testException = [null], mergedContextConfiguration = [MergedContextConfiguration@7535554e testClass = Tests, locations = '{classpath:applicationContext.xml, classpath:applicationContext.xml}', classes = '{}', contextInitializerClasses = '[]', activeProfiles = '{}', propertySourceLocations = '{}', propertySourceProperties = '{}', contextCustomizers = set[org.springframework.boot.test.context.filter.ExcludeFilterContextCustomizer@255b53dc, org.springframework.boot.test.json.DuplicateJsonObjectContextCustomizerFactory$DuplicateJsonObjectContextCustomizer@64d2d351, org.springframework.boot.test.mock.mockito.MockitoContextCustomizer@0, org.springframework.boot.test.autoconfigure.properties.PropertyMappingContextCustomizer@0, org.springframework.boot.test.autoconfigure.web.servlet.WebDriverContextCustomizerFactory$Customizer@52aa2946], contextLoader = 'org.springframework.test.context.support.DelegatingSmartContextLoader', parent = [null]]]; transaction manager [org.springframework.orm.jpa.JpaTransactionManager@4ece2750]; rollback [true]
[05/jul/2024 13:43:29] [:] INFO - Rolled back transaction for test: [DefaultTestContext@329af9b1 testClass = Tests, testInstance = org.isf.medicalstock.test.Tests@59b69570, testMethod = testIoNewAutomaticDischargingMovementDifferentLots@Tests, testException = [null], mergedContextConfiguration = [MergedContextConfiguration@7535554e testClass = Tests, locations = '{classpath:applicationContext.xml, classpath:applicationContext.xml}', classes = '{}', contextInitializerClasses = '[]', activeProfiles = '{}', propertySourceLocations = '{}', propertySourceProperties = '{}', contextCustomizers = set[org.springframework.boot.test.context.filter.ExcludeFilterContextCustomizer@255b53dc, org.springframework.boot.test.json.DuplicateJsonObjectContextCustomizerFactory$DuplicateJsonObjectContextCustomizer@64d2d351, org.springframework.boot.test.mock.mockito.MockitoContextCustomizer@0, org.springframework.boot.test.autoconfigure.properties.PropertyMappingContextCustomizer@0, org.springframework.boot.test.autoconfigure.web.servlet.WebDriverContextCustomizerFactory$Customizer@52aa2946], contextLoader = 'org.springframework.test.context.support.DelegatingSmartContextLoader', parent = [null]]]
]]></system-out>
  </testcase>
  <testcase name="testIoNewMovementOutGoingLotsWardNull[Test with AUTOMATICLOT_IN=false, AUTOMATICLOT_OUT=false, AUTOMATICLOTWARD_TOWARD=true]" classname="org.isf.medicalstock.test.Tests" time="0.01">
    <system-out><![CDATA[[05/jul/2024 13:43:29] [:] INFO - Began transaction (1) for test context [DefaultTestContext@329af9b1 testClass = Tests, testInstance = org.isf.medicalstock.test.Tests@69c7e63f, testMethod = testIoNewMovementOutGoingLotsWardNull@Tests, testException = [null], mergedContextConfiguration = [MergedContextConfiguration@7535554e testClass = Tests, locations = '{classpath:applicationContext.xml, classpath:applicationContext.xml}', classes = '{}', contextInitializerClasses = '[]', activeProfiles = '{}', propertySourceLocations = '{}', propertySourceProperties = '{}', contextCustomizers = set[org.springframework.boot.test.context.filter.ExcludeFilterContextCustomizer@255b53dc, org.springframework.boot.test.json.DuplicateJsonObjectContextCustomizerFactory$DuplicateJsonObjectContextCustomizer@64d2d351, org.springframework.boot.test.mock.mockito.MockitoContextCustomizer@0, org.springframework.boot.test.autoconfigure.properties.PropertyMappingContextCustomizer@0, org.springframework.boot.test.autoconfigure.web.servlet.WebDriverContextCustomizerFactory$Customizer@52aa2946], contextLoader = 'org.springframework.test.context.support.DelegatingSmartContextLoader', parent = [null]]]; transaction manager [org.springframework.orm.jpa.JpaTransactionManager@4ece2750]; rollback [true]
[05/jul/2024 13:43:29] [:] INFO - Rolled back transaction for test: [DefaultTestContext@329af9b1 testClass = Tests, testInstance = org.isf.medicalstock.test.Tests@69c7e63f, testMethod = testIoNewMovementOutGoingLotsWardNull@Tests, testException = [null], mergedContextConfiguration = [MergedContextConfiguration@7535554e testClass = Tests, locations = '{classpath:applicationContext.xml, classpath:applicationContext.xml}', classes = '{}', contextInitializerClasses = '[]', activeProfiles = '{}', propertySourceLocations = '{}', propertySourceProperties = '{}', contextCustomizers = set[org.springframework.boot.test.context.filter.ExcludeFilterContextCustomizer@255b53dc, org.springframework.boot.test.json.DuplicateJsonObjectContextCustomizerFactory$DuplicateJsonObjectContextCustomizer@64d2d351, org.springframework.boot.test.mock.mockito.MockitoContextCustomizer@0, org.springframework.boot.test.autoconfigure.properties.PropertyMappingContextCustomizer@0, org.springframework.boot.test.autoconfigure.web.servlet.WebDriverContextCustomizerFactory$Customizer@52aa2946], contextLoader = 'org.springframework.test.context.support.DelegatingSmartContextLoader', parent = [null]]]
]]></system-out>
  </testcase>
  <testcase name="testIoGetMovementsWithParameters[Test with AUTOMATICLOT_IN=false, AUTOMATICLOT_OUT=false, AUTOMATICLOTWARD_TOWARD=true]" classname="org.isf.medicalstock.test.Tests" time="0.016">
    <system-out><![CDATA[[05/jul/2024 13:43:29] [:] INFO - Began transaction (1) for test context [DefaultTestContext@329af9b1 testClass = Tests, testInstance = org.isf.medicalstock.test.Tests@4960e397, testMethod = testIoGetMovementsWithParameters@Tests, testException = [null], mergedContextConfiguration = [MergedContextConfiguration@7535554e testClass = Tests, locations = '{classpath:applicationContext.xml, classpath:applicationContext.xml}', classes = '{}', contextInitializerClasses = '[]', activeProfiles = '{}', propertySourceLocations = '{}', propertySourceProperties = '{}', contextCustomizers = set[org.springframework.boot.test.context.filter.ExcludeFilterContextCustomizer@255b53dc, org.springframework.boot.test.json.DuplicateJsonObjectContextCustomizerFactory$DuplicateJsonObjectContextCustomizer@64d2d351, org.springframework.boot.test.mock.mockito.MockitoContextCustomizer@0, org.springframework.boot.test.autoconfigure.properties.PropertyMappingContextCustomizer@0, org.springframework.boot.test.autoconfigure.web.servlet.WebDriverContextCustomizerFactory$Customizer@52aa2946], contextLoader = 'org.springframework.test.context.support.DelegatingSmartContextLoader', parent = [null]]]; transaction manager [org.springframework.orm.jpa.JpaTransactionManager@4ece2750]; rollback [true]
[05/jul/2024 13:43:29] [:] INFO - Rolled back transaction for test: [DefaultTestContext@329af9b1 testClass = Tests, testInstance = org.isf.medicalstock.test.Tests@4960e397, testMethod = testIoGetMovementsWithParameters@Tests, testException = [null], mergedContextConfiguration = [MergedContextConfiguration@7535554e testClass = Tests, locations = '{classpath:applicationContext.xml, classpath:applicationContext.xml}', classes = '{}', contextInitializerClasses = '[]', activeProfiles = '{}', propertySourceLocations = '{}', propertySourceProperties = '{}', contextCustomizers = set[org.springframework.boot.test.context.filter.ExcludeFilterContextCustomizer@255b53dc, org.springframework.boot.test.json.DuplicateJsonObjectContextCustomizerFactory$DuplicateJsonObjectContextCustomizer@64d2d351, org.springframework.boot.test.mock.mockito.MockitoContextCustomizer@0, org.springframework.boot.test.autoconfigure.properties.PropertyMappingContextCustomizer@0, org.springframework.boot.test.autoconfigure.web.servlet.WebDriverContextCustomizerFactory$Customizer@52aa2946], contextLoader = 'org.springframework.test.context.support.DelegatingSmartContextLoader', parent = [null]]]
]]></system-out>
  </testcase>
  <testcase name="testMgrGetMovementsCheckMovParameters[Test with AUTOMATICLOT_IN=false, AUTOMATICLOT_OUT=false, AUTOMATICLOTWARD_TOWARD=true]" classname="org.isf.medicalstock.test.Tests" time="0.012">
    <system-out><![CDATA[[05/jul/2024 13:43:29] [:] INFO - Began transaction (1) for test context [DefaultTestContext@329af9b1 testClass = Tests, testInstance = org.isf.medicalstock.test.Tests@225aee92, testMethod = testMgrGetMovementsCheckMovParameters@Tests, testException = [null], mergedContextConfiguration = [MergedContextConfiguration@7535554e testClass = Tests, locations = '{classpath:applicationContext.xml, classpath:applicationContext.xml}', classes = '{}', contextInitializerClasses = '[]', activeProfiles = '{}', propertySourceLocations = '{}', propertySourceProperties = '{}', contextCustomizers = set[org.springframework.boot.test.context.filter.ExcludeFilterContextCustomizer@255b53dc, org.springframework.boot.test.json.DuplicateJsonObjectContextCustomizerFactory$DuplicateJsonObjectContextCustomizer@64d2d351, org.springframework.boot.test.mock.mockito.MockitoContextCustomizer@0, org.springframework.boot.test.autoconfigure.properties.PropertyMappingContextCustomizer@0, org.springframework.boot.test.autoconfigure.web.servlet.WebDriverContextCustomizerFactory$Customizer@52aa2946], contextLoader = 'org.springframework.test.context.support.DelegatingSmartContextLoader', parent = [null]]]; transaction manager [org.springframework.orm.jpa.JpaTransactionManager@4ece2750]; rollback [true]
[05/jul/2024 13:43:29] [:] INFO - Rolled back transaction for test: [DefaultTestContext@329af9b1 testClass = Tests, testInstance = org.isf.medicalstock.test.Tests@225aee92, testMethod = testMgrGetMovementsCheckMovParameters@Tests, testException = [null], mergedContextConfiguration = [MergedContextConfiguration@7535554e testClass = Tests, locations = '{classpath:applicationContext.xml, classpath:applicationContext.xml}', classes = '{}', contextInitializerClasses = '[]', activeProfiles = '{}', propertySourceLocations = '{}', propertySourceProperties = '{}', contextCustomizers = set[org.springframework.boot.test.context.filter.ExcludeFilterContextCustomizer@255b53dc, org.springframework.boot.test.json.DuplicateJsonObjectContextCustomizerFactory$DuplicateJsonObjectContextCustomizer@64d2d351, org.springframework.boot.test.mock.mockito.MockitoContextCustomizer@0, org.springframework.boot.test.autoconfigure.properties.PropertyMappingContextCustomizer@0, org.springframework.boot.test.autoconfigure.web.servlet.WebDriverContextCustomizerFactory$Customizer@52aa2946], contextLoader = 'org.springframework.test.context.support.DelegatingSmartContextLoader', parent = [null]]]
]]></system-out>
  </testcase>
  <testcase name="testIoGetMovementForPrintDateOrder[Test with AUTOMATICLOT_IN=false, AUTOMATICLOT_OUT=false, AUTOMATICLOTWARD_TOWARD=true]" classname="org.isf.medicalstock.test.Tests" time="0.018">
    <system-out><![CDATA[[05/jul/2024 13:43:29] [:] INFO - Began transaction (1) for test context [DefaultTestContext@329af9b1 testClass = Tests, testInstance = org.isf.medicalstock.test.Tests@192debcf, testMethod = testIoGetMovementForPrintDateOrder@Tests, testException = [null], mergedContextConfiguration = [MergedContextConfiguration@7535554e testClass = Tests, locations = '{classpath:applicationContext.xml, classpath:applicationContext.xml}', classes = '{}', contextInitializerClasses = '[]', activeProfiles = '{}', propertySourceLocations = '{}', propertySourceProperties = '{}', contextCustomizers = set[org.springframework.boot.test.context.filter.ExcludeFilterContextCustomizer@255b53dc, org.springframework.boot.test.json.DuplicateJsonObjectContextCustomizerFactory$DuplicateJsonObjectContextCustomizer@64d2d351, org.springframework.boot.test.mock.mockito.MockitoContextCustomizer@0, org.springframework.boot.test.autoconfigure.properties.PropertyMappingContextCustomizer@0, org.springframework.boot.test.autoconfigure.web.servlet.WebDriverContextCustomizerFactory$Customizer@52aa2946], contextLoader = 'org.springframework.test.context.support.DelegatingSmartContextLoader', parent = [null]]]; transaction manager [org.springframework.orm.jpa.JpaTransactionManager@4ece2750]; rollback [true]
[05/jul/2024 13:43:29] [:] INFO - Rolled back transaction for test: [DefaultTestContext@329af9b1 testClass = Tests, testInstance = org.isf.medicalstock.test.Tests@192debcf, testMethod = testIoGetMovementForPrintDateOrder@Tests, testException = [null], mergedContextConfiguration = [MergedContextConfiguration@7535554e testClass = Tests, locations = '{classpath:applicationContext.xml, classpath:applicationContext.xml}', classes = '{}', contextInitializerClasses = '[]', activeProfiles = '{}', propertySourceLocations = '{}', propertySourceProperties = '{}', contextCustomizers = set[org.springframework.boot.test.context.filter.ExcludeFilterContextCustomizer@255b53dc, org.springframework.boot.test.json.DuplicateJsonObjectContextCustomizerFactory$DuplicateJsonObjectContextCustomizer@64d2d351, org.springframework.boot.test.mock.mockito.MockitoContextCustomizer@0, org.springframework.boot.test.autoconfigure.properties.PropertyMappingContextCustomizer@0, org.springframework.boot.test.autoconfigure.web.servlet.WebDriverContextCustomizerFactory$Customizer@52aa2946], contextLoader = 'org.springframework.test.context.support.DelegatingSmartContextLoader', parent = [null]]]
]]></system-out>
  </testcase>
  <testcase name="testMovementToString[Test with AUTOMATICLOT_IN=false, AUTOMATICLOT_OUT=false, AUTOMATICLOTWARD_TOWARD=true]" classname="org.isf.medicalstock.test.Tests" time="0.015">
    <system-out><![CDATA[[05/jul/2024 13:43:29] [:] INFO - Began transaction (1) for test context [DefaultTestContext@329af9b1 testClass = Tests, testInstance = org.isf.medicalstock.test.Tests@78fcfc42, testMethod = testMovementToString@Tests, testException = [null], mergedContextConfiguration = [MergedContextConfiguration@7535554e testClass = Tests, locations = '{classpath:applicationContext.xml, classpath:applicationContext.xml}', classes = '{}', contextInitializerClasses = '[]', activeProfiles = '{}', propertySourceLocations = '{}', propertySourceProperties = '{}', contextCustomizers = set[org.springframework.boot.test.context.filter.ExcludeFilterContextCustomizer@255b53dc, org.springframework.boot.test.json.DuplicateJsonObjectContextCustomizerFactory$DuplicateJsonObjectContextCustomizer@64d2d351, org.springframework.boot.test.mock.mockito.MockitoContextCustomizer@0, org.springframework.boot.test.autoconfigure.properties.PropertyMappingContextCustomizer@0, org.springframework.boot.test.autoconfigure.web.servlet.WebDriverContextCustomizerFactory$Customizer@52aa2946], contextLoader = 'org.springframework.test.context.support.DelegatingSmartContextLoader', parent = [null]]]; transaction manager [org.springframework.orm.jpa.JpaTransactionManager@4ece2750]; rollback [true]
[05/jul/2024 13:43:29] [:] INFO - Rolled back transaction for test: [DefaultTestContext@329af9b1 testClass = Tests, testInstance = org.isf.medicalstock.test.Tests@78fcfc42, testMethod = testMovementToString@Tests, testException = [null], mergedContextConfiguration = [MergedContextConfiguration@7535554e testClass = Tests, locations = '{classpath:applicationContext.xml, classpath:applicationContext.xml}', classes = '{}', contextInitializerClasses = '[]', activeProfiles = '{}', propertySourceLocations = '{}', propertySourceProperties = '{}', contextCustomizers = set[org.springframework.boot.test.context.filter.ExcludeFilterContextCustomizer@255b53dc, org.springframework.boot.test.json.DuplicateJsonObjectContextCustomizerFactory$DuplicateJsonObjectContextCustomizer@64d2d351, org.springframework.boot.test.mock.mockito.MockitoContextCustomizer@0, org.springframework.boot.test.autoconfigure.properties.PropertyMappingContextCustomizer@0, org.springframework.boot.test.autoconfigure.web.servlet.WebDriverContextCustomizerFactory$Customizer@52aa2946], contextLoader = 'org.springframework.test.context.support.DelegatingSmartContextLoader', parent = [null]]]
]]></system-out>
  </testcase>
  <testcase name="testMgrGetMovementsCheckLotPrepParameters[Test with AUTOMATICLOT_IN=false, AUTOMATICLOT_OUT=false, AUTOMATICLOTWARD_TOWARD=true]" classname="org.isf.medicalstock.test.Tests" time="0.015">
    <system-out><![CDATA[[05/jul/2024 13:43:29] [:] INFO - Began transaction (1) for test context [DefaultTestContext@329af9b1 testClass = Tests, testInstance = org.isf.medicalstock.test.Tests@55478b65, testMethod = testMgrGetMovementsCheckLotPrepParameters@Tests, testException = [null], mergedContextConfiguration = [MergedContextConfiguration@7535554e testClass = Tests, locations = '{classpath:applicationContext.xml, classpath:applicationContext.xml}', classes = '{}', contextInitializerClasses = '[]', activeProfiles = '{}', propertySourceLocations = '{}', propertySourceProperties = '{}', contextCustomizers = set[org.springframework.boot.test.context.filter.ExcludeFilterContextCustomizer@255b53dc, org.springframework.boot.test.json.DuplicateJsonObjectContextCustomizerFactory$DuplicateJsonObjectContextCustomizer@64d2d351, org.springframework.boot.test.mock.mockito.MockitoContextCustomizer@0, org.springframework.boot.test.autoconfigure.properties.PropertyMappingContextCustomizer@0, org.springframework.boot.test.autoconfigure.web.servlet.WebDriverContextCustomizerFactory$Customizer@52aa2946], contextLoader = 'org.springframework.test.context.support.DelegatingSmartContextLoader', parent = [null]]]; transaction manager [org.springframework.orm.jpa.JpaTransactionManager@4ece2750]; rollback [true]
[05/jul/2024 13:43:29] [:] INFO - Rolled back transaction for test: [DefaultTestContext@329af9b1 testClass = Tests, testInstance = org.isf.medicalstock.test.Tests@55478b65, testMethod = testMgrGetMovementsCheckLotPrepParameters@Tests, testException = [null], mergedContextConfiguration = [MergedContextConfiguration@7535554e testClass = Tests, locations = '{classpath:applicationContext.xml, classpath:applicationContext.xml}', classes = '{}', contextInitializerClasses = '[]', activeProfiles = '{}', propertySourceLocations = '{}', propertySourceProperties = '{}', contextCustomizers = set[org.springframework.boot.test.context.filter.ExcludeFilterContextCustomizer@255b53dc, org.springframework.boot.test.json.DuplicateJsonObjectContextCustomizerFactory$DuplicateJsonObjectContextCustomizer@64d2d351, org.springframework.boot.test.mock.mockito.MockitoContextCustomizer@0, org.springframework.boot.test.autoconfigure.properties.PropertyMappingContextCustomizer@0, org.springframework.boot.test.autoconfigure.web.servlet.WebDriverContextCustomizerFactory$Customizer@52aa2946], contextLoader = 'org.springframework.test.context.support.DelegatingSmartContextLoader', parent = [null]]]
]]></system-out>
  </testcase>
  <testcase name="testMgrValidateNullMovementType[Test with AUTOMATICLOT_IN=false, AUTOMATICLOT_OUT=false, AUTOMATICLOTWARD_TOWARD=true]" classname="org.isf.medicalstock.test.Tests" time="0.016">
    <system-out><![CDATA[[05/jul/2024 13:43:29] [:] INFO - Began transaction (1) for test context [DefaultTestContext@329af9b1 testClass = Tests, testInstance = org.isf.medicalstock.test.Tests@30b2b4b6, testMethod = testMgrValidateNullMovementType@Tests, testException = [null], mergedContextConfiguration = [MergedContextConfiguration@7535554e testClass = Tests, locations = '{classpath:applicationContext.xml, classpath:applicationContext.xml}', classes = '{}', contextInitializerClasses = '[]', activeProfiles = '{}', propertySourceLocations = '{}', propertySourceProperties = '{}', contextCustomizers = set[org.springframework.boot.test.context.filter.ExcludeFilterContextCustomizer@255b53dc, org.springframework.boot.test.json.DuplicateJsonObjectContextCustomizerFactory$DuplicateJsonObjectContextCustomizer@64d2d351, org.springframework.boot.test.mock.mockito.MockitoContextCustomizer@0, org.springframework.boot.test.autoconfigure.properties.PropertyMappingContextCustomizer@0, org.springframework.boot.test.autoconfigure.web.servlet.WebDriverContextCustomizerFactory$Customizer@52aa2946], contextLoader = 'org.springframework.test.context.support.DelegatingSmartContextLoader', parent = [null]]]; transaction manager [org.springframework.orm.jpa.JpaTransactionManager@4ece2750]; rollback [true]
[05/jul/2024 13:43:29] [:] INFO - Rolled back transaction for test: [DefaultTestContext@329af9b1 testClass = Tests, testInstance = org.isf.medicalstock.test.Tests@30b2b4b6, testMethod = testMgrValidateNullMovementType@Tests, testException = [null], mergedContextConfiguration = [MergedContextConfiguration@7535554e testClass = Tests, locations = '{classpath:applicationContext.xml, classpath:applicationContext.xml}', classes = '{}', contextInitializerClasses = '[]', activeProfiles = '{}', propertySourceLocations = '{}', propertySourceProperties = '{}', contextCustomizers = set[org.springframework.boot.test.context.filter.ExcludeFilterContextCustomizer@255b53dc, org.springframework.boot.test.json.DuplicateJsonObjectContextCustomizerFactory$DuplicateJsonObjectContextCustomizer@64d2d351, org.springframework.boot.test.mock.mockito.MockitoContextCustomizer@0, org.springframework.boot.test.autoconfigure.properties.PropertyMappingContextCustomizer@0, org.springframework.boot.test.autoconfigure.web.servlet.WebDriverContextCustomizerFactory$Customizer@52aa2946], contextLoader = 'org.springframework.test.context.support.DelegatingSmartContextLoader', parent = [null]]]
]]></system-out>
  </testcase>
  <testcase name="testMgrGetMovementsCheckLotDueParameters[Test with AUTOMATICLOT_IN=false, AUTOMATICLOT_OUT=false, AUTOMATICLOTWARD_TOWARD=true]" classname="org.isf.medicalstock.test.Tests" time="0.017">
    <system-out><![CDATA[[05/jul/2024 13:43:29] [:] INFO - Began transaction (1) for test context [DefaultTestContext@329af9b1 testClass = Tests, testInstance = org.isf.medicalstock.test.Tests@1f6e0d, testMethod = testMgrGetMovementsCheckLotDueParameters@Tests, testException = [null], mergedContextConfiguration = [MergedContextConfiguration@7535554e testClass = Tests, locations = '{classpath:applicationContext.xml, classpath:applicationContext.xml}', classes = '{}', contextInitializerClasses = '[]', activeProfiles = '{}', propertySourceLocations = '{}', propertySourceProperties = '{}', contextCustomizers = set[org.springframework.boot.test.context.filter.ExcludeFilterContextCustomizer@255b53dc, org.springframework.boot.test.json.DuplicateJsonObjectContextCustomizerFactory$DuplicateJsonObjectContextCustomizer@64d2d351, org.springframework.boot.test.mock.mockito.MockitoContextCustomizer@0, org.springframework.boot.test.autoconfigure.properties.PropertyMappingContextCustomizer@0, org.springframework.boot.test.autoconfigure.web.servlet.WebDriverContextCustomizerFactory$Customizer@52aa2946], contextLoader = 'org.springframework.test.context.support.DelegatingSmartContextLoader', parent = [null]]]; transaction manager [org.springframework.orm.jpa.JpaTransactionManager@4ece2750]; rollback [true]
[05/jul/2024 13:43:29] [:] INFO - Rolled back transaction for test: [DefaultTestContext@329af9b1 testClass = Tests, testInstance = org.isf.medicalstock.test.Tests@1f6e0d, testMethod = testMgrGetMovementsCheckLotDueParameters@Tests, testException = [null], mergedContextConfiguration = [MergedContextConfiguration@7535554e testClass = Tests, locations = '{classpath:applicationContext.xml, classpath:applicationContext.xml}', classes = '{}', contextInitializerClasses = '[]', activeProfiles = '{}', propertySourceLocations = '{}', propertySourceProperties = '{}', contextCustomizers = set[org.springframework.boot.test.context.filter.ExcludeFilterContextCustomizer@255b53dc, org.springframework.boot.test.json.DuplicateJsonObjectContextCustomizerFactory$DuplicateJsonObjectContextCustomizer@64d2d351, org.springframework.boot.test.mock.mockito.MockitoContextCustomizer@0, org.springframework.boot.test.autoconfigure.properties.PropertyMappingContextCustomizer@0, org.springframework.boot.test.autoconfigure.web.servlet.WebDriverContextCustomizerFactory$Customizer@52aa2946], contextLoader = 'org.springframework.test.context.support.DelegatingSmartContextLoader', parent = [null]]]
]]></system-out>
  </testcase>
  <testcase name="testLotHashCode[Test with AUTOMATICLOT_IN=false, AUTOMATICLOT_OUT=false, AUTOMATICLOTWARD_TOWARD=true]" classname="org.isf.medicalstock.test.Tests" time="0.009">
    <system-out><![CDATA[[05/jul/2024 13:43:29] [:] INFO - Began transaction (1) for test context [DefaultTestContext@329af9b1 testClass = Tests, testInstance = org.isf.medicalstock.test.Tests@7e361508, testMethod = testLotHashCode@Tests, testException = [null], mergedContextConfiguration = [MergedContextConfiguration@7535554e testClass = Tests, locations = '{classpath:applicationContext.xml, classpath:applicationContext.xml}', classes = '{}', contextInitializerClasses = '[]', activeProfiles = '{}', propertySourceLocations = '{}', propertySourceProperties = '{}', contextCustomizers = set[org.springframework.boot.test.context.filter.ExcludeFilterContextCustomizer@255b53dc, org.springframework.boot.test.json.DuplicateJsonObjectContextCustomizerFactory$DuplicateJsonObjectContextCustomizer@64d2d351, org.springframework.boot.test.mock.mockito.MockitoContextCustomizer@0, org.springframework.boot.test.autoconfigure.properties.PropertyMappingContextCustomizer@0, org.springframework.boot.test.autoconfigure.web.servlet.WebDriverContextCustomizerFactory$Customizer@52aa2946], contextLoader = 'org.springframework.test.context.support.DelegatingSmartContextLoader', parent = [null]]]; transaction manager [org.springframework.orm.jpa.JpaTransactionManager@4ece2750]; rollback [true]
[05/jul/2024 13:43:29] [:] INFO - Rolled back transaction for test: [DefaultTestContext@329af9b1 testClass = Tests, testInstance = org.isf.medicalstock.test.Tests@7e361508, testMethod = testLotHashCode@Tests, testException = [null], mergedContextConfiguration = [MergedContextConfiguration@7535554e testClass = Tests, locations = '{classpath:applicationContext.xml, classpath:applicationContext.xml}', classes = '{}', contextInitializerClasses = '[]', activeProfiles = '{}', propertySourceLocations = '{}', propertySourceProperties = '{}', contextCustomizers = set[org.springframework.boot.test.context.filter.ExcludeFilterContextCustomizer@255b53dc, org.springframework.boot.test.json.DuplicateJsonObjectContextCustomizerFactory$DuplicateJsonObjectContextCustomizer@64d2d351, org.springframework.boot.test.mock.mockito.MockitoContextCustomizer@0, org.springframework.boot.test.autoconfigure.properties.PropertyMappingContextCustomizer@0, org.springframework.boot.test.autoconfigure.web.servlet.WebDriverContextCustomizerFactory$Customizer@52aa2946], contextLoader = 'org.springframework.test.context.support.DelegatingSmartContextLoader', parent = [null]]]
]]></system-out>
  </testcase>
  <testcase name="testLotIsValidLot[Test with AUTOMATICLOT_IN=false, AUTOMATICLOT_OUT=false, AUTOMATICLOTWARD_TOWARD=true]" classname="org.isf.medicalstock.test.Tests" time="0.016">
    <system-out><![CDATA[[05/jul/2024 13:43:29] [:] INFO - Began transaction (1) for test context [DefaultTestContext@329af9b1 testClass = Tests, testInstance = org.isf.medicalstock.test.Tests@4b0cc719, testMethod = testLotIsValidLot@Tests, testException = [null], mergedContextConfiguration = [MergedContextConfiguration@7535554e testClass = Tests, locations = '{classpath:applicationContext.xml, classpath:applicationContext.xml}', classes = '{}', contextInitializerClasses = '[]', activeProfiles = '{}', propertySourceLocations = '{}', propertySourceProperties = '{}', contextCustomizers = set[org.springframework.boot.test.context.filter.ExcludeFilterContextCustomizer@255b53dc, org.springframework.boot.test.json.DuplicateJsonObjectContextCustomizerFactory$DuplicateJsonObjectContextCustomizer@64d2d351, org.springframework.boot.test.mock.mockito.MockitoContextCustomizer@0, org.springframework.boot.test.autoconfigure.properties.PropertyMappingContextCustomizer@0, org.springframework.boot.test.autoconfigure.web.servlet.WebDriverContextCustomizerFactory$Customizer@52aa2946], contextLoader = 'org.springframework.test.context.support.DelegatingSmartContextLoader', parent = [null]]]; transaction manager [org.springframework.orm.jpa.JpaTransactionManager@4ece2750]; rollback [true]
[05/jul/2024 13:43:29] [:] INFO - Rolled back transaction for test: [DefaultTestContext@329af9b1 testClass = Tests, testInstance = org.isf.medicalstock.test.Tests@4b0cc719, testMethod = testLotIsValidLot@Tests, testException = [null], mergedContextConfiguration = [MergedContextConfiguration@7535554e testClass = Tests, locations = '{classpath:applicationContext.xml, classpath:applicationContext.xml}', classes = '{}', contextInitializerClasses = '[]', activeProfiles = '{}', propertySourceLocations = '{}', propertySourceProperties = '{}', contextCustomizers = set[org.springframework.boot.test.context.filter.ExcludeFilterContextCustomizer@255b53dc, org.springframework.boot.test.json.DuplicateJsonObjectContextCustomizerFactory$DuplicateJsonObjectContextCustomizer@64d2d351, org.springframework.boot.test.mock.mockito.MockitoContextCustomizer@0, org.springframework.boot.test.autoconfigure.properties.PropertyMappingContextCustomizer@0, org.springframework.boot.test.autoconfigure.web.servlet.WebDriverContextCustomizerFactory$Customizer@52aa2946], contextLoader = 'org.springframework.test.context.support.DelegatingSmartContextLoader', parent = [null]]]
]]></system-out>
  </testcase>
  <testcase name="testMgrGetLotsByMedical[Test with AUTOMATICLOT_IN=false, AUTOMATICLOT_OUT=false, AUTOMATICLOTWARD_TOWARD=true]" classname="org.isf.medicalstock.test.Tests" time="0.022">
    <system-out><![CDATA[[05/jul/2024 13:43:29] [:] INFO - Began transaction (1) for test context [DefaultTestContext@329af9b1 testClass = Tests, testInstance = org.isf.medicalstock.test.Tests@604512fe, testMethod = testMgrGetLotsByMedical@Tests, testException = [null], mergedContextConfiguration = [MergedContextConfiguration@7535554e testClass = Tests, locations = '{classpath:applicationContext.xml, classpath:applicationContext.xml}', classes = '{}', contextInitializerClasses = '[]', activeProfiles = '{}', propertySourceLocations = '{}', propertySourceProperties = '{}', contextCustomizers = set[org.springframework.boot.test.context.filter.ExcludeFilterContextCustomizer@255b53dc, org.springframework.boot.test.json.DuplicateJsonObjectContextCustomizerFactory$DuplicateJsonObjectContextCustomizer@64d2d351, org.springframework.boot.test.mock.mockito.MockitoContextCustomizer@0, org.springframework.boot.test.autoconfigure.properties.PropertyMappingContextCustomizer@0, org.springframework.boot.test.autoconfigure.web.servlet.WebDriverContextCustomizerFactory$Customizer@52aa2946], contextLoader = 'org.springframework.test.context.support.DelegatingSmartContextLoader', parent = [null]]]; transaction manager [org.springframework.orm.jpa.JpaTransactionManager@4ece2750]; rollback [true]
[05/jul/2024 13:43:29] [:] INFO - Rolled back transaction for test: [DefaultTestContext@329af9b1 testClass = Tests, testInstance = org.isf.medicalstock.test.Tests@604512fe, testMethod = testMgrGetLotsByMedical@Tests, testException = [null], mergedContextConfiguration = [MergedContextConfiguration@7535554e testClass = Tests, locations = '{classpath:applicationContext.xml, classpath:applicationContext.xml}', classes = '{}', contextInitializerClasses = '[]', activeProfiles = '{}', propertySourceLocations = '{}', propertySourceProperties = '{}', contextCustomizers = set[org.springframework.boot.test.context.filter.ExcludeFilterContextCustomizer@255b53dc, org.springframework.boot.test.json.DuplicateJsonObjectContextCustomizerFactory$DuplicateJsonObjectContextCustomizer@64d2d351, org.springframework.boot.test.mock.mockito.MockitoContextCustomizer@0, org.springframework.boot.test.autoconfigure.properties.PropertyMappingContextCustomizer@0, org.springframework.boot.test.autoconfigure.web.servlet.WebDriverContextCustomizerFactory$Customizer@52aa2946], contextLoader = 'org.springframework.test.context.support.DelegatingSmartContextLoader', parent = [null]]]
]]></system-out>
  </testcase>
  <testcase name="testIoRefNoExists[Test with AUTOMATICLOT_IN=false, AUTOMATICLOT_OUT=false, AUTOMATICLOTWARD_TOWARD=true]" classname="org.isf.medicalstock.test.Tests" time="0.028">
    <system-out><![CDATA[[05/jul/2024 13:43:29] [:] INFO - Began transaction (1) for test context [DefaultTestContext@329af9b1 testClass = Tests, testInstance = org.isf.medicalstock.test.Tests@5a43d696, testMethod = testIoRefNoExists@Tests, testException = [null], mergedContextConfiguration = [MergedContextConfiguration@7535554e testClass = Tests, locations = '{classpath:applicationContext.xml, classpath:applicationContext.xml}', classes = '{}', contextInitializerClasses = '[]', activeProfiles = '{}', propertySourceLocations = '{}', propertySourceProperties = '{}', contextCustomizers = set[org.springframework.boot.test.context.filter.ExcludeFilterContextCustomizer@255b53dc, org.springframework.boot.test.json.DuplicateJsonObjectContextCustomizerFactory$DuplicateJsonObjectContextCustomizer@64d2d351, org.springframework.boot.test.mock.mockito.MockitoContextCustomizer@0, org.springframework.boot.test.autoconfigure.properties.PropertyMappingContextCustomizer@0, org.springframework.boot.test.autoconfigure.web.servlet.WebDriverContextCustomizerFactory$Customizer@52aa2946], contextLoader = 'org.springframework.test.context.support.DelegatingSmartContextLoader', parent = [null]]]; transaction manager [org.springframework.orm.jpa.JpaTransactionManager@4ece2750]; rollback [true]
[05/jul/2024 13:43:29] [:] INFO - Rolled back transaction for test: [DefaultTestContext@329af9b1 testClass = Tests, testInstance = org.isf.medicalstock.test.Tests@5a43d696, testMethod = testIoRefNoExists@Tests, testException = [null], mergedContextConfiguration = [MergedContextConfiguration@7535554e testClass = Tests, locations = '{classpath:applicationContext.xml, classpath:applicationContext.xml}', classes = '{}', contextInitializerClasses = '[]', activeProfiles = '{}', propertySourceLocations = '{}', propertySourceProperties = '{}', contextCustomizers = set[org.springframework.boot.test.context.filter.ExcludeFilterContextCustomizer@255b53dc, org.springframework.boot.test.json.DuplicateJsonObjectContextCustomizerFactory$DuplicateJsonObjectContextCustomizer@64d2d351, org.springframework.boot.test.mock.mockito.MockitoContextCustomizer@0, org.springframework.boot.test.autoconfigure.properties.PropertyMappingContextCustomizer@0, org.springframework.boot.test.autoconfigure.web.servlet.WebDriverContextCustomizerFactory$Customizer@52aa2946], contextLoader = 'org.springframework.test.context.support.DelegatingSmartContextLoader', parent = [null]]]
]]></system-out>
  </testcase>
  <testcase name="testIoGetLotsByMedical[Test with AUTOMATICLOT_IN=false, AUTOMATICLOT_OUT=false, AUTOMATICLOTWARD_TOWARD=true]" classname="org.isf.medicalstock.test.Tests" time="0.021">
    <system-out><![CDATA[[05/jul/2024 13:43:29] [:] INFO - Began transaction (1) for test context [DefaultTestContext@329af9b1 testClass = Tests, testInstance = org.isf.medicalstock.test.Tests@356b660b, testMethod = testIoGetLotsByMedical@Tests, testException = [null], mergedContextConfiguration = [MergedContextConfiguration@7535554e testClass = Tests, locations = '{classpath:applicationContext.xml, classpath:applicationContext.xml}', classes = '{}', contextInitializerClasses = '[]', activeProfiles = '{}', propertySourceLocations = '{}', propertySourceProperties = '{}', contextCustomizers = set[org.springframework.boot.test.context.filter.ExcludeFilterContextCustomizer@255b53dc, org.springframework.boot.test.json.DuplicateJsonObjectContextCustomizerFactory$DuplicateJsonObjectContextCustomizer@64d2d351, org.springframework.boot.test.mock.mockito.MockitoContextCustomizer@0, org.springframework.boot.test.autoconfigure.properties.PropertyMappingContextCustomizer@0, org.springframework.boot.test.autoconfigure.web.servlet.WebDriverContextCustomizerFactory$Customizer@52aa2946], contextLoader = 'org.springframework.test.context.support.DelegatingSmartContextLoader', parent = [null]]]; transaction manager [org.springframework.orm.jpa.JpaTransactionManager@4ece2750]; rollback [true]
[05/jul/2024 13:43:29] [:] INFO - Rolled back transaction for test: [DefaultTestContext@329af9b1 testClass = Tests, testInstance = org.isf.medicalstock.test.Tests@356b660b, testMethod = testIoGetLotsByMedical@Tests, testException = [null], mergedContextConfiguration = [MergedContextConfiguration@7535554e testClass = Tests, locations = '{classpath:applicationContext.xml, classpath:applicationContext.xml}', classes = '{}', contextInitializerClasses = '[]', activeProfiles = '{}', propertySourceLocations = '{}', propertySourceProperties = '{}', contextCustomizers = set[org.springframework.boot.test.context.filter.ExcludeFilterContextCustomizer@255b53dc, org.springframework.boot.test.json.DuplicateJsonObjectContextCustomizerFactory$DuplicateJsonObjectContextCustomizer@64d2d351, org.springframework.boot.test.mock.mockito.MockitoContextCustomizer@0, org.springframework.boot.test.autoconfigure.properties.PropertyMappingContextCustomizer@0, org.springframework.boot.test.autoconfigure.web.servlet.WebDriverContextCustomizerFactory$Customizer@52aa2946], contextLoader = 'org.springframework.test.context.support.DelegatingSmartContextLoader', parent = [null]]]
]]></system-out>
  </testcase>
  <testcase name="testIoNewAutomaticDischargingMovement[Test with AUTOMATICLOT_IN=false, AUTOMATICLOT_OUT=false, AUTOMATICLOTWARD_TOWARD=true]" classname="org.isf.medicalstock.test.Tests" time="0.028">
    <system-out><![CDATA[[05/jul/2024 13:43:29] [:] INFO - Began transaction (1) for test context [DefaultTestContext@329af9b1 testClass = Tests, testInstance = org.isf.medicalstock.test.Tests@644fd187, testMethod = testIoNewAutomaticDischargingMovement@Tests, testException = [null], mergedContextConfiguration = [MergedContextConfiguration@7535554e testClass = Tests, locations = '{classpath:applicationContext.xml, classpath:applicationContext.xml}', classes = '{}', contextInitializerClasses = '[]', activeProfiles = '{}', propertySourceLocations = '{}', propertySourceProperties = '{}', contextCustomizers = set[org.springframework.boot.test.context.filter.ExcludeFilterContextCustomizer@255b53dc, org.springframework.boot.test.json.DuplicateJsonObjectContextCustomizerFactory$DuplicateJsonObjectContextCustomizer@64d2d351, org.springframework.boot.test.mock.mockito.MockitoContextCustomizer@0, org.springframework.boot.test.autoconfigure.properties.PropertyMappingContextCustomizer@0, org.springframework.boot.test.autoconfigure.web.servlet.WebDriverContextCustomizerFactory$Customizer@52aa2946], contextLoader = 'org.springframework.test.context.support.DelegatingSmartContextLoader', parent = [null]]]; transaction manager [org.springframework.orm.jpa.JpaTransactionManager@4ece2750]; rollback [true]
[05/jul/2024 13:43:29] [:] INFO - Rolled back transaction for test: [DefaultTestContext@329af9b1 testClass = Tests, testInstance = org.isf.medicalstock.test.Tests@644fd187, testMethod = testIoNewAutomaticDischargingMovement@Tests, testException = [null], mergedContextConfiguration = [MergedContextConfiguration@7535554e testClass = Tests, locations = '{classpath:applicationContext.xml, classpath:applicationContext.xml}', classes = '{}', contextInitializerClasses = '[]', activeProfiles = '{}', propertySourceLocations = '{}', propertySourceProperties = '{}', contextCustomizers = set[org.springframework.boot.test.context.filter.ExcludeFilterContextCustomizer@255b53dc, org.springframework.boot.test.json.DuplicateJsonObjectContextCustomizerFactory$DuplicateJsonObjectContextCustomizer@64d2d351, org.springframework.boot.test.mock.mockito.MockitoContextCustomizer@0, org.springframework.boot.test.autoconfigure.properties.PropertyMappingContextCustomizer@0, org.springframework.boot.test.autoconfigure.web.servlet.WebDriverContextCustomizerFactory$Customizer@52aa2946], contextLoader = 'org.springframework.test.context.support.DelegatingSmartContextLoader', parent = [null]]]
]]></system-out>
  </testcase>
  <testcase name="testIoGetMovementForPrintTypeOrder[Test with AUTOMATICLOT_IN=false, AUTOMATICLOT_OUT=false, AUTOMATICLOTWARD_TOWARD=true]" classname="org.isf.medicalstock.test.Tests" time="0.023">
    <system-out><![CDATA[[05/jul/2024 13:43:29] [:] INFO - Began transaction (1) for test context [DefaultTestContext@329af9b1 testClass = Tests, testInstance = org.isf.medicalstock.test.Tests@414f03f, testMethod = testIoGetMovementForPrintTypeOrder@Tests, testException = [null], mergedContextConfiguration = [MergedContextConfiguration@7535554e testClass = Tests, locations = '{classpath:applicationContext.xml, classpath:applicationContext.xml}', classes = '{}', contextInitializerClasses = '[]', activeProfiles = '{}', propertySourceLocations = '{}', propertySourceProperties = '{}', contextCustomizers = set[org.springframework.boot.test.context.filter.ExcludeFilterContextCustomizer@255b53dc, org.springframework.boot.test.json.DuplicateJsonObjectContextCustomizerFactory$DuplicateJsonObjectContextCustomizer@64d2d351, org.springframework.boot.test.mock.mockito.MockitoContextCustomizer@0, org.springframework.boot.test.autoconfigure.properties.PropertyMappingContextCustomizer@0, org.springframework.boot.test.autoconfigure.web.servlet.WebDriverContextCustomizerFactory$Customizer@52aa2946], contextLoader = 'org.springframework.test.context.support.DelegatingSmartContextLoader', parent = [null]]]; transaction manager [org.springframework.orm.jpa.JpaTransactionManager@4ece2750]; rollback [true]
[05/jul/2024 13:43:29] [:] INFO - Rolled back transaction for test: [DefaultTestContext@329af9b1 testClass = Tests, testInstance = org.isf.medicalstock.test.Tests@414f03f, testMethod = testIoGetMovementForPrintTypeOrder@Tests, testException = [null], mergedContextConfiguration = [MergedContextConfiguration@7535554e testClass = Tests, locations = '{classpath:applicationContext.xml, classpath:applicationContext.xml}', classes = '{}', contextInitializerClasses = '[]', activeProfiles = '{}', propertySourceLocations = '{}', propertySourceProperties = '{}', contextCustomizers = set[org.springframework.boot.test.context.filter.ExcludeFilterContextCustomizer@255b53dc, org.springframework.boot.test.json.DuplicateJsonObjectContextCustomizerFactory$DuplicateJsonObjectContextCustomizer@64d2d351, org.springframework.boot.test.mock.mockito.MockitoContextCustomizer@0, org.springframework.boot.test.autoconfigure.properties.PropertyMappingContextCustomizer@0, org.springframework.boot.test.autoconfigure.web.servlet.WebDriverContextCustomizerFactory$Customizer@52aa2946], contextLoader = 'org.springframework.test.context.support.DelegatingSmartContextLoader', parent = [null]]]
]]></system-out>
  </testcase>
  <testcase name="testMgrValidateLotPrepationDateNull[Test with AUTOMATICLOT_IN=false, AUTOMATICLOT_OUT=false, AUTOMATICLOTWARD_TOWARD=true]" classname="org.isf.medicalstock.test.Tests" time="0.025">
    <system-out><![CDATA[[05/jul/2024 13:43:29] [:] INFO - Began transaction (1) for test context [DefaultTestContext@329af9b1 testClass = Tests, testInstance = org.isf.medicalstock.test.Tests@13cec4bb, testMethod = testMgrValidateLotPrepationDateNull@Tests, testException = [null], mergedContextConfiguration = [MergedContextConfiguration@7535554e testClass = Tests, locations = '{classpath:applicationContext.xml, classpath:applicationContext.xml}', classes = '{}', contextInitializerClasses = '[]', activeProfiles = '{}', propertySourceLocations = '{}', propertySourceProperties = '{}', contextCustomizers = set[org.springframework.boot.test.context.filter.ExcludeFilterContextCustomizer@255b53dc, org.springframework.boot.test.json.DuplicateJsonObjectContextCustomizerFactory$DuplicateJsonObjectContextCustomizer@64d2d351, org.springframework.boot.test.mock.mockito.MockitoContextCustomizer@0, org.springframework.boot.test.autoconfigure.properties.PropertyMappingContextCustomizer@0, org.springframework.boot.test.autoconfigure.web.servlet.WebDriverContextCustomizerFactory$Customizer@52aa2946], contextLoader = 'org.springframework.test.context.support.DelegatingSmartContextLoader', parent = [null]]]; transaction manager [org.springframework.orm.jpa.JpaTransactionManager@4ece2750]; rollback [true]
[05/jul/2024 13:43:29] [:] INFO - Rolled back transaction for test: [DefaultTestContext@329af9b1 testClass = Tests, testInstance = org.isf.medicalstock.test.Tests@13cec4bb, testMethod = testMgrValidateLotPrepationDateNull@Tests, testException = [null], mergedContextConfiguration = [MergedContextConfiguration@7535554e testClass = Tests, locations = '{classpath:applicationContext.xml, classpath:applicationContext.xml}', classes = '{}', contextInitializerClasses = '[]', activeProfiles = '{}', propertySourceLocations = '{}', propertySourceProperties = '{}', contextCustomizers = set[org.springframework.boot.test.context.filter.ExcludeFilterContextCustomizer@255b53dc, org.springframework.boot.test.json.DuplicateJsonObjectContextCustomizerFactory$DuplicateJsonObjectContextCustomizer@64d2d351, org.springframework.boot.test.mock.mockito.MockitoContextCustomizer@0, org.springframework.boot.test.autoconfigure.properties.PropertyMappingContextCustomizer@0, org.springframework.boot.test.autoconfigure.web.servlet.WebDriverContextCustomizerFactory$Customizer@52aa2946], contextLoader = 'org.springframework.test.context.support.DelegatingSmartContextLoader', parent = [null]]]
]]></system-out>
  </testcase>
  <testcase name="testIoNewMovementAutomaticLotMode[Test with AUTOMATICLOT_IN=false, AUTOMATICLOT_OUT=false, AUTOMATICLOTWARD_TOWARD=true]" classname="org.isf.medicalstock.test.Tests" time="0.022">
    <system-out><![CDATA[[05/jul/2024 13:43:29] [:] INFO - Began transaction (1) for test context [DefaultTestContext@329af9b1 testClass = Tests, testInstance = org.isf.medicalstock.test.Tests@3b858578, testMethod = testIoNewMovementAutomaticLotMode@Tests, testException = [null], mergedContextConfiguration = [MergedContextConfiguration@7535554e testClass = Tests, locations = '{classpath:applicationContext.xml, classpath:applicationContext.xml}', classes = '{}', contextInitializerClasses = '[]', activeProfiles = '{}', propertySourceLocations = '{}', propertySourceProperties = '{}', contextCustomizers = set[org.springframework.boot.test.context.filter.ExcludeFilterContextCustomizer@255b53dc, org.springframework.boot.test.json.DuplicateJsonObjectContextCustomizerFactory$DuplicateJsonObjectContextCustomizer@64d2d351, org.springframework.boot.test.mock.mockito.MockitoContextCustomizer@0, org.springframework.boot.test.autoconfigure.properties.PropertyMappingContextCustomizer@0, org.springframework.boot.test.autoconfigure.web.servlet.WebDriverContextCustomizerFactory$Customizer@52aa2946], contextLoader = 'org.springframework.test.context.support.DelegatingSmartContextLoader', parent = [null]]]; transaction manager [org.springframework.orm.jpa.JpaTransactionManager@4ece2750]; rollback [true]
[05/jul/2024 13:43:29] [:] INFO - Rolled back transaction for test: [DefaultTestContext@329af9b1 testClass = Tests, testInstance = org.isf.medicalstock.test.Tests@3b858578, testMethod = testIoNewMovementAutomaticLotMode@Tests, testException = [null], mergedContextConfiguration = [MergedContextConfiguration@7535554e testClass = Tests, locations = '{classpath:applicationContext.xml, classpath:applicationContext.xml}', classes = '{}', contextInitializerClasses = '[]', activeProfiles = '{}', propertySourceLocations = '{}', propertySourceProperties = '{}', contextCustomizers = set[org.springframework.boot.test.context.filter.ExcludeFilterContextCustomizer@255b53dc, org.springframework.boot.test.json.DuplicateJsonObjectContextCustomizerFactory$DuplicateJsonObjectContextCustomizer@64d2d351, org.springframework.boot.test.mock.mockito.MockitoContextCustomizer@0, org.springframework.boot.test.autoconfigure.properties.PropertyMappingContextCustomizer@0, org.springframework.boot.test.autoconfigure.web.servlet.WebDriverContextCustomizerFactory$Customizer@52aa2946], contextLoader = 'org.springframework.test.context.support.DelegatingSmartContextLoader', parent = [null]]]
]]></system-out>
  </testcase>
  <testcase name="testMgrStoreLot[Test with AUTOMATICLOT_IN=false, AUTOMATICLOT_OUT=false, AUTOMATICLOTWARD_TOWARD=true]" classname="org.isf.medicalstock.test.Tests" time="0.022">
    <system-out><![CDATA[[05/jul/2024 13:43:29] [:] INFO - Began transaction (1) for test context [DefaultTestContext@329af9b1 testClass = Tests, testInstance = org.isf.medicalstock.test.Tests@76ae986, testMethod = testMgrStoreLot@Tests, testException = [null], mergedContextConfiguration = [MergedContextConfiguration@7535554e testClass = Tests, locations = '{classpath:applicationContext.xml, classpath:applicationContext.xml}', classes = '{}', contextInitializerClasses = '[]', activeProfiles = '{}', propertySourceLocations = '{}', propertySourceProperties = '{}', contextCustomizers = set[org.springframework.boot.test.context.filter.ExcludeFilterContextCustomizer@255b53dc, org.springframework.boot.test.json.DuplicateJsonObjectContextCustomizerFactory$DuplicateJsonObjectContextCustomizer@64d2d351, org.springframework.boot.test.mock.mockito.MockitoContextCustomizer@0, org.springframework.boot.test.autoconfigure.properties.PropertyMappingContextCustomizer@0, org.springframework.boot.test.autoconfigure.web.servlet.WebDriverContextCustomizerFactory$Customizer@52aa2946], contextLoader = 'org.springframework.test.context.support.DelegatingSmartContextLoader', parent = [null]]]; transaction manager [org.springframework.orm.jpa.JpaTransactionManager@4ece2750]; rollback [true]
[05/jul/2024 13:43:29] [:] INFO - Rolled back transaction for test: [DefaultTestContext@329af9b1 testClass = Tests, testInstance = org.isf.medicalstock.test.Tests@76ae986, testMethod = testMgrStoreLot@Tests, testException = [null], mergedContextConfiguration = [MergedContextConfiguration@7535554e testClass = Tests, locations = '{classpath:applicationContext.xml, classpath:applicationContext.xml}', classes = '{}', contextInitializerClasses = '[]', activeProfiles = '{}', propertySourceLocations = '{}', propertySourceProperties = '{}', contextCustomizers = set[org.springframework.boot.test.context.filter.ExcludeFilterContextCustomizer@255b53dc, org.springframework.boot.test.json.DuplicateJsonObjectContextCustomizerFactory$DuplicateJsonObjectContextCustomizer@64d2d351, org.springframework.boot.test.mock.mockito.MockitoContextCustomizer@0, org.springframework.boot.test.autoconfigure.properties.PropertyMappingContextCustomizer@0, org.springframework.boot.test.autoconfigure.web.servlet.WebDriverContextCustomizerFactory$Customizer@52aa2946], contextLoader = 'org.springframework.test.context.support.DelegatingSmartContextLoader', parent = [null]]]
]]></system-out>
  </testcase>
  <testcase name="testLotGets[Test with AUTOMATICLOT_IN=false, AUTOMATICLOT_OUT=false, AUTOMATICLOTWARD_TOWARD=true]" classname="org.isf.medicalstock.test.Tests" time="0.017">
    <system-out><![CDATA[[05/jul/2024 13:43:29] [:] INFO - Began transaction (1) for test context [DefaultTestContext@329af9b1 testClass = Tests, testInstance = org.isf.medicalstock.test.Tests@69a05e92, testMethod = testLotGets@Tests, testException = [null], mergedContextConfiguration = [MergedContextConfiguration@7535554e testClass = Tests, locations = '{classpath:applicationContext.xml, classpath:applicationContext.xml}', classes = '{}', contextInitializerClasses = '[]', activeProfiles = '{}', propertySourceLocations = '{}', propertySourceProperties = '{}', contextCustomizers = set[org.springframework.boot.test.context.filter.ExcludeFilterContextCustomizer@255b53dc, org.springframework.boot.test.json.DuplicateJsonObjectContextCustomizerFactory$DuplicateJsonObjectContextCustomizer@64d2d351, org.springframework.boot.test.mock.mockito.MockitoContextCustomizer@0, org.springframework.boot.test.autoconfigure.properties.PropertyMappingContextCustomizer@0, org.springframework.boot.test.autoconfigure.web.servlet.WebDriverContextCustomizerFactory$Customizer@52aa2946], contextLoader = 'org.springframework.test.context.support.DelegatingSmartContextLoader', parent = [null]]]; transaction manager [org.springframework.orm.jpa.JpaTransactionManager@4ece2750]; rollback [true]
[05/jul/2024 13:43:29] [:] INFO - Rolled back transaction for test: [DefaultTestContext@329af9b1 testClass = Tests, testInstance = org.isf.medicalstock.test.Tests@69a05e92, testMethod = testLotGets@Tests, testException = [null], mergedContextConfiguration = [MergedContextConfiguration@7535554e testClass = Tests, locations = '{classpath:applicationContext.xml, classpath:applicationContext.xml}', classes = '{}', contextInitializerClasses = '[]', activeProfiles = '{}', propertySourceLocations = '{}', propertySourceProperties = '{}', contextCustomizers = set[org.springframework.boot.test.context.filter.ExcludeFilterContextCustomizer@255b53dc, org.springframework.boot.test.json.DuplicateJsonObjectContextCustomizerFactory$DuplicateJsonObjectContextCustomizer@64d2d351, org.springframework.boot.test.mock.mockito.MockitoContextCustomizer@0, org.springframework.boot.test.autoconfigure.properties.PropertyMappingContextCustomizer@0, org.springframework.boot.test.autoconfigure.web.servlet.WebDriverContextCustomizerFactory$Customizer@52aa2946], contextLoader = 'org.springframework.test.context.support.DelegatingSmartContextLoader', parent = [null]]]
]]></system-out>
  </testcase>
  <testcase name="testLotSets[Test with AUTOMATICLOT_IN=false, AUTOMATICLOT_OUT=false, AUTOMATICLOTWARD_TOWARD=true]" classname="org.isf.medicalstock.test.Tests" time="0.021">
    <system-out><![CDATA[[05/jul/2024 13:43:29] [:] INFO - Began transaction (1) for test context [DefaultTestContext@329af9b1 testClass = Tests, testInstance = org.isf.medicalstock.test.Tests@38c9187c, testMethod = testLotSets@Tests, testException = [null], mergedContextConfiguration = [MergedContextConfiguration@7535554e testClass = Tests, locations = '{classpath:applicationContext.xml, classpath:applicationContext.xml}', classes = '{}', contextInitializerClasses = '[]', activeProfiles = '{}', propertySourceLocations = '{}', propertySourceProperties = '{}', contextCustomizers = set[org.springframework.boot.test.context.filter.ExcludeFilterContextCustomizer@255b53dc, org.springframework.boot.test.json.DuplicateJsonObjectContextCustomizerFactory$DuplicateJsonObjectContextCustomizer@64d2d351, org.springframework.boot.test.mock.mockito.MockitoContextCustomizer@0, org.springframework.boot.test.autoconfigure.properties.PropertyMappingContextCustomizer@0, org.springframework.boot.test.autoconfigure.web.servlet.WebDriverContextCustomizerFactory$Customizer@52aa2946], contextLoader = 'org.springframework.test.context.support.DelegatingSmartContextLoader', parent = [null]]]; transaction manager [org.springframework.orm.jpa.JpaTransactionManager@4ece2750]; rollback [true]
[05/jul/2024 13:43:29] [:] INFO - Rolled back transaction for test: [DefaultTestContext@329af9b1 testClass = Tests, testInstance = org.isf.medicalstock.test.Tests@38c9187c, testMethod = testLotSets@Tests, testException = [null], mergedContextConfiguration = [MergedContextConfiguration@7535554e testClass = Tests, locations = '{classpath:applicationContext.xml, classpath:applicationContext.xml}', classes = '{}', contextInitializerClasses = '[]', activeProfiles = '{}', propertySourceLocations = '{}', propertySourceProperties = '{}', contextCustomizers = set[org.springframework.boot.test.context.filter.ExcludeFilterContextCustomizer@255b53dc, org.springframework.boot.test.json.DuplicateJsonObjectContextCustomizerFactory$DuplicateJsonObjectContextCustomizer@64d2d351, org.springframework.boot.test.mock.mockito.MockitoContextCustomizer@0, org.springframework.boot.test.autoconfigure.properties.PropertyMappingContextCustomizer@0, org.springframework.boot.test.autoconfigure.web.servlet.WebDriverContextCustomizerFactory$Customizer@52aa2946], contextLoader = 'org.springframework.test.context.support.DelegatingSmartContextLoader', parent = [null]]]
]]></system-out>
  </testcase>
  <testcase name="testMgrPrepareDischargingMovementBadRefNumber[Test with AUTOMATICLOT_IN=false, AUTOMATICLOT_OUT=false, AUTOMATICLOTWARD_TOWARD=true]" classname="org.isf.medicalstock.test.Tests" time="0.021">
    <system-out><![CDATA[[05/jul/2024 13:43:29] [:] INFO - Began transaction (1) for test context [DefaultTestContext@329af9b1 testClass = Tests, testInstance = org.isf.medicalstock.test.Tests@688f2392, testMethod = testMgrPrepareDischargingMovementBadRefNumber@Tests, testException = [null], mergedContextConfiguration = [MergedContextConfiguration@7535554e testClass = Tests, locations = '{classpath:applicationContext.xml, classpath:applicationContext.xml}', classes = '{}', contextInitializerClasses = '[]', activeProfiles = '{}', propertySourceLocations = '{}', propertySourceProperties = '{}', contextCustomizers = set[org.springframework.boot.test.context.filter.ExcludeFilterContextCustomizer@255b53dc, org.springframework.boot.test.json.DuplicateJsonObjectContextCustomizerFactory$DuplicateJsonObjectContextCustomizer@64d2d351, org.springframework.boot.test.mock.mockito.MockitoContextCustomizer@0, org.springframework.boot.test.autoconfigure.properties.PropertyMappingContextCustomizer@0, org.springframework.boot.test.autoconfigure.web.servlet.WebDriverContextCustomizerFactory$Customizer@52aa2946], contextLoader = 'org.springframework.test.context.support.DelegatingSmartContextLoader', parent = [null]]]; transaction manager [org.springframework.orm.jpa.JpaTransactionManager@4ece2750]; rollback [true]
[05/jul/2024 13:43:29] [:] INFO - Rolled back transaction for test: [DefaultTestContext@329af9b1 testClass = Tests, testInstance = org.isf.medicalstock.test.Tests@688f2392, testMethod = testMgrPrepareDischargingMovementBadRefNumber@Tests, testException = [null], mergedContextConfiguration = [MergedContextConfiguration@7535554e testClass = Tests, locations = '{classpath:applicationContext.xml, classpath:applicationContext.xml}', classes = '{}', contextInitializerClasses = '[]', activeProfiles = '{}', propertySourceLocations = '{}', propertySourceProperties = '{}', contextCustomizers = set[org.springframework.boot.test.context.filter.ExcludeFilterContextCustomizer@255b53dc, org.springframework.boot.test.json.DuplicateJsonObjectContextCustomizerFactory$DuplicateJsonObjectContextCustomizer@64d2d351, org.springframework.boot.test.mock.mockito.MockitoContextCustomizer@0, org.springframework.boot.test.autoconfigure.properties.PropertyMappingContextCustomizer@0, org.springframework.boot.test.autoconfigure.web.servlet.WebDriverContextCustomizerFactory$Customizer@52aa2946], contextLoader = 'org.springframework.test.context.support.DelegatingSmartContextLoader', parent = [null]]]
]]></system-out>
  </testcase>
  <testcase name="testMgrValidateQuantityZero[Test with AUTOMATICLOT_IN=false, AUTOMATICLOT_OUT=false, AUTOMATICLOTWARD_TOWARD=true]" classname="org.isf.medicalstock.test.Tests" time="0.021">
    <system-out><![CDATA[[05/jul/2024 13:43:29] [:] INFO - Began transaction (1) for test context [DefaultTestContext@329af9b1 testClass = Tests, testInstance = org.isf.medicalstock.test.Tests@35fb131d, testMethod = testMgrValidateQuantityZero@Tests, testException = [null], mergedContextConfiguration = [MergedContextConfiguration@7535554e testClass = Tests, locations = '{classpath:applicationContext.xml, classpath:applicationContext.xml}', classes = '{}', contextInitializerClasses = '[]', activeProfiles = '{}', propertySourceLocations = '{}', propertySourceProperties = '{}', contextCustomizers = set[org.springframework.boot.test.context.filter.ExcludeFilterContextCustomizer@255b53dc, org.springframework.boot.test.json.DuplicateJsonObjectContextCustomizerFactory$DuplicateJsonObjectContextCustomizer@64d2d351, org.springframework.boot.test.mock.mockito.MockitoContextCustomizer@0, org.springframework.boot.test.autoconfigure.properties.PropertyMappingContextCustomizer@0, org.springframework.boot.test.autoconfigure.web.servlet.WebDriverContextCustomizerFactory$Customizer@52aa2946], contextLoader = 'org.springframework.test.context.support.DelegatingSmartContextLoader', parent = [null]]]; transaction manager [org.springframework.orm.jpa.JpaTransactionManager@4ece2750]; rollback [true]
[05/jul/2024 13:43:29] [:] INFO - Rolled back transaction for test: [DefaultTestContext@329af9b1 testClass = Tests, testInstance = org.isf.medicalstock.test.Tests@35fb131d, testMethod = testMgrValidateQuantityZero@Tests, testException = [null], mergedContextConfiguration = [MergedContextConfiguration@7535554e testClass = Tests, locations = '{classpath:applicationContext.xml, classpath:applicationContext.xml}', classes = '{}', contextInitializerClasses = '[]', activeProfiles = '{}', propertySourceLocations = '{}', propertySourceProperties = '{}', contextCustomizers = set[org.springframework.boot.test.context.filter.ExcludeFilterContextCustomizer@255b53dc, org.springframework.boot.test.json.DuplicateJsonObjectContextCustomizerFactory$DuplicateJsonObjectContextCustomizer@64d2d351, org.springframework.boot.test.mock.mockito.MockitoContextCustomizer@0, org.springframework.boot.test.autoconfigure.properties.PropertyMappingContextCustomizer@0, org.springframework.boot.test.autoconfigure.web.servlet.WebDriverContextCustomizerFactory$Customizer@52aa2946], contextLoader = 'org.springframework.test.context.support.DelegatingSmartContextLoader', parent = [null]]]
]]></system-out>
  </testcase>
  <testcase name="testMgrGetLastMovementDate[Test with AUTOMATICLOT_IN=false, AUTOMATICLOT_OUT=false, AUTOMATICLOTWARD_TOWARD=true]" classname="org.isf.medicalstock.test.Tests" time="0.022">
    <system-out><![CDATA[[05/jul/2024 13:43:29] [:] INFO - Began transaction (1) for test context [DefaultTestContext@329af9b1 testClass = Tests, testInstance = org.isf.medicalstock.test.Tests@519771c, testMethod = testMgrGetLastMovementDate@Tests, testException = [null], mergedContextConfiguration = [MergedContextConfiguration@7535554e testClass = Tests, locations = '{classpath:applicationContext.xml, classpath:applicationContext.xml}', classes = '{}', contextInitializerClasses = '[]', activeProfiles = '{}', propertySourceLocations = '{}', propertySourceProperties = '{}', contextCustomizers = set[org.springframework.boot.test.context.filter.ExcludeFilterContextCustomizer@255b53dc, org.springframework.boot.test.json.DuplicateJsonObjectContextCustomizerFactory$DuplicateJsonObjectContextCustomizer@64d2d351, org.springframework.boot.test.mock.mockito.MockitoContextCustomizer@0, org.springframework.boot.test.autoconfigure.properties.PropertyMappingContextCustomizer@0, org.springframework.boot.test.autoconfigure.web.servlet.WebDriverContextCustomizerFactory$Customizer@52aa2946], contextLoader = 'org.springframework.test.context.support.DelegatingSmartContextLoader', parent = [null]]]; transaction manager [org.springframework.orm.jpa.JpaTransactionManager@4ece2750]; rollback [true]
[05/jul/2024 13:43:29] [:] INFO - Rolled back transaction for test: [DefaultTestContext@329af9b1 testClass = Tests, testInstance = org.isf.medicalstock.test.Tests@519771c, testMethod = testMgrGetLastMovementDate@Tests, testException = [null], mergedContextConfiguration = [MergedContextConfiguration@7535554e testClass = Tests, locations = '{classpath:applicationContext.xml, classpath:applicationContext.xml}', classes = '{}', contextInitializerClasses = '[]', activeProfiles = '{}', propertySourceLocations = '{}', propertySourceProperties = '{}', contextCustomizers = set[org.springframework.boot.test.context.filter.ExcludeFilterContextCustomizer@255b53dc, org.springframework.boot.test.json.DuplicateJsonObjectContextCustomizerFactory$DuplicateJsonObjectContextCustomizer@64d2d351, org.springframework.boot.test.mock.mockito.MockitoContextCustomizer@0, org.springframework.boot.test.autoconfigure.properties.PropertyMappingContextCustomizer@0, org.springframework.boot.test.autoconfigure.web.servlet.WebDriverContextCustomizerFactory$Customizer@52aa2946], contextLoader = 'org.springframework.test.context.support.DelegatingSmartContextLoader', parent = [null]]]
]]></system-out>
  </testcase>
  <testcase name="testMovementGets[Test with AUTOMATICLOT_IN=false, AUTOMATICLOT_OUT=false, AUTOMATICLOTWARD_TOWARD=true]" classname="org.isf.medicalstock.test.Tests" time="0.02">
    <system-out><![CDATA[[05/jul/2024 13:43:29] [:] INFO - Began transaction (1) for test context [DefaultTestContext@329af9b1 testClass = Tests, testInstance = org.isf.medicalstock.test.Tests@7ed2c21e, testMethod = testMovementGets@Tests, testException = [null], mergedContextConfiguration = [MergedContextConfiguration@7535554e testClass = Tests, locations = '{classpath:applicationContext.xml, classpath:applicationContext.xml}', classes = '{}', contextInitializerClasses = '[]', activeProfiles = '{}', propertySourceLocations = '{}', propertySourceProperties = '{}', contextCustomizers = set[org.springframework.boot.test.context.filter.ExcludeFilterContextCustomizer@255b53dc, org.springframework.boot.test.json.DuplicateJsonObjectContextCustomizerFactory$DuplicateJsonObjectContextCustomizer@64d2d351, org.springframework.boot.test.mock.mockito.MockitoContextCustomizer@0, org.springframework.boot.test.autoconfigure.properties.PropertyMappingContextCustomizer@0, org.springframework.boot.test.autoconfigure.web.servlet.WebDriverContextCustomizerFactory$Customizer@52aa2946], contextLoader = 'org.springframework.test.context.support.DelegatingSmartContextLoader', parent = [null]]]; transaction manager [org.springframework.orm.jpa.JpaTransactionManager@4ece2750]; rollback [true]
[05/jul/2024 13:43:29] [:] INFO - Rolled back transaction for test: [DefaultTestContext@329af9b1 testClass = Tests, testInstance = org.isf.medicalstock.test.Tests@7ed2c21e, testMethod = testMovementGets@Tests, testException = [null], mergedContextConfiguration = [MergedContextConfiguration@7535554e testClass = Tests, locations = '{classpath:applicationContext.xml, classpath:applicationContext.xml}', classes = '{}', contextInitializerClasses = '[]', activeProfiles = '{}', propertySourceLocations = '{}', propertySourceProperties = '{}', contextCustomizers = set[org.springframework.boot.test.context.filter.ExcludeFilterContextCustomizer@255b53dc, org.springframework.boot.test.json.DuplicateJsonObjectContextCustomizerFactory$DuplicateJsonObjectContextCustomizer@64d2d351, org.springframework.boot.test.mock.mockito.MockitoContextCustomizer@0, org.springframework.boot.test.autoconfigure.properties.PropertyMappingContextCustomizer@0, org.springframework.boot.test.autoconfigure.web.servlet.WebDriverContextCustomizerFactory$Customizer@52aa2946], contextLoader = 'org.springframework.test.context.support.DelegatingSmartContextLoader', parent = [null]]]
]]></system-out>
  </testcase>
  <testcase name="testMovementSets[Test with AUTOMATICLOT_IN=false, AUTOMATICLOT_OUT=false, AUTOMATICLOTWARD_TOWARD=true]" classname="org.isf.medicalstock.test.Tests" time="0.018">
    <system-out><![CDATA[[05/jul/2024 13:43:29] [:] INFO - Began transaction (1) for test context [DefaultTestContext@329af9b1 testClass = Tests, testInstance = org.isf.medicalstock.test.Tests@910e0ad, testMethod = testMovementSets@Tests, testException = [null], mergedContextConfiguration = [MergedContextConfiguration@7535554e testClass = Tests, locations = '{classpath:applicationContext.xml, classpath:applicationContext.xml}', classes = '{}', contextInitializerClasses = '[]', activeProfiles = '{}', propertySourceLocations = '{}', propertySourceProperties = '{}', contextCustomizers = set[org.springframework.boot.test.context.filter.ExcludeFilterContextCustomizer@255b53dc, org.springframework.boot.test.json.DuplicateJsonObjectContextCustomizerFactory$DuplicateJsonObjectContextCustomizer@64d2d351, org.springframework.boot.test.mock.mockito.MockitoContextCustomizer@0, org.springframework.boot.test.autoconfigure.properties.PropertyMappingContextCustomizer@0, org.springframework.boot.test.autoconfigure.web.servlet.WebDriverContextCustomizerFactory$Customizer@52aa2946], contextLoader = 'org.springframework.test.context.support.DelegatingSmartContextLoader', parent = [null]]]; transaction manager [org.springframework.orm.jpa.JpaTransactionManager@4ece2750]; rollback [true]
[05/jul/2024 13:43:29] [:] INFO - Rolled back transaction for test: [DefaultTestContext@329af9b1 testClass = Tests, testInstance = org.isf.medicalstock.test.Tests@910e0ad, testMethod = testMovementSets@Tests, testException = [null], mergedContextConfiguration = [MergedContextConfiguration@7535554e testClass = Tests, locations = '{classpath:applicationContext.xml, classpath:applicationContext.xml}', classes = '{}', contextInitializerClasses = '[]', activeProfiles = '{}', propertySourceLocations = '{}', propertySourceProperties = '{}', contextCustomizers = set[org.springframework.boot.test.context.filter.ExcludeFilterContextCustomizer@255b53dc, org.springframework.boot.test.json.DuplicateJsonObjectContextCustomizerFactory$DuplicateJsonObjectContextCustomizer@64d2d351, org.springframework.boot.test.mock.mockito.MockitoContextCustomizer@0, org.springframework.boot.test.autoconfigure.properties.PropertyMappingContextCustomizer@0, org.springframework.boot.test.autoconfigure.web.servlet.WebDriverContextCustomizerFactory$Customizer@52aa2946], contextLoader = 'org.springframework.test.context.support.DelegatingSmartContextLoader', parent = [null]]]
]]></system-out>
  </testcase>
  <testcase name="testMovementGetOrigin[Test with AUTOMATICLOT_IN=false, AUTOMATICLOT_OUT=false, AUTOMATICLOTWARD_TOWARD=true]" classname="org.isf.medicalstock.test.Tests" time="0.023">
    <system-out><![CDATA[[05/jul/2024 13:43:29] [:] INFO - Began transaction (1) for test context [DefaultTestContext@329af9b1 testClass = Tests, testInstance = org.isf.medicalstock.test.Tests@7fa18cd, testMethod = testMovementGetOrigin@Tests, testException = [null], mergedContextConfiguration = [MergedContextConfiguration@7535554e testClass = Tests, locations = '{classpath:applicationContext.xml, classpath:applicationContext.xml}', classes = '{}', contextInitializerClasses = '[]', activeProfiles = '{}', propertySourceLocations = '{}', propertySourceProperties = '{}', contextCustomizers = set[org.springframework.boot.test.context.filter.ExcludeFilterContextCustomizer@255b53dc, org.springframework.boot.test.json.DuplicateJsonObjectContextCustomizerFactory$DuplicateJsonObjectContextCustomizer@64d2d351, org.springframework.boot.test.mock.mockito.MockitoContextCustomizer@0, org.springframework.boot.test.autoconfigure.properties.PropertyMappingContextCustomizer@0, org.springframework.boot.test.autoconfigure.web.servlet.WebDriverContextCustomizerFactory$Customizer@52aa2946], contextLoader = 'org.springframework.test.context.support.DelegatingSmartContextLoader', parent = [null]]]; transaction manager [org.springframework.orm.jpa.JpaTransactionManager@4ece2750]; rollback [true]
[05/jul/2024 13:43:29] [:] INFO - Rolled back transaction for test: [DefaultTestContext@329af9b1 testClass = Tests, testInstance = org.isf.medicalstock.test.Tests@7fa18cd, testMethod = testMovementGetOrigin@Tests, testException = [null], mergedContextConfiguration = [MergedContextConfiguration@7535554e testClass = Tests, locations = '{classpath:applicationContext.xml, classpath:applicationContext.xml}', classes = '{}', contextInitializerClasses = '[]', activeProfiles = '{}', propertySourceLocations = '{}', propertySourceProperties = '{}', contextCustomizers = set[org.springframework.boot.test.context.filter.ExcludeFilterContextCustomizer@255b53dc, org.springframework.boot.test.json.DuplicateJsonObjectContextCustomizerFactory$DuplicateJsonObjectContextCustomizer@64d2d351, org.springframework.boot.test.mock.mockito.MockitoContextCustomizer@0, org.springframework.boot.test.autoconfigure.properties.PropertyMappingContextCustomizer@0, org.springframework.boot.test.autoconfigure.web.servlet.WebDriverContextCustomizerFactory$Customizer@52aa2946], contextLoader = 'org.springframework.test.context.support.DelegatingSmartContextLoader', parent = [null]]]
]]></system-out>
  </testcase>
  <testcase name="testIoGetMovements[Test with AUTOMATICLOT_IN=false, AUTOMATICLOT_OUT=false, AUTOMATICLOTWARD_TOWARD=true]" classname="org.isf.medicalstock.test.Tests" time="0.028">
    <system-out><![CDATA[[05/jul/2024 13:43:29] [:] INFO - Began transaction (1) for test context [DefaultTestContext@329af9b1 testClass = Tests, testInstance = org.isf.medicalstock.test.Tests@347757e0, testMethod = testIoGetMovements@Tests, testException = [null], mergedContextConfiguration = [MergedContextConfiguration@7535554e testClass = Tests, locations = '{classpath:applicationContext.xml, classpath:applicationContext.xml}', classes = '{}', contextInitializerClasses = '[]', activeProfiles = '{}', propertySourceLocations = '{}', propertySourceProperties = '{}', contextCustomizers = set[org.springframework.boot.test.context.filter.ExcludeFilterContextCustomizer@255b53dc, org.springframework.boot.test.json.DuplicateJsonObjectContextCustomizerFactory$DuplicateJsonObjectContextCustomizer@64d2d351, org.springframework.boot.test.mock.mockito.MockitoContextCustomizer@0, org.springframework.boot.test.autoconfigure.properties.PropertyMappingContextCustomizer@0, org.springframework.boot.test.autoconfigure.web.servlet.WebDriverContextCustomizerFactory$Customizer@52aa2946], contextLoader = 'org.springframework.test.context.support.DelegatingSmartContextLoader', parent = [null]]]; transaction manager [org.springframework.orm.jpa.JpaTransactionManager@4ece2750]; rollback [true]
[05/jul/2024 13:43:29] [:] INFO - Rolled back transaction for test: [DefaultTestContext@329af9b1 testClass = Tests, testInstance = org.isf.medicalstock.test.Tests@347757e0, testMethod = testIoGetMovements@Tests, testException = [null], mergedContextConfiguration = [MergedContextConfiguration@7535554e testClass = Tests, locations = '{classpath:applicationContext.xml, classpath:applicationContext.xml}', classes = '{}', contextInitializerClasses = '[]', activeProfiles = '{}', propertySourceLocations = '{}', propertySourceProperties = '{}', contextCustomizers = set[org.springframework.boot.test.context.filter.ExcludeFilterContextCustomizer@255b53dc, org.springframework.boot.test.json.DuplicateJsonObjectContextCustomizerFactory$DuplicateJsonObjectContextCustomizer@64d2d351, org.springframework.boot.test.mock.mockito.MockitoContextCustomizer@0, org.springframework.boot.test.autoconfigure.properties.PropertyMappingContextCustomizer@0, org.springframework.boot.test.autoconfigure.web.servlet.WebDriverContextCustomizerFactory$Customizer@52aa2946], contextLoader = 'org.springframework.test.context.support.DelegatingSmartContextLoader', parent = [null]]]
]]></system-out>
  </testcase>
  <testcase name="testIoPrepareChargingMovement[Test with AUTOMATICLOT_IN=false, AUTOMATICLOT_OUT=false, AUTOMATICLOTWARD_TOWARD=true]" classname="org.isf.medicalstock.test.Tests" time="0.031">
    <system-out><![CDATA[[05/jul/2024 13:43:29] [:] INFO - Began transaction (1) for test context [DefaultTestContext@329af9b1 testClass = Tests, testInstance = org.isf.medicalstock.test.Tests@1b2e19da, testMethod = testIoPrepareChargingMovement@Tests, testException = [null], mergedContextConfiguration = [MergedContextConfiguration@7535554e testClass = Tests, locations = '{classpath:applicationContext.xml, classpath:applicationContext.xml}', classes = '{}', contextInitializerClasses = '[]', activeProfiles = '{}', propertySourceLocations = '{}', propertySourceProperties = '{}', contextCustomizers = set[org.springframework.boot.test.context.filter.ExcludeFilterContextCustomizer@255b53dc, org.springframework.boot.test.json.DuplicateJsonObjectContextCustomizerFactory$DuplicateJsonObjectContextCustomizer@64d2d351, org.springframework.boot.test.mock.mockito.MockitoContextCustomizer@0, org.springframework.boot.test.autoconfigure.properties.PropertyMappingContextCustomizer@0, org.springframework.boot.test.autoconfigure.web.servlet.WebDriverContextCustomizerFactory$Customizer@52aa2946], contextLoader = 'org.springframework.test.context.support.DelegatingSmartContextLoader', parent = [null]]]; transaction manager [org.springframework.orm.jpa.JpaTransactionManager@4ece2750]; rollback [true]
[05/jul/2024 13:43:30] [:] INFO - Rolled back transaction for test: [DefaultTestContext@329af9b1 testClass = Tests, testInstance = org.isf.medicalstock.test.Tests@1b2e19da, testMethod = testIoPrepareChargingMovement@Tests, testException = [null], mergedContextConfiguration = [MergedContextConfiguration@7535554e testClass = Tests, locations = '{classpath:applicationContext.xml, classpath:applicationContext.xml}', classes = '{}', contextInitializerClasses = '[]', activeProfiles = '{}', propertySourceLocations = '{}', propertySourceProperties = '{}', contextCustomizers = set[org.springframework.boot.test.context.filter.ExcludeFilterContextCustomizer@255b53dc, org.springframework.boot.test.json.DuplicateJsonObjectContextCustomizerFactory$DuplicateJsonObjectContextCustomizer@64d2d351, org.springframework.boot.test.mock.mockito.MockitoContextCustomizer@0, org.springframework.boot.test.autoconfigure.properties.PropertyMappingContextCustomizer@0, org.springframework.boot.test.autoconfigure.web.servlet.WebDriverContextCustomizerFactory$Customizer@52aa2946], contextLoader = 'org.springframework.test.context.support.DelegatingSmartContextLoader', parent = [null]]]
]]></system-out>
  </testcase>
  <testcase name="testMgrValidateMovementMoveDateAfterToday[Test with AUTOMATICLOT_IN=false, AUTOMATICLOT_OUT=false, AUTOMATICLOTWARD_TOWARD=true]" classname="org.isf.medicalstock.test.Tests" time="0.035">
    <system-out><![CDATA[[05/jul/2024 13:43:30] [:] INFO - Began transaction (1) for test context [DefaultTestContext@329af9b1 testClass = Tests, testInstance = org.isf.medicalstock.test.Tests@69dafa13, testMethod = testMgrValidateMovementMoveDateAfterToday@Tests, testException = [null], mergedContextConfiguration = [MergedContextConfiguration@7535554e testClass = Tests, locations = '{classpath:applicationContext.xml, classpath:applicationContext.xml}', classes = '{}', contextInitializerClasses = '[]', activeProfiles = '{}', propertySourceLocations = '{}', propertySourceProperties = '{}', contextCustomizers = set[org.springframework.boot.test.context.filter.ExcludeFilterContextCustomizer@255b53dc, org.springframework.boot.test.json.DuplicateJsonObjectContextCustomizerFactory$DuplicateJsonObjectContextCustomizer@64d2d351, org.springframework.boot.test.mock.mockito.MockitoContextCustomizer@0, org.springframework.boot.test.autoconfigure.properties.PropertyMappingContextCustomizer@0, org.springframework.boot.test.autoconfigure.web.servlet.WebDriverContextCustomizerFactory$Customizer@52aa2946], contextLoader = 'org.springframework.test.context.support.DelegatingSmartContextLoader', parent = [null]]]; transaction manager [org.springframework.orm.jpa.JpaTransactionManager@4ece2750]; rollback [true]
[05/jul/2024 13:43:30] [:] INFO - Rolled back transaction for test: [DefaultTestContext@329af9b1 testClass = Tests, testInstance = org.isf.medicalstock.test.Tests@69dafa13, testMethod = testMgrValidateMovementMoveDateAfterToday@Tests, testException = [null], mergedContextConfiguration = [MergedContextConfiguration@7535554e testClass = Tests, locations = '{classpath:applicationContext.xml, classpath:applicationContext.xml}', classes = '{}', contextInitializerClasses = '[]', activeProfiles = '{}', propertySourceLocations = '{}', propertySourceProperties = '{}', contextCustomizers = set[org.springframework.boot.test.context.filter.ExcludeFilterContextCustomizer@255b53dc, org.springframework.boot.test.json.DuplicateJsonObjectContextCustomizerFactory$DuplicateJsonObjectContextCustomizer@64d2d351, org.springframework.boot.test.mock.mockito.MockitoContextCustomizer@0, org.springframework.boot.test.autoconfigure.properties.PropertyMappingContextCustomizer@0, org.springframework.boot.test.autoconfigure.web.servlet.WebDriverContextCustomizerFactory$Customizer@52aa2946], contextLoader = 'org.springframework.test.context.support.DelegatingSmartContextLoader', parent = [null]]]
]]></system-out>
  </testcase>
  <testcase name="testIoGetMovementsByReference[Test with AUTOMATICLOT_IN=false, AUTOMATICLOT_OUT=false, AUTOMATICLOTWARD_TOWARD=true]" classname="org.isf.medicalstock.test.Tests" time="0.023">
    <system-out><![CDATA[[05/jul/2024 13:43:30] [:] INFO - Began transaction (1) for test context [DefaultTestContext@329af9b1 testClass = Tests, testInstance = org.isf.medicalstock.test.Tests@5f37f9d5, testMethod = testIoGetMovementsByReference@Tests, testException = [null], mergedContextConfiguration = [MergedContextConfiguration@7535554e testClass = Tests, locations = '{classpath:applicationContext.xml, classpath:applicationContext.xml}', classes = '{}', contextInitializerClasses = '[]', activeProfiles = '{}', propertySourceLocations = '{}', propertySourceProperties = '{}', contextCustomizers = set[org.springframework.boot.test.context.filter.ExcludeFilterContextCustomizer@255b53dc, org.springframework.boot.test.json.DuplicateJsonObjectContextCustomizerFactory$DuplicateJsonObjectContextCustomizer@64d2d351, org.springframework.boot.test.mock.mockito.MockitoContextCustomizer@0, org.springframework.boot.test.autoconfigure.properties.PropertyMappingContextCustomizer@0, org.springframework.boot.test.autoconfigure.web.servlet.WebDriverContextCustomizerFactory$Customizer@52aa2946], contextLoader = 'org.springframework.test.context.support.DelegatingSmartContextLoader', parent = [null]]]; transaction manager [org.springframework.orm.jpa.JpaTransactionManager@4ece2750]; rollback [true]
[05/jul/2024 13:43:30] [:] INFO - Rolled back transaction for test: [DefaultTestContext@329af9b1 testClass = Tests, testInstance = org.isf.medicalstock.test.Tests@5f37f9d5, testMethod = testIoGetMovementsByReference@Tests, testException = [null], mergedContextConfiguration = [MergedContextConfiguration@7535554e testClass = Tests, locations = '{classpath:applicationContext.xml, classpath:applicationContext.xml}', classes = '{}', contextInitializerClasses = '[]', activeProfiles = '{}', propertySourceLocations = '{}', propertySourceProperties = '{}', contextCustomizers = set[org.springframework.boot.test.context.filter.ExcludeFilterContextCustomizer@255b53dc, org.springframework.boot.test.json.DuplicateJsonObjectContextCustomizerFactory$DuplicateJsonObjectContextCustomizer@64d2d351, org.springframework.boot.test.mock.mockito.MockitoContextCustomizer@0, org.springframework.boot.test.autoconfigure.properties.PropertyMappingContextCustomizer@0, org.springframework.boot.test.autoconfigure.web.servlet.WebDriverContextCustomizerFactory$Customizer@52aa2946], contextLoader = 'org.springframework.test.context.support.DelegatingSmartContextLoader', parent = [null]]]
]]></system-out>
  </testcase>
  <testcase name="testIoGetLastMovementDate[Test with AUTOMATICLOT_IN=false, AUTOMATICLOT_OUT=false, AUTOMATICLOTWARD_TOWARD=true]" classname="org.isf.medicalstock.test.Tests" time="0.024">
    <system-out><![CDATA[[05/jul/2024 13:43:30] [:] INFO - Began transaction (1) for test context [DefaultTestContext@329af9b1 testClass = Tests, testInstance = org.isf.medicalstock.test.Tests@50631d5e, testMethod = testIoGetLastMovementDate@Tests, testException = [null], mergedContextConfiguration = [MergedContextConfiguration@7535554e testClass = Tests, locations = '{classpath:applicationContext.xml, classpath:applicationContext.xml}', classes = '{}', contextInitializerClasses = '[]', activeProfiles = '{}', propertySourceLocations = '{}', propertySourceProperties = '{}', contextCustomizers = set[org.springframework.boot.test.context.filter.ExcludeFilterContextCustomizer@255b53dc, org.springframework.boot.test.json.DuplicateJsonObjectContextCustomizerFactory$DuplicateJsonObjectContextCustomizer@64d2d351, org.springframework.boot.test.mock.mockito.MockitoContextCustomizer@0, org.springframework.boot.test.autoconfigure.properties.PropertyMappingContextCustomizer@0, org.springframework.boot.test.autoconfigure.web.servlet.WebDriverContextCustomizerFactory$Customizer@52aa2946], contextLoader = 'org.springframework.test.context.support.DelegatingSmartContextLoader', parent = [null]]]; transaction manager [org.springframework.orm.jpa.JpaTransactionManager@4ece2750]; rollback [true]
[05/jul/2024 13:43:30] [:] INFO - Rolled back transaction for test: [DefaultTestContext@329af9b1 testClass = Tests, testInstance = org.isf.medicalstock.test.Tests@50631d5e, testMethod = testIoGetLastMovementDate@Tests, testException = [null], mergedContextConfiguration = [MergedContextConfiguration@7535554e testClass = Tests, locations = '{classpath:applicationContext.xml, classpath:applicationContext.xml}', classes = '{}', contextInitializerClasses = '[]', activeProfiles = '{}', propertySourceLocations = '{}', propertySourceProperties = '{}', contextCustomizers = set[org.springframework.boot.test.context.filter.ExcludeFilterContextCustomizer@255b53dc, org.springframework.boot.test.json.DuplicateJsonObjectContextCustomizerFactory$DuplicateJsonObjectContextCustomizer@64d2d351, org.springframework.boot.test.mock.mockito.MockitoContextCustomizer@0, org.springframework.boot.test.autoconfigure.properties.PropertyMappingContextCustomizer@0, org.springframework.boot.test.autoconfigure.web.servlet.WebDriverContextCustomizerFactory$Customizer@52aa2946], contextLoader = 'org.springframework.test.context.support.DelegatingSmartContextLoader', parent = [null]]]
]]></system-out>
  </testcase>
  <testcase name="testMovementEquals[Test with AUTOMATICLOT_IN=false, AUTOMATICLOT_OUT=false, AUTOMATICLOTWARD_TOWARD=true]" classname="org.isf.medicalstock.test.Tests" time="0.021">
    <system-out><![CDATA[[05/jul/2024 13:43:30] [:] INFO - Began transaction (1) for test context [DefaultTestContext@329af9b1 testClass = Tests, testInstance = org.isf.medicalstock.test.Tests@4e99cda1, testMethod = testMovementEquals@Tests, testException = [null], mergedContextConfiguration = [MergedContextConfiguration@7535554e testClass = Tests, locations = '{classpath:applicationContext.xml, classpath:applicationContext.xml}', classes = '{}', contextInitializerClasses = '[]', activeProfiles = '{}', propertySourceLocations = '{}', propertySourceProperties = '{}', contextCustomizers = set[org.springframework.boot.test.context.filter.ExcludeFilterContextCustomizer@255b53dc, org.springframework.boot.test.json.DuplicateJsonObjectContextCustomizerFactory$DuplicateJsonObjectContextCustomizer@64d2d351, org.springframework.boot.test.mock.mockito.MockitoContextCustomizer@0, org.springframework.boot.test.autoconfigure.properties.PropertyMappingContextCustomizer@0, org.springframework.boot.test.autoconfigure.web.servlet.WebDriverContextCustomizerFactory$Customizer@52aa2946], contextLoader = 'org.springframework.test.context.support.DelegatingSmartContextLoader', parent = [null]]]; transaction manager [org.springframework.orm.jpa.JpaTransactionManager@4ece2750]; rollback [true]
[05/jul/2024 13:43:30] [:] INFO - Rolled back transaction for test: [DefaultTestContext@329af9b1 testClass = Tests, testInstance = org.isf.medicalstock.test.Tests@4e99cda1, testMethod = testMovementEquals@Tests, testException = [null], mergedContextConfiguration = [MergedContextConfiguration@7535554e testClass = Tests, locations = '{classpath:applicationContext.xml, classpath:applicationContext.xml}', classes = '{}', contextInitializerClasses = '[]', activeProfiles = '{}', propertySourceLocations = '{}', propertySourceProperties = '{}', contextCustomizers = set[org.springframework.boot.test.context.filter.ExcludeFilterContextCustomizer@255b53dc, org.springframework.boot.test.json.DuplicateJsonObjectContextCustomizerFactory$DuplicateJsonObjectContextCustomizer@64d2d351, org.springframework.boot.test.mock.mockito.MockitoContextCustomizer@0, org.springframework.boot.test.autoconfigure.properties.PropertyMappingContextCustomizer@0, org.springframework.boot.test.autoconfigure.web.servlet.WebDriverContextCustomizerFactory$Customizer@52aa2946], contextLoader = 'org.springframework.test.context.support.DelegatingSmartContextLoader', parent = [null]]]
]]></system-out>
  </testcase>
  <testcase name="testMovementHashCode[Test with AUTOMATICLOT_IN=false, AUTOMATICLOT_OUT=false, AUTOMATICLOTWARD_TOWARD=true]" classname="org.isf.medicalstock.test.Tests" time="0.025">
    <system-out><![CDATA[[05/jul/2024 13:43:30] [:] INFO - Began transaction (1) for test context [DefaultTestContext@329af9b1 testClass = Tests, testInstance = org.isf.medicalstock.test.Tests@9583771, testMethod = testMovementHashCode@Tests, testException = [null], mergedContextConfiguration = [MergedContextConfiguration@7535554e testClass = Tests, locations = '{classpath:applicationContext.xml, classpath:applicationContext.xml}', classes = '{}', contextInitializerClasses = '[]', activeProfiles = '{}', propertySourceLocations = '{}', propertySourceProperties = '{}', contextCustomizers = set[org.springframework.boot.test.context.filter.ExcludeFilterContextCustomizer@255b53dc, org.springframework.boot.test.json.DuplicateJsonObjectContextCustomizerFactory$DuplicateJsonObjectContextCustomizer@64d2d351, org.springframework.boot.test.mock.mockito.MockitoContextCustomizer@0, org.springframework.boot.test.autoconfigure.properties.PropertyMappingContextCustomizer@0, org.springframework.boot.test.autoconfigure.web.servlet.WebDriverContextCustomizerFactory$Customizer@52aa2946], contextLoader = 'org.springframework.test.context.support.DelegatingSmartContextLoader', parent = [null]]]; transaction manager [org.springframework.orm.jpa.JpaTransactionManager@4ece2750]; rollback [true]
[05/jul/2024 13:43:30] [:] INFO - Rolled back transaction for test: [DefaultTestContext@329af9b1 testClass = Tests, testInstance = org.isf.medicalstock.test.Tests@9583771, testMethod = testMovementHashCode@Tests, testException = [null], mergedContextConfiguration = [MergedContextConfiguration@7535554e testClass = Tests, locations = '{classpath:applicationContext.xml, classpath:applicationContext.xml}', classes = '{}', contextInitializerClasses = '[]', activeProfiles = '{}', propertySourceLocations = '{}', propertySourceProperties = '{}', contextCustomizers = set[org.springframework.boot.test.context.filter.ExcludeFilterContextCustomizer@255b53dc, org.springframework.boot.test.json.DuplicateJsonObjectContextCustomizerFactory$DuplicateJsonObjectContextCustomizer@64d2d351, org.springframework.boot.test.mock.mockito.MockitoContextCustomizer@0, org.springframework.boot.test.autoconfigure.properties.PropertyMappingContextCustomizer@0, org.springframework.boot.test.autoconfigure.web.servlet.WebDriverContextCustomizerFactory$Customizer@52aa2946], contextLoader = 'org.springframework.test.context.support.DelegatingSmartContextLoader', parent = [null]]]
]]></system-out>
  </testcase>
  <testcase name="testLotEquals[Test with AUTOMATICLOT_IN=false, AUTOMATICLOT_OUT=false, AUTOMATICLOTWARD_TOWARD=true]" classname="org.isf.medicalstock.test.Tests" time="0.025">
    <system-out><![CDATA[[05/jul/2024 13:43:30] [:] INFO - Began transaction (1) for test context [DefaultTestContext@329af9b1 testClass = Tests, testInstance = org.isf.medicalstock.test.Tests@25c990f7, testMethod = testLotEquals@Tests, testException = [null], mergedContextConfiguration = [MergedContextConfiguration@7535554e testClass = Tests, locations = '{classpath:applicationContext.xml, classpath:applicationContext.xml}', classes = '{}', contextInitializerClasses = '[]', activeProfiles = '{}', propertySourceLocations = '{}', propertySourceProperties = '{}', contextCustomizers = set[org.springframework.boot.test.context.filter.ExcludeFilterContextCustomizer@255b53dc, org.springframework.boot.test.json.DuplicateJsonObjectContextCustomizerFactory$DuplicateJsonObjectContextCustomizer@64d2d351, org.springframework.boot.test.mock.mockito.MockitoContextCustomizer@0, org.springframework.boot.test.autoconfigure.properties.PropertyMappingContextCustomizer@0, org.springframework.boot.test.autoconfigure.web.servlet.WebDriverContextCustomizerFactory$Customizer@52aa2946], contextLoader = 'org.springframework.test.context.support.DelegatingSmartContextLoader', parent = [null]]]; transaction manager [org.springframework.orm.jpa.JpaTransactionManager@4ece2750]; rollback [true]
[05/jul/2024 13:43:30] [:] INFO - Rolled back transaction for test: [DefaultTestContext@329af9b1 testClass = Tests, testInstance = org.isf.medicalstock.test.Tests@25c990f7, testMethod = testLotEquals@Tests, testException = [null], mergedContextConfiguration = [MergedContextConfiguration@7535554e testClass = Tests, locations = '{classpath:applicationContext.xml, classpath:applicationContext.xml}', classes = '{}', contextInitializerClasses = '[]', activeProfiles = '{}', propertySourceLocations = '{}', propertySourceProperties = '{}', contextCustomizers = set[org.springframework.boot.test.context.filter.ExcludeFilterContextCustomizer@255b53dc, org.springframework.boot.test.json.DuplicateJsonObjectContextCustomizerFactory$DuplicateJsonObjectContextCustomizer@64d2d351, org.springframework.boot.test.mock.mockito.MockitoContextCustomizer@0, org.springframework.boot.test.autoconfigure.properties.PropertyMappingContextCustomizer@0, org.springframework.boot.test.autoconfigure.web.servlet.WebDriverContextCustomizerFactory$Customizer@52aa2946], contextLoader = 'org.springframework.test.context.support.DelegatingSmartContextLoader', parent = [null]]]
]]></system-out>
  </testcase>
  <testcase name="testIoGetMovementForPrintWardOrderateWard[Test with AUTOMATICLOT_IN=false, AUTOMATICLOT_OUT=false, AUTOMATICLOTWARD_TOWARD=true]" classname="org.isf.medicalstock.test.Tests" time="0.024">
    <system-out><![CDATA[[05/jul/2024 13:43:30] [:] INFO - Began transaction (1) for test context [DefaultTestContext@329af9b1 testClass = Tests, testInstance = org.isf.medicalstock.test.Tests@290b475, testMethod = testIoGetMovementForPrintWardOrderateWard@Tests, testException = [null], mergedContextConfiguration = [MergedContextConfiguration@7535554e testClass = Tests, locations = '{classpath:applicationContext.xml, classpath:applicationContext.xml}', classes = '{}', contextInitializerClasses = '[]', activeProfiles = '{}', propertySourceLocations = '{}', propertySourceProperties = '{}', contextCustomizers = set[org.springframework.boot.test.context.filter.ExcludeFilterContextCustomizer@255b53dc, org.springframework.boot.test.json.DuplicateJsonObjectContextCustomizerFactory$DuplicateJsonObjectContextCustomizer@64d2d351, org.springframework.boot.test.mock.mockito.MockitoContextCustomizer@0, org.springframework.boot.test.autoconfigure.properties.PropertyMappingContextCustomizer@0, org.springframework.boot.test.autoconfigure.web.servlet.WebDriverContextCustomizerFactory$Customizer@52aa2946], contextLoader = 'org.springframework.test.context.support.DelegatingSmartContextLoader', parent = [null]]]; transaction manager [org.springframework.orm.jpa.JpaTransactionManager@4ece2750]; rollback [true]
[05/jul/2024 13:43:30] [:] INFO - Rolled back transaction for test: [DefaultTestContext@329af9b1 testClass = Tests, testInstance = org.isf.medicalstock.test.Tests@290b475, testMethod = testIoGetMovementForPrintWardOrderateWard@Tests, testException = [null], mergedContextConfiguration = [MergedContextConfiguration@7535554e testClass = Tests, locations = '{classpath:applicationContext.xml, classpath:applicationContext.xml}', classes = '{}', contextInitializerClasses = '[]', activeProfiles = '{}', propertySourceLocations = '{}', propertySourceProperties = '{}', contextCustomizers = set[org.springframework.boot.test.context.filter.ExcludeFilterContextCustomizer@255b53dc, org.springframework.boot.test.json.DuplicateJsonObjectContextCustomizerFactory$DuplicateJsonObjectContextCustomizer@64d2d351, org.springframework.boot.test.mock.mockito.MockitoContextCustomizer@0, org.springframework.boot.test.autoconfigure.properties.PropertyMappingContextCustomizer@0, org.springframework.boot.test.autoconfigure.web.servlet.WebDriverContextCustomizerFactory$Customizer@52aa2946], contextLoader = 'org.springframework.test.context.support.DelegatingSmartContextLoader', parent = [null]]]
]]></system-out>
  </testcase>
  <testcase name="testMgrValidateReferenceNumber[Test with AUTOMATICLOT_IN=false, AUTOMATICLOT_OUT=false, AUTOMATICLOTWARD_TOWARD=true]" classname="org.isf.medicalstock.test.Tests" time="0.016">
    <system-out><![CDATA[[05/jul/2024 13:43:30] [:] INFO - Began transaction (1) for test context [DefaultTestContext@329af9b1 testClass = Tests, testInstance = org.isf.medicalstock.test.Tests@65bb4485, testMethod = testMgrValidateReferenceNumber@Tests, testException = [null], mergedContextConfiguration = [MergedContextConfiguration@7535554e testClass = Tests, locations = '{classpath:applicationContext.xml, classpath:applicationContext.xml}', classes = '{}', contextInitializerClasses = '[]', activeProfiles = '{}', propertySourceLocations = '{}', propertySourceProperties = '{}', contextCustomizers = set[org.springframework.boot.test.context.filter.ExcludeFilterContextCustomizer@255b53dc, org.springframework.boot.test.json.DuplicateJsonObjectContextCustomizerFactory$DuplicateJsonObjectContextCustomizer@64d2d351, org.springframework.boot.test.mock.mockito.MockitoContextCustomizer@0, org.springframework.boot.test.autoconfigure.properties.PropertyMappingContextCustomizer@0, org.springframework.boot.test.autoconfigure.web.servlet.WebDriverContextCustomizerFactory$Customizer@52aa2946], contextLoader = 'org.springframework.test.context.support.DelegatingSmartContextLoader', parent = [null]]]; transaction manager [org.springframework.orm.jpa.JpaTransactionManager@4ece2750]; rollback [true]
[05/jul/2024 13:43:30] [:] INFO - Rolled back transaction for test: [DefaultTestContext@329af9b1 testClass = Tests, testInstance = org.isf.medicalstock.test.Tests@65bb4485, testMethod = testMgrValidateReferenceNumber@Tests, testException = [null], mergedContextConfiguration = [MergedContextConfiguration@7535554e testClass = Tests, locations = '{classpath:applicationContext.xml, classpath:applicationContext.xml}', classes = '{}', contextInitializerClasses = '[]', activeProfiles = '{}', propertySourceLocations = '{}', propertySourceProperties = '{}', contextCustomizers = set[org.springframework.boot.test.context.filter.ExcludeFilterContextCustomizer@255b53dc, org.springframework.boot.test.json.DuplicateJsonObjectContextCustomizerFactory$DuplicateJsonObjectContextCustomizer@64d2d351, org.springframework.boot.test.mock.mockito.MockitoContextCustomizer@0, org.springframework.boot.test.autoconfigure.properties.PropertyMappingContextCustomizer@0, org.springframework.boot.test.autoconfigure.web.servlet.WebDriverContextCustomizerFactory$Customizer@52aa2946], contextLoader = 'org.springframework.test.context.support.DelegatingSmartContextLoader', parent = [null]]]
]]></system-out>
  </testcase>
  <testcase name="testIoGetLotsByMedicalEmptyLot[Test with AUTOMATICLOT_IN=false, AUTOMATICLOT_OUT=false, AUTOMATICLOTWARD_TOWARD=true]" classname="org.isf.medicalstock.test.Tests" time="0.019">
    <system-out><![CDATA[[05/jul/2024 13:43:30] [:] INFO - Began transaction (1) for test context [DefaultTestContext@329af9b1 testClass = Tests, testInstance = org.isf.medicalstock.test.Tests@54a59d85, testMethod = testIoGetLotsByMedicalEmptyLot@Tests, testException = [null], mergedContextConfiguration = [MergedContextConfiguration@7535554e testClass = Tests, locations = '{classpath:applicationContext.xml, classpath:applicationContext.xml}', classes = '{}', contextInitializerClasses = '[]', activeProfiles = '{}', propertySourceLocations = '{}', propertySourceProperties = '{}', contextCustomizers = set[org.springframework.boot.test.context.filter.ExcludeFilterContextCustomizer@255b53dc, org.springframework.boot.test.json.DuplicateJsonObjectContextCustomizerFactory$DuplicateJsonObjectContextCustomizer@64d2d351, org.springframework.boot.test.mock.mockito.MockitoContextCustomizer@0, org.springframework.boot.test.autoconfigure.properties.PropertyMappingContextCustomizer@0, org.springframework.boot.test.autoconfigure.web.servlet.WebDriverContextCustomizerFactory$Customizer@52aa2946], contextLoader = 'org.springframework.test.context.support.DelegatingSmartContextLoader', parent = [null]]]; transaction manager [org.springframework.orm.jpa.JpaTransactionManager@4ece2750]; rollback [true]
[05/jul/2024 13:43:30] [:] INFO - Rolled back transaction for test: [DefaultTestContext@329af9b1 testClass = Tests, testInstance = org.isf.medicalstock.test.Tests@54a59d85, testMethod = testIoGetLotsByMedicalEmptyLot@Tests, testException = [null], mergedContextConfiguration = [MergedContextConfiguration@7535554e testClass = Tests, locations = '{classpath:applicationContext.xml, classpath:applicationContext.xml}', classes = '{}', contextInitializerClasses = '[]', activeProfiles = '{}', propertySourceLocations = '{}', propertySourceProperties = '{}', contextCustomizers = set[org.springframework.boot.test.context.filter.ExcludeFilterContextCustomizer@255b53dc, org.springframework.boot.test.json.DuplicateJsonObjectContextCustomizerFactory$DuplicateJsonObjectContextCustomizer@64d2d351, org.springframework.boot.test.mock.mockito.MockitoContextCustomizer@0, org.springframework.boot.test.autoconfigure.properties.PropertyMappingContextCustomizer@0, org.springframework.boot.test.autoconfigure.web.servlet.WebDriverContextCustomizerFactory$Customizer@52aa2946], contextLoader = 'org.springframework.test.context.support.DelegatingSmartContextLoader', parent = [null]]]
]]></system-out>
  </testcase>
  <testcase name="testIoNewMovement[Test with AUTOMATICLOT_IN=false, AUTOMATICLOT_OUT=false, AUTOMATICLOTWARD_TOWARD=true]" classname="org.isf.medicalstock.test.Tests" time="0.021">
    <system-out><![CDATA[[05/jul/2024 13:43:30] [:] INFO - Began transaction (1) for test context [DefaultTestContext@329af9b1 testClass = Tests, testInstance = org.isf.medicalstock.test.Tests@2cc3f8de, testMethod = testIoNewMovement@Tests, testException = [null], mergedContextConfiguration = [MergedContextConfiguration@7535554e testClass = Tests, locations = '{classpath:applicationContext.xml, classpath:applicationContext.xml}', classes = '{}', contextInitializerClasses = '[]', activeProfiles = '{}', propertySourceLocations = '{}', propertySourceProperties = '{}', contextCustomizers = set[org.springframework.boot.test.context.filter.ExcludeFilterContextCustomizer@255b53dc, org.springframework.boot.test.json.DuplicateJsonObjectContextCustomizerFactory$DuplicateJsonObjectContextCustomizer@64d2d351, org.springframework.boot.test.mock.mockito.MockitoContextCustomizer@0, org.springframework.boot.test.autoconfigure.properties.PropertyMappingContextCustomizer@0, org.springframework.boot.test.autoconfigure.web.servlet.WebDriverContextCustomizerFactory$Customizer@52aa2946], contextLoader = 'org.springframework.test.context.support.DelegatingSmartContextLoader', parent = [null]]]; transaction manager [org.springframework.orm.jpa.JpaTransactionManager@4ece2750]; rollback [true]
[05/jul/2024 13:43:30] [:] INFO - Rolled back transaction for test: [DefaultTestContext@329af9b1 testClass = Tests, testInstance = org.isf.medicalstock.test.Tests@2cc3f8de, testMethod = testIoNewMovement@Tests, testException = [null], mergedContextConfiguration = [MergedContextConfiguration@7535554e testClass = Tests, locations = '{classpath:applicationContext.xml, classpath:applicationContext.xml}', classes = '{}', contextInitializerClasses = '[]', activeProfiles = '{}', propertySourceLocations = '{}', propertySourceProperties = '{}', contextCustomizers = set[org.springframework.boot.test.context.filter.ExcludeFilterContextCustomizer@255b53dc, org.springframework.boot.test.json.DuplicateJsonObjectContextCustomizerFactory$DuplicateJsonObjectContextCustomizer@64d2d351, org.springframework.boot.test.mock.mockito.MockitoContextCustomizer@0, org.springframework.boot.test.autoconfigure.properties.PropertyMappingContextCustomizer@0, org.springframework.boot.test.autoconfigure.web.servlet.WebDriverContextCustomizerFactory$Customizer@52aa2946], contextLoader = 'org.springframework.test.context.support.DelegatingSmartContextLoader', parent = [null]]]
]]></system-out>
  </testcase>
  <testcase name="testMgrValidateNullWard[Test with AUTOMATICLOT_IN=false, AUTOMATICLOT_OUT=false, AUTOMATICLOTWARD_TOWARD=true]" classname="org.isf.medicalstock.test.Tests" time="0.028">
    <system-out><![CDATA[[05/jul/2024 13:43:30] [:] INFO - Began transaction (1) for test context [DefaultTestContext@329af9b1 testClass = Tests, testInstance = org.isf.medicalstock.test.Tests@42ed3980, testMethod = testMgrValidateNullWard@Tests, testException = [null], mergedContextConfiguration = [MergedContextConfiguration@7535554e testClass = Tests, locations = '{classpath:applicationContext.xml, classpath:applicationContext.xml}', classes = '{}', contextInitializerClasses = '[]', activeProfiles = '{}', propertySourceLocations = '{}', propertySourceProperties = '{}', contextCustomizers = set[org.springframework.boot.test.context.filter.ExcludeFilterContextCustomizer@255b53dc, org.springframework.boot.test.json.DuplicateJsonObjectContextCustomizerFactory$DuplicateJsonObjectContextCustomizer@64d2d351, org.springframework.boot.test.mock.mockito.MockitoContextCustomizer@0, org.springframework.boot.test.autoconfigure.properties.PropertyMappingContextCustomizer@0, org.springframework.boot.test.autoconfigure.web.servlet.WebDriverContextCustomizerFactory$Customizer@52aa2946], contextLoader = 'org.springframework.test.context.support.DelegatingSmartContextLoader', parent = [null]]]; transaction manager [org.springframework.orm.jpa.JpaTransactionManager@4ece2750]; rollback [true]
[05/jul/2024 13:43:30] [:] INFO - Rolled back transaction for test: [DefaultTestContext@329af9b1 testClass = Tests, testInstance = org.isf.medicalstock.test.Tests@42ed3980, testMethod = testMgrValidateNullWard@Tests, testException = [null], mergedContextConfiguration = [MergedContextConfiguration@7535554e testClass = Tests, locations = '{classpath:applicationContext.xml, classpath:applicationContext.xml}', classes = '{}', contextInitializerClasses = '[]', activeProfiles = '{}', propertySourceLocations = '{}', propertySourceProperties = '{}', contextCustomizers = set[org.springframework.boot.test.context.filter.ExcludeFilterContextCustomizer@255b53dc, org.springframework.boot.test.json.DuplicateJsonObjectContextCustomizerFactory$DuplicateJsonObjectContextCustomizer@64d2d351, org.springframework.boot.test.mock.mockito.MockitoContextCustomizer@0, org.springframework.boot.test.autoconfigure.properties.PropertyMappingContextCustomizer@0, org.springframework.boot.test.autoconfigure.web.servlet.WebDriverContextCustomizerFactory$Customizer@52aa2946], contextLoader = 'org.springframework.test.context.support.DelegatingSmartContextLoader', parent = [null]]]
]]></system-out>
  </testcase>
  <testcase name="testMgrValidateNullSupplier[Test with AUTOMATICLOT_IN=false, AUTOMATICLOT_OUT=false, AUTOMATICLOTWARD_TOWARD=true]" classname="org.isf.medicalstock.test.Tests" time="0.031">
    <system-out><![CDATA[[05/jul/2024 13:43:30] [:] INFO - Began transaction (1) for test context [DefaultTestContext@329af9b1 testClass = Tests, testInstance = org.isf.medicalstock.test.Tests@2a15239c, testMethod = testMgrValidateNullSupplier@Tests, testException = [null], mergedContextConfiguration = [MergedContextConfiguration@7535554e testClass = Tests, locations = '{classpath:applicationContext.xml, classpath:applicationContext.xml}', classes = '{}', contextInitializerClasses = '[]', activeProfiles = '{}', propertySourceLocations = '{}', propertySourceProperties = '{}', contextCustomizers = set[org.springframework.boot.test.context.filter.ExcludeFilterContextCustomizer@255b53dc, org.springframework.boot.test.json.DuplicateJsonObjectContextCustomizerFactory$DuplicateJsonObjectContextCustomizer@64d2d351, org.springframework.boot.test.mock.mockito.MockitoContextCustomizer@0, org.springframework.boot.test.autoconfigure.properties.PropertyMappingContextCustomizer@0, org.springframework.boot.test.autoconfigure.web.servlet.WebDriverContextCustomizerFactory$Customizer@52aa2946], contextLoader = 'org.springframework.test.context.support.DelegatingSmartContextLoader', parent = [null]]]; transaction manager [org.springframework.orm.jpa.JpaTransactionManager@4ece2750]; rollback [true]
[05/jul/2024 13:43:30] [:] INFO - Rolled back transaction for test: [DefaultTestContext@329af9b1 testClass = Tests, testInstance = org.isf.medicalstock.test.Tests@2a15239c, testMethod = testMgrValidateNullSupplier@Tests, testException = [null], mergedContextConfiguration = [MergedContextConfiguration@7535554e testClass = Tests, locations = '{classpath:applicationContext.xml, classpath:applicationContext.xml}', classes = '{}', contextInitializerClasses = '[]', activeProfiles = '{}', propertySourceLocations = '{}', propertySourceProperties = '{}', contextCustomizers = set[org.springframework.boot.test.context.filter.ExcludeFilterContextCustomizer@255b53dc, org.springframework.boot.test.json.DuplicateJsonObjectContextCustomizerFactory$DuplicateJsonObjectContextCustomizer@64d2d351, org.springframework.boot.test.mock.mockito.MockitoContextCustomizer@0, org.springframework.boot.test.autoconfigure.properties.PropertyMappingContextCustomizer@0, org.springframework.boot.test.autoconfigure.web.servlet.WebDriverContextCustomizerFactory$Customizer@52aa2946], contextLoader = 'org.springframework.test.context.support.DelegatingSmartContextLoader', parent = [null]]]
]]></system-out>
  </testcase>
  <testcase name="testMgrGetMovementsWihAllParameters[Test with AUTOMATICLOT_IN=false, AUTOMATICLOT_OUT=false, AUTOMATICLOTWARD_TOWARD=true]" classname="org.isf.medicalstock.test.Tests" time="0.027">
    <system-out><![CDATA[[05/jul/2024 13:43:30] [:] INFO - Began transaction (1) for test context [DefaultTestContext@329af9b1 testClass = Tests, testInstance = org.isf.medicalstock.test.Tests@5c6b2e38, testMethod = testMgrGetMovementsWihAllParameters@Tests, testException = [null], mergedContextConfiguration = [MergedContextConfiguration@7535554e testClass = Tests, locations = '{classpath:applicationContext.xml, classpath:applicationContext.xml}', classes = '{}', contextInitializerClasses = '[]', activeProfiles = '{}', propertySourceLocations = '{}', propertySourceProperties = '{}', contextCustomizers = set[org.springframework.boot.test.context.filter.ExcludeFilterContextCustomizer@255b53dc, org.springframework.boot.test.json.DuplicateJsonObjectContextCustomizerFactory$DuplicateJsonObjectContextCustomizer@64d2d351, org.springframework.boot.test.mock.mockito.MockitoContextCustomizer@0, org.springframework.boot.test.autoconfigure.properties.PropertyMappingContextCustomizer@0, org.springframework.boot.test.autoconfigure.web.servlet.WebDriverContextCustomizerFactory$Customizer@52aa2946], contextLoader = 'org.springframework.test.context.support.DelegatingSmartContextLoader', parent = [null]]]; transaction manager [org.springframework.orm.jpa.JpaTransactionManager@4ece2750]; rollback [true]
[05/jul/2024 13:43:30] [:] INFO - Rolled back transaction for test: [DefaultTestContext@329af9b1 testClass = Tests, testInstance = org.isf.medicalstock.test.Tests@5c6b2e38, testMethod = testMgrGetMovementsWihAllParameters@Tests, testException = [null], mergedContextConfiguration = [MergedContextConfiguration@7535554e testClass = Tests, locations = '{classpath:applicationContext.xml, classpath:applicationContext.xml}', classes = '{}', contextInitializerClasses = '[]', activeProfiles = '{}', propertySourceLocations = '{}', propertySourceProperties = '{}', contextCustomizers = set[org.springframework.boot.test.context.filter.ExcludeFilterContextCustomizer@255b53dc, org.springframework.boot.test.json.DuplicateJsonObjectContextCustomizerFactory$DuplicateJsonObjectContextCustomizer@64d2d351, org.springframework.boot.test.mock.mockito.MockitoContextCustomizer@0, org.springframework.boot.test.autoconfigure.properties.PropertyMappingContextCustomizer@0, org.springframework.boot.test.autoconfigure.web.servlet.WebDriverContextCustomizerFactory$Customizer@52aa2946], contextLoader = 'org.springframework.test.context.support.DelegatingSmartContextLoader', parent = [null]]]
]]></system-out>
  </testcase>
  <testcase name="testIoLotExists[Test with AUTOMATICLOT_IN=false, AUTOMATICLOT_OUT=false, AUTOMATICLOTWARD_TOWARD=true]" classname="org.isf.medicalstock.test.Tests" time="0.016">
    <system-out><![CDATA[[05/jul/2024 13:43:30] [:] INFO - Began transaction (1) for test context [DefaultTestContext@329af9b1 testClass = Tests, testInstance = org.isf.medicalstock.test.Tests@4127e196, testMethod = testIoLotExists@Tests, testException = [null], mergedContextConfiguration = [MergedContextConfiguration@7535554e testClass = Tests, locations = '{classpath:applicationContext.xml, classpath:applicationContext.xml}', classes = '{}', contextInitializerClasses = '[]', activeProfiles = '{}', propertySourceLocations = '{}', propertySourceProperties = '{}', contextCustomizers = set[org.springframework.boot.test.context.filter.ExcludeFilterContextCustomizer@255b53dc, org.springframework.boot.test.json.DuplicateJsonObjectContextCustomizerFactory$DuplicateJsonObjectContextCustomizer@64d2d351, org.springframework.boot.test.mock.mockito.MockitoContextCustomizer@0, org.springframework.boot.test.autoconfigure.properties.PropertyMappingContextCustomizer@0, org.springframework.boot.test.autoconfigure.web.servlet.WebDriverContextCustomizerFactory$Customizer@52aa2946], contextLoader = 'org.springframework.test.context.support.DelegatingSmartContextLoader', parent = [null]]]; transaction manager [org.springframework.orm.jpa.JpaTransactionManager@4ece2750]; rollback [true]
[05/jul/2024 13:43:30] [:] INFO - Rolled back transaction for test: [DefaultTestContext@329af9b1 testClass = Tests, testInstance = org.isf.medicalstock.test.Tests@4127e196, testMethod = testIoLotExists@Tests, testException = [null], mergedContextConfiguration = [MergedContextConfiguration@7535554e testClass = Tests, locations = '{classpath:applicationContext.xml, classpath:applicationContext.xml}', classes = '{}', contextInitializerClasses = '[]', activeProfiles = '{}', propertySourceLocations = '{}', propertySourceProperties = '{}', contextCustomizers = set[org.springframework.boot.test.context.filter.ExcludeFilterContextCustomizer@255b53dc, org.springframework.boot.test.json.DuplicateJsonObjectContextCustomizerFactory$DuplicateJsonObjectContextCustomizer@64d2d351, org.springframework.boot.test.mock.mockito.MockitoContextCustomizer@0, org.springframework.boot.test.autoconfigure.properties.PropertyMappingContextCustomizer@0, org.springframework.boot.test.autoconfigure.web.servlet.WebDriverContextCustomizerFactory$Customizer@52aa2946], contextLoader = 'org.springframework.test.context.support.DelegatingSmartContextLoader', parent = [null]]]
]]></system-out>
  </testcase>
  <testcase name="testLotToString[Test with AUTOMATICLOT_IN=false, AUTOMATICLOT_OUT=false, AUTOMATICLOTWARD_TOWARD=true]" classname="org.isf.medicalstock.test.Tests" time="0.022">
    <system-out><![CDATA[[05/jul/2024 13:43:30] [:] INFO - Began transaction (1) for test context [DefaultTestContext@329af9b1 testClass = Tests, testInstance = org.isf.medicalstock.test.Tests@66e94d7, testMethod = testLotToString@Tests, testException = [null], mergedContextConfiguration = [MergedContextConfiguration@7535554e testClass = Tests, locations = '{classpath:applicationContext.xml, classpath:applicationContext.xml}', classes = '{}', contextInitializerClasses = '[]', activeProfiles = '{}', propertySourceLocations = '{}', propertySourceProperties = '{}', contextCustomizers = set[org.springframework.boot.test.context.filter.ExcludeFilterContextCustomizer@255b53dc, org.springframework.boot.test.json.DuplicateJsonObjectContextCustomizerFactory$DuplicateJsonObjectContextCustomizer@64d2d351, org.springframework.boot.test.mock.mockito.MockitoContextCustomizer@0, org.springframework.boot.test.autoconfigure.properties.PropertyMappingContextCustomizer@0, org.springframework.boot.test.autoconfigure.web.servlet.WebDriverContextCustomizerFactory$Customizer@52aa2946], contextLoader = 'org.springframework.test.context.support.DelegatingSmartContextLoader', parent = [null]]]; transaction manager [org.springframework.orm.jpa.JpaTransactionManager@4ece2750]; rollback [true]
[05/jul/2024 13:43:30] [:] INFO - Rolled back transaction for test: [DefaultTestContext@329af9b1 testClass = Tests, testInstance = org.isf.medicalstock.test.Tests@66e94d7, testMethod = testLotToString@Tests, testException = [null], mergedContextConfiguration = [MergedContextConfiguration@7535554e testClass = Tests, locations = '{classpath:applicationContext.xml, classpath:applicationContext.xml}', classes = '{}', contextInitializerClasses = '[]', activeProfiles = '{}', propertySourceLocations = '{}', propertySourceProperties = '{}', contextCustomizers = set[org.springframework.boot.test.context.filter.ExcludeFilterContextCustomizer@255b53dc, org.springframework.boot.test.json.DuplicateJsonObjectContextCustomizerFactory$DuplicateJsonObjectContextCustomizer@64d2d351, org.springframework.boot.test.mock.mockito.MockitoContextCustomizer@0, org.springframework.boot.test.autoconfigure.properties.PropertyMappingContextCustomizer@0, org.springframework.boot.test.autoconfigure.web.servlet.WebDriverContextCustomizerFactory$Customizer@52aa2946], contextLoader = 'org.springframework.test.context.support.DelegatingSmartContextLoader', parent = [null]]]
]]></system-out>
  </testcase>
  <testcase name="testIoGetMovementForPrintPharmaceuticalTypeOrder[Test with AUTOMATICLOT_IN=false, AUTOMATICLOT_OUT=false, AUTOMATICLOTWARD_TOWARD=true]" classname="org.isf.medicalstock.test.Tests" time="0.024">
    <system-out><![CDATA[[05/jul/2024 13:43:30] [:] INFO - Began transaction (1) for test context [DefaultTestContext@329af9b1 testClass = Tests, testInstance = org.isf.medicalstock.test.Tests@b6955d0, testMethod = testIoGetMovementForPrintPharmaceuticalTypeOrder@Tests, testException = [null], mergedContextConfiguration = [MergedContextConfiguration@7535554e testClass = Tests, locations = '{classpath:applicationContext.xml, classpath:applicationContext.xml}', classes = '{}', contextInitializerClasses = '[]', activeProfiles = '{}', propertySourceLocations = '{}', propertySourceProperties = '{}', contextCustomizers = set[org.springframework.boot.test.context.filter.ExcludeFilterContextCustomizer@255b53dc, org.springframework.boot.test.json.DuplicateJsonObjectContextCustomizerFactory$DuplicateJsonObjectContextCustomizer@64d2d351, org.springframework.boot.test.mock.mockito.MockitoContextCustomizer@0, org.springframework.boot.test.autoconfigure.properties.PropertyMappingContextCustomizer@0, org.springframework.boot.test.autoconfigure.web.servlet.WebDriverContextCustomizerFactory$Customizer@52aa2946], contextLoader = 'org.springframework.test.context.support.DelegatingSmartContextLoader', parent = [null]]]; transaction manager [org.springframework.orm.jpa.JpaTransactionManager@4ece2750]; rollback [true]
[05/jul/2024 13:43:30] [:] INFO - Rolled back transaction for test: [DefaultTestContext@329af9b1 testClass = Tests, testInstance = org.isf.medicalstock.test.Tests@b6955d0, testMethod = testIoGetMovementForPrintPharmaceuticalTypeOrder@Tests, testException = [null], mergedContextConfiguration = [MergedContextConfiguration@7535554e testClass = Tests, locations = '{classpath:applicationContext.xml, classpath:applicationContext.xml}', classes = '{}', contextInitializerClasses = '[]', activeProfiles = '{}', propertySourceLocations = '{}', propertySourceProperties = '{}', contextCustomizers = set[org.springframework.boot.test.context.filter.ExcludeFilterContextCustomizer@255b53dc, org.springframework.boot.test.json.DuplicateJsonObjectContextCustomizerFactory$DuplicateJsonObjectContextCustomizer@64d2d351, org.springframework.boot.test.mock.mockito.MockitoContextCustomizer@0, org.springframework.boot.test.autoconfigure.properties.PropertyMappingContextCustomizer@0, org.springframework.boot.test.autoconfigure.web.servlet.WebDriverContextCustomizerFactory$Customizer@52aa2946], contextLoader = 'org.springframework.test.context.support.DelegatingSmartContextLoader', parent = [null]]]
]]></system-out>
  </testcase>
  <testcase name="testMgrPrepareDischargingMovement[Test with AUTOMATICLOT_IN=false, AUTOMATICLOT_OUT=false, AUTOMATICLOTWARD_TOWARD=true]" classname="org.isf.medicalstock.test.Tests" time="0.025">
    <system-out><![CDATA[[05/jul/2024 13:43:30] [:] INFO - Began transaction (1) for test context [DefaultTestContext@329af9b1 testClass = Tests, testInstance = org.isf.medicalstock.test.Tests@3a28909b, testMethod = testMgrPrepareDischargingMovement@Tests, testException = [null], mergedContextConfiguration = [MergedContextConfiguration@7535554e testClass = Tests, locations = '{classpath:applicationContext.xml, classpath:applicationContext.xml}', classes = '{}', contextInitializerClasses = '[]', activeProfiles = '{}', propertySourceLocations = '{}', propertySourceProperties = '{}', contextCustomizers = set[org.springframework.boot.test.context.filter.ExcludeFilterContextCustomizer@255b53dc, org.springframework.boot.test.json.DuplicateJsonObjectContextCustomizerFactory$DuplicateJsonObjectContextCustomizer@64d2d351, org.springframework.boot.test.mock.mockito.MockitoContextCustomizer@0, org.springframework.boot.test.autoconfigure.properties.PropertyMappingContextCustomizer@0, org.springframework.boot.test.autoconfigure.web.servlet.WebDriverContextCustomizerFactory$Customizer@52aa2946], contextLoader = 'org.springframework.test.context.support.DelegatingSmartContextLoader', parent = [null]]]; transaction manager [org.springframework.orm.jpa.JpaTransactionManager@4ece2750]; rollback [true]
[05/jul/2024 13:43:30] [:] INFO - Rolled back transaction for test: [DefaultTestContext@329af9b1 testClass = Tests, testInstance = org.isf.medicalstock.test.Tests@3a28909b, testMethod = testMgrPrepareDischargingMovement@Tests, testException = [null], mergedContextConfiguration = [MergedContextConfiguration@7535554e testClass = Tests, locations = '{classpath:applicationContext.xml, classpath:applicationContext.xml}', classes = '{}', contextInitializerClasses = '[]', activeProfiles = '{}', propertySourceLocations = '{}', propertySourceProperties = '{}', contextCustomizers = set[org.springframework.boot.test.context.filter.ExcludeFilterContextCustomizer@255b53dc, org.springframework.boot.test.json.DuplicateJsonObjectContextCustomizerFactory$DuplicateJsonObjectContextCustomizer@64d2d351, org.springframework.boot.test.mock.mockito.MockitoContextCustomizer@0, org.springframework.boot.test.autoconfigure.properties.PropertyMappingContextCustomizer@0, org.springframework.boot.test.autoconfigure.web.servlet.WebDriverContextCustomizerFactory$Customizer@52aa2946], contextLoader = 'org.springframework.test.context.support.DelegatingSmartContextLoader', parent = [null]]]
]]></system-out>
  </testcase>
  <testcase name="testMgrValidateNullMedical[Test with AUTOMATICLOT_IN=false, AUTOMATICLOT_OUT=false, AUTOMATICLOTWARD_TOWARD=true]" classname="org.isf.medicalstock.test.Tests" time="0.028">
    <system-out><![CDATA[[05/jul/2024 13:43:30] [:] INFO - Began transaction (1) for test context [DefaultTestContext@329af9b1 testClass = Tests, testInstance = org.isf.medicalstock.test.Tests@2c16b408, testMethod = testMgrValidateNullMedical@Tests, testException = [null], mergedContextConfiguration = [MergedContextConfiguration@7535554e testClass = Tests, locations = '{classpath:applicationContext.xml, classpath:applicationContext.xml}', classes = '{}', contextInitializerClasses = '[]', activeProfiles = '{}', propertySourceLocations = '{}', propertySourceProperties = '{}', contextCustomizers = set[org.springframework.boot.test.context.filter.ExcludeFilterContextCustomizer@255b53dc, org.springframework.boot.test.json.DuplicateJsonObjectContextCustomizerFactory$DuplicateJsonObjectContextCustomizer@64d2d351, org.springframework.boot.test.mock.mockito.MockitoContextCustomizer@0, org.springframework.boot.test.autoconfigure.properties.PropertyMappingContextCustomizer@0, org.springframework.boot.test.autoconfigure.web.servlet.WebDriverContextCustomizerFactory$Customizer@52aa2946], contextLoader = 'org.springframework.test.context.support.DelegatingSmartContextLoader', parent = [null]]]; transaction manager [org.springframework.orm.jpa.JpaTransactionManager@4ece2750]; rollback [true]
[05/jul/2024 13:43:30] [:] INFO - Rolled back transaction for test: [DefaultTestContext@329af9b1 testClass = Tests, testInstance = org.isf.medicalstock.test.Tests@2c16b408, testMethod = testMgrValidateNullMedical@Tests, testException = [null], mergedContextConfiguration = [MergedContextConfiguration@7535554e testClass = Tests, locations = '{classpath:applicationContext.xml, classpath:applicationContext.xml}', classes = '{}', contextInitializerClasses = '[]', activeProfiles = '{}', propertySourceLocations = '{}', propertySourceProperties = '{}', contextCustomizers = set[org.springframework.boot.test.context.filter.ExcludeFilterContextCustomizer@255b53dc, org.springframework.boot.test.json.DuplicateJsonObjectContextCustomizerFactory$DuplicateJsonObjectContextCustomizer@64d2d351, org.springframework.boot.test.mock.mockito.MockitoContextCustomizer@0, org.springframework.boot.test.autoconfigure.properties.PropertyMappingContextCustomizer@0, org.springframework.boot.test.autoconfigure.web.servlet.WebDriverContextCustomizerFactory$Customizer@52aa2946], contextLoader = 'org.springframework.test.context.support.DelegatingSmartContextLoader', parent = [null]]]
]]></system-out>
  </testcase>
  <testcase name="testMgrValidateLotPreparationDateAfterDueDate[Test with AUTOMATICLOT_IN=false, AUTOMATICLOT_OUT=false, AUTOMATICLOTWARD_TOWARD=true]" classname="org.isf.medicalstock.test.Tests" time="0.028">
    <system-out><![CDATA[[05/jul/2024 13:43:30] [:] INFO - Began transaction (1) for test context [DefaultTestContext@329af9b1 testClass = Tests, testInstance = org.isf.medicalstock.test.Tests@721b760c, testMethod = testMgrValidateLotPreparationDateAfterDueDate@Tests, testException = [null], mergedContextConfiguration = [MergedContextConfiguration@7535554e testClass = Tests, locations = '{classpath:applicationContext.xml, classpath:applicationContext.xml}', classes = '{}', contextInitializerClasses = '[]', activeProfiles = '{}', propertySourceLocations = '{}', propertySourceProperties = '{}', contextCustomizers = set[org.springframework.boot.test.context.filter.ExcludeFilterContextCustomizer@255b53dc, org.springframework.boot.test.json.DuplicateJsonObjectContextCustomizerFactory$DuplicateJsonObjectContextCustomizer@64d2d351, org.springframework.boot.test.mock.mockito.MockitoContextCustomizer@0, org.springframework.boot.test.autoconfigure.properties.PropertyMappingContextCustomizer@0, org.springframework.boot.test.autoconfigure.web.servlet.WebDriverContextCustomizerFactory$Customizer@52aa2946], contextLoader = 'org.springframework.test.context.support.DelegatingSmartContextLoader', parent = [null]]]; transaction manager [org.springframework.orm.jpa.JpaTransactionManager@4ece2750]; rollback [true]
[05/jul/2024 13:43:30] [:] INFO - Rolled back transaction for test: [DefaultTestContext@329af9b1 testClass = Tests, testInstance = org.isf.medicalstock.test.Tests@721b760c, testMethod = testMgrValidateLotPreparationDateAfterDueDate@Tests, testException = [null], mergedContextConfiguration = [MergedContextConfiguration@7535554e testClass = Tests, locations = '{classpath:applicationContext.xml, classpath:applicationContext.xml}', classes = '{}', contextInitializerClasses = '[]', activeProfiles = '{}', propertySourceLocations = '{}', propertySourceProperties = '{}', contextCustomizers = set[org.springframework.boot.test.context.filter.ExcludeFilterContextCustomizer@255b53dc, org.springframework.boot.test.json.DuplicateJsonObjectContextCustomizerFactory$DuplicateJsonObjectContextCustomizer@64d2d351, org.springframework.boot.test.mock.mockito.MockitoContextCustomizer@0, org.springframework.boot.test.autoconfigure.properties.PropertyMappingContextCustomizer@0, org.springframework.boot.test.autoconfigure.web.servlet.WebDriverContextCustomizerFactory$Customizer@52aa2946], contextLoader = 'org.springframework.test.context.support.DelegatingSmartContextLoader', parent = [null]]]
]]></system-out>
  </testcase>
  <testcase name="testMgrValidateLotCodeTooLong[Test with AUTOMATICLOT_IN=false, AUTOMATICLOT_OUT=false, AUTOMATICLOTWARD_TOWARD=true]" classname="org.isf.medicalstock.test.Tests" time="0.024">
    <system-out><![CDATA[[05/jul/2024 13:43:30] [:] INFO - Began transaction (1) for test context [DefaultTestContext@329af9b1 testClass = Tests, testInstance = org.isf.medicalstock.test.Tests@1b8a257a, testMethod = testMgrValidateLotCodeTooLong@Tests, testException = [null], mergedContextConfiguration = [MergedContextConfiguration@7535554e testClass = Tests, locations = '{classpath:applicationContext.xml, classpath:applicationContext.xml}', classes = '{}', contextInitializerClasses = '[]', activeProfiles = '{}', propertySourceLocations = '{}', propertySourceProperties = '{}', contextCustomizers = set[org.springframework.boot.test.context.filter.ExcludeFilterContextCustomizer@255b53dc, org.springframework.boot.test.json.DuplicateJsonObjectContextCustomizerFactory$DuplicateJsonObjectContextCustomizer@64d2d351, org.springframework.boot.test.mock.mockito.MockitoContextCustomizer@0, org.springframework.boot.test.autoconfigure.properties.PropertyMappingContextCustomizer@0, org.springframework.boot.test.autoconfigure.web.servlet.WebDriverContextCustomizerFactory$Customizer@52aa2946], contextLoader = 'org.springframework.test.context.support.DelegatingSmartContextLoader', parent = [null]]]; transaction manager [org.springframework.orm.jpa.JpaTransactionManager@4ece2750]; rollback [true]
[05/jul/2024 13:43:30] [:] ERROR - org.hibernate.TransientPropertyValueException: object references an unsaved transient instance - save the transient instance before flushing: org.isf.medicalstock.model.Movement.lot -> org.isf.medicalstock.model.Lot; nested exception is java.lang.IllegalStateException: org.hibernate.TransientPropertyValueException: object references an unsaved transient instance - save the transient instance before flushing: org.isf.medicalstock.model.Movement.lot -> org.isf.medicalstock.model.Lot
org.springframework.dao.InvalidDataAccessApiUsageException: org.hibernate.TransientPropertyValueException: object references an unsaved transient instance - save the transient instance before flushing: org.isf.medicalstock.model.Movement.lot -> org.isf.medicalstock.model.Lot; nested exception is java.lang.IllegalStateException: org.hibernate.TransientPropertyValueException: object references an unsaved transient instance - save the transient instance before flushing: org.isf.medicalstock.model.Movement.lot -> org.isf.medicalstock.model.Lot
	at org.springframework.orm.jpa.EntityManagerFactoryUtils.convertJpaAccessExceptionIfPossible(EntityManagerFactoryUtils.java:387)
	at org.springframework.orm.jpa.vendor.HibernateJpaDialect.translateExceptionIfPossible(HibernateJpaDialect.java:246)
	at org.springframework.orm.jpa.AbstractEntityManagerFactoryBean.translateExceptionIfPossible(AbstractEntityManagerFactoryBean.java:525)
	at org.springframework.dao.support.ChainedPersistenceExceptionTranslator.translateExceptionIfPossible(ChainedPersistenceExceptionTranslator.java:59)
	at org.springframework.dao.support.DataAccessUtils.translateIfNecessary(DataAccessUtils.java:209)
	at org.springframework.dao.support.PersistenceExceptionTranslationInterceptor.invoke(PersistenceExceptionTranslationInterceptor.java:147)
	at org.springframework.aop.framework.ReflectiveMethodInvocation.proceed(ReflectiveMethodInvocation.java:179)
	at org.springframework.data.jpa.repository.support.CrudMethodMetadataPostProcessor$CrudMethodMetadataPopulatingMethodInterceptor.invoke(CrudMethodMetadataPostProcessor.java:140)
	at org.springframework.aop.framework.ReflectiveMethodInvocation.proceed(ReflectiveMethodInvocation.java:179)
	at org.springframework.data.jpa.repository.support.CrudMethodMetadataPostProcessor$ExposeRepositoryInvocationInterceptor.invoke(CrudMethodMetadataPostProcessor.java:347)
	at org.springframework.aop.framework.ReflectiveMethodInvocation.proceed(ReflectiveMethodInvocation.java:179)
	at org.springframework.aop.interceptor.ExposeInvocationInterceptor.invoke(ExposeInvocationInterceptor.java:92)
	at org.springframework.aop.framework.ReflectiveMethodInvocation.proceed(ReflectiveMethodInvocation.java:179)
	at org.springframework.data.repository.core.support.SurroundingTransactionDetectorMethodInterceptor.invoke(SurroundingTransactionDetectorMethodInterceptor.java:57)
	at org.springframework.aop.framework.ReflectiveMethodInvocation.proceed(ReflectiveMethodInvocation.java:179)
	at org.springframework.aop.framework.JdkDynamicAopProxy.invoke(JdkDynamicAopProxy.java:213)
	at com.sun.proxy.$Proxy109.findMaxDate(Unknown Source)
	at org.isf.medicalstock.service.MedicalStockIoOperations.getLastMovementDate(MedicalStockIoOperations.java:565)
	at org.isf.medicalstock.service.MedicalStockIoOperations$$FastClassBySpringCGLIB$$a00ee1bd.invoke(<generated>)
	at org.springframework.cglib.proxy.MethodProxy.invoke(MethodProxy.java:204)
	at org.springframework.aop.framework.CglibAopProxy$CglibMethodInvocation.invokeJoinpoint(CglibAopProxy.java:737)
	at org.springframework.aop.framework.ReflectiveMethodInvocation.proceed(ReflectiveMethodInvocation.java:157)
	at org.springframework.transaction.interceptor.TransactionInterceptor$1.proceedWithInvocation(TransactionInterceptor.java:99)
	at org.springframework.transaction.interceptor.TransactionAspectSupport.invokeWithinTransaction(TransactionAspectSupport.java:283)
	at org.springframework.transaction.interceptor.TransactionInterceptor.invoke(TransactionInterceptor.java:96)
	at org.springframework.aop.framework.ReflectiveMethodInvocation.proceed(ReflectiveMethodInvocation.java:179)
	at org.springframework.aop.interceptor.ExposeInvocationInterceptor.invoke(ExposeInvocationInterceptor.java:92)
	at org.springframework.aop.framework.ReflectiveMethodInvocation.proceed(ReflectiveMethodInvocation.java:179)
	at org.springframework.aop.aspectj.MethodInvocationProceedingJoinPoint.proceed(MethodInvocationProceedingJoinPoint.java:84)
	at org.isf.utils.db.OHServiceExceptionTranslator.translateSqlExceptionToOHServiceException(OHServiceExceptionTranslator.java:55)
	at sun.reflect.GeneratedMethodAccessor67.invoke(Unknown Source)
	at sun.reflect.DelegatingMethodAccessorImpl.invoke(DelegatingMethodAccessorImpl.java:43)
	at java.lang.reflect.Method.invoke(Method.java:498)
	at org.springframework.aop.aspectj.AbstractAspectJAdvice.invokeAdviceMethodWithGivenArgs(AbstractAspectJAdvice.java:627)
	at org.springframework.aop.aspectj.AbstractAspectJAdvice.invokeAdviceMethod(AbstractAspectJAdvice.java:616)
	at org.springframework.aop.aspectj.AspectJAroundAdvice.invoke(AspectJAroundAdvice.java:70)
	at org.springframework.aop.framework.ReflectiveMethodInvocation.proceed(ReflectiveMethodInvocation.java:179)
	at org.springframework.aop.framework.CglibAopProxy$DynamicAdvisedInterceptor.intercept(CglibAopProxy.java:672)
	at org.isf.medicalstock.service.MedicalStockIoOperations$$EnhancerBySpringCGLIB$$36e028cc.getLastMovementDate(<generated>)
	at org.isf.medicalstock.manager.MovStockInsertingManager.getLastMovementDate(MovStockInsertingManager.java:278)
	at org.isf.medicalstock.manager.MovStockInsertingManager.validateMovement(MovStockInsertingManager.java:68)
	at org.isf.medicalstock.manager.MovStockInsertingManager.prepareChargingMovement(MovStockInsertingManager.java:349)
	at org.isf.medicalstock.manager.MovStockInsertingManager.newMultipleChargingMovements(MovStockInsertingManager.java:326)
	at org.isf.medicalstock.manager.MovStockInsertingManager$$FastClassBySpringCGLIB$$2a8b6bd4.invoke(<generated>)
	at org.springframework.cglib.proxy.MethodProxy.invoke(MethodProxy.java:204)
	at org.springframework.aop.framework.CglibAopProxy$CglibMethodInvocation.invokeJoinpoint(CglibAopProxy.java:737)
	at org.springframework.aop.framework.ReflectiveMethodInvocation.proceed(ReflectiveMethodInvocation.java:157)
	at org.springframework.transaction.interceptor.TransactionInterceptor$1.proceedWithInvocation(TransactionInterceptor.java:99)
	at org.springframework.transaction.interceptor.TransactionAspectSupport.invokeWithinTransaction(TransactionAspectSupport.java:283)
	at org.springframework.transaction.interceptor.TransactionInterceptor.invoke(TransactionInterceptor.java:96)
	at org.springframework.aop.framework.ReflectiveMethodInvocation.proceed(ReflectiveMethodInvocation.java:179)
	at org.springframework.aop.framework.CglibAopProxy$DynamicAdvisedInterceptor.intercept(CglibAopProxy.java:672)
	at org.isf.medicalstock.manager.MovStockInsertingManager$$EnhancerBySpringCGLIB$$ef6ee236.newMultipleChargingMovements(<generated>)
	at org.isf.medicalstock.test.Tests.lambda$28(Tests.java:943)
	at org.assertj.core.api.ThrowableAssert.catchThrowable(ThrowableAssert.java:62)
	at org.assertj.core.api.AssertionsForClassTypes.catchThrowable(AssertionsForClassTypes.java:877)
	at org.assertj.core.api.Assertions.catchThrowable(Assertions.java:1336)
	at org.assertj.core.api.Assertions.assertThatThrownBy(Assertions.java:1181)
	at org.isf.medicalstock.test.Tests.testMgrValidateLotCodeTooLong(Tests.java:935)
	at sun.reflect.NativeMethodAccessorImpl.invoke0(Native Method)
	at sun.reflect.NativeMethodAccessorImpl.invoke(NativeMethodAccessorImpl.java:62)
	at sun.reflect.DelegatingMethodAccessorImpl.invoke(DelegatingMethodAccessorImpl.java:43)
	at java.lang.reflect.Method.invoke(Method.java:498)
	at org.junit.runners.model.FrameworkMethod$1.runReflectiveCall(FrameworkMethod.java:59)
	at org.junit.internal.runners.model.ReflectiveCallable.run(ReflectiveCallable.java:12)
	at org.junit.runners.model.FrameworkMethod.invokeExplosively(FrameworkMethod.java:56)
	at org.junit.internal.runners.statements.InvokeMethod.evaluate(InvokeMethod.java:17)
	at org.junit.internal.runners.statements.RunBefores.evaluate(RunBefores.java:26)
	at org.springframework.test.context.junit4.statements.RunBeforeTestMethodCallbacks.evaluate(RunBeforeTestMethodCallbacks.java:75)
	at org.springframework.test.context.junit4.statements.RunAfterTestMethodCallbacks.evaluate(RunAfterTestMethodCallbacks.java:86)
	at org.springframework.test.context.junit4.statements.RunPrepareTestInstanceCallbacks.evaluate(RunPrepareTestInstanceCallbacks.java:64)
	at org.springframework.test.context.junit4.statements.SpringRepeat.evaluate(SpringRepeat.java:84)
	at org.springframework.test.context.junit4.statements.SpringFailOnTimeout.evaluate(SpringFailOnTimeout.java:87)
	at org.springframework.test.context.junit4.statements.ProfileValueChecker.evaluate(ProfileValueChecker.java:101)
	at org.junit.runners.ParentRunner$3.evaluate(ParentRunner.java:306)
	at org.junit.runners.BlockJUnit4ClassRunner$1.evaluate(BlockJUnit4ClassRunner.java:100)
	at org.junit.runners.ParentRunner.runLeaf(ParentRunner.java:366)
	at org.junit.runners.BlockJUnit4ClassRunner.runChild(BlockJUnit4ClassRunner.java:103)
	at org.junit.runners.BlockJUnit4ClassRunner.runChild(BlockJUnit4ClassRunner.java:63)
	at org.junit.runners.ParentRunner$4.run(ParentRunner.java:331)
	at org.junit.runners.ParentRunner$1.schedule(ParentRunner.java:79)
	at org.junit.runners.ParentRunner.runChildren(ParentRunner.java:329)
	at org.junit.runners.ParentRunner.access$100(ParentRunner.java:66)
	at org.junit.runners.ParentRunner$2.evaluate(ParentRunner.java:293)
	at org.junit.runners.ParentRunner.run(ParentRunner.java:413)
	at org.junit.runners.Suite.runChild(Suite.java:128)
	at org.junit.runners.Suite.runChild(Suite.java:27)
	at org.junit.runners.ParentRunner$4.run(ParentRunner.java:331)
	at org.junit.runners.ParentRunner$1.schedule(ParentRunner.java:79)
	at org.junit.runners.ParentRunner.runChildren(ParentRunner.java:329)
	at org.junit.runners.ParentRunner.access$100(ParentRunner.java:66)
	at org.junit.runners.ParentRunner$2.evaluate(ParentRunner.java:293)
	at org.junit.internal.runners.statements.RunBefores.evaluate(RunBefores.java:26)
	at org.junit.internal.runners.statements.RunAfters.evaluate(RunAfters.java:27)
	at org.springframework.test.context.junit4.statements.RunBeforeTestClassCallbacks.evaluate(RunBeforeTestClassCallbacks.java:61)
	at org.springframework.test.context.junit4.statements.RunAfterTestClassCallbacks.evaluate(RunAfterTestClassCallbacks.java:70)
	at org.springframework.test.context.junit4.statements.ProfileValueChecker.evaluate(ProfileValueChecker.java:101)
	at org.springframework.test.context.junit4.rules.SpringClassRule$TestContextManagerCacheEvictor.evaluate(SpringClassRule.java:242)
	at org.junit.rules.RunRules.evaluate(RunRules.java:20)
	at org.junit.runners.ParentRunner$3.evaluate(ParentRunner.java:306)
	at org.junit.runners.ParentRunner.run(ParentRunner.java:413)
	at org.apache.maven.surefire.junit4.JUnit4Provider.execute(JUnit4Provider.java:316)
	at org.apache.maven.surefire.junit4.JUnit4Provider.executeWithRerun(JUnit4Provider.java:240)
	at org.apache.maven.surefire.junit4.JUnit4Provider.executeTestSet(JUnit4Provider.java:214)
	at org.apache.maven.surefire.junit4.JUnit4Provider.invoke(JUnit4Provider.java:155)
	at org.apache.maven.surefire.booter.ForkedBooter.runSuitesInProcess(ForkedBooter.java:385)
	at org.apache.maven.surefire.booter.ForkedBooter.execute(ForkedBooter.java:162)
	at org.apache.maven.surefire.booter.ForkedBooter.run(ForkedBooter.java:507)
	at org.apache.maven.surefire.booter.ForkedBooter.main(ForkedBooter.java:495)
Caused by: java.lang.IllegalStateException: org.hibernate.TransientPropertyValueException: object references an unsaved transient instance - save the transient instance before flushing: org.isf.medicalstock.model.Movement.lot -> org.isf.medicalstock.model.Lot
	at org.hibernate.ejb.AbstractEntityManagerImpl.convert(AbstractEntityManagerImpl.java:1384)
	at org.hibernate.ejb.AbstractEntityManagerImpl.convert(AbstractEntityManagerImpl.java:1310)
	at org.hibernate.ejb.QueryImpl.getSingleResult(QueryImpl.java:316)
	at org.springframework.data.jpa.repository.query.JpaQueryExecution$SingleEntityExecution.doExecute(JpaQueryExecution.java:210)
	at org.springframework.data.jpa.repository.query.JpaQueryExecution.execute(JpaQueryExecution.java:89)
	at org.springframework.data.jpa.repository.query.AbstractJpaQuery.doExecute(AbstractJpaQuery.java:126)
	at org.springframework.data.jpa.repository.query.AbstractJpaQuery.execute(AbstractJpaQuery.java:116)
	at org.springframework.data.repository.core.support.RepositoryFactorySupport$QueryExecutorMethodInterceptor.doInvoke(RepositoryFactorySupport.java:494)
	at org.springframework.data.repository.core.support.RepositoryFactorySupport$QueryExecutorMethodInterceptor.invoke(RepositoryFactorySupport.java:477)
	at org.springframework.aop.framework.ReflectiveMethodInvocation.proceed(ReflectiveMethodInvocation.java:179)
	at org.springframework.data.projection.DefaultMethodInvokingMethodInterceptor.invoke(DefaultMethodInvokingMethodInterceptor.java:56)
	at org.springframework.aop.framework.ReflectiveMethodInvocation.proceed(ReflectiveMethodInvocation.java:179)
	at org.springframework.transaction.interceptor.TransactionInterceptor$1.proceedWithInvocation(TransactionInterceptor.java:99)
	at org.springframework.transaction.interceptor.TransactionAspectSupport.invokeWithinTransaction(TransactionAspectSupport.java:283)
	at org.springframework.transaction.interceptor.TransactionInterceptor.invoke(TransactionInterceptor.java:96)
	at org.springframework.aop.framework.ReflectiveMethodInvocation.proceed(ReflectiveMethodInvocation.java:179)
	at org.springframework.dao.support.PersistenceExceptionTranslationInterceptor.invoke(PersistenceExceptionTranslationInterceptor.java:136)
	... 103 more
Caused by: org.hibernate.TransientPropertyValueException: object references an unsaved transient instance - save the transient instance before flushing: org.isf.medicalstock.model.Movement.lot -> org.isf.medicalstock.model.Lot
	at org.hibernate.engine.spi.CascadingAction$8.noCascade(CascadingAction.java:380)
	at org.hibernate.engine.internal.Cascade.cascade(Cascade.java:175)
	at org.hibernate.event.internal.AbstractFlushingEventListener.cascadeOnFlush(AbstractFlushingEventListener.java:165)
	at org.hibernate.event.internal.AbstractFlushingEventListener.prepareEntityFlushes(AbstractFlushingEventListener.java:156)
	at org.hibernate.event.internal.AbstractFlushingEventListener.flushEverythingToExecutions(AbstractFlushingEventListener.java:89)
	at org.hibernate.event.internal.DefaultAutoFlushEventListener.onAutoFlush(DefaultAutoFlushEventListener.java:61)
	at org.hibernate.internal.SessionImpl.autoFlushIfRequired(SessionImpl.java:1130)
	at org.hibernate.internal.SessionImpl.list(SessionImpl.java:1187)
	at org.hibernate.internal.QueryImpl.list(QueryImpl.java:101)
	at org.hibernate.ejb.QueryImpl.getSingleResult(QueryImpl.java:287)
	... 117 more
[05/jul/2024 13:43:30] [:] INFO - Rolled back transaction for test: [DefaultTestContext@329af9b1 testClass = Tests, testInstance = org.isf.medicalstock.test.Tests@1b8a257a, testMethod = testMgrValidateLotCodeTooLong@Tests, testException = [null], mergedContextConfiguration = [MergedContextConfiguration@7535554e testClass = Tests, locations = '{classpath:applicationContext.xml, classpath:applicationContext.xml}', classes = '{}', contextInitializerClasses = '[]', activeProfiles = '{}', propertySourceLocations = '{}', propertySourceProperties = '{}', contextCustomizers = set[org.springframework.boot.test.context.filter.ExcludeFilterContextCustomizer@255b53dc, org.springframework.boot.test.json.DuplicateJsonObjectContextCustomizerFactory$DuplicateJsonObjectContextCustomizer@64d2d351, org.springframework.boot.test.mock.mockito.MockitoContextCustomizer@0, org.springframework.boot.test.autoconfigure.properties.PropertyMappingContextCustomizer@0, org.springframework.boot.test.autoconfigure.web.servlet.WebDriverContextCustomizerFactory$Customizer@52aa2946], contextLoader = 'org.springframework.test.context.support.DelegatingSmartContextLoader', parent = [null]]]
]]></system-out>
  </testcase>
  <testcase name="testIoNewAutomaticDischargingMovementLotQuantityLessMovementQuantity[Test with AUTOMATICLOT_IN=false, AUTOMATICLOT_OUT=false, AUTOMATICLOTWARD_TOWARD=true]" classname="org.isf.medicalstock.test.Tests" time="0.036">
    <system-out><![CDATA[[05/jul/2024 13:43:30] [:] INFO - Began transaction (1) for test context [DefaultTestContext@329af9b1 testClass = Tests, testInstance = org.isf.medicalstock.test.Tests@74b4cc25, testMethod = testIoNewAutomaticDischargingMovementLotQuantityLessMovementQuantity@Tests, testException = [null], mergedContextConfiguration = [MergedContextConfiguration@7535554e testClass = Tests, locations = '{classpath:applicationContext.xml, classpath:applicationContext.xml}', classes = '{}', contextInitializerClasses = '[]', activeProfiles = '{}', propertySourceLocations = '{}', propertySourceProperties = '{}', contextCustomizers = set[org.springframework.boot.test.context.filter.ExcludeFilterContextCustomizer@255b53dc, org.springframework.boot.test.json.DuplicateJsonObjectContextCustomizerFactory$DuplicateJsonObjectContextCustomizer@64d2d351, org.springframework.boot.test.mock.mockito.MockitoContextCustomizer@0, org.springframework.boot.test.autoconfigure.properties.PropertyMappingContextCustomizer@0, org.springframework.boot.test.autoconfigure.web.servlet.WebDriverContextCustomizerFactory$Customizer@52aa2946], contextLoader = 'org.springframework.test.context.support.DelegatingSmartContextLoader', parent = [null]]]; transaction manager [org.springframework.orm.jpa.JpaTransactionManager@4ece2750]; rollback [true]
[05/jul/2024 13:43:30] [:] INFO - Rolled back transaction for test: [DefaultTestContext@329af9b1 testClass = Tests, testInstance = org.isf.medicalstock.test.Tests@74b4cc25, testMethod = testIoNewAutomaticDischargingMovementLotQuantityLessMovementQuantity@Tests, testException = [null], mergedContextConfiguration = [MergedContextConfiguration@7535554e testClass = Tests, locations = '{classpath:applicationContext.xml, classpath:applicationContext.xml}', classes = '{}', contextInitializerClasses = '[]', activeProfiles = '{}', propertySourceLocations = '{}', propertySourceProperties = '{}', contextCustomizers = set[org.springframework.boot.test.context.filter.ExcludeFilterContextCustomizer@255b53dc, org.springframework.boot.test.json.DuplicateJsonObjectContextCustomizerFactory$DuplicateJsonObjectContextCustomizer@64d2d351, org.springframework.boot.test.mock.mockito.MockitoContextCustomizer@0, org.springframework.boot.test.autoconfigure.properties.PropertyMappingContextCustomizer@0, org.springframework.boot.test.autoconfigure.web.servlet.WebDriverContextCustomizerFactory$Customizer@52aa2946], contextLoader = 'org.springframework.test.context.support.DelegatingSmartContextLoader', parent = [null]]]
]]></system-out>
  </testcase>
  <testcase name="testIoNewMovementOutGoingLots[Test with AUTOMATICLOT_IN=false, AUTOMATICLOT_OUT=false, AUTOMATICLOTWARD_TOWARD=true]" classname="org.isf.medicalstock.test.Tests" time="0.032">
    <system-out><![CDATA[[05/jul/2024 13:43:30] [:] INFO - Began transaction (1) for test context [DefaultTestContext@329af9b1 testClass = Tests, testInstance = org.isf.medicalstock.test.Tests@78479a71, testMethod = testIoNewMovementOutGoingLots@Tests, testException = [null], mergedContextConfiguration = [MergedContextConfiguration@7535554e testClass = Tests, locations = '{classpath:applicationContext.xml, classpath:applicationContext.xml}', classes = '{}', contextInitializerClasses = '[]', activeProfiles = '{}', propertySourceLocations = '{}', propertySourceProperties = '{}', contextCustomizers = set[org.springframework.boot.test.context.filter.ExcludeFilterContextCustomizer@255b53dc, org.springframework.boot.test.json.DuplicateJsonObjectContextCustomizerFactory$DuplicateJsonObjectContextCustomizer@64d2d351, org.springframework.boot.test.mock.mockito.MockitoContextCustomizer@0, org.springframework.boot.test.autoconfigure.properties.PropertyMappingContextCustomizer@0, org.springframework.boot.test.autoconfigure.web.servlet.WebDriverContextCustomizerFactory$Customizer@52aa2946], contextLoader = 'org.springframework.test.context.support.DelegatingSmartContextLoader', parent = [null]]]; transaction manager [org.springframework.orm.jpa.JpaTransactionManager@4ece2750]; rollback [true]
[05/jul/2024 13:43:30] [:] INFO - Rolled back transaction for test: [DefaultTestContext@329af9b1 testClass = Tests, testInstance = org.isf.medicalstock.test.Tests@78479a71, testMethod = testIoNewMovementOutGoingLots@Tests, testException = [null], mergedContextConfiguration = [MergedContextConfiguration@7535554e testClass = Tests, locations = '{classpath:applicationContext.xml, classpath:applicationContext.xml}', classes = '{}', contextInitializerClasses = '[]', activeProfiles = '{}', propertySourceLocations = '{}', propertySourceProperties = '{}', contextCustomizers = set[org.springframework.boot.test.context.filter.ExcludeFilterContextCustomizer@255b53dc, org.springframework.boot.test.json.DuplicateJsonObjectContextCustomizerFactory$DuplicateJsonObjectContextCustomizer@64d2d351, org.springframework.boot.test.mock.mockito.MockitoContextCustomizer@0, org.springframework.boot.test.autoconfigure.properties.PropertyMappingContextCustomizer@0, org.springframework.boot.test.autoconfigure.web.servlet.WebDriverContextCustomizerFactory$Customizer@52aa2946], contextLoader = 'org.springframework.test.context.support.DelegatingSmartContextLoader', parent = [null]]]
]]></system-out>
  </testcase>
  <testcase name="testIoGetMedicalsFromLot[Test with AUTOMATICLOT_IN=false, AUTOMATICLOT_OUT=false, AUTOMATICLOTWARD_TOWARD=true]" classname="org.isf.medicalstock.test.Tests" time="0.011">
    <system-out><![CDATA[[05/jul/2024 13:43:30] [:] INFO - Began transaction (1) for test context [DefaultTestContext@329af9b1 testClass = Tests, testInstance = org.isf.medicalstock.test.Tests@213487ae, testMethod = testIoGetMedicalsFromLot@Tests, testException = [null], mergedContextConfiguration = [MergedContextConfiguration@7535554e testClass = Tests, locations = '{classpath:applicationContext.xml, classpath:applicationContext.xml}', classes = '{}', contextInitializerClasses = '[]', activeProfiles = '{}', propertySourceLocations = '{}', propertySourceProperties = '{}', contextCustomizers = set[org.springframework.boot.test.context.filter.ExcludeFilterContextCustomizer@255b53dc, org.springframework.boot.test.json.DuplicateJsonObjectContextCustomizerFactory$DuplicateJsonObjectContextCustomizer@64d2d351, org.springframework.boot.test.mock.mockito.MockitoContextCustomizer@0, org.springframework.boot.test.autoconfigure.properties.PropertyMappingContextCustomizer@0, org.springframework.boot.test.autoconfigure.web.servlet.WebDriverContextCustomizerFactory$Customizer@52aa2946], contextLoader = 'org.springframework.test.context.support.DelegatingSmartContextLoader', parent = [null]]]; transaction manager [org.springframework.orm.jpa.JpaTransactionManager@4ece2750]; rollback [true]
[05/jul/2024 13:43:30] [:] INFO - Rolled back transaction for test: [DefaultTestContext@329af9b1 testClass = Tests, testInstance = org.isf.medicalstock.test.Tests@213487ae, testMethod = testIoGetMedicalsFromLot@Tests, testException = [null], mergedContextConfiguration = [MergedContextConfiguration@7535554e testClass = Tests, locations = '{classpath:applicationContext.xml, classpath:applicationContext.xml}', classes = '{}', contextInitializerClasses = '[]', activeProfiles = '{}', propertySourceLocations = '{}', propertySourceProperties = '{}', contextCustomizers = set[org.springframework.boot.test.context.filter.ExcludeFilterContextCustomizer@255b53dc, org.springframework.boot.test.json.DuplicateJsonObjectContextCustomizerFactory$DuplicateJsonObjectContextCustomizer@64d2d351, org.springframework.boot.test.mock.mockito.MockitoContextCustomizer@0, org.springframework.boot.test.autoconfigure.properties.PropertyMappingContextCustomizer@0, org.springframework.boot.test.autoconfigure.web.servlet.WebDriverContextCustomizerFactory$Customizer@52aa2946], contextLoader = 'org.springframework.test.context.support.DelegatingSmartContextLoader', parent = [null]]]
]]></system-out>
  </testcase>
  <testcase name="testMgrGetMovementsWithParameters[Test with AUTOMATICLOT_IN=false, AUTOMATICLOT_OUT=false, AUTOMATICLOTWARD_TOWARD=true]" classname="org.isf.medicalstock.test.Tests" time="0.02">
    <system-out><![CDATA[[05/jul/2024 13:43:30] [:] INFO - Began transaction (1) for test context [DefaultTestContext@329af9b1 testClass = Tests, testInstance = org.isf.medicalstock.test.Tests@2c94c2ed, testMethod = testMgrGetMovementsWithParameters@Tests, testException = [null], mergedContextConfiguration = [MergedContextConfiguration@7535554e testClass = Tests, locations = '{classpath:applicationContext.xml, classpath:applicationContext.xml}', classes = '{}', contextInitializerClasses = '[]', activeProfiles = '{}', propertySourceLocations = '{}', propertySourceProperties = '{}', contextCustomizers = set[org.springframework.boot.test.context.filter.ExcludeFilterContextCustomizer@255b53dc, org.springframework.boot.test.json.DuplicateJsonObjectContextCustomizerFactory$DuplicateJsonObjectContextCustomizer@64d2d351, org.springframework.boot.test.mock.mockito.MockitoContextCustomizer@0, org.springframework.boot.test.autoconfigure.properties.PropertyMappingContextCustomizer@0, org.springframework.boot.test.autoconfigure.web.servlet.WebDriverContextCustomizerFactory$Customizer@52aa2946], contextLoader = 'org.springframework.test.context.support.DelegatingSmartContextLoader', parent = [null]]]; transaction manager [org.springframework.orm.jpa.JpaTransactionManager@4ece2750]; rollback [true]
[05/jul/2024 13:43:30] [:] INFO - Rolled back transaction for test: [DefaultTestContext@329af9b1 testClass = Tests, testInstance = org.isf.medicalstock.test.Tests@2c94c2ed, testMethod = testMgrGetMovementsWithParameters@Tests, testException = [null], mergedContextConfiguration = [MergedContextConfiguration@7535554e testClass = Tests, locations = '{classpath:applicationContext.xml, classpath:applicationContext.xml}', classes = '{}', contextInitializerClasses = '[]', activeProfiles = '{}', propertySourceLocations = '{}', propertySourceProperties = '{}', contextCustomizers = set[org.springframework.boot.test.context.filter.ExcludeFilterContextCustomizer@255b53dc, org.springframework.boot.test.json.DuplicateJsonObjectContextCustomizerFactory$DuplicateJsonObjectContextCustomizer@64d2d351, org.springframework.boot.test.mock.mockito.MockitoContextCustomizer@0, org.springframework.boot.test.autoconfigure.properties.PropertyMappingContextCustomizer@0, org.springframework.boot.test.autoconfigure.web.servlet.WebDriverContextCustomizerFactory$Customizer@52aa2946], contextLoader = 'org.springframework.test.context.support.DelegatingSmartContextLoader', parent = [null]]]
]]></system-out>
  </testcase>
  <testcase name="testMgrRefNoExists[Test with AUTOMATICLOT_IN=false, AUTOMATICLOT_OUT=false, AUTOMATICLOTWARD_TOWARD=true]" classname="org.isf.medicalstock.test.Tests" time="0.014">
    <system-out><![CDATA[[05/jul/2024 13:43:30] [:] INFO - Began transaction (1) for test context [DefaultTestContext@329af9b1 testClass = Tests, testInstance = org.isf.medicalstock.test.Tests@5dbc42ad, testMethod = testMgrRefNoExists@Tests, testException = [null], mergedContextConfiguration = [MergedContextConfiguration@7535554e testClass = Tests, locations = '{classpath:applicationContext.xml, classpath:applicationContext.xml}', classes = '{}', contextInitializerClasses = '[]', activeProfiles = '{}', propertySourceLocations = '{}', propertySourceProperties = '{}', contextCustomizers = set[org.springframework.boot.test.context.filter.ExcludeFilterContextCustomizer@255b53dc, org.springframework.boot.test.json.DuplicateJsonObjectContextCustomizerFactory$DuplicateJsonObjectContextCustomizer@64d2d351, org.springframework.boot.test.mock.mockito.MockitoContextCustomizer@0, org.springframework.boot.test.autoconfigure.properties.PropertyMappingContextCustomizer@0, org.springframework.boot.test.autoconfigure.web.servlet.WebDriverContextCustomizerFactory$Customizer@52aa2946], contextLoader = 'org.springframework.test.context.support.DelegatingSmartContextLoader', parent = [null]]]; transaction manager [org.springframework.orm.jpa.JpaTransactionManager@4ece2750]; rollback [true]
[05/jul/2024 13:43:30] [:] INFO - Rolled back transaction for test: [DefaultTestContext@329af9b1 testClass = Tests, testInstance = org.isf.medicalstock.test.Tests@5dbc42ad, testMethod = testMgrRefNoExists@Tests, testException = [null], mergedContextConfiguration = [MergedContextConfiguration@7535554e testClass = Tests, locations = '{classpath:applicationContext.xml, classpath:applicationContext.xml}', classes = '{}', contextInitializerClasses = '[]', activeProfiles = '{}', propertySourceLocations = '{}', propertySourceProperties = '{}', contextCustomizers = set[org.springframework.boot.test.context.filter.ExcludeFilterContextCustomizer@255b53dc, org.springframework.boot.test.json.DuplicateJsonObjectContextCustomizerFactory$DuplicateJsonObjectContextCustomizer@64d2d351, org.springframework.boot.test.mock.mockito.MockitoContextCustomizer@0, org.springframework.boot.test.autoconfigure.properties.PropertyMappingContextCustomizer@0, org.springframework.boot.test.autoconfigure.web.servlet.WebDriverContextCustomizerFactory$Customizer@52aa2946], contextLoader = 'org.springframework.test.context.support.DelegatingSmartContextLoader', parent = [null]]]
]]></system-out>
  </testcase>
  <testcase name="testMgrValidateMovementDateBeforeLastDate[Test with AUTOMATICLOT_IN=false, AUTOMATICLOT_OUT=false, AUTOMATICLOTWARD_TOWARD=true]" classname="org.isf.medicalstock.test.Tests" time="0.02">
    <system-out><![CDATA[[05/jul/2024 13:43:30] [:] INFO - Began transaction (1) for test context [DefaultTestContext@329af9b1 testClass = Tests, testInstance = org.isf.medicalstock.test.Tests@19cb22aa, testMethod = testMgrValidateMovementDateBeforeLastDate@Tests, testException = [null], mergedContextConfiguration = [MergedContextConfiguration@7535554e testClass = Tests, locations = '{classpath:applicationContext.xml, classpath:applicationContext.xml}', classes = '{}', contextInitializerClasses = '[]', activeProfiles = '{}', propertySourceLocations = '{}', propertySourceProperties = '{}', contextCustomizers = set[org.springframework.boot.test.context.filter.ExcludeFilterContextCustomizer@255b53dc, org.springframework.boot.test.json.DuplicateJsonObjectContextCustomizerFactory$DuplicateJsonObjectContextCustomizer@64d2d351, org.springframework.boot.test.mock.mockito.MockitoContextCustomizer@0, org.springframework.boot.test.autoconfigure.properties.PropertyMappingContextCustomizer@0, org.springframework.boot.test.autoconfigure.web.servlet.WebDriverContextCustomizerFactory$Customizer@52aa2946], contextLoader = 'org.springframework.test.context.support.DelegatingSmartContextLoader', parent = [null]]]; transaction manager [org.springframework.orm.jpa.JpaTransactionManager@4ece2750]; rollback [true]
[05/jul/2024 13:43:30] [:] INFO - Rolled back transaction for test: [DefaultTestContext@329af9b1 testClass = Tests, testInstance = org.isf.medicalstock.test.Tests@19cb22aa, testMethod = testMgrValidateMovementDateBeforeLastDate@Tests, testException = [null], mergedContextConfiguration = [MergedContextConfiguration@7535554e testClass = Tests, locations = '{classpath:applicationContext.xml, classpath:applicationContext.xml}', classes = '{}', contextInitializerClasses = '[]', activeProfiles = '{}', propertySourceLocations = '{}', propertySourceProperties = '{}', contextCustomizers = set[org.springframework.boot.test.context.filter.ExcludeFilterContextCustomizer@255b53dc, org.springframework.boot.test.json.DuplicateJsonObjectContextCustomizerFactory$DuplicateJsonObjectContextCustomizer@64d2d351, org.springframework.boot.test.mock.mockito.MockitoContextCustomizer@0, org.springframework.boot.test.autoconfigure.properties.PropertyMappingContextCustomizer@0, org.springframework.boot.test.autoconfigure.web.servlet.WebDriverContextCustomizerFactory$Customizer@52aa2946], contextLoader = 'org.springframework.test.context.support.DelegatingSmartContextLoader', parent = [null]]]
]]></system-out>
  </testcase>
  <testcase name="testMgrPrepareChargingMovementBadRefNumber[Test with AUTOMATICLOT_IN=false, AUTOMATICLOT_OUT=true, AUTOMATICLOTWARD_TOWARD=false]" classname="org.isf.medicalstock.test.Tests" time="0.018">
    <system-out><![CDATA[[05/jul/2024 13:43:30] [:] INFO - Began transaction (1) for test context [DefaultTestContext@329af9b1 testClass = Tests, testInstance = org.isf.medicalstock.test.Tests@4b9c7d11, testMethod = testMgrPrepareChargingMovementBadRefNumber@Tests, testException = [null], mergedContextConfiguration = [MergedContextConfiguration@7535554e testClass = Tests, locations = '{classpath:applicationContext.xml, classpath:applicationContext.xml}', classes = '{}', contextInitializerClasses = '[]', activeProfiles = '{}', propertySourceLocations = '{}', propertySourceProperties = '{}', contextCustomizers = set[org.springframework.boot.test.context.filter.ExcludeFilterContextCustomizer@255b53dc, org.springframework.boot.test.json.DuplicateJsonObjectContextCustomizerFactory$DuplicateJsonObjectContextCustomizer@64d2d351, org.springframework.boot.test.mock.mockito.MockitoContextCustomizer@0, org.springframework.boot.test.autoconfigure.properties.PropertyMappingContextCustomizer@0, org.springframework.boot.test.autoconfigure.web.servlet.WebDriverContextCustomizerFactory$Customizer@52aa2946], contextLoader = 'org.springframework.test.context.support.DelegatingSmartContextLoader', parent = [null]]]; transaction manager [org.springframework.orm.jpa.JpaTransactionManager@4ece2750]; rollback [true]
[05/jul/2024 13:43:30] [:] INFO - Rolled back transaction for test: [DefaultTestContext@329af9b1 testClass = Tests, testInstance = org.isf.medicalstock.test.Tests@4b9c7d11, testMethod = testMgrPrepareChargingMovementBadRefNumber@Tests, testException = [null], mergedContextConfiguration = [MergedContextConfiguration@7535554e testClass = Tests, locations = '{classpath:applicationContext.xml, classpath:applicationContext.xml}', classes = '{}', contextInitializerClasses = '[]', activeProfiles = '{}', propertySourceLocations = '{}', propertySourceProperties = '{}', contextCustomizers = set[org.springframework.boot.test.context.filter.ExcludeFilterContextCustomizer@255b53dc, org.springframework.boot.test.json.DuplicateJsonObjectContextCustomizerFactory$DuplicateJsonObjectContextCustomizer@64d2d351, org.springframework.boot.test.mock.mockito.MockitoContextCustomizer@0, org.springframework.boot.test.autoconfigure.properties.PropertyMappingContextCustomizer@0, org.springframework.boot.test.autoconfigure.web.servlet.WebDriverContextCustomizerFactory$Customizer@52aa2946], contextLoader = 'org.springframework.test.context.support.DelegatingSmartContextLoader', parent = [null]]]
]]></system-out>
  </testcase>
  <testcase name="testMgrValidateLotWithCostZero[Test with AUTOMATICLOT_IN=false, AUTOMATICLOT_OUT=true, AUTOMATICLOTWARD_TOWARD=false]" classname="org.isf.medicalstock.test.Tests" time="0.019">
    <system-out><![CDATA[[05/jul/2024 13:43:30] [:] INFO - Began transaction (1) for test context [DefaultTestContext@329af9b1 testClass = Tests, testInstance = org.isf.medicalstock.test.Tests@68257e55, testMethod = testMgrValidateLotWithCostZero@Tests, testException = [null], mergedContextConfiguration = [MergedContextConfiguration@7535554e testClass = Tests, locations = '{classpath:applicationContext.xml, classpath:applicationContext.xml}', classes = '{}', contextInitializerClasses = '[]', activeProfiles = '{}', propertySourceLocations = '{}', propertySourceProperties = '{}', contextCustomizers = set[org.springframework.boot.test.context.filter.ExcludeFilterContextCustomizer@255b53dc, org.springframework.boot.test.json.DuplicateJsonObjectContextCustomizerFactory$DuplicateJsonObjectContextCustomizer@64d2d351, org.springframework.boot.test.mock.mockito.MockitoContextCustomizer@0, org.springframework.boot.test.autoconfigure.properties.PropertyMappingContextCustomizer@0, org.springframework.boot.test.autoconfigure.web.servlet.WebDriverContextCustomizerFactory$Customizer@52aa2946], contextLoader = 'org.springframework.test.context.support.DelegatingSmartContextLoader', parent = [null]]]; transaction manager [org.springframework.orm.jpa.JpaTransactionManager@4ece2750]; rollback [true]
[05/jul/2024 13:43:30] [:] INFO - Rolled back transaction for test: [DefaultTestContext@329af9b1 testClass = Tests, testInstance = org.isf.medicalstock.test.Tests@68257e55, testMethod = testMgrValidateLotWithCostZero@Tests, testException = [null], mergedContextConfiguration = [MergedContextConfiguration@7535554e testClass = Tests, locations = '{classpath:applicationContext.xml, classpath:applicationContext.xml}', classes = '{}', contextInitializerClasses = '[]', activeProfiles = '{}', propertySourceLocations = '{}', propertySourceProperties = '{}', contextCustomizers = set[org.springframework.boot.test.context.filter.ExcludeFilterContextCustomizer@255b53dc, org.springframework.boot.test.json.DuplicateJsonObjectContextCustomizerFactory$DuplicateJsonObjectContextCustomizer@64d2d351, org.springframework.boot.test.mock.mockito.MockitoContextCustomizer@0, org.springframework.boot.test.autoconfigure.properties.PropertyMappingContextCustomizer@0, org.springframework.boot.test.autoconfigure.web.servlet.WebDriverContextCustomizerFactory$Customizer@52aa2946], contextLoader = 'org.springframework.test.context.support.DelegatingSmartContextLoader', parent = [null]]]
]]></system-out>
  </testcase>
  <testcase name="testMgrPrepareChargingMovement[Test with AUTOMATICLOT_IN=false, AUTOMATICLOT_OUT=true, AUTOMATICLOTWARD_TOWARD=false]" classname="org.isf.medicalstock.test.Tests" time="0.019">
    <system-out><![CDATA[[05/jul/2024 13:43:30] [:] INFO - Began transaction (1) for test context [DefaultTestContext@329af9b1 testClass = Tests, testInstance = org.isf.medicalstock.test.Tests@69ad2cae, testMethod = testMgrPrepareChargingMovement@Tests, testException = [null], mergedContextConfiguration = [MergedContextConfiguration@7535554e testClass = Tests, locations = '{classpath:applicationContext.xml, classpath:applicationContext.xml}', classes = '{}', contextInitializerClasses = '[]', activeProfiles = '{}', propertySourceLocations = '{}', propertySourceProperties = '{}', contextCustomizers = set[org.springframework.boot.test.context.filter.ExcludeFilterContextCustomizer@255b53dc, org.springframework.boot.test.json.DuplicateJsonObjectContextCustomizerFactory$DuplicateJsonObjectContextCustomizer@64d2d351, org.springframework.boot.test.mock.mockito.MockitoContextCustomizer@0, org.springframework.boot.test.autoconfigure.properties.PropertyMappingContextCustomizer@0, org.springframework.boot.test.autoconfigure.web.servlet.WebDriverContextCustomizerFactory$Customizer@52aa2946], contextLoader = 'org.springframework.test.context.support.DelegatingSmartContextLoader', parent = [null]]]; transaction manager [org.springframework.orm.jpa.JpaTransactionManager@4ece2750]; rollback [true]
[05/jul/2024 13:43:30] [:] INFO - Rolled back transaction for test: [DefaultTestContext@329af9b1 testClass = Tests, testInstance = org.isf.medicalstock.test.Tests@69ad2cae, testMethod = testMgrPrepareChargingMovement@Tests, testException = [null], mergedContextConfiguration = [MergedContextConfiguration@7535554e testClass = Tests, locations = '{classpath:applicationContext.xml, classpath:applicationContext.xml}', classes = '{}', contextInitializerClasses = '[]', activeProfiles = '{}', propertySourceLocations = '{}', propertySourceProperties = '{}', contextCustomizers = set[org.springframework.boot.test.context.filter.ExcludeFilterContextCustomizer@255b53dc, org.springframework.boot.test.json.DuplicateJsonObjectContextCustomizerFactory$DuplicateJsonObjectContextCustomizer@64d2d351, org.springframework.boot.test.mock.mockito.MockitoContextCustomizer@0, org.springframework.boot.test.autoconfigure.properties.PropertyMappingContextCustomizer@0, org.springframework.boot.test.autoconfigure.web.servlet.WebDriverContextCustomizerFactory$Customizer@52aa2946], contextLoader = 'org.springframework.test.context.support.DelegatingSmartContextLoader', parent = [null]]]
]]></system-out>
  </testcase>
  <testcase name="testMgrGetMovementsByReference[Test with AUTOMATICLOT_IN=false, AUTOMATICLOT_OUT=true, AUTOMATICLOTWARD_TOWARD=false]" classname="org.isf.medicalstock.test.Tests" time="0.027">
    <system-out><![CDATA[[05/jul/2024 13:43:30] [:] INFO - Began transaction (1) for test context [DefaultTestContext@329af9b1 testClass = Tests, testInstance = org.isf.medicalstock.test.Tests@554b61ef, testMethod = testMgrGetMovementsByReference@Tests, testException = [null], mergedContextConfiguration = [MergedContextConfiguration@7535554e testClass = Tests, locations = '{classpath:applicationContext.xml, classpath:applicationContext.xml}', classes = '{}', contextInitializerClasses = '[]', activeProfiles = '{}', propertySourceLocations = '{}', propertySourceProperties = '{}', contextCustomizers = set[org.springframework.boot.test.context.filter.ExcludeFilterContextCustomizer@255b53dc, org.springframework.boot.test.json.DuplicateJsonObjectContextCustomizerFactory$DuplicateJsonObjectContextCustomizer@64d2d351, org.springframework.boot.test.mock.mockito.MockitoContextCustomizer@0, org.springframework.boot.test.autoconfigure.properties.PropertyMappingContextCustomizer@0, org.springframework.boot.test.autoconfigure.web.servlet.WebDriverContextCustomizerFactory$Customizer@52aa2946], contextLoader = 'org.springframework.test.context.support.DelegatingSmartContextLoader', parent = [null]]]; transaction manager [org.springframework.orm.jpa.JpaTransactionManager@4ece2750]; rollback [true]
[05/jul/2024 13:43:30] [:] INFO - Rolled back transaction for test: [DefaultTestContext@329af9b1 testClass = Tests, testInstance = org.isf.medicalstock.test.Tests@554b61ef, testMethod = testMgrGetMovementsByReference@Tests, testException = [null], mergedContextConfiguration = [MergedContextConfiguration@7535554e testClass = Tests, locations = '{classpath:applicationContext.xml, classpath:applicationContext.xml}', classes = '{}', contextInitializerClasses = '[]', activeProfiles = '{}', propertySourceLocations = '{}', propertySourceProperties = '{}', contextCustomizers = set[org.springframework.boot.test.context.filter.ExcludeFilterContextCustomizer@255b53dc, org.springframework.boot.test.json.DuplicateJsonObjectContextCustomizerFactory$DuplicateJsonObjectContextCustomizer@64d2d351, org.springframework.boot.test.mock.mockito.MockitoContextCustomizer@0, org.springframework.boot.test.autoconfigure.properties.PropertyMappingContextCustomizer@0, org.springframework.boot.test.autoconfigure.web.servlet.WebDriverContextCustomizerFactory$Customizer@52aa2946], contextLoader = 'org.springframework.test.context.support.DelegatingSmartContextLoader', parent = [null]]]
]]></system-out>
  </testcase>
  <testcase name="testIoGetMovementsWihAllParameters[Test with AUTOMATICLOT_IN=false, AUTOMATICLOT_OUT=true, AUTOMATICLOTWARD_TOWARD=false]" classname="org.isf.medicalstock.test.Tests" time="0.012">
    <system-out><![CDATA[[05/jul/2024 13:43:30] [:] INFO - Began transaction (1) for test context [DefaultTestContext@329af9b1 testClass = Tests, testInstance = org.isf.medicalstock.test.Tests@5d20991a, testMethod = testIoGetMovementsWihAllParameters@Tests, testException = [null], mergedContextConfiguration = [MergedContextConfiguration@7535554e testClass = Tests, locations = '{classpath:applicationContext.xml, classpath:applicationContext.xml}', classes = '{}', contextInitializerClasses = '[]', activeProfiles = '{}', propertySourceLocations = '{}', propertySourceProperties = '{}', contextCustomizers = set[org.springframework.boot.test.context.filter.ExcludeFilterContextCustomizer@255b53dc, org.springframework.boot.test.json.DuplicateJsonObjectContextCustomizerFactory$DuplicateJsonObjectContextCustomizer@64d2d351, org.springframework.boot.test.mock.mockito.MockitoContextCustomizer@0, org.springframework.boot.test.autoconfigure.properties.PropertyMappingContextCustomizer@0, org.springframework.boot.test.autoconfigure.web.servlet.WebDriverContextCustomizerFactory$Customizer@52aa2946], contextLoader = 'org.springframework.test.context.support.DelegatingSmartContextLoader', parent = [null]]]; transaction manager [org.springframework.orm.jpa.JpaTransactionManager@4ece2750]; rollback [true]
[05/jul/2024 13:43:30] [:] INFO - Rolled back transaction for test: [DefaultTestContext@329af9b1 testClass = Tests, testInstance = org.isf.medicalstock.test.Tests@5d20991a, testMethod = testIoGetMovementsWihAllParameters@Tests, testException = [null], mergedContextConfiguration = [MergedContextConfiguration@7535554e testClass = Tests, locations = '{classpath:applicationContext.xml, classpath:applicationContext.xml}', classes = '{}', contextInitializerClasses = '[]', activeProfiles = '{}', propertySourceLocations = '{}', propertySourceProperties = '{}', contextCustomizers = set[org.springframework.boot.test.context.filter.ExcludeFilterContextCustomizer@255b53dc, org.springframework.boot.test.json.DuplicateJsonObjectContextCustomizerFactory$DuplicateJsonObjectContextCustomizer@64d2d351, org.springframework.boot.test.mock.mockito.MockitoContextCustomizer@0, org.springframework.boot.test.autoconfigure.properties.PropertyMappingContextCustomizer@0, org.springframework.boot.test.autoconfigure.web.servlet.WebDriverContextCustomizerFactory$Customizer@52aa2946], contextLoader = 'org.springframework.test.context.support.DelegatingSmartContextLoader', parent = [null]]]
]]></system-out>
  </testcase>
  <testcase name="testMgrAlertCriticalQuantityOverLimit[Test with AUTOMATICLOT_IN=false, AUTOMATICLOT_OUT=true, AUTOMATICLOTWARD_TOWARD=false]" classname="org.isf.medicalstock.test.Tests" time="0.015">
    <system-out><![CDATA[[05/jul/2024 13:43:30] [:] INFO - Began transaction (1) for test context [DefaultTestContext@329af9b1 testClass = Tests, testInstance = org.isf.medicalstock.test.Tests@5e723b7a, testMethod = testMgrAlertCriticalQuantityOverLimit@Tests, testException = [null], mergedContextConfiguration = [MergedContextConfiguration@7535554e testClass = Tests, locations = '{classpath:applicationContext.xml, classpath:applicationContext.xml}', classes = '{}', contextInitializerClasses = '[]', activeProfiles = '{}', propertySourceLocations = '{}', propertySourceProperties = '{}', contextCustomizers = set[org.springframework.boot.test.context.filter.ExcludeFilterContextCustomizer@255b53dc, org.springframework.boot.test.json.DuplicateJsonObjectContextCustomizerFactory$DuplicateJsonObjectContextCustomizer@64d2d351, org.springframework.boot.test.mock.mockito.MockitoContextCustomizer@0, org.springframework.boot.test.autoconfigure.properties.PropertyMappingContextCustomizer@0, org.springframework.boot.test.autoconfigure.web.servlet.WebDriverContextCustomizerFactory$Customizer@52aa2946], contextLoader = 'org.springframework.test.context.support.DelegatingSmartContextLoader', parent = [null]]]; transaction manager [org.springframework.orm.jpa.JpaTransactionManager@4ece2750]; rollback [true]
[05/jul/2024 13:43:30] [:] INFO - Rolled back transaction for test: [DefaultTestContext@329af9b1 testClass = Tests, testInstance = org.isf.medicalstock.test.Tests@5e723b7a, testMethod = testMgrAlertCriticalQuantityOverLimit@Tests, testException = [null], mergedContextConfiguration = [MergedContextConfiguration@7535554e testClass = Tests, locations = '{classpath:applicationContext.xml, classpath:applicationContext.xml}', classes = '{}', contextInitializerClasses = '[]', activeProfiles = '{}', propertySourceLocations = '{}', propertySourceProperties = '{}', contextCustomizers = set[org.springframework.boot.test.context.filter.ExcludeFilterContextCustomizer@255b53dc, org.springframework.boot.test.json.DuplicateJsonObjectContextCustomizerFactory$DuplicateJsonObjectContextCustomizer@64d2d351, org.springframework.boot.test.mock.mockito.MockitoContextCustomizer@0, org.springframework.boot.test.autoconfigure.properties.PropertyMappingContextCustomizer@0, org.springframework.boot.test.autoconfigure.web.servlet.WebDriverContextCustomizerFactory$Customizer@52aa2946], contextLoader = 'org.springframework.test.context.support.DelegatingSmartContextLoader', parent = [null]]]
]]></system-out>
  </testcase>
  <testcase name="testMgrAlertCriticalQuantityUnderLimit[Test with AUTOMATICLOT_IN=false, AUTOMATICLOT_OUT=true, AUTOMATICLOTWARD_TOWARD=false]" classname="org.isf.medicalstock.test.Tests" time="0.008">
    <system-out><![CDATA[[05/jul/2024 13:43:30] [:] INFO - Began transaction (1) for test context [DefaultTestContext@329af9b1 testClass = Tests, testInstance = org.isf.medicalstock.test.Tests@263ca728, testMethod = testMgrAlertCriticalQuantityUnderLimit@Tests, testException = [null], mergedContextConfiguration = [MergedContextConfiguration@7535554e testClass = Tests, locations = '{classpath:applicationContext.xml, classpath:applicationContext.xml}', classes = '{}', contextInitializerClasses = '[]', activeProfiles = '{}', propertySourceLocations = '{}', propertySourceProperties = '{}', contextCustomizers = set[org.springframework.boot.test.context.filter.ExcludeFilterContextCustomizer@255b53dc, org.springframework.boot.test.json.DuplicateJsonObjectContextCustomizerFactory$DuplicateJsonObjectContextCustomizer@64d2d351, org.springframework.boot.test.mock.mockito.MockitoContextCustomizer@0, org.springframework.boot.test.autoconfigure.properties.PropertyMappingContextCustomizer@0, org.springframework.boot.test.autoconfigure.web.servlet.WebDriverContextCustomizerFactory$Customizer@52aa2946], contextLoader = 'org.springframework.test.context.support.DelegatingSmartContextLoader', parent = [null]]]; transaction manager [org.springframework.orm.jpa.JpaTransactionManager@4ece2750]; rollback [true]
[05/jul/2024 13:43:30] [:] INFO - Rolled back transaction for test: [DefaultTestContext@329af9b1 testClass = Tests, testInstance = org.isf.medicalstock.test.Tests@263ca728, testMethod = testMgrAlertCriticalQuantityUnderLimit@Tests, testException = [null], mergedContextConfiguration = [MergedContextConfiguration@7535554e testClass = Tests, locations = '{classpath:applicationContext.xml, classpath:applicationContext.xml}', classes = '{}', contextInitializerClasses = '[]', activeProfiles = '{}', propertySourceLocations = '{}', propertySourceProperties = '{}', contextCustomizers = set[org.springframework.boot.test.context.filter.ExcludeFilterContextCustomizer@255b53dc, org.springframework.boot.test.json.DuplicateJsonObjectContextCustomizerFactory$DuplicateJsonObjectContextCustomizer@64d2d351, org.springframework.boot.test.mock.mockito.MockitoContextCustomizer@0, org.springframework.boot.test.autoconfigure.properties.PropertyMappingContextCustomizer@0, org.springframework.boot.test.autoconfigure.web.servlet.WebDriverContextCustomizerFactory$Customizer@52aa2946], contextLoader = 'org.springframework.test.context.support.DelegatingSmartContextLoader', parent = [null]]]
]]></system-out>
  </testcase>
  <testcase name="testIoNewMovementUpdateMedicalWardQuantityMedicalWardFound[Test with AUTOMATICLOT_IN=false, AUTOMATICLOT_OUT=true, AUTOMATICLOTWARD_TOWARD=false]" classname="org.isf.medicalstock.test.Tests" time="0.018">
    <system-out><![CDATA[[05/jul/2024 13:43:30] [:] INFO - Began transaction (1) for test context [DefaultTestContext@329af9b1 testClass = Tests, testInstance = org.isf.medicalstock.test.Tests@4146b24b, testMethod = testIoNewMovementUpdateMedicalWardQuantityMedicalWardFound@Tests, testException = [null], mergedContextConfiguration = [MergedContextConfiguration@7535554e testClass = Tests, locations = '{classpath:applicationContext.xml, classpath:applicationContext.xml}', classes = '{}', contextInitializerClasses = '[]', activeProfiles = '{}', propertySourceLocations = '{}', propertySourceProperties = '{}', contextCustomizers = set[org.springframework.boot.test.context.filter.ExcludeFilterContextCustomizer@255b53dc, org.springframework.boot.test.json.DuplicateJsonObjectContextCustomizerFactory$DuplicateJsonObjectContextCustomizer@64d2d351, org.springframework.boot.test.mock.mockito.MockitoContextCustomizer@0, org.springframework.boot.test.autoconfigure.properties.PropertyMappingContextCustomizer@0, org.springframework.boot.test.autoconfigure.web.servlet.WebDriverContextCustomizerFactory$Customizer@52aa2946], contextLoader = 'org.springframework.test.context.support.DelegatingSmartContextLoader', parent = [null]]]; transaction manager [org.springframework.orm.jpa.JpaTransactionManager@4ece2750]; rollback [true]
[05/jul/2024 13:43:30] [:] INFO - Rolled back transaction for test: [DefaultTestContext@329af9b1 testClass = Tests, testInstance = org.isf.medicalstock.test.Tests@4146b24b, testMethod = testIoNewMovementUpdateMedicalWardQuantityMedicalWardFound@Tests, testException = [null], mergedContextConfiguration = [MergedContextConfiguration@7535554e testClass = Tests, locations = '{classpath:applicationContext.xml, classpath:applicationContext.xml}', classes = '{}', contextInitializerClasses = '[]', activeProfiles = '{}', propertySourceLocations = '{}', propertySourceProperties = '{}', contextCustomizers = set[org.springframework.boot.test.context.filter.ExcludeFilterContextCustomizer@255b53dc, org.springframework.boot.test.json.DuplicateJsonObjectContextCustomizerFactory$DuplicateJsonObjectContextCustomizer@64d2d351, org.springframework.boot.test.mock.mockito.MockitoContextCustomizer@0, org.springframework.boot.test.autoconfigure.properties.PropertyMappingContextCustomizer@0, org.springframework.boot.test.autoconfigure.web.servlet.WebDriverContextCustomizerFactory$Customizer@52aa2946], contextLoader = 'org.springframework.test.context.support.DelegatingSmartContextLoader', parent = [null]]]
]]></system-out>
  </testcase>
  <testcase name="testMgrGetMovementsWihAllParametersNull[Test with AUTOMATICLOT_IN=false, AUTOMATICLOT_OUT=true, AUTOMATICLOTWARD_TOWARD=false]" classname="org.isf.medicalstock.test.Tests" time="0.016">
    <system-out><![CDATA[[05/jul/2024 13:43:30] [:] INFO - Began transaction (1) for test context [DefaultTestContext@329af9b1 testClass = Tests, testInstance = org.isf.medicalstock.test.Tests@2609ea97, testMethod = testMgrGetMovementsWihAllParametersNull@Tests, testException = [null], mergedContextConfiguration = [MergedContextConfiguration@7535554e testClass = Tests, locations = '{classpath:applicationContext.xml, classpath:applicationContext.xml}', classes = '{}', contextInitializerClasses = '[]', activeProfiles = '{}', propertySourceLocations = '{}', propertySourceProperties = '{}', contextCustomizers = set[org.springframework.boot.test.context.filter.ExcludeFilterContextCustomizer@255b53dc, org.springframework.boot.test.json.DuplicateJsonObjectContextCustomizerFactory$DuplicateJsonObjectContextCustomizer@64d2d351, org.springframework.boot.test.mock.mockito.MockitoContextCustomizer@0, org.springframework.boot.test.autoconfigure.properties.PropertyMappingContextCustomizer@0, org.springframework.boot.test.autoconfigure.web.servlet.WebDriverContextCustomizerFactory$Customizer@52aa2946], contextLoader = 'org.springframework.test.context.support.DelegatingSmartContextLoader', parent = [null]]]; transaction manager [org.springframework.orm.jpa.JpaTransactionManager@4ece2750]; rollback [true]
[05/jul/2024 13:43:30] [:] INFO - Rolled back transaction for test: [DefaultTestContext@329af9b1 testClass = Tests, testInstance = org.isf.medicalstock.test.Tests@2609ea97, testMethod = testMgrGetMovementsWihAllParametersNull@Tests, testException = [null], mergedContextConfiguration = [MergedContextConfiguration@7535554e testClass = Tests, locations = '{classpath:applicationContext.xml, classpath:applicationContext.xml}', classes = '{}', contextInitializerClasses = '[]', activeProfiles = '{}', propertySourceLocations = '{}', propertySourceProperties = '{}', contextCustomizers = set[org.springframework.boot.test.context.filter.ExcludeFilterContextCustomizer@255b53dc, org.springframework.boot.test.json.DuplicateJsonObjectContextCustomizerFactory$DuplicateJsonObjectContextCustomizer@64d2d351, org.springframework.boot.test.mock.mockito.MockitoContextCustomizer@0, org.springframework.boot.test.autoconfigure.properties.PropertyMappingContextCustomizer@0, org.springframework.boot.test.autoconfigure.web.servlet.WebDriverContextCustomizerFactory$Customizer@52aa2946], contextLoader = 'org.springframework.test.context.support.DelegatingSmartContextLoader', parent = [null]]]
]]></system-out>
  </testcase>
  <testcase name="testMgrGetMovements[Test with AUTOMATICLOT_IN=false, AUTOMATICLOT_OUT=true, AUTOMATICLOTWARD_TOWARD=false]" classname="org.isf.medicalstock.test.Tests" time="0.022">
    <system-out><![CDATA[[05/jul/2024 13:43:30] [:] INFO - Began transaction (1) for test context [DefaultTestContext@329af9b1 testClass = Tests, testInstance = org.isf.medicalstock.test.Tests@7c8d7674, testMethod = testMgrGetMovements@Tests, testException = [null], mergedContextConfiguration = [MergedContextConfiguration@7535554e testClass = Tests, locations = '{classpath:applicationContext.xml, classpath:applicationContext.xml}', classes = '{}', contextInitializerClasses = '[]', activeProfiles = '{}', propertySourceLocations = '{}', propertySourceProperties = '{}', contextCustomizers = set[org.springframework.boot.test.context.filter.ExcludeFilterContextCustomizer@255b53dc, org.springframework.boot.test.json.DuplicateJsonObjectContextCustomizerFactory$DuplicateJsonObjectContextCustomizer@64d2d351, org.springframework.boot.test.mock.mockito.MockitoContextCustomizer@0, org.springframework.boot.test.autoconfigure.properties.PropertyMappingContextCustomizer@0, org.springframework.boot.test.autoconfigure.web.servlet.WebDriverContextCustomizerFactory$Customizer@52aa2946], contextLoader = 'org.springframework.test.context.support.DelegatingSmartContextLoader', parent = [null]]]; transaction manager [org.springframework.orm.jpa.JpaTransactionManager@4ece2750]; rollback [true]
[05/jul/2024 13:43:30] [:] INFO - Rolled back transaction for test: [DefaultTestContext@329af9b1 testClass = Tests, testInstance = org.isf.medicalstock.test.Tests@7c8d7674, testMethod = testMgrGetMovements@Tests, testException = [null], mergedContextConfiguration = [MergedContextConfiguration@7535554e testClass = Tests, locations = '{classpath:applicationContext.xml, classpath:applicationContext.xml}', classes = '{}', contextInitializerClasses = '[]', activeProfiles = '{}', propertySourceLocations = '{}', propertySourceProperties = '{}', contextCustomizers = set[org.springframework.boot.test.context.filter.ExcludeFilterContextCustomizer@255b53dc, org.springframework.boot.test.json.DuplicateJsonObjectContextCustomizerFactory$DuplicateJsonObjectContextCustomizer@64d2d351, org.springframework.boot.test.mock.mockito.MockitoContextCustomizer@0, org.springframework.boot.test.autoconfigure.properties.PropertyMappingContextCustomizer@0, org.springframework.boot.test.autoconfigure.web.servlet.WebDriverContextCustomizerFactory$Customizer@52aa2946], contextLoader = 'org.springframework.test.context.support.DelegatingSmartContextLoader', parent = [null]]]
]]></system-out>
  </testcase>
  <testcase name="testIoPrepareDischargingMovement[Test with AUTOMATICLOT_IN=false, AUTOMATICLOT_OUT=true, AUTOMATICLOTWARD_TOWARD=false]" classname="org.isf.medicalstock.test.Tests" time="0.022">
    <system-out><![CDATA[[05/jul/2024 13:43:30] [:] INFO - Began transaction (1) for test context [DefaultTestContext@329af9b1 testClass = Tests, testInstance = org.isf.medicalstock.test.Tests@23722642, testMethod = testIoPrepareDischargingMovement@Tests, testException = [null], mergedContextConfiguration = [MergedContextConfiguration@7535554e testClass = Tests, locations = '{classpath:applicationContext.xml, classpath:applicationContext.xml}', classes = '{}', contextInitializerClasses = '[]', activeProfiles = '{}', propertySourceLocations = '{}', propertySourceProperties = '{}', contextCustomizers = set[org.springframework.boot.test.context.filter.ExcludeFilterContextCustomizer@255b53dc, org.springframework.boot.test.json.DuplicateJsonObjectContextCustomizerFactory$DuplicateJsonObjectContextCustomizer@64d2d351, org.springframework.boot.test.mock.mockito.MockitoContextCustomizer@0, org.springframework.boot.test.autoconfigure.properties.PropertyMappingContextCustomizer@0, org.springframework.boot.test.autoconfigure.web.servlet.WebDriverContextCustomizerFactory$Customizer@52aa2946], contextLoader = 'org.springframework.test.context.support.DelegatingSmartContextLoader', parent = [null]]]; transaction manager [org.springframework.orm.jpa.JpaTransactionManager@4ece2750]; rollback [true]
[05/jul/2024 13:43:30] [:] INFO - Rolled back transaction for test: [DefaultTestContext@329af9b1 testClass = Tests, testInstance = org.isf.medicalstock.test.Tests@23722642, testMethod = testIoPrepareDischargingMovement@Tests, testException = [null], mergedContextConfiguration = [MergedContextConfiguration@7535554e testClass = Tests, locations = '{classpath:applicationContext.xml, classpath:applicationContext.xml}', classes = '{}', contextInitializerClasses = '[]', activeProfiles = '{}', propertySourceLocations = '{}', propertySourceProperties = '{}', contextCustomizers = set[org.springframework.boot.test.context.filter.ExcludeFilterContextCustomizer@255b53dc, org.springframework.boot.test.json.DuplicateJsonObjectContextCustomizerFactory$DuplicateJsonObjectContextCustomizer@64d2d351, org.springframework.boot.test.mock.mockito.MockitoContextCustomizer@0, org.springframework.boot.test.autoconfigure.properties.PropertyMappingContextCustomizer@0, org.springframework.boot.test.autoconfigure.web.servlet.WebDriverContextCustomizerFactory$Customizer@52aa2946], contextLoader = 'org.springframework.test.context.support.DelegatingSmartContextLoader', parent = [null]]]
]]></system-out>
  </testcase>
  <testcase name="testMgrPrepareDischargingMovementIsAutomaticLotOut[Test with AUTOMATICLOT_IN=false, AUTOMATICLOT_OUT=true, AUTOMATICLOTWARD_TOWARD=false]" classname="org.isf.medicalstock.test.Tests" time="0.022">
    <system-out><![CDATA[[05/jul/2024 13:43:30] [:] INFO - Began transaction (1) for test context [DefaultTestContext@329af9b1 testClass = Tests, testInstance = org.isf.medicalstock.test.Tests@321f855a, testMethod = testMgrPrepareDischargingMovementIsAutomaticLotOut@Tests, testException = [null], mergedContextConfiguration = [MergedContextConfiguration@7535554e testClass = Tests, locations = '{classpath:applicationContext.xml, classpath:applicationContext.xml}', classes = '{}', contextInitializerClasses = '[]', activeProfiles = '{}', propertySourceLocations = '{}', propertySourceProperties = '{}', contextCustomizers = set[org.springframework.boot.test.context.filter.ExcludeFilterContextCustomizer@255b53dc, org.springframework.boot.test.json.DuplicateJsonObjectContextCustomizerFactory$DuplicateJsonObjectContextCustomizer@64d2d351, org.springframework.boot.test.mock.mockito.MockitoContextCustomizer@0, org.springframework.boot.test.autoconfigure.properties.PropertyMappingContextCustomizer@0, org.springframework.boot.test.autoconfigure.web.servlet.WebDriverContextCustomizerFactory$Customizer@52aa2946], contextLoader = 'org.springframework.test.context.support.DelegatingSmartContextLoader', parent = [null]]]; transaction manager [org.springframework.orm.jpa.JpaTransactionManager@4ece2750]; rollback [true]
[05/jul/2024 13:43:30] [:] INFO - Rolled back transaction for test: [DefaultTestContext@329af9b1 testClass = Tests, testInstance = org.isf.medicalstock.test.Tests@321f855a, testMethod = testMgrPrepareDischargingMovementIsAutomaticLotOut@Tests, testException = [null], mergedContextConfiguration = [MergedContextConfiguration@7535554e testClass = Tests, locations = '{classpath:applicationContext.xml, classpath:applicationContext.xml}', classes = '{}', contextInitializerClasses = '[]', activeProfiles = '{}', propertySourceLocations = '{}', propertySourceProperties = '{}', contextCustomizers = set[org.springframework.boot.test.context.filter.ExcludeFilterContextCustomizer@255b53dc, org.springframework.boot.test.json.DuplicateJsonObjectContextCustomizerFactory$DuplicateJsonObjectContextCustomizer@64d2d351, org.springframework.boot.test.mock.mockito.MockitoContextCustomizer@0, org.springframework.boot.test.autoconfigure.properties.PropertyMappingContextCustomizer@0, org.springframework.boot.test.autoconfigure.web.servlet.WebDriverContextCustomizerFactory$Customizer@52aa2946], contextLoader = 'org.springframework.test.context.support.DelegatingSmartContextLoader', parent = [null]]]
]]></system-out>
  </testcase>
  <testcase name="testMgrValidateLotRefersToAnotherMedical[Test with AUTOMATICLOT_IN=false, AUTOMATICLOT_OUT=true, AUTOMATICLOTWARD_TOWARD=false]" classname="org.isf.medicalstock.test.Tests" time="0.017">
    <system-out><![CDATA[[05/jul/2024 13:43:30] [:] INFO - Began transaction (1) for test context [DefaultTestContext@329af9b1 testClass = Tests, testInstance = org.isf.medicalstock.test.Tests@7e333c60, testMethod = testMgrValidateLotRefersToAnotherMedical@Tests, testException = [null], mergedContextConfiguration = [MergedContextConfiguration@7535554e testClass = Tests, locations = '{classpath:applicationContext.xml, classpath:applicationContext.xml}', classes = '{}', contextInitializerClasses = '[]', activeProfiles = '{}', propertySourceLocations = '{}', propertySourceProperties = '{}', contextCustomizers = set[org.springframework.boot.test.context.filter.ExcludeFilterContextCustomizer@255b53dc, org.springframework.boot.test.json.DuplicateJsonObjectContextCustomizerFactory$DuplicateJsonObjectContextCustomizer@64d2d351, org.springframework.boot.test.mock.mockito.MockitoContextCustomizer@0, org.springframework.boot.test.autoconfigure.properties.PropertyMappingContextCustomizer@0, org.springframework.boot.test.autoconfigure.web.servlet.WebDriverContextCustomizerFactory$Customizer@52aa2946], contextLoader = 'org.springframework.test.context.support.DelegatingSmartContextLoader', parent = [null]]]; transaction manager [org.springframework.orm.jpa.JpaTransactionManager@4ece2750]; rollback [true]
[05/jul/2024 13:43:30] [:] ERROR - identifier of an instance of org.isf.medicals.model.Medical was altered from 2 to -99; nested exception is org.hibernate.HibernateException: identifier of an instance of org.isf.medicals.model.Medical was altered from 2 to -99
org.springframework.orm.jpa.JpaSystemException: identifier of an instance of org.isf.medicals.model.Medical was altered from 2 to -99; nested exception is org.hibernate.HibernateException: identifier of an instance of org.isf.medicals.model.Medical was altered from 2 to -99
	at org.springframework.orm.jpa.vendor.HibernateJpaDialect.convertHibernateAccessException(HibernateJpaDialect.java:333)
	at org.springframework.orm.jpa.vendor.HibernateJpaDialect.translateExceptionIfPossible(HibernateJpaDialect.java:244)
	at org.springframework.orm.jpa.AbstractEntityManagerFactoryBean.translateExceptionIfPossible(AbstractEntityManagerFactoryBean.java:525)
	at org.springframework.dao.support.ChainedPersistenceExceptionTranslator.translateExceptionIfPossible(ChainedPersistenceExceptionTranslator.java:59)
	at org.springframework.dao.support.DataAccessUtils.translateIfNecessary(DataAccessUtils.java:209)
	at org.springframework.dao.support.PersistenceExceptionTranslationInterceptor.invoke(PersistenceExceptionTranslationInterceptor.java:147)
	at org.springframework.aop.framework.ReflectiveMethodInvocation.proceed(ReflectiveMethodInvocation.java:179)
	at org.springframework.data.jpa.repository.support.CrudMethodMetadataPostProcessor$CrudMethodMetadataPopulatingMethodInterceptor.invoke(CrudMethodMetadataPostProcessor.java:140)
	at org.springframework.aop.framework.ReflectiveMethodInvocation.proceed(ReflectiveMethodInvocation.java:179)
	at org.springframework.data.jpa.repository.support.CrudMethodMetadataPostProcessor$ExposeRepositoryInvocationInterceptor.invoke(CrudMethodMetadataPostProcessor.java:347)
	at org.springframework.aop.framework.ReflectiveMethodInvocation.proceed(ReflectiveMethodInvocation.java:179)
	at org.springframework.aop.interceptor.ExposeInvocationInterceptor.invoke(ExposeInvocationInterceptor.java:92)
	at org.springframework.aop.framework.ReflectiveMethodInvocation.proceed(ReflectiveMethodInvocation.java:179)
	at org.springframework.data.repository.core.support.SurroundingTransactionDetectorMethodInterceptor.invoke(SurroundingTransactionDetectorMethodInterceptor.java:57)
	at org.springframework.aop.framework.ReflectiveMethodInvocation.proceed(ReflectiveMethodInvocation.java:179)
	at org.springframework.aop.framework.JdkDynamicAopProxy.invoke(JdkDynamicAopProxy.java:213)
	at com.sun.proxy.$Proxy109.findMaxDate(Unknown Source)
	at org.isf.medicalstock.service.MedicalStockIoOperations.getLastMovementDate(MedicalStockIoOperations.java:565)
	at org.isf.medicalstock.service.MedicalStockIoOperations$$FastClassBySpringCGLIB$$a00ee1bd.invoke(<generated>)
	at org.springframework.cglib.proxy.MethodProxy.invoke(MethodProxy.java:204)
	at org.springframework.aop.framework.CglibAopProxy$CglibMethodInvocation.invokeJoinpoint(CglibAopProxy.java:737)
	at org.springframework.aop.framework.ReflectiveMethodInvocation.proceed(ReflectiveMethodInvocation.java:157)
	at org.springframework.transaction.interceptor.TransactionInterceptor$1.proceedWithInvocation(TransactionInterceptor.java:99)
	at org.springframework.transaction.interceptor.TransactionAspectSupport.invokeWithinTransaction(TransactionAspectSupport.java:283)
	at org.springframework.transaction.interceptor.TransactionInterceptor.invoke(TransactionInterceptor.java:96)
	at org.springframework.aop.framework.ReflectiveMethodInvocation.proceed(ReflectiveMethodInvocation.java:179)
	at org.springframework.aop.interceptor.ExposeInvocationInterceptor.invoke(ExposeInvocationInterceptor.java:92)
	at org.springframework.aop.framework.ReflectiveMethodInvocation.proceed(ReflectiveMethodInvocation.java:179)
	at org.springframework.aop.aspectj.MethodInvocationProceedingJoinPoint.proceed(MethodInvocationProceedingJoinPoint.java:84)
	at org.isf.utils.db.OHServiceExceptionTranslator.translateSqlExceptionToOHServiceException(OHServiceExceptionTranslator.java:55)
	at sun.reflect.GeneratedMethodAccessor67.invoke(Unknown Source)
	at sun.reflect.DelegatingMethodAccessorImpl.invoke(DelegatingMethodAccessorImpl.java:43)
	at java.lang.reflect.Method.invoke(Method.java:498)
	at org.springframework.aop.aspectj.AbstractAspectJAdvice.invokeAdviceMethodWithGivenArgs(AbstractAspectJAdvice.java:627)
	at org.springframework.aop.aspectj.AbstractAspectJAdvice.invokeAdviceMethod(AbstractAspectJAdvice.java:616)
	at org.springframework.aop.aspectj.AspectJAroundAdvice.invoke(AspectJAroundAdvice.java:70)
	at org.springframework.aop.framework.ReflectiveMethodInvocation.proceed(ReflectiveMethodInvocation.java:179)
	at org.springframework.aop.framework.CglibAopProxy$DynamicAdvisedInterceptor.intercept(CglibAopProxy.java:672)
	at org.isf.medicalstock.service.MedicalStockIoOperations$$EnhancerBySpringCGLIB$$36e028cc.getLastMovementDate(<generated>)
	at org.isf.medicalstock.manager.MovStockInsertingManager.getLastMovementDate(MovStockInsertingManager.java:278)
	at org.isf.medicalstock.manager.MovStockInsertingManager.validateMovement(MovStockInsertingManager.java:68)
	at org.isf.medicalstock.manager.MovStockInsertingManager.prepareChargingMovement(MovStockInsertingManager.java:349)
	at org.isf.medicalstock.manager.MovStockInsertingManager.newMultipleChargingMovements(MovStockInsertingManager.java:326)
	at org.isf.medicalstock.manager.MovStockInsertingManager$$FastClassBySpringCGLIB$$2a8b6bd4.invoke(<generated>)
	at org.springframework.cglib.proxy.MethodProxy.invoke(MethodProxy.java:204)
	at org.springframework.aop.framework.CglibAopProxy$CglibMethodInvocation.invokeJoinpoint(CglibAopProxy.java:737)
	at org.springframework.aop.framework.ReflectiveMethodInvocation.proceed(ReflectiveMethodInvocation.java:157)
	at org.springframework.transaction.interceptor.TransactionInterceptor$1.proceedWithInvocation(TransactionInterceptor.java:99)
	at org.springframework.transaction.interceptor.TransactionAspectSupport.invokeWithinTransaction(TransactionAspectSupport.java:283)
	at org.springframework.transaction.interceptor.TransactionInterceptor.invoke(TransactionInterceptor.java:96)
	at org.springframework.aop.framework.ReflectiveMethodInvocation.proceed(ReflectiveMethodInvocation.java:179)
	at org.springframework.aop.framework.CglibAopProxy$DynamicAdvisedInterceptor.intercept(CglibAopProxy.java:672)
	at org.isf.medicalstock.manager.MovStockInsertingManager$$EnhancerBySpringCGLIB$$ef6ee236.newMultipleChargingMovements(<generated>)
	at org.isf.medicalstock.test.Tests.lambda$25(Tests.java:904)
	at org.assertj.core.api.ThrowableAssert.catchThrowable(ThrowableAssert.java:62)
	at org.assertj.core.api.AssertionsForClassTypes.catchThrowable(AssertionsForClassTypes.java:877)
	at org.assertj.core.api.Assertions.catchThrowable(Assertions.java:1336)
	at org.assertj.core.api.Assertions.assertThatThrownBy(Assertions.java:1181)
	at org.isf.medicalstock.test.Tests.testMgrValidateLotRefersToAnotherMedical(Tests.java:897)
	at sun.reflect.NativeMethodAccessorImpl.invoke0(Native Method)
	at sun.reflect.NativeMethodAccessorImpl.invoke(NativeMethodAccessorImpl.java:62)
	at sun.reflect.DelegatingMethodAccessorImpl.invoke(DelegatingMethodAccessorImpl.java:43)
	at java.lang.reflect.Method.invoke(Method.java:498)
	at org.junit.runners.model.FrameworkMethod$1.runReflectiveCall(FrameworkMethod.java:59)
	at org.junit.internal.runners.model.ReflectiveCallable.run(ReflectiveCallable.java:12)
	at org.junit.runners.model.FrameworkMethod.invokeExplosively(FrameworkMethod.java:56)
	at org.junit.internal.runners.statements.InvokeMethod.evaluate(InvokeMethod.java:17)
	at org.junit.internal.runners.statements.RunBefores.evaluate(RunBefores.java:26)
	at org.springframework.test.context.junit4.statements.RunBeforeTestMethodCallbacks.evaluate(RunBeforeTestMethodCallbacks.java:75)
	at org.springframework.test.context.junit4.statements.RunAfterTestMethodCallbacks.evaluate(RunAfterTestMethodCallbacks.java:86)
	at org.springframework.test.context.junit4.statements.RunPrepareTestInstanceCallbacks.evaluate(RunPrepareTestInstanceCallbacks.java:64)
	at org.springframework.test.context.junit4.statements.SpringRepeat.evaluate(SpringRepeat.java:84)
	at org.springframework.test.context.junit4.statements.SpringFailOnTimeout.evaluate(SpringFailOnTimeout.java:87)
	at org.springframework.test.context.junit4.statements.ProfileValueChecker.evaluate(ProfileValueChecker.java:101)
	at org.junit.runners.ParentRunner$3.evaluate(ParentRunner.java:306)
	at org.junit.runners.BlockJUnit4ClassRunner$1.evaluate(BlockJUnit4ClassRunner.java:100)
	at org.junit.runners.ParentRunner.runLeaf(ParentRunner.java:366)
	at org.junit.runners.BlockJUnit4ClassRunner.runChild(BlockJUnit4ClassRunner.java:103)
	at org.junit.runners.BlockJUnit4ClassRunner.runChild(BlockJUnit4ClassRunner.java:63)
	at org.junit.runners.ParentRunner$4.run(ParentRunner.java:331)
	at org.junit.runners.ParentRunner$1.schedule(ParentRunner.java:79)
	at org.junit.runners.ParentRunner.runChildren(ParentRunner.java:329)
	at org.junit.runners.ParentRunner.access$100(ParentRunner.java:66)
	at org.junit.runners.ParentRunner$2.evaluate(ParentRunner.java:293)
	at org.junit.runners.ParentRunner.run(ParentRunner.java:413)
	at org.junit.runners.Suite.runChild(Suite.java:128)
	at org.junit.runners.Suite.runChild(Suite.java:27)
	at org.junit.runners.ParentRunner$4.run(ParentRunner.java:331)
	at org.junit.runners.ParentRunner$1.schedule(ParentRunner.java:79)
	at org.junit.runners.ParentRunner.runChildren(ParentRunner.java:329)
	at org.junit.runners.ParentRunner.access$100(ParentRunner.java:66)
	at org.junit.runners.ParentRunner$2.evaluate(ParentRunner.java:293)
	at org.junit.internal.runners.statements.RunBefores.evaluate(RunBefores.java:26)
	at org.junit.internal.runners.statements.RunAfters.evaluate(RunAfters.java:27)
	at org.springframework.test.context.junit4.statements.RunBeforeTestClassCallbacks.evaluate(RunBeforeTestClassCallbacks.java:61)
	at org.springframework.test.context.junit4.statements.RunAfterTestClassCallbacks.evaluate(RunAfterTestClassCallbacks.java:70)
	at org.springframework.test.context.junit4.statements.ProfileValueChecker.evaluate(ProfileValueChecker.java:101)
	at org.springframework.test.context.junit4.rules.SpringClassRule$TestContextManagerCacheEvictor.evaluate(SpringClassRule.java:242)
	at org.junit.rules.RunRules.evaluate(RunRules.java:20)
	at org.junit.runners.ParentRunner$3.evaluate(ParentRunner.java:306)
	at org.junit.runners.ParentRunner.run(ParentRunner.java:413)
	at org.apache.maven.surefire.junit4.JUnit4Provider.execute(JUnit4Provider.java:316)
	at org.apache.maven.surefire.junit4.JUnit4Provider.executeWithRerun(JUnit4Provider.java:240)
	at org.apache.maven.surefire.junit4.JUnit4Provider.executeTestSet(JUnit4Provider.java:214)
	at org.apache.maven.surefire.junit4.JUnit4Provider.invoke(JUnit4Provider.java:155)
	at org.apache.maven.surefire.booter.ForkedBooter.runSuitesInProcess(ForkedBooter.java:385)
	at org.apache.maven.surefire.booter.ForkedBooter.execute(ForkedBooter.java:162)
	at org.apache.maven.surefire.booter.ForkedBooter.run(ForkedBooter.java:507)
	at org.apache.maven.surefire.booter.ForkedBooter.main(ForkedBooter.java:495)
Caused by: org.hibernate.HibernateException: identifier of an instance of org.isf.medicals.model.Medical was altered from 2 to -99
	at org.hibernate.event.internal.DefaultFlushEntityEventListener.checkId(DefaultFlushEntityEventListener.java:83)
	at org.hibernate.event.internal.DefaultFlushEntityEventListener.getValues(DefaultFlushEntityEventListener.java:195)
	at org.hibernate.event.internal.DefaultFlushEntityEventListener.onFlushEntity(DefaultFlushEntityEventListener.java:157)
	at org.hibernate.event.internal.AbstractFlushingEventListener.flushEntities(AbstractFlushingEventListener.java:230)
	at org.hibernate.event.internal.AbstractFlushingEventListener.flushEverythingToExecutions(AbstractFlushingEventListener.java:100)
	at org.hibernate.event.internal.DefaultAutoFlushEventListener.onAutoFlush(DefaultAutoFlushEventListener.java:61)
	at org.hibernate.internal.SessionImpl.autoFlushIfRequired(SessionImpl.java:1130)
	at org.hibernate.internal.SessionImpl.list(SessionImpl.java:1187)
	at org.hibernate.internal.QueryImpl.list(QueryImpl.java:101)
	at org.hibernate.ejb.QueryImpl.getSingleResult(QueryImpl.java:287)
	at org.springframework.data.jpa.repository.query.JpaQueryExecution$SingleEntityExecution.doExecute(JpaQueryExecution.java:210)
	at org.springframework.data.jpa.repository.query.JpaQueryExecution.execute(JpaQueryExecution.java:89)
	at org.springframework.data.jpa.repository.query.AbstractJpaQuery.doExecute(AbstractJpaQuery.java:126)
	at org.springframework.data.jpa.repository.query.AbstractJpaQuery.execute(AbstractJpaQuery.java:116)
	at org.springframework.data.repository.core.support.RepositoryFactorySupport$QueryExecutorMethodInterceptor.doInvoke(RepositoryFactorySupport.java:494)
	at org.springframework.data.repository.core.support.RepositoryFactorySupport$QueryExecutorMethodInterceptor.invoke(RepositoryFactorySupport.java:477)
	at org.springframework.aop.framework.ReflectiveMethodInvocation.proceed(ReflectiveMethodInvocation.java:179)
	at org.springframework.data.projection.DefaultMethodInvokingMethodInterceptor.invoke(DefaultMethodInvokingMethodInterceptor.java:56)
	at org.springframework.aop.framework.ReflectiveMethodInvocation.proceed(ReflectiveMethodInvocation.java:179)
	at org.springframework.transaction.interceptor.TransactionInterceptor$1.proceedWithInvocation(TransactionInterceptor.java:99)
	at org.springframework.transaction.interceptor.TransactionAspectSupport.invokeWithinTransaction(TransactionAspectSupport.java:283)
	at org.springframework.transaction.interceptor.TransactionInterceptor.invoke(TransactionInterceptor.java:96)
	at org.springframework.aop.framework.ReflectiveMethodInvocation.proceed(ReflectiveMethodInvocation.java:179)
	at org.springframework.dao.support.PersistenceExceptionTranslationInterceptor.invoke(PersistenceExceptionTranslationInterceptor.java:136)
	... 103 more
[05/jul/2024 13:43:30] [:] INFO - Rolled back transaction for test: [DefaultTestContext@329af9b1 testClass = Tests, testInstance = org.isf.medicalstock.test.Tests@7e333c60, testMethod = testMgrValidateLotRefersToAnotherMedical@Tests, testException = [null], mergedContextConfiguration = [MergedContextConfiguration@7535554e testClass = Tests, locations = '{classpath:applicationContext.xml, classpath:applicationContext.xml}', classes = '{}', contextInitializerClasses = '[]', activeProfiles = '{}', propertySourceLocations = '{}', propertySourceProperties = '{}', contextCustomizers = set[org.springframework.boot.test.context.filter.ExcludeFilterContextCustomizer@255b53dc, org.springframework.boot.test.json.DuplicateJsonObjectContextCustomizerFactory$DuplicateJsonObjectContextCustomizer@64d2d351, org.springframework.boot.test.mock.mockito.MockitoContextCustomizer@0, org.springframework.boot.test.autoconfigure.properties.PropertyMappingContextCustomizer@0, org.springframework.boot.test.autoconfigure.web.servlet.WebDriverContextCustomizerFactory$Customizer@52aa2946], contextLoader = 'org.springframework.test.context.support.DelegatingSmartContextLoader', parent = [null]]]
]]></system-out>
  </testcase>
  <testcase name="testMgrValidateLotDueDateNull[Test with AUTOMATICLOT_IN=false, AUTOMATICLOT_OUT=true, AUTOMATICLOTWARD_TOWARD=false]" classname="org.isf.medicalstock.test.Tests" time="0.017">
    <system-out><![CDATA[[05/jul/2024 13:43:30] [:] INFO - Began transaction (1) for test context [DefaultTestContext@329af9b1 testClass = Tests, testInstance = org.isf.medicalstock.test.Tests@365c11f0, testMethod = testMgrValidateLotDueDateNull@Tests, testException = [null], mergedContextConfiguration = [MergedContextConfiguration@7535554e testClass = Tests, locations = '{classpath:applicationContext.xml, classpath:applicationContext.xml}', classes = '{}', contextInitializerClasses = '[]', activeProfiles = '{}', propertySourceLocations = '{}', propertySourceProperties = '{}', contextCustomizers = set[org.springframework.boot.test.context.filter.ExcludeFilterContextCustomizer@255b53dc, org.springframework.boot.test.json.DuplicateJsonObjectContextCustomizerFactory$DuplicateJsonObjectContextCustomizer@64d2d351, org.springframework.boot.test.mock.mockito.MockitoContextCustomizer@0, org.springframework.boot.test.autoconfigure.properties.PropertyMappingContextCustomizer@0, org.springframework.boot.test.autoconfigure.web.servlet.WebDriverContextCustomizerFactory$Customizer@52aa2946], contextLoader = 'org.springframework.test.context.support.DelegatingSmartContextLoader', parent = [null]]]; transaction manager [org.springframework.orm.jpa.JpaTransactionManager@4ece2750]; rollback [true]
[05/jul/2024 13:43:30] [:] INFO - Rolled back transaction for test: [DefaultTestContext@329af9b1 testClass = Tests, testInstance = org.isf.medicalstock.test.Tests@365c11f0, testMethod = testMgrValidateLotDueDateNull@Tests, testException = [null], mergedContextConfiguration = [MergedContextConfiguration@7535554e testClass = Tests, locations = '{classpath:applicationContext.xml, classpath:applicationContext.xml}', classes = '{}', contextInitializerClasses = '[]', activeProfiles = '{}', propertySourceLocations = '{}', propertySourceProperties = '{}', contextCustomizers = set[org.springframework.boot.test.context.filter.ExcludeFilterContextCustomizer@255b53dc, org.springframework.boot.test.json.DuplicateJsonObjectContextCustomizerFactory$DuplicateJsonObjectContextCustomizer@64d2d351, org.springframework.boot.test.mock.mockito.MockitoContextCustomizer@0, org.springframework.boot.test.autoconfigure.properties.PropertyMappingContextCustomizer@0, org.springframework.boot.test.autoconfigure.web.servlet.WebDriverContextCustomizerFactory$Customizer@52aa2946], contextLoader = 'org.springframework.test.context.support.DelegatingSmartContextLoader', parent = [null]]]
]]></system-out>
  </testcase>
  <testcase name="testMgrGetLotsByMedicalNull[Test with AUTOMATICLOT_IN=false, AUTOMATICLOT_OUT=true, AUTOMATICLOTWARD_TOWARD=false]" classname="org.isf.medicalstock.test.Tests" time="0.008">
    <system-out><![CDATA[[05/jul/2024 13:43:30] [:] INFO - Began transaction (1) for test context [DefaultTestContext@329af9b1 testClass = Tests, testInstance = org.isf.medicalstock.test.Tests@16a6f354, testMethod = testMgrGetLotsByMedicalNull@Tests, testException = [null], mergedContextConfiguration = [MergedContextConfiguration@7535554e testClass = Tests, locations = '{classpath:applicationContext.xml, classpath:applicationContext.xml}', classes = '{}', contextInitializerClasses = '[]', activeProfiles = '{}', propertySourceLocations = '{}', propertySourceProperties = '{}', contextCustomizers = set[org.springframework.boot.test.context.filter.ExcludeFilterContextCustomizer@255b53dc, org.springframework.boot.test.json.DuplicateJsonObjectContextCustomizerFactory$DuplicateJsonObjectContextCustomizer@64d2d351, org.springframework.boot.test.mock.mockito.MockitoContextCustomizer@0, org.springframework.boot.test.autoconfigure.properties.PropertyMappingContextCustomizer@0, org.springframework.boot.test.autoconfigure.web.servlet.WebDriverContextCustomizerFactory$Customizer@52aa2946], contextLoader = 'org.springframework.test.context.support.DelegatingSmartContextLoader', parent = [null]]]; transaction manager [org.springframework.orm.jpa.JpaTransactionManager@4ece2750]; rollback [true]
[05/jul/2024 13:43:30] [:] INFO - Rolled back transaction for test: [DefaultTestContext@329af9b1 testClass = Tests, testInstance = org.isf.medicalstock.test.Tests@16a6f354, testMethod = testMgrGetLotsByMedicalNull@Tests, testException = [null], mergedContextConfiguration = [MergedContextConfiguration@7535554e testClass = Tests, locations = '{classpath:applicationContext.xml, classpath:applicationContext.xml}', classes = '{}', contextInitializerClasses = '[]', activeProfiles = '{}', propertySourceLocations = '{}', propertySourceProperties = '{}', contextCustomizers = set[org.springframework.boot.test.context.filter.ExcludeFilterContextCustomizer@255b53dc, org.springframework.boot.test.json.DuplicateJsonObjectContextCustomizerFactory$DuplicateJsonObjectContextCustomizer@64d2d351, org.springframework.boot.test.mock.mockito.MockitoContextCustomizer@0, org.springframework.boot.test.autoconfigure.properties.PropertyMappingContextCustomizer@0, org.springframework.boot.test.autoconfigure.web.servlet.WebDriverContextCustomizerFactory$Customizer@52aa2946], contextLoader = 'org.springframework.test.context.support.DelegatingSmartContextLoader', parent = [null]]]
]]></system-out>
  </testcase>
  <testcase name="testIoNewAutomaticDischargingMovementDifferentLots[Test with AUTOMATICLOT_IN=false, AUTOMATICLOT_OUT=true, AUTOMATICLOTWARD_TOWARD=false]" classname="org.isf.medicalstock.test.Tests" time="0.028">
    <system-out><![CDATA[[05/jul/2024 13:43:30] [:] INFO - Began transaction (1) for test context [DefaultTestContext@329af9b1 testClass = Tests, testInstance = org.isf.medicalstock.test.Tests@1f0ce0dc, testMethod = testIoNewAutomaticDischargingMovementDifferentLots@Tests, testException = [null], mergedContextConfiguration = [MergedContextConfiguration@7535554e testClass = Tests, locations = '{classpath:applicationContext.xml, classpath:applicationContext.xml}', classes = '{}', contextInitializerClasses = '[]', activeProfiles = '{}', propertySourceLocations = '{}', propertySourceProperties = '{}', contextCustomizers = set[org.springframework.boot.test.context.filter.ExcludeFilterContextCustomizer@255b53dc, org.springframework.boot.test.json.DuplicateJsonObjectContextCustomizerFactory$DuplicateJsonObjectContextCustomizer@64d2d351, org.springframework.boot.test.mock.mockito.MockitoContextCustomizer@0, org.springframework.boot.test.autoconfigure.properties.PropertyMappingContextCustomizer@0, org.springframework.boot.test.autoconfigure.web.servlet.WebDriverContextCustomizerFactory$Customizer@52aa2946], contextLoader = 'org.springframework.test.context.support.DelegatingSmartContextLoader', parent = [null]]]; transaction manager [org.springframework.orm.jpa.JpaTransactionManager@4ece2750]; rollback [true]
[05/jul/2024 13:43:30] [:] INFO - Rolled back transaction for test: [DefaultTestContext@329af9b1 testClass = Tests, testInstance = org.isf.medicalstock.test.Tests@1f0ce0dc, testMethod = testIoNewAutomaticDischargingMovementDifferentLots@Tests, testException = [null], mergedContextConfiguration = [MergedContextConfiguration@7535554e testClass = Tests, locations = '{classpath:applicationContext.xml, classpath:applicationContext.xml}', classes = '{}', contextInitializerClasses = '[]', activeProfiles = '{}', propertySourceLocations = '{}', propertySourceProperties = '{}', contextCustomizers = set[org.springframework.boot.test.context.filter.ExcludeFilterContextCustomizer@255b53dc, org.springframework.boot.test.json.DuplicateJsonObjectContextCustomizerFactory$DuplicateJsonObjectContextCustomizer@64d2d351, org.springframework.boot.test.mock.mockito.MockitoContextCustomizer@0, org.springframework.boot.test.autoconfigure.properties.PropertyMappingContextCustomizer@0, org.springframework.boot.test.autoconfigure.web.servlet.WebDriverContextCustomizerFactory$Customizer@52aa2946], contextLoader = 'org.springframework.test.context.support.DelegatingSmartContextLoader', parent = [null]]]
]]></system-out>
  </testcase>
  <testcase name="testIoNewMovementOutGoingLotsWardNull[Test with AUTOMATICLOT_IN=false, AUTOMATICLOT_OUT=true, AUTOMATICLOTWARD_TOWARD=false]" classname="org.isf.medicalstock.test.Tests" time="0.014">
    <system-out><![CDATA[[05/jul/2024 13:43:30] [:] INFO - Began transaction (1) for test context [DefaultTestContext@329af9b1 testClass = Tests, testInstance = org.isf.medicalstock.test.Tests@34e19702, testMethod = testIoNewMovementOutGoingLotsWardNull@Tests, testException = [null], mergedContextConfiguration = [MergedContextConfiguration@7535554e testClass = Tests, locations = '{classpath:applicationContext.xml, classpath:applicationContext.xml}', classes = '{}', contextInitializerClasses = '[]', activeProfiles = '{}', propertySourceLocations = '{}', propertySourceProperties = '{}', contextCustomizers = set[org.springframework.boot.test.context.filter.ExcludeFilterContextCustomizer@255b53dc, org.springframework.boot.test.json.DuplicateJsonObjectContextCustomizerFactory$DuplicateJsonObjectContextCustomizer@64d2d351, org.springframework.boot.test.mock.mockito.MockitoContextCustomizer@0, org.springframework.boot.test.autoconfigure.properties.PropertyMappingContextCustomizer@0, org.springframework.boot.test.autoconfigure.web.servlet.WebDriverContextCustomizerFactory$Customizer@52aa2946], contextLoader = 'org.springframework.test.context.support.DelegatingSmartContextLoader', parent = [null]]]; transaction manager [org.springframework.orm.jpa.JpaTransactionManager@4ece2750]; rollback [true]
[05/jul/2024 13:43:30] [:] INFO - Rolled back transaction for test: [DefaultTestContext@329af9b1 testClass = Tests, testInstance = org.isf.medicalstock.test.Tests@34e19702, testMethod = testIoNewMovementOutGoingLotsWardNull@Tests, testException = [null], mergedContextConfiguration = [MergedContextConfiguration@7535554e testClass = Tests, locations = '{classpath:applicationContext.xml, classpath:applicationContext.xml}', classes = '{}', contextInitializerClasses = '[]', activeProfiles = '{}', propertySourceLocations = '{}', propertySourceProperties = '{}', contextCustomizers = set[org.springframework.boot.test.context.filter.ExcludeFilterContextCustomizer@255b53dc, org.springframework.boot.test.json.DuplicateJsonObjectContextCustomizerFactory$DuplicateJsonObjectContextCustomizer@64d2d351, org.springframework.boot.test.mock.mockito.MockitoContextCustomizer@0, org.springframework.boot.test.autoconfigure.properties.PropertyMappingContextCustomizer@0, org.springframework.boot.test.autoconfigure.web.servlet.WebDriverContextCustomizerFactory$Customizer@52aa2946], contextLoader = 'org.springframework.test.context.support.DelegatingSmartContextLoader', parent = [null]]]
]]></system-out>
  </testcase>
  <testcase name="testIoGetMovementsWithParameters[Test with AUTOMATICLOT_IN=false, AUTOMATICLOT_OUT=true, AUTOMATICLOTWARD_TOWARD=false]" classname="org.isf.medicalstock.test.Tests" time="0.014">
    <system-out><![CDATA[[05/jul/2024 13:43:30] [:] INFO - Began transaction (1) for test context [DefaultTestContext@329af9b1 testClass = Tests, testInstance = org.isf.medicalstock.test.Tests@5f4e2047, testMethod = testIoGetMovementsWithParameters@Tests, testException = [null], mergedContextConfiguration = [MergedContextConfiguration@7535554e testClass = Tests, locations = '{classpath:applicationContext.xml, classpath:applicationContext.xml}', classes = '{}', contextInitializerClasses = '[]', activeProfiles = '{}', propertySourceLocations = '{}', propertySourceProperties = '{}', contextCustomizers = set[org.springframework.boot.test.context.filter.ExcludeFilterContextCustomizer@255b53dc, org.springframework.boot.test.json.DuplicateJsonObjectContextCustomizerFactory$DuplicateJsonObjectContextCustomizer@64d2d351, org.springframework.boot.test.mock.mockito.MockitoContextCustomizer@0, org.springframework.boot.test.autoconfigure.properties.PropertyMappingContextCustomizer@0, org.springframework.boot.test.autoconfigure.web.servlet.WebDriverContextCustomizerFactory$Customizer@52aa2946], contextLoader = 'org.springframework.test.context.support.DelegatingSmartContextLoader', parent = [null]]]; transaction manager [org.springframework.orm.jpa.JpaTransactionManager@4ece2750]; rollback [true]
[05/jul/2024 13:43:30] [:] INFO - Rolled back transaction for test: [DefaultTestContext@329af9b1 testClass = Tests, testInstance = org.isf.medicalstock.test.Tests@5f4e2047, testMethod = testIoGetMovementsWithParameters@Tests, testException = [null], mergedContextConfiguration = [MergedContextConfiguration@7535554e testClass = Tests, locations = '{classpath:applicationContext.xml, classpath:applicationContext.xml}', classes = '{}', contextInitializerClasses = '[]', activeProfiles = '{}', propertySourceLocations = '{}', propertySourceProperties = '{}', contextCustomizers = set[org.springframework.boot.test.context.filter.ExcludeFilterContextCustomizer@255b53dc, org.springframework.boot.test.json.DuplicateJsonObjectContextCustomizerFactory$DuplicateJsonObjectContextCustomizer@64d2d351, org.springframework.boot.test.mock.mockito.MockitoContextCustomizer@0, org.springframework.boot.test.autoconfigure.properties.PropertyMappingContextCustomizer@0, org.springframework.boot.test.autoconfigure.web.servlet.WebDriverContextCustomizerFactory$Customizer@52aa2946], contextLoader = 'org.springframework.test.context.support.DelegatingSmartContextLoader', parent = [null]]]
]]></system-out>
  </testcase>
  <testcase name="testMgrGetMovementsCheckMovParameters[Test with AUTOMATICLOT_IN=false, AUTOMATICLOT_OUT=true, AUTOMATICLOTWARD_TOWARD=false]" classname="org.isf.medicalstock.test.Tests" time="0.014">
    <system-out><![CDATA[[05/jul/2024 13:43:30] [:] INFO - Began transaction (1) for test context [DefaultTestContext@329af9b1 testClass = Tests, testInstance = org.isf.medicalstock.test.Tests@79c4d351, testMethod = testMgrGetMovementsCheckMovParameters@Tests, testException = [null], mergedContextConfiguration = [MergedContextConfiguration@7535554e testClass = Tests, locations = '{classpath:applicationContext.xml, classpath:applicationContext.xml}', classes = '{}', contextInitializerClasses = '[]', activeProfiles = '{}', propertySourceLocations = '{}', propertySourceProperties = '{}', contextCustomizers = set[org.springframework.boot.test.context.filter.ExcludeFilterContextCustomizer@255b53dc, org.springframework.boot.test.json.DuplicateJsonObjectContextCustomizerFactory$DuplicateJsonObjectContextCustomizer@64d2d351, org.springframework.boot.test.mock.mockito.MockitoContextCustomizer@0, org.springframework.boot.test.autoconfigure.properties.PropertyMappingContextCustomizer@0, org.springframework.boot.test.autoconfigure.web.servlet.WebDriverContextCustomizerFactory$Customizer@52aa2946], contextLoader = 'org.springframework.test.context.support.DelegatingSmartContextLoader', parent = [null]]]; transaction manager [org.springframework.orm.jpa.JpaTransactionManager@4ece2750]; rollback [true]
[05/jul/2024 13:43:30] [:] INFO - Rolled back transaction for test: [DefaultTestContext@329af9b1 testClass = Tests, testInstance = org.isf.medicalstock.test.Tests@79c4d351, testMethod = testMgrGetMovementsCheckMovParameters@Tests, testException = [null], mergedContextConfiguration = [MergedContextConfiguration@7535554e testClass = Tests, locations = '{classpath:applicationContext.xml, classpath:applicationContext.xml}', classes = '{}', contextInitializerClasses = '[]', activeProfiles = '{}', propertySourceLocations = '{}', propertySourceProperties = '{}', contextCustomizers = set[org.springframework.boot.test.context.filter.ExcludeFilterContextCustomizer@255b53dc, org.springframework.boot.test.json.DuplicateJsonObjectContextCustomizerFactory$DuplicateJsonObjectContextCustomizer@64d2d351, org.springframework.boot.test.mock.mockito.MockitoContextCustomizer@0, org.springframework.boot.test.autoconfigure.properties.PropertyMappingContextCustomizer@0, org.springframework.boot.test.autoconfigure.web.servlet.WebDriverContextCustomizerFactory$Customizer@52aa2946], contextLoader = 'org.springframework.test.context.support.DelegatingSmartContextLoader', parent = [null]]]
]]></system-out>
  </testcase>
  <testcase name="testIoGetMovementForPrintDateOrder[Test with AUTOMATICLOT_IN=false, AUTOMATICLOT_OUT=true, AUTOMATICLOTWARD_TOWARD=false]" classname="org.isf.medicalstock.test.Tests" time="0.016">
    <system-out><![CDATA[[05/jul/2024 13:43:30] [:] INFO - Began transaction (1) for test context [DefaultTestContext@329af9b1 testClass = Tests, testInstance = org.isf.medicalstock.test.Tests@27488a6, testMethod = testIoGetMovementForPrintDateOrder@Tests, testException = [null], mergedContextConfiguration = [MergedContextConfiguration@7535554e testClass = Tests, locations = '{classpath:applicationContext.xml, classpath:applicationContext.xml}', classes = '{}', contextInitializerClasses = '[]', activeProfiles = '{}', propertySourceLocations = '{}', propertySourceProperties = '{}', contextCustomizers = set[org.springframework.boot.test.context.filter.ExcludeFilterContextCustomizer@255b53dc, org.springframework.boot.test.json.DuplicateJsonObjectContextCustomizerFactory$DuplicateJsonObjectContextCustomizer@64d2d351, org.springframework.boot.test.mock.mockito.MockitoContextCustomizer@0, org.springframework.boot.test.autoconfigure.properties.PropertyMappingContextCustomizer@0, org.springframework.boot.test.autoconfigure.web.servlet.WebDriverContextCustomizerFactory$Customizer@52aa2946], contextLoader = 'org.springframework.test.context.support.DelegatingSmartContextLoader', parent = [null]]]; transaction manager [org.springframework.orm.jpa.JpaTransactionManager@4ece2750]; rollback [true]
[05/jul/2024 13:43:31] [:] INFO - Rolled back transaction for test: [DefaultTestContext@329af9b1 testClass = Tests, testInstance = org.isf.medicalstock.test.Tests@27488a6, testMethod = testIoGetMovementForPrintDateOrder@Tests, testException = [null], mergedContextConfiguration = [MergedContextConfiguration@7535554e testClass = Tests, locations = '{classpath:applicationContext.xml, classpath:applicationContext.xml}', classes = '{}', contextInitializerClasses = '[]', activeProfiles = '{}', propertySourceLocations = '{}', propertySourceProperties = '{}', contextCustomizers = set[org.springframework.boot.test.context.filter.ExcludeFilterContextCustomizer@255b53dc, org.springframework.boot.test.json.DuplicateJsonObjectContextCustomizerFactory$DuplicateJsonObjectContextCustomizer@64d2d351, org.springframework.boot.test.mock.mockito.MockitoContextCustomizer@0, org.springframework.boot.test.autoconfigure.properties.PropertyMappingContextCustomizer@0, org.springframework.boot.test.autoconfigure.web.servlet.WebDriverContextCustomizerFactory$Customizer@52aa2946], contextLoader = 'org.springframework.test.context.support.DelegatingSmartContextLoader', parent = [null]]]
]]></system-out>
  </testcase>
  <testcase name="testMovementToString[Test with AUTOMATICLOT_IN=false, AUTOMATICLOT_OUT=true, AUTOMATICLOTWARD_TOWARD=false]" classname="org.isf.medicalstock.test.Tests" time="0.015">
    <system-out><![CDATA[[05/jul/2024 13:43:31] [:] INFO - Began transaction (1) for test context [DefaultTestContext@329af9b1 testClass = Tests, testInstance = org.isf.medicalstock.test.Tests@772b071, testMethod = testMovementToString@Tests, testException = [null], mergedContextConfiguration = [MergedContextConfiguration@7535554e testClass = Tests, locations = '{classpath:applicationContext.xml, classpath:applicationContext.xml}', classes = '{}', contextInitializerClasses = '[]', activeProfiles = '{}', propertySourceLocations = '{}', propertySourceProperties = '{}', contextCustomizers = set[org.springframework.boot.test.context.filter.ExcludeFilterContextCustomizer@255b53dc, org.springframework.boot.test.json.DuplicateJsonObjectContextCustomizerFactory$DuplicateJsonObjectContextCustomizer@64d2d351, org.springframework.boot.test.mock.mockito.MockitoContextCustomizer@0, org.springframework.boot.test.autoconfigure.properties.PropertyMappingContextCustomizer@0, org.springframework.boot.test.autoconfigure.web.servlet.WebDriverContextCustomizerFactory$Customizer@52aa2946], contextLoader = 'org.springframework.test.context.support.DelegatingSmartContextLoader', parent = [null]]]; transaction manager [org.springframework.orm.jpa.JpaTransactionManager@4ece2750]; rollback [true]
[05/jul/2024 13:43:31] [:] INFO - Rolled back transaction for test: [DefaultTestContext@329af9b1 testClass = Tests, testInstance = org.isf.medicalstock.test.Tests@772b071, testMethod = testMovementToString@Tests, testException = [null], mergedContextConfiguration = [MergedContextConfiguration@7535554e testClass = Tests, locations = '{classpath:applicationContext.xml, classpath:applicationContext.xml}', classes = '{}', contextInitializerClasses = '[]', activeProfiles = '{}', propertySourceLocations = '{}', propertySourceProperties = '{}', contextCustomizers = set[org.springframework.boot.test.context.filter.ExcludeFilterContextCustomizer@255b53dc, org.springframework.boot.test.json.DuplicateJsonObjectContextCustomizerFactory$DuplicateJsonObjectContextCustomizer@64d2d351, org.springframework.boot.test.mock.mockito.MockitoContextCustomizer@0, org.springframework.boot.test.autoconfigure.properties.PropertyMappingContextCustomizer@0, org.springframework.boot.test.autoconfigure.web.servlet.WebDriverContextCustomizerFactory$Customizer@52aa2946], contextLoader = 'org.springframework.test.context.support.DelegatingSmartContextLoader', parent = [null]]]
]]></system-out>
  </testcase>
  <testcase name="testMgrGetMovementsCheckLotPrepParameters[Test with AUTOMATICLOT_IN=false, AUTOMATICLOT_OUT=true, AUTOMATICLOTWARD_TOWARD=false]" classname="org.isf.medicalstock.test.Tests" time="0.013">
    <system-out><![CDATA[[05/jul/2024 13:43:31] [:] INFO - Began transaction (1) for test context [DefaultTestContext@329af9b1 testClass = Tests, testInstance = org.isf.medicalstock.test.Tests@177400c, testMethod = testMgrGetMovementsCheckLotPrepParameters@Tests, testException = [null], mergedContextConfiguration = [MergedContextConfiguration@7535554e testClass = Tests, locations = '{classpath:applicationContext.xml, classpath:applicationContext.xml}', classes = '{}', contextInitializerClasses = '[]', activeProfiles = '{}', propertySourceLocations = '{}', propertySourceProperties = '{}', contextCustomizers = set[org.springframework.boot.test.context.filter.ExcludeFilterContextCustomizer@255b53dc, org.springframework.boot.test.json.DuplicateJsonObjectContextCustomizerFactory$DuplicateJsonObjectContextCustomizer@64d2d351, org.springframework.boot.test.mock.mockito.MockitoContextCustomizer@0, org.springframework.boot.test.autoconfigure.properties.PropertyMappingContextCustomizer@0, org.springframework.boot.test.autoconfigure.web.servlet.WebDriverContextCustomizerFactory$Customizer@52aa2946], contextLoader = 'org.springframework.test.context.support.DelegatingSmartContextLoader', parent = [null]]]; transaction manager [org.springframework.orm.jpa.JpaTransactionManager@4ece2750]; rollback [true]
[05/jul/2024 13:43:31] [:] INFO - Rolled back transaction for test: [DefaultTestContext@329af9b1 testClass = Tests, testInstance = org.isf.medicalstock.test.Tests@177400c, testMethod = testMgrGetMovementsCheckLotPrepParameters@Tests, testException = [null], mergedContextConfiguration = [MergedContextConfiguration@7535554e testClass = Tests, locations = '{classpath:applicationContext.xml, classpath:applicationContext.xml}', classes = '{}', contextInitializerClasses = '[]', activeProfiles = '{}', propertySourceLocations = '{}', propertySourceProperties = '{}', contextCustomizers = set[org.springframework.boot.test.context.filter.ExcludeFilterContextCustomizer@255b53dc, org.springframework.boot.test.json.DuplicateJsonObjectContextCustomizerFactory$DuplicateJsonObjectContextCustomizer@64d2d351, org.springframework.boot.test.mock.mockito.MockitoContextCustomizer@0, org.springframework.boot.test.autoconfigure.properties.PropertyMappingContextCustomizer@0, org.springframework.boot.test.autoconfigure.web.servlet.WebDriverContextCustomizerFactory$Customizer@52aa2946], contextLoader = 'org.springframework.test.context.support.DelegatingSmartContextLoader', parent = [null]]]
]]></system-out>
  </testcase>
  <testcase name="testMgrValidateNullMovementType[Test with AUTOMATICLOT_IN=false, AUTOMATICLOT_OUT=true, AUTOMATICLOTWARD_TOWARD=false]" classname="org.isf.medicalstock.test.Tests" time="0.012">
    <system-out><![CDATA[[05/jul/2024 13:43:31] [:] INFO - Began transaction (1) for test context [DefaultTestContext@329af9b1 testClass = Tests, testInstance = org.isf.medicalstock.test.Tests@7726ac80, testMethod = testMgrValidateNullMovementType@Tests, testException = [null], mergedContextConfiguration = [MergedContextConfiguration@7535554e testClass = Tests, locations = '{classpath:applicationContext.xml, classpath:applicationContext.xml}', classes = '{}', contextInitializerClasses = '[]', activeProfiles = '{}', propertySourceLocations = '{}', propertySourceProperties = '{}', contextCustomizers = set[org.springframework.boot.test.context.filter.ExcludeFilterContextCustomizer@255b53dc, org.springframework.boot.test.json.DuplicateJsonObjectContextCustomizerFactory$DuplicateJsonObjectContextCustomizer@64d2d351, org.springframework.boot.test.mock.mockito.MockitoContextCustomizer@0, org.springframework.boot.test.autoconfigure.properties.PropertyMappingContextCustomizer@0, org.springframework.boot.test.autoconfigure.web.servlet.WebDriverContextCustomizerFactory$Customizer@52aa2946], contextLoader = 'org.springframework.test.context.support.DelegatingSmartContextLoader', parent = [null]]]; transaction manager [org.springframework.orm.jpa.JpaTransactionManager@4ece2750]; rollback [true]
[05/jul/2024 13:43:31] [:] INFO - Rolled back transaction for test: [DefaultTestContext@329af9b1 testClass = Tests, testInstance = org.isf.medicalstock.test.Tests@7726ac80, testMethod = testMgrValidateNullMovementType@Tests, testException = [null], mergedContextConfiguration = [MergedContextConfiguration@7535554e testClass = Tests, locations = '{classpath:applicationContext.xml, classpath:applicationContext.xml}', classes = '{}', contextInitializerClasses = '[]', activeProfiles = '{}', propertySourceLocations = '{}', propertySourceProperties = '{}', contextCustomizers = set[org.springframework.boot.test.context.filter.ExcludeFilterContextCustomizer@255b53dc, org.springframework.boot.test.json.DuplicateJsonObjectContextCustomizerFactory$DuplicateJsonObjectContextCustomizer@64d2d351, org.springframework.boot.test.mock.mockito.MockitoContextCustomizer@0, org.springframework.boot.test.autoconfigure.properties.PropertyMappingContextCustomizer@0, org.springframework.boot.test.autoconfigure.web.servlet.WebDriverContextCustomizerFactory$Customizer@52aa2946], contextLoader = 'org.springframework.test.context.support.DelegatingSmartContextLoader', parent = [null]]]
]]></system-out>
  </testcase>
  <testcase name="testMgrGetMovementsCheckLotDueParameters[Test with AUTOMATICLOT_IN=false, AUTOMATICLOT_OUT=true, AUTOMATICLOTWARD_TOWARD=false]" classname="org.isf.medicalstock.test.Tests" time="0.013">
    <system-out><![CDATA[[05/jul/2024 13:43:31] [:] INFO - Began transaction (1) for test context [DefaultTestContext@329af9b1 testClass = Tests, testInstance = org.isf.medicalstock.test.Tests@22e0d72, testMethod = testMgrGetMovementsCheckLotDueParameters@Tests, testException = [null], mergedContextConfiguration = [MergedContextConfiguration@7535554e testClass = Tests, locations = '{classpath:applicationContext.xml, classpath:applicationContext.xml}', classes = '{}', contextInitializerClasses = '[]', activeProfiles = '{}', propertySourceLocations = '{}', propertySourceProperties = '{}', contextCustomizers = set[org.springframework.boot.test.context.filter.ExcludeFilterContextCustomizer@255b53dc, org.springframework.boot.test.json.DuplicateJsonObjectContextCustomizerFactory$DuplicateJsonObjectContextCustomizer@64d2d351, org.springframework.boot.test.mock.mockito.MockitoContextCustomizer@0, org.springframework.boot.test.autoconfigure.properties.PropertyMappingContextCustomizer@0, org.springframework.boot.test.autoconfigure.web.servlet.WebDriverContextCustomizerFactory$Customizer@52aa2946], contextLoader = 'org.springframework.test.context.support.DelegatingSmartContextLoader', parent = [null]]]; transaction manager [org.springframework.orm.jpa.JpaTransactionManager@4ece2750]; rollback [true]
[05/jul/2024 13:43:31] [:] INFO - Rolled back transaction for test: [DefaultTestContext@329af9b1 testClass = Tests, testInstance = org.isf.medicalstock.test.Tests@22e0d72, testMethod = testMgrGetMovementsCheckLotDueParameters@Tests, testException = [null], mergedContextConfiguration = [MergedContextConfiguration@7535554e testClass = Tests, locations = '{classpath:applicationContext.xml, classpath:applicationContext.xml}', classes = '{}', contextInitializerClasses = '[]', activeProfiles = '{}', propertySourceLocations = '{}', propertySourceProperties = '{}', contextCustomizers = set[org.springframework.boot.test.context.filter.ExcludeFilterContextCustomizer@255b53dc, org.springframework.boot.test.json.DuplicateJsonObjectContextCustomizerFactory$DuplicateJsonObjectContextCustomizer@64d2d351, org.springframework.boot.test.mock.mockito.MockitoContextCustomizer@0, org.springframework.boot.test.autoconfigure.properties.PropertyMappingContextCustomizer@0, org.springframework.boot.test.autoconfigure.web.servlet.WebDriverContextCustomizerFactory$Customizer@52aa2946], contextLoader = 'org.springframework.test.context.support.DelegatingSmartContextLoader', parent = [null]]]
]]></system-out>
  </testcase>
  <testcase name="testLotHashCode[Test with AUTOMATICLOT_IN=false, AUTOMATICLOT_OUT=true, AUTOMATICLOTWARD_TOWARD=false]" classname="org.isf.medicalstock.test.Tests" time="0.011">
    <system-out><![CDATA[[05/jul/2024 13:43:31] [:] INFO - Began transaction (1) for test context [DefaultTestContext@329af9b1 testClass = Tests, testInstance = org.isf.medicalstock.test.Tests@11b6c586, testMethod = testLotHashCode@Tests, testException = [null], mergedContextConfiguration = [MergedContextConfiguration@7535554e testClass = Tests, locations = '{classpath:applicationContext.xml, classpath:applicationContext.xml}', classes = '{}', contextInitializerClasses = '[]', activeProfiles = '{}', propertySourceLocations = '{}', propertySourceProperties = '{}', contextCustomizers = set[org.springframework.boot.test.context.filter.ExcludeFilterContextCustomizer@255b53dc, org.springframework.boot.test.json.DuplicateJsonObjectContextCustomizerFactory$DuplicateJsonObjectContextCustomizer@64d2d351, org.springframework.boot.test.mock.mockito.MockitoContextCustomizer@0, org.springframework.boot.test.autoconfigure.properties.PropertyMappingContextCustomizer@0, org.springframework.boot.test.autoconfigure.web.servlet.WebDriverContextCustomizerFactory$Customizer@52aa2946], contextLoader = 'org.springframework.test.context.support.DelegatingSmartContextLoader', parent = [null]]]; transaction manager [org.springframework.orm.jpa.JpaTransactionManager@4ece2750]; rollback [true]
[05/jul/2024 13:43:31] [:] INFO - Rolled back transaction for test: [DefaultTestContext@329af9b1 testClass = Tests, testInstance = org.isf.medicalstock.test.Tests@11b6c586, testMethod = testLotHashCode@Tests, testException = [null], mergedContextConfiguration = [MergedContextConfiguration@7535554e testClass = Tests, locations = '{classpath:applicationContext.xml, classpath:applicationContext.xml}', classes = '{}', contextInitializerClasses = '[]', activeProfiles = '{}', propertySourceLocations = '{}', propertySourceProperties = '{}', contextCustomizers = set[org.springframework.boot.test.context.filter.ExcludeFilterContextCustomizer@255b53dc, org.springframework.boot.test.json.DuplicateJsonObjectContextCustomizerFactory$DuplicateJsonObjectContextCustomizer@64d2d351, org.springframework.boot.test.mock.mockito.MockitoContextCustomizer@0, org.springframework.boot.test.autoconfigure.properties.PropertyMappingContextCustomizer@0, org.springframework.boot.test.autoconfigure.web.servlet.WebDriverContextCustomizerFactory$Customizer@52aa2946], contextLoader = 'org.springframework.test.context.support.DelegatingSmartContextLoader', parent = [null]]]
]]></system-out>
  </testcase>
  <testcase name="testLotIsValidLot[Test with AUTOMATICLOT_IN=false, AUTOMATICLOT_OUT=true, AUTOMATICLOTWARD_TOWARD=false]" classname="org.isf.medicalstock.test.Tests" time="0.014">
    <system-out><![CDATA[[05/jul/2024 13:43:31] [:] INFO - Began transaction (1) for test context [DefaultTestContext@329af9b1 testClass = Tests, testInstance = org.isf.medicalstock.test.Tests@1e11ef82, testMethod = testLotIsValidLot@Tests, testException = [null], mergedContextConfiguration = [MergedContextConfiguration@7535554e testClass = Tests, locations = '{classpath:applicationContext.xml, classpath:applicationContext.xml}', classes = '{}', contextInitializerClasses = '[]', activeProfiles = '{}', propertySourceLocations = '{}', propertySourceProperties = '{}', contextCustomizers = set[org.springframework.boot.test.context.filter.ExcludeFilterContextCustomizer@255b53dc, org.springframework.boot.test.json.DuplicateJsonObjectContextCustomizerFactory$DuplicateJsonObjectContextCustomizer@64d2d351, org.springframework.boot.test.mock.mockito.MockitoContextCustomizer@0, org.springframework.boot.test.autoconfigure.properties.PropertyMappingContextCustomizer@0, org.springframework.boot.test.autoconfigure.web.servlet.WebDriverContextCustomizerFactory$Customizer@52aa2946], contextLoader = 'org.springframework.test.context.support.DelegatingSmartContextLoader', parent = [null]]]; transaction manager [org.springframework.orm.jpa.JpaTransactionManager@4ece2750]; rollback [true]
[05/jul/2024 13:43:31] [:] INFO - Rolled back transaction for test: [DefaultTestContext@329af9b1 testClass = Tests, testInstance = org.isf.medicalstock.test.Tests@1e11ef82, testMethod = testLotIsValidLot@Tests, testException = [null], mergedContextConfiguration = [MergedContextConfiguration@7535554e testClass = Tests, locations = '{classpath:applicationContext.xml, classpath:applicationContext.xml}', classes = '{}', contextInitializerClasses = '[]', activeProfiles = '{}', propertySourceLocations = '{}', propertySourceProperties = '{}', contextCustomizers = set[org.springframework.boot.test.context.filter.ExcludeFilterContextCustomizer@255b53dc, org.springframework.boot.test.json.DuplicateJsonObjectContextCustomizerFactory$DuplicateJsonObjectContextCustomizer@64d2d351, org.springframework.boot.test.mock.mockito.MockitoContextCustomizer@0, org.springframework.boot.test.autoconfigure.properties.PropertyMappingContextCustomizer@0, org.springframework.boot.test.autoconfigure.web.servlet.WebDriverContextCustomizerFactory$Customizer@52aa2946], contextLoader = 'org.springframework.test.context.support.DelegatingSmartContextLoader', parent = [null]]]
]]></system-out>
  </testcase>
  <testcase name="testMgrGetLotsByMedical[Test with AUTOMATICLOT_IN=false, AUTOMATICLOT_OUT=true, AUTOMATICLOTWARD_TOWARD=false]" classname="org.isf.medicalstock.test.Tests" time="0.02">
    <system-out><![CDATA[[05/jul/2024 13:43:31] [:] INFO - Began transaction (1) for test context [DefaultTestContext@329af9b1 testClass = Tests, testInstance = org.isf.medicalstock.test.Tests@7cc1b927, testMethod = testMgrGetLotsByMedical@Tests, testException = [null], mergedContextConfiguration = [MergedContextConfiguration@7535554e testClass = Tests, locations = '{classpath:applicationContext.xml, classpath:applicationContext.xml}', classes = '{}', contextInitializerClasses = '[]', activeProfiles = '{}', propertySourceLocations = '{}', propertySourceProperties = '{}', contextCustomizers = set[org.springframework.boot.test.context.filter.ExcludeFilterContextCustomizer@255b53dc, org.springframework.boot.test.json.DuplicateJsonObjectContextCustomizerFactory$DuplicateJsonObjectContextCustomizer@64d2d351, org.springframework.boot.test.mock.mockito.MockitoContextCustomizer@0, org.springframework.boot.test.autoconfigure.properties.PropertyMappingContextCustomizer@0, org.springframework.boot.test.autoconfigure.web.servlet.WebDriverContextCustomizerFactory$Customizer@52aa2946], contextLoader = 'org.springframework.test.context.support.DelegatingSmartContextLoader', parent = [null]]]; transaction manager [org.springframework.orm.jpa.JpaTransactionManager@4ece2750]; rollback [true]
[05/jul/2024 13:43:31] [:] INFO - Rolled back transaction for test: [DefaultTestContext@329af9b1 testClass = Tests, testInstance = org.isf.medicalstock.test.Tests@7cc1b927, testMethod = testMgrGetLotsByMedical@Tests, testException = [null], mergedContextConfiguration = [MergedContextConfiguration@7535554e testClass = Tests, locations = '{classpath:applicationContext.xml, classpath:applicationContext.xml}', classes = '{}', contextInitializerClasses = '[]', activeProfiles = '{}', propertySourceLocations = '{}', propertySourceProperties = '{}', contextCustomizers = set[org.springframework.boot.test.context.filter.ExcludeFilterContextCustomizer@255b53dc, org.springframework.boot.test.json.DuplicateJsonObjectContextCustomizerFactory$DuplicateJsonObjectContextCustomizer@64d2d351, org.springframework.boot.test.mock.mockito.MockitoContextCustomizer@0, org.springframework.boot.test.autoconfigure.properties.PropertyMappingContextCustomizer@0, org.springframework.boot.test.autoconfigure.web.servlet.WebDriverContextCustomizerFactory$Customizer@52aa2946], contextLoader = 'org.springframework.test.context.support.DelegatingSmartContextLoader', parent = [null]]]
]]></system-out>
  </testcase>
  <testcase name="testIoRefNoExists[Test with AUTOMATICLOT_IN=false, AUTOMATICLOT_OUT=true, AUTOMATICLOTWARD_TOWARD=false]" classname="org.isf.medicalstock.test.Tests" time="0.022">
    <system-out><![CDATA[[05/jul/2024 13:43:31] [:] INFO - Began transaction (1) for test context [DefaultTestContext@329af9b1 testClass = Tests, testInstance = org.isf.medicalstock.test.Tests@3e5c7630, testMethod = testIoRefNoExists@Tests, testException = [null], mergedContextConfiguration = [MergedContextConfiguration@7535554e testClass = Tests, locations = '{classpath:applicationContext.xml, classpath:applicationContext.xml}', classes = '{}', contextInitializerClasses = '[]', activeProfiles = '{}', propertySourceLocations = '{}', propertySourceProperties = '{}', contextCustomizers = set[org.springframework.boot.test.context.filter.ExcludeFilterContextCustomizer@255b53dc, org.springframework.boot.test.json.DuplicateJsonObjectContextCustomizerFactory$DuplicateJsonObjectContextCustomizer@64d2d351, org.springframework.boot.test.mock.mockito.MockitoContextCustomizer@0, org.springframework.boot.test.autoconfigure.properties.PropertyMappingContextCustomizer@0, org.springframework.boot.test.autoconfigure.web.servlet.WebDriverContextCustomizerFactory$Customizer@52aa2946], contextLoader = 'org.springframework.test.context.support.DelegatingSmartContextLoader', parent = [null]]]; transaction manager [org.springframework.orm.jpa.JpaTransactionManager@4ece2750]; rollback [true]
[05/jul/2024 13:43:31] [:] INFO - Rolled back transaction for test: [DefaultTestContext@329af9b1 testClass = Tests, testInstance = org.isf.medicalstock.test.Tests@3e5c7630, testMethod = testIoRefNoExists@Tests, testException = [null], mergedContextConfiguration = [MergedContextConfiguration@7535554e testClass = Tests, locations = '{classpath:applicationContext.xml, classpath:applicationContext.xml}', classes = '{}', contextInitializerClasses = '[]', activeProfiles = '{}', propertySourceLocations = '{}', propertySourceProperties = '{}', contextCustomizers = set[org.springframework.boot.test.context.filter.ExcludeFilterContextCustomizer@255b53dc, org.springframework.boot.test.json.DuplicateJsonObjectContextCustomizerFactory$DuplicateJsonObjectContextCustomizer@64d2d351, org.springframework.boot.test.mock.mockito.MockitoContextCustomizer@0, org.springframework.boot.test.autoconfigure.properties.PropertyMappingContextCustomizer@0, org.springframework.boot.test.autoconfigure.web.servlet.WebDriverContextCustomizerFactory$Customizer@52aa2946], contextLoader = 'org.springframework.test.context.support.DelegatingSmartContextLoader', parent = [null]]]
]]></system-out>
  </testcase>
  <testcase name="testIoGetLotsByMedical[Test with AUTOMATICLOT_IN=false, AUTOMATICLOT_OUT=true, AUTOMATICLOTWARD_TOWARD=false]" classname="org.isf.medicalstock.test.Tests" time="0.034">
    <system-out><![CDATA[[05/jul/2024 13:43:31] [:] INFO - Began transaction (1) for test context [DefaultTestContext@329af9b1 testClass = Tests, testInstance = org.isf.medicalstock.test.Tests@6e4d69b7, testMethod = testIoGetLotsByMedical@Tests, testException = [null], mergedContextConfiguration = [MergedContextConfiguration@7535554e testClass = Tests, locations = '{classpath:applicationContext.xml, classpath:applicationContext.xml}', classes = '{}', contextInitializerClasses = '[]', activeProfiles = '{}', propertySourceLocations = '{}', propertySourceProperties = '{}', contextCustomizers = set[org.springframework.boot.test.context.filter.ExcludeFilterContextCustomizer@255b53dc, org.springframework.boot.test.json.DuplicateJsonObjectContextCustomizerFactory$DuplicateJsonObjectContextCustomizer@64d2d351, org.springframework.boot.test.mock.mockito.MockitoContextCustomizer@0, org.springframework.boot.test.autoconfigure.properties.PropertyMappingContextCustomizer@0, org.springframework.boot.test.autoconfigure.web.servlet.WebDriverContextCustomizerFactory$Customizer@52aa2946], contextLoader = 'org.springframework.test.context.support.DelegatingSmartContextLoader', parent = [null]]]; transaction manager [org.springframework.orm.jpa.JpaTransactionManager@4ece2750]; rollback [true]
[05/jul/2024 13:43:31] [:] INFO - Rolled back transaction for test: [DefaultTestContext@329af9b1 testClass = Tests, testInstance = org.isf.medicalstock.test.Tests@6e4d69b7, testMethod = testIoGetLotsByMedical@Tests, testException = [null], mergedContextConfiguration = [MergedContextConfiguration@7535554e testClass = Tests, locations = '{classpath:applicationContext.xml, classpath:applicationContext.xml}', classes = '{}', contextInitializerClasses = '[]', activeProfiles = '{}', propertySourceLocations = '{}', propertySourceProperties = '{}', contextCustomizers = set[org.springframework.boot.test.context.filter.ExcludeFilterContextCustomizer@255b53dc, org.springframework.boot.test.json.DuplicateJsonObjectContextCustomizerFactory$DuplicateJsonObjectContextCustomizer@64d2d351, org.springframework.boot.test.mock.mockito.MockitoContextCustomizer@0, org.springframework.boot.test.autoconfigure.properties.PropertyMappingContextCustomizer@0, org.springframework.boot.test.autoconfigure.web.servlet.WebDriverContextCustomizerFactory$Customizer@52aa2946], contextLoader = 'org.springframework.test.context.support.DelegatingSmartContextLoader', parent = [null]]]
]]></system-out>
  </testcase>
  <testcase name="testIoNewAutomaticDischargingMovement[Test with AUTOMATICLOT_IN=false, AUTOMATICLOT_OUT=true, AUTOMATICLOTWARD_TOWARD=false]" classname="org.isf.medicalstock.test.Tests" time="0.03">
    <system-out><![CDATA[[05/jul/2024 13:43:31] [:] INFO - Began transaction (1) for test context [DefaultTestContext@329af9b1 testClass = Tests, testInstance = org.isf.medicalstock.test.Tests@33e9f620, testMethod = testIoNewAutomaticDischargingMovement@Tests, testException = [null], mergedContextConfiguration = [MergedContextConfiguration@7535554e testClass = Tests, locations = '{classpath:applicationContext.xml, classpath:applicationContext.xml}', classes = '{}', contextInitializerClasses = '[]', activeProfiles = '{}', propertySourceLocations = '{}', propertySourceProperties = '{}', contextCustomizers = set[org.springframework.boot.test.context.filter.ExcludeFilterContextCustomizer@255b53dc, org.springframework.boot.test.json.DuplicateJsonObjectContextCustomizerFactory$DuplicateJsonObjectContextCustomizer@64d2d351, org.springframework.boot.test.mock.mockito.MockitoContextCustomizer@0, org.springframework.boot.test.autoconfigure.properties.PropertyMappingContextCustomizer@0, org.springframework.boot.test.autoconfigure.web.servlet.WebDriverContextCustomizerFactory$Customizer@52aa2946], contextLoader = 'org.springframework.test.context.support.DelegatingSmartContextLoader', parent = [null]]]; transaction manager [org.springframework.orm.jpa.JpaTransactionManager@4ece2750]; rollback [true]
[05/jul/2024 13:43:31] [:] INFO - Rolled back transaction for test: [DefaultTestContext@329af9b1 testClass = Tests, testInstance = org.isf.medicalstock.test.Tests@33e9f620, testMethod = testIoNewAutomaticDischargingMovement@Tests, testException = [null], mergedContextConfiguration = [MergedContextConfiguration@7535554e testClass = Tests, locations = '{classpath:applicationContext.xml, classpath:applicationContext.xml}', classes = '{}', contextInitializerClasses = '[]', activeProfiles = '{}', propertySourceLocations = '{}', propertySourceProperties = '{}', contextCustomizers = set[org.springframework.boot.test.context.filter.ExcludeFilterContextCustomizer@255b53dc, org.springframework.boot.test.json.DuplicateJsonObjectContextCustomizerFactory$DuplicateJsonObjectContextCustomizer@64d2d351, org.springframework.boot.test.mock.mockito.MockitoContextCustomizer@0, org.springframework.boot.test.autoconfigure.properties.PropertyMappingContextCustomizer@0, org.springframework.boot.test.autoconfigure.web.servlet.WebDriverContextCustomizerFactory$Customizer@52aa2946], contextLoader = 'org.springframework.test.context.support.DelegatingSmartContextLoader', parent = [null]]]
]]></system-out>
  </testcase>
  <testcase name="testIoGetMovementForPrintTypeOrder[Test with AUTOMATICLOT_IN=false, AUTOMATICLOT_OUT=true, AUTOMATICLOTWARD_TOWARD=false]" classname="org.isf.medicalstock.test.Tests" time="0.03">
    <system-out><![CDATA[[05/jul/2024 13:43:31] [:] INFO - Began transaction (1) for test context [DefaultTestContext@329af9b1 testClass = Tests, testInstance = org.isf.medicalstock.test.Tests@4e703a10, testMethod = testIoGetMovementForPrintTypeOrder@Tests, testException = [null], mergedContextConfiguration = [MergedContextConfiguration@7535554e testClass = Tests, locations = '{classpath:applicationContext.xml, classpath:applicationContext.xml}', classes = '{}', contextInitializerClasses = '[]', activeProfiles = '{}', propertySourceLocations = '{}', propertySourceProperties = '{}', contextCustomizers = set[org.springframework.boot.test.context.filter.ExcludeFilterContextCustomizer@255b53dc, org.springframework.boot.test.json.DuplicateJsonObjectContextCustomizerFactory$DuplicateJsonObjectContextCustomizer@64d2d351, org.springframework.boot.test.mock.mockito.MockitoContextCustomizer@0, org.springframework.boot.test.autoconfigure.properties.PropertyMappingContextCustomizer@0, org.springframework.boot.test.autoconfigure.web.servlet.WebDriverContextCustomizerFactory$Customizer@52aa2946], contextLoader = 'org.springframework.test.context.support.DelegatingSmartContextLoader', parent = [null]]]; transaction manager [org.springframework.orm.jpa.JpaTransactionManager@4ece2750]; rollback [true]
[05/jul/2024 13:43:31] [:] INFO - Rolled back transaction for test: [DefaultTestContext@329af9b1 testClass = Tests, testInstance = org.isf.medicalstock.test.Tests@4e703a10, testMethod = testIoGetMovementForPrintTypeOrder@Tests, testException = [null], mergedContextConfiguration = [MergedContextConfiguration@7535554e testClass = Tests, locations = '{classpath:applicationContext.xml, classpath:applicationContext.xml}', classes = '{}', contextInitializerClasses = '[]', activeProfiles = '{}', propertySourceLocations = '{}', propertySourceProperties = '{}', contextCustomizers = set[org.springframework.boot.test.context.filter.ExcludeFilterContextCustomizer@255b53dc, org.springframework.boot.test.json.DuplicateJsonObjectContextCustomizerFactory$DuplicateJsonObjectContextCustomizer@64d2d351, org.springframework.boot.test.mock.mockito.MockitoContextCustomizer@0, org.springframework.boot.test.autoconfigure.properties.PropertyMappingContextCustomizer@0, org.springframework.boot.test.autoconfigure.web.servlet.WebDriverContextCustomizerFactory$Customizer@52aa2946], contextLoader = 'org.springframework.test.context.support.DelegatingSmartContextLoader', parent = [null]]]
]]></system-out>
  </testcase>
  <testcase name="testMgrValidateLotPrepationDateNull[Test with AUTOMATICLOT_IN=false, AUTOMATICLOT_OUT=true, AUTOMATICLOTWARD_TOWARD=false]" classname="org.isf.medicalstock.test.Tests" time="0.023">
    <system-out><![CDATA[[05/jul/2024 13:43:31] [:] INFO - Began transaction (1) for test context [DefaultTestContext@329af9b1 testClass = Tests, testInstance = org.isf.medicalstock.test.Tests@5e55e6ce, testMethod = testMgrValidateLotPrepationDateNull@Tests, testException = [null], mergedContextConfiguration = [MergedContextConfiguration@7535554e testClass = Tests, locations = '{classpath:applicationContext.xml, classpath:applicationContext.xml}', classes = '{}', contextInitializerClasses = '[]', activeProfiles = '{}', propertySourceLocations = '{}', propertySourceProperties = '{}', contextCustomizers = set[org.springframework.boot.test.context.filter.ExcludeFilterContextCustomizer@255b53dc, org.springframework.boot.test.json.DuplicateJsonObjectContextCustomizerFactory$DuplicateJsonObjectContextCustomizer@64d2d351, org.springframework.boot.test.mock.mockito.MockitoContextCustomizer@0, org.springframework.boot.test.autoconfigure.properties.PropertyMappingContextCustomizer@0, org.springframework.boot.test.autoconfigure.web.servlet.WebDriverContextCustomizerFactory$Customizer@52aa2946], contextLoader = 'org.springframework.test.context.support.DelegatingSmartContextLoader', parent = [null]]]; transaction manager [org.springframework.orm.jpa.JpaTransactionManager@4ece2750]; rollback [true]
[05/jul/2024 13:43:31] [:] INFO - Rolled back transaction for test: [DefaultTestContext@329af9b1 testClass = Tests, testInstance = org.isf.medicalstock.test.Tests@5e55e6ce, testMethod = testMgrValidateLotPrepationDateNull@Tests, testException = [null], mergedContextConfiguration = [MergedContextConfiguration@7535554e testClass = Tests, locations = '{classpath:applicationContext.xml, classpath:applicationContext.xml}', classes = '{}', contextInitializerClasses = '[]', activeProfiles = '{}', propertySourceLocations = '{}', propertySourceProperties = '{}', contextCustomizers = set[org.springframework.boot.test.context.filter.ExcludeFilterContextCustomizer@255b53dc, org.springframework.boot.test.json.DuplicateJsonObjectContextCustomizerFactory$DuplicateJsonObjectContextCustomizer@64d2d351, org.springframework.boot.test.mock.mockito.MockitoContextCustomizer@0, org.springframework.boot.test.autoconfigure.properties.PropertyMappingContextCustomizer@0, org.springframework.boot.test.autoconfigure.web.servlet.WebDriverContextCustomizerFactory$Customizer@52aa2946], contextLoader = 'org.springframework.test.context.support.DelegatingSmartContextLoader', parent = [null]]]
]]></system-out>
  </testcase>
  <testcase name="testIoNewMovementAutomaticLotMode[Test with AUTOMATICLOT_IN=false, AUTOMATICLOT_OUT=true, AUTOMATICLOTWARD_TOWARD=false]" classname="org.isf.medicalstock.test.Tests" time="0.022">
    <system-out><![CDATA[[05/jul/2024 13:43:31] [:] INFO - Began transaction (1) for test context [DefaultTestContext@329af9b1 testClass = Tests, testInstance = org.isf.medicalstock.test.Tests@311502b3, testMethod = testIoNewMovementAutomaticLotMode@Tests, testException = [null], mergedContextConfiguration = [MergedContextConfiguration@7535554e testClass = Tests, locations = '{classpath:applicationContext.xml, classpath:applicationContext.xml}', classes = '{}', contextInitializerClasses = '[]', activeProfiles = '{}', propertySourceLocations = '{}', propertySourceProperties = '{}', contextCustomizers = set[org.springframework.boot.test.context.filter.ExcludeFilterContextCustomizer@255b53dc, org.springframework.boot.test.json.DuplicateJsonObjectContextCustomizerFactory$DuplicateJsonObjectContextCustomizer@64d2d351, org.springframework.boot.test.mock.mockito.MockitoContextCustomizer@0, org.springframework.boot.test.autoconfigure.properties.PropertyMappingContextCustomizer@0, org.springframework.boot.test.autoconfigure.web.servlet.WebDriverContextCustomizerFactory$Customizer@52aa2946], contextLoader = 'org.springframework.test.context.support.DelegatingSmartContextLoader', parent = [null]]]; transaction manager [org.springframework.orm.jpa.JpaTransactionManager@4ece2750]; rollback [true]
[05/jul/2024 13:43:31] [:] INFO - Rolled back transaction for test: [DefaultTestContext@329af9b1 testClass = Tests, testInstance = org.isf.medicalstock.test.Tests@311502b3, testMethod = testIoNewMovementAutomaticLotMode@Tests, testException = [null], mergedContextConfiguration = [MergedContextConfiguration@7535554e testClass = Tests, locations = '{classpath:applicationContext.xml, classpath:applicationContext.xml}', classes = '{}', contextInitializerClasses = '[]', activeProfiles = '{}', propertySourceLocations = '{}', propertySourceProperties = '{}', contextCustomizers = set[org.springframework.boot.test.context.filter.ExcludeFilterContextCustomizer@255b53dc, org.springframework.boot.test.json.DuplicateJsonObjectContextCustomizerFactory$DuplicateJsonObjectContextCustomizer@64d2d351, org.springframework.boot.test.mock.mockito.MockitoContextCustomizer@0, org.springframework.boot.test.autoconfigure.properties.PropertyMappingContextCustomizer@0, org.springframework.boot.test.autoconfigure.web.servlet.WebDriverContextCustomizerFactory$Customizer@52aa2946], contextLoader = 'org.springframework.test.context.support.DelegatingSmartContextLoader', parent = [null]]]
]]></system-out>
  </testcase>
  <testcase name="testMgrStoreLot[Test with AUTOMATICLOT_IN=false, AUTOMATICLOT_OUT=true, AUTOMATICLOTWARD_TOWARD=false]" classname="org.isf.medicalstock.test.Tests" time="0.022">
    <system-out><![CDATA[[05/jul/2024 13:43:31] [:] INFO - Began transaction (1) for test context [DefaultTestContext@329af9b1 testClass = Tests, testInstance = org.isf.medicalstock.test.Tests@63e1c0ca, testMethod = testMgrStoreLot@Tests, testException = [null], mergedContextConfiguration = [MergedContextConfiguration@7535554e testClass = Tests, locations = '{classpath:applicationContext.xml, classpath:applicationContext.xml}', classes = '{}', contextInitializerClasses = '[]', activeProfiles = '{}', propertySourceLocations = '{}', propertySourceProperties = '{}', contextCustomizers = set[org.springframework.boot.test.context.filter.ExcludeFilterContextCustomizer@255b53dc, org.springframework.boot.test.json.DuplicateJsonObjectContextCustomizerFactory$DuplicateJsonObjectContextCustomizer@64d2d351, org.springframework.boot.test.mock.mockito.MockitoContextCustomizer@0, org.springframework.boot.test.autoconfigure.properties.PropertyMappingContextCustomizer@0, org.springframework.boot.test.autoconfigure.web.servlet.WebDriverContextCustomizerFactory$Customizer@52aa2946], contextLoader = 'org.springframework.test.context.support.DelegatingSmartContextLoader', parent = [null]]]; transaction manager [org.springframework.orm.jpa.JpaTransactionManager@4ece2750]; rollback [true]
[05/jul/2024 13:43:31] [:] INFO - Rolled back transaction for test: [DefaultTestContext@329af9b1 testClass = Tests, testInstance = org.isf.medicalstock.test.Tests@63e1c0ca, testMethod = testMgrStoreLot@Tests, testException = [null], mergedContextConfiguration = [MergedContextConfiguration@7535554e testClass = Tests, locations = '{classpath:applicationContext.xml, classpath:applicationContext.xml}', classes = '{}', contextInitializerClasses = '[]', activeProfiles = '{}', propertySourceLocations = '{}', propertySourceProperties = '{}', contextCustomizers = set[org.springframework.boot.test.context.filter.ExcludeFilterContextCustomizer@255b53dc, org.springframework.boot.test.json.DuplicateJsonObjectContextCustomizerFactory$DuplicateJsonObjectContextCustomizer@64d2d351, org.springframework.boot.test.mock.mockito.MockitoContextCustomizer@0, org.springframework.boot.test.autoconfigure.properties.PropertyMappingContextCustomizer@0, org.springframework.boot.test.autoconfigure.web.servlet.WebDriverContextCustomizerFactory$Customizer@52aa2946], contextLoader = 'org.springframework.test.context.support.DelegatingSmartContextLoader', parent = [null]]]
]]></system-out>
  </testcase>
  <testcase name="testLotGets[Test with AUTOMATICLOT_IN=false, AUTOMATICLOT_OUT=true, AUTOMATICLOTWARD_TOWARD=false]" classname="org.isf.medicalstock.test.Tests" time="0.016">
    <system-out><![CDATA[[05/jul/2024 13:43:31] [:] INFO - Began transaction (1) for test context [DefaultTestContext@329af9b1 testClass = Tests, testInstance = org.isf.medicalstock.test.Tests@65ed897a, testMethod = testLotGets@Tests, testException = [null], mergedContextConfiguration = [MergedContextConfiguration@7535554e testClass = Tests, locations = '{classpath:applicationContext.xml, classpath:applicationContext.xml}', classes = '{}', contextInitializerClasses = '[]', activeProfiles = '{}', propertySourceLocations = '{}', propertySourceProperties = '{}', contextCustomizers = set[org.springframework.boot.test.context.filter.ExcludeFilterContextCustomizer@255b53dc, org.springframework.boot.test.json.DuplicateJsonObjectContextCustomizerFactory$DuplicateJsonObjectContextCustomizer@64d2d351, org.springframework.boot.test.mock.mockito.MockitoContextCustomizer@0, org.springframework.boot.test.autoconfigure.properties.PropertyMappingContextCustomizer@0, org.springframework.boot.test.autoconfigure.web.servlet.WebDriverContextCustomizerFactory$Customizer@52aa2946], contextLoader = 'org.springframework.test.context.support.DelegatingSmartContextLoader', parent = [null]]]; transaction manager [org.springframework.orm.jpa.JpaTransactionManager@4ece2750]; rollback [true]
[05/jul/2024 13:43:31] [:] INFO - Rolled back transaction for test: [DefaultTestContext@329af9b1 testClass = Tests, testInstance = org.isf.medicalstock.test.Tests@65ed897a, testMethod = testLotGets@Tests, testException = [null], mergedContextConfiguration = [MergedContextConfiguration@7535554e testClass = Tests, locations = '{classpath:applicationContext.xml, classpath:applicationContext.xml}', classes = '{}', contextInitializerClasses = '[]', activeProfiles = '{}', propertySourceLocations = '{}', propertySourceProperties = '{}', contextCustomizers = set[org.springframework.boot.test.context.filter.ExcludeFilterContextCustomizer@255b53dc, org.springframework.boot.test.json.DuplicateJsonObjectContextCustomizerFactory$DuplicateJsonObjectContextCustomizer@64d2d351, org.springframework.boot.test.mock.mockito.MockitoContextCustomizer@0, org.springframework.boot.test.autoconfigure.properties.PropertyMappingContextCustomizer@0, org.springframework.boot.test.autoconfigure.web.servlet.WebDriverContextCustomizerFactory$Customizer@52aa2946], contextLoader = 'org.springframework.test.context.support.DelegatingSmartContextLoader', parent = [null]]]
]]></system-out>
  </testcase>
  <testcase name="testLotSets[Test with AUTOMATICLOT_IN=false, AUTOMATICLOT_OUT=true, AUTOMATICLOTWARD_TOWARD=false]" classname="org.isf.medicalstock.test.Tests" time="0.02">
    <system-out><![CDATA[[05/jul/2024 13:43:31] [:] INFO - Began transaction (1) for test context [DefaultTestContext@329af9b1 testClass = Tests, testInstance = org.isf.medicalstock.test.Tests@17a8194f, testMethod = testLotSets@Tests, testException = [null], mergedContextConfiguration = [MergedContextConfiguration@7535554e testClass = Tests, locations = '{classpath:applicationContext.xml, classpath:applicationContext.xml}', classes = '{}', contextInitializerClasses = '[]', activeProfiles = '{}', propertySourceLocations = '{}', propertySourceProperties = '{}', contextCustomizers = set[org.springframework.boot.test.context.filter.ExcludeFilterContextCustomizer@255b53dc, org.springframework.boot.test.json.DuplicateJsonObjectContextCustomizerFactory$DuplicateJsonObjectContextCustomizer@64d2d351, org.springframework.boot.test.mock.mockito.MockitoContextCustomizer@0, org.springframework.boot.test.autoconfigure.properties.PropertyMappingContextCustomizer@0, org.springframework.boot.test.autoconfigure.web.servlet.WebDriverContextCustomizerFactory$Customizer@52aa2946], contextLoader = 'org.springframework.test.context.support.DelegatingSmartContextLoader', parent = [null]]]; transaction manager [org.springframework.orm.jpa.JpaTransactionManager@4ece2750]; rollback [true]
[05/jul/2024 13:43:31] [:] INFO - Rolled back transaction for test: [DefaultTestContext@329af9b1 testClass = Tests, testInstance = org.isf.medicalstock.test.Tests@17a8194f, testMethod = testLotSets@Tests, testException = [null], mergedContextConfiguration = [MergedContextConfiguration@7535554e testClass = Tests, locations = '{classpath:applicationContext.xml, classpath:applicationContext.xml}', classes = '{}', contextInitializerClasses = '[]', activeProfiles = '{}', propertySourceLocations = '{}', propertySourceProperties = '{}', contextCustomizers = set[org.springframework.boot.test.context.filter.ExcludeFilterContextCustomizer@255b53dc, org.springframework.boot.test.json.DuplicateJsonObjectContextCustomizerFactory$DuplicateJsonObjectContextCustomizer@64d2d351, org.springframework.boot.test.mock.mockito.MockitoContextCustomizer@0, org.springframework.boot.test.autoconfigure.properties.PropertyMappingContextCustomizer@0, org.springframework.boot.test.autoconfigure.web.servlet.WebDriverContextCustomizerFactory$Customizer@52aa2946], contextLoader = 'org.springframework.test.context.support.DelegatingSmartContextLoader', parent = [null]]]
]]></system-out>
  </testcase>
  <testcase name="testMgrPrepareDischargingMovementBadRefNumber[Test with AUTOMATICLOT_IN=false, AUTOMATICLOT_OUT=true, AUTOMATICLOTWARD_TOWARD=false]" classname="org.isf.medicalstock.test.Tests" time="0.021">
    <system-out><![CDATA[[05/jul/2024 13:43:31] [:] INFO - Began transaction (1) for test context [DefaultTestContext@329af9b1 testClass = Tests, testInstance = org.isf.medicalstock.test.Tests@18f05d52, testMethod = testMgrPrepareDischargingMovementBadRefNumber@Tests, testException = [null], mergedContextConfiguration = [MergedContextConfiguration@7535554e testClass = Tests, locations = '{classpath:applicationContext.xml, classpath:applicationContext.xml}', classes = '{}', contextInitializerClasses = '[]', activeProfiles = '{}', propertySourceLocations = '{}', propertySourceProperties = '{}', contextCustomizers = set[org.springframework.boot.test.context.filter.ExcludeFilterContextCustomizer@255b53dc, org.springframework.boot.test.json.DuplicateJsonObjectContextCustomizerFactory$DuplicateJsonObjectContextCustomizer@64d2d351, org.springframework.boot.test.mock.mockito.MockitoContextCustomizer@0, org.springframework.boot.test.autoconfigure.properties.PropertyMappingContextCustomizer@0, org.springframework.boot.test.autoconfigure.web.servlet.WebDriverContextCustomizerFactory$Customizer@52aa2946], contextLoader = 'org.springframework.test.context.support.DelegatingSmartContextLoader', parent = [null]]]; transaction manager [org.springframework.orm.jpa.JpaTransactionManager@4ece2750]; rollback [true]
[05/jul/2024 13:43:31] [:] INFO - Rolled back transaction for test: [DefaultTestContext@329af9b1 testClass = Tests, testInstance = org.isf.medicalstock.test.Tests@18f05d52, testMethod = testMgrPrepareDischargingMovementBadRefNumber@Tests, testException = [null], mergedContextConfiguration = [MergedContextConfiguration@7535554e testClass = Tests, locations = '{classpath:applicationContext.xml, classpath:applicationContext.xml}', classes = '{}', contextInitializerClasses = '[]', activeProfiles = '{}', propertySourceLocations = '{}', propertySourceProperties = '{}', contextCustomizers = set[org.springframework.boot.test.context.filter.ExcludeFilterContextCustomizer@255b53dc, org.springframework.boot.test.json.DuplicateJsonObjectContextCustomizerFactory$DuplicateJsonObjectContextCustomizer@64d2d351, org.springframework.boot.test.mock.mockito.MockitoContextCustomizer@0, org.springframework.boot.test.autoconfigure.properties.PropertyMappingContextCustomizer@0, org.springframework.boot.test.autoconfigure.web.servlet.WebDriverContextCustomizerFactory$Customizer@52aa2946], contextLoader = 'org.springframework.test.context.support.DelegatingSmartContextLoader', parent = [null]]]
]]></system-out>
  </testcase>
  <testcase name="testMgrValidateQuantityZero[Test with AUTOMATICLOT_IN=false, AUTOMATICLOT_OUT=true, AUTOMATICLOTWARD_TOWARD=false]" classname="org.isf.medicalstock.test.Tests" time="0.015">
    <system-out><![CDATA[[05/jul/2024 13:43:31] [:] INFO - Began transaction (1) for test context [DefaultTestContext@329af9b1 testClass = Tests, testInstance = org.isf.medicalstock.test.Tests@2cfffdf2, testMethod = testMgrValidateQuantityZero@Tests, testException = [null], mergedContextConfiguration = [MergedContextConfiguration@7535554e testClass = Tests, locations = '{classpath:applicationContext.xml, classpath:applicationContext.xml}', classes = '{}', contextInitializerClasses = '[]', activeProfiles = '{}', propertySourceLocations = '{}', propertySourceProperties = '{}', contextCustomizers = set[org.springframework.boot.test.context.filter.ExcludeFilterContextCustomizer@255b53dc, org.springframework.boot.test.json.DuplicateJsonObjectContextCustomizerFactory$DuplicateJsonObjectContextCustomizer@64d2d351, org.springframework.boot.test.mock.mockito.MockitoContextCustomizer@0, org.springframework.boot.test.autoconfigure.properties.PropertyMappingContextCustomizer@0, org.springframework.boot.test.autoconfigure.web.servlet.WebDriverContextCustomizerFactory$Customizer@52aa2946], contextLoader = 'org.springframework.test.context.support.DelegatingSmartContextLoader', parent = [null]]]; transaction manager [org.springframework.orm.jpa.JpaTransactionManager@4ece2750]; rollback [true]
[05/jul/2024 13:43:31] [:] INFO - Rolled back transaction for test: [DefaultTestContext@329af9b1 testClass = Tests, testInstance = org.isf.medicalstock.test.Tests@2cfffdf2, testMethod = testMgrValidateQuantityZero@Tests, testException = [null], mergedContextConfiguration = [MergedContextConfiguration@7535554e testClass = Tests, locations = '{classpath:applicationContext.xml, classpath:applicationContext.xml}', classes = '{}', contextInitializerClasses = '[]', activeProfiles = '{}', propertySourceLocations = '{}', propertySourceProperties = '{}', contextCustomizers = set[org.springframework.boot.test.context.filter.ExcludeFilterContextCustomizer@255b53dc, org.springframework.boot.test.json.DuplicateJsonObjectContextCustomizerFactory$DuplicateJsonObjectContextCustomizer@64d2d351, org.springframework.boot.test.mock.mockito.MockitoContextCustomizer@0, org.springframework.boot.test.autoconfigure.properties.PropertyMappingContextCustomizer@0, org.springframework.boot.test.autoconfigure.web.servlet.WebDriverContextCustomizerFactory$Customizer@52aa2946], contextLoader = 'org.springframework.test.context.support.DelegatingSmartContextLoader', parent = [null]]]
]]></system-out>
  </testcase>
  <testcase name="testMgrGetLastMovementDate[Test with AUTOMATICLOT_IN=false, AUTOMATICLOT_OUT=true, AUTOMATICLOTWARD_TOWARD=false]" classname="org.isf.medicalstock.test.Tests" time="0.02">
    <system-out><![CDATA[[05/jul/2024 13:43:31] [:] INFO - Began transaction (1) for test context [DefaultTestContext@329af9b1 testClass = Tests, testInstance = org.isf.medicalstock.test.Tests@c7c8061, testMethod = testMgrGetLastMovementDate@Tests, testException = [null], mergedContextConfiguration = [MergedContextConfiguration@7535554e testClass = Tests, locations = '{classpath:applicationContext.xml, classpath:applicationContext.xml}', classes = '{}', contextInitializerClasses = '[]', activeProfiles = '{}', propertySourceLocations = '{}', propertySourceProperties = '{}', contextCustomizers = set[org.springframework.boot.test.context.filter.ExcludeFilterContextCustomizer@255b53dc, org.springframework.boot.test.json.DuplicateJsonObjectContextCustomizerFactory$DuplicateJsonObjectContextCustomizer@64d2d351, org.springframework.boot.test.mock.mockito.MockitoContextCustomizer@0, org.springframework.boot.test.autoconfigure.properties.PropertyMappingContextCustomizer@0, org.springframework.boot.test.autoconfigure.web.servlet.WebDriverContextCustomizerFactory$Customizer@52aa2946], contextLoader = 'org.springframework.test.context.support.DelegatingSmartContextLoader', parent = [null]]]; transaction manager [org.springframework.orm.jpa.JpaTransactionManager@4ece2750]; rollback [true]
[05/jul/2024 13:43:31] [:] INFO - Rolled back transaction for test: [DefaultTestContext@329af9b1 testClass = Tests, testInstance = org.isf.medicalstock.test.Tests@c7c8061, testMethod = testMgrGetLastMovementDate@Tests, testException = [null], mergedContextConfiguration = [MergedContextConfiguration@7535554e testClass = Tests, locations = '{classpath:applicationContext.xml, classpath:applicationContext.xml}', classes = '{}', contextInitializerClasses = '[]', activeProfiles = '{}', propertySourceLocations = '{}', propertySourceProperties = '{}', contextCustomizers = set[org.springframework.boot.test.context.filter.ExcludeFilterContextCustomizer@255b53dc, org.springframework.boot.test.json.DuplicateJsonObjectContextCustomizerFactory$DuplicateJsonObjectContextCustomizer@64d2d351, org.springframework.boot.test.mock.mockito.MockitoContextCustomizer@0, org.springframework.boot.test.autoconfigure.properties.PropertyMappingContextCustomizer@0, org.springframework.boot.test.autoconfigure.web.servlet.WebDriverContextCustomizerFactory$Customizer@52aa2946], contextLoader = 'org.springframework.test.context.support.DelegatingSmartContextLoader', parent = [null]]]
]]></system-out>
  </testcase>
  <testcase name="testMovementGets[Test with AUTOMATICLOT_IN=false, AUTOMATICLOT_OUT=true, AUTOMATICLOTWARD_TOWARD=false]" classname="org.isf.medicalstock.test.Tests" time="0.014">
    <system-out><![CDATA[[05/jul/2024 13:43:31] [:] INFO - Began transaction (1) for test context [DefaultTestContext@329af9b1 testClass = Tests, testInstance = org.isf.medicalstock.test.Tests@35e269e0, testMethod = testMovementGets@Tests, testException = [null], mergedContextConfiguration = [MergedContextConfiguration@7535554e testClass = Tests, locations = '{classpath:applicationContext.xml, classpath:applicationContext.xml}', classes = '{}', contextInitializerClasses = '[]', activeProfiles = '{}', propertySourceLocations = '{}', propertySourceProperties = '{}', contextCustomizers = set[org.springframework.boot.test.context.filter.ExcludeFilterContextCustomizer@255b53dc, org.springframework.boot.test.json.DuplicateJsonObjectContextCustomizerFactory$DuplicateJsonObjectContextCustomizer@64d2d351, org.springframework.boot.test.mock.mockito.MockitoContextCustomizer@0, org.springframework.boot.test.autoconfigure.properties.PropertyMappingContextCustomizer@0, org.springframework.boot.test.autoconfigure.web.servlet.WebDriverContextCustomizerFactory$Customizer@52aa2946], contextLoader = 'org.springframework.test.context.support.DelegatingSmartContextLoader', parent = [null]]]; transaction manager [org.springframework.orm.jpa.JpaTransactionManager@4ece2750]; rollback [true]
[05/jul/2024 13:43:31] [:] INFO - Rolled back transaction for test: [DefaultTestContext@329af9b1 testClass = Tests, testInstance = org.isf.medicalstock.test.Tests@35e269e0, testMethod = testMovementGets@Tests, testException = [null], mergedContextConfiguration = [MergedContextConfiguration@7535554e testClass = Tests, locations = '{classpath:applicationContext.xml, classpath:applicationContext.xml}', classes = '{}', contextInitializerClasses = '[]', activeProfiles = '{}', propertySourceLocations = '{}', propertySourceProperties = '{}', contextCustomizers = set[org.springframework.boot.test.context.filter.ExcludeFilterContextCustomizer@255b53dc, org.springframework.boot.test.json.DuplicateJsonObjectContextCustomizerFactory$DuplicateJsonObjectContextCustomizer@64d2d351, org.springframework.boot.test.mock.mockito.MockitoContextCustomizer@0, org.springframework.boot.test.autoconfigure.properties.PropertyMappingContextCustomizer@0, org.springframework.boot.test.autoconfigure.web.servlet.WebDriverContextCustomizerFactory$Customizer@52aa2946], contextLoader = 'org.springframework.test.context.support.DelegatingSmartContextLoader', parent = [null]]]
]]></system-out>
  </testcase>
  <testcase name="testMovementSets[Test with AUTOMATICLOT_IN=false, AUTOMATICLOT_OUT=true, AUTOMATICLOTWARD_TOWARD=false]" classname="org.isf.medicalstock.test.Tests" time="0.014">
    <system-out><![CDATA[[05/jul/2024 13:43:31] [:] INFO - Began transaction (1) for test context [DefaultTestContext@329af9b1 testClass = Tests, testInstance = org.isf.medicalstock.test.Tests@7bc8aa2f, testMethod = testMovementSets@Tests, testException = [null], mergedContextConfiguration = [MergedContextConfiguration@7535554e testClass = Tests, locations = '{classpath:applicationContext.xml, classpath:applicationContext.xml}', classes = '{}', contextInitializerClasses = '[]', activeProfiles = '{}', propertySourceLocations = '{}', propertySourceProperties = '{}', contextCustomizers = set[org.springframework.boot.test.context.filter.ExcludeFilterContextCustomizer@255b53dc, org.springframework.boot.test.json.DuplicateJsonObjectContextCustomizerFactory$DuplicateJsonObjectContextCustomizer@64d2d351, org.springframework.boot.test.mock.mockito.MockitoContextCustomizer@0, org.springframework.boot.test.autoconfigure.properties.PropertyMappingContextCustomizer@0, org.springframework.boot.test.autoconfigure.web.servlet.WebDriverContextCustomizerFactory$Customizer@52aa2946], contextLoader = 'org.springframework.test.context.support.DelegatingSmartContextLoader', parent = [null]]]; transaction manager [org.springframework.orm.jpa.JpaTransactionManager@4ece2750]; rollback [true]
[05/jul/2024 13:43:31] [:] INFO - Rolled back transaction for test: [DefaultTestContext@329af9b1 testClass = Tests, testInstance = org.isf.medicalstock.test.Tests@7bc8aa2f, testMethod = testMovementSets@Tests, testException = [null], mergedContextConfiguration = [MergedContextConfiguration@7535554e testClass = Tests, locations = '{classpath:applicationContext.xml, classpath:applicationContext.xml}', classes = '{}', contextInitializerClasses = '[]', activeProfiles = '{}', propertySourceLocations = '{}', propertySourceProperties = '{}', contextCustomizers = set[org.springframework.boot.test.context.filter.ExcludeFilterContextCustomizer@255b53dc, org.springframework.boot.test.json.DuplicateJsonObjectContextCustomizerFactory$DuplicateJsonObjectContextCustomizer@64d2d351, org.springframework.boot.test.mock.mockito.MockitoContextCustomizer@0, org.springframework.boot.test.autoconfigure.properties.PropertyMappingContextCustomizer@0, org.springframework.boot.test.autoconfigure.web.servlet.WebDriverContextCustomizerFactory$Customizer@52aa2946], contextLoader = 'org.springframework.test.context.support.DelegatingSmartContextLoader', parent = [null]]]
]]></system-out>
  </testcase>
  <testcase name="testMovementGetOrigin[Test with AUTOMATICLOT_IN=false, AUTOMATICLOT_OUT=true, AUTOMATICLOTWARD_TOWARD=false]" classname="org.isf.medicalstock.test.Tests" time="0.018">
    <system-out><![CDATA[[05/jul/2024 13:43:31] [:] INFO - Began transaction (1) for test context [DefaultTestContext@329af9b1 testClass = Tests, testInstance = org.isf.medicalstock.test.Tests@3a720827, testMethod = testMovementGetOrigin@Tests, testException = [null], mergedContextConfiguration = [MergedContextConfiguration@7535554e testClass = Tests, locations = '{classpath:applicationContext.xml, classpath:applicationContext.xml}', classes = '{}', contextInitializerClasses = '[]', activeProfiles = '{}', propertySourceLocations = '{}', propertySourceProperties = '{}', contextCustomizers = set[org.springframework.boot.test.context.filter.ExcludeFilterContextCustomizer@255b53dc, org.springframework.boot.test.json.DuplicateJsonObjectContextCustomizerFactory$DuplicateJsonObjectContextCustomizer@64d2d351, org.springframework.boot.test.mock.mockito.MockitoContextCustomizer@0, org.springframework.boot.test.autoconfigure.properties.PropertyMappingContextCustomizer@0, org.springframework.boot.test.autoconfigure.web.servlet.WebDriverContextCustomizerFactory$Customizer@52aa2946], contextLoader = 'org.springframework.test.context.support.DelegatingSmartContextLoader', parent = [null]]]; transaction manager [org.springframework.orm.jpa.JpaTransactionManager@4ece2750]; rollback [true]
[05/jul/2024 13:43:31] [:] INFO - Rolled back transaction for test: [DefaultTestContext@329af9b1 testClass = Tests, testInstance = org.isf.medicalstock.test.Tests@3a720827, testMethod = testMovementGetOrigin@Tests, testException = [null], mergedContextConfiguration = [MergedContextConfiguration@7535554e testClass = Tests, locations = '{classpath:applicationContext.xml, classpath:applicationContext.xml}', classes = '{}', contextInitializerClasses = '[]', activeProfiles = '{}', propertySourceLocations = '{}', propertySourceProperties = '{}', contextCustomizers = set[org.springframework.boot.test.context.filter.ExcludeFilterContextCustomizer@255b53dc, org.springframework.boot.test.json.DuplicateJsonObjectContextCustomizerFactory$DuplicateJsonObjectContextCustomizer@64d2d351, org.springframework.boot.test.mock.mockito.MockitoContextCustomizer@0, org.springframework.boot.test.autoconfigure.properties.PropertyMappingContextCustomizer@0, org.springframework.boot.test.autoconfigure.web.servlet.WebDriverContextCustomizerFactory$Customizer@52aa2946], contextLoader = 'org.springframework.test.context.support.DelegatingSmartContextLoader', parent = [null]]]
]]></system-out>
  </testcase>
  <testcase name="testIoGetMovements[Test with AUTOMATICLOT_IN=false, AUTOMATICLOT_OUT=true, AUTOMATICLOTWARD_TOWARD=false]" classname="org.isf.medicalstock.test.Tests" time="0.017">
    <system-out><![CDATA[[05/jul/2024 13:43:31] [:] INFO - Began transaction (1) for test context [DefaultTestContext@329af9b1 testClass = Tests, testInstance = org.isf.medicalstock.test.Tests@a32be8c, testMethod = testIoGetMovements@Tests, testException = [null], mergedContextConfiguration = [MergedContextConfiguration@7535554e testClass = Tests, locations = '{classpath:applicationContext.xml, classpath:applicationContext.xml}', classes = '{}', contextInitializerClasses = '[]', activeProfiles = '{}', propertySourceLocations = '{}', propertySourceProperties = '{}', contextCustomizers = set[org.springframework.boot.test.context.filter.ExcludeFilterContextCustomizer@255b53dc, org.springframework.boot.test.json.DuplicateJsonObjectContextCustomizerFactory$DuplicateJsonObjectContextCustomizer@64d2d351, org.springframework.boot.test.mock.mockito.MockitoContextCustomizer@0, org.springframework.boot.test.autoconfigure.properties.PropertyMappingContextCustomizer@0, org.springframework.boot.test.autoconfigure.web.servlet.WebDriverContextCustomizerFactory$Customizer@52aa2946], contextLoader = 'org.springframework.test.context.support.DelegatingSmartContextLoader', parent = [null]]]; transaction manager [org.springframework.orm.jpa.JpaTransactionManager@4ece2750]; rollback [true]
[05/jul/2024 13:43:31] [:] INFO - Rolled back transaction for test: [DefaultTestContext@329af9b1 testClass = Tests, testInstance = org.isf.medicalstock.test.Tests@a32be8c, testMethod = testIoGetMovements@Tests, testException = [null], mergedContextConfiguration = [MergedContextConfiguration@7535554e testClass = Tests, locations = '{classpath:applicationContext.xml, classpath:applicationContext.xml}', classes = '{}', contextInitializerClasses = '[]', activeProfiles = '{}', propertySourceLocations = '{}', propertySourceProperties = '{}', contextCustomizers = set[org.springframework.boot.test.context.filter.ExcludeFilterContextCustomizer@255b53dc, org.springframework.boot.test.json.DuplicateJsonObjectContextCustomizerFactory$DuplicateJsonObjectContextCustomizer@64d2d351, org.springframework.boot.test.mock.mockito.MockitoContextCustomizer@0, org.springframework.boot.test.autoconfigure.properties.PropertyMappingContextCustomizer@0, org.springframework.boot.test.autoconfigure.web.servlet.WebDriverContextCustomizerFactory$Customizer@52aa2946], contextLoader = 'org.springframework.test.context.support.DelegatingSmartContextLoader', parent = [null]]]
]]></system-out>
  </testcase>
  <testcase name="testIoPrepareChargingMovement[Test with AUTOMATICLOT_IN=false, AUTOMATICLOT_OUT=true, AUTOMATICLOTWARD_TOWARD=false]" classname="org.isf.medicalstock.test.Tests" time="0.014">
    <system-out><![CDATA[[05/jul/2024 13:43:31] [:] INFO - Began transaction (1) for test context [DefaultTestContext@329af9b1 testClass = Tests, testInstance = org.isf.medicalstock.test.Tests@333cbbbd, testMethod = testIoPrepareChargingMovement@Tests, testException = [null], mergedContextConfiguration = [MergedContextConfiguration@7535554e testClass = Tests, locations = '{classpath:applicationContext.xml, classpath:applicationContext.xml}', classes = '{}', contextInitializerClasses = '[]', activeProfiles = '{}', propertySourceLocations = '{}', propertySourceProperties = '{}', contextCustomizers = set[org.springframework.boot.test.context.filter.ExcludeFilterContextCustomizer@255b53dc, org.springframework.boot.test.json.DuplicateJsonObjectContextCustomizerFactory$DuplicateJsonObjectContextCustomizer@64d2d351, org.springframework.boot.test.mock.mockito.MockitoContextCustomizer@0, org.springframework.boot.test.autoconfigure.properties.PropertyMappingContextCustomizer@0, org.springframework.boot.test.autoconfigure.web.servlet.WebDriverContextCustomizerFactory$Customizer@52aa2946], contextLoader = 'org.springframework.test.context.support.DelegatingSmartContextLoader', parent = [null]]]; transaction manager [org.springframework.orm.jpa.JpaTransactionManager@4ece2750]; rollback [true]
[05/jul/2024 13:43:31] [:] INFO - Rolled back transaction for test: [DefaultTestContext@329af9b1 testClass = Tests, testInstance = org.isf.medicalstock.test.Tests@333cbbbd, testMethod = testIoPrepareChargingMovement@Tests, testException = [null], mergedContextConfiguration = [MergedContextConfiguration@7535554e testClass = Tests, locations = '{classpath:applicationContext.xml, classpath:applicationContext.xml}', classes = '{}', contextInitializerClasses = '[]', activeProfiles = '{}', propertySourceLocations = '{}', propertySourceProperties = '{}', contextCustomizers = set[org.springframework.boot.test.context.filter.ExcludeFilterContextCustomizer@255b53dc, org.springframework.boot.test.json.DuplicateJsonObjectContextCustomizerFactory$DuplicateJsonObjectContextCustomizer@64d2d351, org.springframework.boot.test.mock.mockito.MockitoContextCustomizer@0, org.springframework.boot.test.autoconfigure.properties.PropertyMappingContextCustomizer@0, org.springframework.boot.test.autoconfigure.web.servlet.WebDriverContextCustomizerFactory$Customizer@52aa2946], contextLoader = 'org.springframework.test.context.support.DelegatingSmartContextLoader', parent = [null]]]
]]></system-out>
  </testcase>
  <testcase name="testMgrValidateMovementMoveDateAfterToday[Test with AUTOMATICLOT_IN=false, AUTOMATICLOT_OUT=true, AUTOMATICLOTWARD_TOWARD=false]" classname="org.isf.medicalstock.test.Tests" time="0.018">
    <system-out><![CDATA[[05/jul/2024 13:43:31] [:] INFO - Began transaction (1) for test context [DefaultTestContext@329af9b1 testClass = Tests, testInstance = org.isf.medicalstock.test.Tests@83aa6f, testMethod = testMgrValidateMovementMoveDateAfterToday@Tests, testException = [null], mergedContextConfiguration = [MergedContextConfiguration@7535554e testClass = Tests, locations = '{classpath:applicationContext.xml, classpath:applicationContext.xml}', classes = '{}', contextInitializerClasses = '[]', activeProfiles = '{}', propertySourceLocations = '{}', propertySourceProperties = '{}', contextCustomizers = set[org.springframework.boot.test.context.filter.ExcludeFilterContextCustomizer@255b53dc, org.springframework.boot.test.json.DuplicateJsonObjectContextCustomizerFactory$DuplicateJsonObjectContextCustomizer@64d2d351, org.springframework.boot.test.mock.mockito.MockitoContextCustomizer@0, org.springframework.boot.test.autoconfigure.properties.PropertyMappingContextCustomizer@0, org.springframework.boot.test.autoconfigure.web.servlet.WebDriverContextCustomizerFactory$Customizer@52aa2946], contextLoader = 'org.springframework.test.context.support.DelegatingSmartContextLoader', parent = [null]]]; transaction manager [org.springframework.orm.jpa.JpaTransactionManager@4ece2750]; rollback [true]
[05/jul/2024 13:43:31] [:] INFO - Rolled back transaction for test: [DefaultTestContext@329af9b1 testClass = Tests, testInstance = org.isf.medicalstock.test.Tests@83aa6f, testMethod = testMgrValidateMovementMoveDateAfterToday@Tests, testException = [null], mergedContextConfiguration = [MergedContextConfiguration@7535554e testClass = Tests, locations = '{classpath:applicationContext.xml, classpath:applicationContext.xml}', classes = '{}', contextInitializerClasses = '[]', activeProfiles = '{}', propertySourceLocations = '{}', propertySourceProperties = '{}', contextCustomizers = set[org.springframework.boot.test.context.filter.ExcludeFilterContextCustomizer@255b53dc, org.springframework.boot.test.json.DuplicateJsonObjectContextCustomizerFactory$DuplicateJsonObjectContextCustomizer@64d2d351, org.springframework.boot.test.mock.mockito.MockitoContextCustomizer@0, org.springframework.boot.test.autoconfigure.properties.PropertyMappingContextCustomizer@0, org.springframework.boot.test.autoconfigure.web.servlet.WebDriverContextCustomizerFactory$Customizer@52aa2946], contextLoader = 'org.springframework.test.context.support.DelegatingSmartContextLoader', parent = [null]]]
]]></system-out>
  </testcase>
  <testcase name="testIoGetMovementsByReference[Test with AUTOMATICLOT_IN=false, AUTOMATICLOT_OUT=true, AUTOMATICLOTWARD_TOWARD=false]" classname="org.isf.medicalstock.test.Tests" time="0.017">
    <system-out><![CDATA[[05/jul/2024 13:43:31] [:] INFO - Began transaction (1) for test context [DefaultTestContext@329af9b1 testClass = Tests, testInstance = org.isf.medicalstock.test.Tests@1bbe23f, testMethod = testIoGetMovementsByReference@Tests, testException = [null], mergedContextConfiguration = [MergedContextConfiguration@7535554e testClass = Tests, locations = '{classpath:applicationContext.xml, classpath:applicationContext.xml}', classes = '{}', contextInitializerClasses = '[]', activeProfiles = '{}', propertySourceLocations = '{}', propertySourceProperties = '{}', contextCustomizers = set[org.springframework.boot.test.context.filter.ExcludeFilterContextCustomizer@255b53dc, org.springframework.boot.test.json.DuplicateJsonObjectContextCustomizerFactory$DuplicateJsonObjectContextCustomizer@64d2d351, org.springframework.boot.test.mock.mockito.MockitoContextCustomizer@0, org.springframework.boot.test.autoconfigure.properties.PropertyMappingContextCustomizer@0, org.springframework.boot.test.autoconfigure.web.servlet.WebDriverContextCustomizerFactory$Customizer@52aa2946], contextLoader = 'org.springframework.test.context.support.DelegatingSmartContextLoader', parent = [null]]]; transaction manager [org.springframework.orm.jpa.JpaTransactionManager@4ece2750]; rollback [true]
[05/jul/2024 13:43:31] [:] INFO - Rolled back transaction for test: [DefaultTestContext@329af9b1 testClass = Tests, testInstance = org.isf.medicalstock.test.Tests@1bbe23f, testMethod = testIoGetMovementsByReference@Tests, testException = [null], mergedContextConfiguration = [MergedContextConfiguration@7535554e testClass = Tests, locations = '{classpath:applicationContext.xml, classpath:applicationContext.xml}', classes = '{}', contextInitializerClasses = '[]', activeProfiles = '{}', propertySourceLocations = '{}', propertySourceProperties = '{}', contextCustomizers = set[org.springframework.boot.test.context.filter.ExcludeFilterContextCustomizer@255b53dc, org.springframework.boot.test.json.DuplicateJsonObjectContextCustomizerFactory$DuplicateJsonObjectContextCustomizer@64d2d351, org.springframework.boot.test.mock.mockito.MockitoContextCustomizer@0, org.springframework.boot.test.autoconfigure.properties.PropertyMappingContextCustomizer@0, org.springframework.boot.test.autoconfigure.web.servlet.WebDriverContextCustomizerFactory$Customizer@52aa2946], contextLoader = 'org.springframework.test.context.support.DelegatingSmartContextLoader', parent = [null]]]
]]></system-out>
  </testcase>
  <testcase name="testIoGetLastMovementDate[Test with AUTOMATICLOT_IN=false, AUTOMATICLOT_OUT=true, AUTOMATICLOTWARD_TOWARD=false]" classname="org.isf.medicalstock.test.Tests" time="0.016">
    <system-out><![CDATA[[05/jul/2024 13:43:31] [:] INFO - Began transaction (1) for test context [DefaultTestContext@329af9b1 testClass = Tests, testInstance = org.isf.medicalstock.test.Tests@cd39a9e, testMethod = testIoGetLastMovementDate@Tests, testException = [null], mergedContextConfiguration = [MergedContextConfiguration@7535554e testClass = Tests, locations = '{classpath:applicationContext.xml, classpath:applicationContext.xml}', classes = '{}', contextInitializerClasses = '[]', activeProfiles = '{}', propertySourceLocations = '{}', propertySourceProperties = '{}', contextCustomizers = set[org.springframework.boot.test.context.filter.ExcludeFilterContextCustomizer@255b53dc, org.springframework.boot.test.json.DuplicateJsonObjectContextCustomizerFactory$DuplicateJsonObjectContextCustomizer@64d2d351, org.springframework.boot.test.mock.mockito.MockitoContextCustomizer@0, org.springframework.boot.test.autoconfigure.properties.PropertyMappingContextCustomizer@0, org.springframework.boot.test.autoconfigure.web.servlet.WebDriverContextCustomizerFactory$Customizer@52aa2946], contextLoader = 'org.springframework.test.context.support.DelegatingSmartContextLoader', parent = [null]]]; transaction manager [org.springframework.orm.jpa.JpaTransactionManager@4ece2750]; rollback [true]
[05/jul/2024 13:43:31] [:] INFO - Rolled back transaction for test: [DefaultTestContext@329af9b1 testClass = Tests, testInstance = org.isf.medicalstock.test.Tests@cd39a9e, testMethod = testIoGetLastMovementDate@Tests, testException = [null], mergedContextConfiguration = [MergedContextConfiguration@7535554e testClass = Tests, locations = '{classpath:applicationContext.xml, classpath:applicationContext.xml}', classes = '{}', contextInitializerClasses = '[]', activeProfiles = '{}', propertySourceLocations = '{}', propertySourceProperties = '{}', contextCustomizers = set[org.springframework.boot.test.context.filter.ExcludeFilterContextCustomizer@255b53dc, org.springframework.boot.test.json.DuplicateJsonObjectContextCustomizerFactory$DuplicateJsonObjectContextCustomizer@64d2d351, org.springframework.boot.test.mock.mockito.MockitoContextCustomizer@0, org.springframework.boot.test.autoconfigure.properties.PropertyMappingContextCustomizer@0, org.springframework.boot.test.autoconfigure.web.servlet.WebDriverContextCustomizerFactory$Customizer@52aa2946], contextLoader = 'org.springframework.test.context.support.DelegatingSmartContextLoader', parent = [null]]]
]]></system-out>
  </testcase>
  <testcase name="testMovementEquals[Test with AUTOMATICLOT_IN=false, AUTOMATICLOT_OUT=true, AUTOMATICLOTWARD_TOWARD=false]" classname="org.isf.medicalstock.test.Tests" time="0.019">
    <system-out><![CDATA[[05/jul/2024 13:43:31] [:] INFO - Began transaction (1) for test context [DefaultTestContext@329af9b1 testClass = Tests, testInstance = org.isf.medicalstock.test.Tests@24d9ceec, testMethod = testMovementEquals@Tests, testException = [null], mergedContextConfiguration = [MergedContextConfiguration@7535554e testClass = Tests, locations = '{classpath:applicationContext.xml, classpath:applicationContext.xml}', classes = '{}', contextInitializerClasses = '[]', activeProfiles = '{}', propertySourceLocations = '{}', propertySourceProperties = '{}', contextCustomizers = set[org.springframework.boot.test.context.filter.ExcludeFilterContextCustomizer@255b53dc, org.springframework.boot.test.json.DuplicateJsonObjectContextCustomizerFactory$DuplicateJsonObjectContextCustomizer@64d2d351, org.springframework.boot.test.mock.mockito.MockitoContextCustomizer@0, org.springframework.boot.test.autoconfigure.properties.PropertyMappingContextCustomizer@0, org.springframework.boot.test.autoconfigure.web.servlet.WebDriverContextCustomizerFactory$Customizer@52aa2946], contextLoader = 'org.springframework.test.context.support.DelegatingSmartContextLoader', parent = [null]]]; transaction manager [org.springframework.orm.jpa.JpaTransactionManager@4ece2750]; rollback [true]
[05/jul/2024 13:43:31] [:] INFO - Rolled back transaction for test: [DefaultTestContext@329af9b1 testClass = Tests, testInstance = org.isf.medicalstock.test.Tests@24d9ceec, testMethod = testMovementEquals@Tests, testException = [null], mergedContextConfiguration = [MergedContextConfiguration@7535554e testClass = Tests, locations = '{classpath:applicationContext.xml, classpath:applicationContext.xml}', classes = '{}', contextInitializerClasses = '[]', activeProfiles = '{}', propertySourceLocations = '{}', propertySourceProperties = '{}', contextCustomizers = set[org.springframework.boot.test.context.filter.ExcludeFilterContextCustomizer@255b53dc, org.springframework.boot.test.json.DuplicateJsonObjectContextCustomizerFactory$DuplicateJsonObjectContextCustomizer@64d2d351, org.springframework.boot.test.mock.mockito.MockitoContextCustomizer@0, org.springframework.boot.test.autoconfigure.properties.PropertyMappingContextCustomizer@0, org.springframework.boot.test.autoconfigure.web.servlet.WebDriverContextCustomizerFactory$Customizer@52aa2946], contextLoader = 'org.springframework.test.context.support.DelegatingSmartContextLoader', parent = [null]]]
]]></system-out>
  </testcase>
  <testcase name="testMovementHashCode[Test with AUTOMATICLOT_IN=false, AUTOMATICLOT_OUT=true, AUTOMATICLOTWARD_TOWARD=false]" classname="org.isf.medicalstock.test.Tests" time="0.013">
    <system-out><![CDATA[[05/jul/2024 13:43:31] [:] INFO - Began transaction (1) for test context [DefaultTestContext@329af9b1 testClass = Tests, testInstance = org.isf.medicalstock.test.Tests@2d6f3be7, testMethod = testMovementHashCode@Tests, testException = [null], mergedContextConfiguration = [MergedContextConfiguration@7535554e testClass = Tests, locations = '{classpath:applicationContext.xml, classpath:applicationContext.xml}', classes = '{}', contextInitializerClasses = '[]', activeProfiles = '{}', propertySourceLocations = '{}', propertySourceProperties = '{}', contextCustomizers = set[org.springframework.boot.test.context.filter.ExcludeFilterContextCustomizer@255b53dc, org.springframework.boot.test.json.DuplicateJsonObjectContextCustomizerFactory$DuplicateJsonObjectContextCustomizer@64d2d351, org.springframework.boot.test.mock.mockito.MockitoContextCustomizer@0, org.springframework.boot.test.autoconfigure.properties.PropertyMappingContextCustomizer@0, org.springframework.boot.test.autoconfigure.web.servlet.WebDriverContextCustomizerFactory$Customizer@52aa2946], contextLoader = 'org.springframework.test.context.support.DelegatingSmartContextLoader', parent = [null]]]; transaction manager [org.springframework.orm.jpa.JpaTransactionManager@4ece2750]; rollback [true]
[05/jul/2024 13:43:31] [:] INFO - Rolled back transaction for test: [DefaultTestContext@329af9b1 testClass = Tests, testInstance = org.isf.medicalstock.test.Tests@2d6f3be7, testMethod = testMovementHashCode@Tests, testException = [null], mergedContextConfiguration = [MergedContextConfiguration@7535554e testClass = Tests, locations = '{classpath:applicationContext.xml, classpath:applicationContext.xml}', classes = '{}', contextInitializerClasses = '[]', activeProfiles = '{}', propertySourceLocations = '{}', propertySourceProperties = '{}', contextCustomizers = set[org.springframework.boot.test.context.filter.ExcludeFilterContextCustomizer@255b53dc, org.springframework.boot.test.json.DuplicateJsonObjectContextCustomizerFactory$DuplicateJsonObjectContextCustomizer@64d2d351, org.springframework.boot.test.mock.mockito.MockitoContextCustomizer@0, org.springframework.boot.test.autoconfigure.properties.PropertyMappingContextCustomizer@0, org.springframework.boot.test.autoconfigure.web.servlet.WebDriverContextCustomizerFactory$Customizer@52aa2946], contextLoader = 'org.springframework.test.context.support.DelegatingSmartContextLoader', parent = [null]]]
]]></system-out>
  </testcase>
  <testcase name="testLotEquals[Test with AUTOMATICLOT_IN=false, AUTOMATICLOT_OUT=true, AUTOMATICLOTWARD_TOWARD=false]" classname="org.isf.medicalstock.test.Tests" time="0.015">
    <system-out><![CDATA[[05/jul/2024 13:43:31] [:] INFO - Began transaction (1) for test context [DefaultTestContext@329af9b1 testClass = Tests, testInstance = org.isf.medicalstock.test.Tests@5e286959, testMethod = testLotEquals@Tests, testException = [null], mergedContextConfiguration = [MergedContextConfiguration@7535554e testClass = Tests, locations = '{classpath:applicationContext.xml, classpath:applicationContext.xml}', classes = '{}', contextInitializerClasses = '[]', activeProfiles = '{}', propertySourceLocations = '{}', propertySourceProperties = '{}', contextCustomizers = set[org.springframework.boot.test.context.filter.ExcludeFilterContextCustomizer@255b53dc, org.springframework.boot.test.json.DuplicateJsonObjectContextCustomizerFactory$DuplicateJsonObjectContextCustomizer@64d2d351, org.springframework.boot.test.mock.mockito.MockitoContextCustomizer@0, org.springframework.boot.test.autoconfigure.properties.PropertyMappingContextCustomizer@0, org.springframework.boot.test.autoconfigure.web.servlet.WebDriverContextCustomizerFactory$Customizer@52aa2946], contextLoader = 'org.springframework.test.context.support.DelegatingSmartContextLoader', parent = [null]]]; transaction manager [org.springframework.orm.jpa.JpaTransactionManager@4ece2750]; rollback [true]
[05/jul/2024 13:43:31] [:] INFO - Rolled back transaction for test: [DefaultTestContext@329af9b1 testClass = Tests, testInstance = org.isf.medicalstock.test.Tests@5e286959, testMethod = testLotEquals@Tests, testException = [null], mergedContextConfiguration = [MergedContextConfiguration@7535554e testClass = Tests, locations = '{classpath:applicationContext.xml, classpath:applicationContext.xml}', classes = '{}', contextInitializerClasses = '[]', activeProfiles = '{}', propertySourceLocations = '{}', propertySourceProperties = '{}', contextCustomizers = set[org.springframework.boot.test.context.filter.ExcludeFilterContextCustomizer@255b53dc, org.springframework.boot.test.json.DuplicateJsonObjectContextCustomizerFactory$DuplicateJsonObjectContextCustomizer@64d2d351, org.springframework.boot.test.mock.mockito.MockitoContextCustomizer@0, org.springframework.boot.test.autoconfigure.properties.PropertyMappingContextCustomizer@0, org.springframework.boot.test.autoconfigure.web.servlet.WebDriverContextCustomizerFactory$Customizer@52aa2946], contextLoader = 'org.springframework.test.context.support.DelegatingSmartContextLoader', parent = [null]]]
]]></system-out>
  </testcase>
  <testcase name="testIoGetMovementForPrintWardOrderateWard[Test with AUTOMATICLOT_IN=false, AUTOMATICLOT_OUT=true, AUTOMATICLOTWARD_TOWARD=false]" classname="org.isf.medicalstock.test.Tests" time="0.018">
    <system-out><![CDATA[[05/jul/2024 13:43:31] [:] INFO - Began transaction (1) for test context [DefaultTestContext@329af9b1 testClass = Tests, testInstance = org.isf.medicalstock.test.Tests@7b99ac97, testMethod = testIoGetMovementForPrintWardOrderateWard@Tests, testException = [null], mergedContextConfiguration = [MergedContextConfiguration@7535554e testClass = Tests, locations = '{classpath:applicationContext.xml, classpath:applicationContext.xml}', classes = '{}', contextInitializerClasses = '[]', activeProfiles = '{}', propertySourceLocations = '{}', propertySourceProperties = '{}', contextCustomizers = set[org.springframework.boot.test.context.filter.ExcludeFilterContextCustomizer@255b53dc, org.springframework.boot.test.json.DuplicateJsonObjectContextCustomizerFactory$DuplicateJsonObjectContextCustomizer@64d2d351, org.springframework.boot.test.mock.mockito.MockitoContextCustomizer@0, org.springframework.boot.test.autoconfigure.properties.PropertyMappingContextCustomizer@0, org.springframework.boot.test.autoconfigure.web.servlet.WebDriverContextCustomizerFactory$Customizer@52aa2946], contextLoader = 'org.springframework.test.context.support.DelegatingSmartContextLoader', parent = [null]]]; transaction manager [org.springframework.orm.jpa.JpaTransactionManager@4ece2750]; rollback [true]
[05/jul/2024 13:43:31] [:] INFO - Rolled back transaction for test: [DefaultTestContext@329af9b1 testClass = Tests, testInstance = org.isf.medicalstock.test.Tests@7b99ac97, testMethod = testIoGetMovementForPrintWardOrderateWard@Tests, testException = [null], mergedContextConfiguration = [MergedContextConfiguration@7535554e testClass = Tests, locations = '{classpath:applicationContext.xml, classpath:applicationContext.xml}', classes = '{}', contextInitializerClasses = '[]', activeProfiles = '{}', propertySourceLocations = '{}', propertySourceProperties = '{}', contextCustomizers = set[org.springframework.boot.test.context.filter.ExcludeFilterContextCustomizer@255b53dc, org.springframework.boot.test.json.DuplicateJsonObjectContextCustomizerFactory$DuplicateJsonObjectContextCustomizer@64d2d351, org.springframework.boot.test.mock.mockito.MockitoContextCustomizer@0, org.springframework.boot.test.autoconfigure.properties.PropertyMappingContextCustomizer@0, org.springframework.boot.test.autoconfigure.web.servlet.WebDriverContextCustomizerFactory$Customizer@52aa2946], contextLoader = 'org.springframework.test.context.support.DelegatingSmartContextLoader', parent = [null]]]
]]></system-out>
  </testcase>
  <testcase name="testMgrValidateReferenceNumber[Test with AUTOMATICLOT_IN=false, AUTOMATICLOT_OUT=true, AUTOMATICLOTWARD_TOWARD=false]" classname="org.isf.medicalstock.test.Tests" time="0.015">
    <system-out><![CDATA[[05/jul/2024 13:43:31] [:] INFO - Began transaction (1) for test context [DefaultTestContext@329af9b1 testClass = Tests, testInstance = org.isf.medicalstock.test.Tests@6c7df5ef, testMethod = testMgrValidateReferenceNumber@Tests, testException = [null], mergedContextConfiguration = [MergedContextConfiguration@7535554e testClass = Tests, locations = '{classpath:applicationContext.xml, classpath:applicationContext.xml}', classes = '{}', contextInitializerClasses = '[]', activeProfiles = '{}', propertySourceLocations = '{}', propertySourceProperties = '{}', contextCustomizers = set[org.springframework.boot.test.context.filter.ExcludeFilterContextCustomizer@255b53dc, org.springframework.boot.test.json.DuplicateJsonObjectContextCustomizerFactory$DuplicateJsonObjectContextCustomizer@64d2d351, org.springframework.boot.test.mock.mockito.MockitoContextCustomizer@0, org.springframework.boot.test.autoconfigure.properties.PropertyMappingContextCustomizer@0, org.springframework.boot.test.autoconfigure.web.servlet.WebDriverContextCustomizerFactory$Customizer@52aa2946], contextLoader = 'org.springframework.test.context.support.DelegatingSmartContextLoader', parent = [null]]]; transaction manager [org.springframework.orm.jpa.JpaTransactionManager@4ece2750]; rollback [true]
[05/jul/2024 13:43:31] [:] INFO - Rolled back transaction for test: [DefaultTestContext@329af9b1 testClass = Tests, testInstance = org.isf.medicalstock.test.Tests@6c7df5ef, testMethod = testMgrValidateReferenceNumber@Tests, testException = [null], mergedContextConfiguration = [MergedContextConfiguration@7535554e testClass = Tests, locations = '{classpath:applicationContext.xml, classpath:applicationContext.xml}', classes = '{}', contextInitializerClasses = '[]', activeProfiles = '{}', propertySourceLocations = '{}', propertySourceProperties = '{}', contextCustomizers = set[org.springframework.boot.test.context.filter.ExcludeFilterContextCustomizer@255b53dc, org.springframework.boot.test.json.DuplicateJsonObjectContextCustomizerFactory$DuplicateJsonObjectContextCustomizer@64d2d351, org.springframework.boot.test.mock.mockito.MockitoContextCustomizer@0, org.springframework.boot.test.autoconfigure.properties.PropertyMappingContextCustomizer@0, org.springframework.boot.test.autoconfigure.web.servlet.WebDriverContextCustomizerFactory$Customizer@52aa2946], contextLoader = 'org.springframework.test.context.support.DelegatingSmartContextLoader', parent = [null]]]
]]></system-out>
  </testcase>
  <testcase name="testIoGetLotsByMedicalEmptyLot[Test with AUTOMATICLOT_IN=false, AUTOMATICLOT_OUT=true, AUTOMATICLOTWARD_TOWARD=false]" classname="org.isf.medicalstock.test.Tests" time="0.02">
    <system-out><![CDATA[[05/jul/2024 13:43:31] [:] INFO - Began transaction (1) for test context [DefaultTestContext@329af9b1 testClass = Tests, testInstance = org.isf.medicalstock.test.Tests@76081d71, testMethod = testIoGetLotsByMedicalEmptyLot@Tests, testException = [null], mergedContextConfiguration = [MergedContextConfiguration@7535554e testClass = Tests, locations = '{classpath:applicationContext.xml, classpath:applicationContext.xml}', classes = '{}', contextInitializerClasses = '[]', activeProfiles = '{}', propertySourceLocations = '{}', propertySourceProperties = '{}', contextCustomizers = set[org.springframework.boot.test.context.filter.ExcludeFilterContextCustomizer@255b53dc, org.springframework.boot.test.json.DuplicateJsonObjectContextCustomizerFactory$DuplicateJsonObjectContextCustomizer@64d2d351, org.springframework.boot.test.mock.mockito.MockitoContextCustomizer@0, org.springframework.boot.test.autoconfigure.properties.PropertyMappingContextCustomizer@0, org.springframework.boot.test.autoconfigure.web.servlet.WebDriverContextCustomizerFactory$Customizer@52aa2946], contextLoader = 'org.springframework.test.context.support.DelegatingSmartContextLoader', parent = [null]]]; transaction manager [org.springframework.orm.jpa.JpaTransactionManager@4ece2750]; rollback [true]
[05/jul/2024 13:43:31] [:] INFO - Rolled back transaction for test: [DefaultTestContext@329af9b1 testClass = Tests, testInstance = org.isf.medicalstock.test.Tests@76081d71, testMethod = testIoGetLotsByMedicalEmptyLot@Tests, testException = [null], mergedContextConfiguration = [MergedContextConfiguration@7535554e testClass = Tests, locations = '{classpath:applicationContext.xml, classpath:applicationContext.xml}', classes = '{}', contextInitializerClasses = '[]', activeProfiles = '{}', propertySourceLocations = '{}', propertySourceProperties = '{}', contextCustomizers = set[org.springframework.boot.test.context.filter.ExcludeFilterContextCustomizer@255b53dc, org.springframework.boot.test.json.DuplicateJsonObjectContextCustomizerFactory$DuplicateJsonObjectContextCustomizer@64d2d351, org.springframework.boot.test.mock.mockito.MockitoContextCustomizer@0, org.springframework.boot.test.autoconfigure.properties.PropertyMappingContextCustomizer@0, org.springframework.boot.test.autoconfigure.web.servlet.WebDriverContextCustomizerFactory$Customizer@52aa2946], contextLoader = 'org.springframework.test.context.support.DelegatingSmartContextLoader', parent = [null]]]
]]></system-out>
  </testcase>
  <testcase name="testIoNewMovement[Test with AUTOMATICLOT_IN=false, AUTOMATICLOT_OUT=true, AUTOMATICLOTWARD_TOWARD=false]" classname="org.isf.medicalstock.test.Tests" time="0.015">
    <system-out><![CDATA[[05/jul/2024 13:43:31] [:] INFO - Began transaction (1) for test context [DefaultTestContext@329af9b1 testClass = Tests, testInstance = org.isf.medicalstock.test.Tests@5045efe4, testMethod = testIoNewMovement@Tests, testException = [null], mergedContextConfiguration = [MergedContextConfiguration@7535554e testClass = Tests, locations = '{classpath:applicationContext.xml, classpath:applicationContext.xml}', classes = '{}', contextInitializerClasses = '[]', activeProfiles = '{}', propertySourceLocations = '{}', propertySourceProperties = '{}', contextCustomizers = set[org.springframework.boot.test.context.filter.ExcludeFilterContextCustomizer@255b53dc, org.springframework.boot.test.json.DuplicateJsonObjectContextCustomizerFactory$DuplicateJsonObjectContextCustomizer@64d2d351, org.springframework.boot.test.mock.mockito.MockitoContextCustomizer@0, org.springframework.boot.test.autoconfigure.properties.PropertyMappingContextCustomizer@0, org.springframework.boot.test.autoconfigure.web.servlet.WebDriverContextCustomizerFactory$Customizer@52aa2946], contextLoader = 'org.springframework.test.context.support.DelegatingSmartContextLoader', parent = [null]]]; transaction manager [org.springframework.orm.jpa.JpaTransactionManager@4ece2750]; rollback [true]
[05/jul/2024 13:43:31] [:] INFO - Rolled back transaction for test: [DefaultTestContext@329af9b1 testClass = Tests, testInstance = org.isf.medicalstock.test.Tests@5045efe4, testMethod = testIoNewMovement@Tests, testException = [null], mergedContextConfiguration = [MergedContextConfiguration@7535554e testClass = Tests, locations = '{classpath:applicationContext.xml, classpath:applicationContext.xml}', classes = '{}', contextInitializerClasses = '[]', activeProfiles = '{}', propertySourceLocations = '{}', propertySourceProperties = '{}', contextCustomizers = set[org.springframework.boot.test.context.filter.ExcludeFilterContextCustomizer@255b53dc, org.springframework.boot.test.json.DuplicateJsonObjectContextCustomizerFactory$DuplicateJsonObjectContextCustomizer@64d2d351, org.springframework.boot.test.mock.mockito.MockitoContextCustomizer@0, org.springframework.boot.test.autoconfigure.properties.PropertyMappingContextCustomizer@0, org.springframework.boot.test.autoconfigure.web.servlet.WebDriverContextCustomizerFactory$Customizer@52aa2946], contextLoader = 'org.springframework.test.context.support.DelegatingSmartContextLoader', parent = [null]]]
]]></system-out>
  </testcase>
  <testcase name="testMgrValidateNullWard[Test with AUTOMATICLOT_IN=false, AUTOMATICLOT_OUT=true, AUTOMATICLOTWARD_TOWARD=false]" classname="org.isf.medicalstock.test.Tests" time="0.019">
    <system-out><![CDATA[[05/jul/2024 13:43:31] [:] INFO - Began transaction (1) for test context [DefaultTestContext@329af9b1 testClass = Tests, testInstance = org.isf.medicalstock.test.Tests@3775e533, testMethod = testMgrValidateNullWard@Tests, testException = [null], mergedContextConfiguration = [MergedContextConfiguration@7535554e testClass = Tests, locations = '{classpath:applicationContext.xml, classpath:applicationContext.xml}', classes = '{}', contextInitializerClasses = '[]', activeProfiles = '{}', propertySourceLocations = '{}', propertySourceProperties = '{}', contextCustomizers = set[org.springframework.boot.test.context.filter.ExcludeFilterContextCustomizer@255b53dc, org.springframework.boot.test.json.DuplicateJsonObjectContextCustomizerFactory$DuplicateJsonObjectContextCustomizer@64d2d351, org.springframework.boot.test.mock.mockito.MockitoContextCustomizer@0, org.springframework.boot.test.autoconfigure.properties.PropertyMappingContextCustomizer@0, org.springframework.boot.test.autoconfigure.web.servlet.WebDriverContextCustomizerFactory$Customizer@52aa2946], contextLoader = 'org.springframework.test.context.support.DelegatingSmartContextLoader', parent = [null]]]; transaction manager [org.springframework.orm.jpa.JpaTransactionManager@4ece2750]; rollback [true]
[05/jul/2024 13:43:31] [:] INFO - Rolled back transaction for test: [DefaultTestContext@329af9b1 testClass = Tests, testInstance = org.isf.medicalstock.test.Tests@3775e533, testMethod = testMgrValidateNullWard@Tests, testException = [null], mergedContextConfiguration = [MergedContextConfiguration@7535554e testClass = Tests, locations = '{classpath:applicationContext.xml, classpath:applicationContext.xml}', classes = '{}', contextInitializerClasses = '[]', activeProfiles = '{}', propertySourceLocations = '{}', propertySourceProperties = '{}', contextCustomizers = set[org.springframework.boot.test.context.filter.ExcludeFilterContextCustomizer@255b53dc, org.springframework.boot.test.json.DuplicateJsonObjectContextCustomizerFactory$DuplicateJsonObjectContextCustomizer@64d2d351, org.springframework.boot.test.mock.mockito.MockitoContextCustomizer@0, org.springframework.boot.test.autoconfigure.properties.PropertyMappingContextCustomizer@0, org.springframework.boot.test.autoconfigure.web.servlet.WebDriverContextCustomizerFactory$Customizer@52aa2946], contextLoader = 'org.springframework.test.context.support.DelegatingSmartContextLoader', parent = [null]]]
]]></system-out>
  </testcase>
  <testcase name="testMgrValidateNullSupplier[Test with AUTOMATICLOT_IN=false, AUTOMATICLOT_OUT=true, AUTOMATICLOTWARD_TOWARD=false]" classname="org.isf.medicalstock.test.Tests" time="0.023">
    <system-out><![CDATA[[05/jul/2024 13:43:31] [:] INFO - Began transaction (1) for test context [DefaultTestContext@329af9b1 testClass = Tests, testInstance = org.isf.medicalstock.test.Tests@72d0030b, testMethod = testMgrValidateNullSupplier@Tests, testException = [null], mergedContextConfiguration = [MergedContextConfiguration@7535554e testClass = Tests, locations = '{classpath:applicationContext.xml, classpath:applicationContext.xml}', classes = '{}', contextInitializerClasses = '[]', activeProfiles = '{}', propertySourceLocations = '{}', propertySourceProperties = '{}', contextCustomizers = set[org.springframework.boot.test.context.filter.ExcludeFilterContextCustomizer@255b53dc, org.springframework.boot.test.json.DuplicateJsonObjectContextCustomizerFactory$DuplicateJsonObjectContextCustomizer@64d2d351, org.springframework.boot.test.mock.mockito.MockitoContextCustomizer@0, org.springframework.boot.test.autoconfigure.properties.PropertyMappingContextCustomizer@0, org.springframework.boot.test.autoconfigure.web.servlet.WebDriverContextCustomizerFactory$Customizer@52aa2946], contextLoader = 'org.springframework.test.context.support.DelegatingSmartContextLoader', parent = [null]]]; transaction manager [org.springframework.orm.jpa.JpaTransactionManager@4ece2750]; rollback [true]
[05/jul/2024 13:43:31] [:] INFO - Rolled back transaction for test: [DefaultTestContext@329af9b1 testClass = Tests, testInstance = org.isf.medicalstock.test.Tests@72d0030b, testMethod = testMgrValidateNullSupplier@Tests, testException = [null], mergedContextConfiguration = [MergedContextConfiguration@7535554e testClass = Tests, locations = '{classpath:applicationContext.xml, classpath:applicationContext.xml}', classes = '{}', contextInitializerClasses = '[]', activeProfiles = '{}', propertySourceLocations = '{}', propertySourceProperties = '{}', contextCustomizers = set[org.springframework.boot.test.context.filter.ExcludeFilterContextCustomizer@255b53dc, org.springframework.boot.test.json.DuplicateJsonObjectContextCustomizerFactory$DuplicateJsonObjectContextCustomizer@64d2d351, org.springframework.boot.test.mock.mockito.MockitoContextCustomizer@0, org.springframework.boot.test.autoconfigure.properties.PropertyMappingContextCustomizer@0, org.springframework.boot.test.autoconfigure.web.servlet.WebDriverContextCustomizerFactory$Customizer@52aa2946], contextLoader = 'org.springframework.test.context.support.DelegatingSmartContextLoader', parent = [null]]]
]]></system-out>
  </testcase>
  <testcase name="testMgrGetMovementsWihAllParameters[Test with AUTOMATICLOT_IN=false, AUTOMATICLOT_OUT=true, AUTOMATICLOTWARD_TOWARD=false]" classname="org.isf.medicalstock.test.Tests" time="0.019">
    <system-out><![CDATA[[05/jul/2024 13:43:31] [:] INFO - Began transaction (1) for test context [DefaultTestContext@329af9b1 testClass = Tests, testInstance = org.isf.medicalstock.test.Tests@508605e3, testMethod = testMgrGetMovementsWihAllParameters@Tests, testException = [null], mergedContextConfiguration = [MergedContextConfiguration@7535554e testClass = Tests, locations = '{classpath:applicationContext.xml, classpath:applicationContext.xml}', classes = '{}', contextInitializerClasses = '[]', activeProfiles = '{}', propertySourceLocations = '{}', propertySourceProperties = '{}', contextCustomizers = set[org.springframework.boot.test.context.filter.ExcludeFilterContextCustomizer@255b53dc, org.springframework.boot.test.json.DuplicateJsonObjectContextCustomizerFactory$DuplicateJsonObjectContextCustomizer@64d2d351, org.springframework.boot.test.mock.mockito.MockitoContextCustomizer@0, org.springframework.boot.test.autoconfigure.properties.PropertyMappingContextCustomizer@0, org.springframework.boot.test.autoconfigure.web.servlet.WebDriverContextCustomizerFactory$Customizer@52aa2946], contextLoader = 'org.springframework.test.context.support.DelegatingSmartContextLoader', parent = [null]]]; transaction manager [org.springframework.orm.jpa.JpaTransactionManager@4ece2750]; rollback [true]
[05/jul/2024 13:43:31] [:] INFO - Rolled back transaction for test: [DefaultTestContext@329af9b1 testClass = Tests, testInstance = org.isf.medicalstock.test.Tests@508605e3, testMethod = testMgrGetMovementsWihAllParameters@Tests, testException = [null], mergedContextConfiguration = [MergedContextConfiguration@7535554e testClass = Tests, locations = '{classpath:applicationContext.xml, classpath:applicationContext.xml}', classes = '{}', contextInitializerClasses = '[]', activeProfiles = '{}', propertySourceLocations = '{}', propertySourceProperties = '{}', contextCustomizers = set[org.springframework.boot.test.context.filter.ExcludeFilterContextCustomizer@255b53dc, org.springframework.boot.test.json.DuplicateJsonObjectContextCustomizerFactory$DuplicateJsonObjectContextCustomizer@64d2d351, org.springframework.boot.test.mock.mockito.MockitoContextCustomizer@0, org.springframework.boot.test.autoconfigure.properties.PropertyMappingContextCustomizer@0, org.springframework.boot.test.autoconfigure.web.servlet.WebDriverContextCustomizerFactory$Customizer@52aa2946], contextLoader = 'org.springframework.test.context.support.DelegatingSmartContextLoader', parent = [null]]]
]]></system-out>
  </testcase>
  <testcase name="testIoLotExists[Test with AUTOMATICLOT_IN=false, AUTOMATICLOT_OUT=true, AUTOMATICLOTWARD_TOWARD=false]" classname="org.isf.medicalstock.test.Tests" time="0.014">
    <system-out><![CDATA[[05/jul/2024 13:43:31] [:] INFO - Began transaction (1) for test context [DefaultTestContext@329af9b1 testClass = Tests, testInstance = org.isf.medicalstock.test.Tests@2e50ab58, testMethod = testIoLotExists@Tests, testException = [null], mergedContextConfiguration = [MergedContextConfiguration@7535554e testClass = Tests, locations = '{classpath:applicationContext.xml, classpath:applicationContext.xml}', classes = '{}', contextInitializerClasses = '[]', activeProfiles = '{}', propertySourceLocations = '{}', propertySourceProperties = '{}', contextCustomizers = set[org.springframework.boot.test.context.filter.ExcludeFilterContextCustomizer@255b53dc, org.springframework.boot.test.json.DuplicateJsonObjectContextCustomizerFactory$DuplicateJsonObjectContextCustomizer@64d2d351, org.springframework.boot.test.mock.mockito.MockitoContextCustomizer@0, org.springframework.boot.test.autoconfigure.properties.PropertyMappingContextCustomizer@0, org.springframework.boot.test.autoconfigure.web.servlet.WebDriverContextCustomizerFactory$Customizer@52aa2946], contextLoader = 'org.springframework.test.context.support.DelegatingSmartContextLoader', parent = [null]]]; transaction manager [org.springframework.orm.jpa.JpaTransactionManager@4ece2750]; rollback [true]
[05/jul/2024 13:43:31] [:] INFO - Rolled back transaction for test: [DefaultTestContext@329af9b1 testClass = Tests, testInstance = org.isf.medicalstock.test.Tests@2e50ab58, testMethod = testIoLotExists@Tests, testException = [null], mergedContextConfiguration = [MergedContextConfiguration@7535554e testClass = Tests, locations = '{classpath:applicationContext.xml, classpath:applicationContext.xml}', classes = '{}', contextInitializerClasses = '[]', activeProfiles = '{}', propertySourceLocations = '{}', propertySourceProperties = '{}', contextCustomizers = set[org.springframework.boot.test.context.filter.ExcludeFilterContextCustomizer@255b53dc, org.springframework.boot.test.json.DuplicateJsonObjectContextCustomizerFactory$DuplicateJsonObjectContextCustomizer@64d2d351, org.springframework.boot.test.mock.mockito.MockitoContextCustomizer@0, org.springframework.boot.test.autoconfigure.properties.PropertyMappingContextCustomizer@0, org.springframework.boot.test.autoconfigure.web.servlet.WebDriverContextCustomizerFactory$Customizer@52aa2946], contextLoader = 'org.springframework.test.context.support.DelegatingSmartContextLoader', parent = [null]]]
]]></system-out>
  </testcase>
  <testcase name="testLotToString[Test with AUTOMATICLOT_IN=false, AUTOMATICLOT_OUT=true, AUTOMATICLOTWARD_TOWARD=false]" classname="org.isf.medicalstock.test.Tests" time="0.011">
    <system-out><![CDATA[[05/jul/2024 13:43:31] [:] INFO - Began transaction (1) for test context [DefaultTestContext@329af9b1 testClass = Tests, testInstance = org.isf.medicalstock.test.Tests@33dc94e7, testMethod = testLotToString@Tests, testException = [null], mergedContextConfiguration = [MergedContextConfiguration@7535554e testClass = Tests, locations = '{classpath:applicationContext.xml, classpath:applicationContext.xml}', classes = '{}', contextInitializerClasses = '[]', activeProfiles = '{}', propertySourceLocations = '{}', propertySourceProperties = '{}', contextCustomizers = set[org.springframework.boot.test.context.filter.ExcludeFilterContextCustomizer@255b53dc, org.springframework.boot.test.json.DuplicateJsonObjectContextCustomizerFactory$DuplicateJsonObjectContextCustomizer@64d2d351, org.springframework.boot.test.mock.mockito.MockitoContextCustomizer@0, org.springframework.boot.test.autoconfigure.properties.PropertyMappingContextCustomizer@0, org.springframework.boot.test.autoconfigure.web.servlet.WebDriverContextCustomizerFactory$Customizer@52aa2946], contextLoader = 'org.springframework.test.context.support.DelegatingSmartContextLoader', parent = [null]]]; transaction manager [org.springframework.orm.jpa.JpaTransactionManager@4ece2750]; rollback [true]
[05/jul/2024 13:43:31] [:] INFO - Rolled back transaction for test: [DefaultTestContext@329af9b1 testClass = Tests, testInstance = org.isf.medicalstock.test.Tests@33dc94e7, testMethod = testLotToString@Tests, testException = [null], mergedContextConfiguration = [MergedContextConfiguration@7535554e testClass = Tests, locations = '{classpath:applicationContext.xml, classpath:applicationContext.xml}', classes = '{}', contextInitializerClasses = '[]', activeProfiles = '{}', propertySourceLocations = '{}', propertySourceProperties = '{}', contextCustomizers = set[org.springframework.boot.test.context.filter.ExcludeFilterContextCustomizer@255b53dc, org.springframework.boot.test.json.DuplicateJsonObjectContextCustomizerFactory$DuplicateJsonObjectContextCustomizer@64d2d351, org.springframework.boot.test.mock.mockito.MockitoContextCustomizer@0, org.springframework.boot.test.autoconfigure.properties.PropertyMappingContextCustomizer@0, org.springframework.boot.test.autoconfigure.web.servlet.WebDriverContextCustomizerFactory$Customizer@52aa2946], contextLoader = 'org.springframework.test.context.support.DelegatingSmartContextLoader', parent = [null]]]
]]></system-out>
  </testcase>
  <testcase name="testIoGetMovementForPrintPharmaceuticalTypeOrder[Test with AUTOMATICLOT_IN=false, AUTOMATICLOT_OUT=true, AUTOMATICLOTWARD_TOWARD=false]" classname="org.isf.medicalstock.test.Tests" time="0.013">
    <system-out><![CDATA[[05/jul/2024 13:43:31] [:] INFO - Began transaction (1) for test context [DefaultTestContext@329af9b1 testClass = Tests, testInstance = org.isf.medicalstock.test.Tests@cf5eb11, testMethod = testIoGetMovementForPrintPharmaceuticalTypeOrder@Tests, testException = [null], mergedContextConfiguration = [MergedContextConfiguration@7535554e testClass = Tests, locations = '{classpath:applicationContext.xml, classpath:applicationContext.xml}', classes = '{}', contextInitializerClasses = '[]', activeProfiles = '{}', propertySourceLocations = '{}', propertySourceProperties = '{}', contextCustomizers = set[org.springframework.boot.test.context.filter.ExcludeFilterContextCustomizer@255b53dc, org.springframework.boot.test.json.DuplicateJsonObjectContextCustomizerFactory$DuplicateJsonObjectContextCustomizer@64d2d351, org.springframework.boot.test.mock.mockito.MockitoContextCustomizer@0, org.springframework.boot.test.autoconfigure.properties.PropertyMappingContextCustomizer@0, org.springframework.boot.test.autoconfigure.web.servlet.WebDriverContextCustomizerFactory$Customizer@52aa2946], contextLoader = 'org.springframework.test.context.support.DelegatingSmartContextLoader', parent = [null]]]; transaction manager [org.springframework.orm.jpa.JpaTransactionManager@4ece2750]; rollback [true]
[05/jul/2024 13:43:31] [:] INFO - Rolled back transaction for test: [DefaultTestContext@329af9b1 testClass = Tests, testInstance = org.isf.medicalstock.test.Tests@cf5eb11, testMethod = testIoGetMovementForPrintPharmaceuticalTypeOrder@Tests, testException = [null], mergedContextConfiguration = [MergedContextConfiguration@7535554e testClass = Tests, locations = '{classpath:applicationContext.xml, classpath:applicationContext.xml}', classes = '{}', contextInitializerClasses = '[]', activeProfiles = '{}', propertySourceLocations = '{}', propertySourceProperties = '{}', contextCustomizers = set[org.springframework.boot.test.context.filter.ExcludeFilterContextCustomizer@255b53dc, org.springframework.boot.test.json.DuplicateJsonObjectContextCustomizerFactory$DuplicateJsonObjectContextCustomizer@64d2d351, org.springframework.boot.test.mock.mockito.MockitoContextCustomizer@0, org.springframework.boot.test.autoconfigure.properties.PropertyMappingContextCustomizer@0, org.springframework.boot.test.autoconfigure.web.servlet.WebDriverContextCustomizerFactory$Customizer@52aa2946], contextLoader = 'org.springframework.test.context.support.DelegatingSmartContextLoader', parent = [null]]]
]]></system-out>
  </testcase>
  <testcase name="testMgrPrepareDischargingMovement[Test with AUTOMATICLOT_IN=false, AUTOMATICLOT_OUT=true, AUTOMATICLOTWARD_TOWARD=false]" classname="org.isf.medicalstock.test.Tests" time="0.022">
    <system-out><![CDATA[[05/jul/2024 13:43:31] [:] INFO - Began transaction (1) for test context [DefaultTestContext@329af9b1 testClass = Tests, testInstance = org.isf.medicalstock.test.Tests@6861180b, testMethod = testMgrPrepareDischargingMovement@Tests, testException = [null], mergedContextConfiguration = [MergedContextConfiguration@7535554e testClass = Tests, locations = '{classpath:applicationContext.xml, classpath:applicationContext.xml}', classes = '{}', contextInitializerClasses = '[]', activeProfiles = '{}', propertySourceLocations = '{}', propertySourceProperties = '{}', contextCustomizers = set[org.springframework.boot.test.context.filter.ExcludeFilterContextCustomizer@255b53dc, org.springframework.boot.test.json.DuplicateJsonObjectContextCustomizerFactory$DuplicateJsonObjectContextCustomizer@64d2d351, org.springframework.boot.test.mock.mockito.MockitoContextCustomizer@0, org.springframework.boot.test.autoconfigure.properties.PropertyMappingContextCustomizer@0, org.springframework.boot.test.autoconfigure.web.servlet.WebDriverContextCustomizerFactory$Customizer@52aa2946], contextLoader = 'org.springframework.test.context.support.DelegatingSmartContextLoader', parent = [null]]]; transaction manager [org.springframework.orm.jpa.JpaTransactionManager@4ece2750]; rollback [true]
[05/jul/2024 13:43:31] [:] INFO - Rolled back transaction for test: [DefaultTestContext@329af9b1 testClass = Tests, testInstance = org.isf.medicalstock.test.Tests@6861180b, testMethod = testMgrPrepareDischargingMovement@Tests, testException = [null], mergedContextConfiguration = [MergedContextConfiguration@7535554e testClass = Tests, locations = '{classpath:applicationContext.xml, classpath:applicationContext.xml}', classes = '{}', contextInitializerClasses = '[]', activeProfiles = '{}', propertySourceLocations = '{}', propertySourceProperties = '{}', contextCustomizers = set[org.springframework.boot.test.context.filter.ExcludeFilterContextCustomizer@255b53dc, org.springframework.boot.test.json.DuplicateJsonObjectContextCustomizerFactory$DuplicateJsonObjectContextCustomizer@64d2d351, org.springframework.boot.test.mock.mockito.MockitoContextCustomizer@0, org.springframework.boot.test.autoconfigure.properties.PropertyMappingContextCustomizer@0, org.springframework.boot.test.autoconfigure.web.servlet.WebDriverContextCustomizerFactory$Customizer@52aa2946], contextLoader = 'org.springframework.test.context.support.DelegatingSmartContextLoader', parent = [null]]]
]]></system-out>
  </testcase>
  <testcase name="testMgrValidateNullMedical[Test with AUTOMATICLOT_IN=false, AUTOMATICLOT_OUT=true, AUTOMATICLOTWARD_TOWARD=false]" classname="org.isf.medicalstock.test.Tests" time="0.014">
    <system-out><![CDATA[[05/jul/2024 13:43:31] [:] INFO - Began transaction (1) for test context [DefaultTestContext@329af9b1 testClass = Tests, testInstance = org.isf.medicalstock.test.Tests@8d54998, testMethod = testMgrValidateNullMedical@Tests, testException = [null], mergedContextConfiguration = [MergedContextConfiguration@7535554e testClass = Tests, locations = '{classpath:applicationContext.xml, classpath:applicationContext.xml}', classes = '{}', contextInitializerClasses = '[]', activeProfiles = '{}', propertySourceLocations = '{}', propertySourceProperties = '{}', contextCustomizers = set[org.springframework.boot.test.context.filter.ExcludeFilterContextCustomizer@255b53dc, org.springframework.boot.test.json.DuplicateJsonObjectContextCustomizerFactory$DuplicateJsonObjectContextCustomizer@64d2d351, org.springframework.boot.test.mock.mockito.MockitoContextCustomizer@0, org.springframework.boot.test.autoconfigure.properties.PropertyMappingContextCustomizer@0, org.springframework.boot.test.autoconfigure.web.servlet.WebDriverContextCustomizerFactory$Customizer@52aa2946], contextLoader = 'org.springframework.test.context.support.DelegatingSmartContextLoader', parent = [null]]]; transaction manager [org.springframework.orm.jpa.JpaTransactionManager@4ece2750]; rollback [true]
[05/jul/2024 13:43:31] [:] INFO - Rolled back transaction for test: [DefaultTestContext@329af9b1 testClass = Tests, testInstance = org.isf.medicalstock.test.Tests@8d54998, testMethod = testMgrValidateNullMedical@Tests, testException = [null], mergedContextConfiguration = [MergedContextConfiguration@7535554e testClass = Tests, locations = '{classpath:applicationContext.xml, classpath:applicationContext.xml}', classes = '{}', contextInitializerClasses = '[]', activeProfiles = '{}', propertySourceLocations = '{}', propertySourceProperties = '{}', contextCustomizers = set[org.springframework.boot.test.context.filter.ExcludeFilterContextCustomizer@255b53dc, org.springframework.boot.test.json.DuplicateJsonObjectContextCustomizerFactory$DuplicateJsonObjectContextCustomizer@64d2d351, org.springframework.boot.test.mock.mockito.MockitoContextCustomizer@0, org.springframework.boot.test.autoconfigure.properties.PropertyMappingContextCustomizer@0, org.springframework.boot.test.autoconfigure.web.servlet.WebDriverContextCustomizerFactory$Customizer@52aa2946], contextLoader = 'org.springframework.test.context.support.DelegatingSmartContextLoader', parent = [null]]]
]]></system-out>
  </testcase>
  <testcase name="testMgrValidateLotPreparationDateAfterDueDate[Test with AUTOMATICLOT_IN=false, AUTOMATICLOT_OUT=true, AUTOMATICLOTWARD_TOWARD=false]" classname="org.isf.medicalstock.test.Tests" time="0.013">
    <system-out><![CDATA[[05/jul/2024 13:43:31] [:] INFO - Began transaction (1) for test context [DefaultTestContext@329af9b1 testClass = Tests, testInstance = org.isf.medicalstock.test.Tests@5c62973a, testMethod = testMgrValidateLotPreparationDateAfterDueDate@Tests, testException = [null], mergedContextConfiguration = [MergedContextConfiguration@7535554e testClass = Tests, locations = '{classpath:applicationContext.xml, classpath:applicationContext.xml}', classes = '{}', contextInitializerClasses = '[]', activeProfiles = '{}', propertySourceLocations = '{}', propertySourceProperties = '{}', contextCustomizers = set[org.springframework.boot.test.context.filter.ExcludeFilterContextCustomizer@255b53dc, org.springframework.boot.test.json.DuplicateJsonObjectContextCustomizerFactory$DuplicateJsonObjectContextCustomizer@64d2d351, org.springframework.boot.test.mock.mockito.MockitoContextCustomizer@0, org.springframework.boot.test.autoconfigure.properties.PropertyMappingContextCustomizer@0, org.springframework.boot.test.autoconfigure.web.servlet.WebDriverContextCustomizerFactory$Customizer@52aa2946], contextLoader = 'org.springframework.test.context.support.DelegatingSmartContextLoader', parent = [null]]]; transaction manager [org.springframework.orm.jpa.JpaTransactionManager@4ece2750]; rollback [true]
[05/jul/2024 13:43:31] [:] INFO - Rolled back transaction for test: [DefaultTestContext@329af9b1 testClass = Tests, testInstance = org.isf.medicalstock.test.Tests@5c62973a, testMethod = testMgrValidateLotPreparationDateAfterDueDate@Tests, testException = [null], mergedContextConfiguration = [MergedContextConfiguration@7535554e testClass = Tests, locations = '{classpath:applicationContext.xml, classpath:applicationContext.xml}', classes = '{}', contextInitializerClasses = '[]', activeProfiles = '{}', propertySourceLocations = '{}', propertySourceProperties = '{}', contextCustomizers = set[org.springframework.boot.test.context.filter.ExcludeFilterContextCustomizer@255b53dc, org.springframework.boot.test.json.DuplicateJsonObjectContextCustomizerFactory$DuplicateJsonObjectContextCustomizer@64d2d351, org.springframework.boot.test.mock.mockito.MockitoContextCustomizer@0, org.springframework.boot.test.autoconfigure.properties.PropertyMappingContextCustomizer@0, org.springframework.boot.test.autoconfigure.web.servlet.WebDriverContextCustomizerFactory$Customizer@52aa2946], contextLoader = 'org.springframework.test.context.support.DelegatingSmartContextLoader', parent = [null]]]
]]></system-out>
  </testcase>
  <testcase name="testMgrValidateLotCodeTooLong[Test with AUTOMATICLOT_IN=false, AUTOMATICLOT_OUT=true, AUTOMATICLOTWARD_TOWARD=false]" classname="org.isf.medicalstock.test.Tests" time="0.021">
    <system-out><![CDATA[[05/jul/2024 13:43:31] [:] INFO - Began transaction (1) for test context [DefaultTestContext@329af9b1 testClass = Tests, testInstance = org.isf.medicalstock.test.Tests@6f948c4c, testMethod = testMgrValidateLotCodeTooLong@Tests, testException = [null], mergedContextConfiguration = [MergedContextConfiguration@7535554e testClass = Tests, locations = '{classpath:applicationContext.xml, classpath:applicationContext.xml}', classes = '{}', contextInitializerClasses = '[]', activeProfiles = '{}', propertySourceLocations = '{}', propertySourceProperties = '{}', contextCustomizers = set[org.springframework.boot.test.context.filter.ExcludeFilterContextCustomizer@255b53dc, org.springframework.boot.test.json.DuplicateJsonObjectContextCustomizerFactory$DuplicateJsonObjectContextCustomizer@64d2d351, org.springframework.boot.test.mock.mockito.MockitoContextCustomizer@0, org.springframework.boot.test.autoconfigure.properties.PropertyMappingContextCustomizer@0, org.springframework.boot.test.autoconfigure.web.servlet.WebDriverContextCustomizerFactory$Customizer@52aa2946], contextLoader = 'org.springframework.test.context.support.DelegatingSmartContextLoader', parent = [null]]]; transaction manager [org.springframework.orm.jpa.JpaTransactionManager@4ece2750]; rollback [true]
[05/jul/2024 13:43:31] [:] ERROR - org.hibernate.TransientPropertyValueException: object references an unsaved transient instance - save the transient instance before flushing: org.isf.medicalstock.model.Movement.lot -> org.isf.medicalstock.model.Lot; nested exception is java.lang.IllegalStateException: org.hibernate.TransientPropertyValueException: object references an unsaved transient instance - save the transient instance before flushing: org.isf.medicalstock.model.Movement.lot -> org.isf.medicalstock.model.Lot
org.springframework.dao.InvalidDataAccessApiUsageException: org.hibernate.TransientPropertyValueException: object references an unsaved transient instance - save the transient instance before flushing: org.isf.medicalstock.model.Movement.lot -> org.isf.medicalstock.model.Lot; nested exception is java.lang.IllegalStateException: org.hibernate.TransientPropertyValueException: object references an unsaved transient instance - save the transient instance before flushing: org.isf.medicalstock.model.Movement.lot -> org.isf.medicalstock.model.Lot
	at org.springframework.orm.jpa.EntityManagerFactoryUtils.convertJpaAccessExceptionIfPossible(EntityManagerFactoryUtils.java:387)
	at org.springframework.orm.jpa.vendor.HibernateJpaDialect.translateExceptionIfPossible(HibernateJpaDialect.java:246)
	at org.springframework.orm.jpa.AbstractEntityManagerFactoryBean.translateExceptionIfPossible(AbstractEntityManagerFactoryBean.java:525)
	at org.springframework.dao.support.ChainedPersistenceExceptionTranslator.translateExceptionIfPossible(ChainedPersistenceExceptionTranslator.java:59)
	at org.springframework.dao.support.DataAccessUtils.translateIfNecessary(DataAccessUtils.java:209)
	at org.springframework.dao.support.PersistenceExceptionTranslationInterceptor.invoke(PersistenceExceptionTranslationInterceptor.java:147)
	at org.springframework.aop.framework.ReflectiveMethodInvocation.proceed(ReflectiveMethodInvocation.java:179)
	at org.springframework.data.jpa.repository.support.CrudMethodMetadataPostProcessor$CrudMethodMetadataPopulatingMethodInterceptor.invoke(CrudMethodMetadataPostProcessor.java:140)
	at org.springframework.aop.framework.ReflectiveMethodInvocation.proceed(ReflectiveMethodInvocation.java:179)
	at org.springframework.data.jpa.repository.support.CrudMethodMetadataPostProcessor$ExposeRepositoryInvocationInterceptor.invoke(CrudMethodMetadataPostProcessor.java:347)
	at org.springframework.aop.framework.ReflectiveMethodInvocation.proceed(ReflectiveMethodInvocation.java:179)
	at org.springframework.aop.interceptor.ExposeInvocationInterceptor.invoke(ExposeInvocationInterceptor.java:92)
	at org.springframework.aop.framework.ReflectiveMethodInvocation.proceed(ReflectiveMethodInvocation.java:179)
	at org.springframework.data.repository.core.support.SurroundingTransactionDetectorMethodInterceptor.invoke(SurroundingTransactionDetectorMethodInterceptor.java:57)
	at org.springframework.aop.framework.ReflectiveMethodInvocation.proceed(ReflectiveMethodInvocation.java:179)
	at org.springframework.aop.framework.JdkDynamicAopProxy.invoke(JdkDynamicAopProxy.java:213)
	at com.sun.proxy.$Proxy109.findMaxDate(Unknown Source)
	at org.isf.medicalstock.service.MedicalStockIoOperations.getLastMovementDate(MedicalStockIoOperations.java:565)
	at org.isf.medicalstock.service.MedicalStockIoOperations$$FastClassBySpringCGLIB$$a00ee1bd.invoke(<generated>)
	at org.springframework.cglib.proxy.MethodProxy.invoke(MethodProxy.java:204)
	at org.springframework.aop.framework.CglibAopProxy$CglibMethodInvocation.invokeJoinpoint(CglibAopProxy.java:737)
	at org.springframework.aop.framework.ReflectiveMethodInvocation.proceed(ReflectiveMethodInvocation.java:157)
	at org.springframework.transaction.interceptor.TransactionInterceptor$1.proceedWithInvocation(TransactionInterceptor.java:99)
	at org.springframework.transaction.interceptor.TransactionAspectSupport.invokeWithinTransaction(TransactionAspectSupport.java:283)
	at org.springframework.transaction.interceptor.TransactionInterceptor.invoke(TransactionInterceptor.java:96)
	at org.springframework.aop.framework.ReflectiveMethodInvocation.proceed(ReflectiveMethodInvocation.java:179)
	at org.springframework.aop.interceptor.ExposeInvocationInterceptor.invoke(ExposeInvocationInterceptor.java:92)
	at org.springframework.aop.framework.ReflectiveMethodInvocation.proceed(ReflectiveMethodInvocation.java:179)
	at org.springframework.aop.aspectj.MethodInvocationProceedingJoinPoint.proceed(MethodInvocationProceedingJoinPoint.java:84)
	at org.isf.utils.db.OHServiceExceptionTranslator.translateSqlExceptionToOHServiceException(OHServiceExceptionTranslator.java:55)
	at sun.reflect.GeneratedMethodAccessor67.invoke(Unknown Source)
	at sun.reflect.DelegatingMethodAccessorImpl.invoke(DelegatingMethodAccessorImpl.java:43)
	at java.lang.reflect.Method.invoke(Method.java:498)
	at org.springframework.aop.aspectj.AbstractAspectJAdvice.invokeAdviceMethodWithGivenArgs(AbstractAspectJAdvice.java:627)
	at org.springframework.aop.aspectj.AbstractAspectJAdvice.invokeAdviceMethod(AbstractAspectJAdvice.java:616)
	at org.springframework.aop.aspectj.AspectJAroundAdvice.invoke(AspectJAroundAdvice.java:70)
	at org.springframework.aop.framework.ReflectiveMethodInvocation.proceed(ReflectiveMethodInvocation.java:179)
	at org.springframework.aop.framework.CglibAopProxy$DynamicAdvisedInterceptor.intercept(CglibAopProxy.java:672)
	at org.isf.medicalstock.service.MedicalStockIoOperations$$EnhancerBySpringCGLIB$$36e028cc.getLastMovementDate(<generated>)
	at org.isf.medicalstock.manager.MovStockInsertingManager.getLastMovementDate(MovStockInsertingManager.java:278)
	at org.isf.medicalstock.manager.MovStockInsertingManager.validateMovement(MovStockInsertingManager.java:68)
	at org.isf.medicalstock.manager.MovStockInsertingManager.prepareChargingMovement(MovStockInsertingManager.java:349)
	at org.isf.medicalstock.manager.MovStockInsertingManager.newMultipleChargingMovements(MovStockInsertingManager.java:326)
	at org.isf.medicalstock.manager.MovStockInsertingManager$$FastClassBySpringCGLIB$$2a8b6bd4.invoke(<generated>)
	at org.springframework.cglib.proxy.MethodProxy.invoke(MethodProxy.java:204)
	at org.springframework.aop.framework.CglibAopProxy$CglibMethodInvocation.invokeJoinpoint(CglibAopProxy.java:737)
	at org.springframework.aop.framework.ReflectiveMethodInvocation.proceed(ReflectiveMethodInvocation.java:157)
	at org.springframework.transaction.interceptor.TransactionInterceptor$1.proceedWithInvocation(TransactionInterceptor.java:99)
	at org.springframework.transaction.interceptor.TransactionAspectSupport.invokeWithinTransaction(TransactionAspectSupport.java:283)
	at org.springframework.transaction.interceptor.TransactionInterceptor.invoke(TransactionInterceptor.java:96)
	at org.springframework.aop.framework.ReflectiveMethodInvocation.proceed(ReflectiveMethodInvocation.java:179)
	at org.springframework.aop.framework.CglibAopProxy$DynamicAdvisedInterceptor.intercept(CglibAopProxy.java:672)
	at org.isf.medicalstock.manager.MovStockInsertingManager$$EnhancerBySpringCGLIB$$ef6ee236.newMultipleChargingMovements(<generated>)
	at org.isf.medicalstock.test.Tests.lambda$28(Tests.java:943)
	at org.assertj.core.api.ThrowableAssert.catchThrowable(ThrowableAssert.java:62)
	at org.assertj.core.api.AssertionsForClassTypes.catchThrowable(AssertionsForClassTypes.java:877)
	at org.assertj.core.api.Assertions.catchThrowable(Assertions.java:1336)
	at org.assertj.core.api.Assertions.assertThatThrownBy(Assertions.java:1181)
	at org.isf.medicalstock.test.Tests.testMgrValidateLotCodeTooLong(Tests.java:935)
	at sun.reflect.NativeMethodAccessorImpl.invoke0(Native Method)
	at sun.reflect.NativeMethodAccessorImpl.invoke(NativeMethodAccessorImpl.java:62)
	at sun.reflect.DelegatingMethodAccessorImpl.invoke(DelegatingMethodAccessorImpl.java:43)
	at java.lang.reflect.Method.invoke(Method.java:498)
	at org.junit.runners.model.FrameworkMethod$1.runReflectiveCall(FrameworkMethod.java:59)
	at org.junit.internal.runners.model.ReflectiveCallable.run(ReflectiveCallable.java:12)
	at org.junit.runners.model.FrameworkMethod.invokeExplosively(FrameworkMethod.java:56)
	at org.junit.internal.runners.statements.InvokeMethod.evaluate(InvokeMethod.java:17)
	at org.junit.internal.runners.statements.RunBefores.evaluate(RunBefores.java:26)
	at org.springframework.test.context.junit4.statements.RunBeforeTestMethodCallbacks.evaluate(RunBeforeTestMethodCallbacks.java:75)
	at org.springframework.test.context.junit4.statements.RunAfterTestMethodCallbacks.evaluate(RunAfterTestMethodCallbacks.java:86)
	at org.springframework.test.context.junit4.statements.RunPrepareTestInstanceCallbacks.evaluate(RunPrepareTestInstanceCallbacks.java:64)
	at org.springframework.test.context.junit4.statements.SpringRepeat.evaluate(SpringRepeat.java:84)
	at org.springframework.test.context.junit4.statements.SpringFailOnTimeout.evaluate(SpringFailOnTimeout.java:87)
	at org.springframework.test.context.junit4.statements.ProfileValueChecker.evaluate(ProfileValueChecker.java:101)
	at org.junit.runners.ParentRunner$3.evaluate(ParentRunner.java:306)
	at org.junit.runners.BlockJUnit4ClassRunner$1.evaluate(BlockJUnit4ClassRunner.java:100)
	at org.junit.runners.ParentRunner.runLeaf(ParentRunner.java:366)
	at org.junit.runners.BlockJUnit4ClassRunner.runChild(BlockJUnit4ClassRunner.java:103)
	at org.junit.runners.BlockJUnit4ClassRunner.runChild(BlockJUnit4ClassRunner.java:63)
	at org.junit.runners.ParentRunner$4.run(ParentRunner.java:331)
	at org.junit.runners.ParentRunner$1.schedule(ParentRunner.java:79)
	at org.junit.runners.ParentRunner.runChildren(ParentRunner.java:329)
	at org.junit.runners.ParentRunner.access$100(ParentRunner.java:66)
	at org.junit.runners.ParentRunner$2.evaluate(ParentRunner.java:293)
	at org.junit.runners.ParentRunner.run(ParentRunner.java:413)
	at org.junit.runners.Suite.runChild(Suite.java:128)
	at org.junit.runners.Suite.runChild(Suite.java:27)
	at org.junit.runners.ParentRunner$4.run(ParentRunner.java:331)
	at org.junit.runners.ParentRunner$1.schedule(ParentRunner.java:79)
	at org.junit.runners.ParentRunner.runChildren(ParentRunner.java:329)
	at org.junit.runners.ParentRunner.access$100(ParentRunner.java:66)
	at org.junit.runners.ParentRunner$2.evaluate(ParentRunner.java:293)
	at org.junit.internal.runners.statements.RunBefores.evaluate(RunBefores.java:26)
	at org.junit.internal.runners.statements.RunAfters.evaluate(RunAfters.java:27)
	at org.springframework.test.context.junit4.statements.RunBeforeTestClassCallbacks.evaluate(RunBeforeTestClassCallbacks.java:61)
	at org.springframework.test.context.junit4.statements.RunAfterTestClassCallbacks.evaluate(RunAfterTestClassCallbacks.java:70)
	at org.springframework.test.context.junit4.statements.ProfileValueChecker.evaluate(ProfileValueChecker.java:101)
	at org.springframework.test.context.junit4.rules.SpringClassRule$TestContextManagerCacheEvictor.evaluate(SpringClassRule.java:242)
	at org.junit.rules.RunRules.evaluate(RunRules.java:20)
	at org.junit.runners.ParentRunner$3.evaluate(ParentRunner.java:306)
	at org.junit.runners.ParentRunner.run(ParentRunner.java:413)
	at org.apache.maven.surefire.junit4.JUnit4Provider.execute(JUnit4Provider.java:316)
	at org.apache.maven.surefire.junit4.JUnit4Provider.executeWithRerun(JUnit4Provider.java:240)
	at org.apache.maven.surefire.junit4.JUnit4Provider.executeTestSet(JUnit4Provider.java:214)
	at org.apache.maven.surefire.junit4.JUnit4Provider.invoke(JUnit4Provider.java:155)
	at org.apache.maven.surefire.booter.ForkedBooter.runSuitesInProcess(ForkedBooter.java:385)
	at org.apache.maven.surefire.booter.ForkedBooter.execute(ForkedBooter.java:162)
	at org.apache.maven.surefire.booter.ForkedBooter.run(ForkedBooter.java:507)
	at org.apache.maven.surefire.booter.ForkedBooter.main(ForkedBooter.java:495)
Caused by: java.lang.IllegalStateException: org.hibernate.TransientPropertyValueException: object references an unsaved transient instance - save the transient instance before flushing: org.isf.medicalstock.model.Movement.lot -> org.isf.medicalstock.model.Lot
	at org.hibernate.ejb.AbstractEntityManagerImpl.convert(AbstractEntityManagerImpl.java:1384)
	at org.hibernate.ejb.AbstractEntityManagerImpl.convert(AbstractEntityManagerImpl.java:1310)
	at org.hibernate.ejb.QueryImpl.getSingleResult(QueryImpl.java:316)
	at org.springframework.data.jpa.repository.query.JpaQueryExecution$SingleEntityExecution.doExecute(JpaQueryExecution.java:210)
	at org.springframework.data.jpa.repository.query.JpaQueryExecution.execute(JpaQueryExecution.java:89)
	at org.springframework.data.jpa.repository.query.AbstractJpaQuery.doExecute(AbstractJpaQuery.java:126)
	at org.springframework.data.jpa.repository.query.AbstractJpaQuery.execute(AbstractJpaQuery.java:116)
	at org.springframework.data.repository.core.support.RepositoryFactorySupport$QueryExecutorMethodInterceptor.doInvoke(RepositoryFactorySupport.java:494)
	at org.springframework.data.repository.core.support.RepositoryFactorySupport$QueryExecutorMethodInterceptor.invoke(RepositoryFactorySupport.java:477)
	at org.springframework.aop.framework.ReflectiveMethodInvocation.proceed(ReflectiveMethodInvocation.java:179)
	at org.springframework.data.projection.DefaultMethodInvokingMethodInterceptor.invoke(DefaultMethodInvokingMethodInterceptor.java:56)
	at org.springframework.aop.framework.ReflectiveMethodInvocation.proceed(ReflectiveMethodInvocation.java:179)
	at org.springframework.transaction.interceptor.TransactionInterceptor$1.proceedWithInvocation(TransactionInterceptor.java:99)
	at org.springframework.transaction.interceptor.TransactionAspectSupport.invokeWithinTransaction(TransactionAspectSupport.java:283)
	at org.springframework.transaction.interceptor.TransactionInterceptor.invoke(TransactionInterceptor.java:96)
	at org.springframework.aop.framework.ReflectiveMethodInvocation.proceed(ReflectiveMethodInvocation.java:179)
	at org.springframework.dao.support.PersistenceExceptionTranslationInterceptor.invoke(PersistenceExceptionTranslationInterceptor.java:136)
	... 103 more
Caused by: org.hibernate.TransientPropertyValueException: object references an unsaved transient instance - save the transient instance before flushing: org.isf.medicalstock.model.Movement.lot -> org.isf.medicalstock.model.Lot
	at org.hibernate.engine.spi.CascadingAction$8.noCascade(CascadingAction.java:380)
	at org.hibernate.engine.internal.Cascade.cascade(Cascade.java:175)
	at org.hibernate.event.internal.AbstractFlushingEventListener.cascadeOnFlush(AbstractFlushingEventListener.java:165)
	at org.hibernate.event.internal.AbstractFlushingEventListener.prepareEntityFlushes(AbstractFlushingEventListener.java:156)
	at org.hibernate.event.internal.AbstractFlushingEventListener.flushEverythingToExecutions(AbstractFlushingEventListener.java:89)
	at org.hibernate.event.internal.DefaultAutoFlushEventListener.onAutoFlush(DefaultAutoFlushEventListener.java:61)
	at org.hibernate.internal.SessionImpl.autoFlushIfRequired(SessionImpl.java:1130)
	at org.hibernate.internal.SessionImpl.list(SessionImpl.java:1187)
	at org.hibernate.internal.QueryImpl.list(QueryImpl.java:101)
	at org.hibernate.ejb.QueryImpl.getSingleResult(QueryImpl.java:287)
	... 117 more
[05/jul/2024 13:43:31] [:] INFO - Rolled back transaction for test: [DefaultTestContext@329af9b1 testClass = Tests, testInstance = org.isf.medicalstock.test.Tests@6f948c4c, testMethod = testMgrValidateLotCodeTooLong@Tests, testException = [null], mergedContextConfiguration = [MergedContextConfiguration@7535554e testClass = Tests, locations = '{classpath:applicationContext.xml, classpath:applicationContext.xml}', classes = '{}', contextInitializerClasses = '[]', activeProfiles = '{}', propertySourceLocations = '{}', propertySourceProperties = '{}', contextCustomizers = set[org.springframework.boot.test.context.filter.ExcludeFilterContextCustomizer@255b53dc, org.springframework.boot.test.json.DuplicateJsonObjectContextCustomizerFactory$DuplicateJsonObjectContextCustomizer@64d2d351, org.springframework.boot.test.mock.mockito.MockitoContextCustomizer@0, org.springframework.boot.test.autoconfigure.properties.PropertyMappingContextCustomizer@0, org.springframework.boot.test.autoconfigure.web.servlet.WebDriverContextCustomizerFactory$Customizer@52aa2946], contextLoader = 'org.springframework.test.context.support.DelegatingSmartContextLoader', parent = [null]]]
]]></system-out>
  </testcase>
  <testcase name="testIoNewAutomaticDischargingMovementLotQuantityLessMovementQuantity[Test with AUTOMATICLOT_IN=false, AUTOMATICLOT_OUT=true, AUTOMATICLOTWARD_TOWARD=false]" classname="org.isf.medicalstock.test.Tests" time="0.015">
    <system-out><![CDATA[[05/jul/2024 13:43:31] [:] INFO - Began transaction (1) for test context [DefaultTestContext@329af9b1 testClass = Tests, testInstance = org.isf.medicalstock.test.Tests@33d486c1, testMethod = testIoNewAutomaticDischargingMovementLotQuantityLessMovementQuantity@Tests, testException = [null], mergedContextConfiguration = [MergedContextConfiguration@7535554e testClass = Tests, locations = '{classpath:applicationContext.xml, classpath:applicationContext.xml}', classes = '{}', contextInitializerClasses = '[]', activeProfiles = '{}', propertySourceLocations = '{}', propertySourceProperties = '{}', contextCustomizers = set[org.springframework.boot.test.context.filter.ExcludeFilterContextCustomizer@255b53dc, org.springframework.boot.test.json.DuplicateJsonObjectContextCustomizerFactory$DuplicateJsonObjectContextCustomizer@64d2d351, org.springframework.boot.test.mock.mockito.MockitoContextCustomizer@0, org.springframework.boot.test.autoconfigure.properties.PropertyMappingContextCustomizer@0, org.springframework.boot.test.autoconfigure.web.servlet.WebDriverContextCustomizerFactory$Customizer@52aa2946], contextLoader = 'org.springframework.test.context.support.DelegatingSmartContextLoader', parent = [null]]]; transaction manager [org.springframework.orm.jpa.JpaTransactionManager@4ece2750]; rollback [true]
[05/jul/2024 13:43:31] [:] INFO - Rolled back transaction for test: [DefaultTestContext@329af9b1 testClass = Tests, testInstance = org.isf.medicalstock.test.Tests@33d486c1, testMethod = testIoNewAutomaticDischargingMovementLotQuantityLessMovementQuantity@Tests, testException = [null], mergedContextConfiguration = [MergedContextConfiguration@7535554e testClass = Tests, locations = '{classpath:applicationContext.xml, classpath:applicationContext.xml}', classes = '{}', contextInitializerClasses = '[]', activeProfiles = '{}', propertySourceLocations = '{}', propertySourceProperties = '{}', contextCustomizers = set[org.springframework.boot.test.context.filter.ExcludeFilterContextCustomizer@255b53dc, org.springframework.boot.test.json.DuplicateJsonObjectContextCustomizerFactory$DuplicateJsonObjectContextCustomizer@64d2d351, org.springframework.boot.test.mock.mockito.MockitoContextCustomizer@0, org.springframework.boot.test.autoconfigure.properties.PropertyMappingContextCustomizer@0, org.springframework.boot.test.autoconfigure.web.servlet.WebDriverContextCustomizerFactory$Customizer@52aa2946], contextLoader = 'org.springframework.test.context.support.DelegatingSmartContextLoader', parent = [null]]]
]]></system-out>
  </testcase>
  <testcase name="testIoNewMovementOutGoingLots[Test with AUTOMATICLOT_IN=false, AUTOMATICLOT_OUT=true, AUTOMATICLOTWARD_TOWARD=false]" classname="org.isf.medicalstock.test.Tests" time="0.017">
    <system-out><![CDATA[[05/jul/2024 13:43:31] [:] INFO - Began transaction (1) for test context [DefaultTestContext@329af9b1 testClass = Tests, testInstance = org.isf.medicalstock.test.Tests@2c1b98e4, testMethod = testIoNewMovementOutGoingLots@Tests, testException = [null], mergedContextConfiguration = [MergedContextConfiguration@7535554e testClass = Tests, locations = '{classpath:applicationContext.xml, classpath:applicationContext.xml}', classes = '{}', contextInitializerClasses = '[]', activeProfiles = '{}', propertySourceLocations = '{}', propertySourceProperties = '{}', contextCustomizers = set[org.springframework.boot.test.context.filter.ExcludeFilterContextCustomizer@255b53dc, org.springframework.boot.test.json.DuplicateJsonObjectContextCustomizerFactory$DuplicateJsonObjectContextCustomizer@64d2d351, org.springframework.boot.test.mock.mockito.MockitoContextCustomizer@0, org.springframework.boot.test.autoconfigure.properties.PropertyMappingContextCustomizer@0, org.springframework.boot.test.autoconfigure.web.servlet.WebDriverContextCustomizerFactory$Customizer@52aa2946], contextLoader = 'org.springframework.test.context.support.DelegatingSmartContextLoader', parent = [null]]]; transaction manager [org.springframework.orm.jpa.JpaTransactionManager@4ece2750]; rollback [true]
[05/jul/2024 13:43:31] [:] INFO - Rolled back transaction for test: [DefaultTestContext@329af9b1 testClass = Tests, testInstance = org.isf.medicalstock.test.Tests@2c1b98e4, testMethod = testIoNewMovementOutGoingLots@Tests, testException = [null], mergedContextConfiguration = [MergedContextConfiguration@7535554e testClass = Tests, locations = '{classpath:applicationContext.xml, classpath:applicationContext.xml}', classes = '{}', contextInitializerClasses = '[]', activeProfiles = '{}', propertySourceLocations = '{}', propertySourceProperties = '{}', contextCustomizers = set[org.springframework.boot.test.context.filter.ExcludeFilterContextCustomizer@255b53dc, org.springframework.boot.test.json.DuplicateJsonObjectContextCustomizerFactory$DuplicateJsonObjectContextCustomizer@64d2d351, org.springframework.boot.test.mock.mockito.MockitoContextCustomizer@0, org.springframework.boot.test.autoconfigure.properties.PropertyMappingContextCustomizer@0, org.springframework.boot.test.autoconfigure.web.servlet.WebDriverContextCustomizerFactory$Customizer@52aa2946], contextLoader = 'org.springframework.test.context.support.DelegatingSmartContextLoader', parent = [null]]]
]]></system-out>
  </testcase>
  <testcase name="testIoGetMedicalsFromLot[Test with AUTOMATICLOT_IN=false, AUTOMATICLOT_OUT=true, AUTOMATICLOTWARD_TOWARD=false]" classname="org.isf.medicalstock.test.Tests" time="0.019">
    <system-out><![CDATA[[05/jul/2024 13:43:31] [:] INFO - Began transaction (1) for test context [DefaultTestContext@329af9b1 testClass = Tests, testInstance = org.isf.medicalstock.test.Tests@550b95a0, testMethod = testIoGetMedicalsFromLot@Tests, testException = [null], mergedContextConfiguration = [MergedContextConfiguration@7535554e testClass = Tests, locations = '{classpath:applicationContext.xml, classpath:applicationContext.xml}', classes = '{}', contextInitializerClasses = '[]', activeProfiles = '{}', propertySourceLocations = '{}', propertySourceProperties = '{}', contextCustomizers = set[org.springframework.boot.test.context.filter.ExcludeFilterContextCustomizer@255b53dc, org.springframework.boot.test.json.DuplicateJsonObjectContextCustomizerFactory$DuplicateJsonObjectContextCustomizer@64d2d351, org.springframework.boot.test.mock.mockito.MockitoContextCustomizer@0, org.springframework.boot.test.autoconfigure.properties.PropertyMappingContextCustomizer@0, org.springframework.boot.test.autoconfigure.web.servlet.WebDriverContextCustomizerFactory$Customizer@52aa2946], contextLoader = 'org.springframework.test.context.support.DelegatingSmartContextLoader', parent = [null]]]; transaction manager [org.springframework.orm.jpa.JpaTransactionManager@4ece2750]; rollback [true]
[05/jul/2024 13:43:31] [:] INFO - Rolled back transaction for test: [DefaultTestContext@329af9b1 testClass = Tests, testInstance = org.isf.medicalstock.test.Tests@550b95a0, testMethod = testIoGetMedicalsFromLot@Tests, testException = [null], mergedContextConfiguration = [MergedContextConfiguration@7535554e testClass = Tests, locations = '{classpath:applicationContext.xml, classpath:applicationContext.xml}', classes = '{}', contextInitializerClasses = '[]', activeProfiles = '{}', propertySourceLocations = '{}', propertySourceProperties = '{}', contextCustomizers = set[org.springframework.boot.test.context.filter.ExcludeFilterContextCustomizer@255b53dc, org.springframework.boot.test.json.DuplicateJsonObjectContextCustomizerFactory$DuplicateJsonObjectContextCustomizer@64d2d351, org.springframework.boot.test.mock.mockito.MockitoContextCustomizer@0, org.springframework.boot.test.autoconfigure.properties.PropertyMappingContextCustomizer@0, org.springframework.boot.test.autoconfigure.web.servlet.WebDriverContextCustomizerFactory$Customizer@52aa2946], contextLoader = 'org.springframework.test.context.support.DelegatingSmartContextLoader', parent = [null]]]
]]></system-out>
  </testcase>
  <testcase name="testMgrGetMovementsWithParameters[Test with AUTOMATICLOT_IN=false, AUTOMATICLOT_OUT=true, AUTOMATICLOTWARD_TOWARD=false]" classname="org.isf.medicalstock.test.Tests" time="0.019">
    <system-out><![CDATA[[05/jul/2024 13:43:31] [:] INFO - Began transaction (1) for test context [DefaultTestContext@329af9b1 testClass = Tests, testInstance = org.isf.medicalstock.test.Tests@7480313d, testMethod = testMgrGetMovementsWithParameters@Tests, testException = [null], mergedContextConfiguration = [MergedContextConfiguration@7535554e testClass = Tests, locations = '{classpath:applicationContext.xml, classpath:applicationContext.xml}', classes = '{}', contextInitializerClasses = '[]', activeProfiles = '{}', propertySourceLocations = '{}', propertySourceProperties = '{}', contextCustomizers = set[org.springframework.boot.test.context.filter.ExcludeFilterContextCustomizer@255b53dc, org.springframework.boot.test.json.DuplicateJsonObjectContextCustomizerFactory$DuplicateJsonObjectContextCustomizer@64d2d351, org.springframework.boot.test.mock.mockito.MockitoContextCustomizer@0, org.springframework.boot.test.autoconfigure.properties.PropertyMappingContextCustomizer@0, org.springframework.boot.test.autoconfigure.web.servlet.WebDriverContextCustomizerFactory$Customizer@52aa2946], contextLoader = 'org.springframework.test.context.support.DelegatingSmartContextLoader', parent = [null]]]; transaction manager [org.springframework.orm.jpa.JpaTransactionManager@4ece2750]; rollback [true]
[05/jul/2024 13:43:31] [:] INFO - Rolled back transaction for test: [DefaultTestContext@329af9b1 testClass = Tests, testInstance = org.isf.medicalstock.test.Tests@7480313d, testMethod = testMgrGetMovementsWithParameters@Tests, testException = [null], mergedContextConfiguration = [MergedContextConfiguration@7535554e testClass = Tests, locations = '{classpath:applicationContext.xml, classpath:applicationContext.xml}', classes = '{}', contextInitializerClasses = '[]', activeProfiles = '{}', propertySourceLocations = '{}', propertySourceProperties = '{}', contextCustomizers = set[org.springframework.boot.test.context.filter.ExcludeFilterContextCustomizer@255b53dc, org.springframework.boot.test.json.DuplicateJsonObjectContextCustomizerFactory$DuplicateJsonObjectContextCustomizer@64d2d351, org.springframework.boot.test.mock.mockito.MockitoContextCustomizer@0, org.springframework.boot.test.autoconfigure.properties.PropertyMappingContextCustomizer@0, org.springframework.boot.test.autoconfigure.web.servlet.WebDriverContextCustomizerFactory$Customizer@52aa2946], contextLoader = 'org.springframework.test.context.support.DelegatingSmartContextLoader', parent = [null]]]
]]></system-out>
  </testcase>
  <testcase name="testMgrRefNoExists[Test with AUTOMATICLOT_IN=false, AUTOMATICLOT_OUT=true, AUTOMATICLOTWARD_TOWARD=false]" classname="org.isf.medicalstock.test.Tests" time="0.018">
    <system-out><![CDATA[[05/jul/2024 13:43:31] [:] INFO - Began transaction (1) for test context [DefaultTestContext@329af9b1 testClass = Tests, testInstance = org.isf.medicalstock.test.Tests@4faf89c, testMethod = testMgrRefNoExists@Tests, testException = [null], mergedContextConfiguration = [MergedContextConfiguration@7535554e testClass = Tests, locations = '{classpath:applicationContext.xml, classpath:applicationContext.xml}', classes = '{}', contextInitializerClasses = '[]', activeProfiles = '{}', propertySourceLocations = '{}', propertySourceProperties = '{}', contextCustomizers = set[org.springframework.boot.test.context.filter.ExcludeFilterContextCustomizer@255b53dc, org.springframework.boot.test.json.DuplicateJsonObjectContextCustomizerFactory$DuplicateJsonObjectContextCustomizer@64d2d351, org.springframework.boot.test.mock.mockito.MockitoContextCustomizer@0, org.springframework.boot.test.autoconfigure.properties.PropertyMappingContextCustomizer@0, org.springframework.boot.test.autoconfigure.web.servlet.WebDriverContextCustomizerFactory$Customizer@52aa2946], contextLoader = 'org.springframework.test.context.support.DelegatingSmartContextLoader', parent = [null]]]; transaction manager [org.springframework.orm.jpa.JpaTransactionManager@4ece2750]; rollback [true]
[05/jul/2024 13:43:31] [:] INFO - Rolled back transaction for test: [DefaultTestContext@329af9b1 testClass = Tests, testInstance = org.isf.medicalstock.test.Tests@4faf89c, testMethod = testMgrRefNoExists@Tests, testException = [null], mergedContextConfiguration = [MergedContextConfiguration@7535554e testClass = Tests, locations = '{classpath:applicationContext.xml, classpath:applicationContext.xml}', classes = '{}', contextInitializerClasses = '[]', activeProfiles = '{}', propertySourceLocations = '{}', propertySourceProperties = '{}', contextCustomizers = set[org.springframework.boot.test.context.filter.ExcludeFilterContextCustomizer@255b53dc, org.springframework.boot.test.json.DuplicateJsonObjectContextCustomizerFactory$DuplicateJsonObjectContextCustomizer@64d2d351, org.springframework.boot.test.mock.mockito.MockitoContextCustomizer@0, org.springframework.boot.test.autoconfigure.properties.PropertyMappingContextCustomizer@0, org.springframework.boot.test.autoconfigure.web.servlet.WebDriverContextCustomizerFactory$Customizer@52aa2946], contextLoader = 'org.springframework.test.context.support.DelegatingSmartContextLoader', parent = [null]]]
]]></system-out>
  </testcase>
  <testcase name="testMgrValidateMovementDateBeforeLastDate[Test with AUTOMATICLOT_IN=false, AUTOMATICLOT_OUT=true, AUTOMATICLOTWARD_TOWARD=false]" classname="org.isf.medicalstock.test.Tests" time="0.021">
    <system-out><![CDATA[[05/jul/2024 13:43:31] [:] INFO - Began transaction (1) for test context [DefaultTestContext@329af9b1 testClass = Tests, testInstance = org.isf.medicalstock.test.Tests@3ee718a0, testMethod = testMgrValidateMovementDateBeforeLastDate@Tests, testException = [null], mergedContextConfiguration = [MergedContextConfiguration@7535554e testClass = Tests, locations = '{classpath:applicationContext.xml, classpath:applicationContext.xml}', classes = '{}', contextInitializerClasses = '[]', activeProfiles = '{}', propertySourceLocations = '{}', propertySourceProperties = '{}', contextCustomizers = set[org.springframework.boot.test.context.filter.ExcludeFilterContextCustomizer@255b53dc, org.springframework.boot.test.json.DuplicateJsonObjectContextCustomizerFactory$DuplicateJsonObjectContextCustomizer@64d2d351, org.springframework.boot.test.mock.mockito.MockitoContextCustomizer@0, org.springframework.boot.test.autoconfigure.properties.PropertyMappingContextCustomizer@0, org.springframework.boot.test.autoconfigure.web.servlet.WebDriverContextCustomizerFactory$Customizer@52aa2946], contextLoader = 'org.springframework.test.context.support.DelegatingSmartContextLoader', parent = [null]]]; transaction manager [org.springframework.orm.jpa.JpaTransactionManager@4ece2750]; rollback [true]
[05/jul/2024 13:43:31] [:] INFO - Rolled back transaction for test: [DefaultTestContext@329af9b1 testClass = Tests, testInstance = org.isf.medicalstock.test.Tests@3ee718a0, testMethod = testMgrValidateMovementDateBeforeLastDate@Tests, testException = [null], mergedContextConfiguration = [MergedContextConfiguration@7535554e testClass = Tests, locations = '{classpath:applicationContext.xml, classpath:applicationContext.xml}', classes = '{}', contextInitializerClasses = '[]', activeProfiles = '{}', propertySourceLocations = '{}', propertySourceProperties = '{}', contextCustomizers = set[org.springframework.boot.test.context.filter.ExcludeFilterContextCustomizer@255b53dc, org.springframework.boot.test.json.DuplicateJsonObjectContextCustomizerFactory$DuplicateJsonObjectContextCustomizer@64d2d351, org.springframework.boot.test.mock.mockito.MockitoContextCustomizer@0, org.springframework.boot.test.autoconfigure.properties.PropertyMappingContextCustomizer@0, org.springframework.boot.test.autoconfigure.web.servlet.WebDriverContextCustomizerFactory$Customizer@52aa2946], contextLoader = 'org.springframework.test.context.support.DelegatingSmartContextLoader', parent = [null]]]
]]></system-out>
  </testcase>
  <testcase name="testMgrPrepareChargingMovementBadRefNumber[Test with AUTOMATICLOT_IN=false, AUTOMATICLOT_OUT=true, AUTOMATICLOTWARD_TOWARD=true]" classname="org.isf.medicalstock.test.Tests" time="0.017">
    <system-out><![CDATA[[05/jul/2024 13:43:31] [:] INFO - Began transaction (1) for test context [DefaultTestContext@329af9b1 testClass = Tests, testInstance = org.isf.medicalstock.test.Tests@ba78baf, testMethod = testMgrPrepareChargingMovementBadRefNumber@Tests, testException = [null], mergedContextConfiguration = [MergedContextConfiguration@7535554e testClass = Tests, locations = '{classpath:applicationContext.xml, classpath:applicationContext.xml}', classes = '{}', contextInitializerClasses = '[]', activeProfiles = '{}', propertySourceLocations = '{}', propertySourceProperties = '{}', contextCustomizers = set[org.springframework.boot.test.context.filter.ExcludeFilterContextCustomizer@255b53dc, org.springframework.boot.test.json.DuplicateJsonObjectContextCustomizerFactory$DuplicateJsonObjectContextCustomizer@64d2d351, org.springframework.boot.test.mock.mockito.MockitoContextCustomizer@0, org.springframework.boot.test.autoconfigure.properties.PropertyMappingContextCustomizer@0, org.springframework.boot.test.autoconfigure.web.servlet.WebDriverContextCustomizerFactory$Customizer@52aa2946], contextLoader = 'org.springframework.test.context.support.DelegatingSmartContextLoader', parent = [null]]]; transaction manager [org.springframework.orm.jpa.JpaTransactionManager@4ece2750]; rollback [true]
[05/jul/2024 13:43:31] [:] INFO - Rolled back transaction for test: [DefaultTestContext@329af9b1 testClass = Tests, testInstance = org.isf.medicalstock.test.Tests@ba78baf, testMethod = testMgrPrepareChargingMovementBadRefNumber@Tests, testException = [null], mergedContextConfiguration = [MergedContextConfiguration@7535554e testClass = Tests, locations = '{classpath:applicationContext.xml, classpath:applicationContext.xml}', classes = '{}', contextInitializerClasses = '[]', activeProfiles = '{}', propertySourceLocations = '{}', propertySourceProperties = '{}', contextCustomizers = set[org.springframework.boot.test.context.filter.ExcludeFilterContextCustomizer@255b53dc, org.springframework.boot.test.json.DuplicateJsonObjectContextCustomizerFactory$DuplicateJsonObjectContextCustomizer@64d2d351, org.springframework.boot.test.mock.mockito.MockitoContextCustomizer@0, org.springframework.boot.test.autoconfigure.properties.PropertyMappingContextCustomizer@0, org.springframework.boot.test.autoconfigure.web.servlet.WebDriverContextCustomizerFactory$Customizer@52aa2946], contextLoader = 'org.springframework.test.context.support.DelegatingSmartContextLoader', parent = [null]]]
]]></system-out>
  </testcase>
  <testcase name="testMgrValidateLotWithCostZero[Test with AUTOMATICLOT_IN=false, AUTOMATICLOT_OUT=true, AUTOMATICLOTWARD_TOWARD=true]" classname="org.isf.medicalstock.test.Tests" time="0.025">
    <system-out><![CDATA[[05/jul/2024 13:43:31] [:] INFO - Began transaction (1) for test context [DefaultTestContext@329af9b1 testClass = Tests, testInstance = org.isf.medicalstock.test.Tests@e2ec9f8, testMethod = testMgrValidateLotWithCostZero@Tests, testException = [null], mergedContextConfiguration = [MergedContextConfiguration@7535554e testClass = Tests, locations = '{classpath:applicationContext.xml, classpath:applicationContext.xml}', classes = '{}', contextInitializerClasses = '[]', activeProfiles = '{}', propertySourceLocations = '{}', propertySourceProperties = '{}', contextCustomizers = set[org.springframework.boot.test.context.filter.ExcludeFilterContextCustomizer@255b53dc, org.springframework.boot.test.json.DuplicateJsonObjectContextCustomizerFactory$DuplicateJsonObjectContextCustomizer@64d2d351, org.springframework.boot.test.mock.mockito.MockitoContextCustomizer@0, org.springframework.boot.test.autoconfigure.properties.PropertyMappingContextCustomizer@0, org.springframework.boot.test.autoconfigure.web.servlet.WebDriverContextCustomizerFactory$Customizer@52aa2946], contextLoader = 'org.springframework.test.context.support.DelegatingSmartContextLoader', parent = [null]]]; transaction manager [org.springframework.orm.jpa.JpaTransactionManager@4ece2750]; rollback [true]
[05/jul/2024 13:43:31] [:] INFO - Rolled back transaction for test: [DefaultTestContext@329af9b1 testClass = Tests, testInstance = org.isf.medicalstock.test.Tests@e2ec9f8, testMethod = testMgrValidateLotWithCostZero@Tests, testException = [null], mergedContextConfiguration = [MergedContextConfiguration@7535554e testClass = Tests, locations = '{classpath:applicationContext.xml, classpath:applicationContext.xml}', classes = '{}', contextInitializerClasses = '[]', activeProfiles = '{}', propertySourceLocations = '{}', propertySourceProperties = '{}', contextCustomizers = set[org.springframework.boot.test.context.filter.ExcludeFilterContextCustomizer@255b53dc, org.springframework.boot.test.json.DuplicateJsonObjectContextCustomizerFactory$DuplicateJsonObjectContextCustomizer@64d2d351, org.springframework.boot.test.mock.mockito.MockitoContextCustomizer@0, org.springframework.boot.test.autoconfigure.properties.PropertyMappingContextCustomizer@0, org.springframework.boot.test.autoconfigure.web.servlet.WebDriverContextCustomizerFactory$Customizer@52aa2946], contextLoader = 'org.springframework.test.context.support.DelegatingSmartContextLoader', parent = [null]]]
]]></system-out>
  </testcase>
  <testcase name="testMgrPrepareChargingMovement[Test with AUTOMATICLOT_IN=false, AUTOMATICLOT_OUT=true, AUTOMATICLOTWARD_TOWARD=true]" classname="org.isf.medicalstock.test.Tests" time="0.026">
    <system-out><![CDATA[[05/jul/2024 13:43:31] [:] INFO - Began transaction (1) for test context [DefaultTestContext@329af9b1 testClass = Tests, testInstance = org.isf.medicalstock.test.Tests@4bb4d806, testMethod = testMgrPrepareChargingMovement@Tests, testException = [null], mergedContextConfiguration = [MergedContextConfiguration@7535554e testClass = Tests, locations = '{classpath:applicationContext.xml, classpath:applicationContext.xml}', classes = '{}', contextInitializerClasses = '[]', activeProfiles = '{}', propertySourceLocations = '{}', propertySourceProperties = '{}', contextCustomizers = set[org.springframework.boot.test.context.filter.ExcludeFilterContextCustomizer@255b53dc, org.springframework.boot.test.json.DuplicateJsonObjectContextCustomizerFactory$DuplicateJsonObjectContextCustomizer@64d2d351, org.springframework.boot.test.mock.mockito.MockitoContextCustomizer@0, org.springframework.boot.test.autoconfigure.properties.PropertyMappingContextCustomizer@0, org.springframework.boot.test.autoconfigure.web.servlet.WebDriverContextCustomizerFactory$Customizer@52aa2946], contextLoader = 'org.springframework.test.context.support.DelegatingSmartContextLoader', parent = [null]]]; transaction manager [org.springframework.orm.jpa.JpaTransactionManager@4ece2750]; rollback [true]
[05/jul/2024 13:43:31] [:] INFO - Rolled back transaction for test: [DefaultTestContext@329af9b1 testClass = Tests, testInstance = org.isf.medicalstock.test.Tests@4bb4d806, testMethod = testMgrPrepareChargingMovement@Tests, testException = [null], mergedContextConfiguration = [MergedContextConfiguration@7535554e testClass = Tests, locations = '{classpath:applicationContext.xml, classpath:applicationContext.xml}', classes = '{}', contextInitializerClasses = '[]', activeProfiles = '{}', propertySourceLocations = '{}', propertySourceProperties = '{}', contextCustomizers = set[org.springframework.boot.test.context.filter.ExcludeFilterContextCustomizer@255b53dc, org.springframework.boot.test.json.DuplicateJsonObjectContextCustomizerFactory$DuplicateJsonObjectContextCustomizer@64d2d351, org.springframework.boot.test.mock.mockito.MockitoContextCustomizer@0, org.springframework.boot.test.autoconfigure.properties.PropertyMappingContextCustomizer@0, org.springframework.boot.test.autoconfigure.web.servlet.WebDriverContextCustomizerFactory$Customizer@52aa2946], contextLoader = 'org.springframework.test.context.support.DelegatingSmartContextLoader', parent = [null]]]
]]></system-out>
  </testcase>
  <testcase name="testMgrGetMovementsByReference[Test with AUTOMATICLOT_IN=false, AUTOMATICLOT_OUT=true, AUTOMATICLOTWARD_TOWARD=true]" classname="org.isf.medicalstock.test.Tests" time="0.027">
    <system-out><![CDATA[[05/jul/2024 13:43:31] [:] INFO - Began transaction (1) for test context [DefaultTestContext@329af9b1 testClass = Tests, testInstance = org.isf.medicalstock.test.Tests@48a14ec5, testMethod = testMgrGetMovementsByReference@Tests, testException = [null], mergedContextConfiguration = [MergedContextConfiguration@7535554e testClass = Tests, locations = '{classpath:applicationContext.xml, classpath:applicationContext.xml}', classes = '{}', contextInitializerClasses = '[]', activeProfiles = '{}', propertySourceLocations = '{}', propertySourceProperties = '{}', contextCustomizers = set[org.springframework.boot.test.context.filter.ExcludeFilterContextCustomizer@255b53dc, org.springframework.boot.test.json.DuplicateJsonObjectContextCustomizerFactory$DuplicateJsonObjectContextCustomizer@64d2d351, org.springframework.boot.test.mock.mockito.MockitoContextCustomizer@0, org.springframework.boot.test.autoconfigure.properties.PropertyMappingContextCustomizer@0, org.springframework.boot.test.autoconfigure.web.servlet.WebDriverContextCustomizerFactory$Customizer@52aa2946], contextLoader = 'org.springframework.test.context.support.DelegatingSmartContextLoader', parent = [null]]]; transaction manager [org.springframework.orm.jpa.JpaTransactionManager@4ece2750]; rollback [true]
[05/jul/2024 13:43:32] [:] INFO - Rolled back transaction for test: [DefaultTestContext@329af9b1 testClass = Tests, testInstance = org.isf.medicalstock.test.Tests@48a14ec5, testMethod = testMgrGetMovementsByReference@Tests, testException = [null], mergedContextConfiguration = [MergedContextConfiguration@7535554e testClass = Tests, locations = '{classpath:applicationContext.xml, classpath:applicationContext.xml}', classes = '{}', contextInitializerClasses = '[]', activeProfiles = '{}', propertySourceLocations = '{}', propertySourceProperties = '{}', contextCustomizers = set[org.springframework.boot.test.context.filter.ExcludeFilterContextCustomizer@255b53dc, org.springframework.boot.test.json.DuplicateJsonObjectContextCustomizerFactory$DuplicateJsonObjectContextCustomizer@64d2d351, org.springframework.boot.test.mock.mockito.MockitoContextCustomizer@0, org.springframework.boot.test.autoconfigure.properties.PropertyMappingContextCustomizer@0, org.springframework.boot.test.autoconfigure.web.servlet.WebDriverContextCustomizerFactory$Customizer@52aa2946], contextLoader = 'org.springframework.test.context.support.DelegatingSmartContextLoader', parent = [null]]]
]]></system-out>
  </testcase>
  <testcase name="testIoGetMovementsWihAllParameters[Test with AUTOMATICLOT_IN=false, AUTOMATICLOT_OUT=true, AUTOMATICLOTWARD_TOWARD=true]" classname="org.isf.medicalstock.test.Tests" time="0.022">
    <system-out><![CDATA[[05/jul/2024 13:43:32] [:] INFO - Began transaction (1) for test context [DefaultTestContext@329af9b1 testClass = Tests, testInstance = org.isf.medicalstock.test.Tests@405f0d9f, testMethod = testIoGetMovementsWihAllParameters@Tests, testException = [null], mergedContextConfiguration = [MergedContextConfiguration@7535554e testClass = Tests, locations = '{classpath:applicationContext.xml, classpath:applicationContext.xml}', classes = '{}', contextInitializerClasses = '[]', activeProfiles = '{}', propertySourceLocations = '{}', propertySourceProperties = '{}', contextCustomizers = set[org.springframework.boot.test.context.filter.ExcludeFilterContextCustomizer@255b53dc, org.springframework.boot.test.json.DuplicateJsonObjectContextCustomizerFactory$DuplicateJsonObjectContextCustomizer@64d2d351, org.springframework.boot.test.mock.mockito.MockitoContextCustomizer@0, org.springframework.boot.test.autoconfigure.properties.PropertyMappingContextCustomizer@0, org.springframework.boot.test.autoconfigure.web.servlet.WebDriverContextCustomizerFactory$Customizer@52aa2946], contextLoader = 'org.springframework.test.context.support.DelegatingSmartContextLoader', parent = [null]]]; transaction manager [org.springframework.orm.jpa.JpaTransactionManager@4ece2750]; rollback [true]
[05/jul/2024 13:43:32] [:] INFO - Rolled back transaction for test: [DefaultTestContext@329af9b1 testClass = Tests, testInstance = org.isf.medicalstock.test.Tests@405f0d9f, testMethod = testIoGetMovementsWihAllParameters@Tests, testException = [null], mergedContextConfiguration = [MergedContextConfiguration@7535554e testClass = Tests, locations = '{classpath:applicationContext.xml, classpath:applicationContext.xml}', classes = '{}', contextInitializerClasses = '[]', activeProfiles = '{}', propertySourceLocations = '{}', propertySourceProperties = '{}', contextCustomizers = set[org.springframework.boot.test.context.filter.ExcludeFilterContextCustomizer@255b53dc, org.springframework.boot.test.json.DuplicateJsonObjectContextCustomizerFactory$DuplicateJsonObjectContextCustomizer@64d2d351, org.springframework.boot.test.mock.mockito.MockitoContextCustomizer@0, org.springframework.boot.test.autoconfigure.properties.PropertyMappingContextCustomizer@0, org.springframework.boot.test.autoconfigure.web.servlet.WebDriverContextCustomizerFactory$Customizer@52aa2946], contextLoader = 'org.springframework.test.context.support.DelegatingSmartContextLoader', parent = [null]]]
]]></system-out>
  </testcase>
  <testcase name="testMgrAlertCriticalQuantityOverLimit[Test with AUTOMATICLOT_IN=false, AUTOMATICLOT_OUT=true, AUTOMATICLOTWARD_TOWARD=true]" classname="org.isf.medicalstock.test.Tests" time="0.03">
    <system-out><![CDATA[[05/jul/2024 13:43:32] [:] INFO - Began transaction (1) for test context [DefaultTestContext@329af9b1 testClass = Tests, testInstance = org.isf.medicalstock.test.Tests@19232dba, testMethod = testMgrAlertCriticalQuantityOverLimit@Tests, testException = [null], mergedContextConfiguration = [MergedContextConfiguration@7535554e testClass = Tests, locations = '{classpath:applicationContext.xml, classpath:applicationContext.xml}', classes = '{}', contextInitializerClasses = '[]', activeProfiles = '{}', propertySourceLocations = '{}', propertySourceProperties = '{}', contextCustomizers = set[org.springframework.boot.test.context.filter.ExcludeFilterContextCustomizer@255b53dc, org.springframework.boot.test.json.DuplicateJsonObjectContextCustomizerFactory$DuplicateJsonObjectContextCustomizer@64d2d351, org.springframework.boot.test.mock.mockito.MockitoContextCustomizer@0, org.springframework.boot.test.autoconfigure.properties.PropertyMappingContextCustomizer@0, org.springframework.boot.test.autoconfigure.web.servlet.WebDriverContextCustomizerFactory$Customizer@52aa2946], contextLoader = 'org.springframework.test.context.support.DelegatingSmartContextLoader', parent = [null]]]; transaction manager [org.springframework.orm.jpa.JpaTransactionManager@4ece2750]; rollback [true]
[05/jul/2024 13:43:32] [:] INFO - Rolled back transaction for test: [DefaultTestContext@329af9b1 testClass = Tests, testInstance = org.isf.medicalstock.test.Tests@19232dba, testMethod = testMgrAlertCriticalQuantityOverLimit@Tests, testException = [null], mergedContextConfiguration = [MergedContextConfiguration@7535554e testClass = Tests, locations = '{classpath:applicationContext.xml, classpath:applicationContext.xml}', classes = '{}', contextInitializerClasses = '[]', activeProfiles = '{}', propertySourceLocations = '{}', propertySourceProperties = '{}', contextCustomizers = set[org.springframework.boot.test.context.filter.ExcludeFilterContextCustomizer@255b53dc, org.springframework.boot.test.json.DuplicateJsonObjectContextCustomizerFactory$DuplicateJsonObjectContextCustomizer@64d2d351, org.springframework.boot.test.mock.mockito.MockitoContextCustomizer@0, org.springframework.boot.test.autoconfigure.properties.PropertyMappingContextCustomizer@0, org.springframework.boot.test.autoconfigure.web.servlet.WebDriverContextCustomizerFactory$Customizer@52aa2946], contextLoader = 'org.springframework.test.context.support.DelegatingSmartContextLoader', parent = [null]]]
]]></system-out>
  </testcase>
  <testcase name="testMgrAlertCriticalQuantityUnderLimit[Test with AUTOMATICLOT_IN=false, AUTOMATICLOT_OUT=true, AUTOMATICLOTWARD_TOWARD=true]" classname="org.isf.medicalstock.test.Tests" time="0.016">
    <system-out><![CDATA[[05/jul/2024 13:43:32] [:] INFO - Began transaction (1) for test context [DefaultTestContext@329af9b1 testClass = Tests, testInstance = org.isf.medicalstock.test.Tests@326ac92b, testMethod = testMgrAlertCriticalQuantityUnderLimit@Tests, testException = [null], mergedContextConfiguration = [MergedContextConfiguration@7535554e testClass = Tests, locations = '{classpath:applicationContext.xml, classpath:applicationContext.xml}', classes = '{}', contextInitializerClasses = '[]', activeProfiles = '{}', propertySourceLocations = '{}', propertySourceProperties = '{}', contextCustomizers = set[org.springframework.boot.test.context.filter.ExcludeFilterContextCustomizer@255b53dc, org.springframework.boot.test.json.DuplicateJsonObjectContextCustomizerFactory$DuplicateJsonObjectContextCustomizer@64d2d351, org.springframework.boot.test.mock.mockito.MockitoContextCustomizer@0, org.springframework.boot.test.autoconfigure.properties.PropertyMappingContextCustomizer@0, org.springframework.boot.test.autoconfigure.web.servlet.WebDriverContextCustomizerFactory$Customizer@52aa2946], contextLoader = 'org.springframework.test.context.support.DelegatingSmartContextLoader', parent = [null]]]; transaction manager [org.springframework.orm.jpa.JpaTransactionManager@4ece2750]; rollback [true]
[05/jul/2024 13:43:32] [:] INFO - Rolled back transaction for test: [DefaultTestContext@329af9b1 testClass = Tests, testInstance = org.isf.medicalstock.test.Tests@326ac92b, testMethod = testMgrAlertCriticalQuantityUnderLimit@Tests, testException = [null], mergedContextConfiguration = [MergedContextConfiguration@7535554e testClass = Tests, locations = '{classpath:applicationContext.xml, classpath:applicationContext.xml}', classes = '{}', contextInitializerClasses = '[]', activeProfiles = '{}', propertySourceLocations = '{}', propertySourceProperties = '{}', contextCustomizers = set[org.springframework.boot.test.context.filter.ExcludeFilterContextCustomizer@255b53dc, org.springframework.boot.test.json.DuplicateJsonObjectContextCustomizerFactory$DuplicateJsonObjectContextCustomizer@64d2d351, org.springframework.boot.test.mock.mockito.MockitoContextCustomizer@0, org.springframework.boot.test.autoconfigure.properties.PropertyMappingContextCustomizer@0, org.springframework.boot.test.autoconfigure.web.servlet.WebDriverContextCustomizerFactory$Customizer@52aa2946], contextLoader = 'org.springframework.test.context.support.DelegatingSmartContextLoader', parent = [null]]]
]]></system-out>
  </testcase>
  <testcase name="testIoNewMovementUpdateMedicalWardQuantityMedicalWardFound[Test with AUTOMATICLOT_IN=false, AUTOMATICLOT_OUT=true, AUTOMATICLOTWARD_TOWARD=true]" classname="org.isf.medicalstock.test.Tests" time="0.023">
    <system-out><![CDATA[[05/jul/2024 13:43:32] [:] INFO - Began transaction (1) for test context [DefaultTestContext@329af9b1 testClass = Tests, testInstance = org.isf.medicalstock.test.Tests@1175dade, testMethod = testIoNewMovementUpdateMedicalWardQuantityMedicalWardFound@Tests, testException = [null], mergedContextConfiguration = [MergedContextConfiguration@7535554e testClass = Tests, locations = '{classpath:applicationContext.xml, classpath:applicationContext.xml}', classes = '{}', contextInitializerClasses = '[]', activeProfiles = '{}', propertySourceLocations = '{}', propertySourceProperties = '{}', contextCustomizers = set[org.springframework.boot.test.context.filter.ExcludeFilterContextCustomizer@255b53dc, org.springframework.boot.test.json.DuplicateJsonObjectContextCustomizerFactory$DuplicateJsonObjectContextCustomizer@64d2d351, org.springframework.boot.test.mock.mockito.MockitoContextCustomizer@0, org.springframework.boot.test.autoconfigure.properties.PropertyMappingContextCustomizer@0, org.springframework.boot.test.autoconfigure.web.servlet.WebDriverContextCustomizerFactory$Customizer@52aa2946], contextLoader = 'org.springframework.test.context.support.DelegatingSmartContextLoader', parent = [null]]]; transaction manager [org.springframework.orm.jpa.JpaTransactionManager@4ece2750]; rollback [true]
[05/jul/2024 13:43:32] [:] INFO - Rolled back transaction for test: [DefaultTestContext@329af9b1 testClass = Tests, testInstance = org.isf.medicalstock.test.Tests@1175dade, testMethod = testIoNewMovementUpdateMedicalWardQuantityMedicalWardFound@Tests, testException = [null], mergedContextConfiguration = [MergedContextConfiguration@7535554e testClass = Tests, locations = '{classpath:applicationContext.xml, classpath:applicationContext.xml}', classes = '{}', contextInitializerClasses = '[]', activeProfiles = '{}', propertySourceLocations = '{}', propertySourceProperties = '{}', contextCustomizers = set[org.springframework.boot.test.context.filter.ExcludeFilterContextCustomizer@255b53dc, org.springframework.boot.test.json.DuplicateJsonObjectContextCustomizerFactory$DuplicateJsonObjectContextCustomizer@64d2d351, org.springframework.boot.test.mock.mockito.MockitoContextCustomizer@0, org.springframework.boot.test.autoconfigure.properties.PropertyMappingContextCustomizer@0, org.springframework.boot.test.autoconfigure.web.servlet.WebDriverContextCustomizerFactory$Customizer@52aa2946], contextLoader = 'org.springframework.test.context.support.DelegatingSmartContextLoader', parent = [null]]]
]]></system-out>
  </testcase>
  <testcase name="testMgrGetMovementsWihAllParametersNull[Test with AUTOMATICLOT_IN=false, AUTOMATICLOT_OUT=true, AUTOMATICLOTWARD_TOWARD=true]" classname="org.isf.medicalstock.test.Tests" time="0.016">
    <system-out><![CDATA[[05/jul/2024 13:43:32] [:] INFO - Began transaction (1) for test context [DefaultTestContext@329af9b1 testClass = Tests, testInstance = org.isf.medicalstock.test.Tests@60396336, testMethod = testMgrGetMovementsWihAllParametersNull@Tests, testException = [null], mergedContextConfiguration = [MergedContextConfiguration@7535554e testClass = Tests, locations = '{classpath:applicationContext.xml, classpath:applicationContext.xml}', classes = '{}', contextInitializerClasses = '[]', activeProfiles = '{}', propertySourceLocations = '{}', propertySourceProperties = '{}', contextCustomizers = set[org.springframework.boot.test.context.filter.ExcludeFilterContextCustomizer@255b53dc, org.springframework.boot.test.json.DuplicateJsonObjectContextCustomizerFactory$DuplicateJsonObjectContextCustomizer@64d2d351, org.springframework.boot.test.mock.mockito.MockitoContextCustomizer@0, org.springframework.boot.test.autoconfigure.properties.PropertyMappingContextCustomizer@0, org.springframework.boot.test.autoconfigure.web.servlet.WebDriverContextCustomizerFactory$Customizer@52aa2946], contextLoader = 'org.springframework.test.context.support.DelegatingSmartContextLoader', parent = [null]]]; transaction manager [org.springframework.orm.jpa.JpaTransactionManager@4ece2750]; rollback [true]
[05/jul/2024 13:43:32] [:] INFO - Rolled back transaction for test: [DefaultTestContext@329af9b1 testClass = Tests, testInstance = org.isf.medicalstock.test.Tests@60396336, testMethod = testMgrGetMovementsWihAllParametersNull@Tests, testException = [null], mergedContextConfiguration = [MergedContextConfiguration@7535554e testClass = Tests, locations = '{classpath:applicationContext.xml, classpath:applicationContext.xml}', classes = '{}', contextInitializerClasses = '[]', activeProfiles = '{}', propertySourceLocations = '{}', propertySourceProperties = '{}', contextCustomizers = set[org.springframework.boot.test.context.filter.ExcludeFilterContextCustomizer@255b53dc, org.springframework.boot.test.json.DuplicateJsonObjectContextCustomizerFactory$DuplicateJsonObjectContextCustomizer@64d2d351, org.springframework.boot.test.mock.mockito.MockitoContextCustomizer@0, org.springframework.boot.test.autoconfigure.properties.PropertyMappingContextCustomizer@0, org.springframework.boot.test.autoconfigure.web.servlet.WebDriverContextCustomizerFactory$Customizer@52aa2946], contextLoader = 'org.springframework.test.context.support.DelegatingSmartContextLoader', parent = [null]]]
]]></system-out>
  </testcase>
  <testcase name="testMgrGetMovements[Test with AUTOMATICLOT_IN=false, AUTOMATICLOT_OUT=true, AUTOMATICLOTWARD_TOWARD=true]" classname="org.isf.medicalstock.test.Tests" time="0.02">
    <system-out><![CDATA[[05/jul/2024 13:43:32] [:] INFO - Began transaction (1) for test context [DefaultTestContext@329af9b1 testClass = Tests, testInstance = org.isf.medicalstock.test.Tests@7f21f5d7, testMethod = testMgrGetMovements@Tests, testException = [null], mergedContextConfiguration = [MergedContextConfiguration@7535554e testClass = Tests, locations = '{classpath:applicationContext.xml, classpath:applicationContext.xml}', classes = '{}', contextInitializerClasses = '[]', activeProfiles = '{}', propertySourceLocations = '{}', propertySourceProperties = '{}', contextCustomizers = set[org.springframework.boot.test.context.filter.ExcludeFilterContextCustomizer@255b53dc, org.springframework.boot.test.json.DuplicateJsonObjectContextCustomizerFactory$DuplicateJsonObjectContextCustomizer@64d2d351, org.springframework.boot.test.mock.mockito.MockitoContextCustomizer@0, org.springframework.boot.test.autoconfigure.properties.PropertyMappingContextCustomizer@0, org.springframework.boot.test.autoconfigure.web.servlet.WebDriverContextCustomizerFactory$Customizer@52aa2946], contextLoader = 'org.springframework.test.context.support.DelegatingSmartContextLoader', parent = [null]]]; transaction manager [org.springframework.orm.jpa.JpaTransactionManager@4ece2750]; rollback [true]
[05/jul/2024 13:43:32] [:] INFO - Rolled back transaction for test: [DefaultTestContext@329af9b1 testClass = Tests, testInstance = org.isf.medicalstock.test.Tests@7f21f5d7, testMethod = testMgrGetMovements@Tests, testException = [null], mergedContextConfiguration = [MergedContextConfiguration@7535554e testClass = Tests, locations = '{classpath:applicationContext.xml, classpath:applicationContext.xml}', classes = '{}', contextInitializerClasses = '[]', activeProfiles = '{}', propertySourceLocations = '{}', propertySourceProperties = '{}', contextCustomizers = set[org.springframework.boot.test.context.filter.ExcludeFilterContextCustomizer@255b53dc, org.springframework.boot.test.json.DuplicateJsonObjectContextCustomizerFactory$DuplicateJsonObjectContextCustomizer@64d2d351, org.springframework.boot.test.mock.mockito.MockitoContextCustomizer@0, org.springframework.boot.test.autoconfigure.properties.PropertyMappingContextCustomizer@0, org.springframework.boot.test.autoconfigure.web.servlet.WebDriverContextCustomizerFactory$Customizer@52aa2946], contextLoader = 'org.springframework.test.context.support.DelegatingSmartContextLoader', parent = [null]]]
]]></system-out>
  </testcase>
  <testcase name="testIoPrepareDischargingMovement[Test with AUTOMATICLOT_IN=false, AUTOMATICLOT_OUT=true, AUTOMATICLOTWARD_TOWARD=true]" classname="org.isf.medicalstock.test.Tests" time="0.02">
    <system-out><![CDATA[[05/jul/2024 13:43:32] [:] INFO - Began transaction (1) for test context [DefaultTestContext@329af9b1 testClass = Tests, testInstance = org.isf.medicalstock.test.Tests@340ad1dc, testMethod = testIoPrepareDischargingMovement@Tests, testException = [null], mergedContextConfiguration = [MergedContextConfiguration@7535554e testClass = Tests, locations = '{classpath:applicationContext.xml, classpath:applicationContext.xml}', classes = '{}', contextInitializerClasses = '[]', activeProfiles = '{}', propertySourceLocations = '{}', propertySourceProperties = '{}', contextCustomizers = set[org.springframework.boot.test.context.filter.ExcludeFilterContextCustomizer@255b53dc, org.springframework.boot.test.json.DuplicateJsonObjectContextCustomizerFactory$DuplicateJsonObjectContextCustomizer@64d2d351, org.springframework.boot.test.mock.mockito.MockitoContextCustomizer@0, org.springframework.boot.test.autoconfigure.properties.PropertyMappingContextCustomizer@0, org.springframework.boot.test.autoconfigure.web.servlet.WebDriverContextCustomizerFactory$Customizer@52aa2946], contextLoader = 'org.springframework.test.context.support.DelegatingSmartContextLoader', parent = [null]]]; transaction manager [org.springframework.orm.jpa.JpaTransactionManager@4ece2750]; rollback [true]
[05/jul/2024 13:43:32] [:] INFO - Rolled back transaction for test: [DefaultTestContext@329af9b1 testClass = Tests, testInstance = org.isf.medicalstock.test.Tests@340ad1dc, testMethod = testIoPrepareDischargingMovement@Tests, testException = [null], mergedContextConfiguration = [MergedContextConfiguration@7535554e testClass = Tests, locations = '{classpath:applicationContext.xml, classpath:applicationContext.xml}', classes = '{}', contextInitializerClasses = '[]', activeProfiles = '{}', propertySourceLocations = '{}', propertySourceProperties = '{}', contextCustomizers = set[org.springframework.boot.test.context.filter.ExcludeFilterContextCustomizer@255b53dc, org.springframework.boot.test.json.DuplicateJsonObjectContextCustomizerFactory$DuplicateJsonObjectContextCustomizer@64d2d351, org.springframework.boot.test.mock.mockito.MockitoContextCustomizer@0, org.springframework.boot.test.autoconfigure.properties.PropertyMappingContextCustomizer@0, org.springframework.boot.test.autoconfigure.web.servlet.WebDriverContextCustomizerFactory$Customizer@52aa2946], contextLoader = 'org.springframework.test.context.support.DelegatingSmartContextLoader', parent = [null]]]
]]></system-out>
  </testcase>
  <testcase name="testMgrPrepareDischargingMovementIsAutomaticLotOut[Test with AUTOMATICLOT_IN=false, AUTOMATICLOT_OUT=true, AUTOMATICLOTWARD_TOWARD=true]" classname="org.isf.medicalstock.test.Tests" time="0.018">
    <system-out><![CDATA[[05/jul/2024 13:43:32] [:] INFO - Began transaction (1) for test context [DefaultTestContext@329af9b1 testClass = Tests, testInstance = org.isf.medicalstock.test.Tests@6f7b021b, testMethod = testMgrPrepareDischargingMovementIsAutomaticLotOut@Tests, testException = [null], mergedContextConfiguration = [MergedContextConfiguration@7535554e testClass = Tests, locations = '{classpath:applicationContext.xml, classpath:applicationContext.xml}', classes = '{}', contextInitializerClasses = '[]', activeProfiles = '{}', propertySourceLocations = '{}', propertySourceProperties = '{}', contextCustomizers = set[org.springframework.boot.test.context.filter.ExcludeFilterContextCustomizer@255b53dc, org.springframework.boot.test.json.DuplicateJsonObjectContextCustomizerFactory$DuplicateJsonObjectContextCustomizer@64d2d351, org.springframework.boot.test.mock.mockito.MockitoContextCustomizer@0, org.springframework.boot.test.autoconfigure.properties.PropertyMappingContextCustomizer@0, org.springframework.boot.test.autoconfigure.web.servlet.WebDriverContextCustomizerFactory$Customizer@52aa2946], contextLoader = 'org.springframework.test.context.support.DelegatingSmartContextLoader', parent = [null]]]; transaction manager [org.springframework.orm.jpa.JpaTransactionManager@4ece2750]; rollback [true]
[05/jul/2024 13:43:32] [:] INFO - Rolled back transaction for test: [DefaultTestContext@329af9b1 testClass = Tests, testInstance = org.isf.medicalstock.test.Tests@6f7b021b, testMethod = testMgrPrepareDischargingMovementIsAutomaticLotOut@Tests, testException = [null], mergedContextConfiguration = [MergedContextConfiguration@7535554e testClass = Tests, locations = '{classpath:applicationContext.xml, classpath:applicationContext.xml}', classes = '{}', contextInitializerClasses = '[]', activeProfiles = '{}', propertySourceLocations = '{}', propertySourceProperties = '{}', contextCustomizers = set[org.springframework.boot.test.context.filter.ExcludeFilterContextCustomizer@255b53dc, org.springframework.boot.test.json.DuplicateJsonObjectContextCustomizerFactory$DuplicateJsonObjectContextCustomizer@64d2d351, org.springframework.boot.test.mock.mockito.MockitoContextCustomizer@0, org.springframework.boot.test.autoconfigure.properties.PropertyMappingContextCustomizer@0, org.springframework.boot.test.autoconfigure.web.servlet.WebDriverContextCustomizerFactory$Customizer@52aa2946], contextLoader = 'org.springframework.test.context.support.DelegatingSmartContextLoader', parent = [null]]]
]]></system-out>
  </testcase>
  <testcase name="testMgrValidateLotRefersToAnotherMedical[Test with AUTOMATICLOT_IN=false, AUTOMATICLOT_OUT=true, AUTOMATICLOTWARD_TOWARD=true]" classname="org.isf.medicalstock.test.Tests" time="0.02">
    <system-out><![CDATA[[05/jul/2024 13:43:32] [:] INFO - Began transaction (1) for test context [DefaultTestContext@329af9b1 testClass = Tests, testInstance = org.isf.medicalstock.test.Tests@5654b82a, testMethod = testMgrValidateLotRefersToAnotherMedical@Tests, testException = [null], mergedContextConfiguration = [MergedContextConfiguration@7535554e testClass = Tests, locations = '{classpath:applicationContext.xml, classpath:applicationContext.xml}', classes = '{}', contextInitializerClasses = '[]', activeProfiles = '{}', propertySourceLocations = '{}', propertySourceProperties = '{}', contextCustomizers = set[org.springframework.boot.test.context.filter.ExcludeFilterContextCustomizer@255b53dc, org.springframework.boot.test.json.DuplicateJsonObjectContextCustomizerFactory$DuplicateJsonObjectContextCustomizer@64d2d351, org.springframework.boot.test.mock.mockito.MockitoContextCustomizer@0, org.springframework.boot.test.autoconfigure.properties.PropertyMappingContextCustomizer@0, org.springframework.boot.test.autoconfigure.web.servlet.WebDriverContextCustomizerFactory$Customizer@52aa2946], contextLoader = 'org.springframework.test.context.support.DelegatingSmartContextLoader', parent = [null]]]; transaction manager [org.springframework.orm.jpa.JpaTransactionManager@4ece2750]; rollback [true]
[05/jul/2024 13:43:32] [:] ERROR - identifier of an instance of org.isf.medicals.model.Medical was altered from 2 to -99; nested exception is org.hibernate.HibernateException: identifier of an instance of org.isf.medicals.model.Medical was altered from 2 to -99
org.springframework.orm.jpa.JpaSystemException: identifier of an instance of org.isf.medicals.model.Medical was altered from 2 to -99; nested exception is org.hibernate.HibernateException: identifier of an instance of org.isf.medicals.model.Medical was altered from 2 to -99
	at org.springframework.orm.jpa.vendor.HibernateJpaDialect.convertHibernateAccessException(HibernateJpaDialect.java:333)
	at org.springframework.orm.jpa.vendor.HibernateJpaDialect.translateExceptionIfPossible(HibernateJpaDialect.java:244)
	at org.springframework.orm.jpa.AbstractEntityManagerFactoryBean.translateExceptionIfPossible(AbstractEntityManagerFactoryBean.java:525)
	at org.springframework.dao.support.ChainedPersistenceExceptionTranslator.translateExceptionIfPossible(ChainedPersistenceExceptionTranslator.java:59)
	at org.springframework.dao.support.DataAccessUtils.translateIfNecessary(DataAccessUtils.java:209)
	at org.springframework.dao.support.PersistenceExceptionTranslationInterceptor.invoke(PersistenceExceptionTranslationInterceptor.java:147)
	at org.springframework.aop.framework.ReflectiveMethodInvocation.proceed(ReflectiveMethodInvocation.java:179)
	at org.springframework.data.jpa.repository.support.CrudMethodMetadataPostProcessor$CrudMethodMetadataPopulatingMethodInterceptor.invoke(CrudMethodMetadataPostProcessor.java:140)
	at org.springframework.aop.framework.ReflectiveMethodInvocation.proceed(ReflectiveMethodInvocation.java:179)
	at org.springframework.data.jpa.repository.support.CrudMethodMetadataPostProcessor$ExposeRepositoryInvocationInterceptor.invoke(CrudMethodMetadataPostProcessor.java:347)
	at org.springframework.aop.framework.ReflectiveMethodInvocation.proceed(ReflectiveMethodInvocation.java:179)
	at org.springframework.aop.interceptor.ExposeInvocationInterceptor.invoke(ExposeInvocationInterceptor.java:92)
	at org.springframework.aop.framework.ReflectiveMethodInvocation.proceed(ReflectiveMethodInvocation.java:179)
	at org.springframework.data.repository.core.support.SurroundingTransactionDetectorMethodInterceptor.invoke(SurroundingTransactionDetectorMethodInterceptor.java:57)
	at org.springframework.aop.framework.ReflectiveMethodInvocation.proceed(ReflectiveMethodInvocation.java:179)
	at org.springframework.aop.framework.JdkDynamicAopProxy.invoke(JdkDynamicAopProxy.java:213)
	at com.sun.proxy.$Proxy109.findMaxDate(Unknown Source)
	at org.isf.medicalstock.service.MedicalStockIoOperations.getLastMovementDate(MedicalStockIoOperations.java:565)
	at org.isf.medicalstock.service.MedicalStockIoOperations$$FastClassBySpringCGLIB$$a00ee1bd.invoke(<generated>)
	at org.springframework.cglib.proxy.MethodProxy.invoke(MethodProxy.java:204)
	at org.springframework.aop.framework.CglibAopProxy$CglibMethodInvocation.invokeJoinpoint(CglibAopProxy.java:737)
	at org.springframework.aop.framework.ReflectiveMethodInvocation.proceed(ReflectiveMethodInvocation.java:157)
	at org.springframework.transaction.interceptor.TransactionInterceptor$1.proceedWithInvocation(TransactionInterceptor.java:99)
	at org.springframework.transaction.interceptor.TransactionAspectSupport.invokeWithinTransaction(TransactionAspectSupport.java:283)
	at org.springframework.transaction.interceptor.TransactionInterceptor.invoke(TransactionInterceptor.java:96)
	at org.springframework.aop.framework.ReflectiveMethodInvocation.proceed(ReflectiveMethodInvocation.java:179)
	at org.springframework.aop.interceptor.ExposeInvocationInterceptor.invoke(ExposeInvocationInterceptor.java:92)
	at org.springframework.aop.framework.ReflectiveMethodInvocation.proceed(ReflectiveMethodInvocation.java:179)
	at org.springframework.aop.aspectj.MethodInvocationProceedingJoinPoint.proceed(MethodInvocationProceedingJoinPoint.java:84)
	at org.isf.utils.db.OHServiceExceptionTranslator.translateSqlExceptionToOHServiceException(OHServiceExceptionTranslator.java:55)
	at sun.reflect.GeneratedMethodAccessor67.invoke(Unknown Source)
	at sun.reflect.DelegatingMethodAccessorImpl.invoke(DelegatingMethodAccessorImpl.java:43)
	at java.lang.reflect.Method.invoke(Method.java:498)
	at org.springframework.aop.aspectj.AbstractAspectJAdvice.invokeAdviceMethodWithGivenArgs(AbstractAspectJAdvice.java:627)
	at org.springframework.aop.aspectj.AbstractAspectJAdvice.invokeAdviceMethod(AbstractAspectJAdvice.java:616)
	at org.springframework.aop.aspectj.AspectJAroundAdvice.invoke(AspectJAroundAdvice.java:70)
	at org.springframework.aop.framework.ReflectiveMethodInvocation.proceed(ReflectiveMethodInvocation.java:179)
	at org.springframework.aop.framework.CglibAopProxy$DynamicAdvisedInterceptor.intercept(CglibAopProxy.java:672)
	at org.isf.medicalstock.service.MedicalStockIoOperations$$EnhancerBySpringCGLIB$$36e028cc.getLastMovementDate(<generated>)
	at org.isf.medicalstock.manager.MovStockInsertingManager.getLastMovementDate(MovStockInsertingManager.java:278)
	at org.isf.medicalstock.manager.MovStockInsertingManager.validateMovement(MovStockInsertingManager.java:68)
	at org.isf.medicalstock.manager.MovStockInsertingManager.prepareChargingMovement(MovStockInsertingManager.java:349)
	at org.isf.medicalstock.manager.MovStockInsertingManager.newMultipleChargingMovements(MovStockInsertingManager.java:326)
	at org.isf.medicalstock.manager.MovStockInsertingManager$$FastClassBySpringCGLIB$$2a8b6bd4.invoke(<generated>)
	at org.springframework.cglib.proxy.MethodProxy.invoke(MethodProxy.java:204)
	at org.springframework.aop.framework.CglibAopProxy$CglibMethodInvocation.invokeJoinpoint(CglibAopProxy.java:737)
	at org.springframework.aop.framework.ReflectiveMethodInvocation.proceed(ReflectiveMethodInvocation.java:157)
	at org.springframework.transaction.interceptor.TransactionInterceptor$1.proceedWithInvocation(TransactionInterceptor.java:99)
	at org.springframework.transaction.interceptor.TransactionAspectSupport.invokeWithinTransaction(TransactionAspectSupport.java:283)
	at org.springframework.transaction.interceptor.TransactionInterceptor.invoke(TransactionInterceptor.java:96)
	at org.springframework.aop.framework.ReflectiveMethodInvocation.proceed(ReflectiveMethodInvocation.java:179)
	at org.springframework.aop.framework.CglibAopProxy$DynamicAdvisedInterceptor.intercept(CglibAopProxy.java:672)
	at org.isf.medicalstock.manager.MovStockInsertingManager$$EnhancerBySpringCGLIB$$ef6ee236.newMultipleChargingMovements(<generated>)
	at org.isf.medicalstock.test.Tests.lambda$25(Tests.java:904)
	at org.assertj.core.api.ThrowableAssert.catchThrowable(ThrowableAssert.java:62)
	at org.assertj.core.api.AssertionsForClassTypes.catchThrowable(AssertionsForClassTypes.java:877)
	at org.assertj.core.api.Assertions.catchThrowable(Assertions.java:1336)
	at org.assertj.core.api.Assertions.assertThatThrownBy(Assertions.java:1181)
	at org.isf.medicalstock.test.Tests.testMgrValidateLotRefersToAnotherMedical(Tests.java:897)
	at sun.reflect.NativeMethodAccessorImpl.invoke0(Native Method)
	at sun.reflect.NativeMethodAccessorImpl.invoke(NativeMethodAccessorImpl.java:62)
	at sun.reflect.DelegatingMethodAccessorImpl.invoke(DelegatingMethodAccessorImpl.java:43)
	at java.lang.reflect.Method.invoke(Method.java:498)
	at org.junit.runners.model.FrameworkMethod$1.runReflectiveCall(FrameworkMethod.java:59)
	at org.junit.internal.runners.model.ReflectiveCallable.run(ReflectiveCallable.java:12)
	at org.junit.runners.model.FrameworkMethod.invokeExplosively(FrameworkMethod.java:56)
	at org.junit.internal.runners.statements.InvokeMethod.evaluate(InvokeMethod.java:17)
	at org.junit.internal.runners.statements.RunBefores.evaluate(RunBefores.java:26)
	at org.springframework.test.context.junit4.statements.RunBeforeTestMethodCallbacks.evaluate(RunBeforeTestMethodCallbacks.java:75)
	at org.springframework.test.context.junit4.statements.RunAfterTestMethodCallbacks.evaluate(RunAfterTestMethodCallbacks.java:86)
	at org.springframework.test.context.junit4.statements.RunPrepareTestInstanceCallbacks.evaluate(RunPrepareTestInstanceCallbacks.java:64)
	at org.springframework.test.context.junit4.statements.SpringRepeat.evaluate(SpringRepeat.java:84)
	at org.springframework.test.context.junit4.statements.SpringFailOnTimeout.evaluate(SpringFailOnTimeout.java:87)
	at org.springframework.test.context.junit4.statements.ProfileValueChecker.evaluate(ProfileValueChecker.java:101)
	at org.junit.runners.ParentRunner$3.evaluate(ParentRunner.java:306)
	at org.junit.runners.BlockJUnit4ClassRunner$1.evaluate(BlockJUnit4ClassRunner.java:100)
	at org.junit.runners.ParentRunner.runLeaf(ParentRunner.java:366)
	at org.junit.runners.BlockJUnit4ClassRunner.runChild(BlockJUnit4ClassRunner.java:103)
	at org.junit.runners.BlockJUnit4ClassRunner.runChild(BlockJUnit4ClassRunner.java:63)
	at org.junit.runners.ParentRunner$4.run(ParentRunner.java:331)
	at org.junit.runners.ParentRunner$1.schedule(ParentRunner.java:79)
	at org.junit.runners.ParentRunner.runChildren(ParentRunner.java:329)
	at org.junit.runners.ParentRunner.access$100(ParentRunner.java:66)
	at org.junit.runners.ParentRunner$2.evaluate(ParentRunner.java:293)
	at org.junit.runners.ParentRunner.run(ParentRunner.java:413)
	at org.junit.runners.Suite.runChild(Suite.java:128)
	at org.junit.runners.Suite.runChild(Suite.java:27)
	at org.junit.runners.ParentRunner$4.run(ParentRunner.java:331)
	at org.junit.runners.ParentRunner$1.schedule(ParentRunner.java:79)
	at org.junit.runners.ParentRunner.runChildren(ParentRunner.java:329)
	at org.junit.runners.ParentRunner.access$100(ParentRunner.java:66)
	at org.junit.runners.ParentRunner$2.evaluate(ParentRunner.java:293)
	at org.junit.internal.runners.statements.RunBefores.evaluate(RunBefores.java:26)
	at org.junit.internal.runners.statements.RunAfters.evaluate(RunAfters.java:27)
	at org.springframework.test.context.junit4.statements.RunBeforeTestClassCallbacks.evaluate(RunBeforeTestClassCallbacks.java:61)
	at org.springframework.test.context.junit4.statements.RunAfterTestClassCallbacks.evaluate(RunAfterTestClassCallbacks.java:70)
	at org.springframework.test.context.junit4.statements.ProfileValueChecker.evaluate(ProfileValueChecker.java:101)
	at org.springframework.test.context.junit4.rules.SpringClassRule$TestContextManagerCacheEvictor.evaluate(SpringClassRule.java:242)
	at org.junit.rules.RunRules.evaluate(RunRules.java:20)
	at org.junit.runners.ParentRunner$3.evaluate(ParentRunner.java:306)
	at org.junit.runners.ParentRunner.run(ParentRunner.java:413)
	at org.apache.maven.surefire.junit4.JUnit4Provider.execute(JUnit4Provider.java:316)
	at org.apache.maven.surefire.junit4.JUnit4Provider.executeWithRerun(JUnit4Provider.java:240)
	at org.apache.maven.surefire.junit4.JUnit4Provider.executeTestSet(JUnit4Provider.java:214)
	at org.apache.maven.surefire.junit4.JUnit4Provider.invoke(JUnit4Provider.java:155)
	at org.apache.maven.surefire.booter.ForkedBooter.runSuitesInProcess(ForkedBooter.java:385)
	at org.apache.maven.surefire.booter.ForkedBooter.execute(ForkedBooter.java:162)
	at org.apache.maven.surefire.booter.ForkedBooter.run(ForkedBooter.java:507)
	at org.apache.maven.surefire.booter.ForkedBooter.main(ForkedBooter.java:495)
Caused by: org.hibernate.HibernateException: identifier of an instance of org.isf.medicals.model.Medical was altered from 2 to -99
	at org.hibernate.event.internal.DefaultFlushEntityEventListener.checkId(DefaultFlushEntityEventListener.java:83)
	at org.hibernate.event.internal.DefaultFlushEntityEventListener.getValues(DefaultFlushEntityEventListener.java:195)
	at org.hibernate.event.internal.DefaultFlushEntityEventListener.onFlushEntity(DefaultFlushEntityEventListener.java:157)
	at org.hibernate.event.internal.AbstractFlushingEventListener.flushEntities(AbstractFlushingEventListener.java:230)
	at org.hibernate.event.internal.AbstractFlushingEventListener.flushEverythingToExecutions(AbstractFlushingEventListener.java:100)
	at org.hibernate.event.internal.DefaultAutoFlushEventListener.onAutoFlush(DefaultAutoFlushEventListener.java:61)
	at org.hibernate.internal.SessionImpl.autoFlushIfRequired(SessionImpl.java:1130)
	at org.hibernate.internal.SessionImpl.list(SessionImpl.java:1187)
	at org.hibernate.internal.QueryImpl.list(QueryImpl.java:101)
	at org.hibernate.ejb.QueryImpl.getSingleResult(QueryImpl.java:287)
	at org.springframework.data.jpa.repository.query.JpaQueryExecution$SingleEntityExecution.doExecute(JpaQueryExecution.java:210)
	at org.springframework.data.jpa.repository.query.JpaQueryExecution.execute(JpaQueryExecution.java:89)
	at org.springframework.data.jpa.repository.query.AbstractJpaQuery.doExecute(AbstractJpaQuery.java:126)
	at org.springframework.data.jpa.repository.query.AbstractJpaQuery.execute(AbstractJpaQuery.java:116)
	at org.springframework.data.repository.core.support.RepositoryFactorySupport$QueryExecutorMethodInterceptor.doInvoke(RepositoryFactorySupport.java:494)
	at org.springframework.data.repository.core.support.RepositoryFactorySupport$QueryExecutorMethodInterceptor.invoke(RepositoryFactorySupport.java:477)
	at org.springframework.aop.framework.ReflectiveMethodInvocation.proceed(ReflectiveMethodInvocation.java:179)
	at org.springframework.data.projection.DefaultMethodInvokingMethodInterceptor.invoke(DefaultMethodInvokingMethodInterceptor.java:56)
	at org.springframework.aop.framework.ReflectiveMethodInvocation.proceed(ReflectiveMethodInvocation.java:179)
	at org.springframework.transaction.interceptor.TransactionInterceptor$1.proceedWithInvocation(TransactionInterceptor.java:99)
	at org.springframework.transaction.interceptor.TransactionAspectSupport.invokeWithinTransaction(TransactionAspectSupport.java:283)
	at org.springframework.transaction.interceptor.TransactionInterceptor.invoke(TransactionInterceptor.java:96)
	at org.springframework.aop.framework.ReflectiveMethodInvocation.proceed(ReflectiveMethodInvocation.java:179)
	at org.springframework.dao.support.PersistenceExceptionTranslationInterceptor.invoke(PersistenceExceptionTranslationInterceptor.java:136)
	... 103 more
[05/jul/2024 13:43:32] [:] INFO - Rolled back transaction for test: [DefaultTestContext@329af9b1 testClass = Tests, testInstance = org.isf.medicalstock.test.Tests@5654b82a, testMethod = testMgrValidateLotRefersToAnotherMedical@Tests, testException = [null], mergedContextConfiguration = [MergedContextConfiguration@7535554e testClass = Tests, locations = '{classpath:applicationContext.xml, classpath:applicationContext.xml}', classes = '{}', contextInitializerClasses = '[]', activeProfiles = '{}', propertySourceLocations = '{}', propertySourceProperties = '{}', contextCustomizers = set[org.springframework.boot.test.context.filter.ExcludeFilterContextCustomizer@255b53dc, org.springframework.boot.test.json.DuplicateJsonObjectContextCustomizerFactory$DuplicateJsonObjectContextCustomizer@64d2d351, org.springframework.boot.test.mock.mockito.MockitoContextCustomizer@0, org.springframework.boot.test.autoconfigure.properties.PropertyMappingContextCustomizer@0, org.springframework.boot.test.autoconfigure.web.servlet.WebDriverContextCustomizerFactory$Customizer@52aa2946], contextLoader = 'org.springframework.test.context.support.DelegatingSmartContextLoader', parent = [null]]]
]]></system-out>
  </testcase>
  <testcase name="testMgrValidateLotDueDateNull[Test with AUTOMATICLOT_IN=false, AUTOMATICLOT_OUT=true, AUTOMATICLOTWARD_TOWARD=true]" classname="org.isf.medicalstock.test.Tests" time="0.021">
    <system-out><![CDATA[[05/jul/2024 13:43:32] [:] INFO - Began transaction (1) for test context [DefaultTestContext@329af9b1 testClass = Tests, testInstance = org.isf.medicalstock.test.Tests@19c4d73f, testMethod = testMgrValidateLotDueDateNull@Tests, testException = [null], mergedContextConfiguration = [MergedContextConfiguration@7535554e testClass = Tests, locations = '{classpath:applicationContext.xml, classpath:applicationContext.xml}', classes = '{}', contextInitializerClasses = '[]', activeProfiles = '{}', propertySourceLocations = '{}', propertySourceProperties = '{}', contextCustomizers = set[org.springframework.boot.test.context.filter.ExcludeFilterContextCustomizer@255b53dc, org.springframework.boot.test.json.DuplicateJsonObjectContextCustomizerFactory$DuplicateJsonObjectContextCustomizer@64d2d351, org.springframework.boot.test.mock.mockito.MockitoContextCustomizer@0, org.springframework.boot.test.autoconfigure.properties.PropertyMappingContextCustomizer@0, org.springframework.boot.test.autoconfigure.web.servlet.WebDriverContextCustomizerFactory$Customizer@52aa2946], contextLoader = 'org.springframework.test.context.support.DelegatingSmartContextLoader', parent = [null]]]; transaction manager [org.springframework.orm.jpa.JpaTransactionManager@4ece2750]; rollback [true]
[05/jul/2024 13:43:32] [:] INFO - Rolled back transaction for test: [DefaultTestContext@329af9b1 testClass = Tests, testInstance = org.isf.medicalstock.test.Tests@19c4d73f, testMethod = testMgrValidateLotDueDateNull@Tests, testException = [null], mergedContextConfiguration = [MergedContextConfiguration@7535554e testClass = Tests, locations = '{classpath:applicationContext.xml, classpath:applicationContext.xml}', classes = '{}', contextInitializerClasses = '[]', activeProfiles = '{}', propertySourceLocations = '{}', propertySourceProperties = '{}', contextCustomizers = set[org.springframework.boot.test.context.filter.ExcludeFilterContextCustomizer@255b53dc, org.springframework.boot.test.json.DuplicateJsonObjectContextCustomizerFactory$DuplicateJsonObjectContextCustomizer@64d2d351, org.springframework.boot.test.mock.mockito.MockitoContextCustomizer@0, org.springframework.boot.test.autoconfigure.properties.PropertyMappingContextCustomizer@0, org.springframework.boot.test.autoconfigure.web.servlet.WebDriverContextCustomizerFactory$Customizer@52aa2946], contextLoader = 'org.springframework.test.context.support.DelegatingSmartContextLoader', parent = [null]]]
]]></system-out>
  </testcase>
  <testcase name="testMgrGetLotsByMedicalNull[Test with AUTOMATICLOT_IN=false, AUTOMATICLOT_OUT=true, AUTOMATICLOTWARD_TOWARD=true]" classname="org.isf.medicalstock.test.Tests" time="0.01">
    <system-out><![CDATA[[05/jul/2024 13:43:32] [:] INFO - Began transaction (1) for test context [DefaultTestContext@329af9b1 testClass = Tests, testInstance = org.isf.medicalstock.test.Tests@10c66c8f, testMethod = testMgrGetLotsByMedicalNull@Tests, testException = [null], mergedContextConfiguration = [MergedContextConfiguration@7535554e testClass = Tests, locations = '{classpath:applicationContext.xml, classpath:applicationContext.xml}', classes = '{}', contextInitializerClasses = '[]', activeProfiles = '{}', propertySourceLocations = '{}', propertySourceProperties = '{}', contextCustomizers = set[org.springframework.boot.test.context.filter.ExcludeFilterContextCustomizer@255b53dc, org.springframework.boot.test.json.DuplicateJsonObjectContextCustomizerFactory$DuplicateJsonObjectContextCustomizer@64d2d351, org.springframework.boot.test.mock.mockito.MockitoContextCustomizer@0, org.springframework.boot.test.autoconfigure.properties.PropertyMappingContextCustomizer@0, org.springframework.boot.test.autoconfigure.web.servlet.WebDriverContextCustomizerFactory$Customizer@52aa2946], contextLoader = 'org.springframework.test.context.support.DelegatingSmartContextLoader', parent = [null]]]; transaction manager [org.springframework.orm.jpa.JpaTransactionManager@4ece2750]; rollback [true]
[05/jul/2024 13:43:32] [:] INFO - Rolled back transaction for test: [DefaultTestContext@329af9b1 testClass = Tests, testInstance = org.isf.medicalstock.test.Tests@10c66c8f, testMethod = testMgrGetLotsByMedicalNull@Tests, testException = [null], mergedContextConfiguration = [MergedContextConfiguration@7535554e testClass = Tests, locations = '{classpath:applicationContext.xml, classpath:applicationContext.xml}', classes = '{}', contextInitializerClasses = '[]', activeProfiles = '{}', propertySourceLocations = '{}', propertySourceProperties = '{}', contextCustomizers = set[org.springframework.boot.test.context.filter.ExcludeFilterContextCustomizer@255b53dc, org.springframework.boot.test.json.DuplicateJsonObjectContextCustomizerFactory$DuplicateJsonObjectContextCustomizer@64d2d351, org.springframework.boot.test.mock.mockito.MockitoContextCustomizer@0, org.springframework.boot.test.autoconfigure.properties.PropertyMappingContextCustomizer@0, org.springframework.boot.test.autoconfigure.web.servlet.WebDriverContextCustomizerFactory$Customizer@52aa2946], contextLoader = 'org.springframework.test.context.support.DelegatingSmartContextLoader', parent = [null]]]
]]></system-out>
  </testcase>
  <testcase name="testIoNewAutomaticDischargingMovementDifferentLots[Test with AUTOMATICLOT_IN=false, AUTOMATICLOT_OUT=true, AUTOMATICLOTWARD_TOWARD=true]" classname="org.isf.medicalstock.test.Tests" time="0.036">
    <system-out><![CDATA[[05/jul/2024 13:43:32] [:] INFO - Began transaction (1) for test context [DefaultTestContext@329af9b1 testClass = Tests, testInstance = org.isf.medicalstock.test.Tests@7139968b, testMethod = testIoNewAutomaticDischargingMovementDifferentLots@Tests, testException = [null], mergedContextConfiguration = [MergedContextConfiguration@7535554e testClass = Tests, locations = '{classpath:applicationContext.xml, classpath:applicationContext.xml}', classes = '{}', contextInitializerClasses = '[]', activeProfiles = '{}', propertySourceLocations = '{}', propertySourceProperties = '{}', contextCustomizers = set[org.springframework.boot.test.context.filter.ExcludeFilterContextCustomizer@255b53dc, org.springframework.boot.test.json.DuplicateJsonObjectContextCustomizerFactory$DuplicateJsonObjectContextCustomizer@64d2d351, org.springframework.boot.test.mock.mockito.MockitoContextCustomizer@0, org.springframework.boot.test.autoconfigure.properties.PropertyMappingContextCustomizer@0, org.springframework.boot.test.autoconfigure.web.servlet.WebDriverContextCustomizerFactory$Customizer@52aa2946], contextLoader = 'org.springframework.test.context.support.DelegatingSmartContextLoader', parent = [null]]]; transaction manager [org.springframework.orm.jpa.JpaTransactionManager@4ece2750]; rollback [true]
[05/jul/2024 13:43:32] [:] INFO - Rolled back transaction for test: [DefaultTestContext@329af9b1 testClass = Tests, testInstance = org.isf.medicalstock.test.Tests@7139968b, testMethod = testIoNewAutomaticDischargingMovementDifferentLots@Tests, testException = [null], mergedContextConfiguration = [MergedContextConfiguration@7535554e testClass = Tests, locations = '{classpath:applicationContext.xml, classpath:applicationContext.xml}', classes = '{}', contextInitializerClasses = '[]', activeProfiles = '{}', propertySourceLocations = '{}', propertySourceProperties = '{}', contextCustomizers = set[org.springframework.boot.test.context.filter.ExcludeFilterContextCustomizer@255b53dc, org.springframework.boot.test.json.DuplicateJsonObjectContextCustomizerFactory$DuplicateJsonObjectContextCustomizer@64d2d351, org.springframework.boot.test.mock.mockito.MockitoContextCustomizer@0, org.springframework.boot.test.autoconfigure.properties.PropertyMappingContextCustomizer@0, org.springframework.boot.test.autoconfigure.web.servlet.WebDriverContextCustomizerFactory$Customizer@52aa2946], contextLoader = 'org.springframework.test.context.support.DelegatingSmartContextLoader', parent = [null]]]
]]></system-out>
  </testcase>
  <testcase name="testIoNewMovementOutGoingLotsWardNull[Test with AUTOMATICLOT_IN=false, AUTOMATICLOT_OUT=true, AUTOMATICLOTWARD_TOWARD=true]" classname="org.isf.medicalstock.test.Tests" time="0.013">
    <system-out><![CDATA[[05/jul/2024 13:43:32] [:] INFO - Began transaction (1) for test context [DefaultTestContext@329af9b1 testClass = Tests, testInstance = org.isf.medicalstock.test.Tests@5e3d428e, testMethod = testIoNewMovementOutGoingLotsWardNull@Tests, testException = [null], mergedContextConfiguration = [MergedContextConfiguration@7535554e testClass = Tests, locations = '{classpath:applicationContext.xml, classpath:applicationContext.xml}', classes = '{}', contextInitializerClasses = '[]', activeProfiles = '{}', propertySourceLocations = '{}', propertySourceProperties = '{}', contextCustomizers = set[org.springframework.boot.test.context.filter.ExcludeFilterContextCustomizer@255b53dc, org.springframework.boot.test.json.DuplicateJsonObjectContextCustomizerFactory$DuplicateJsonObjectContextCustomizer@64d2d351, org.springframework.boot.test.mock.mockito.MockitoContextCustomizer@0, org.springframework.boot.test.autoconfigure.properties.PropertyMappingContextCustomizer@0, org.springframework.boot.test.autoconfigure.web.servlet.WebDriverContextCustomizerFactory$Customizer@52aa2946], contextLoader = 'org.springframework.test.context.support.DelegatingSmartContextLoader', parent = [null]]]; transaction manager [org.springframework.orm.jpa.JpaTransactionManager@4ece2750]; rollback [true]
[05/jul/2024 13:43:32] [:] INFO - Rolled back transaction for test: [DefaultTestContext@329af9b1 testClass = Tests, testInstance = org.isf.medicalstock.test.Tests@5e3d428e, testMethod = testIoNewMovementOutGoingLotsWardNull@Tests, testException = [null], mergedContextConfiguration = [MergedContextConfiguration@7535554e testClass = Tests, locations = '{classpath:applicationContext.xml, classpath:applicationContext.xml}', classes = '{}', contextInitializerClasses = '[]', activeProfiles = '{}', propertySourceLocations = '{}', propertySourceProperties = '{}', contextCustomizers = set[org.springframework.boot.test.context.filter.ExcludeFilterContextCustomizer@255b53dc, org.springframework.boot.test.json.DuplicateJsonObjectContextCustomizerFactory$DuplicateJsonObjectContextCustomizer@64d2d351, org.springframework.boot.test.mock.mockito.MockitoContextCustomizer@0, org.springframework.boot.test.autoconfigure.properties.PropertyMappingContextCustomizer@0, org.springframework.boot.test.autoconfigure.web.servlet.WebDriverContextCustomizerFactory$Customizer@52aa2946], contextLoader = 'org.springframework.test.context.support.DelegatingSmartContextLoader', parent = [null]]]
]]></system-out>
  </testcase>
  <testcase name="testIoGetMovementsWithParameters[Test with AUTOMATICLOT_IN=false, AUTOMATICLOT_OUT=true, AUTOMATICLOTWARD_TOWARD=true]" classname="org.isf.medicalstock.test.Tests" time="0.021">
    <system-out><![CDATA[[05/jul/2024 13:43:32] [:] INFO - Began transaction (1) for test context [DefaultTestContext@329af9b1 testClass = Tests, testInstance = org.isf.medicalstock.test.Tests@71030817, testMethod = testIoGetMovementsWithParameters@Tests, testException = [null], mergedContextConfiguration = [MergedContextConfiguration@7535554e testClass = Tests, locations = '{classpath:applicationContext.xml, classpath:applicationContext.xml}', classes = '{}', contextInitializerClasses = '[]', activeProfiles = '{}', propertySourceLocations = '{}', propertySourceProperties = '{}', contextCustomizers = set[org.springframework.boot.test.context.filter.ExcludeFilterContextCustomizer@255b53dc, org.springframework.boot.test.json.DuplicateJsonObjectContextCustomizerFactory$DuplicateJsonObjectContextCustomizer@64d2d351, org.springframework.boot.test.mock.mockito.MockitoContextCustomizer@0, org.springframework.boot.test.autoconfigure.properties.PropertyMappingContextCustomizer@0, org.springframework.boot.test.autoconfigure.web.servlet.WebDriverContextCustomizerFactory$Customizer@52aa2946], contextLoader = 'org.springframework.test.context.support.DelegatingSmartContextLoader', parent = [null]]]; transaction manager [org.springframework.orm.jpa.JpaTransactionManager@4ece2750]; rollback [true]
[05/jul/2024 13:43:32] [:] INFO - Rolled back transaction for test: [DefaultTestContext@329af9b1 testClass = Tests, testInstance = org.isf.medicalstock.test.Tests@71030817, testMethod = testIoGetMovementsWithParameters@Tests, testException = [null], mergedContextConfiguration = [MergedContextConfiguration@7535554e testClass = Tests, locations = '{classpath:applicationContext.xml, classpath:applicationContext.xml}', classes = '{}', contextInitializerClasses = '[]', activeProfiles = '{}', propertySourceLocations = '{}', propertySourceProperties = '{}', contextCustomizers = set[org.springframework.boot.test.context.filter.ExcludeFilterContextCustomizer@255b53dc, org.springframework.boot.test.json.DuplicateJsonObjectContextCustomizerFactory$DuplicateJsonObjectContextCustomizer@64d2d351, org.springframework.boot.test.mock.mockito.MockitoContextCustomizer@0, org.springframework.boot.test.autoconfigure.properties.PropertyMappingContextCustomizer@0, org.springframework.boot.test.autoconfigure.web.servlet.WebDriverContextCustomizerFactory$Customizer@52aa2946], contextLoader = 'org.springframework.test.context.support.DelegatingSmartContextLoader', parent = [null]]]
]]></system-out>
  </testcase>
  <testcase name="testMgrGetMovementsCheckMovParameters[Test with AUTOMATICLOT_IN=false, AUTOMATICLOT_OUT=true, AUTOMATICLOTWARD_TOWARD=true]" classname="org.isf.medicalstock.test.Tests" time="0.014">
    <system-out><![CDATA[[05/jul/2024 13:43:32] [:] INFO - Began transaction (1) for test context [DefaultTestContext@329af9b1 testClass = Tests, testInstance = org.isf.medicalstock.test.Tests@7906ec34, testMethod = testMgrGetMovementsCheckMovParameters@Tests, testException = [null], mergedContextConfiguration = [MergedContextConfiguration@7535554e testClass = Tests, locations = '{classpath:applicationContext.xml, classpath:applicationContext.xml}', classes = '{}', contextInitializerClasses = '[]', activeProfiles = '{}', propertySourceLocations = '{}', propertySourceProperties = '{}', contextCustomizers = set[org.springframework.boot.test.context.filter.ExcludeFilterContextCustomizer@255b53dc, org.springframework.boot.test.json.DuplicateJsonObjectContextCustomizerFactory$DuplicateJsonObjectContextCustomizer@64d2d351, org.springframework.boot.test.mock.mockito.MockitoContextCustomizer@0, org.springframework.boot.test.autoconfigure.properties.PropertyMappingContextCustomizer@0, org.springframework.boot.test.autoconfigure.web.servlet.WebDriverContextCustomizerFactory$Customizer@52aa2946], contextLoader = 'org.springframework.test.context.support.DelegatingSmartContextLoader', parent = [null]]]; transaction manager [org.springframework.orm.jpa.JpaTransactionManager@4ece2750]; rollback [true]
[05/jul/2024 13:43:32] [:] INFO - Rolled back transaction for test: [DefaultTestContext@329af9b1 testClass = Tests, testInstance = org.isf.medicalstock.test.Tests@7906ec34, testMethod = testMgrGetMovementsCheckMovParameters@Tests, testException = [null], mergedContextConfiguration = [MergedContextConfiguration@7535554e testClass = Tests, locations = '{classpath:applicationContext.xml, classpath:applicationContext.xml}', classes = '{}', contextInitializerClasses = '[]', activeProfiles = '{}', propertySourceLocations = '{}', propertySourceProperties = '{}', contextCustomizers = set[org.springframework.boot.test.context.filter.ExcludeFilterContextCustomizer@255b53dc, org.springframework.boot.test.json.DuplicateJsonObjectContextCustomizerFactory$DuplicateJsonObjectContextCustomizer@64d2d351, org.springframework.boot.test.mock.mockito.MockitoContextCustomizer@0, org.springframework.boot.test.autoconfigure.properties.PropertyMappingContextCustomizer@0, org.springframework.boot.test.autoconfigure.web.servlet.WebDriverContextCustomizerFactory$Customizer@52aa2946], contextLoader = 'org.springframework.test.context.support.DelegatingSmartContextLoader', parent = [null]]]
]]></system-out>
  </testcase>
  <testcase name="testIoGetMovementForPrintDateOrder[Test with AUTOMATICLOT_IN=false, AUTOMATICLOT_OUT=true, AUTOMATICLOTWARD_TOWARD=true]" classname="org.isf.medicalstock.test.Tests" time="0.015">
    <system-out><![CDATA[[05/jul/2024 13:43:32] [:] INFO - Began transaction (1) for test context [DefaultTestContext@329af9b1 testClass = Tests, testInstance = org.isf.medicalstock.test.Tests@1f431a6b, testMethod = testIoGetMovementForPrintDateOrder@Tests, testException = [null], mergedContextConfiguration = [MergedContextConfiguration@7535554e testClass = Tests, locations = '{classpath:applicationContext.xml, classpath:applicationContext.xml}', classes = '{}', contextInitializerClasses = '[]', activeProfiles = '{}', propertySourceLocations = '{}', propertySourceProperties = '{}', contextCustomizers = set[org.springframework.boot.test.context.filter.ExcludeFilterContextCustomizer@255b53dc, org.springframework.boot.test.json.DuplicateJsonObjectContextCustomizerFactory$DuplicateJsonObjectContextCustomizer@64d2d351, org.springframework.boot.test.mock.mockito.MockitoContextCustomizer@0, org.springframework.boot.test.autoconfigure.properties.PropertyMappingContextCustomizer@0, org.springframework.boot.test.autoconfigure.web.servlet.WebDriverContextCustomizerFactory$Customizer@52aa2946], contextLoader = 'org.springframework.test.context.support.DelegatingSmartContextLoader', parent = [null]]]; transaction manager [org.springframework.orm.jpa.JpaTransactionManager@4ece2750]; rollback [true]
[05/jul/2024 13:43:32] [:] INFO - Rolled back transaction for test: [DefaultTestContext@329af9b1 testClass = Tests, testInstance = org.isf.medicalstock.test.Tests@1f431a6b, testMethod = testIoGetMovementForPrintDateOrder@Tests, testException = [null], mergedContextConfiguration = [MergedContextConfiguration@7535554e testClass = Tests, locations = '{classpath:applicationContext.xml, classpath:applicationContext.xml}', classes = '{}', contextInitializerClasses = '[]', activeProfiles = '{}', propertySourceLocations = '{}', propertySourceProperties = '{}', contextCustomizers = set[org.springframework.boot.test.context.filter.ExcludeFilterContextCustomizer@255b53dc, org.springframework.boot.test.json.DuplicateJsonObjectContextCustomizerFactory$DuplicateJsonObjectContextCustomizer@64d2d351, org.springframework.boot.test.mock.mockito.MockitoContextCustomizer@0, org.springframework.boot.test.autoconfigure.properties.PropertyMappingContextCustomizer@0, org.springframework.boot.test.autoconfigure.web.servlet.WebDriverContextCustomizerFactory$Customizer@52aa2946], contextLoader = 'org.springframework.test.context.support.DelegatingSmartContextLoader', parent = [null]]]
]]></system-out>
  </testcase>
  <testcase name="testMovementToString[Test with AUTOMATICLOT_IN=false, AUTOMATICLOT_OUT=true, AUTOMATICLOTWARD_TOWARD=true]" classname="org.isf.medicalstock.test.Tests" time="0.018">
    <system-out><![CDATA[[05/jul/2024 13:43:32] [:] INFO - Began transaction (1) for test context [DefaultTestContext@329af9b1 testClass = Tests, testInstance = org.isf.medicalstock.test.Tests@50dcd273, testMethod = testMovementToString@Tests, testException = [null], mergedContextConfiguration = [MergedContextConfiguration@7535554e testClass = Tests, locations = '{classpath:applicationContext.xml, classpath:applicationContext.xml}', classes = '{}', contextInitializerClasses = '[]', activeProfiles = '{}', propertySourceLocations = '{}', propertySourceProperties = '{}', contextCustomizers = set[org.springframework.boot.test.context.filter.ExcludeFilterContextCustomizer@255b53dc, org.springframework.boot.test.json.DuplicateJsonObjectContextCustomizerFactory$DuplicateJsonObjectContextCustomizer@64d2d351, org.springframework.boot.test.mock.mockito.MockitoContextCustomizer@0, org.springframework.boot.test.autoconfigure.properties.PropertyMappingContextCustomizer@0, org.springframework.boot.test.autoconfigure.web.servlet.WebDriverContextCustomizerFactory$Customizer@52aa2946], contextLoader = 'org.springframework.test.context.support.DelegatingSmartContextLoader', parent = [null]]]; transaction manager [org.springframework.orm.jpa.JpaTransactionManager@4ece2750]; rollback [true]
[05/jul/2024 13:43:32] [:] INFO - Rolled back transaction for test: [DefaultTestContext@329af9b1 testClass = Tests, testInstance = org.isf.medicalstock.test.Tests@50dcd273, testMethod = testMovementToString@Tests, testException = [null], mergedContextConfiguration = [MergedContextConfiguration@7535554e testClass = Tests, locations = '{classpath:applicationContext.xml, classpath:applicationContext.xml}', classes = '{}', contextInitializerClasses = '[]', activeProfiles = '{}', propertySourceLocations = '{}', propertySourceProperties = '{}', contextCustomizers = set[org.springframework.boot.test.context.filter.ExcludeFilterContextCustomizer@255b53dc, org.springframework.boot.test.json.DuplicateJsonObjectContextCustomizerFactory$DuplicateJsonObjectContextCustomizer@64d2d351, org.springframework.boot.test.mock.mockito.MockitoContextCustomizer@0, org.springframework.boot.test.autoconfigure.properties.PropertyMappingContextCustomizer@0, org.springframework.boot.test.autoconfigure.web.servlet.WebDriverContextCustomizerFactory$Customizer@52aa2946], contextLoader = 'org.springframework.test.context.support.DelegatingSmartContextLoader', parent = [null]]]
]]></system-out>
  </testcase>
  <testcase name="testMgrGetMovementsCheckLotPrepParameters[Test with AUTOMATICLOT_IN=false, AUTOMATICLOT_OUT=true, AUTOMATICLOTWARD_TOWARD=true]" classname="org.isf.medicalstock.test.Tests" time="0.015">
    <system-out><![CDATA[[05/jul/2024 13:43:32] [:] INFO - Began transaction (1) for test context [DefaultTestContext@329af9b1 testClass = Tests, testInstance = org.isf.medicalstock.test.Tests@61ccb327, testMethod = testMgrGetMovementsCheckLotPrepParameters@Tests, testException = [null], mergedContextConfiguration = [MergedContextConfiguration@7535554e testClass = Tests, locations = '{classpath:applicationContext.xml, classpath:applicationContext.xml}', classes = '{}', contextInitializerClasses = '[]', activeProfiles = '{}', propertySourceLocations = '{}', propertySourceProperties = '{}', contextCustomizers = set[org.springframework.boot.test.context.filter.ExcludeFilterContextCustomizer@255b53dc, org.springframework.boot.test.json.DuplicateJsonObjectContextCustomizerFactory$DuplicateJsonObjectContextCustomizer@64d2d351, org.springframework.boot.test.mock.mockito.MockitoContextCustomizer@0, org.springframework.boot.test.autoconfigure.properties.PropertyMappingContextCustomizer@0, org.springframework.boot.test.autoconfigure.web.servlet.WebDriverContextCustomizerFactory$Customizer@52aa2946], contextLoader = 'org.springframework.test.context.support.DelegatingSmartContextLoader', parent = [null]]]; transaction manager [org.springframework.orm.jpa.JpaTransactionManager@4ece2750]; rollback [true]
[05/jul/2024 13:43:32] [:] INFO - Rolled back transaction for test: [DefaultTestContext@329af9b1 testClass = Tests, testInstance = org.isf.medicalstock.test.Tests@61ccb327, testMethod = testMgrGetMovementsCheckLotPrepParameters@Tests, testException = [null], mergedContextConfiguration = [MergedContextConfiguration@7535554e testClass = Tests, locations = '{classpath:applicationContext.xml, classpath:applicationContext.xml}', classes = '{}', contextInitializerClasses = '[]', activeProfiles = '{}', propertySourceLocations = '{}', propertySourceProperties = '{}', contextCustomizers = set[org.springframework.boot.test.context.filter.ExcludeFilterContextCustomizer@255b53dc, org.springframework.boot.test.json.DuplicateJsonObjectContextCustomizerFactory$DuplicateJsonObjectContextCustomizer@64d2d351, org.springframework.boot.test.mock.mockito.MockitoContextCustomizer@0, org.springframework.boot.test.autoconfigure.properties.PropertyMappingContextCustomizer@0, org.springframework.boot.test.autoconfigure.web.servlet.WebDriverContextCustomizerFactory$Customizer@52aa2946], contextLoader = 'org.springframework.test.context.support.DelegatingSmartContextLoader', parent = [null]]]
]]></system-out>
  </testcase>
  <testcase name="testMgrValidateNullMovementType[Test with AUTOMATICLOT_IN=false, AUTOMATICLOT_OUT=true, AUTOMATICLOTWARD_TOWARD=true]" classname="org.isf.medicalstock.test.Tests" time="0.024">
    <system-out><![CDATA[[05/jul/2024 13:43:32] [:] INFO - Began transaction (1) for test context [DefaultTestContext@329af9b1 testClass = Tests, testInstance = org.isf.medicalstock.test.Tests@b44f419, testMethod = testMgrValidateNullMovementType@Tests, testException = [null], mergedContextConfiguration = [MergedContextConfiguration@7535554e testClass = Tests, locations = '{classpath:applicationContext.xml, classpath:applicationContext.xml}', classes = '{}', contextInitializerClasses = '[]', activeProfiles = '{}', propertySourceLocations = '{}', propertySourceProperties = '{}', contextCustomizers = set[org.springframework.boot.test.context.filter.ExcludeFilterContextCustomizer@255b53dc, org.springframework.boot.test.json.DuplicateJsonObjectContextCustomizerFactory$DuplicateJsonObjectContextCustomizer@64d2d351, org.springframework.boot.test.mock.mockito.MockitoContextCustomizer@0, org.springframework.boot.test.autoconfigure.properties.PropertyMappingContextCustomizer@0, org.springframework.boot.test.autoconfigure.web.servlet.WebDriverContextCustomizerFactory$Customizer@52aa2946], contextLoader = 'org.springframework.test.context.support.DelegatingSmartContextLoader', parent = [null]]]; transaction manager [org.springframework.orm.jpa.JpaTransactionManager@4ece2750]; rollback [true]
[05/jul/2024 13:43:32] [:] INFO - Rolled back transaction for test: [DefaultTestContext@329af9b1 testClass = Tests, testInstance = org.isf.medicalstock.test.Tests@b44f419, testMethod = testMgrValidateNullMovementType@Tests, testException = [null], mergedContextConfiguration = [MergedContextConfiguration@7535554e testClass = Tests, locations = '{classpath:applicationContext.xml, classpath:applicationContext.xml}', classes = '{}', contextInitializerClasses = '[]', activeProfiles = '{}', propertySourceLocations = '{}', propertySourceProperties = '{}', contextCustomizers = set[org.springframework.boot.test.context.filter.ExcludeFilterContextCustomizer@255b53dc, org.springframework.boot.test.json.DuplicateJsonObjectContextCustomizerFactory$DuplicateJsonObjectContextCustomizer@64d2d351, org.springframework.boot.test.mock.mockito.MockitoContextCustomizer@0, org.springframework.boot.test.autoconfigure.properties.PropertyMappingContextCustomizer@0, org.springframework.boot.test.autoconfigure.web.servlet.WebDriverContextCustomizerFactory$Customizer@52aa2946], contextLoader = 'org.springframework.test.context.support.DelegatingSmartContextLoader', parent = [null]]]
]]></system-out>
  </testcase>
  <testcase name="testMgrGetMovementsCheckLotDueParameters[Test with AUTOMATICLOT_IN=false, AUTOMATICLOT_OUT=true, AUTOMATICLOTWARD_TOWARD=true]" classname="org.isf.medicalstock.test.Tests" time="0.021">
    <system-out><![CDATA[[05/jul/2024 13:43:32] [:] INFO - Began transaction (1) for test context [DefaultTestContext@329af9b1 testClass = Tests, testInstance = org.isf.medicalstock.test.Tests@3858a70f, testMethod = testMgrGetMovementsCheckLotDueParameters@Tests, testException = [null], mergedContextConfiguration = [MergedContextConfiguration@7535554e testClass = Tests, locations = '{classpath:applicationContext.xml, classpath:applicationContext.xml}', classes = '{}', contextInitializerClasses = '[]', activeProfiles = '{}', propertySourceLocations = '{}', propertySourceProperties = '{}', contextCustomizers = set[org.springframework.boot.test.context.filter.ExcludeFilterContextCustomizer@255b53dc, org.springframework.boot.test.json.DuplicateJsonObjectContextCustomizerFactory$DuplicateJsonObjectContextCustomizer@64d2d351, org.springframework.boot.test.mock.mockito.MockitoContextCustomizer@0, org.springframework.boot.test.autoconfigure.properties.PropertyMappingContextCustomizer@0, org.springframework.boot.test.autoconfigure.web.servlet.WebDriverContextCustomizerFactory$Customizer@52aa2946], contextLoader = 'org.springframework.test.context.support.DelegatingSmartContextLoader', parent = [null]]]; transaction manager [org.springframework.orm.jpa.JpaTransactionManager@4ece2750]; rollback [true]
[05/jul/2024 13:43:32] [:] INFO - Rolled back transaction for test: [DefaultTestContext@329af9b1 testClass = Tests, testInstance = org.isf.medicalstock.test.Tests@3858a70f, testMethod = testMgrGetMovementsCheckLotDueParameters@Tests, testException = [null], mergedContextConfiguration = [MergedContextConfiguration@7535554e testClass = Tests, locations = '{classpath:applicationContext.xml, classpath:applicationContext.xml}', classes = '{}', contextInitializerClasses = '[]', activeProfiles = '{}', propertySourceLocations = '{}', propertySourceProperties = '{}', contextCustomizers = set[org.springframework.boot.test.context.filter.ExcludeFilterContextCustomizer@255b53dc, org.springframework.boot.test.json.DuplicateJsonObjectContextCustomizerFactory$DuplicateJsonObjectContextCustomizer@64d2d351, org.springframework.boot.test.mock.mockito.MockitoContextCustomizer@0, org.springframework.boot.test.autoconfigure.properties.PropertyMappingContextCustomizer@0, org.springframework.boot.test.autoconfigure.web.servlet.WebDriverContextCustomizerFactory$Customizer@52aa2946], contextLoader = 'org.springframework.test.context.support.DelegatingSmartContextLoader', parent = [null]]]
]]></system-out>
  </testcase>
  <testcase name="testLotHashCode[Test with AUTOMATICLOT_IN=false, AUTOMATICLOT_OUT=true, AUTOMATICLOTWARD_TOWARD=true]" classname="org.isf.medicalstock.test.Tests" time="0.013">
    <system-out><![CDATA[[05/jul/2024 13:43:32] [:] INFO - Began transaction (1) for test context [DefaultTestContext@329af9b1 testClass = Tests, testInstance = org.isf.medicalstock.test.Tests@7dfbd71f, testMethod = testLotHashCode@Tests, testException = [null], mergedContextConfiguration = [MergedContextConfiguration@7535554e testClass = Tests, locations = '{classpath:applicationContext.xml, classpath:applicationContext.xml}', classes = '{}', contextInitializerClasses = '[]', activeProfiles = '{}', propertySourceLocations = '{}', propertySourceProperties = '{}', contextCustomizers = set[org.springframework.boot.test.context.filter.ExcludeFilterContextCustomizer@255b53dc, org.springframework.boot.test.json.DuplicateJsonObjectContextCustomizerFactory$DuplicateJsonObjectContextCustomizer@64d2d351, org.springframework.boot.test.mock.mockito.MockitoContextCustomizer@0, org.springframework.boot.test.autoconfigure.properties.PropertyMappingContextCustomizer@0, org.springframework.boot.test.autoconfigure.web.servlet.WebDriverContextCustomizerFactory$Customizer@52aa2946], contextLoader = 'org.springframework.test.context.support.DelegatingSmartContextLoader', parent = [null]]]; transaction manager [org.springframework.orm.jpa.JpaTransactionManager@4ece2750]; rollback [true]
[05/jul/2024 13:43:32] [:] INFO - Rolled back transaction for test: [DefaultTestContext@329af9b1 testClass = Tests, testInstance = org.isf.medicalstock.test.Tests@7dfbd71f, testMethod = testLotHashCode@Tests, testException = [null], mergedContextConfiguration = [MergedContextConfiguration@7535554e testClass = Tests, locations = '{classpath:applicationContext.xml, classpath:applicationContext.xml}', classes = '{}', contextInitializerClasses = '[]', activeProfiles = '{}', propertySourceLocations = '{}', propertySourceProperties = '{}', contextCustomizers = set[org.springframework.boot.test.context.filter.ExcludeFilterContextCustomizer@255b53dc, org.springframework.boot.test.json.DuplicateJsonObjectContextCustomizerFactory$DuplicateJsonObjectContextCustomizer@64d2d351, org.springframework.boot.test.mock.mockito.MockitoContextCustomizer@0, org.springframework.boot.test.autoconfigure.properties.PropertyMappingContextCustomizer@0, org.springframework.boot.test.autoconfigure.web.servlet.WebDriverContextCustomizerFactory$Customizer@52aa2946], contextLoader = 'org.springframework.test.context.support.DelegatingSmartContextLoader', parent = [null]]]
]]></system-out>
  </testcase>
  <testcase name="testLotIsValidLot[Test with AUTOMATICLOT_IN=false, AUTOMATICLOT_OUT=true, AUTOMATICLOTWARD_TOWARD=true]" classname="org.isf.medicalstock.test.Tests" time="0.02">
    <system-out><![CDATA[[05/jul/2024 13:43:32] [:] INFO - Began transaction (1) for test context [DefaultTestContext@329af9b1 testClass = Tests, testInstance = org.isf.medicalstock.test.Tests@36fb7328, testMethod = testLotIsValidLot@Tests, testException = [null], mergedContextConfiguration = [MergedContextConfiguration@7535554e testClass = Tests, locations = '{classpath:applicationContext.xml, classpath:applicationContext.xml}', classes = '{}', contextInitializerClasses = '[]', activeProfiles = '{}', propertySourceLocations = '{}', propertySourceProperties = '{}', contextCustomizers = set[org.springframework.boot.test.context.filter.ExcludeFilterContextCustomizer@255b53dc, org.springframework.boot.test.json.DuplicateJsonObjectContextCustomizerFactory$DuplicateJsonObjectContextCustomizer@64d2d351, org.springframework.boot.test.mock.mockito.MockitoContextCustomizer@0, org.springframework.boot.test.autoconfigure.properties.PropertyMappingContextCustomizer@0, org.springframework.boot.test.autoconfigure.web.servlet.WebDriverContextCustomizerFactory$Customizer@52aa2946], contextLoader = 'org.springframework.test.context.support.DelegatingSmartContextLoader', parent = [null]]]; transaction manager [org.springframework.orm.jpa.JpaTransactionManager@4ece2750]; rollback [true]
[05/jul/2024 13:43:32] [:] INFO - Rolled back transaction for test: [DefaultTestContext@329af9b1 testClass = Tests, testInstance = org.isf.medicalstock.test.Tests@36fb7328, testMethod = testLotIsValidLot@Tests, testException = [null], mergedContextConfiguration = [MergedContextConfiguration@7535554e testClass = Tests, locations = '{classpath:applicationContext.xml, classpath:applicationContext.xml}', classes = '{}', contextInitializerClasses = '[]', activeProfiles = '{}', propertySourceLocations = '{}', propertySourceProperties = '{}', contextCustomizers = set[org.springframework.boot.test.context.filter.ExcludeFilterContextCustomizer@255b53dc, org.springframework.boot.test.json.DuplicateJsonObjectContextCustomizerFactory$DuplicateJsonObjectContextCustomizer@64d2d351, org.springframework.boot.test.mock.mockito.MockitoContextCustomizer@0, org.springframework.boot.test.autoconfigure.properties.PropertyMappingContextCustomizer@0, org.springframework.boot.test.autoconfigure.web.servlet.WebDriverContextCustomizerFactory$Customizer@52aa2946], contextLoader = 'org.springframework.test.context.support.DelegatingSmartContextLoader', parent = [null]]]
]]></system-out>
  </testcase>
  <testcase name="testMgrGetLotsByMedical[Test with AUTOMATICLOT_IN=false, AUTOMATICLOT_OUT=true, AUTOMATICLOTWARD_TOWARD=true]" classname="org.isf.medicalstock.test.Tests" time="0.019">
    <system-out><![CDATA[[05/jul/2024 13:43:32] [:] INFO - Began transaction (1) for test context [DefaultTestContext@329af9b1 testClass = Tests, testInstance = org.isf.medicalstock.test.Tests@198ef822, testMethod = testMgrGetLotsByMedical@Tests, testException = [null], mergedContextConfiguration = [MergedContextConfiguration@7535554e testClass = Tests, locations = '{classpath:applicationContext.xml, classpath:applicationContext.xml}', classes = '{}', contextInitializerClasses = '[]', activeProfiles = '{}', propertySourceLocations = '{}', propertySourceProperties = '{}', contextCustomizers = set[org.springframework.boot.test.context.filter.ExcludeFilterContextCustomizer@255b53dc, org.springframework.boot.test.json.DuplicateJsonObjectContextCustomizerFactory$DuplicateJsonObjectContextCustomizer@64d2d351, org.springframework.boot.test.mock.mockito.MockitoContextCustomizer@0, org.springframework.boot.test.autoconfigure.properties.PropertyMappingContextCustomizer@0, org.springframework.boot.test.autoconfigure.web.servlet.WebDriverContextCustomizerFactory$Customizer@52aa2946], contextLoader = 'org.springframework.test.context.support.DelegatingSmartContextLoader', parent = [null]]]; transaction manager [org.springframework.orm.jpa.JpaTransactionManager@4ece2750]; rollback [true]
[05/jul/2024 13:43:32] [:] INFO - Rolled back transaction for test: [DefaultTestContext@329af9b1 testClass = Tests, testInstance = org.isf.medicalstock.test.Tests@198ef822, testMethod = testMgrGetLotsByMedical@Tests, testException = [null], mergedContextConfiguration = [MergedContextConfiguration@7535554e testClass = Tests, locations = '{classpath:applicationContext.xml, classpath:applicationContext.xml}', classes = '{}', contextInitializerClasses = '[]', activeProfiles = '{}', propertySourceLocations = '{}', propertySourceProperties = '{}', contextCustomizers = set[org.springframework.boot.test.context.filter.ExcludeFilterContextCustomizer@255b53dc, org.springframework.boot.test.json.DuplicateJsonObjectContextCustomizerFactory$DuplicateJsonObjectContextCustomizer@64d2d351, org.springframework.boot.test.mock.mockito.MockitoContextCustomizer@0, org.springframework.boot.test.autoconfigure.properties.PropertyMappingContextCustomizer@0, org.springframework.boot.test.autoconfigure.web.servlet.WebDriverContextCustomizerFactory$Customizer@52aa2946], contextLoader = 'org.springframework.test.context.support.DelegatingSmartContextLoader', parent = [null]]]
]]></system-out>
  </testcase>
  <testcase name="testIoRefNoExists[Test with AUTOMATICLOT_IN=false, AUTOMATICLOT_OUT=true, AUTOMATICLOTWARD_TOWARD=true]" classname="org.isf.medicalstock.test.Tests" time="0.018">
    <system-out><![CDATA[[05/jul/2024 13:43:32] [:] INFO - Began transaction (1) for test context [DefaultTestContext@329af9b1 testClass = Tests, testInstance = org.isf.medicalstock.test.Tests@24afec70, testMethod = testIoRefNoExists@Tests, testException = [null], mergedContextConfiguration = [MergedContextConfiguration@7535554e testClass = Tests, locations = '{classpath:applicationContext.xml, classpath:applicationContext.xml}', classes = '{}', contextInitializerClasses = '[]', activeProfiles = '{}', propertySourceLocations = '{}', propertySourceProperties = '{}', contextCustomizers = set[org.springframework.boot.test.context.filter.ExcludeFilterContextCustomizer@255b53dc, org.springframework.boot.test.json.DuplicateJsonObjectContextCustomizerFactory$DuplicateJsonObjectContextCustomizer@64d2d351, org.springframework.boot.test.mock.mockito.MockitoContextCustomizer@0, org.springframework.boot.test.autoconfigure.properties.PropertyMappingContextCustomizer@0, org.springframework.boot.test.autoconfigure.web.servlet.WebDriverContextCustomizerFactory$Customizer@52aa2946], contextLoader = 'org.springframework.test.context.support.DelegatingSmartContextLoader', parent = [null]]]; transaction manager [org.springframework.orm.jpa.JpaTransactionManager@4ece2750]; rollback [true]
[05/jul/2024 13:43:32] [:] INFO - Rolled back transaction for test: [DefaultTestContext@329af9b1 testClass = Tests, testInstance = org.isf.medicalstock.test.Tests@24afec70, testMethod = testIoRefNoExists@Tests, testException = [null], mergedContextConfiguration = [MergedContextConfiguration@7535554e testClass = Tests, locations = '{classpath:applicationContext.xml, classpath:applicationContext.xml}', classes = '{}', contextInitializerClasses = '[]', activeProfiles = '{}', propertySourceLocations = '{}', propertySourceProperties = '{}', contextCustomizers = set[org.springframework.boot.test.context.filter.ExcludeFilterContextCustomizer@255b53dc, org.springframework.boot.test.json.DuplicateJsonObjectContextCustomizerFactory$DuplicateJsonObjectContextCustomizer@64d2d351, org.springframework.boot.test.mock.mockito.MockitoContextCustomizer@0, org.springframework.boot.test.autoconfigure.properties.PropertyMappingContextCustomizer@0, org.springframework.boot.test.autoconfigure.web.servlet.WebDriverContextCustomizerFactory$Customizer@52aa2946], contextLoader = 'org.springframework.test.context.support.DelegatingSmartContextLoader', parent = [null]]]
]]></system-out>
  </testcase>
  <testcase name="testIoGetLotsByMedical[Test with AUTOMATICLOT_IN=false, AUTOMATICLOT_OUT=true, AUTOMATICLOTWARD_TOWARD=true]" classname="org.isf.medicalstock.test.Tests" time="0.023">
    <system-out><![CDATA[[05/jul/2024 13:43:32] [:] INFO - Began transaction (1) for test context [DefaultTestContext@329af9b1 testClass = Tests, testInstance = org.isf.medicalstock.test.Tests@1840f60a, testMethod = testIoGetLotsByMedical@Tests, testException = [null], mergedContextConfiguration = [MergedContextConfiguration@7535554e testClass = Tests, locations = '{classpath:applicationContext.xml, classpath:applicationContext.xml}', classes = '{}', contextInitializerClasses = '[]', activeProfiles = '{}', propertySourceLocations = '{}', propertySourceProperties = '{}', contextCustomizers = set[org.springframework.boot.test.context.filter.ExcludeFilterContextCustomizer@255b53dc, org.springframework.boot.test.json.DuplicateJsonObjectContextCustomizerFactory$DuplicateJsonObjectContextCustomizer@64d2d351, org.springframework.boot.test.mock.mockito.MockitoContextCustomizer@0, org.springframework.boot.test.autoconfigure.properties.PropertyMappingContextCustomizer@0, org.springframework.boot.test.autoconfigure.web.servlet.WebDriverContextCustomizerFactory$Customizer@52aa2946], contextLoader = 'org.springframework.test.context.support.DelegatingSmartContextLoader', parent = [null]]]; transaction manager [org.springframework.orm.jpa.JpaTransactionManager@4ece2750]; rollback [true]
[05/jul/2024 13:43:32] [:] INFO - Rolled back transaction for test: [DefaultTestContext@329af9b1 testClass = Tests, testInstance = org.isf.medicalstock.test.Tests@1840f60a, testMethod = testIoGetLotsByMedical@Tests, testException = [null], mergedContextConfiguration = [MergedContextConfiguration@7535554e testClass = Tests, locations = '{classpath:applicationContext.xml, classpath:applicationContext.xml}', classes = '{}', contextInitializerClasses = '[]', activeProfiles = '{}', propertySourceLocations = '{}', propertySourceProperties = '{}', contextCustomizers = set[org.springframework.boot.test.context.filter.ExcludeFilterContextCustomizer@255b53dc, org.springframework.boot.test.json.DuplicateJsonObjectContextCustomizerFactory$DuplicateJsonObjectContextCustomizer@64d2d351, org.springframework.boot.test.mock.mockito.MockitoContextCustomizer@0, org.springframework.boot.test.autoconfigure.properties.PropertyMappingContextCustomizer@0, org.springframework.boot.test.autoconfigure.web.servlet.WebDriverContextCustomizerFactory$Customizer@52aa2946], contextLoader = 'org.springframework.test.context.support.DelegatingSmartContextLoader', parent = [null]]]
]]></system-out>
  </testcase>
  <testcase name="testIoNewAutomaticDischargingMovement[Test with AUTOMATICLOT_IN=false, AUTOMATICLOT_OUT=true, AUTOMATICLOTWARD_TOWARD=true]" classname="org.isf.medicalstock.test.Tests" time="0.03">
    <system-out><![CDATA[[05/jul/2024 13:43:32] [:] INFO - Began transaction (1) for test context [DefaultTestContext@329af9b1 testClass = Tests, testInstance = org.isf.medicalstock.test.Tests@64d4ece, testMethod = testIoNewAutomaticDischargingMovement@Tests, testException = [null], mergedContextConfiguration = [MergedContextConfiguration@7535554e testClass = Tests, locations = '{classpath:applicationContext.xml, classpath:applicationContext.xml}', classes = '{}', contextInitializerClasses = '[]', activeProfiles = '{}', propertySourceLocations = '{}', propertySourceProperties = '{}', contextCustomizers = set[org.springframework.boot.test.context.filter.ExcludeFilterContextCustomizer@255b53dc, org.springframework.boot.test.json.DuplicateJsonObjectContextCustomizerFactory$DuplicateJsonObjectContextCustomizer@64d2d351, org.springframework.boot.test.mock.mockito.MockitoContextCustomizer@0, org.springframework.boot.test.autoconfigure.properties.PropertyMappingContextCustomizer@0, org.springframework.boot.test.autoconfigure.web.servlet.WebDriverContextCustomizerFactory$Customizer@52aa2946], contextLoader = 'org.springframework.test.context.support.DelegatingSmartContextLoader', parent = [null]]]; transaction manager [org.springframework.orm.jpa.JpaTransactionManager@4ece2750]; rollback [true]
[05/jul/2024 13:43:32] [:] INFO - Rolled back transaction for test: [DefaultTestContext@329af9b1 testClass = Tests, testInstance = org.isf.medicalstock.test.Tests@64d4ece, testMethod = testIoNewAutomaticDischargingMovement@Tests, testException = [null], mergedContextConfiguration = [MergedContextConfiguration@7535554e testClass = Tests, locations = '{classpath:applicationContext.xml, classpath:applicationContext.xml}', classes = '{}', contextInitializerClasses = '[]', activeProfiles = '{}', propertySourceLocations = '{}', propertySourceProperties = '{}', contextCustomizers = set[org.springframework.boot.test.context.filter.ExcludeFilterContextCustomizer@255b53dc, org.springframework.boot.test.json.DuplicateJsonObjectContextCustomizerFactory$DuplicateJsonObjectContextCustomizer@64d2d351, org.springframework.boot.test.mock.mockito.MockitoContextCustomizer@0, org.springframework.boot.test.autoconfigure.properties.PropertyMappingContextCustomizer@0, org.springframework.boot.test.autoconfigure.web.servlet.WebDriverContextCustomizerFactory$Customizer@52aa2946], contextLoader = 'org.springframework.test.context.support.DelegatingSmartContextLoader', parent = [null]]]
]]></system-out>
  </testcase>
  <testcase name="testIoGetMovementForPrintTypeOrder[Test with AUTOMATICLOT_IN=false, AUTOMATICLOT_OUT=true, AUTOMATICLOTWARD_TOWARD=true]" classname="org.isf.medicalstock.test.Tests" time="0.026">
    <system-out><![CDATA[[05/jul/2024 13:43:32] [:] INFO - Began transaction (1) for test context [DefaultTestContext@329af9b1 testClass = Tests, testInstance = org.isf.medicalstock.test.Tests@43f6bbe8, testMethod = testIoGetMovementForPrintTypeOrder@Tests, testException = [null], mergedContextConfiguration = [MergedContextConfiguration@7535554e testClass = Tests, locations = '{classpath:applicationContext.xml, classpath:applicationContext.xml}', classes = '{}', contextInitializerClasses = '[]', activeProfiles = '{}', propertySourceLocations = '{}', propertySourceProperties = '{}', contextCustomizers = set[org.springframework.boot.test.context.filter.ExcludeFilterContextCustomizer@255b53dc, org.springframework.boot.test.json.DuplicateJsonObjectContextCustomizerFactory$DuplicateJsonObjectContextCustomizer@64d2d351, org.springframework.boot.test.mock.mockito.MockitoContextCustomizer@0, org.springframework.boot.test.autoconfigure.properties.PropertyMappingContextCustomizer@0, org.springframework.boot.test.autoconfigure.web.servlet.WebDriverContextCustomizerFactory$Customizer@52aa2946], contextLoader = 'org.springframework.test.context.support.DelegatingSmartContextLoader', parent = [null]]]; transaction manager [org.springframework.orm.jpa.JpaTransactionManager@4ece2750]; rollback [true]
[05/jul/2024 13:43:32] [:] INFO - Rolled back transaction for test: [DefaultTestContext@329af9b1 testClass = Tests, testInstance = org.isf.medicalstock.test.Tests@43f6bbe8, testMethod = testIoGetMovementForPrintTypeOrder@Tests, testException = [null], mergedContextConfiguration = [MergedContextConfiguration@7535554e testClass = Tests, locations = '{classpath:applicationContext.xml, classpath:applicationContext.xml}', classes = '{}', contextInitializerClasses = '[]', activeProfiles = '{}', propertySourceLocations = '{}', propertySourceProperties = '{}', contextCustomizers = set[org.springframework.boot.test.context.filter.ExcludeFilterContextCustomizer@255b53dc, org.springframework.boot.test.json.DuplicateJsonObjectContextCustomizerFactory$DuplicateJsonObjectContextCustomizer@64d2d351, org.springframework.boot.test.mock.mockito.MockitoContextCustomizer@0, org.springframework.boot.test.autoconfigure.properties.PropertyMappingContextCustomizer@0, org.springframework.boot.test.autoconfigure.web.servlet.WebDriverContextCustomizerFactory$Customizer@52aa2946], contextLoader = 'org.springframework.test.context.support.DelegatingSmartContextLoader', parent = [null]]]
]]></system-out>
  </testcase>
  <testcase name="testMgrValidateLotPrepationDateNull[Test with AUTOMATICLOT_IN=false, AUTOMATICLOT_OUT=true, AUTOMATICLOTWARD_TOWARD=true]" classname="org.isf.medicalstock.test.Tests" time="0.026">
    <system-out><![CDATA[[05/jul/2024 13:43:32] [:] INFO - Began transaction (1) for test context [DefaultTestContext@329af9b1 testClass = Tests, testInstance = org.isf.medicalstock.test.Tests@2169bce6, testMethod = testMgrValidateLotPrepationDateNull@Tests, testException = [null], mergedContextConfiguration = [MergedContextConfiguration@7535554e testClass = Tests, locations = '{classpath:applicationContext.xml, classpath:applicationContext.xml}', classes = '{}', contextInitializerClasses = '[]', activeProfiles = '{}', propertySourceLocations = '{}', propertySourceProperties = '{}', contextCustomizers = set[org.springframework.boot.test.context.filter.ExcludeFilterContextCustomizer@255b53dc, org.springframework.boot.test.json.DuplicateJsonObjectContextCustomizerFactory$DuplicateJsonObjectContextCustomizer@64d2d351, org.springframework.boot.test.mock.mockito.MockitoContextCustomizer@0, org.springframework.boot.test.autoconfigure.properties.PropertyMappingContextCustomizer@0, org.springframework.boot.test.autoconfigure.web.servlet.WebDriverContextCustomizerFactory$Customizer@52aa2946], contextLoader = 'org.springframework.test.context.support.DelegatingSmartContextLoader', parent = [null]]]; transaction manager [org.springframework.orm.jpa.JpaTransactionManager@4ece2750]; rollback [true]
[05/jul/2024 13:43:32] [:] INFO - Rolled back transaction for test: [DefaultTestContext@329af9b1 testClass = Tests, testInstance = org.isf.medicalstock.test.Tests@2169bce6, testMethod = testMgrValidateLotPrepationDateNull@Tests, testException = [null], mergedContextConfiguration = [MergedContextConfiguration@7535554e testClass = Tests, locations = '{classpath:applicationContext.xml, classpath:applicationContext.xml}', classes = '{}', contextInitializerClasses = '[]', activeProfiles = '{}', propertySourceLocations = '{}', propertySourceProperties = '{}', contextCustomizers = set[org.springframework.boot.test.context.filter.ExcludeFilterContextCustomizer@255b53dc, org.springframework.boot.test.json.DuplicateJsonObjectContextCustomizerFactory$DuplicateJsonObjectContextCustomizer@64d2d351, org.springframework.boot.test.mock.mockito.MockitoContextCustomizer@0, org.springframework.boot.test.autoconfigure.properties.PropertyMappingContextCustomizer@0, org.springframework.boot.test.autoconfigure.web.servlet.WebDriverContextCustomizerFactory$Customizer@52aa2946], contextLoader = 'org.springframework.test.context.support.DelegatingSmartContextLoader', parent = [null]]]
]]></system-out>
  </testcase>
  <testcase name="testIoNewMovementAutomaticLotMode[Test with AUTOMATICLOT_IN=false, AUTOMATICLOT_OUT=true, AUTOMATICLOTWARD_TOWARD=true]" classname="org.isf.medicalstock.test.Tests" time="0.028">
    <system-out><![CDATA[[05/jul/2024 13:43:32] [:] INFO - Began transaction (1) for test context [DefaultTestContext@329af9b1 testClass = Tests, testInstance = org.isf.medicalstock.test.Tests@4f0f004b, testMethod = testIoNewMovementAutomaticLotMode@Tests, testException = [null], mergedContextConfiguration = [MergedContextConfiguration@7535554e testClass = Tests, locations = '{classpath:applicationContext.xml, classpath:applicationContext.xml}', classes = '{}', contextInitializerClasses = '[]', activeProfiles = '{}', propertySourceLocations = '{}', propertySourceProperties = '{}', contextCustomizers = set[org.springframework.boot.test.context.filter.ExcludeFilterContextCustomizer@255b53dc, org.springframework.boot.test.json.DuplicateJsonObjectContextCustomizerFactory$DuplicateJsonObjectContextCustomizer@64d2d351, org.springframework.boot.test.mock.mockito.MockitoContextCustomizer@0, org.springframework.boot.test.autoconfigure.properties.PropertyMappingContextCustomizer@0, org.springframework.boot.test.autoconfigure.web.servlet.WebDriverContextCustomizerFactory$Customizer@52aa2946], contextLoader = 'org.springframework.test.context.support.DelegatingSmartContextLoader', parent = [null]]]; transaction manager [org.springframework.orm.jpa.JpaTransactionManager@4ece2750]; rollback [true]
[05/jul/2024 13:43:32] [:] INFO - Rolled back transaction for test: [DefaultTestContext@329af9b1 testClass = Tests, testInstance = org.isf.medicalstock.test.Tests@4f0f004b, testMethod = testIoNewMovementAutomaticLotMode@Tests, testException = [null], mergedContextConfiguration = [MergedContextConfiguration@7535554e testClass = Tests, locations = '{classpath:applicationContext.xml, classpath:applicationContext.xml}', classes = '{}', contextInitializerClasses = '[]', activeProfiles = '{}', propertySourceLocations = '{}', propertySourceProperties = '{}', contextCustomizers = set[org.springframework.boot.test.context.filter.ExcludeFilterContextCustomizer@255b53dc, org.springframework.boot.test.json.DuplicateJsonObjectContextCustomizerFactory$DuplicateJsonObjectContextCustomizer@64d2d351, org.springframework.boot.test.mock.mockito.MockitoContextCustomizer@0, org.springframework.boot.test.autoconfigure.properties.PropertyMappingContextCustomizer@0, org.springframework.boot.test.autoconfigure.web.servlet.WebDriverContextCustomizerFactory$Customizer@52aa2946], contextLoader = 'org.springframework.test.context.support.DelegatingSmartContextLoader', parent = [null]]]
]]></system-out>
  </testcase>
  <testcase name="testMgrStoreLot[Test with AUTOMATICLOT_IN=false, AUTOMATICLOT_OUT=true, AUTOMATICLOTWARD_TOWARD=true]" classname="org.isf.medicalstock.test.Tests" time="0.013">
    <system-out><![CDATA[[05/jul/2024 13:43:32] [:] INFO - Began transaction (1) for test context [DefaultTestContext@329af9b1 testClass = Tests, testInstance = org.isf.medicalstock.test.Tests@6119c6c2, testMethod = testMgrStoreLot@Tests, testException = [null], mergedContextConfiguration = [MergedContextConfiguration@7535554e testClass = Tests, locations = '{classpath:applicationContext.xml, classpath:applicationContext.xml}', classes = '{}', contextInitializerClasses = '[]', activeProfiles = '{}', propertySourceLocations = '{}', propertySourceProperties = '{}', contextCustomizers = set[org.springframework.boot.test.context.filter.ExcludeFilterContextCustomizer@255b53dc, org.springframework.boot.test.json.DuplicateJsonObjectContextCustomizerFactory$DuplicateJsonObjectContextCustomizer@64d2d351, org.springframework.boot.test.mock.mockito.MockitoContextCustomizer@0, org.springframework.boot.test.autoconfigure.properties.PropertyMappingContextCustomizer@0, org.springframework.boot.test.autoconfigure.web.servlet.WebDriverContextCustomizerFactory$Customizer@52aa2946], contextLoader = 'org.springframework.test.context.support.DelegatingSmartContextLoader', parent = [null]]]; transaction manager [org.springframework.orm.jpa.JpaTransactionManager@4ece2750]; rollback [true]
[05/jul/2024 13:43:32] [:] INFO - Rolled back transaction for test: [DefaultTestContext@329af9b1 testClass = Tests, testInstance = org.isf.medicalstock.test.Tests@6119c6c2, testMethod = testMgrStoreLot@Tests, testException = [null], mergedContextConfiguration = [MergedContextConfiguration@7535554e testClass = Tests, locations = '{classpath:applicationContext.xml, classpath:applicationContext.xml}', classes = '{}', contextInitializerClasses = '[]', activeProfiles = '{}', propertySourceLocations = '{}', propertySourceProperties = '{}', contextCustomizers = set[org.springframework.boot.test.context.filter.ExcludeFilterContextCustomizer@255b53dc, org.springframework.boot.test.json.DuplicateJsonObjectContextCustomizerFactory$DuplicateJsonObjectContextCustomizer@64d2d351, org.springframework.boot.test.mock.mockito.MockitoContextCustomizer@0, org.springframework.boot.test.autoconfigure.properties.PropertyMappingContextCustomizer@0, org.springframework.boot.test.autoconfigure.web.servlet.WebDriverContextCustomizerFactory$Customizer@52aa2946], contextLoader = 'org.springframework.test.context.support.DelegatingSmartContextLoader', parent = [null]]]
]]></system-out>
  </testcase>
  <testcase name="testLotGets[Test with AUTOMATICLOT_IN=false, AUTOMATICLOT_OUT=true, AUTOMATICLOTWARD_TOWARD=true]" classname="org.isf.medicalstock.test.Tests" time="0.019">
    <system-out><![CDATA[[05/jul/2024 13:43:32] [:] INFO - Began transaction (1) for test context [DefaultTestContext@329af9b1 testClass = Tests, testInstance = org.isf.medicalstock.test.Tests@667e96e4, testMethod = testLotGets@Tests, testException = [null], mergedContextConfiguration = [MergedContextConfiguration@7535554e testClass = Tests, locations = '{classpath:applicationContext.xml, classpath:applicationContext.xml}', classes = '{}', contextInitializerClasses = '[]', activeProfiles = '{}', propertySourceLocations = '{}', propertySourceProperties = '{}', contextCustomizers = set[org.springframework.boot.test.context.filter.ExcludeFilterContextCustomizer@255b53dc, org.springframework.boot.test.json.DuplicateJsonObjectContextCustomizerFactory$DuplicateJsonObjectContextCustomizer@64d2d351, org.springframework.boot.test.mock.mockito.MockitoContextCustomizer@0, org.springframework.boot.test.autoconfigure.properties.PropertyMappingContextCustomizer@0, org.springframework.boot.test.autoconfigure.web.servlet.WebDriverContextCustomizerFactory$Customizer@52aa2946], contextLoader = 'org.springframework.test.context.support.DelegatingSmartContextLoader', parent = [null]]]; transaction manager [org.springframework.orm.jpa.JpaTransactionManager@4ece2750]; rollback [true]
[05/jul/2024 13:43:32] [:] INFO - Rolled back transaction for test: [DefaultTestContext@329af9b1 testClass = Tests, testInstance = org.isf.medicalstock.test.Tests@667e96e4, testMethod = testLotGets@Tests, testException = [null], mergedContextConfiguration = [MergedContextConfiguration@7535554e testClass = Tests, locations = '{classpath:applicationContext.xml, classpath:applicationContext.xml}', classes = '{}', contextInitializerClasses = '[]', activeProfiles = '{}', propertySourceLocations = '{}', propertySourceProperties = '{}', contextCustomizers = set[org.springframework.boot.test.context.filter.ExcludeFilterContextCustomizer@255b53dc, org.springframework.boot.test.json.DuplicateJsonObjectContextCustomizerFactory$DuplicateJsonObjectContextCustomizer@64d2d351, org.springframework.boot.test.mock.mockito.MockitoContextCustomizer@0, org.springframework.boot.test.autoconfigure.properties.PropertyMappingContextCustomizer@0, org.springframework.boot.test.autoconfigure.web.servlet.WebDriverContextCustomizerFactory$Customizer@52aa2946], contextLoader = 'org.springframework.test.context.support.DelegatingSmartContextLoader', parent = [null]]]
]]></system-out>
  </testcase>
  <testcase name="testLotSets[Test with AUTOMATICLOT_IN=false, AUTOMATICLOT_OUT=true, AUTOMATICLOTWARD_TOWARD=true]" classname="org.isf.medicalstock.test.Tests" time="0.015">
    <system-out><![CDATA[[05/jul/2024 13:43:32] [:] INFO - Began transaction (1) for test context [DefaultTestContext@329af9b1 testClass = Tests, testInstance = org.isf.medicalstock.test.Tests@7409d302, testMethod = testLotSets@Tests, testException = [null], mergedContextConfiguration = [MergedContextConfiguration@7535554e testClass = Tests, locations = '{classpath:applicationContext.xml, classpath:applicationContext.xml}', classes = '{}', contextInitializerClasses = '[]', activeProfiles = '{}', propertySourceLocations = '{}', propertySourceProperties = '{}', contextCustomizers = set[org.springframework.boot.test.context.filter.ExcludeFilterContextCustomizer@255b53dc, org.springframework.boot.test.json.DuplicateJsonObjectContextCustomizerFactory$DuplicateJsonObjectContextCustomizer@64d2d351, org.springframework.boot.test.mock.mockito.MockitoContextCustomizer@0, org.springframework.boot.test.autoconfigure.properties.PropertyMappingContextCustomizer@0, org.springframework.boot.test.autoconfigure.web.servlet.WebDriverContextCustomizerFactory$Customizer@52aa2946], contextLoader = 'org.springframework.test.context.support.DelegatingSmartContextLoader', parent = [null]]]; transaction manager [org.springframework.orm.jpa.JpaTransactionManager@4ece2750]; rollback [true]
[05/jul/2024 13:43:32] [:] INFO - Rolled back transaction for test: [DefaultTestContext@329af9b1 testClass = Tests, testInstance = org.isf.medicalstock.test.Tests@7409d302, testMethod = testLotSets@Tests, testException = [null], mergedContextConfiguration = [MergedContextConfiguration@7535554e testClass = Tests, locations = '{classpath:applicationContext.xml, classpath:applicationContext.xml}', classes = '{}', contextInitializerClasses = '[]', activeProfiles = '{}', propertySourceLocations = '{}', propertySourceProperties = '{}', contextCustomizers = set[org.springframework.boot.test.context.filter.ExcludeFilterContextCustomizer@255b53dc, org.springframework.boot.test.json.DuplicateJsonObjectContextCustomizerFactory$DuplicateJsonObjectContextCustomizer@64d2d351, org.springframework.boot.test.mock.mockito.MockitoContextCustomizer@0, org.springframework.boot.test.autoconfigure.properties.PropertyMappingContextCustomizer@0, org.springframework.boot.test.autoconfigure.web.servlet.WebDriverContextCustomizerFactory$Customizer@52aa2946], contextLoader = 'org.springframework.test.context.support.DelegatingSmartContextLoader', parent = [null]]]
]]></system-out>
  </testcase>
  <testcase name="testMgrPrepareDischargingMovementBadRefNumber[Test with AUTOMATICLOT_IN=false, AUTOMATICLOT_OUT=true, AUTOMATICLOTWARD_TOWARD=true]" classname="org.isf.medicalstock.test.Tests" time="0.029">
    <system-out><![CDATA[[05/jul/2024 13:43:32] [:] INFO - Began transaction (1) for test context [DefaultTestContext@329af9b1 testClass = Tests, testInstance = org.isf.medicalstock.test.Tests@5a0fa989, testMethod = testMgrPrepareDischargingMovementBadRefNumber@Tests, testException = [null], mergedContextConfiguration = [MergedContextConfiguration@7535554e testClass = Tests, locations = '{classpath:applicationContext.xml, classpath:applicationContext.xml}', classes = '{}', contextInitializerClasses = '[]', activeProfiles = '{}', propertySourceLocations = '{}', propertySourceProperties = '{}', contextCustomizers = set[org.springframework.boot.test.context.filter.ExcludeFilterContextCustomizer@255b53dc, org.springframework.boot.test.json.DuplicateJsonObjectContextCustomizerFactory$DuplicateJsonObjectContextCustomizer@64d2d351, org.springframework.boot.test.mock.mockito.MockitoContextCustomizer@0, org.springframework.boot.test.autoconfigure.properties.PropertyMappingContextCustomizer@0, org.springframework.boot.test.autoconfigure.web.servlet.WebDriverContextCustomizerFactory$Customizer@52aa2946], contextLoader = 'org.springframework.test.context.support.DelegatingSmartContextLoader', parent = [null]]]; transaction manager [org.springframework.orm.jpa.JpaTransactionManager@4ece2750]; rollback [true]
[05/jul/2024 13:43:32] [:] INFO - Rolled back transaction for test: [DefaultTestContext@329af9b1 testClass = Tests, testInstance = org.isf.medicalstock.test.Tests@5a0fa989, testMethod = testMgrPrepareDischargingMovementBadRefNumber@Tests, testException = [null], mergedContextConfiguration = [MergedContextConfiguration@7535554e testClass = Tests, locations = '{classpath:applicationContext.xml, classpath:applicationContext.xml}', classes = '{}', contextInitializerClasses = '[]', activeProfiles = '{}', propertySourceLocations = '{}', propertySourceProperties = '{}', contextCustomizers = set[org.springframework.boot.test.context.filter.ExcludeFilterContextCustomizer@255b53dc, org.springframework.boot.test.json.DuplicateJsonObjectContextCustomizerFactory$DuplicateJsonObjectContextCustomizer@64d2d351, org.springframework.boot.test.mock.mockito.MockitoContextCustomizer@0, org.springframework.boot.test.autoconfigure.properties.PropertyMappingContextCustomizer@0, org.springframework.boot.test.autoconfigure.web.servlet.WebDriverContextCustomizerFactory$Customizer@52aa2946], contextLoader = 'org.springframework.test.context.support.DelegatingSmartContextLoader', parent = [null]]]
]]></system-out>
  </testcase>
  <testcase name="testMgrValidateQuantityZero[Test with AUTOMATICLOT_IN=false, AUTOMATICLOT_OUT=true, AUTOMATICLOTWARD_TOWARD=true]" classname="org.isf.medicalstock.test.Tests" time="0.02">
    <system-out><![CDATA[[05/jul/2024 13:43:32] [:] INFO - Began transaction (1) for test context [DefaultTestContext@329af9b1 testClass = Tests, testInstance = org.isf.medicalstock.test.Tests@7d2ec176, testMethod = testMgrValidateQuantityZero@Tests, testException = [null], mergedContextConfiguration = [MergedContextConfiguration@7535554e testClass = Tests, locations = '{classpath:applicationContext.xml, classpath:applicationContext.xml}', classes = '{}', contextInitializerClasses = '[]', activeProfiles = '{}', propertySourceLocations = '{}', propertySourceProperties = '{}', contextCustomizers = set[org.springframework.boot.test.context.filter.ExcludeFilterContextCustomizer@255b53dc, org.springframework.boot.test.json.DuplicateJsonObjectContextCustomizerFactory$DuplicateJsonObjectContextCustomizer@64d2d351, org.springframework.boot.test.mock.mockito.MockitoContextCustomizer@0, org.springframework.boot.test.autoconfigure.properties.PropertyMappingContextCustomizer@0, org.springframework.boot.test.autoconfigure.web.servlet.WebDriverContextCustomizerFactory$Customizer@52aa2946], contextLoader = 'org.springframework.test.context.support.DelegatingSmartContextLoader', parent = [null]]]; transaction manager [org.springframework.orm.jpa.JpaTransactionManager@4ece2750]; rollback [true]
[05/jul/2024 13:43:32] [:] INFO - Rolled back transaction for test: [DefaultTestContext@329af9b1 testClass = Tests, testInstance = org.isf.medicalstock.test.Tests@7d2ec176, testMethod = testMgrValidateQuantityZero@Tests, testException = [null], mergedContextConfiguration = [MergedContextConfiguration@7535554e testClass = Tests, locations = '{classpath:applicationContext.xml, classpath:applicationContext.xml}', classes = '{}', contextInitializerClasses = '[]', activeProfiles = '{}', propertySourceLocations = '{}', propertySourceProperties = '{}', contextCustomizers = set[org.springframework.boot.test.context.filter.ExcludeFilterContextCustomizer@255b53dc, org.springframework.boot.test.json.DuplicateJsonObjectContextCustomizerFactory$DuplicateJsonObjectContextCustomizer@64d2d351, org.springframework.boot.test.mock.mockito.MockitoContextCustomizer@0, org.springframework.boot.test.autoconfigure.properties.PropertyMappingContextCustomizer@0, org.springframework.boot.test.autoconfigure.web.servlet.WebDriverContextCustomizerFactory$Customizer@52aa2946], contextLoader = 'org.springframework.test.context.support.DelegatingSmartContextLoader', parent = [null]]]
]]></system-out>
  </testcase>
  <testcase name="testMgrGetLastMovementDate[Test with AUTOMATICLOT_IN=false, AUTOMATICLOT_OUT=true, AUTOMATICLOTWARD_TOWARD=true]" classname="org.isf.medicalstock.test.Tests" time="0.021">
    <system-out><![CDATA[[05/jul/2024 13:43:32] [:] INFO - Began transaction (1) for test context [DefaultTestContext@329af9b1 testClass = Tests, testInstance = org.isf.medicalstock.test.Tests@430e1c, testMethod = testMgrGetLastMovementDate@Tests, testException = [null], mergedContextConfiguration = [MergedContextConfiguration@7535554e testClass = Tests, locations = '{classpath:applicationContext.xml, classpath:applicationContext.xml}', classes = '{}', contextInitializerClasses = '[]', activeProfiles = '{}', propertySourceLocations = '{}', propertySourceProperties = '{}', contextCustomizers = set[org.springframework.boot.test.context.filter.ExcludeFilterContextCustomizer@255b53dc, org.springframework.boot.test.json.DuplicateJsonObjectContextCustomizerFactory$DuplicateJsonObjectContextCustomizer@64d2d351, org.springframework.boot.test.mock.mockito.MockitoContextCustomizer@0, org.springframework.boot.test.autoconfigure.properties.PropertyMappingContextCustomizer@0, org.springframework.boot.test.autoconfigure.web.servlet.WebDriverContextCustomizerFactory$Customizer@52aa2946], contextLoader = 'org.springframework.test.context.support.DelegatingSmartContextLoader', parent = [null]]]; transaction manager [org.springframework.orm.jpa.JpaTransactionManager@4ece2750]; rollback [true]
[05/jul/2024 13:43:32] [:] INFO - Rolled back transaction for test: [DefaultTestContext@329af9b1 testClass = Tests, testInstance = org.isf.medicalstock.test.Tests@430e1c, testMethod = testMgrGetLastMovementDate@Tests, testException = [null], mergedContextConfiguration = [MergedContextConfiguration@7535554e testClass = Tests, locations = '{classpath:applicationContext.xml, classpath:applicationContext.xml}', classes = '{}', contextInitializerClasses = '[]', activeProfiles = '{}', propertySourceLocations = '{}', propertySourceProperties = '{}', contextCustomizers = set[org.springframework.boot.test.context.filter.ExcludeFilterContextCustomizer@255b53dc, org.springframework.boot.test.json.DuplicateJsonObjectContextCustomizerFactory$DuplicateJsonObjectContextCustomizer@64d2d351, org.springframework.boot.test.mock.mockito.MockitoContextCustomizer@0, org.springframework.boot.test.autoconfigure.properties.PropertyMappingContextCustomizer@0, org.springframework.boot.test.autoconfigure.web.servlet.WebDriverContextCustomizerFactory$Customizer@52aa2946], contextLoader = 'org.springframework.test.context.support.DelegatingSmartContextLoader', parent = [null]]]
]]></system-out>
  </testcase>
  <testcase name="testMovementGets[Test with AUTOMATICLOT_IN=false, AUTOMATICLOT_OUT=true, AUTOMATICLOTWARD_TOWARD=true]" classname="org.isf.medicalstock.test.Tests" time="0.017">
    <system-out><![CDATA[[05/jul/2024 13:43:32] [:] INFO - Began transaction (1) for test context [DefaultTestContext@329af9b1 testClass = Tests, testInstance = org.isf.medicalstock.test.Tests@b770bce, testMethod = testMovementGets@Tests, testException = [null], mergedContextConfiguration = [MergedContextConfiguration@7535554e testClass = Tests, locations = '{classpath:applicationContext.xml, classpath:applicationContext.xml}', classes = '{}', contextInitializerClasses = '[]', activeProfiles = '{}', propertySourceLocations = '{}', propertySourceProperties = '{}', contextCustomizers = set[org.springframework.boot.test.context.filter.ExcludeFilterContextCustomizer@255b53dc, org.springframework.boot.test.json.DuplicateJsonObjectContextCustomizerFactory$DuplicateJsonObjectContextCustomizer@64d2d351, org.springframework.boot.test.mock.mockito.MockitoContextCustomizer@0, org.springframework.boot.test.autoconfigure.properties.PropertyMappingContextCustomizer@0, org.springframework.boot.test.autoconfigure.web.servlet.WebDriverContextCustomizerFactory$Customizer@52aa2946], contextLoader = 'org.springframework.test.context.support.DelegatingSmartContextLoader', parent = [null]]]; transaction manager [org.springframework.orm.jpa.JpaTransactionManager@4ece2750]; rollback [true]
[05/jul/2024 13:43:32] [:] INFO - Rolled back transaction for test: [DefaultTestContext@329af9b1 testClass = Tests, testInstance = org.isf.medicalstock.test.Tests@b770bce, testMethod = testMovementGets@Tests, testException = [null], mergedContextConfiguration = [MergedContextConfiguration@7535554e testClass = Tests, locations = '{classpath:applicationContext.xml, classpath:applicationContext.xml}', classes = '{}', contextInitializerClasses = '[]', activeProfiles = '{}', propertySourceLocations = '{}', propertySourceProperties = '{}', contextCustomizers = set[org.springframework.boot.test.context.filter.ExcludeFilterContextCustomizer@255b53dc, org.springframework.boot.test.json.DuplicateJsonObjectContextCustomizerFactory$DuplicateJsonObjectContextCustomizer@64d2d351, org.springframework.boot.test.mock.mockito.MockitoContextCustomizer@0, org.springframework.boot.test.autoconfigure.properties.PropertyMappingContextCustomizer@0, org.springframework.boot.test.autoconfigure.web.servlet.WebDriverContextCustomizerFactory$Customizer@52aa2946], contextLoader = 'org.springframework.test.context.support.DelegatingSmartContextLoader', parent = [null]]]
]]></system-out>
  </testcase>
  <testcase name="testMovementSets[Test with AUTOMATICLOT_IN=false, AUTOMATICLOT_OUT=true, AUTOMATICLOTWARD_TOWARD=true]" classname="org.isf.medicalstock.test.Tests" time="0.018">
    <system-out><![CDATA[[05/jul/2024 13:43:32] [:] INFO - Began transaction (1) for test context [DefaultTestContext@329af9b1 testClass = Tests, testInstance = org.isf.medicalstock.test.Tests@25d3e819, testMethod = testMovementSets@Tests, testException = [null], mergedContextConfiguration = [MergedContextConfiguration@7535554e testClass = Tests, locations = '{classpath:applicationContext.xml, classpath:applicationContext.xml}', classes = '{}', contextInitializerClasses = '[]', activeProfiles = '{}', propertySourceLocations = '{}', propertySourceProperties = '{}', contextCustomizers = set[org.springframework.boot.test.context.filter.ExcludeFilterContextCustomizer@255b53dc, org.springframework.boot.test.json.DuplicateJsonObjectContextCustomizerFactory$DuplicateJsonObjectContextCustomizer@64d2d351, org.springframework.boot.test.mock.mockito.MockitoContextCustomizer@0, org.springframework.boot.test.autoconfigure.properties.PropertyMappingContextCustomizer@0, org.springframework.boot.test.autoconfigure.web.servlet.WebDriverContextCustomizerFactory$Customizer@52aa2946], contextLoader = 'org.springframework.test.context.support.DelegatingSmartContextLoader', parent = [null]]]; transaction manager [org.springframework.orm.jpa.JpaTransactionManager@4ece2750]; rollback [true]
[05/jul/2024 13:43:32] [:] INFO - Rolled back transaction for test: [DefaultTestContext@329af9b1 testClass = Tests, testInstance = org.isf.medicalstock.test.Tests@25d3e819, testMethod = testMovementSets@Tests, testException = [null], mergedContextConfiguration = [MergedContextConfiguration@7535554e testClass = Tests, locations = '{classpath:applicationContext.xml, classpath:applicationContext.xml}', classes = '{}', contextInitializerClasses = '[]', activeProfiles = '{}', propertySourceLocations = '{}', propertySourceProperties = '{}', contextCustomizers = set[org.springframework.boot.test.context.filter.ExcludeFilterContextCustomizer@255b53dc, org.springframework.boot.test.json.DuplicateJsonObjectContextCustomizerFactory$DuplicateJsonObjectContextCustomizer@64d2d351, org.springframework.boot.test.mock.mockito.MockitoContextCustomizer@0, org.springframework.boot.test.autoconfigure.properties.PropertyMappingContextCustomizer@0, org.springframework.boot.test.autoconfigure.web.servlet.WebDriverContextCustomizerFactory$Customizer@52aa2946], contextLoader = 'org.springframework.test.context.support.DelegatingSmartContextLoader', parent = [null]]]
]]></system-out>
  </testcase>
  <testcase name="testMovementGetOrigin[Test with AUTOMATICLOT_IN=false, AUTOMATICLOT_OUT=true, AUTOMATICLOTWARD_TOWARD=true]" classname="org.isf.medicalstock.test.Tests" time="0.013">
    <system-out><![CDATA[[05/jul/2024 13:43:32] [:] INFO - Began transaction (1) for test context [DefaultTestContext@329af9b1 testClass = Tests, testInstance = org.isf.medicalstock.test.Tests@49563b46, testMethod = testMovementGetOrigin@Tests, testException = [null], mergedContextConfiguration = [MergedContextConfiguration@7535554e testClass = Tests, locations = '{classpath:applicationContext.xml, classpath:applicationContext.xml}', classes = '{}', contextInitializerClasses = '[]', activeProfiles = '{}', propertySourceLocations = '{}', propertySourceProperties = '{}', contextCustomizers = set[org.springframework.boot.test.context.filter.ExcludeFilterContextCustomizer@255b53dc, org.springframework.boot.test.json.DuplicateJsonObjectContextCustomizerFactory$DuplicateJsonObjectContextCustomizer@64d2d351, org.springframework.boot.test.mock.mockito.MockitoContextCustomizer@0, org.springframework.boot.test.autoconfigure.properties.PropertyMappingContextCustomizer@0, org.springframework.boot.test.autoconfigure.web.servlet.WebDriverContextCustomizerFactory$Customizer@52aa2946], contextLoader = 'org.springframework.test.context.support.DelegatingSmartContextLoader', parent = [null]]]; transaction manager [org.springframework.orm.jpa.JpaTransactionManager@4ece2750]; rollback [true]
[05/jul/2024 13:43:32] [:] INFO - Rolled back transaction for test: [DefaultTestContext@329af9b1 testClass = Tests, testInstance = org.isf.medicalstock.test.Tests@49563b46, testMethod = testMovementGetOrigin@Tests, testException = [null], mergedContextConfiguration = [MergedContextConfiguration@7535554e testClass = Tests, locations = '{classpath:applicationContext.xml, classpath:applicationContext.xml}', classes = '{}', contextInitializerClasses = '[]', activeProfiles = '{}', propertySourceLocations = '{}', propertySourceProperties = '{}', contextCustomizers = set[org.springframework.boot.test.context.filter.ExcludeFilterContextCustomizer@255b53dc, org.springframework.boot.test.json.DuplicateJsonObjectContextCustomizerFactory$DuplicateJsonObjectContextCustomizer@64d2d351, org.springframework.boot.test.mock.mockito.MockitoContextCustomizer@0, org.springframework.boot.test.autoconfigure.properties.PropertyMappingContextCustomizer@0, org.springframework.boot.test.autoconfigure.web.servlet.WebDriverContextCustomizerFactory$Customizer@52aa2946], contextLoader = 'org.springframework.test.context.support.DelegatingSmartContextLoader', parent = [null]]]
]]></system-out>
  </testcase>
  <testcase name="testIoGetMovements[Test with AUTOMATICLOT_IN=false, AUTOMATICLOT_OUT=true, AUTOMATICLOTWARD_TOWARD=true]" classname="org.isf.medicalstock.test.Tests" time="0.023">
    <system-out><![CDATA[[05/jul/2024 13:43:32] [:] INFO - Began transaction (1) for test context [DefaultTestContext@329af9b1 testClass = Tests, testInstance = org.isf.medicalstock.test.Tests@4e271a09, testMethod = testIoGetMovements@Tests, testException = [null], mergedContextConfiguration = [MergedContextConfiguration@7535554e testClass = Tests, locations = '{classpath:applicationContext.xml, classpath:applicationContext.xml}', classes = '{}', contextInitializerClasses = '[]', activeProfiles = '{}', propertySourceLocations = '{}', propertySourceProperties = '{}', contextCustomizers = set[org.springframework.boot.test.context.filter.ExcludeFilterContextCustomizer@255b53dc, org.springframework.boot.test.json.DuplicateJsonObjectContextCustomizerFactory$DuplicateJsonObjectContextCustomizer@64d2d351, org.springframework.boot.test.mock.mockito.MockitoContextCustomizer@0, org.springframework.boot.test.autoconfigure.properties.PropertyMappingContextCustomizer@0, org.springframework.boot.test.autoconfigure.web.servlet.WebDriverContextCustomizerFactory$Customizer@52aa2946], contextLoader = 'org.springframework.test.context.support.DelegatingSmartContextLoader', parent = [null]]]; transaction manager [org.springframework.orm.jpa.JpaTransactionManager@4ece2750]; rollback [true]
[05/jul/2024 13:43:32] [:] INFO - Rolled back transaction for test: [DefaultTestContext@329af9b1 testClass = Tests, testInstance = org.isf.medicalstock.test.Tests@4e271a09, testMethod = testIoGetMovements@Tests, testException = [null], mergedContextConfiguration = [MergedContextConfiguration@7535554e testClass = Tests, locations = '{classpath:applicationContext.xml, classpath:applicationContext.xml}', classes = '{}', contextInitializerClasses = '[]', activeProfiles = '{}', propertySourceLocations = '{}', propertySourceProperties = '{}', contextCustomizers = set[org.springframework.boot.test.context.filter.ExcludeFilterContextCustomizer@255b53dc, org.springframework.boot.test.json.DuplicateJsonObjectContextCustomizerFactory$DuplicateJsonObjectContextCustomizer@64d2d351, org.springframework.boot.test.mock.mockito.MockitoContextCustomizer@0, org.springframework.boot.test.autoconfigure.properties.PropertyMappingContextCustomizer@0, org.springframework.boot.test.autoconfigure.web.servlet.WebDriverContextCustomizerFactory$Customizer@52aa2946], contextLoader = 'org.springframework.test.context.support.DelegatingSmartContextLoader', parent = [null]]]
]]></system-out>
  </testcase>
  <testcase name="testIoPrepareChargingMovement[Test with AUTOMATICLOT_IN=false, AUTOMATICLOT_OUT=true, AUTOMATICLOTWARD_TOWARD=true]" classname="org.isf.medicalstock.test.Tests" time="0.021">
    <system-out><![CDATA[[05/jul/2024 13:43:32] [:] INFO - Began transaction (1) for test context [DefaultTestContext@329af9b1 testClass = Tests, testInstance = org.isf.medicalstock.test.Tests@4c1d24af, testMethod = testIoPrepareChargingMovement@Tests, testException = [null], mergedContextConfiguration = [MergedContextConfiguration@7535554e testClass = Tests, locations = '{classpath:applicationContext.xml, classpath:applicationContext.xml}', classes = '{}', contextInitializerClasses = '[]', activeProfiles = '{}', propertySourceLocations = '{}', propertySourceProperties = '{}', contextCustomizers = set[org.springframework.boot.test.context.filter.ExcludeFilterContextCustomizer@255b53dc, org.springframework.boot.test.json.DuplicateJsonObjectContextCustomizerFactory$DuplicateJsonObjectContextCustomizer@64d2d351, org.springframework.boot.test.mock.mockito.MockitoContextCustomizer@0, org.springframework.boot.test.autoconfigure.properties.PropertyMappingContextCustomizer@0, org.springframework.boot.test.autoconfigure.web.servlet.WebDriverContextCustomizerFactory$Customizer@52aa2946], contextLoader = 'org.springframework.test.context.support.DelegatingSmartContextLoader', parent = [null]]]; transaction manager [org.springframework.orm.jpa.JpaTransactionManager@4ece2750]; rollback [true]
[05/jul/2024 13:43:32] [:] INFO - Rolled back transaction for test: [DefaultTestContext@329af9b1 testClass = Tests, testInstance = org.isf.medicalstock.test.Tests@4c1d24af, testMethod = testIoPrepareChargingMovement@Tests, testException = [null], mergedContextConfiguration = [MergedContextConfiguration@7535554e testClass = Tests, locations = '{classpath:applicationContext.xml, classpath:applicationContext.xml}', classes = '{}', contextInitializerClasses = '[]', activeProfiles = '{}', propertySourceLocations = '{}', propertySourceProperties = '{}', contextCustomizers = set[org.springframework.boot.test.context.filter.ExcludeFilterContextCustomizer@255b53dc, org.springframework.boot.test.json.DuplicateJsonObjectContextCustomizerFactory$DuplicateJsonObjectContextCustomizer@64d2d351, org.springframework.boot.test.mock.mockito.MockitoContextCustomizer@0, org.springframework.boot.test.autoconfigure.properties.PropertyMappingContextCustomizer@0, org.springframework.boot.test.autoconfigure.web.servlet.WebDriverContextCustomizerFactory$Customizer@52aa2946], contextLoader = 'org.springframework.test.context.support.DelegatingSmartContextLoader', parent = [null]]]
]]></system-out>
  </testcase>
  <testcase name="testMgrValidateMovementMoveDateAfterToday[Test with AUTOMATICLOT_IN=false, AUTOMATICLOT_OUT=true, AUTOMATICLOTWARD_TOWARD=true]" classname="org.isf.medicalstock.test.Tests" time="0.014">
    <system-out><![CDATA[[05/jul/2024 13:43:32] [:] INFO - Began transaction (1) for test context [DefaultTestContext@329af9b1 testClass = Tests, testInstance = org.isf.medicalstock.test.Tests@6c2a9adc, testMethod = testMgrValidateMovementMoveDateAfterToday@Tests, testException = [null], mergedContextConfiguration = [MergedContextConfiguration@7535554e testClass = Tests, locations = '{classpath:applicationContext.xml, classpath:applicationContext.xml}', classes = '{}', contextInitializerClasses = '[]', activeProfiles = '{}', propertySourceLocations = '{}', propertySourceProperties = '{}', contextCustomizers = set[org.springframework.boot.test.context.filter.ExcludeFilterContextCustomizer@255b53dc, org.springframework.boot.test.json.DuplicateJsonObjectContextCustomizerFactory$DuplicateJsonObjectContextCustomizer@64d2d351, org.springframework.boot.test.mock.mockito.MockitoContextCustomizer@0, org.springframework.boot.test.autoconfigure.properties.PropertyMappingContextCustomizer@0, org.springframework.boot.test.autoconfigure.web.servlet.WebDriverContextCustomizerFactory$Customizer@52aa2946], contextLoader = 'org.springframework.test.context.support.DelegatingSmartContextLoader', parent = [null]]]; transaction manager [org.springframework.orm.jpa.JpaTransactionManager@4ece2750]; rollback [true]
[05/jul/2024 13:43:32] [:] INFO - Rolled back transaction for test: [DefaultTestContext@329af9b1 testClass = Tests, testInstance = org.isf.medicalstock.test.Tests@6c2a9adc, testMethod = testMgrValidateMovementMoveDateAfterToday@Tests, testException = [null], mergedContextConfiguration = [MergedContextConfiguration@7535554e testClass = Tests, locations = '{classpath:applicationContext.xml, classpath:applicationContext.xml}', classes = '{}', contextInitializerClasses = '[]', activeProfiles = '{}', propertySourceLocations = '{}', propertySourceProperties = '{}', contextCustomizers = set[org.springframework.boot.test.context.filter.ExcludeFilterContextCustomizer@255b53dc, org.springframework.boot.test.json.DuplicateJsonObjectContextCustomizerFactory$DuplicateJsonObjectContextCustomizer@64d2d351, org.springframework.boot.test.mock.mockito.MockitoContextCustomizer@0, org.springframework.boot.test.autoconfigure.properties.PropertyMappingContextCustomizer@0, org.springframework.boot.test.autoconfigure.web.servlet.WebDriverContextCustomizerFactory$Customizer@52aa2946], contextLoader = 'org.springframework.test.context.support.DelegatingSmartContextLoader', parent = [null]]]
]]></system-out>
  </testcase>
  <testcase name="testIoGetMovementsByReference[Test with AUTOMATICLOT_IN=false, AUTOMATICLOT_OUT=true, AUTOMATICLOTWARD_TOWARD=true]" classname="org.isf.medicalstock.test.Tests" time="0.02">
    <system-out><![CDATA[[05/jul/2024 13:43:32] [:] INFO - Began transaction (1) for test context [DefaultTestContext@329af9b1 testClass = Tests, testInstance = org.isf.medicalstock.test.Tests@4041d2b, testMethod = testIoGetMovementsByReference@Tests, testException = [null], mergedContextConfiguration = [MergedContextConfiguration@7535554e testClass = Tests, locations = '{classpath:applicationContext.xml, classpath:applicationContext.xml}', classes = '{}', contextInitializerClasses = '[]', activeProfiles = '{}', propertySourceLocations = '{}', propertySourceProperties = '{}', contextCustomizers = set[org.springframework.boot.test.context.filter.ExcludeFilterContextCustomizer@255b53dc, org.springframework.boot.test.json.DuplicateJsonObjectContextCustomizerFactory$DuplicateJsonObjectContextCustomizer@64d2d351, org.springframework.boot.test.mock.mockito.MockitoContextCustomizer@0, org.springframework.boot.test.autoconfigure.properties.PropertyMappingContextCustomizer@0, org.springframework.boot.test.autoconfigure.web.servlet.WebDriverContextCustomizerFactory$Customizer@52aa2946], contextLoader = 'org.springframework.test.context.support.DelegatingSmartContextLoader', parent = [null]]]; transaction manager [org.springframework.orm.jpa.JpaTransactionManager@4ece2750]; rollback [true]
[05/jul/2024 13:43:32] [:] INFO - Rolled back transaction for test: [DefaultTestContext@329af9b1 testClass = Tests, testInstance = org.isf.medicalstock.test.Tests@4041d2b, testMethod = testIoGetMovementsByReference@Tests, testException = [null], mergedContextConfiguration = [MergedContextConfiguration@7535554e testClass = Tests, locations = '{classpath:applicationContext.xml, classpath:applicationContext.xml}', classes = '{}', contextInitializerClasses = '[]', activeProfiles = '{}', propertySourceLocations = '{}', propertySourceProperties = '{}', contextCustomizers = set[org.springframework.boot.test.context.filter.ExcludeFilterContextCustomizer@255b53dc, org.springframework.boot.test.json.DuplicateJsonObjectContextCustomizerFactory$DuplicateJsonObjectContextCustomizer@64d2d351, org.springframework.boot.test.mock.mockito.MockitoContextCustomizer@0, org.springframework.boot.test.autoconfigure.properties.PropertyMappingContextCustomizer@0, org.springframework.boot.test.autoconfigure.web.servlet.WebDriverContextCustomizerFactory$Customizer@52aa2946], contextLoader = 'org.springframework.test.context.support.DelegatingSmartContextLoader', parent = [null]]]
]]></system-out>
  </testcase>
  <testcase name="testIoGetLastMovementDate[Test with AUTOMATICLOT_IN=false, AUTOMATICLOT_OUT=true, AUTOMATICLOTWARD_TOWARD=true]" classname="org.isf.medicalstock.test.Tests" time="0.013">
    <system-out><![CDATA[[05/jul/2024 13:43:32] [:] INFO - Began transaction (1) for test context [DefaultTestContext@329af9b1 testClass = Tests, testInstance = org.isf.medicalstock.test.Tests@306056b0, testMethod = testIoGetLastMovementDate@Tests, testException = [null], mergedContextConfiguration = [MergedContextConfiguration@7535554e testClass = Tests, locations = '{classpath:applicationContext.xml, classpath:applicationContext.xml}', classes = '{}', contextInitializerClasses = '[]', activeProfiles = '{}', propertySourceLocations = '{}', propertySourceProperties = '{}', contextCustomizers = set[org.springframework.boot.test.context.filter.ExcludeFilterContextCustomizer@255b53dc, org.springframework.boot.test.json.DuplicateJsonObjectContextCustomizerFactory$DuplicateJsonObjectContextCustomizer@64d2d351, org.springframework.boot.test.mock.mockito.MockitoContextCustomizer@0, org.springframework.boot.test.autoconfigure.properties.PropertyMappingContextCustomizer@0, org.springframework.boot.test.autoconfigure.web.servlet.WebDriverContextCustomizerFactory$Customizer@52aa2946], contextLoader = 'org.springframework.test.context.support.DelegatingSmartContextLoader', parent = [null]]]; transaction manager [org.springframework.orm.jpa.JpaTransactionManager@4ece2750]; rollback [true]
[05/jul/2024 13:43:32] [:] INFO - Rolled back transaction for test: [DefaultTestContext@329af9b1 testClass = Tests, testInstance = org.isf.medicalstock.test.Tests@306056b0, testMethod = testIoGetLastMovementDate@Tests, testException = [null], mergedContextConfiguration = [MergedContextConfiguration@7535554e testClass = Tests, locations = '{classpath:applicationContext.xml, classpath:applicationContext.xml}', classes = '{}', contextInitializerClasses = '[]', activeProfiles = '{}', propertySourceLocations = '{}', propertySourceProperties = '{}', contextCustomizers = set[org.springframework.boot.test.context.filter.ExcludeFilterContextCustomizer@255b53dc, org.springframework.boot.test.json.DuplicateJsonObjectContextCustomizerFactory$DuplicateJsonObjectContextCustomizer@64d2d351, org.springframework.boot.test.mock.mockito.MockitoContextCustomizer@0, org.springframework.boot.test.autoconfigure.properties.PropertyMappingContextCustomizer@0, org.springframework.boot.test.autoconfigure.web.servlet.WebDriverContextCustomizerFactory$Customizer@52aa2946], contextLoader = 'org.springframework.test.context.support.DelegatingSmartContextLoader', parent = [null]]]
]]></system-out>
  </testcase>
  <testcase name="testMovementEquals[Test with AUTOMATICLOT_IN=false, AUTOMATICLOT_OUT=true, AUTOMATICLOTWARD_TOWARD=true]" classname="org.isf.medicalstock.test.Tests" time="0.013">
    <system-out><![CDATA[[05/jul/2024 13:43:32] [:] INFO - Began transaction (1) for test context [DefaultTestContext@329af9b1 testClass = Tests, testInstance = org.isf.medicalstock.test.Tests@5c9d9e62, testMethod = testMovementEquals@Tests, testException = [null], mergedContextConfiguration = [MergedContextConfiguration@7535554e testClass = Tests, locations = '{classpath:applicationContext.xml, classpath:applicationContext.xml}', classes = '{}', contextInitializerClasses = '[]', activeProfiles = '{}', propertySourceLocations = '{}', propertySourceProperties = '{}', contextCustomizers = set[org.springframework.boot.test.context.filter.ExcludeFilterContextCustomizer@255b53dc, org.springframework.boot.test.json.DuplicateJsonObjectContextCustomizerFactory$DuplicateJsonObjectContextCustomizer@64d2d351, org.springframework.boot.test.mock.mockito.MockitoContextCustomizer@0, org.springframework.boot.test.autoconfigure.properties.PropertyMappingContextCustomizer@0, org.springframework.boot.test.autoconfigure.web.servlet.WebDriverContextCustomizerFactory$Customizer@52aa2946], contextLoader = 'org.springframework.test.context.support.DelegatingSmartContextLoader', parent = [null]]]; transaction manager [org.springframework.orm.jpa.JpaTransactionManager@4ece2750]; rollback [true]
[05/jul/2024 13:43:32] [:] INFO - Rolled back transaction for test: [DefaultTestContext@329af9b1 testClass = Tests, testInstance = org.isf.medicalstock.test.Tests@5c9d9e62, testMethod = testMovementEquals@Tests, testException = [null], mergedContextConfiguration = [MergedContextConfiguration@7535554e testClass = Tests, locations = '{classpath:applicationContext.xml, classpath:applicationContext.xml}', classes = '{}', contextInitializerClasses = '[]', activeProfiles = '{}', propertySourceLocations = '{}', propertySourceProperties = '{}', contextCustomizers = set[org.springframework.boot.test.context.filter.ExcludeFilterContextCustomizer@255b53dc, org.springframework.boot.test.json.DuplicateJsonObjectContextCustomizerFactory$DuplicateJsonObjectContextCustomizer@64d2d351, org.springframework.boot.test.mock.mockito.MockitoContextCustomizer@0, org.springframework.boot.test.autoconfigure.properties.PropertyMappingContextCustomizer@0, org.springframework.boot.test.autoconfigure.web.servlet.WebDriverContextCustomizerFactory$Customizer@52aa2946], contextLoader = 'org.springframework.test.context.support.DelegatingSmartContextLoader', parent = [null]]]
]]></system-out>
  </testcase>
  <testcase name="testMovementHashCode[Test with AUTOMATICLOT_IN=false, AUTOMATICLOT_OUT=true, AUTOMATICLOTWARD_TOWARD=true]" classname="org.isf.medicalstock.test.Tests" time="0.014">
    <system-out><![CDATA[[05/jul/2024 13:43:32] [:] INFO - Began transaction (1) for test context [DefaultTestContext@329af9b1 testClass = Tests, testInstance = org.isf.medicalstock.test.Tests@3de6547c, testMethod = testMovementHashCode@Tests, testException = [null], mergedContextConfiguration = [MergedContextConfiguration@7535554e testClass = Tests, locations = '{classpath:applicationContext.xml, classpath:applicationContext.xml}', classes = '{}', contextInitializerClasses = '[]', activeProfiles = '{}', propertySourceLocations = '{}', propertySourceProperties = '{}', contextCustomizers = set[org.springframework.boot.test.context.filter.ExcludeFilterContextCustomizer@255b53dc, org.springframework.boot.test.json.DuplicateJsonObjectContextCustomizerFactory$DuplicateJsonObjectContextCustomizer@64d2d351, org.springframework.boot.test.mock.mockito.MockitoContextCustomizer@0, org.springframework.boot.test.autoconfigure.properties.PropertyMappingContextCustomizer@0, org.springframework.boot.test.autoconfigure.web.servlet.WebDriverContextCustomizerFactory$Customizer@52aa2946], contextLoader = 'org.springframework.test.context.support.DelegatingSmartContextLoader', parent = [null]]]; transaction manager [org.springframework.orm.jpa.JpaTransactionManager@4ece2750]; rollback [true]
[05/jul/2024 13:43:32] [:] INFO - Rolled back transaction for test: [DefaultTestContext@329af9b1 testClass = Tests, testInstance = org.isf.medicalstock.test.Tests@3de6547c, testMethod = testMovementHashCode@Tests, testException = [null], mergedContextConfiguration = [MergedContextConfiguration@7535554e testClass = Tests, locations = '{classpath:applicationContext.xml, classpath:applicationContext.xml}', classes = '{}', contextInitializerClasses = '[]', activeProfiles = '{}', propertySourceLocations = '{}', propertySourceProperties = '{}', contextCustomizers = set[org.springframework.boot.test.context.filter.ExcludeFilterContextCustomizer@255b53dc, org.springframework.boot.test.json.DuplicateJsonObjectContextCustomizerFactory$DuplicateJsonObjectContextCustomizer@64d2d351, org.springframework.boot.test.mock.mockito.MockitoContextCustomizer@0, org.springframework.boot.test.autoconfigure.properties.PropertyMappingContextCustomizer@0, org.springframework.boot.test.autoconfigure.web.servlet.WebDriverContextCustomizerFactory$Customizer@52aa2946], contextLoader = 'org.springframework.test.context.support.DelegatingSmartContextLoader', parent = [null]]]
]]></system-out>
  </testcase>
  <testcase name="testLotEquals[Test with AUTOMATICLOT_IN=false, AUTOMATICLOT_OUT=true, AUTOMATICLOTWARD_TOWARD=true]" classname="org.isf.medicalstock.test.Tests" time="0.008">
    <system-out><![CDATA[[05/jul/2024 13:43:32] [:] INFO - Began transaction (1) for test context [DefaultTestContext@329af9b1 testClass = Tests, testInstance = org.isf.medicalstock.test.Tests@36df6dd, testMethod = testLotEquals@Tests, testException = [null], mergedContextConfiguration = [MergedContextConfiguration@7535554e testClass = Tests, locations = '{classpath:applicationContext.xml, classpath:applicationContext.xml}', classes = '{}', contextInitializerClasses = '[]', activeProfiles = '{}', propertySourceLocations = '{}', propertySourceProperties = '{}', contextCustomizers = set[org.springframework.boot.test.context.filter.ExcludeFilterContextCustomizer@255b53dc, org.springframework.boot.test.json.DuplicateJsonObjectContextCustomizerFactory$DuplicateJsonObjectContextCustomizer@64d2d351, org.springframework.boot.test.mock.mockito.MockitoContextCustomizer@0, org.springframework.boot.test.autoconfigure.properties.PropertyMappingContextCustomizer@0, org.springframework.boot.test.autoconfigure.web.servlet.WebDriverContextCustomizerFactory$Customizer@52aa2946], contextLoader = 'org.springframework.test.context.support.DelegatingSmartContextLoader', parent = [null]]]; transaction manager [org.springframework.orm.jpa.JpaTransactionManager@4ece2750]; rollback [true]
[05/jul/2024 13:43:32] [:] INFO - Rolled back transaction for test: [DefaultTestContext@329af9b1 testClass = Tests, testInstance = org.isf.medicalstock.test.Tests@36df6dd, testMethod = testLotEquals@Tests, testException = [null], mergedContextConfiguration = [MergedContextConfiguration@7535554e testClass = Tests, locations = '{classpath:applicationContext.xml, classpath:applicationContext.xml}', classes = '{}', contextInitializerClasses = '[]', activeProfiles = '{}', propertySourceLocations = '{}', propertySourceProperties = '{}', contextCustomizers = set[org.springframework.boot.test.context.filter.ExcludeFilterContextCustomizer@255b53dc, org.springframework.boot.test.json.DuplicateJsonObjectContextCustomizerFactory$DuplicateJsonObjectContextCustomizer@64d2d351, org.springframework.boot.test.mock.mockito.MockitoContextCustomizer@0, org.springframework.boot.test.autoconfigure.properties.PropertyMappingContextCustomizer@0, org.springframework.boot.test.autoconfigure.web.servlet.WebDriverContextCustomizerFactory$Customizer@52aa2946], contextLoader = 'org.springframework.test.context.support.DelegatingSmartContextLoader', parent = [null]]]
]]></system-out>
  </testcase>
  <testcase name="testIoGetMovementForPrintWardOrderateWard[Test with AUTOMATICLOT_IN=false, AUTOMATICLOT_OUT=true, AUTOMATICLOTWARD_TOWARD=true]" classname="org.isf.medicalstock.test.Tests" time="0.018">
    <system-out><![CDATA[[05/jul/2024 13:43:32] [:] INFO - Began transaction (1) for test context [DefaultTestContext@329af9b1 testClass = Tests, testInstance = org.isf.medicalstock.test.Tests@7c68d453, testMethod = testIoGetMovementForPrintWardOrderateWard@Tests, testException = [null], mergedContextConfiguration = [MergedContextConfiguration@7535554e testClass = Tests, locations = '{classpath:applicationContext.xml, classpath:applicationContext.xml}', classes = '{}', contextInitializerClasses = '[]', activeProfiles = '{}', propertySourceLocations = '{}', propertySourceProperties = '{}', contextCustomizers = set[org.springframework.boot.test.context.filter.ExcludeFilterContextCustomizer@255b53dc, org.springframework.boot.test.json.DuplicateJsonObjectContextCustomizerFactory$DuplicateJsonObjectContextCustomizer@64d2d351, org.springframework.boot.test.mock.mockito.MockitoContextCustomizer@0, org.springframework.boot.test.autoconfigure.properties.PropertyMappingContextCustomizer@0, org.springframework.boot.test.autoconfigure.web.servlet.WebDriverContextCustomizerFactory$Customizer@52aa2946], contextLoader = 'org.springframework.test.context.support.DelegatingSmartContextLoader', parent = [null]]]; transaction manager [org.springframework.orm.jpa.JpaTransactionManager@4ece2750]; rollback [true]
[05/jul/2024 13:43:32] [:] INFO - Rolled back transaction for test: [DefaultTestContext@329af9b1 testClass = Tests, testInstance = org.isf.medicalstock.test.Tests@7c68d453, testMethod = testIoGetMovementForPrintWardOrderateWard@Tests, testException = [null], mergedContextConfiguration = [MergedContextConfiguration@7535554e testClass = Tests, locations = '{classpath:applicationContext.xml, classpath:applicationContext.xml}', classes = '{}', contextInitializerClasses = '[]', activeProfiles = '{}', propertySourceLocations = '{}', propertySourceProperties = '{}', contextCustomizers = set[org.springframework.boot.test.context.filter.ExcludeFilterContextCustomizer@255b53dc, org.springframework.boot.test.json.DuplicateJsonObjectContextCustomizerFactory$DuplicateJsonObjectContextCustomizer@64d2d351, org.springframework.boot.test.mock.mockito.MockitoContextCustomizer@0, org.springframework.boot.test.autoconfigure.properties.PropertyMappingContextCustomizer@0, org.springframework.boot.test.autoconfigure.web.servlet.WebDriverContextCustomizerFactory$Customizer@52aa2946], contextLoader = 'org.springframework.test.context.support.DelegatingSmartContextLoader', parent = [null]]]
]]></system-out>
  </testcase>
  <testcase name="testMgrValidateReferenceNumber[Test with AUTOMATICLOT_IN=false, AUTOMATICLOT_OUT=true, AUTOMATICLOTWARD_TOWARD=true]" classname="org.isf.medicalstock.test.Tests" time="0.012">
    <system-out><![CDATA[[05/jul/2024 13:43:32] [:] INFO - Began transaction (1) for test context [DefaultTestContext@329af9b1 testClass = Tests, testInstance = org.isf.medicalstock.test.Tests@1af3c99b, testMethod = testMgrValidateReferenceNumber@Tests, testException = [null], mergedContextConfiguration = [MergedContextConfiguration@7535554e testClass = Tests, locations = '{classpath:applicationContext.xml, classpath:applicationContext.xml}', classes = '{}', contextInitializerClasses = '[]', activeProfiles = '{}', propertySourceLocations = '{}', propertySourceProperties = '{}', contextCustomizers = set[org.springframework.boot.test.context.filter.ExcludeFilterContextCustomizer@255b53dc, org.springframework.boot.test.json.DuplicateJsonObjectContextCustomizerFactory$DuplicateJsonObjectContextCustomizer@64d2d351, org.springframework.boot.test.mock.mockito.MockitoContextCustomizer@0, org.springframework.boot.test.autoconfigure.properties.PropertyMappingContextCustomizer@0, org.springframework.boot.test.autoconfigure.web.servlet.WebDriverContextCustomizerFactory$Customizer@52aa2946], contextLoader = 'org.springframework.test.context.support.DelegatingSmartContextLoader', parent = [null]]]; transaction manager [org.springframework.orm.jpa.JpaTransactionManager@4ece2750]; rollback [true]
[05/jul/2024 13:43:32] [:] INFO - Rolled back transaction for test: [DefaultTestContext@329af9b1 testClass = Tests, testInstance = org.isf.medicalstock.test.Tests@1af3c99b, testMethod = testMgrValidateReferenceNumber@Tests, testException = [null], mergedContextConfiguration = [MergedContextConfiguration@7535554e testClass = Tests, locations = '{classpath:applicationContext.xml, classpath:applicationContext.xml}', classes = '{}', contextInitializerClasses = '[]', activeProfiles = '{}', propertySourceLocations = '{}', propertySourceProperties = '{}', contextCustomizers = set[org.springframework.boot.test.context.filter.ExcludeFilterContextCustomizer@255b53dc, org.springframework.boot.test.json.DuplicateJsonObjectContextCustomizerFactory$DuplicateJsonObjectContextCustomizer@64d2d351, org.springframework.boot.test.mock.mockito.MockitoContextCustomizer@0, org.springframework.boot.test.autoconfigure.properties.PropertyMappingContextCustomizer@0, org.springframework.boot.test.autoconfigure.web.servlet.WebDriverContextCustomizerFactory$Customizer@52aa2946], contextLoader = 'org.springframework.test.context.support.DelegatingSmartContextLoader', parent = [null]]]
]]></system-out>
  </testcase>
  <testcase name="testIoGetLotsByMedicalEmptyLot[Test with AUTOMATICLOT_IN=false, AUTOMATICLOT_OUT=true, AUTOMATICLOTWARD_TOWARD=true]" classname="org.isf.medicalstock.test.Tests" time="0.013">
    <system-out><![CDATA[[05/jul/2024 13:43:32] [:] INFO - Began transaction (1) for test context [DefaultTestContext@329af9b1 testClass = Tests, testInstance = org.isf.medicalstock.test.Tests@7c7228a0, testMethod = testIoGetLotsByMedicalEmptyLot@Tests, testException = [null], mergedContextConfiguration = [MergedContextConfiguration@7535554e testClass = Tests, locations = '{classpath:applicationContext.xml, classpath:applicationContext.xml}', classes = '{}', contextInitializerClasses = '[]', activeProfiles = '{}', propertySourceLocations = '{}', propertySourceProperties = '{}', contextCustomizers = set[org.springframework.boot.test.context.filter.ExcludeFilterContextCustomizer@255b53dc, org.springframework.boot.test.json.DuplicateJsonObjectContextCustomizerFactory$DuplicateJsonObjectContextCustomizer@64d2d351, org.springframework.boot.test.mock.mockito.MockitoContextCustomizer@0, org.springframework.boot.test.autoconfigure.properties.PropertyMappingContextCustomizer@0, org.springframework.boot.test.autoconfigure.web.servlet.WebDriverContextCustomizerFactory$Customizer@52aa2946], contextLoader = 'org.springframework.test.context.support.DelegatingSmartContextLoader', parent = [null]]]; transaction manager [org.springframework.orm.jpa.JpaTransactionManager@4ece2750]; rollback [true]
[05/jul/2024 13:43:32] [:] INFO - Rolled back transaction for test: [DefaultTestContext@329af9b1 testClass = Tests, testInstance = org.isf.medicalstock.test.Tests@7c7228a0, testMethod = testIoGetLotsByMedicalEmptyLot@Tests, testException = [null], mergedContextConfiguration = [MergedContextConfiguration@7535554e testClass = Tests, locations = '{classpath:applicationContext.xml, classpath:applicationContext.xml}', classes = '{}', contextInitializerClasses = '[]', activeProfiles = '{}', propertySourceLocations = '{}', propertySourceProperties = '{}', contextCustomizers = set[org.springframework.boot.test.context.filter.ExcludeFilterContextCustomizer@255b53dc, org.springframework.boot.test.json.DuplicateJsonObjectContextCustomizerFactory$DuplicateJsonObjectContextCustomizer@64d2d351, org.springframework.boot.test.mock.mockito.MockitoContextCustomizer@0, org.springframework.boot.test.autoconfigure.properties.PropertyMappingContextCustomizer@0, org.springframework.boot.test.autoconfigure.web.servlet.WebDriverContextCustomizerFactory$Customizer@52aa2946], contextLoader = 'org.springframework.test.context.support.DelegatingSmartContextLoader', parent = [null]]]
]]></system-out>
  </testcase>
  <testcase name="testIoNewMovement[Test with AUTOMATICLOT_IN=false, AUTOMATICLOT_OUT=true, AUTOMATICLOTWARD_TOWARD=true]" classname="org.isf.medicalstock.test.Tests" time="0.015">
    <system-out><![CDATA[[05/jul/2024 13:43:32] [:] INFO - Began transaction (1) for test context [DefaultTestContext@329af9b1 testClass = Tests, testInstance = org.isf.medicalstock.test.Tests@11519119, testMethod = testIoNewMovement@Tests, testException = [null], mergedContextConfiguration = [MergedContextConfiguration@7535554e testClass = Tests, locations = '{classpath:applicationContext.xml, classpath:applicationContext.xml}', classes = '{}', contextInitializerClasses = '[]', activeProfiles = '{}', propertySourceLocations = '{}', propertySourceProperties = '{}', contextCustomizers = set[org.springframework.boot.test.context.filter.ExcludeFilterContextCustomizer@255b53dc, org.springframework.boot.test.json.DuplicateJsonObjectContextCustomizerFactory$DuplicateJsonObjectContextCustomizer@64d2d351, org.springframework.boot.test.mock.mockito.MockitoContextCustomizer@0, org.springframework.boot.test.autoconfigure.properties.PropertyMappingContextCustomizer@0, org.springframework.boot.test.autoconfigure.web.servlet.WebDriverContextCustomizerFactory$Customizer@52aa2946], contextLoader = 'org.springframework.test.context.support.DelegatingSmartContextLoader', parent = [null]]]; transaction manager [org.springframework.orm.jpa.JpaTransactionManager@4ece2750]; rollback [true]
[05/jul/2024 13:43:32] [:] INFO - Rolled back transaction for test: [DefaultTestContext@329af9b1 testClass = Tests, testInstance = org.isf.medicalstock.test.Tests@11519119, testMethod = testIoNewMovement@Tests, testException = [null], mergedContextConfiguration = [MergedContextConfiguration@7535554e testClass = Tests, locations = '{classpath:applicationContext.xml, classpath:applicationContext.xml}', classes = '{}', contextInitializerClasses = '[]', activeProfiles = '{}', propertySourceLocations = '{}', propertySourceProperties = '{}', contextCustomizers = set[org.springframework.boot.test.context.filter.ExcludeFilterContextCustomizer@255b53dc, org.springframework.boot.test.json.DuplicateJsonObjectContextCustomizerFactory$DuplicateJsonObjectContextCustomizer@64d2d351, org.springframework.boot.test.mock.mockito.MockitoContextCustomizer@0, org.springframework.boot.test.autoconfigure.properties.PropertyMappingContextCustomizer@0, org.springframework.boot.test.autoconfigure.web.servlet.WebDriverContextCustomizerFactory$Customizer@52aa2946], contextLoader = 'org.springframework.test.context.support.DelegatingSmartContextLoader', parent = [null]]]
]]></system-out>
  </testcase>
  <testcase name="testMgrValidateNullWard[Test with AUTOMATICLOT_IN=false, AUTOMATICLOT_OUT=true, AUTOMATICLOTWARD_TOWARD=true]" classname="org.isf.medicalstock.test.Tests" time="0.013">
    <system-out><![CDATA[[05/jul/2024 13:43:32] [:] INFO - Began transaction (1) for test context [DefaultTestContext@329af9b1 testClass = Tests, testInstance = org.isf.medicalstock.test.Tests@2ce5829a, testMethod = testMgrValidateNullWard@Tests, testException = [null], mergedContextConfiguration = [MergedContextConfiguration@7535554e testClass = Tests, locations = '{classpath:applicationContext.xml, classpath:applicationContext.xml}', classes = '{}', contextInitializerClasses = '[]', activeProfiles = '{}', propertySourceLocations = '{}', propertySourceProperties = '{}', contextCustomizers = set[org.springframework.boot.test.context.filter.ExcludeFilterContextCustomizer@255b53dc, org.springframework.boot.test.json.DuplicateJsonObjectContextCustomizerFactory$DuplicateJsonObjectContextCustomizer@64d2d351, org.springframework.boot.test.mock.mockito.MockitoContextCustomizer@0, org.springframework.boot.test.autoconfigure.properties.PropertyMappingContextCustomizer@0, org.springframework.boot.test.autoconfigure.web.servlet.WebDriverContextCustomizerFactory$Customizer@52aa2946], contextLoader = 'org.springframework.test.context.support.DelegatingSmartContextLoader', parent = [null]]]; transaction manager [org.springframework.orm.jpa.JpaTransactionManager@4ece2750]; rollback [true]
[05/jul/2024 13:43:32] [:] INFO - Rolled back transaction for test: [DefaultTestContext@329af9b1 testClass = Tests, testInstance = org.isf.medicalstock.test.Tests@2ce5829a, testMethod = testMgrValidateNullWard@Tests, testException = [null], mergedContextConfiguration = [MergedContextConfiguration@7535554e testClass = Tests, locations = '{classpath:applicationContext.xml, classpath:applicationContext.xml}', classes = '{}', contextInitializerClasses = '[]', activeProfiles = '{}', propertySourceLocations = '{}', propertySourceProperties = '{}', contextCustomizers = set[org.springframework.boot.test.context.filter.ExcludeFilterContextCustomizer@255b53dc, org.springframework.boot.test.json.DuplicateJsonObjectContextCustomizerFactory$DuplicateJsonObjectContextCustomizer@64d2d351, org.springframework.boot.test.mock.mockito.MockitoContextCustomizer@0, org.springframework.boot.test.autoconfigure.properties.PropertyMappingContextCustomizer@0, org.springframework.boot.test.autoconfigure.web.servlet.WebDriverContextCustomizerFactory$Customizer@52aa2946], contextLoader = 'org.springframework.test.context.support.DelegatingSmartContextLoader', parent = [null]]]
]]></system-out>
  </testcase>
  <testcase name="testMgrValidateNullSupplier[Test with AUTOMATICLOT_IN=false, AUTOMATICLOT_OUT=true, AUTOMATICLOTWARD_TOWARD=true]" classname="org.isf.medicalstock.test.Tests" time="0.012">
    <system-out><![CDATA[[05/jul/2024 13:43:32] [:] INFO - Began transaction (1) for test context [DefaultTestContext@329af9b1 testClass = Tests, testInstance = org.isf.medicalstock.test.Tests@e01158f, testMethod = testMgrValidateNullSupplier@Tests, testException = [null], mergedContextConfiguration = [MergedContextConfiguration@7535554e testClass = Tests, locations = '{classpath:applicationContext.xml, classpath:applicationContext.xml}', classes = '{}', contextInitializerClasses = '[]', activeProfiles = '{}', propertySourceLocations = '{}', propertySourceProperties = '{}', contextCustomizers = set[org.springframework.boot.test.context.filter.ExcludeFilterContextCustomizer@255b53dc, org.springframework.boot.test.json.DuplicateJsonObjectContextCustomizerFactory$DuplicateJsonObjectContextCustomizer@64d2d351, org.springframework.boot.test.mock.mockito.MockitoContextCustomizer@0, org.springframework.boot.test.autoconfigure.properties.PropertyMappingContextCustomizer@0, org.springframework.boot.test.autoconfigure.web.servlet.WebDriverContextCustomizerFactory$Customizer@52aa2946], contextLoader = 'org.springframework.test.context.support.DelegatingSmartContextLoader', parent = [null]]]; transaction manager [org.springframework.orm.jpa.JpaTransactionManager@4ece2750]; rollback [true]
[05/jul/2024 13:43:32] [:] INFO - Rolled back transaction for test: [DefaultTestContext@329af9b1 testClass = Tests, testInstance = org.isf.medicalstock.test.Tests@e01158f, testMethod = testMgrValidateNullSupplier@Tests, testException = [null], mergedContextConfiguration = [MergedContextConfiguration@7535554e testClass = Tests, locations = '{classpath:applicationContext.xml, classpath:applicationContext.xml}', classes = '{}', contextInitializerClasses = '[]', activeProfiles = '{}', propertySourceLocations = '{}', propertySourceProperties = '{}', contextCustomizers = set[org.springframework.boot.test.context.filter.ExcludeFilterContextCustomizer@255b53dc, org.springframework.boot.test.json.DuplicateJsonObjectContextCustomizerFactory$DuplicateJsonObjectContextCustomizer@64d2d351, org.springframework.boot.test.mock.mockito.MockitoContextCustomizer@0, org.springframework.boot.test.autoconfigure.properties.PropertyMappingContextCustomizer@0, org.springframework.boot.test.autoconfigure.web.servlet.WebDriverContextCustomizerFactory$Customizer@52aa2946], contextLoader = 'org.springframework.test.context.support.DelegatingSmartContextLoader', parent = [null]]]
]]></system-out>
  </testcase>
  <testcase name="testMgrGetMovementsWihAllParameters[Test with AUTOMATICLOT_IN=false, AUTOMATICLOT_OUT=true, AUTOMATICLOTWARD_TOWARD=true]" classname="org.isf.medicalstock.test.Tests" time="0.018">
    <system-out><![CDATA[[05/jul/2024 13:43:32] [:] INFO - Began transaction (1) for test context [DefaultTestContext@329af9b1 testClass = Tests, testInstance = org.isf.medicalstock.test.Tests@739c2aaf, testMethod = testMgrGetMovementsWihAllParameters@Tests, testException = [null], mergedContextConfiguration = [MergedContextConfiguration@7535554e testClass = Tests, locations = '{classpath:applicationContext.xml, classpath:applicationContext.xml}', classes = '{}', contextInitializerClasses = '[]', activeProfiles = '{}', propertySourceLocations = '{}', propertySourceProperties = '{}', contextCustomizers = set[org.springframework.boot.test.context.filter.ExcludeFilterContextCustomizer@255b53dc, org.springframework.boot.test.json.DuplicateJsonObjectContextCustomizerFactory$DuplicateJsonObjectContextCustomizer@64d2d351, org.springframework.boot.test.mock.mockito.MockitoContextCustomizer@0, org.springframework.boot.test.autoconfigure.properties.PropertyMappingContextCustomizer@0, org.springframework.boot.test.autoconfigure.web.servlet.WebDriverContextCustomizerFactory$Customizer@52aa2946], contextLoader = 'org.springframework.test.context.support.DelegatingSmartContextLoader', parent = [null]]]; transaction manager [org.springframework.orm.jpa.JpaTransactionManager@4ece2750]; rollback [true]
[05/jul/2024 13:43:33] [:] INFO - Rolled back transaction for test: [DefaultTestContext@329af9b1 testClass = Tests, testInstance = org.isf.medicalstock.test.Tests@739c2aaf, testMethod = testMgrGetMovementsWihAllParameters@Tests, testException = [null], mergedContextConfiguration = [MergedContextConfiguration@7535554e testClass = Tests, locations = '{classpath:applicationContext.xml, classpath:applicationContext.xml}', classes = '{}', contextInitializerClasses = '[]', activeProfiles = '{}', propertySourceLocations = '{}', propertySourceProperties = '{}', contextCustomizers = set[org.springframework.boot.test.context.filter.ExcludeFilterContextCustomizer@255b53dc, org.springframework.boot.test.json.DuplicateJsonObjectContextCustomizerFactory$DuplicateJsonObjectContextCustomizer@64d2d351, org.springframework.boot.test.mock.mockito.MockitoContextCustomizer@0, org.springframework.boot.test.autoconfigure.properties.PropertyMappingContextCustomizer@0, org.springframework.boot.test.autoconfigure.web.servlet.WebDriverContextCustomizerFactory$Customizer@52aa2946], contextLoader = 'org.springframework.test.context.support.DelegatingSmartContextLoader', parent = [null]]]
]]></system-out>
  </testcase>
  <testcase name="testIoLotExists[Test with AUTOMATICLOT_IN=false, AUTOMATICLOT_OUT=true, AUTOMATICLOTWARD_TOWARD=true]" classname="org.isf.medicalstock.test.Tests" time="0.012">
    <system-out><![CDATA[[05/jul/2024 13:43:33] [:] INFO - Began transaction (1) for test context [DefaultTestContext@329af9b1 testClass = Tests, testInstance = org.isf.medicalstock.test.Tests@795a3f70, testMethod = testIoLotExists@Tests, testException = [null], mergedContextConfiguration = [MergedContextConfiguration@7535554e testClass = Tests, locations = '{classpath:applicationContext.xml, classpath:applicationContext.xml}', classes = '{}', contextInitializerClasses = '[]', activeProfiles = '{}', propertySourceLocations = '{}', propertySourceProperties = '{}', contextCustomizers = set[org.springframework.boot.test.context.filter.ExcludeFilterContextCustomizer@255b53dc, org.springframework.boot.test.json.DuplicateJsonObjectContextCustomizerFactory$DuplicateJsonObjectContextCustomizer@64d2d351, org.springframework.boot.test.mock.mockito.MockitoContextCustomizer@0, org.springframework.boot.test.autoconfigure.properties.PropertyMappingContextCustomizer@0, org.springframework.boot.test.autoconfigure.web.servlet.WebDriverContextCustomizerFactory$Customizer@52aa2946], contextLoader = 'org.springframework.test.context.support.DelegatingSmartContextLoader', parent = [null]]]; transaction manager [org.springframework.orm.jpa.JpaTransactionManager@4ece2750]; rollback [true]
[05/jul/2024 13:43:33] [:] INFO - Rolled back transaction for test: [DefaultTestContext@329af9b1 testClass = Tests, testInstance = org.isf.medicalstock.test.Tests@795a3f70, testMethod = testIoLotExists@Tests, testException = [null], mergedContextConfiguration = [MergedContextConfiguration@7535554e testClass = Tests, locations = '{classpath:applicationContext.xml, classpath:applicationContext.xml}', classes = '{}', contextInitializerClasses = '[]', activeProfiles = '{}', propertySourceLocations = '{}', propertySourceProperties = '{}', contextCustomizers = set[org.springframework.boot.test.context.filter.ExcludeFilterContextCustomizer@255b53dc, org.springframework.boot.test.json.DuplicateJsonObjectContextCustomizerFactory$DuplicateJsonObjectContextCustomizer@64d2d351, org.springframework.boot.test.mock.mockito.MockitoContextCustomizer@0, org.springframework.boot.test.autoconfigure.properties.PropertyMappingContextCustomizer@0, org.springframework.boot.test.autoconfigure.web.servlet.WebDriverContextCustomizerFactory$Customizer@52aa2946], contextLoader = 'org.springframework.test.context.support.DelegatingSmartContextLoader', parent = [null]]]
]]></system-out>
  </testcase>
  <testcase name="testLotToString[Test with AUTOMATICLOT_IN=false, AUTOMATICLOT_OUT=true, AUTOMATICLOTWARD_TOWARD=true]" classname="org.isf.medicalstock.test.Tests" time="0.013">
    <system-out><![CDATA[[05/jul/2024 13:43:33] [:] INFO - Began transaction (1) for test context [DefaultTestContext@329af9b1 testClass = Tests, testInstance = org.isf.medicalstock.test.Tests@455c2ce8, testMethod = testLotToString@Tests, testException = [null], mergedContextConfiguration = [MergedContextConfiguration@7535554e testClass = Tests, locations = '{classpath:applicationContext.xml, classpath:applicationContext.xml}', classes = '{}', contextInitializerClasses = '[]', activeProfiles = '{}', propertySourceLocations = '{}', propertySourceProperties = '{}', contextCustomizers = set[org.springframework.boot.test.context.filter.ExcludeFilterContextCustomizer@255b53dc, org.springframework.boot.test.json.DuplicateJsonObjectContextCustomizerFactory$DuplicateJsonObjectContextCustomizer@64d2d351, org.springframework.boot.test.mock.mockito.MockitoContextCustomizer@0, org.springframework.boot.test.autoconfigure.properties.PropertyMappingContextCustomizer@0, org.springframework.boot.test.autoconfigure.web.servlet.WebDriverContextCustomizerFactory$Customizer@52aa2946], contextLoader = 'org.springframework.test.context.support.DelegatingSmartContextLoader', parent = [null]]]; transaction manager [org.springframework.orm.jpa.JpaTransactionManager@4ece2750]; rollback [true]
[05/jul/2024 13:43:33] [:] INFO - Rolled back transaction for test: [DefaultTestContext@329af9b1 testClass = Tests, testInstance = org.isf.medicalstock.test.Tests@455c2ce8, testMethod = testLotToString@Tests, testException = [null], mergedContextConfiguration = [MergedContextConfiguration@7535554e testClass = Tests, locations = '{classpath:applicationContext.xml, classpath:applicationContext.xml}', classes = '{}', contextInitializerClasses = '[]', activeProfiles = '{}', propertySourceLocations = '{}', propertySourceProperties = '{}', contextCustomizers = set[org.springframework.boot.test.context.filter.ExcludeFilterContextCustomizer@255b53dc, org.springframework.boot.test.json.DuplicateJsonObjectContextCustomizerFactory$DuplicateJsonObjectContextCustomizer@64d2d351, org.springframework.boot.test.mock.mockito.MockitoContextCustomizer@0, org.springframework.boot.test.autoconfigure.properties.PropertyMappingContextCustomizer@0, org.springframework.boot.test.autoconfigure.web.servlet.WebDriverContextCustomizerFactory$Customizer@52aa2946], contextLoader = 'org.springframework.test.context.support.DelegatingSmartContextLoader', parent = [null]]]
]]></system-out>
  </testcase>
  <testcase name="testIoGetMovementForPrintPharmaceuticalTypeOrder[Test with AUTOMATICLOT_IN=false, AUTOMATICLOT_OUT=true, AUTOMATICLOTWARD_TOWARD=true]" classname="org.isf.medicalstock.test.Tests" time="0.015">
    <system-out><![CDATA[[05/jul/2024 13:43:33] [:] INFO - Began transaction (1) for test context [DefaultTestContext@329af9b1 testClass = Tests, testInstance = org.isf.medicalstock.test.Tests@39ec7762, testMethod = testIoGetMovementForPrintPharmaceuticalTypeOrder@Tests, testException = [null], mergedContextConfiguration = [MergedContextConfiguration@7535554e testClass = Tests, locations = '{classpath:applicationContext.xml, classpath:applicationContext.xml}', classes = '{}', contextInitializerClasses = '[]', activeProfiles = '{}', propertySourceLocations = '{}', propertySourceProperties = '{}', contextCustomizers = set[org.springframework.boot.test.context.filter.ExcludeFilterContextCustomizer@255b53dc, org.springframework.boot.test.json.DuplicateJsonObjectContextCustomizerFactory$DuplicateJsonObjectContextCustomizer@64d2d351, org.springframework.boot.test.mock.mockito.MockitoContextCustomizer@0, org.springframework.boot.test.autoconfigure.properties.PropertyMappingContextCustomizer@0, org.springframework.boot.test.autoconfigure.web.servlet.WebDriverContextCustomizerFactory$Customizer@52aa2946], contextLoader = 'org.springframework.test.context.support.DelegatingSmartContextLoader', parent = [null]]]; transaction manager [org.springframework.orm.jpa.JpaTransactionManager@4ece2750]; rollback [true]
[05/jul/2024 13:43:33] [:] INFO - Rolled back transaction for test: [DefaultTestContext@329af9b1 testClass = Tests, testInstance = org.isf.medicalstock.test.Tests@39ec7762, testMethod = testIoGetMovementForPrintPharmaceuticalTypeOrder@Tests, testException = [null], mergedContextConfiguration = [MergedContextConfiguration@7535554e testClass = Tests, locations = '{classpath:applicationContext.xml, classpath:applicationContext.xml}', classes = '{}', contextInitializerClasses = '[]', activeProfiles = '{}', propertySourceLocations = '{}', propertySourceProperties = '{}', contextCustomizers = set[org.springframework.boot.test.context.filter.ExcludeFilterContextCustomizer@255b53dc, org.springframework.boot.test.json.DuplicateJsonObjectContextCustomizerFactory$DuplicateJsonObjectContextCustomizer@64d2d351, org.springframework.boot.test.mock.mockito.MockitoContextCustomizer@0, org.springframework.boot.test.autoconfigure.properties.PropertyMappingContextCustomizer@0, org.springframework.boot.test.autoconfigure.web.servlet.WebDriverContextCustomizerFactory$Customizer@52aa2946], contextLoader = 'org.springframework.test.context.support.DelegatingSmartContextLoader', parent = [null]]]
]]></system-out>
  </testcase>
  <testcase name="testMgrPrepareDischargingMovement[Test with AUTOMATICLOT_IN=false, AUTOMATICLOT_OUT=true, AUTOMATICLOTWARD_TOWARD=true]" classname="org.isf.medicalstock.test.Tests" time="0.013">
    <system-out><![CDATA[[05/jul/2024 13:43:33] [:] INFO - Began transaction (1) for test context [DefaultTestContext@329af9b1 testClass = Tests, testInstance = org.isf.medicalstock.test.Tests@4819f0a8, testMethod = testMgrPrepareDischargingMovement@Tests, testException = [null], mergedContextConfiguration = [MergedContextConfiguration@7535554e testClass = Tests, locations = '{classpath:applicationContext.xml, classpath:applicationContext.xml}', classes = '{}', contextInitializerClasses = '[]', activeProfiles = '{}', propertySourceLocations = '{}', propertySourceProperties = '{}', contextCustomizers = set[org.springframework.boot.test.context.filter.ExcludeFilterContextCustomizer@255b53dc, org.springframework.boot.test.json.DuplicateJsonObjectContextCustomizerFactory$DuplicateJsonObjectContextCustomizer@64d2d351, org.springframework.boot.test.mock.mockito.MockitoContextCustomizer@0, org.springframework.boot.test.autoconfigure.properties.PropertyMappingContextCustomizer@0, org.springframework.boot.test.autoconfigure.web.servlet.WebDriverContextCustomizerFactory$Customizer@52aa2946], contextLoader = 'org.springframework.test.context.support.DelegatingSmartContextLoader', parent = [null]]]; transaction manager [org.springframework.orm.jpa.JpaTransactionManager@4ece2750]; rollback [true]
[05/jul/2024 13:43:33] [:] INFO - Rolled back transaction for test: [DefaultTestContext@329af9b1 testClass = Tests, testInstance = org.isf.medicalstock.test.Tests@4819f0a8, testMethod = testMgrPrepareDischargingMovement@Tests, testException = [null], mergedContextConfiguration = [MergedContextConfiguration@7535554e testClass = Tests, locations = '{classpath:applicationContext.xml, classpath:applicationContext.xml}', classes = '{}', contextInitializerClasses = '[]', activeProfiles = '{}', propertySourceLocations = '{}', propertySourceProperties = '{}', contextCustomizers = set[org.springframework.boot.test.context.filter.ExcludeFilterContextCustomizer@255b53dc, org.springframework.boot.test.json.DuplicateJsonObjectContextCustomizerFactory$DuplicateJsonObjectContextCustomizer@64d2d351, org.springframework.boot.test.mock.mockito.MockitoContextCustomizer@0, org.springframework.boot.test.autoconfigure.properties.PropertyMappingContextCustomizer@0, org.springframework.boot.test.autoconfigure.web.servlet.WebDriverContextCustomizerFactory$Customizer@52aa2946], contextLoader = 'org.springframework.test.context.support.DelegatingSmartContextLoader', parent = [null]]]
]]></system-out>
  </testcase>
  <testcase name="testMgrValidateNullMedical[Test with AUTOMATICLOT_IN=false, AUTOMATICLOT_OUT=true, AUTOMATICLOTWARD_TOWARD=true]" classname="org.isf.medicalstock.test.Tests" time="0.013">
    <system-out><![CDATA[[05/jul/2024 13:43:33] [:] INFO - Began transaction (1) for test context [DefaultTestContext@329af9b1 testClass = Tests, testInstance = org.isf.medicalstock.test.Tests@2b14f017, testMethod = testMgrValidateNullMedical@Tests, testException = [null], mergedContextConfiguration = [MergedContextConfiguration@7535554e testClass = Tests, locations = '{classpath:applicationContext.xml, classpath:applicationContext.xml}', classes = '{}', contextInitializerClasses = '[]', activeProfiles = '{}', propertySourceLocations = '{}', propertySourceProperties = '{}', contextCustomizers = set[org.springframework.boot.test.context.filter.ExcludeFilterContextCustomizer@255b53dc, org.springframework.boot.test.json.DuplicateJsonObjectContextCustomizerFactory$DuplicateJsonObjectContextCustomizer@64d2d351, org.springframework.boot.test.mock.mockito.MockitoContextCustomizer@0, org.springframework.boot.test.autoconfigure.properties.PropertyMappingContextCustomizer@0, org.springframework.boot.test.autoconfigure.web.servlet.WebDriverContextCustomizerFactory$Customizer@52aa2946], contextLoader = 'org.springframework.test.context.support.DelegatingSmartContextLoader', parent = [null]]]; transaction manager [org.springframework.orm.jpa.JpaTransactionManager@4ece2750]; rollback [true]
[05/jul/2024 13:43:33] [:] INFO - Rolled back transaction for test: [DefaultTestContext@329af9b1 testClass = Tests, testInstance = org.isf.medicalstock.test.Tests@2b14f017, testMethod = testMgrValidateNullMedical@Tests, testException = [null], mergedContextConfiguration = [MergedContextConfiguration@7535554e testClass = Tests, locations = '{classpath:applicationContext.xml, classpath:applicationContext.xml}', classes = '{}', contextInitializerClasses = '[]', activeProfiles = '{}', propertySourceLocations = '{}', propertySourceProperties = '{}', contextCustomizers = set[org.springframework.boot.test.context.filter.ExcludeFilterContextCustomizer@255b53dc, org.springframework.boot.test.json.DuplicateJsonObjectContextCustomizerFactory$DuplicateJsonObjectContextCustomizer@64d2d351, org.springframework.boot.test.mock.mockito.MockitoContextCustomizer@0, org.springframework.boot.test.autoconfigure.properties.PropertyMappingContextCustomizer@0, org.springframework.boot.test.autoconfigure.web.servlet.WebDriverContextCustomizerFactory$Customizer@52aa2946], contextLoader = 'org.springframework.test.context.support.DelegatingSmartContextLoader', parent = [null]]]
]]></system-out>
  </testcase>
  <testcase name="testMgrValidateLotPreparationDateAfterDueDate[Test with AUTOMATICLOT_IN=false, AUTOMATICLOT_OUT=true, AUTOMATICLOTWARD_TOWARD=true]" classname="org.isf.medicalstock.test.Tests" time="0.014">
    <system-out><![CDATA[[05/jul/2024 13:43:33] [:] INFO - Began transaction (1) for test context [DefaultTestContext@329af9b1 testClass = Tests, testInstance = org.isf.medicalstock.test.Tests@50d82717, testMethod = testMgrValidateLotPreparationDateAfterDueDate@Tests, testException = [null], mergedContextConfiguration = [MergedContextConfiguration@7535554e testClass = Tests, locations = '{classpath:applicationContext.xml, classpath:applicationContext.xml}', classes = '{}', contextInitializerClasses = '[]', activeProfiles = '{}', propertySourceLocations = '{}', propertySourceProperties = '{}', contextCustomizers = set[org.springframework.boot.test.context.filter.ExcludeFilterContextCustomizer@255b53dc, org.springframework.boot.test.json.DuplicateJsonObjectContextCustomizerFactory$DuplicateJsonObjectContextCustomizer@64d2d351, org.springframework.boot.test.mock.mockito.MockitoContextCustomizer@0, org.springframework.boot.test.autoconfigure.properties.PropertyMappingContextCustomizer@0, org.springframework.boot.test.autoconfigure.web.servlet.WebDriverContextCustomizerFactory$Customizer@52aa2946], contextLoader = 'org.springframework.test.context.support.DelegatingSmartContextLoader', parent = [null]]]; transaction manager [org.springframework.orm.jpa.JpaTransactionManager@4ece2750]; rollback [true]
[05/jul/2024 13:43:33] [:] INFO - Rolled back transaction for test: [DefaultTestContext@329af9b1 testClass = Tests, testInstance = org.isf.medicalstock.test.Tests@50d82717, testMethod = testMgrValidateLotPreparationDateAfterDueDate@Tests, testException = [null], mergedContextConfiguration = [MergedContextConfiguration@7535554e testClass = Tests, locations = '{classpath:applicationContext.xml, classpath:applicationContext.xml}', classes = '{}', contextInitializerClasses = '[]', activeProfiles = '{}', propertySourceLocations = '{}', propertySourceProperties = '{}', contextCustomizers = set[org.springframework.boot.test.context.filter.ExcludeFilterContextCustomizer@255b53dc, org.springframework.boot.test.json.DuplicateJsonObjectContextCustomizerFactory$DuplicateJsonObjectContextCustomizer@64d2d351, org.springframework.boot.test.mock.mockito.MockitoContextCustomizer@0, org.springframework.boot.test.autoconfigure.properties.PropertyMappingContextCustomizer@0, org.springframework.boot.test.autoconfigure.web.servlet.WebDriverContextCustomizerFactory$Customizer@52aa2946], contextLoader = 'org.springframework.test.context.support.DelegatingSmartContextLoader', parent = [null]]]
]]></system-out>
  </testcase>
  <testcase name="testMgrValidateLotCodeTooLong[Test with AUTOMATICLOT_IN=false, AUTOMATICLOT_OUT=true, AUTOMATICLOTWARD_TOWARD=true]" classname="org.isf.medicalstock.test.Tests" time="0.015">
    <system-out><![CDATA[[05/jul/2024 13:43:33] [:] INFO - Began transaction (1) for test context [DefaultTestContext@329af9b1 testClass = Tests, testInstance = org.isf.medicalstock.test.Tests@9ce292, testMethod = testMgrValidateLotCodeTooLong@Tests, testException = [null], mergedContextConfiguration = [MergedContextConfiguration@7535554e testClass = Tests, locations = '{classpath:applicationContext.xml, classpath:applicationContext.xml}', classes = '{}', contextInitializerClasses = '[]', activeProfiles = '{}', propertySourceLocations = '{}', propertySourceProperties = '{}', contextCustomizers = set[org.springframework.boot.test.context.filter.ExcludeFilterContextCustomizer@255b53dc, org.springframework.boot.test.json.DuplicateJsonObjectContextCustomizerFactory$DuplicateJsonObjectContextCustomizer@64d2d351, org.springframework.boot.test.mock.mockito.MockitoContextCustomizer@0, org.springframework.boot.test.autoconfigure.properties.PropertyMappingContextCustomizer@0, org.springframework.boot.test.autoconfigure.web.servlet.WebDriverContextCustomizerFactory$Customizer@52aa2946], contextLoader = 'org.springframework.test.context.support.DelegatingSmartContextLoader', parent = [null]]]; transaction manager [org.springframework.orm.jpa.JpaTransactionManager@4ece2750]; rollback [true]
[05/jul/2024 13:43:33] [:] ERROR - org.hibernate.TransientPropertyValueException: object references an unsaved transient instance - save the transient instance before flushing: org.isf.medicalstock.model.Movement.lot -> org.isf.medicalstock.model.Lot; nested exception is java.lang.IllegalStateException: org.hibernate.TransientPropertyValueException: object references an unsaved transient instance - save the transient instance before flushing: org.isf.medicalstock.model.Movement.lot -> org.isf.medicalstock.model.Lot
org.springframework.dao.InvalidDataAccessApiUsageException: org.hibernate.TransientPropertyValueException: object references an unsaved transient instance - save the transient instance before flushing: org.isf.medicalstock.model.Movement.lot -> org.isf.medicalstock.model.Lot; nested exception is java.lang.IllegalStateException: org.hibernate.TransientPropertyValueException: object references an unsaved transient instance - save the transient instance before flushing: org.isf.medicalstock.model.Movement.lot -> org.isf.medicalstock.model.Lot
	at org.springframework.orm.jpa.EntityManagerFactoryUtils.convertJpaAccessExceptionIfPossible(EntityManagerFactoryUtils.java:387)
	at org.springframework.orm.jpa.vendor.HibernateJpaDialect.translateExceptionIfPossible(HibernateJpaDialect.java:246)
	at org.springframework.orm.jpa.AbstractEntityManagerFactoryBean.translateExceptionIfPossible(AbstractEntityManagerFactoryBean.java:525)
	at org.springframework.dao.support.ChainedPersistenceExceptionTranslator.translateExceptionIfPossible(ChainedPersistenceExceptionTranslator.java:59)
	at org.springframework.dao.support.DataAccessUtils.translateIfNecessary(DataAccessUtils.java:209)
	at org.springframework.dao.support.PersistenceExceptionTranslationInterceptor.invoke(PersistenceExceptionTranslationInterceptor.java:147)
	at org.springframework.aop.framework.ReflectiveMethodInvocation.proceed(ReflectiveMethodInvocation.java:179)
	at org.springframework.data.jpa.repository.support.CrudMethodMetadataPostProcessor$CrudMethodMetadataPopulatingMethodInterceptor.invoke(CrudMethodMetadataPostProcessor.java:140)
	at org.springframework.aop.framework.ReflectiveMethodInvocation.proceed(ReflectiveMethodInvocation.java:179)
	at org.springframework.data.jpa.repository.support.CrudMethodMetadataPostProcessor$ExposeRepositoryInvocationInterceptor.invoke(CrudMethodMetadataPostProcessor.java:347)
	at org.springframework.aop.framework.ReflectiveMethodInvocation.proceed(ReflectiveMethodInvocation.java:179)
	at org.springframework.aop.interceptor.ExposeInvocationInterceptor.invoke(ExposeInvocationInterceptor.java:92)
	at org.springframework.aop.framework.ReflectiveMethodInvocation.proceed(ReflectiveMethodInvocation.java:179)
	at org.springframework.data.repository.core.support.SurroundingTransactionDetectorMethodInterceptor.invoke(SurroundingTransactionDetectorMethodInterceptor.java:57)
	at org.springframework.aop.framework.ReflectiveMethodInvocation.proceed(ReflectiveMethodInvocation.java:179)
	at org.springframework.aop.framework.JdkDynamicAopProxy.invoke(JdkDynamicAopProxy.java:213)
	at com.sun.proxy.$Proxy109.findMaxDate(Unknown Source)
	at org.isf.medicalstock.service.MedicalStockIoOperations.getLastMovementDate(MedicalStockIoOperations.java:565)
	at org.isf.medicalstock.service.MedicalStockIoOperations$$FastClassBySpringCGLIB$$a00ee1bd.invoke(<generated>)
	at org.springframework.cglib.proxy.MethodProxy.invoke(MethodProxy.java:204)
	at org.springframework.aop.framework.CglibAopProxy$CglibMethodInvocation.invokeJoinpoint(CglibAopProxy.java:737)
	at org.springframework.aop.framework.ReflectiveMethodInvocation.proceed(ReflectiveMethodInvocation.java:157)
	at org.springframework.transaction.interceptor.TransactionInterceptor$1.proceedWithInvocation(TransactionInterceptor.java:99)
	at org.springframework.transaction.interceptor.TransactionAspectSupport.invokeWithinTransaction(TransactionAspectSupport.java:283)
	at org.springframework.transaction.interceptor.TransactionInterceptor.invoke(TransactionInterceptor.java:96)
	at org.springframework.aop.framework.ReflectiveMethodInvocation.proceed(ReflectiveMethodInvocation.java:179)
	at org.springframework.aop.interceptor.ExposeInvocationInterceptor.invoke(ExposeInvocationInterceptor.java:92)
	at org.springframework.aop.framework.ReflectiveMethodInvocation.proceed(ReflectiveMethodInvocation.java:179)
	at org.springframework.aop.aspectj.MethodInvocationProceedingJoinPoint.proceed(MethodInvocationProceedingJoinPoint.java:84)
	at org.isf.utils.db.OHServiceExceptionTranslator.translateSqlExceptionToOHServiceException(OHServiceExceptionTranslator.java:55)
	at sun.reflect.GeneratedMethodAccessor67.invoke(Unknown Source)
	at sun.reflect.DelegatingMethodAccessorImpl.invoke(DelegatingMethodAccessorImpl.java:43)
	at java.lang.reflect.Method.invoke(Method.java:498)
	at org.springframework.aop.aspectj.AbstractAspectJAdvice.invokeAdviceMethodWithGivenArgs(AbstractAspectJAdvice.java:627)
	at org.springframework.aop.aspectj.AbstractAspectJAdvice.invokeAdviceMethod(AbstractAspectJAdvice.java:616)
	at org.springframework.aop.aspectj.AspectJAroundAdvice.invoke(AspectJAroundAdvice.java:70)
	at org.springframework.aop.framework.ReflectiveMethodInvocation.proceed(ReflectiveMethodInvocation.java:179)
	at org.springframework.aop.framework.CglibAopProxy$DynamicAdvisedInterceptor.intercept(CglibAopProxy.java:672)
	at org.isf.medicalstock.service.MedicalStockIoOperations$$EnhancerBySpringCGLIB$$36e028cc.getLastMovementDate(<generated>)
	at org.isf.medicalstock.manager.MovStockInsertingManager.getLastMovementDate(MovStockInsertingManager.java:278)
	at org.isf.medicalstock.manager.MovStockInsertingManager.validateMovement(MovStockInsertingManager.java:68)
	at org.isf.medicalstock.manager.MovStockInsertingManager.prepareChargingMovement(MovStockInsertingManager.java:349)
	at org.isf.medicalstock.manager.MovStockInsertingManager.newMultipleChargingMovements(MovStockInsertingManager.java:326)
	at org.isf.medicalstock.manager.MovStockInsertingManager$$FastClassBySpringCGLIB$$2a8b6bd4.invoke(<generated>)
	at org.springframework.cglib.proxy.MethodProxy.invoke(MethodProxy.java:204)
	at org.springframework.aop.framework.CglibAopProxy$CglibMethodInvocation.invokeJoinpoint(CglibAopProxy.java:737)
	at org.springframework.aop.framework.ReflectiveMethodInvocation.proceed(ReflectiveMethodInvocation.java:157)
	at org.springframework.transaction.interceptor.TransactionInterceptor$1.proceedWithInvocation(TransactionInterceptor.java:99)
	at org.springframework.transaction.interceptor.TransactionAspectSupport.invokeWithinTransaction(TransactionAspectSupport.java:283)
	at org.springframework.transaction.interceptor.TransactionInterceptor.invoke(TransactionInterceptor.java:96)
	at org.springframework.aop.framework.ReflectiveMethodInvocation.proceed(ReflectiveMethodInvocation.java:179)
	at org.springframework.aop.framework.CglibAopProxy$DynamicAdvisedInterceptor.intercept(CglibAopProxy.java:672)
	at org.isf.medicalstock.manager.MovStockInsertingManager$$EnhancerBySpringCGLIB$$ef6ee236.newMultipleChargingMovements(<generated>)
	at org.isf.medicalstock.test.Tests.lambda$28(Tests.java:943)
	at org.assertj.core.api.ThrowableAssert.catchThrowable(ThrowableAssert.java:62)
	at org.assertj.core.api.AssertionsForClassTypes.catchThrowable(AssertionsForClassTypes.java:877)
	at org.assertj.core.api.Assertions.catchThrowable(Assertions.java:1336)
	at org.assertj.core.api.Assertions.assertThatThrownBy(Assertions.java:1181)
	at org.isf.medicalstock.test.Tests.testMgrValidateLotCodeTooLong(Tests.java:935)
	at sun.reflect.NativeMethodAccessorImpl.invoke0(Native Method)
	at sun.reflect.NativeMethodAccessorImpl.invoke(NativeMethodAccessorImpl.java:62)
	at sun.reflect.DelegatingMethodAccessorImpl.invoke(DelegatingMethodAccessorImpl.java:43)
	at java.lang.reflect.Method.invoke(Method.java:498)
	at org.junit.runners.model.FrameworkMethod$1.runReflectiveCall(FrameworkMethod.java:59)
	at org.junit.internal.runners.model.ReflectiveCallable.run(ReflectiveCallable.java:12)
	at org.junit.runners.model.FrameworkMethod.invokeExplosively(FrameworkMethod.java:56)
	at org.junit.internal.runners.statements.InvokeMethod.evaluate(InvokeMethod.java:17)
	at org.junit.internal.runners.statements.RunBefores.evaluate(RunBefores.java:26)
	at org.springframework.test.context.junit4.statements.RunBeforeTestMethodCallbacks.evaluate(RunBeforeTestMethodCallbacks.java:75)
	at org.springframework.test.context.junit4.statements.RunAfterTestMethodCallbacks.evaluate(RunAfterTestMethodCallbacks.java:86)
	at org.springframework.test.context.junit4.statements.RunPrepareTestInstanceCallbacks.evaluate(RunPrepareTestInstanceCallbacks.java:64)
	at org.springframework.test.context.junit4.statements.SpringRepeat.evaluate(SpringRepeat.java:84)
	at org.springframework.test.context.junit4.statements.SpringFailOnTimeout.evaluate(SpringFailOnTimeout.java:87)
	at org.springframework.test.context.junit4.statements.ProfileValueChecker.evaluate(ProfileValueChecker.java:101)
	at org.junit.runners.ParentRunner$3.evaluate(ParentRunner.java:306)
	at org.junit.runners.BlockJUnit4ClassRunner$1.evaluate(BlockJUnit4ClassRunner.java:100)
	at org.junit.runners.ParentRunner.runLeaf(ParentRunner.java:366)
	at org.junit.runners.BlockJUnit4ClassRunner.runChild(BlockJUnit4ClassRunner.java:103)
	at org.junit.runners.BlockJUnit4ClassRunner.runChild(BlockJUnit4ClassRunner.java:63)
	at org.junit.runners.ParentRunner$4.run(ParentRunner.java:331)
	at org.junit.runners.ParentRunner$1.schedule(ParentRunner.java:79)
	at org.junit.runners.ParentRunner.runChildren(ParentRunner.java:329)
	at org.junit.runners.ParentRunner.access$100(ParentRunner.java:66)
	at org.junit.runners.ParentRunner$2.evaluate(ParentRunner.java:293)
	at org.junit.runners.ParentRunner.run(ParentRunner.java:413)
	at org.junit.runners.Suite.runChild(Suite.java:128)
	at org.junit.runners.Suite.runChild(Suite.java:27)
	at org.junit.runners.ParentRunner$4.run(ParentRunner.java:331)
	at org.junit.runners.ParentRunner$1.schedule(ParentRunner.java:79)
	at org.junit.runners.ParentRunner.runChildren(ParentRunner.java:329)
	at org.junit.runners.ParentRunner.access$100(ParentRunner.java:66)
	at org.junit.runners.ParentRunner$2.evaluate(ParentRunner.java:293)
	at org.junit.internal.runners.statements.RunBefores.evaluate(RunBefores.java:26)
	at org.junit.internal.runners.statements.RunAfters.evaluate(RunAfters.java:27)
	at org.springframework.test.context.junit4.statements.RunBeforeTestClassCallbacks.evaluate(RunBeforeTestClassCallbacks.java:61)
	at org.springframework.test.context.junit4.statements.RunAfterTestClassCallbacks.evaluate(RunAfterTestClassCallbacks.java:70)
	at org.springframework.test.context.junit4.statements.ProfileValueChecker.evaluate(ProfileValueChecker.java:101)
	at org.springframework.test.context.junit4.rules.SpringClassRule$TestContextManagerCacheEvictor.evaluate(SpringClassRule.java:242)
	at org.junit.rules.RunRules.evaluate(RunRules.java:20)
	at org.junit.runners.ParentRunner$3.evaluate(ParentRunner.java:306)
	at org.junit.runners.ParentRunner.run(ParentRunner.java:413)
	at org.apache.maven.surefire.junit4.JUnit4Provider.execute(JUnit4Provider.java:316)
	at org.apache.maven.surefire.junit4.JUnit4Provider.executeWithRerun(JUnit4Provider.java:240)
	at org.apache.maven.surefire.junit4.JUnit4Provider.executeTestSet(JUnit4Provider.java:214)
	at org.apache.maven.surefire.junit4.JUnit4Provider.invoke(JUnit4Provider.java:155)
	at org.apache.maven.surefire.booter.ForkedBooter.runSuitesInProcess(ForkedBooter.java:385)
	at org.apache.maven.surefire.booter.ForkedBooter.execute(ForkedBooter.java:162)
	at org.apache.maven.surefire.booter.ForkedBooter.run(ForkedBooter.java:507)
	at org.apache.maven.surefire.booter.ForkedBooter.main(ForkedBooter.java:495)
Caused by: java.lang.IllegalStateException: org.hibernate.TransientPropertyValueException: object references an unsaved transient instance - save the transient instance before flushing: org.isf.medicalstock.model.Movement.lot -> org.isf.medicalstock.model.Lot
	at org.hibernate.ejb.AbstractEntityManagerImpl.convert(AbstractEntityManagerImpl.java:1384)
	at org.hibernate.ejb.AbstractEntityManagerImpl.convert(AbstractEntityManagerImpl.java:1310)
	at org.hibernate.ejb.QueryImpl.getSingleResult(QueryImpl.java:316)
	at org.springframework.data.jpa.repository.query.JpaQueryExecution$SingleEntityExecution.doExecute(JpaQueryExecution.java:210)
	at org.springframework.data.jpa.repository.query.JpaQueryExecution.execute(JpaQueryExecution.java:89)
	at org.springframework.data.jpa.repository.query.AbstractJpaQuery.doExecute(AbstractJpaQuery.java:126)
	at org.springframework.data.jpa.repository.query.AbstractJpaQuery.execute(AbstractJpaQuery.java:116)
	at org.springframework.data.repository.core.support.RepositoryFactorySupport$QueryExecutorMethodInterceptor.doInvoke(RepositoryFactorySupport.java:494)
	at org.springframework.data.repository.core.support.RepositoryFactorySupport$QueryExecutorMethodInterceptor.invoke(RepositoryFactorySupport.java:477)
	at org.springframework.aop.framework.ReflectiveMethodInvocation.proceed(ReflectiveMethodInvocation.java:179)
	at org.springframework.data.projection.DefaultMethodInvokingMethodInterceptor.invoke(DefaultMethodInvokingMethodInterceptor.java:56)
	at org.springframework.aop.framework.ReflectiveMethodInvocation.proceed(ReflectiveMethodInvocation.java:179)
	at org.springframework.transaction.interceptor.TransactionInterceptor$1.proceedWithInvocation(TransactionInterceptor.java:99)
	at org.springframework.transaction.interceptor.TransactionAspectSupport.invokeWithinTransaction(TransactionAspectSupport.java:283)
	at org.springframework.transaction.interceptor.TransactionInterceptor.invoke(TransactionInterceptor.java:96)
	at org.springframework.aop.framework.ReflectiveMethodInvocation.proceed(ReflectiveMethodInvocation.java:179)
	at org.springframework.dao.support.PersistenceExceptionTranslationInterceptor.invoke(PersistenceExceptionTranslationInterceptor.java:136)
	... 103 more
Caused by: org.hibernate.TransientPropertyValueException: object references an unsaved transient instance - save the transient instance before flushing: org.isf.medicalstock.model.Movement.lot -> org.isf.medicalstock.model.Lot
	at org.hibernate.engine.spi.CascadingAction$8.noCascade(CascadingAction.java:380)
	at org.hibernate.engine.internal.Cascade.cascade(Cascade.java:175)
	at org.hibernate.event.internal.AbstractFlushingEventListener.cascadeOnFlush(AbstractFlushingEventListener.java:165)
	at org.hibernate.event.internal.AbstractFlushingEventListener.prepareEntityFlushes(AbstractFlushingEventListener.java:156)
	at org.hibernate.event.internal.AbstractFlushingEventListener.flushEverythingToExecutions(AbstractFlushingEventListener.java:89)
	at org.hibernate.event.internal.DefaultAutoFlushEventListener.onAutoFlush(DefaultAutoFlushEventListener.java:61)
	at org.hibernate.internal.SessionImpl.autoFlushIfRequired(SessionImpl.java:1130)
	at org.hibernate.internal.SessionImpl.list(SessionImpl.java:1187)
	at org.hibernate.internal.QueryImpl.list(QueryImpl.java:101)
	at org.hibernate.ejb.QueryImpl.getSingleResult(QueryImpl.java:287)
	... 117 more
[05/jul/2024 13:43:33] [:] INFO - Rolled back transaction for test: [DefaultTestContext@329af9b1 testClass = Tests, testInstance = org.isf.medicalstock.test.Tests@9ce292, testMethod = testMgrValidateLotCodeTooLong@Tests, testException = [null], mergedContextConfiguration = [MergedContextConfiguration@7535554e testClass = Tests, locations = '{classpath:applicationContext.xml, classpath:applicationContext.xml}', classes = '{}', contextInitializerClasses = '[]', activeProfiles = '{}', propertySourceLocations = '{}', propertySourceProperties = '{}', contextCustomizers = set[org.springframework.boot.test.context.filter.ExcludeFilterContextCustomizer@255b53dc, org.springframework.boot.test.json.DuplicateJsonObjectContextCustomizerFactory$DuplicateJsonObjectContextCustomizer@64d2d351, org.springframework.boot.test.mock.mockito.MockitoContextCustomizer@0, org.springframework.boot.test.autoconfigure.properties.PropertyMappingContextCustomizer@0, org.springframework.boot.test.autoconfigure.web.servlet.WebDriverContextCustomizerFactory$Customizer@52aa2946], contextLoader = 'org.springframework.test.context.support.DelegatingSmartContextLoader', parent = [null]]]
]]></system-out>
  </testcase>
  <testcase name="testIoNewAutomaticDischargingMovementLotQuantityLessMovementQuantity[Test with AUTOMATICLOT_IN=false, AUTOMATICLOT_OUT=true, AUTOMATICLOTWARD_TOWARD=true]" classname="org.isf.medicalstock.test.Tests" time="0.013">
    <system-out><![CDATA[[05/jul/2024 13:43:33] [:] INFO - Began transaction (1) for test context [DefaultTestContext@329af9b1 testClass = Tests, testInstance = org.isf.medicalstock.test.Tests@4c23106f, testMethod = testIoNewAutomaticDischargingMovementLotQuantityLessMovementQuantity@Tests, testException = [null], mergedContextConfiguration = [MergedContextConfiguration@7535554e testClass = Tests, locations = '{classpath:applicationContext.xml, classpath:applicationContext.xml}', classes = '{}', contextInitializerClasses = '[]', activeProfiles = '{}', propertySourceLocations = '{}', propertySourceProperties = '{}', contextCustomizers = set[org.springframework.boot.test.context.filter.ExcludeFilterContextCustomizer@255b53dc, org.springframework.boot.test.json.DuplicateJsonObjectContextCustomizerFactory$DuplicateJsonObjectContextCustomizer@64d2d351, org.springframework.boot.test.mock.mockito.MockitoContextCustomizer@0, org.springframework.boot.test.autoconfigure.properties.PropertyMappingContextCustomizer@0, org.springframework.boot.test.autoconfigure.web.servlet.WebDriverContextCustomizerFactory$Customizer@52aa2946], contextLoader = 'org.springframework.test.context.support.DelegatingSmartContextLoader', parent = [null]]]; transaction manager [org.springframework.orm.jpa.JpaTransactionManager@4ece2750]; rollback [true]
[05/jul/2024 13:43:33] [:] INFO - Rolled back transaction for test: [DefaultTestContext@329af9b1 testClass = Tests, testInstance = org.isf.medicalstock.test.Tests@4c23106f, testMethod = testIoNewAutomaticDischargingMovementLotQuantityLessMovementQuantity@Tests, testException = [null], mergedContextConfiguration = [MergedContextConfiguration@7535554e testClass = Tests, locations = '{classpath:applicationContext.xml, classpath:applicationContext.xml}', classes = '{}', contextInitializerClasses = '[]', activeProfiles = '{}', propertySourceLocations = '{}', propertySourceProperties = '{}', contextCustomizers = set[org.springframework.boot.test.context.filter.ExcludeFilterContextCustomizer@255b53dc, org.springframework.boot.test.json.DuplicateJsonObjectContextCustomizerFactory$DuplicateJsonObjectContextCustomizer@64d2d351, org.springframework.boot.test.mock.mockito.MockitoContextCustomizer@0, org.springframework.boot.test.autoconfigure.properties.PropertyMappingContextCustomizer@0, org.springframework.boot.test.autoconfigure.web.servlet.WebDriverContextCustomizerFactory$Customizer@52aa2946], contextLoader = 'org.springframework.test.context.support.DelegatingSmartContextLoader', parent = [null]]]
]]></system-out>
  </testcase>
  <testcase name="testIoNewMovementOutGoingLots[Test with AUTOMATICLOT_IN=false, AUTOMATICLOT_OUT=true, AUTOMATICLOTWARD_TOWARD=true]" classname="org.isf.medicalstock.test.Tests" time="0.019">
    <system-out><![CDATA[[05/jul/2024 13:43:33] [:] INFO - Began transaction (1) for test context [DefaultTestContext@329af9b1 testClass = Tests, testInstance = org.isf.medicalstock.test.Tests@c29484b, testMethod = testIoNewMovementOutGoingLots@Tests, testException = [null], mergedContextConfiguration = [MergedContextConfiguration@7535554e testClass = Tests, locations = '{classpath:applicationContext.xml, classpath:applicationContext.xml}', classes = '{}', contextInitializerClasses = '[]', activeProfiles = '{}', propertySourceLocations = '{}', propertySourceProperties = '{}', contextCustomizers = set[org.springframework.boot.test.context.filter.ExcludeFilterContextCustomizer@255b53dc, org.springframework.boot.test.json.DuplicateJsonObjectContextCustomizerFactory$DuplicateJsonObjectContextCustomizer@64d2d351, org.springframework.boot.test.mock.mockito.MockitoContextCustomizer@0, org.springframework.boot.test.autoconfigure.properties.PropertyMappingContextCustomizer@0, org.springframework.boot.test.autoconfigure.web.servlet.WebDriverContextCustomizerFactory$Customizer@52aa2946], contextLoader = 'org.springframework.test.context.support.DelegatingSmartContextLoader', parent = [null]]]; transaction manager [org.springframework.orm.jpa.JpaTransactionManager@4ece2750]; rollback [true]
[05/jul/2024 13:43:33] [:] INFO - Rolled back transaction for test: [DefaultTestContext@329af9b1 testClass = Tests, testInstance = org.isf.medicalstock.test.Tests@c29484b, testMethod = testIoNewMovementOutGoingLots@Tests, testException = [null], mergedContextConfiguration = [MergedContextConfiguration@7535554e testClass = Tests, locations = '{classpath:applicationContext.xml, classpath:applicationContext.xml}', classes = '{}', contextInitializerClasses = '[]', activeProfiles = '{}', propertySourceLocations = '{}', propertySourceProperties = '{}', contextCustomizers = set[org.springframework.boot.test.context.filter.ExcludeFilterContextCustomizer@255b53dc, org.springframework.boot.test.json.DuplicateJsonObjectContextCustomizerFactory$DuplicateJsonObjectContextCustomizer@64d2d351, org.springframework.boot.test.mock.mockito.MockitoContextCustomizer@0, org.springframework.boot.test.autoconfigure.properties.PropertyMappingContextCustomizer@0, org.springframework.boot.test.autoconfigure.web.servlet.WebDriverContextCustomizerFactory$Customizer@52aa2946], contextLoader = 'org.springframework.test.context.support.DelegatingSmartContextLoader', parent = [null]]]
]]></system-out>
  </testcase>
  <testcase name="testIoGetMedicalsFromLot[Test with AUTOMATICLOT_IN=false, AUTOMATICLOT_OUT=true, AUTOMATICLOTWARD_TOWARD=true]" classname="org.isf.medicalstock.test.Tests" time="0.025">
    <system-out><![CDATA[[05/jul/2024 13:43:33] [:] INFO - Began transaction (1) for test context [DefaultTestContext@329af9b1 testClass = Tests, testInstance = org.isf.medicalstock.test.Tests@3c444112, testMethod = testIoGetMedicalsFromLot@Tests, testException = [null], mergedContextConfiguration = [MergedContextConfiguration@7535554e testClass = Tests, locations = '{classpath:applicationContext.xml, classpath:applicationContext.xml}', classes = '{}', contextInitializerClasses = '[]', activeProfiles = '{}', propertySourceLocations = '{}', propertySourceProperties = '{}', contextCustomizers = set[org.springframework.boot.test.context.filter.ExcludeFilterContextCustomizer@255b53dc, org.springframework.boot.test.json.DuplicateJsonObjectContextCustomizerFactory$DuplicateJsonObjectContextCustomizer@64d2d351, org.springframework.boot.test.mock.mockito.MockitoContextCustomizer@0, org.springframework.boot.test.autoconfigure.properties.PropertyMappingContextCustomizer@0, org.springframework.boot.test.autoconfigure.web.servlet.WebDriverContextCustomizerFactory$Customizer@52aa2946], contextLoader = 'org.springframework.test.context.support.DelegatingSmartContextLoader', parent = [null]]]; transaction manager [org.springframework.orm.jpa.JpaTransactionManager@4ece2750]; rollback [true]
[05/jul/2024 13:43:33] [:] INFO - Rolled back transaction for test: [DefaultTestContext@329af9b1 testClass = Tests, testInstance = org.isf.medicalstock.test.Tests@3c444112, testMethod = testIoGetMedicalsFromLot@Tests, testException = [null], mergedContextConfiguration = [MergedContextConfiguration@7535554e testClass = Tests, locations = '{classpath:applicationContext.xml, classpath:applicationContext.xml}', classes = '{}', contextInitializerClasses = '[]', activeProfiles = '{}', propertySourceLocations = '{}', propertySourceProperties = '{}', contextCustomizers = set[org.springframework.boot.test.context.filter.ExcludeFilterContextCustomizer@255b53dc, org.springframework.boot.test.json.DuplicateJsonObjectContextCustomizerFactory$DuplicateJsonObjectContextCustomizer@64d2d351, org.springframework.boot.test.mock.mockito.MockitoContextCustomizer@0, org.springframework.boot.test.autoconfigure.properties.PropertyMappingContextCustomizer@0, org.springframework.boot.test.autoconfigure.web.servlet.WebDriverContextCustomizerFactory$Customizer@52aa2946], contextLoader = 'org.springframework.test.context.support.DelegatingSmartContextLoader', parent = [null]]]
]]></system-out>
  </testcase>
  <testcase name="testMgrGetMovementsWithParameters[Test with AUTOMATICLOT_IN=false, AUTOMATICLOT_OUT=true, AUTOMATICLOTWARD_TOWARD=true]" classname="org.isf.medicalstock.test.Tests" time="0.016">
    <system-out><![CDATA[[05/jul/2024 13:43:33] [:] INFO - Began transaction (1) for test context [DefaultTestContext@329af9b1 testClass = Tests, testInstance = org.isf.medicalstock.test.Tests@6cec42ec, testMethod = testMgrGetMovementsWithParameters@Tests, testException = [null], mergedContextConfiguration = [MergedContextConfiguration@7535554e testClass = Tests, locations = '{classpath:applicationContext.xml, classpath:applicationContext.xml}', classes = '{}', contextInitializerClasses = '[]', activeProfiles = '{}', propertySourceLocations = '{}', propertySourceProperties = '{}', contextCustomizers = set[org.springframework.boot.test.context.filter.ExcludeFilterContextCustomizer@255b53dc, org.springframework.boot.test.json.DuplicateJsonObjectContextCustomizerFactory$DuplicateJsonObjectContextCustomizer@64d2d351, org.springframework.boot.test.mock.mockito.MockitoContextCustomizer@0, org.springframework.boot.test.autoconfigure.properties.PropertyMappingContextCustomizer@0, org.springframework.boot.test.autoconfigure.web.servlet.WebDriverContextCustomizerFactory$Customizer@52aa2946], contextLoader = 'org.springframework.test.context.support.DelegatingSmartContextLoader', parent = [null]]]; transaction manager [org.springframework.orm.jpa.JpaTransactionManager@4ece2750]; rollback [true]
[05/jul/2024 13:43:33] [:] INFO - Rolled back transaction for test: [DefaultTestContext@329af9b1 testClass = Tests, testInstance = org.isf.medicalstock.test.Tests@6cec42ec, testMethod = testMgrGetMovementsWithParameters@Tests, testException = [null], mergedContextConfiguration = [MergedContextConfiguration@7535554e testClass = Tests, locations = '{classpath:applicationContext.xml, classpath:applicationContext.xml}', classes = '{}', contextInitializerClasses = '[]', activeProfiles = '{}', propertySourceLocations = '{}', propertySourceProperties = '{}', contextCustomizers = set[org.springframework.boot.test.context.filter.ExcludeFilterContextCustomizer@255b53dc, org.springframework.boot.test.json.DuplicateJsonObjectContextCustomizerFactory$DuplicateJsonObjectContextCustomizer@64d2d351, org.springframework.boot.test.mock.mockito.MockitoContextCustomizer@0, org.springframework.boot.test.autoconfigure.properties.PropertyMappingContextCustomizer@0, org.springframework.boot.test.autoconfigure.web.servlet.WebDriverContextCustomizerFactory$Customizer@52aa2946], contextLoader = 'org.springframework.test.context.support.DelegatingSmartContextLoader', parent = [null]]]
]]></system-out>
  </testcase>
  <testcase name="testMgrRefNoExists[Test with AUTOMATICLOT_IN=false, AUTOMATICLOT_OUT=true, AUTOMATICLOTWARD_TOWARD=true]" classname="org.isf.medicalstock.test.Tests" time="0.008">
    <system-out><![CDATA[[05/jul/2024 13:43:33] [:] INFO - Began transaction (1) for test context [DefaultTestContext@329af9b1 testClass = Tests, testInstance = org.isf.medicalstock.test.Tests@562b4f58, testMethod = testMgrRefNoExists@Tests, testException = [null], mergedContextConfiguration = [MergedContextConfiguration@7535554e testClass = Tests, locations = '{classpath:applicationContext.xml, classpath:applicationContext.xml}', classes = '{}', contextInitializerClasses = '[]', activeProfiles = '{}', propertySourceLocations = '{}', propertySourceProperties = '{}', contextCustomizers = set[org.springframework.boot.test.context.filter.ExcludeFilterContextCustomizer@255b53dc, org.springframework.boot.test.json.DuplicateJsonObjectContextCustomizerFactory$DuplicateJsonObjectContextCustomizer@64d2d351, org.springframework.boot.test.mock.mockito.MockitoContextCustomizer@0, org.springframework.boot.test.autoconfigure.properties.PropertyMappingContextCustomizer@0, org.springframework.boot.test.autoconfigure.web.servlet.WebDriverContextCustomizerFactory$Customizer@52aa2946], contextLoader = 'org.springframework.test.context.support.DelegatingSmartContextLoader', parent = [null]]]; transaction manager [org.springframework.orm.jpa.JpaTransactionManager@4ece2750]; rollback [true]
[05/jul/2024 13:43:33] [:] INFO - Rolled back transaction for test: [DefaultTestContext@329af9b1 testClass = Tests, testInstance = org.isf.medicalstock.test.Tests@562b4f58, testMethod = testMgrRefNoExists@Tests, testException = [null], mergedContextConfiguration = [MergedContextConfiguration@7535554e testClass = Tests, locations = '{classpath:applicationContext.xml, classpath:applicationContext.xml}', classes = '{}', contextInitializerClasses = '[]', activeProfiles = '{}', propertySourceLocations = '{}', propertySourceProperties = '{}', contextCustomizers = set[org.springframework.boot.test.context.filter.ExcludeFilterContextCustomizer@255b53dc, org.springframework.boot.test.json.DuplicateJsonObjectContextCustomizerFactory$DuplicateJsonObjectContextCustomizer@64d2d351, org.springframework.boot.test.mock.mockito.MockitoContextCustomizer@0, org.springframework.boot.test.autoconfigure.properties.PropertyMappingContextCustomizer@0, org.springframework.boot.test.autoconfigure.web.servlet.WebDriverContextCustomizerFactory$Customizer@52aa2946], contextLoader = 'org.springframework.test.context.support.DelegatingSmartContextLoader', parent = [null]]]
]]></system-out>
  </testcase>
  <testcase name="testMgrValidateMovementDateBeforeLastDate[Test with AUTOMATICLOT_IN=false, AUTOMATICLOT_OUT=true, AUTOMATICLOTWARD_TOWARD=true]" classname="org.isf.medicalstock.test.Tests" time="0.013">
    <system-out><![CDATA[[05/jul/2024 13:43:33] [:] INFO - Began transaction (1) for test context [DefaultTestContext@329af9b1 testClass = Tests, testInstance = org.isf.medicalstock.test.Tests@a41b7f2, testMethod = testMgrValidateMovementDateBeforeLastDate@Tests, testException = [null], mergedContextConfiguration = [MergedContextConfiguration@7535554e testClass = Tests, locations = '{classpath:applicationContext.xml, classpath:applicationContext.xml}', classes = '{}', contextInitializerClasses = '[]', activeProfiles = '{}', propertySourceLocations = '{}', propertySourceProperties = '{}', contextCustomizers = set[org.springframework.boot.test.context.filter.ExcludeFilterContextCustomizer@255b53dc, org.springframework.boot.test.json.DuplicateJsonObjectContextCustomizerFactory$DuplicateJsonObjectContextCustomizer@64d2d351, org.springframework.boot.test.mock.mockito.MockitoContextCustomizer@0, org.springframework.boot.test.autoconfigure.properties.PropertyMappingContextCustomizer@0, org.springframework.boot.test.autoconfigure.web.servlet.WebDriverContextCustomizerFactory$Customizer@52aa2946], contextLoader = 'org.springframework.test.context.support.DelegatingSmartContextLoader', parent = [null]]]; transaction manager [org.springframework.orm.jpa.JpaTransactionManager@4ece2750]; rollback [true]
[05/jul/2024 13:43:33] [:] INFO - Rolled back transaction for test: [DefaultTestContext@329af9b1 testClass = Tests, testInstance = org.isf.medicalstock.test.Tests@a41b7f2, testMethod = testMgrValidateMovementDateBeforeLastDate@Tests, testException = [null], mergedContextConfiguration = [MergedContextConfiguration@7535554e testClass = Tests, locations = '{classpath:applicationContext.xml, classpath:applicationContext.xml}', classes = '{}', contextInitializerClasses = '[]', activeProfiles = '{}', propertySourceLocations = '{}', propertySourceProperties = '{}', contextCustomizers = set[org.springframework.boot.test.context.filter.ExcludeFilterContextCustomizer@255b53dc, org.springframework.boot.test.json.DuplicateJsonObjectContextCustomizerFactory$DuplicateJsonObjectContextCustomizer@64d2d351, org.springframework.boot.test.mock.mockito.MockitoContextCustomizer@0, org.springframework.boot.test.autoconfigure.properties.PropertyMappingContextCustomizer@0, org.springframework.boot.test.autoconfigure.web.servlet.WebDriverContextCustomizerFactory$Customizer@52aa2946], contextLoader = 'org.springframework.test.context.support.DelegatingSmartContextLoader', parent = [null]]]
]]></system-out>
  </testcase>
  <testcase name="testMgrPrepareChargingMovementBadRefNumber[Test with AUTOMATICLOT_IN=true, AUTOMATICLOT_OUT=false, AUTOMATICLOTWARD_TOWARD=false]" classname="org.isf.medicalstock.test.Tests" time="0.015">
    <system-out><![CDATA[[05/jul/2024 13:43:33] [:] INFO - Began transaction (1) for test context [DefaultTestContext@329af9b1 testClass = Tests, testInstance = org.isf.medicalstock.test.Tests@1a3b1272, testMethod = testMgrPrepareChargingMovementBadRefNumber@Tests, testException = [null], mergedContextConfiguration = [MergedContextConfiguration@7535554e testClass = Tests, locations = '{classpath:applicationContext.xml, classpath:applicationContext.xml}', classes = '{}', contextInitializerClasses = '[]', activeProfiles = '{}', propertySourceLocations = '{}', propertySourceProperties = '{}', contextCustomizers = set[org.springframework.boot.test.context.filter.ExcludeFilterContextCustomizer@255b53dc, org.springframework.boot.test.json.DuplicateJsonObjectContextCustomizerFactory$DuplicateJsonObjectContextCustomizer@64d2d351, org.springframework.boot.test.mock.mockito.MockitoContextCustomizer@0, org.springframework.boot.test.autoconfigure.properties.PropertyMappingContextCustomizer@0, org.springframework.boot.test.autoconfigure.web.servlet.WebDriverContextCustomizerFactory$Customizer@52aa2946], contextLoader = 'org.springframework.test.context.support.DelegatingSmartContextLoader', parent = [null]]]; transaction manager [org.springframework.orm.jpa.JpaTransactionManager@4ece2750]; rollback [true]
[05/jul/2024 13:43:33] [:] INFO - Rolled back transaction for test: [DefaultTestContext@329af9b1 testClass = Tests, testInstance = org.isf.medicalstock.test.Tests@1a3b1272, testMethod = testMgrPrepareChargingMovementBadRefNumber@Tests, testException = [null], mergedContextConfiguration = [MergedContextConfiguration@7535554e testClass = Tests, locations = '{classpath:applicationContext.xml, classpath:applicationContext.xml}', classes = '{}', contextInitializerClasses = '[]', activeProfiles = '{}', propertySourceLocations = '{}', propertySourceProperties = '{}', contextCustomizers = set[org.springframework.boot.test.context.filter.ExcludeFilterContextCustomizer@255b53dc, org.springframework.boot.test.json.DuplicateJsonObjectContextCustomizerFactory$DuplicateJsonObjectContextCustomizer@64d2d351, org.springframework.boot.test.mock.mockito.MockitoContextCustomizer@0, org.springframework.boot.test.autoconfigure.properties.PropertyMappingContextCustomizer@0, org.springframework.boot.test.autoconfigure.web.servlet.WebDriverContextCustomizerFactory$Customizer@52aa2946], contextLoader = 'org.springframework.test.context.support.DelegatingSmartContextLoader', parent = [null]]]
]]></system-out>
  </testcase>
  <testcase name="testMgrValidateLotWithCostZero[Test with AUTOMATICLOT_IN=true, AUTOMATICLOT_OUT=false, AUTOMATICLOTWARD_TOWARD=false]" classname="org.isf.medicalstock.test.Tests" time="0.012">
    <system-out><![CDATA[[05/jul/2024 13:43:33] [:] INFO - Began transaction (1) for test context [DefaultTestContext@329af9b1 testClass = Tests, testInstance = org.isf.medicalstock.test.Tests@56c7a82, testMethod = testMgrValidateLotWithCostZero@Tests, testException = [null], mergedContextConfiguration = [MergedContextConfiguration@7535554e testClass = Tests, locations = '{classpath:applicationContext.xml, classpath:applicationContext.xml}', classes = '{}', contextInitializerClasses = '[]', activeProfiles = '{}', propertySourceLocations = '{}', propertySourceProperties = '{}', contextCustomizers = set[org.springframework.boot.test.context.filter.ExcludeFilterContextCustomizer@255b53dc, org.springframework.boot.test.json.DuplicateJsonObjectContextCustomizerFactory$DuplicateJsonObjectContextCustomizer@64d2d351, org.springframework.boot.test.mock.mockito.MockitoContextCustomizer@0, org.springframework.boot.test.autoconfigure.properties.PropertyMappingContextCustomizer@0, org.springframework.boot.test.autoconfigure.web.servlet.WebDriverContextCustomizerFactory$Customizer@52aa2946], contextLoader = 'org.springframework.test.context.support.DelegatingSmartContextLoader', parent = [null]]]; transaction manager [org.springframework.orm.jpa.JpaTransactionManager@4ece2750]; rollback [true]
[05/jul/2024 13:43:33] [:] INFO - Rolled back transaction for test: [DefaultTestContext@329af9b1 testClass = Tests, testInstance = org.isf.medicalstock.test.Tests@56c7a82, testMethod = testMgrValidateLotWithCostZero@Tests, testException = [null], mergedContextConfiguration = [MergedContextConfiguration@7535554e testClass = Tests, locations = '{classpath:applicationContext.xml, classpath:applicationContext.xml}', classes = '{}', contextInitializerClasses = '[]', activeProfiles = '{}', propertySourceLocations = '{}', propertySourceProperties = '{}', contextCustomizers = set[org.springframework.boot.test.context.filter.ExcludeFilterContextCustomizer@255b53dc, org.springframework.boot.test.json.DuplicateJsonObjectContextCustomizerFactory$DuplicateJsonObjectContextCustomizer@64d2d351, org.springframework.boot.test.mock.mockito.MockitoContextCustomizer@0, org.springframework.boot.test.autoconfigure.properties.PropertyMappingContextCustomizer@0, org.springframework.boot.test.autoconfigure.web.servlet.WebDriverContextCustomizerFactory$Customizer@52aa2946], contextLoader = 'org.springframework.test.context.support.DelegatingSmartContextLoader', parent = [null]]]
]]></system-out>
  </testcase>
  <testcase name="testMgrPrepareChargingMovement[Test with AUTOMATICLOT_IN=true, AUTOMATICLOT_OUT=false, AUTOMATICLOTWARD_TOWARD=false]" classname="org.isf.medicalstock.test.Tests" time="0.014">
    <system-out><![CDATA[[05/jul/2024 13:43:33] [:] INFO - Began transaction (1) for test context [DefaultTestContext@329af9b1 testClass = Tests, testInstance = org.isf.medicalstock.test.Tests@5efd6b2, testMethod = testMgrPrepareChargingMovement@Tests, testException = [null], mergedContextConfiguration = [MergedContextConfiguration@7535554e testClass = Tests, locations = '{classpath:applicationContext.xml, classpath:applicationContext.xml}', classes = '{}', contextInitializerClasses = '[]', activeProfiles = '{}', propertySourceLocations = '{}', propertySourceProperties = '{}', contextCustomizers = set[org.springframework.boot.test.context.filter.ExcludeFilterContextCustomizer@255b53dc, org.springframework.boot.test.json.DuplicateJsonObjectContextCustomizerFactory$DuplicateJsonObjectContextCustomizer@64d2d351, org.springframework.boot.test.mock.mockito.MockitoContextCustomizer@0, org.springframework.boot.test.autoconfigure.properties.PropertyMappingContextCustomizer@0, org.springframework.boot.test.autoconfigure.web.servlet.WebDriverContextCustomizerFactory$Customizer@52aa2946], contextLoader = 'org.springframework.test.context.support.DelegatingSmartContextLoader', parent = [null]]]; transaction manager [org.springframework.orm.jpa.JpaTransactionManager@4ece2750]; rollback [true]
[05/jul/2024 13:43:33] [:] INFO - Rolled back transaction for test: [DefaultTestContext@329af9b1 testClass = Tests, testInstance = org.isf.medicalstock.test.Tests@5efd6b2, testMethod = testMgrPrepareChargingMovement@Tests, testException = [null], mergedContextConfiguration = [MergedContextConfiguration@7535554e testClass = Tests, locations = '{classpath:applicationContext.xml, classpath:applicationContext.xml}', classes = '{}', contextInitializerClasses = '[]', activeProfiles = '{}', propertySourceLocations = '{}', propertySourceProperties = '{}', contextCustomizers = set[org.springframework.boot.test.context.filter.ExcludeFilterContextCustomizer@255b53dc, org.springframework.boot.test.json.DuplicateJsonObjectContextCustomizerFactory$DuplicateJsonObjectContextCustomizer@64d2d351, org.springframework.boot.test.mock.mockito.MockitoContextCustomizer@0, org.springframework.boot.test.autoconfigure.properties.PropertyMappingContextCustomizer@0, org.springframework.boot.test.autoconfigure.web.servlet.WebDriverContextCustomizerFactory$Customizer@52aa2946], contextLoader = 'org.springframework.test.context.support.DelegatingSmartContextLoader', parent = [null]]]
]]></system-out>
  </testcase>
  <testcase name="testMgrGetMovementsByReference[Test with AUTOMATICLOT_IN=true, AUTOMATICLOT_OUT=false, AUTOMATICLOTWARD_TOWARD=false]" classname="org.isf.medicalstock.test.Tests" time="0.013">
    <system-out><![CDATA[[05/jul/2024 13:43:33] [:] INFO - Began transaction (1) for test context [DefaultTestContext@329af9b1 testClass = Tests, testInstance = org.isf.medicalstock.test.Tests@318b7573, testMethod = testMgrGetMovementsByReference@Tests, testException = [null], mergedContextConfiguration = [MergedContextConfiguration@7535554e testClass = Tests, locations = '{classpath:applicationContext.xml, classpath:applicationContext.xml}', classes = '{}', contextInitializerClasses = '[]', activeProfiles = '{}', propertySourceLocations = '{}', propertySourceProperties = '{}', contextCustomizers = set[org.springframework.boot.test.context.filter.ExcludeFilterContextCustomizer@255b53dc, org.springframework.boot.test.json.DuplicateJsonObjectContextCustomizerFactory$DuplicateJsonObjectContextCustomizer@64d2d351, org.springframework.boot.test.mock.mockito.MockitoContextCustomizer@0, org.springframework.boot.test.autoconfigure.properties.PropertyMappingContextCustomizer@0, org.springframework.boot.test.autoconfigure.web.servlet.WebDriverContextCustomizerFactory$Customizer@52aa2946], contextLoader = 'org.springframework.test.context.support.DelegatingSmartContextLoader', parent = [null]]]; transaction manager [org.springframework.orm.jpa.JpaTransactionManager@4ece2750]; rollback [true]
[05/jul/2024 13:43:33] [:] INFO - Rolled back transaction for test: [DefaultTestContext@329af9b1 testClass = Tests, testInstance = org.isf.medicalstock.test.Tests@318b7573, testMethod = testMgrGetMovementsByReference@Tests, testException = [null], mergedContextConfiguration = [MergedContextConfiguration@7535554e testClass = Tests, locations = '{classpath:applicationContext.xml, classpath:applicationContext.xml}', classes = '{}', contextInitializerClasses = '[]', activeProfiles = '{}', propertySourceLocations = '{}', propertySourceProperties = '{}', contextCustomizers = set[org.springframework.boot.test.context.filter.ExcludeFilterContextCustomizer@255b53dc, org.springframework.boot.test.json.DuplicateJsonObjectContextCustomizerFactory$DuplicateJsonObjectContextCustomizer@64d2d351, org.springframework.boot.test.mock.mockito.MockitoContextCustomizer@0, org.springframework.boot.test.autoconfigure.properties.PropertyMappingContextCustomizer@0, org.springframework.boot.test.autoconfigure.web.servlet.WebDriverContextCustomizerFactory$Customizer@52aa2946], contextLoader = 'org.springframework.test.context.support.DelegatingSmartContextLoader', parent = [null]]]
]]></system-out>
  </testcase>
  <testcase name="testIoGetMovementsWihAllParameters[Test with AUTOMATICLOT_IN=true, AUTOMATICLOT_OUT=false, AUTOMATICLOTWARD_TOWARD=false]" classname="org.isf.medicalstock.test.Tests" time="0.012">
    <system-out><![CDATA[[05/jul/2024 13:43:33] [:] INFO - Began transaction (1) for test context [DefaultTestContext@329af9b1 testClass = Tests, testInstance = org.isf.medicalstock.test.Tests@600ab6b6, testMethod = testIoGetMovementsWihAllParameters@Tests, testException = [null], mergedContextConfiguration = [MergedContextConfiguration@7535554e testClass = Tests, locations = '{classpath:applicationContext.xml, classpath:applicationContext.xml}', classes = '{}', contextInitializerClasses = '[]', activeProfiles = '{}', propertySourceLocations = '{}', propertySourceProperties = '{}', contextCustomizers = set[org.springframework.boot.test.context.filter.ExcludeFilterContextCustomizer@255b53dc, org.springframework.boot.test.json.DuplicateJsonObjectContextCustomizerFactory$DuplicateJsonObjectContextCustomizer@64d2d351, org.springframework.boot.test.mock.mockito.MockitoContextCustomizer@0, org.springframework.boot.test.autoconfigure.properties.PropertyMappingContextCustomizer@0, org.springframework.boot.test.autoconfigure.web.servlet.WebDriverContextCustomizerFactory$Customizer@52aa2946], contextLoader = 'org.springframework.test.context.support.DelegatingSmartContextLoader', parent = [null]]]; transaction manager [org.springframework.orm.jpa.JpaTransactionManager@4ece2750]; rollback [true]
[05/jul/2024 13:43:33] [:] INFO - Rolled back transaction for test: [DefaultTestContext@329af9b1 testClass = Tests, testInstance = org.isf.medicalstock.test.Tests@600ab6b6, testMethod = testIoGetMovementsWihAllParameters@Tests, testException = [null], mergedContextConfiguration = [MergedContextConfiguration@7535554e testClass = Tests, locations = '{classpath:applicationContext.xml, classpath:applicationContext.xml}', classes = '{}', contextInitializerClasses = '[]', activeProfiles = '{}', propertySourceLocations = '{}', propertySourceProperties = '{}', contextCustomizers = set[org.springframework.boot.test.context.filter.ExcludeFilterContextCustomizer@255b53dc, org.springframework.boot.test.json.DuplicateJsonObjectContextCustomizerFactory$DuplicateJsonObjectContextCustomizer@64d2d351, org.springframework.boot.test.mock.mockito.MockitoContextCustomizer@0, org.springframework.boot.test.autoconfigure.properties.PropertyMappingContextCustomizer@0, org.springframework.boot.test.autoconfigure.web.servlet.WebDriverContextCustomizerFactory$Customizer@52aa2946], contextLoader = 'org.springframework.test.context.support.DelegatingSmartContextLoader', parent = [null]]]
]]></system-out>
  </testcase>
  <testcase name="testMgrAlertCriticalQuantityOverLimit[Test with AUTOMATICLOT_IN=true, AUTOMATICLOT_OUT=false, AUTOMATICLOTWARD_TOWARD=false]" classname="org.isf.medicalstock.test.Tests" time="0.012">
    <system-out><![CDATA[[05/jul/2024 13:43:33] [:] INFO - Began transaction (1) for test context [DefaultTestContext@329af9b1 testClass = Tests, testInstance = org.isf.medicalstock.test.Tests@715f209f, testMethod = testMgrAlertCriticalQuantityOverLimit@Tests, testException = [null], mergedContextConfiguration = [MergedContextConfiguration@7535554e testClass = Tests, locations = '{classpath:applicationContext.xml, classpath:applicationContext.xml}', classes = '{}', contextInitializerClasses = '[]', activeProfiles = '{}', propertySourceLocations = '{}', propertySourceProperties = '{}', contextCustomizers = set[org.springframework.boot.test.context.filter.ExcludeFilterContextCustomizer@255b53dc, org.springframework.boot.test.json.DuplicateJsonObjectContextCustomizerFactory$DuplicateJsonObjectContextCustomizer@64d2d351, org.springframework.boot.test.mock.mockito.MockitoContextCustomizer@0, org.springframework.boot.test.autoconfigure.properties.PropertyMappingContextCustomizer@0, org.springframework.boot.test.autoconfigure.web.servlet.WebDriverContextCustomizerFactory$Customizer@52aa2946], contextLoader = 'org.springframework.test.context.support.DelegatingSmartContextLoader', parent = [null]]]; transaction manager [org.springframework.orm.jpa.JpaTransactionManager@4ece2750]; rollback [true]
[05/jul/2024 13:43:33] [:] INFO - Rolled back transaction for test: [DefaultTestContext@329af9b1 testClass = Tests, testInstance = org.isf.medicalstock.test.Tests@715f209f, testMethod = testMgrAlertCriticalQuantityOverLimit@Tests, testException = [null], mergedContextConfiguration = [MergedContextConfiguration@7535554e testClass = Tests, locations = '{classpath:applicationContext.xml, classpath:applicationContext.xml}', classes = '{}', contextInitializerClasses = '[]', activeProfiles = '{}', propertySourceLocations = '{}', propertySourceProperties = '{}', contextCustomizers = set[org.springframework.boot.test.context.filter.ExcludeFilterContextCustomizer@255b53dc, org.springframework.boot.test.json.DuplicateJsonObjectContextCustomizerFactory$DuplicateJsonObjectContextCustomizer@64d2d351, org.springframework.boot.test.mock.mockito.MockitoContextCustomizer@0, org.springframework.boot.test.autoconfigure.properties.PropertyMappingContextCustomizer@0, org.springframework.boot.test.autoconfigure.web.servlet.WebDriverContextCustomizerFactory$Customizer@52aa2946], contextLoader = 'org.springframework.test.context.support.DelegatingSmartContextLoader', parent = [null]]]
]]></system-out>
  </testcase>
  <testcase name="testMgrAlertCriticalQuantityUnderLimit[Test with AUTOMATICLOT_IN=true, AUTOMATICLOT_OUT=false, AUTOMATICLOTWARD_TOWARD=false]" classname="org.isf.medicalstock.test.Tests" time="0.01">
    <system-out><![CDATA[[05/jul/2024 13:43:33] [:] INFO - Began transaction (1) for test context [DefaultTestContext@329af9b1 testClass = Tests, testInstance = org.isf.medicalstock.test.Tests@36fd7faf, testMethod = testMgrAlertCriticalQuantityUnderLimit@Tests, testException = [null], mergedContextConfiguration = [MergedContextConfiguration@7535554e testClass = Tests, locations = '{classpath:applicationContext.xml, classpath:applicationContext.xml}', classes = '{}', contextInitializerClasses = '[]', activeProfiles = '{}', propertySourceLocations = '{}', propertySourceProperties = '{}', contextCustomizers = set[org.springframework.boot.test.context.filter.ExcludeFilterContextCustomizer@255b53dc, org.springframework.boot.test.json.DuplicateJsonObjectContextCustomizerFactory$DuplicateJsonObjectContextCustomizer@64d2d351, org.springframework.boot.test.mock.mockito.MockitoContextCustomizer@0, org.springframework.boot.test.autoconfigure.properties.PropertyMappingContextCustomizer@0, org.springframework.boot.test.autoconfigure.web.servlet.WebDriverContextCustomizerFactory$Customizer@52aa2946], contextLoader = 'org.springframework.test.context.support.DelegatingSmartContextLoader', parent = [null]]]; transaction manager [org.springframework.orm.jpa.JpaTransactionManager@4ece2750]; rollback [true]
[05/jul/2024 13:43:33] [:] INFO - Rolled back transaction for test: [DefaultTestContext@329af9b1 testClass = Tests, testInstance = org.isf.medicalstock.test.Tests@36fd7faf, testMethod = testMgrAlertCriticalQuantityUnderLimit@Tests, testException = [null], mergedContextConfiguration = [MergedContextConfiguration@7535554e testClass = Tests, locations = '{classpath:applicationContext.xml, classpath:applicationContext.xml}', classes = '{}', contextInitializerClasses = '[]', activeProfiles = '{}', propertySourceLocations = '{}', propertySourceProperties = '{}', contextCustomizers = set[org.springframework.boot.test.context.filter.ExcludeFilterContextCustomizer@255b53dc, org.springframework.boot.test.json.DuplicateJsonObjectContextCustomizerFactory$DuplicateJsonObjectContextCustomizer@64d2d351, org.springframework.boot.test.mock.mockito.MockitoContextCustomizer@0, org.springframework.boot.test.autoconfigure.properties.PropertyMappingContextCustomizer@0, org.springframework.boot.test.autoconfigure.web.servlet.WebDriverContextCustomizerFactory$Customizer@52aa2946], contextLoader = 'org.springframework.test.context.support.DelegatingSmartContextLoader', parent = [null]]]
]]></system-out>
  </testcase>
  <testcase name="testIoNewMovementUpdateMedicalWardQuantityMedicalWardFound[Test with AUTOMATICLOT_IN=true, AUTOMATICLOT_OUT=false, AUTOMATICLOTWARD_TOWARD=false]" classname="org.isf.medicalstock.test.Tests" time="0.013">
    <system-out><![CDATA[[05/jul/2024 13:43:33] [:] INFO - Began transaction (1) for test context [DefaultTestContext@329af9b1 testClass = Tests, testInstance = org.isf.medicalstock.test.Tests@4280b1ac, testMethod = testIoNewMovementUpdateMedicalWardQuantityMedicalWardFound@Tests, testException = [null], mergedContextConfiguration = [MergedContextConfiguration@7535554e testClass = Tests, locations = '{classpath:applicationContext.xml, classpath:applicationContext.xml}', classes = '{}', contextInitializerClasses = '[]', activeProfiles = '{}', propertySourceLocations = '{}', propertySourceProperties = '{}', contextCustomizers = set[org.springframework.boot.test.context.filter.ExcludeFilterContextCustomizer@255b53dc, org.springframework.boot.test.json.DuplicateJsonObjectContextCustomizerFactory$DuplicateJsonObjectContextCustomizer@64d2d351, org.springframework.boot.test.mock.mockito.MockitoContextCustomizer@0, org.springframework.boot.test.autoconfigure.properties.PropertyMappingContextCustomizer@0, org.springframework.boot.test.autoconfigure.web.servlet.WebDriverContextCustomizerFactory$Customizer@52aa2946], contextLoader = 'org.springframework.test.context.support.DelegatingSmartContextLoader', parent = [null]]]; transaction manager [org.springframework.orm.jpa.JpaTransactionManager@4ece2750]; rollback [true]
[05/jul/2024 13:43:33] [:] INFO - Rolled back transaction for test: [DefaultTestContext@329af9b1 testClass = Tests, testInstance = org.isf.medicalstock.test.Tests@4280b1ac, testMethod = testIoNewMovementUpdateMedicalWardQuantityMedicalWardFound@Tests, testException = [null], mergedContextConfiguration = [MergedContextConfiguration@7535554e testClass = Tests, locations = '{classpath:applicationContext.xml, classpath:applicationContext.xml}', classes = '{}', contextInitializerClasses = '[]', activeProfiles = '{}', propertySourceLocations = '{}', propertySourceProperties = '{}', contextCustomizers = set[org.springframework.boot.test.context.filter.ExcludeFilterContextCustomizer@255b53dc, org.springframework.boot.test.json.DuplicateJsonObjectContextCustomizerFactory$DuplicateJsonObjectContextCustomizer@64d2d351, org.springframework.boot.test.mock.mockito.MockitoContextCustomizer@0, org.springframework.boot.test.autoconfigure.properties.PropertyMappingContextCustomizer@0, org.springframework.boot.test.autoconfigure.web.servlet.WebDriverContextCustomizerFactory$Customizer@52aa2946], contextLoader = 'org.springframework.test.context.support.DelegatingSmartContextLoader', parent = [null]]]
]]></system-out>
  </testcase>
  <testcase name="testMgrGetMovementsWihAllParametersNull[Test with AUTOMATICLOT_IN=true, AUTOMATICLOT_OUT=false, AUTOMATICLOTWARD_TOWARD=false]" classname="org.isf.medicalstock.test.Tests" time="0.014">
    <system-out><![CDATA[[05/jul/2024 13:43:33] [:] INFO - Began transaction (1) for test context [DefaultTestContext@329af9b1 testClass = Tests, testInstance = org.isf.medicalstock.test.Tests@49c896fe, testMethod = testMgrGetMovementsWihAllParametersNull@Tests, testException = [null], mergedContextConfiguration = [MergedContextConfiguration@7535554e testClass = Tests, locations = '{classpath:applicationContext.xml, classpath:applicationContext.xml}', classes = '{}', contextInitializerClasses = '[]', activeProfiles = '{}', propertySourceLocations = '{}', propertySourceProperties = '{}', contextCustomizers = set[org.springframework.boot.test.context.filter.ExcludeFilterContextCustomizer@255b53dc, org.springframework.boot.test.json.DuplicateJsonObjectContextCustomizerFactory$DuplicateJsonObjectContextCustomizer@64d2d351, org.springframework.boot.test.mock.mockito.MockitoContextCustomizer@0, org.springframework.boot.test.autoconfigure.properties.PropertyMappingContextCustomizer@0, org.springframework.boot.test.autoconfigure.web.servlet.WebDriverContextCustomizerFactory$Customizer@52aa2946], contextLoader = 'org.springframework.test.context.support.DelegatingSmartContextLoader', parent = [null]]]; transaction manager [org.springframework.orm.jpa.JpaTransactionManager@4ece2750]; rollback [true]
[05/jul/2024 13:43:33] [:] INFO - Rolled back transaction for test: [DefaultTestContext@329af9b1 testClass = Tests, testInstance = org.isf.medicalstock.test.Tests@49c896fe, testMethod = testMgrGetMovementsWihAllParametersNull@Tests, testException = [null], mergedContextConfiguration = [MergedContextConfiguration@7535554e testClass = Tests, locations = '{classpath:applicationContext.xml, classpath:applicationContext.xml}', classes = '{}', contextInitializerClasses = '[]', activeProfiles = '{}', propertySourceLocations = '{}', propertySourceProperties = '{}', contextCustomizers = set[org.springframework.boot.test.context.filter.ExcludeFilterContextCustomizer@255b53dc, org.springframework.boot.test.json.DuplicateJsonObjectContextCustomizerFactory$DuplicateJsonObjectContextCustomizer@64d2d351, org.springframework.boot.test.mock.mockito.MockitoContextCustomizer@0, org.springframework.boot.test.autoconfigure.properties.PropertyMappingContextCustomizer@0, org.springframework.boot.test.autoconfigure.web.servlet.WebDriverContextCustomizerFactory$Customizer@52aa2946], contextLoader = 'org.springframework.test.context.support.DelegatingSmartContextLoader', parent = [null]]]
]]></system-out>
  </testcase>
  <testcase name="testMgrGetMovements[Test with AUTOMATICLOT_IN=true, AUTOMATICLOT_OUT=false, AUTOMATICLOTWARD_TOWARD=false]" classname="org.isf.medicalstock.test.Tests" time="0.016">
    <system-out><![CDATA[[05/jul/2024 13:43:33] [:] INFO - Began transaction (1) for test context [DefaultTestContext@329af9b1 testClass = Tests, testInstance = org.isf.medicalstock.test.Tests@784a73d9, testMethod = testMgrGetMovements@Tests, testException = [null], mergedContextConfiguration = [MergedContextConfiguration@7535554e testClass = Tests, locations = '{classpath:applicationContext.xml, classpath:applicationContext.xml}', classes = '{}', contextInitializerClasses = '[]', activeProfiles = '{}', propertySourceLocations = '{}', propertySourceProperties = '{}', contextCustomizers = set[org.springframework.boot.test.context.filter.ExcludeFilterContextCustomizer@255b53dc, org.springframework.boot.test.json.DuplicateJsonObjectContextCustomizerFactory$DuplicateJsonObjectContextCustomizer@64d2d351, org.springframework.boot.test.mock.mockito.MockitoContextCustomizer@0, org.springframework.boot.test.autoconfigure.properties.PropertyMappingContextCustomizer@0, org.springframework.boot.test.autoconfigure.web.servlet.WebDriverContextCustomizerFactory$Customizer@52aa2946], contextLoader = 'org.springframework.test.context.support.DelegatingSmartContextLoader', parent = [null]]]; transaction manager [org.springframework.orm.jpa.JpaTransactionManager@4ece2750]; rollback [true]
[05/jul/2024 13:43:33] [:] INFO - Rolled back transaction for test: [DefaultTestContext@329af9b1 testClass = Tests, testInstance = org.isf.medicalstock.test.Tests@784a73d9, testMethod = testMgrGetMovements@Tests, testException = [null], mergedContextConfiguration = [MergedContextConfiguration@7535554e testClass = Tests, locations = '{classpath:applicationContext.xml, classpath:applicationContext.xml}', classes = '{}', contextInitializerClasses = '[]', activeProfiles = '{}', propertySourceLocations = '{}', propertySourceProperties = '{}', contextCustomizers = set[org.springframework.boot.test.context.filter.ExcludeFilterContextCustomizer@255b53dc, org.springframework.boot.test.json.DuplicateJsonObjectContextCustomizerFactory$DuplicateJsonObjectContextCustomizer@64d2d351, org.springframework.boot.test.mock.mockito.MockitoContextCustomizer@0, org.springframework.boot.test.autoconfigure.properties.PropertyMappingContextCustomizer@0, org.springframework.boot.test.autoconfigure.web.servlet.WebDriverContextCustomizerFactory$Customizer@52aa2946], contextLoader = 'org.springframework.test.context.support.DelegatingSmartContextLoader', parent = [null]]]
]]></system-out>
  </testcase>
  <testcase name="testIoPrepareDischargingMovement[Test with AUTOMATICLOT_IN=true, AUTOMATICLOT_OUT=false, AUTOMATICLOTWARD_TOWARD=false]" classname="org.isf.medicalstock.test.Tests" time="0.015">
    <system-out><![CDATA[[05/jul/2024 13:43:33] [:] INFO - Began transaction (1) for test context [DefaultTestContext@329af9b1 testClass = Tests, testInstance = org.isf.medicalstock.test.Tests@3a40ea34, testMethod = testIoPrepareDischargingMovement@Tests, testException = [null], mergedContextConfiguration = [MergedContextConfiguration@7535554e testClass = Tests, locations = '{classpath:applicationContext.xml, classpath:applicationContext.xml}', classes = '{}', contextInitializerClasses = '[]', activeProfiles = '{}', propertySourceLocations = '{}', propertySourceProperties = '{}', contextCustomizers = set[org.springframework.boot.test.context.filter.ExcludeFilterContextCustomizer@255b53dc, org.springframework.boot.test.json.DuplicateJsonObjectContextCustomizerFactory$DuplicateJsonObjectContextCustomizer@64d2d351, org.springframework.boot.test.mock.mockito.MockitoContextCustomizer@0, org.springframework.boot.test.autoconfigure.properties.PropertyMappingContextCustomizer@0, org.springframework.boot.test.autoconfigure.web.servlet.WebDriverContextCustomizerFactory$Customizer@52aa2946], contextLoader = 'org.springframework.test.context.support.DelegatingSmartContextLoader', parent = [null]]]; transaction manager [org.springframework.orm.jpa.JpaTransactionManager@4ece2750]; rollback [true]
[05/jul/2024 13:43:33] [:] INFO - Rolled back transaction for test: [DefaultTestContext@329af9b1 testClass = Tests, testInstance = org.isf.medicalstock.test.Tests@3a40ea34, testMethod = testIoPrepareDischargingMovement@Tests, testException = [null], mergedContextConfiguration = [MergedContextConfiguration@7535554e testClass = Tests, locations = '{classpath:applicationContext.xml, classpath:applicationContext.xml}', classes = '{}', contextInitializerClasses = '[]', activeProfiles = '{}', propertySourceLocations = '{}', propertySourceProperties = '{}', contextCustomizers = set[org.springframework.boot.test.context.filter.ExcludeFilterContextCustomizer@255b53dc, org.springframework.boot.test.json.DuplicateJsonObjectContextCustomizerFactory$DuplicateJsonObjectContextCustomizer@64d2d351, org.springframework.boot.test.mock.mockito.MockitoContextCustomizer@0, org.springframework.boot.test.autoconfigure.properties.PropertyMappingContextCustomizer@0, org.springframework.boot.test.autoconfigure.web.servlet.WebDriverContextCustomizerFactory$Customizer@52aa2946], contextLoader = 'org.springframework.test.context.support.DelegatingSmartContextLoader', parent = [null]]]
]]></system-out>
  </testcase>
  <testcase name="testMgrPrepareDischargingMovementIsAutomaticLotOut[Test with AUTOMATICLOT_IN=true, AUTOMATICLOT_OUT=false, AUTOMATICLOTWARD_TOWARD=false]" classname="org.isf.medicalstock.test.Tests" time="0.028">
    <system-out><![CDATA[[05/jul/2024 13:43:33] [:] INFO - Began transaction (1) for test context [DefaultTestContext@329af9b1 testClass = Tests, testInstance = org.isf.medicalstock.test.Tests@59b03b24, testMethod = testMgrPrepareDischargingMovementIsAutomaticLotOut@Tests, testException = [null], mergedContextConfiguration = [MergedContextConfiguration@7535554e testClass = Tests, locations = '{classpath:applicationContext.xml, classpath:applicationContext.xml}', classes = '{}', contextInitializerClasses = '[]', activeProfiles = '{}', propertySourceLocations = '{}', propertySourceProperties = '{}', contextCustomizers = set[org.springframework.boot.test.context.filter.ExcludeFilterContextCustomizer@255b53dc, org.springframework.boot.test.json.DuplicateJsonObjectContextCustomizerFactory$DuplicateJsonObjectContextCustomizer@64d2d351, org.springframework.boot.test.mock.mockito.MockitoContextCustomizer@0, org.springframework.boot.test.autoconfigure.properties.PropertyMappingContextCustomizer@0, org.springframework.boot.test.autoconfigure.web.servlet.WebDriverContextCustomizerFactory$Customizer@52aa2946], contextLoader = 'org.springframework.test.context.support.DelegatingSmartContextLoader', parent = [null]]]; transaction manager [org.springframework.orm.jpa.JpaTransactionManager@4ece2750]; rollback [true]
[05/jul/2024 13:43:33] [:] INFO - Rolled back transaction for test: [DefaultTestContext@329af9b1 testClass = Tests, testInstance = org.isf.medicalstock.test.Tests@59b03b24, testMethod = testMgrPrepareDischargingMovementIsAutomaticLotOut@Tests, testException = [null], mergedContextConfiguration = [MergedContextConfiguration@7535554e testClass = Tests, locations = '{classpath:applicationContext.xml, classpath:applicationContext.xml}', classes = '{}', contextInitializerClasses = '[]', activeProfiles = '{}', propertySourceLocations = '{}', propertySourceProperties = '{}', contextCustomizers = set[org.springframework.boot.test.context.filter.ExcludeFilterContextCustomizer@255b53dc, org.springframework.boot.test.json.DuplicateJsonObjectContextCustomizerFactory$DuplicateJsonObjectContextCustomizer@64d2d351, org.springframework.boot.test.mock.mockito.MockitoContextCustomizer@0, org.springframework.boot.test.autoconfigure.properties.PropertyMappingContextCustomizer@0, org.springframework.boot.test.autoconfigure.web.servlet.WebDriverContextCustomizerFactory$Customizer@52aa2946], contextLoader = 'org.springframework.test.context.support.DelegatingSmartContextLoader', parent = [null]]]
]]></system-out>
  </testcase>
  <testcase name="testMgrValidateLotRefersToAnotherMedical[Test with AUTOMATICLOT_IN=true, AUTOMATICLOT_OUT=false, AUTOMATICLOTWARD_TOWARD=false]" classname="org.isf.medicalstock.test.Tests" time="0.024">
    <system-out><![CDATA[[05/jul/2024 13:43:33] [:] INFO - Began transaction (1) for test context [DefaultTestContext@329af9b1 testClass = Tests, testInstance = org.isf.medicalstock.test.Tests@3d4d5819, testMethod = testMgrValidateLotRefersToAnotherMedical@Tests, testException = [null], mergedContextConfiguration = [MergedContextConfiguration@7535554e testClass = Tests, locations = '{classpath:applicationContext.xml, classpath:applicationContext.xml}', classes = '{}', contextInitializerClasses = '[]', activeProfiles = '{}', propertySourceLocations = '{}', propertySourceProperties = '{}', contextCustomizers = set[org.springframework.boot.test.context.filter.ExcludeFilterContextCustomizer@255b53dc, org.springframework.boot.test.json.DuplicateJsonObjectContextCustomizerFactory$DuplicateJsonObjectContextCustomizer@64d2d351, org.springframework.boot.test.mock.mockito.MockitoContextCustomizer@0, org.springframework.boot.test.autoconfigure.properties.PropertyMappingContextCustomizer@0, org.springframework.boot.test.autoconfigure.web.servlet.WebDriverContextCustomizerFactory$Customizer@52aa2946], contextLoader = 'org.springframework.test.context.support.DelegatingSmartContextLoader', parent = [null]]]; transaction manager [org.springframework.orm.jpa.JpaTransactionManager@4ece2750]; rollback [true]
[05/jul/2024 13:43:33] [:] ERROR - identifier of an instance of org.isf.medicals.model.Medical was altered from 2 to -99; nested exception is org.hibernate.HibernateException: identifier of an instance of org.isf.medicals.model.Medical was altered from 2 to -99
org.springframework.orm.jpa.JpaSystemException: identifier of an instance of org.isf.medicals.model.Medical was altered from 2 to -99; nested exception is org.hibernate.HibernateException: identifier of an instance of org.isf.medicals.model.Medical was altered from 2 to -99
	at org.springframework.orm.jpa.vendor.HibernateJpaDialect.convertHibernateAccessException(HibernateJpaDialect.java:333)
	at org.springframework.orm.jpa.vendor.HibernateJpaDialect.translateExceptionIfPossible(HibernateJpaDialect.java:244)
	at org.springframework.orm.jpa.AbstractEntityManagerFactoryBean.translateExceptionIfPossible(AbstractEntityManagerFactoryBean.java:525)
	at org.springframework.dao.support.ChainedPersistenceExceptionTranslator.translateExceptionIfPossible(ChainedPersistenceExceptionTranslator.java:59)
	at org.springframework.dao.support.DataAccessUtils.translateIfNecessary(DataAccessUtils.java:209)
	at org.springframework.dao.support.PersistenceExceptionTranslationInterceptor.invoke(PersistenceExceptionTranslationInterceptor.java:147)
	at org.springframework.aop.framework.ReflectiveMethodInvocation.proceed(ReflectiveMethodInvocation.java:179)
	at org.springframework.data.jpa.repository.support.CrudMethodMetadataPostProcessor$CrudMethodMetadataPopulatingMethodInterceptor.invoke(CrudMethodMetadataPostProcessor.java:140)
	at org.springframework.aop.framework.ReflectiveMethodInvocation.proceed(ReflectiveMethodInvocation.java:179)
	at org.springframework.data.jpa.repository.support.CrudMethodMetadataPostProcessor$ExposeRepositoryInvocationInterceptor.invoke(CrudMethodMetadataPostProcessor.java:347)
	at org.springframework.aop.framework.ReflectiveMethodInvocation.proceed(ReflectiveMethodInvocation.java:179)
	at org.springframework.aop.interceptor.ExposeInvocationInterceptor.invoke(ExposeInvocationInterceptor.java:92)
	at org.springframework.aop.framework.ReflectiveMethodInvocation.proceed(ReflectiveMethodInvocation.java:179)
	at org.springframework.data.repository.core.support.SurroundingTransactionDetectorMethodInterceptor.invoke(SurroundingTransactionDetectorMethodInterceptor.java:57)
	at org.springframework.aop.framework.ReflectiveMethodInvocation.proceed(ReflectiveMethodInvocation.java:179)
	at org.springframework.aop.framework.JdkDynamicAopProxy.invoke(JdkDynamicAopProxy.java:213)
	at com.sun.proxy.$Proxy109.findMaxDate(Unknown Source)
	at org.isf.medicalstock.service.MedicalStockIoOperations.getLastMovementDate(MedicalStockIoOperations.java:565)
	at org.isf.medicalstock.service.MedicalStockIoOperations$$FastClassBySpringCGLIB$$a00ee1bd.invoke(<generated>)
	at org.springframework.cglib.proxy.MethodProxy.invoke(MethodProxy.java:204)
	at org.springframework.aop.framework.CglibAopProxy$CglibMethodInvocation.invokeJoinpoint(CglibAopProxy.java:737)
	at org.springframework.aop.framework.ReflectiveMethodInvocation.proceed(ReflectiveMethodInvocation.java:157)
	at org.springframework.transaction.interceptor.TransactionInterceptor$1.proceedWithInvocation(TransactionInterceptor.java:99)
	at org.springframework.transaction.interceptor.TransactionAspectSupport.invokeWithinTransaction(TransactionAspectSupport.java:283)
	at org.springframework.transaction.interceptor.TransactionInterceptor.invoke(TransactionInterceptor.java:96)
	at org.springframework.aop.framework.ReflectiveMethodInvocation.proceed(ReflectiveMethodInvocation.java:179)
	at org.springframework.aop.interceptor.ExposeInvocationInterceptor.invoke(ExposeInvocationInterceptor.java:92)
	at org.springframework.aop.framework.ReflectiveMethodInvocation.proceed(ReflectiveMethodInvocation.java:179)
	at org.springframework.aop.aspectj.MethodInvocationProceedingJoinPoint.proceed(MethodInvocationProceedingJoinPoint.java:84)
	at org.isf.utils.db.OHServiceExceptionTranslator.translateSqlExceptionToOHServiceException(OHServiceExceptionTranslator.java:55)
	at sun.reflect.GeneratedMethodAccessor67.invoke(Unknown Source)
	at sun.reflect.DelegatingMethodAccessorImpl.invoke(DelegatingMethodAccessorImpl.java:43)
	at java.lang.reflect.Method.invoke(Method.java:498)
	at org.springframework.aop.aspectj.AbstractAspectJAdvice.invokeAdviceMethodWithGivenArgs(AbstractAspectJAdvice.java:627)
	at org.springframework.aop.aspectj.AbstractAspectJAdvice.invokeAdviceMethod(AbstractAspectJAdvice.java:616)
	at org.springframework.aop.aspectj.AspectJAroundAdvice.invoke(AspectJAroundAdvice.java:70)
	at org.springframework.aop.framework.ReflectiveMethodInvocation.proceed(ReflectiveMethodInvocation.java:179)
	at org.springframework.aop.framework.CglibAopProxy$DynamicAdvisedInterceptor.intercept(CglibAopProxy.java:672)
	at org.isf.medicalstock.service.MedicalStockIoOperations$$EnhancerBySpringCGLIB$$36e028cc.getLastMovementDate(<generated>)
	at org.isf.medicalstock.manager.MovStockInsertingManager.getLastMovementDate(MovStockInsertingManager.java:278)
	at org.isf.medicalstock.manager.MovStockInsertingManager.validateMovement(MovStockInsertingManager.java:68)
	at org.isf.medicalstock.manager.MovStockInsertingManager.prepareChargingMovement(MovStockInsertingManager.java:349)
	at org.isf.medicalstock.manager.MovStockInsertingManager.newMultipleChargingMovements(MovStockInsertingManager.java:326)
	at org.isf.medicalstock.manager.MovStockInsertingManager$$FastClassBySpringCGLIB$$2a8b6bd4.invoke(<generated>)
	at org.springframework.cglib.proxy.MethodProxy.invoke(MethodProxy.java:204)
	at org.springframework.aop.framework.CglibAopProxy$CglibMethodInvocation.invokeJoinpoint(CglibAopProxy.java:737)
	at org.springframework.aop.framework.ReflectiveMethodInvocation.proceed(ReflectiveMethodInvocation.java:157)
	at org.springframework.transaction.interceptor.TransactionInterceptor$1.proceedWithInvocation(TransactionInterceptor.java:99)
	at org.springframework.transaction.interceptor.TransactionAspectSupport.invokeWithinTransaction(TransactionAspectSupport.java:283)
	at org.springframework.transaction.interceptor.TransactionInterceptor.invoke(TransactionInterceptor.java:96)
	at org.springframework.aop.framework.ReflectiveMethodInvocation.proceed(ReflectiveMethodInvocation.java:179)
	at org.springframework.aop.framework.CglibAopProxy$DynamicAdvisedInterceptor.intercept(CglibAopProxy.java:672)
	at org.isf.medicalstock.manager.MovStockInsertingManager$$EnhancerBySpringCGLIB$$ef6ee236.newMultipleChargingMovements(<generated>)
	at org.isf.medicalstock.test.Tests.lambda$25(Tests.java:904)
	at org.assertj.core.api.ThrowableAssert.catchThrowable(ThrowableAssert.java:62)
	at org.assertj.core.api.AssertionsForClassTypes.catchThrowable(AssertionsForClassTypes.java:877)
	at org.assertj.core.api.Assertions.catchThrowable(Assertions.java:1336)
	at org.assertj.core.api.Assertions.assertThatThrownBy(Assertions.java:1181)
	at org.isf.medicalstock.test.Tests.testMgrValidateLotRefersToAnotherMedical(Tests.java:897)
	at sun.reflect.NativeMethodAccessorImpl.invoke0(Native Method)
	at sun.reflect.NativeMethodAccessorImpl.invoke(NativeMethodAccessorImpl.java:62)
	at sun.reflect.DelegatingMethodAccessorImpl.invoke(DelegatingMethodAccessorImpl.java:43)
	at java.lang.reflect.Method.invoke(Method.java:498)
	at org.junit.runners.model.FrameworkMethod$1.runReflectiveCall(FrameworkMethod.java:59)
	at org.junit.internal.runners.model.ReflectiveCallable.run(ReflectiveCallable.java:12)
	at org.junit.runners.model.FrameworkMethod.invokeExplosively(FrameworkMethod.java:56)
	at org.junit.internal.runners.statements.InvokeMethod.evaluate(InvokeMethod.java:17)
	at org.junit.internal.runners.statements.RunBefores.evaluate(RunBefores.java:26)
	at org.springframework.test.context.junit4.statements.RunBeforeTestMethodCallbacks.evaluate(RunBeforeTestMethodCallbacks.java:75)
	at org.springframework.test.context.junit4.statements.RunAfterTestMethodCallbacks.evaluate(RunAfterTestMethodCallbacks.java:86)
	at org.springframework.test.context.junit4.statements.RunPrepareTestInstanceCallbacks.evaluate(RunPrepareTestInstanceCallbacks.java:64)
	at org.springframework.test.context.junit4.statements.SpringRepeat.evaluate(SpringRepeat.java:84)
	at org.springframework.test.context.junit4.statements.SpringFailOnTimeout.evaluate(SpringFailOnTimeout.java:87)
	at org.springframework.test.context.junit4.statements.ProfileValueChecker.evaluate(ProfileValueChecker.java:101)
	at org.junit.runners.ParentRunner$3.evaluate(ParentRunner.java:306)
	at org.junit.runners.BlockJUnit4ClassRunner$1.evaluate(BlockJUnit4ClassRunner.java:100)
	at org.junit.runners.ParentRunner.runLeaf(ParentRunner.java:366)
	at org.junit.runners.BlockJUnit4ClassRunner.runChild(BlockJUnit4ClassRunner.java:103)
	at org.junit.runners.BlockJUnit4ClassRunner.runChild(BlockJUnit4ClassRunner.java:63)
	at org.junit.runners.ParentRunner$4.run(ParentRunner.java:331)
	at org.junit.runners.ParentRunner$1.schedule(ParentRunner.java:79)
	at org.junit.runners.ParentRunner.runChildren(ParentRunner.java:329)
	at org.junit.runners.ParentRunner.access$100(ParentRunner.java:66)
	at org.junit.runners.ParentRunner$2.evaluate(ParentRunner.java:293)
	at org.junit.runners.ParentRunner.run(ParentRunner.java:413)
	at org.junit.runners.Suite.runChild(Suite.java:128)
	at org.junit.runners.Suite.runChild(Suite.java:27)
	at org.junit.runners.ParentRunner$4.run(ParentRunner.java:331)
	at org.junit.runners.ParentRunner$1.schedule(ParentRunner.java:79)
	at org.junit.runners.ParentRunner.runChildren(ParentRunner.java:329)
	at org.junit.runners.ParentRunner.access$100(ParentRunner.java:66)
	at org.junit.runners.ParentRunner$2.evaluate(ParentRunner.java:293)
	at org.junit.internal.runners.statements.RunBefores.evaluate(RunBefores.java:26)
	at org.junit.internal.runners.statements.RunAfters.evaluate(RunAfters.java:27)
	at org.springframework.test.context.junit4.statements.RunBeforeTestClassCallbacks.evaluate(RunBeforeTestClassCallbacks.java:61)
	at org.springframework.test.context.junit4.statements.RunAfterTestClassCallbacks.evaluate(RunAfterTestClassCallbacks.java:70)
	at org.springframework.test.context.junit4.statements.ProfileValueChecker.evaluate(ProfileValueChecker.java:101)
	at org.springframework.test.context.junit4.rules.SpringClassRule$TestContextManagerCacheEvictor.evaluate(SpringClassRule.java:242)
	at org.junit.rules.RunRules.evaluate(RunRules.java:20)
	at org.junit.runners.ParentRunner$3.evaluate(ParentRunner.java:306)
	at org.junit.runners.ParentRunner.run(ParentRunner.java:413)
	at org.apache.maven.surefire.junit4.JUnit4Provider.execute(JUnit4Provider.java:316)
	at org.apache.maven.surefire.junit4.JUnit4Provider.executeWithRerun(JUnit4Provider.java:240)
	at org.apache.maven.surefire.junit4.JUnit4Provider.executeTestSet(JUnit4Provider.java:214)
	at org.apache.maven.surefire.junit4.JUnit4Provider.invoke(JUnit4Provider.java:155)
	at org.apache.maven.surefire.booter.ForkedBooter.runSuitesInProcess(ForkedBooter.java:385)
	at org.apache.maven.surefire.booter.ForkedBooter.execute(ForkedBooter.java:162)
	at org.apache.maven.surefire.booter.ForkedBooter.run(ForkedBooter.java:507)
	at org.apache.maven.surefire.booter.ForkedBooter.main(ForkedBooter.java:495)
Caused by: org.hibernate.HibernateException: identifier of an instance of org.isf.medicals.model.Medical was altered from 2 to -99
	at org.hibernate.event.internal.DefaultFlushEntityEventListener.checkId(DefaultFlushEntityEventListener.java:83)
	at org.hibernate.event.internal.DefaultFlushEntityEventListener.getValues(DefaultFlushEntityEventListener.java:195)
	at org.hibernate.event.internal.DefaultFlushEntityEventListener.onFlushEntity(DefaultFlushEntityEventListener.java:157)
	at org.hibernate.event.internal.AbstractFlushingEventListener.flushEntities(AbstractFlushingEventListener.java:230)
	at org.hibernate.event.internal.AbstractFlushingEventListener.flushEverythingToExecutions(AbstractFlushingEventListener.java:100)
	at org.hibernate.event.internal.DefaultAutoFlushEventListener.onAutoFlush(DefaultAutoFlushEventListener.java:61)
	at org.hibernate.internal.SessionImpl.autoFlushIfRequired(SessionImpl.java:1130)
	at org.hibernate.internal.SessionImpl.list(SessionImpl.java:1187)
	at org.hibernate.internal.QueryImpl.list(QueryImpl.java:101)
	at org.hibernate.ejb.QueryImpl.getSingleResult(QueryImpl.java:287)
	at org.springframework.data.jpa.repository.query.JpaQueryExecution$SingleEntityExecution.doExecute(JpaQueryExecution.java:210)
	at org.springframework.data.jpa.repository.query.JpaQueryExecution.execute(JpaQueryExecution.java:89)
	at org.springframework.data.jpa.repository.query.AbstractJpaQuery.doExecute(AbstractJpaQuery.java:126)
	at org.springframework.data.jpa.repository.query.AbstractJpaQuery.execute(AbstractJpaQuery.java:116)
	at org.springframework.data.repository.core.support.RepositoryFactorySupport$QueryExecutorMethodInterceptor.doInvoke(RepositoryFactorySupport.java:494)
	at org.springframework.data.repository.core.support.RepositoryFactorySupport$QueryExecutorMethodInterceptor.invoke(RepositoryFactorySupport.java:477)
	at org.springframework.aop.framework.ReflectiveMethodInvocation.proceed(ReflectiveMethodInvocation.java:179)
	at org.springframework.data.projection.DefaultMethodInvokingMethodInterceptor.invoke(DefaultMethodInvokingMethodInterceptor.java:56)
	at org.springframework.aop.framework.ReflectiveMethodInvocation.proceed(ReflectiveMethodInvocation.java:179)
	at org.springframework.transaction.interceptor.TransactionInterceptor$1.proceedWithInvocation(TransactionInterceptor.java:99)
	at org.springframework.transaction.interceptor.TransactionAspectSupport.invokeWithinTransaction(TransactionAspectSupport.java:283)
	at org.springframework.transaction.interceptor.TransactionInterceptor.invoke(TransactionInterceptor.java:96)
	at org.springframework.aop.framework.ReflectiveMethodInvocation.proceed(ReflectiveMethodInvocation.java:179)
	at org.springframework.dao.support.PersistenceExceptionTranslationInterceptor.invoke(PersistenceExceptionTranslationInterceptor.java:136)
	... 103 more
[05/jul/2024 13:43:33] [:] INFO - Rolled back transaction for test: [DefaultTestContext@329af9b1 testClass = Tests, testInstance = org.isf.medicalstock.test.Tests@3d4d5819, testMethod = testMgrValidateLotRefersToAnotherMedical@Tests, testException = [null], mergedContextConfiguration = [MergedContextConfiguration@7535554e testClass = Tests, locations = '{classpath:applicationContext.xml, classpath:applicationContext.xml}', classes = '{}', contextInitializerClasses = '[]', activeProfiles = '{}', propertySourceLocations = '{}', propertySourceProperties = '{}', contextCustomizers = set[org.springframework.boot.test.context.filter.ExcludeFilterContextCustomizer@255b53dc, org.springframework.boot.test.json.DuplicateJsonObjectContextCustomizerFactory$DuplicateJsonObjectContextCustomizer@64d2d351, org.springframework.boot.test.mock.mockito.MockitoContextCustomizer@0, org.springframework.boot.test.autoconfigure.properties.PropertyMappingContextCustomizer@0, org.springframework.boot.test.autoconfigure.web.servlet.WebDriverContextCustomizerFactory$Customizer@52aa2946], contextLoader = 'org.springframework.test.context.support.DelegatingSmartContextLoader', parent = [null]]]
]]></system-out>
  </testcase>
  <testcase name="testMgrValidateLotDueDateNull[Test with AUTOMATICLOT_IN=true, AUTOMATICLOT_OUT=false, AUTOMATICLOTWARD_TOWARD=false]" classname="org.isf.medicalstock.test.Tests" time="0.015">
    <system-out><![CDATA[[05/jul/2024 13:43:33] [:] INFO - Began transaction (1) for test context [DefaultTestContext@329af9b1 testClass = Tests, testInstance = org.isf.medicalstock.test.Tests@2ce3deba, testMethod = testMgrValidateLotDueDateNull@Tests, testException = [null], mergedContextConfiguration = [MergedContextConfiguration@7535554e testClass = Tests, locations = '{classpath:applicationContext.xml, classpath:applicationContext.xml}', classes = '{}', contextInitializerClasses = '[]', activeProfiles = '{}', propertySourceLocations = '{}', propertySourceProperties = '{}', contextCustomizers = set[org.springframework.boot.test.context.filter.ExcludeFilterContextCustomizer@255b53dc, org.springframework.boot.test.json.DuplicateJsonObjectContextCustomizerFactory$DuplicateJsonObjectContextCustomizer@64d2d351, org.springframework.boot.test.mock.mockito.MockitoContextCustomizer@0, org.springframework.boot.test.autoconfigure.properties.PropertyMappingContextCustomizer@0, org.springframework.boot.test.autoconfigure.web.servlet.WebDriverContextCustomizerFactory$Customizer@52aa2946], contextLoader = 'org.springframework.test.context.support.DelegatingSmartContextLoader', parent = [null]]]; transaction manager [org.springframework.orm.jpa.JpaTransactionManager@4ece2750]; rollback [true]
[05/jul/2024 13:43:33] [:] INFO - Rolled back transaction for test: [DefaultTestContext@329af9b1 testClass = Tests, testInstance = org.isf.medicalstock.test.Tests@2ce3deba, testMethod = testMgrValidateLotDueDateNull@Tests, testException = [null], mergedContextConfiguration = [MergedContextConfiguration@7535554e testClass = Tests, locations = '{classpath:applicationContext.xml, classpath:applicationContext.xml}', classes = '{}', contextInitializerClasses = '[]', activeProfiles = '{}', propertySourceLocations = '{}', propertySourceProperties = '{}', contextCustomizers = set[org.springframework.boot.test.context.filter.ExcludeFilterContextCustomizer@255b53dc, org.springframework.boot.test.json.DuplicateJsonObjectContextCustomizerFactory$DuplicateJsonObjectContextCustomizer@64d2d351, org.springframework.boot.test.mock.mockito.MockitoContextCustomizer@0, org.springframework.boot.test.autoconfigure.properties.PropertyMappingContextCustomizer@0, org.springframework.boot.test.autoconfigure.web.servlet.WebDriverContextCustomizerFactory$Customizer@52aa2946], contextLoader = 'org.springframework.test.context.support.DelegatingSmartContextLoader', parent = [null]]]
]]></system-out>
  </testcase>
  <testcase name="testMgrGetLotsByMedicalNull[Test with AUTOMATICLOT_IN=true, AUTOMATICLOT_OUT=false, AUTOMATICLOTWARD_TOWARD=false]" classname="org.isf.medicalstock.test.Tests" time="0.018">
    <system-out><![CDATA[[05/jul/2024 13:43:33] [:] INFO - Began transaction (1) for test context [DefaultTestContext@329af9b1 testClass = Tests, testInstance = org.isf.medicalstock.test.Tests@1ab55f03, testMethod = testMgrGetLotsByMedicalNull@Tests, testException = [null], mergedContextConfiguration = [MergedContextConfiguration@7535554e testClass = Tests, locations = '{classpath:applicationContext.xml, classpath:applicationContext.xml}', classes = '{}', contextInitializerClasses = '[]', activeProfiles = '{}', propertySourceLocations = '{}', propertySourceProperties = '{}', contextCustomizers = set[org.springframework.boot.test.context.filter.ExcludeFilterContextCustomizer@255b53dc, org.springframework.boot.test.json.DuplicateJsonObjectContextCustomizerFactory$DuplicateJsonObjectContextCustomizer@64d2d351, org.springframework.boot.test.mock.mockito.MockitoContextCustomizer@0, org.springframework.boot.test.autoconfigure.properties.PropertyMappingContextCustomizer@0, org.springframework.boot.test.autoconfigure.web.servlet.WebDriverContextCustomizerFactory$Customizer@52aa2946], contextLoader = 'org.springframework.test.context.support.DelegatingSmartContextLoader', parent = [null]]]; transaction manager [org.springframework.orm.jpa.JpaTransactionManager@4ece2750]; rollback [true]
[05/jul/2024 13:43:33] [:] INFO - Rolled back transaction for test: [DefaultTestContext@329af9b1 testClass = Tests, testInstance = org.isf.medicalstock.test.Tests@1ab55f03, testMethod = testMgrGetLotsByMedicalNull@Tests, testException = [null], mergedContextConfiguration = [MergedContextConfiguration@7535554e testClass = Tests, locations = '{classpath:applicationContext.xml, classpath:applicationContext.xml}', classes = '{}', contextInitializerClasses = '[]', activeProfiles = '{}', propertySourceLocations = '{}', propertySourceProperties = '{}', contextCustomizers = set[org.springframework.boot.test.context.filter.ExcludeFilterContextCustomizer@255b53dc, org.springframework.boot.test.json.DuplicateJsonObjectContextCustomizerFactory$DuplicateJsonObjectContextCustomizer@64d2d351, org.springframework.boot.test.mock.mockito.MockitoContextCustomizer@0, org.springframework.boot.test.autoconfigure.properties.PropertyMappingContextCustomizer@0, org.springframework.boot.test.autoconfigure.web.servlet.WebDriverContextCustomizerFactory$Customizer@52aa2946], contextLoader = 'org.springframework.test.context.support.DelegatingSmartContextLoader', parent = [null]]]
]]></system-out>
  </testcase>
  <testcase name="testIoNewAutomaticDischargingMovementDifferentLots[Test with AUTOMATICLOT_IN=true, AUTOMATICLOT_OUT=false, AUTOMATICLOTWARD_TOWARD=false]" classname="org.isf.medicalstock.test.Tests" time="0.033">
    <system-out><![CDATA[[05/jul/2024 13:43:33] [:] INFO - Began transaction (1) for test context [DefaultTestContext@329af9b1 testClass = Tests, testInstance = org.isf.medicalstock.test.Tests@4c7d9470, testMethod = testIoNewAutomaticDischargingMovementDifferentLots@Tests, testException = [null], mergedContextConfiguration = [MergedContextConfiguration@7535554e testClass = Tests, locations = '{classpath:applicationContext.xml, classpath:applicationContext.xml}', classes = '{}', contextInitializerClasses = '[]', activeProfiles = '{}', propertySourceLocations = '{}', propertySourceProperties = '{}', contextCustomizers = set[org.springframework.boot.test.context.filter.ExcludeFilterContextCustomizer@255b53dc, org.springframework.boot.test.json.DuplicateJsonObjectContextCustomizerFactory$DuplicateJsonObjectContextCustomizer@64d2d351, org.springframework.boot.test.mock.mockito.MockitoContextCustomizer@0, org.springframework.boot.test.autoconfigure.properties.PropertyMappingContextCustomizer@0, org.springframework.boot.test.autoconfigure.web.servlet.WebDriverContextCustomizerFactory$Customizer@52aa2946], contextLoader = 'org.springframework.test.context.support.DelegatingSmartContextLoader', parent = [null]]]; transaction manager [org.springframework.orm.jpa.JpaTransactionManager@4ece2750]; rollback [true]
[05/jul/2024 13:43:33] [:] INFO - Rolled back transaction for test: [DefaultTestContext@329af9b1 testClass = Tests, testInstance = org.isf.medicalstock.test.Tests@4c7d9470, testMethod = testIoNewAutomaticDischargingMovementDifferentLots@Tests, testException = [null], mergedContextConfiguration = [MergedContextConfiguration@7535554e testClass = Tests, locations = '{classpath:applicationContext.xml, classpath:applicationContext.xml}', classes = '{}', contextInitializerClasses = '[]', activeProfiles = '{}', propertySourceLocations = '{}', propertySourceProperties = '{}', contextCustomizers = set[org.springframework.boot.test.context.filter.ExcludeFilterContextCustomizer@255b53dc, org.springframework.boot.test.json.DuplicateJsonObjectContextCustomizerFactory$DuplicateJsonObjectContextCustomizer@64d2d351, org.springframework.boot.test.mock.mockito.MockitoContextCustomizer@0, org.springframework.boot.test.autoconfigure.properties.PropertyMappingContextCustomizer@0, org.springframework.boot.test.autoconfigure.web.servlet.WebDriverContextCustomizerFactory$Customizer@52aa2946], contextLoader = 'org.springframework.test.context.support.DelegatingSmartContextLoader', parent = [null]]]
]]></system-out>
  </testcase>
  <testcase name="testIoNewMovementOutGoingLotsWardNull[Test with AUTOMATICLOT_IN=true, AUTOMATICLOT_OUT=false, AUTOMATICLOTWARD_TOWARD=false]" classname="org.isf.medicalstock.test.Tests" time="0.011">
    <system-out><![CDATA[[05/jul/2024 13:43:33] [:] INFO - Began transaction (1) for test context [DefaultTestContext@329af9b1 testClass = Tests, testInstance = org.isf.medicalstock.test.Tests@68ebb09c, testMethod = testIoNewMovementOutGoingLotsWardNull@Tests, testException = [null], mergedContextConfiguration = [MergedContextConfiguration@7535554e testClass = Tests, locations = '{classpath:applicationContext.xml, classpath:applicationContext.xml}', classes = '{}', contextInitializerClasses = '[]', activeProfiles = '{}', propertySourceLocations = '{}', propertySourceProperties = '{}', contextCustomizers = set[org.springframework.boot.test.context.filter.ExcludeFilterContextCustomizer@255b53dc, org.springframework.boot.test.json.DuplicateJsonObjectContextCustomizerFactory$DuplicateJsonObjectContextCustomizer@64d2d351, org.springframework.boot.test.mock.mockito.MockitoContextCustomizer@0, org.springframework.boot.test.autoconfigure.properties.PropertyMappingContextCustomizer@0, org.springframework.boot.test.autoconfigure.web.servlet.WebDriverContextCustomizerFactory$Customizer@52aa2946], contextLoader = 'org.springframework.test.context.support.DelegatingSmartContextLoader', parent = [null]]]; transaction manager [org.springframework.orm.jpa.JpaTransactionManager@4ece2750]; rollback [true]
[05/jul/2024 13:43:33] [:] INFO - Rolled back transaction for test: [DefaultTestContext@329af9b1 testClass = Tests, testInstance = org.isf.medicalstock.test.Tests@68ebb09c, testMethod = testIoNewMovementOutGoingLotsWardNull@Tests, testException = [null], mergedContextConfiguration = [MergedContextConfiguration@7535554e testClass = Tests, locations = '{classpath:applicationContext.xml, classpath:applicationContext.xml}', classes = '{}', contextInitializerClasses = '[]', activeProfiles = '{}', propertySourceLocations = '{}', propertySourceProperties = '{}', contextCustomizers = set[org.springframework.boot.test.context.filter.ExcludeFilterContextCustomizer@255b53dc, org.springframework.boot.test.json.DuplicateJsonObjectContextCustomizerFactory$DuplicateJsonObjectContextCustomizer@64d2d351, org.springframework.boot.test.mock.mockito.MockitoContextCustomizer@0, org.springframework.boot.test.autoconfigure.properties.PropertyMappingContextCustomizer@0, org.springframework.boot.test.autoconfigure.web.servlet.WebDriverContextCustomizerFactory$Customizer@52aa2946], contextLoader = 'org.springframework.test.context.support.DelegatingSmartContextLoader', parent = [null]]]
]]></system-out>
  </testcase>
  <testcase name="testIoGetMovementsWithParameters[Test with AUTOMATICLOT_IN=true, AUTOMATICLOT_OUT=false, AUTOMATICLOTWARD_TOWARD=false]" classname="org.isf.medicalstock.test.Tests" time="0.016">
    <system-out><![CDATA[[05/jul/2024 13:43:33] [:] INFO - Began transaction (1) for test context [DefaultTestContext@329af9b1 testClass = Tests, testInstance = org.isf.medicalstock.test.Tests@42ca1550, testMethod = testIoGetMovementsWithParameters@Tests, testException = [null], mergedContextConfiguration = [MergedContextConfiguration@7535554e testClass = Tests, locations = '{classpath:applicationContext.xml, classpath:applicationContext.xml}', classes = '{}', contextInitializerClasses = '[]', activeProfiles = '{}', propertySourceLocations = '{}', propertySourceProperties = '{}', contextCustomizers = set[org.springframework.boot.test.context.filter.ExcludeFilterContextCustomizer@255b53dc, org.springframework.boot.test.json.DuplicateJsonObjectContextCustomizerFactory$DuplicateJsonObjectContextCustomizer@64d2d351, org.springframework.boot.test.mock.mockito.MockitoContextCustomizer@0, org.springframework.boot.test.autoconfigure.properties.PropertyMappingContextCustomizer@0, org.springframework.boot.test.autoconfigure.web.servlet.WebDriverContextCustomizerFactory$Customizer@52aa2946], contextLoader = 'org.springframework.test.context.support.DelegatingSmartContextLoader', parent = [null]]]; transaction manager [org.springframework.orm.jpa.JpaTransactionManager@4ece2750]; rollback [true]
[05/jul/2024 13:43:33] [:] INFO - Rolled back transaction for test: [DefaultTestContext@329af9b1 testClass = Tests, testInstance = org.isf.medicalstock.test.Tests@42ca1550, testMethod = testIoGetMovementsWithParameters@Tests, testException = [null], mergedContextConfiguration = [MergedContextConfiguration@7535554e testClass = Tests, locations = '{classpath:applicationContext.xml, classpath:applicationContext.xml}', classes = '{}', contextInitializerClasses = '[]', activeProfiles = '{}', propertySourceLocations = '{}', propertySourceProperties = '{}', contextCustomizers = set[org.springframework.boot.test.context.filter.ExcludeFilterContextCustomizer@255b53dc, org.springframework.boot.test.json.DuplicateJsonObjectContextCustomizerFactory$DuplicateJsonObjectContextCustomizer@64d2d351, org.springframework.boot.test.mock.mockito.MockitoContextCustomizer@0, org.springframework.boot.test.autoconfigure.properties.PropertyMappingContextCustomizer@0, org.springframework.boot.test.autoconfigure.web.servlet.WebDriverContextCustomizerFactory$Customizer@52aa2946], contextLoader = 'org.springframework.test.context.support.DelegatingSmartContextLoader', parent = [null]]]
]]></system-out>
  </testcase>
  <testcase name="testMgrGetMovementsCheckMovParameters[Test with AUTOMATICLOT_IN=true, AUTOMATICLOT_OUT=false, AUTOMATICLOTWARD_TOWARD=false]" classname="org.isf.medicalstock.test.Tests" time="0.014">
    <system-out><![CDATA[[05/jul/2024 13:43:33] [:] INFO - Began transaction (1) for test context [DefaultTestContext@329af9b1 testClass = Tests, testInstance = org.isf.medicalstock.test.Tests@4d279847, testMethod = testMgrGetMovementsCheckMovParameters@Tests, testException = [null], mergedContextConfiguration = [MergedContextConfiguration@7535554e testClass = Tests, locations = '{classpath:applicationContext.xml, classpath:applicationContext.xml}', classes = '{}', contextInitializerClasses = '[]', activeProfiles = '{}', propertySourceLocations = '{}', propertySourceProperties = '{}', contextCustomizers = set[org.springframework.boot.test.context.filter.ExcludeFilterContextCustomizer@255b53dc, org.springframework.boot.test.json.DuplicateJsonObjectContextCustomizerFactory$DuplicateJsonObjectContextCustomizer@64d2d351, org.springframework.boot.test.mock.mockito.MockitoContextCustomizer@0, org.springframework.boot.test.autoconfigure.properties.PropertyMappingContextCustomizer@0, org.springframework.boot.test.autoconfigure.web.servlet.WebDriverContextCustomizerFactory$Customizer@52aa2946], contextLoader = 'org.springframework.test.context.support.DelegatingSmartContextLoader', parent = [null]]]; transaction manager [org.springframework.orm.jpa.JpaTransactionManager@4ece2750]; rollback [true]
[05/jul/2024 13:43:33] [:] INFO - Rolled back transaction for test: [DefaultTestContext@329af9b1 testClass = Tests, testInstance = org.isf.medicalstock.test.Tests@4d279847, testMethod = testMgrGetMovementsCheckMovParameters@Tests, testException = [null], mergedContextConfiguration = [MergedContextConfiguration@7535554e testClass = Tests, locations = '{classpath:applicationContext.xml, classpath:applicationContext.xml}', classes = '{}', contextInitializerClasses = '[]', activeProfiles = '{}', propertySourceLocations = '{}', propertySourceProperties = '{}', contextCustomizers = set[org.springframework.boot.test.context.filter.ExcludeFilterContextCustomizer@255b53dc, org.springframework.boot.test.json.DuplicateJsonObjectContextCustomizerFactory$DuplicateJsonObjectContextCustomizer@64d2d351, org.springframework.boot.test.mock.mockito.MockitoContextCustomizer@0, org.springframework.boot.test.autoconfigure.properties.PropertyMappingContextCustomizer@0, org.springframework.boot.test.autoconfigure.web.servlet.WebDriverContextCustomizerFactory$Customizer@52aa2946], contextLoader = 'org.springframework.test.context.support.DelegatingSmartContextLoader', parent = [null]]]
]]></system-out>
  </testcase>
  <testcase name="testIoGetMovementForPrintDateOrder[Test with AUTOMATICLOT_IN=true, AUTOMATICLOT_OUT=false, AUTOMATICLOTWARD_TOWARD=false]" classname="org.isf.medicalstock.test.Tests" time="0.014">
    <system-out><![CDATA[[05/jul/2024 13:43:33] [:] INFO - Began transaction (1) for test context [DefaultTestContext@329af9b1 testClass = Tests, testInstance = org.isf.medicalstock.test.Tests@51f9b525, testMethod = testIoGetMovementForPrintDateOrder@Tests, testException = [null], mergedContextConfiguration = [MergedContextConfiguration@7535554e testClass = Tests, locations = '{classpath:applicationContext.xml, classpath:applicationContext.xml}', classes = '{}', contextInitializerClasses = '[]', activeProfiles = '{}', propertySourceLocations = '{}', propertySourceProperties = '{}', contextCustomizers = set[org.springframework.boot.test.context.filter.ExcludeFilterContextCustomizer@255b53dc, org.springframework.boot.test.json.DuplicateJsonObjectContextCustomizerFactory$DuplicateJsonObjectContextCustomizer@64d2d351, org.springframework.boot.test.mock.mockito.MockitoContextCustomizer@0, org.springframework.boot.test.autoconfigure.properties.PropertyMappingContextCustomizer@0, org.springframework.boot.test.autoconfigure.web.servlet.WebDriverContextCustomizerFactory$Customizer@52aa2946], contextLoader = 'org.springframework.test.context.support.DelegatingSmartContextLoader', parent = [null]]]; transaction manager [org.springframework.orm.jpa.JpaTransactionManager@4ece2750]; rollback [true]
[05/jul/2024 13:43:33] [:] INFO - Rolled back transaction for test: [DefaultTestContext@329af9b1 testClass = Tests, testInstance = org.isf.medicalstock.test.Tests@51f9b525, testMethod = testIoGetMovementForPrintDateOrder@Tests, testException = [null], mergedContextConfiguration = [MergedContextConfiguration@7535554e testClass = Tests, locations = '{classpath:applicationContext.xml, classpath:applicationContext.xml}', classes = '{}', contextInitializerClasses = '[]', activeProfiles = '{}', propertySourceLocations = '{}', propertySourceProperties = '{}', contextCustomizers = set[org.springframework.boot.test.context.filter.ExcludeFilterContextCustomizer@255b53dc, org.springframework.boot.test.json.DuplicateJsonObjectContextCustomizerFactory$DuplicateJsonObjectContextCustomizer@64d2d351, org.springframework.boot.test.mock.mockito.MockitoContextCustomizer@0, org.springframework.boot.test.autoconfigure.properties.PropertyMappingContextCustomizer@0, org.springframework.boot.test.autoconfigure.web.servlet.WebDriverContextCustomizerFactory$Customizer@52aa2946], contextLoader = 'org.springframework.test.context.support.DelegatingSmartContextLoader', parent = [null]]]
]]></system-out>
  </testcase>
  <testcase name="testMovementToString[Test with AUTOMATICLOT_IN=true, AUTOMATICLOT_OUT=false, AUTOMATICLOTWARD_TOWARD=false]" classname="org.isf.medicalstock.test.Tests" time="0.014">
    <system-out><![CDATA[[05/jul/2024 13:43:33] [:] INFO - Began transaction (1) for test context [DefaultTestContext@329af9b1 testClass = Tests, testInstance = org.isf.medicalstock.test.Tests@208e514d, testMethod = testMovementToString@Tests, testException = [null], mergedContextConfiguration = [MergedContextConfiguration@7535554e testClass = Tests, locations = '{classpath:applicationContext.xml, classpath:applicationContext.xml}', classes = '{}', contextInitializerClasses = '[]', activeProfiles = '{}', propertySourceLocations = '{}', propertySourceProperties = '{}', contextCustomizers = set[org.springframework.boot.test.context.filter.ExcludeFilterContextCustomizer@255b53dc, org.springframework.boot.test.json.DuplicateJsonObjectContextCustomizerFactory$DuplicateJsonObjectContextCustomizer@64d2d351, org.springframework.boot.test.mock.mockito.MockitoContextCustomizer@0, org.springframework.boot.test.autoconfigure.properties.PropertyMappingContextCustomizer@0, org.springframework.boot.test.autoconfigure.web.servlet.WebDriverContextCustomizerFactory$Customizer@52aa2946], contextLoader = 'org.springframework.test.context.support.DelegatingSmartContextLoader', parent = [null]]]; transaction manager [org.springframework.orm.jpa.JpaTransactionManager@4ece2750]; rollback [true]
[05/jul/2024 13:43:33] [:] INFO - Rolled back transaction for test: [DefaultTestContext@329af9b1 testClass = Tests, testInstance = org.isf.medicalstock.test.Tests@208e514d, testMethod = testMovementToString@Tests, testException = [null], mergedContextConfiguration = [MergedContextConfiguration@7535554e testClass = Tests, locations = '{classpath:applicationContext.xml, classpath:applicationContext.xml}', classes = '{}', contextInitializerClasses = '[]', activeProfiles = '{}', propertySourceLocations = '{}', propertySourceProperties = '{}', contextCustomizers = set[org.springframework.boot.test.context.filter.ExcludeFilterContextCustomizer@255b53dc, org.springframework.boot.test.json.DuplicateJsonObjectContextCustomizerFactory$DuplicateJsonObjectContextCustomizer@64d2d351, org.springframework.boot.test.mock.mockito.MockitoContextCustomizer@0, org.springframework.boot.test.autoconfigure.properties.PropertyMappingContextCustomizer@0, org.springframework.boot.test.autoconfigure.web.servlet.WebDriverContextCustomizerFactory$Customizer@52aa2946], contextLoader = 'org.springframework.test.context.support.DelegatingSmartContextLoader', parent = [null]]]
]]></system-out>
  </testcase>
  <testcase name="testMgrGetMovementsCheckLotPrepParameters[Test with AUTOMATICLOT_IN=true, AUTOMATICLOT_OUT=false, AUTOMATICLOTWARD_TOWARD=false]" classname="org.isf.medicalstock.test.Tests" time="0.013">
    <system-out><![CDATA[[05/jul/2024 13:43:33] [:] INFO - Began transaction (1) for test context [DefaultTestContext@329af9b1 testClass = Tests, testInstance = org.isf.medicalstock.test.Tests@76452cc9, testMethod = testMgrGetMovementsCheckLotPrepParameters@Tests, testException = [null], mergedContextConfiguration = [MergedContextConfiguration@7535554e testClass = Tests, locations = '{classpath:applicationContext.xml, classpath:applicationContext.xml}', classes = '{}', contextInitializerClasses = '[]', activeProfiles = '{}', propertySourceLocations = '{}', propertySourceProperties = '{}', contextCustomizers = set[org.springframework.boot.test.context.filter.ExcludeFilterContextCustomizer@255b53dc, org.springframework.boot.test.json.DuplicateJsonObjectContextCustomizerFactory$DuplicateJsonObjectContextCustomizer@64d2d351, org.springframework.boot.test.mock.mockito.MockitoContextCustomizer@0, org.springframework.boot.test.autoconfigure.properties.PropertyMappingContextCustomizer@0, org.springframework.boot.test.autoconfigure.web.servlet.WebDriverContextCustomizerFactory$Customizer@52aa2946], contextLoader = 'org.springframework.test.context.support.DelegatingSmartContextLoader', parent = [null]]]; transaction manager [org.springframework.orm.jpa.JpaTransactionManager@4ece2750]; rollback [true]
[05/jul/2024 13:43:33] [:] INFO - Rolled back transaction for test: [DefaultTestContext@329af9b1 testClass = Tests, testInstance = org.isf.medicalstock.test.Tests@76452cc9, testMethod = testMgrGetMovementsCheckLotPrepParameters@Tests, testException = [null], mergedContextConfiguration = [MergedContextConfiguration@7535554e testClass = Tests, locations = '{classpath:applicationContext.xml, classpath:applicationContext.xml}', classes = '{}', contextInitializerClasses = '[]', activeProfiles = '{}', propertySourceLocations = '{}', propertySourceProperties = '{}', contextCustomizers = set[org.springframework.boot.test.context.filter.ExcludeFilterContextCustomizer@255b53dc, org.springframework.boot.test.json.DuplicateJsonObjectContextCustomizerFactory$DuplicateJsonObjectContextCustomizer@64d2d351, org.springframework.boot.test.mock.mockito.MockitoContextCustomizer@0, org.springframework.boot.test.autoconfigure.properties.PropertyMappingContextCustomizer@0, org.springframework.boot.test.autoconfigure.web.servlet.WebDriverContextCustomizerFactory$Customizer@52aa2946], contextLoader = 'org.springframework.test.context.support.DelegatingSmartContextLoader', parent = [null]]]
]]></system-out>
  </testcase>
  <testcase name="testMgrValidateNullMovementType[Test with AUTOMATICLOT_IN=true, AUTOMATICLOT_OUT=false, AUTOMATICLOTWARD_TOWARD=false]" classname="org.isf.medicalstock.test.Tests" time="0.018">
    <system-out><![CDATA[[05/jul/2024 13:43:33] [:] INFO - Began transaction (1) for test context [DefaultTestContext@329af9b1 testClass = Tests, testInstance = org.isf.medicalstock.test.Tests@3580b787, testMethod = testMgrValidateNullMovementType@Tests, testException = [null], mergedContextConfiguration = [MergedContextConfiguration@7535554e testClass = Tests, locations = '{classpath:applicationContext.xml, classpath:applicationContext.xml}', classes = '{}', contextInitializerClasses = '[]', activeProfiles = '{}', propertySourceLocations = '{}', propertySourceProperties = '{}', contextCustomizers = set[org.springframework.boot.test.context.filter.ExcludeFilterContextCustomizer@255b53dc, org.springframework.boot.test.json.DuplicateJsonObjectContextCustomizerFactory$DuplicateJsonObjectContextCustomizer@64d2d351, org.springframework.boot.test.mock.mockito.MockitoContextCustomizer@0, org.springframework.boot.test.autoconfigure.properties.PropertyMappingContextCustomizer@0, org.springframework.boot.test.autoconfigure.web.servlet.WebDriverContextCustomizerFactory$Customizer@52aa2946], contextLoader = 'org.springframework.test.context.support.DelegatingSmartContextLoader', parent = [null]]]; transaction manager [org.springframework.orm.jpa.JpaTransactionManager@4ece2750]; rollback [true]
[05/jul/2024 13:43:33] [:] INFO - Rolled back transaction for test: [DefaultTestContext@329af9b1 testClass = Tests, testInstance = org.isf.medicalstock.test.Tests@3580b787, testMethod = testMgrValidateNullMovementType@Tests, testException = [null], mergedContextConfiguration = [MergedContextConfiguration@7535554e testClass = Tests, locations = '{classpath:applicationContext.xml, classpath:applicationContext.xml}', classes = '{}', contextInitializerClasses = '[]', activeProfiles = '{}', propertySourceLocations = '{}', propertySourceProperties = '{}', contextCustomizers = set[org.springframework.boot.test.context.filter.ExcludeFilterContextCustomizer@255b53dc, org.springframework.boot.test.json.DuplicateJsonObjectContextCustomizerFactory$DuplicateJsonObjectContextCustomizer@64d2d351, org.springframework.boot.test.mock.mockito.MockitoContextCustomizer@0, org.springframework.boot.test.autoconfigure.properties.PropertyMappingContextCustomizer@0, org.springframework.boot.test.autoconfigure.web.servlet.WebDriverContextCustomizerFactory$Customizer@52aa2946], contextLoader = 'org.springframework.test.context.support.DelegatingSmartContextLoader', parent = [null]]]
]]></system-out>
  </testcase>
  <testcase name="testMgrGetMovementsCheckLotDueParameters[Test with AUTOMATICLOT_IN=true, AUTOMATICLOT_OUT=false, AUTOMATICLOTWARD_TOWARD=false]" classname="org.isf.medicalstock.test.Tests" time="0.013">
    <system-out><![CDATA[[05/jul/2024 13:43:33] [:] INFO - Began transaction (1) for test context [DefaultTestContext@329af9b1 testClass = Tests, testInstance = org.isf.medicalstock.test.Tests@1ecedd63, testMethod = testMgrGetMovementsCheckLotDueParameters@Tests, testException = [null], mergedContextConfiguration = [MergedContextConfiguration@7535554e testClass = Tests, locations = '{classpath:applicationContext.xml, classpath:applicationContext.xml}', classes = '{}', contextInitializerClasses = '[]', activeProfiles = '{}', propertySourceLocations = '{}', propertySourceProperties = '{}', contextCustomizers = set[org.springframework.boot.test.context.filter.ExcludeFilterContextCustomizer@255b53dc, org.springframework.boot.test.json.DuplicateJsonObjectContextCustomizerFactory$DuplicateJsonObjectContextCustomizer@64d2d351, org.springframework.boot.test.mock.mockito.MockitoContextCustomizer@0, org.springframework.boot.test.autoconfigure.properties.PropertyMappingContextCustomizer@0, org.springframework.boot.test.autoconfigure.web.servlet.WebDriverContextCustomizerFactory$Customizer@52aa2946], contextLoader = 'org.springframework.test.context.support.DelegatingSmartContextLoader', parent = [null]]]; transaction manager [org.springframework.orm.jpa.JpaTransactionManager@4ece2750]; rollback [true]
[05/jul/2024 13:43:33] [:] INFO - Rolled back transaction for test: [DefaultTestContext@329af9b1 testClass = Tests, testInstance = org.isf.medicalstock.test.Tests@1ecedd63, testMethod = testMgrGetMovementsCheckLotDueParameters@Tests, testException = [null], mergedContextConfiguration = [MergedContextConfiguration@7535554e testClass = Tests, locations = '{classpath:applicationContext.xml, classpath:applicationContext.xml}', classes = '{}', contextInitializerClasses = '[]', activeProfiles = '{}', propertySourceLocations = '{}', propertySourceProperties = '{}', contextCustomizers = set[org.springframework.boot.test.context.filter.ExcludeFilterContextCustomizer@255b53dc, org.springframework.boot.test.json.DuplicateJsonObjectContextCustomizerFactory$DuplicateJsonObjectContextCustomizer@64d2d351, org.springframework.boot.test.mock.mockito.MockitoContextCustomizer@0, org.springframework.boot.test.autoconfigure.properties.PropertyMappingContextCustomizer@0, org.springframework.boot.test.autoconfigure.web.servlet.WebDriverContextCustomizerFactory$Customizer@52aa2946], contextLoader = 'org.springframework.test.context.support.DelegatingSmartContextLoader', parent = [null]]]
]]></system-out>
  </testcase>
  <testcase name="testLotHashCode[Test with AUTOMATICLOT_IN=true, AUTOMATICLOT_OUT=false, AUTOMATICLOTWARD_TOWARD=false]" classname="org.isf.medicalstock.test.Tests" time="0.008">
    <system-out><![CDATA[[05/jul/2024 13:43:33] [:] INFO - Began transaction (1) for test context [DefaultTestContext@329af9b1 testClass = Tests, testInstance = org.isf.medicalstock.test.Tests@214b1297, testMethod = testLotHashCode@Tests, testException = [null], mergedContextConfiguration = [MergedContextConfiguration@7535554e testClass = Tests, locations = '{classpath:applicationContext.xml, classpath:applicationContext.xml}', classes = '{}', contextInitializerClasses = '[]', activeProfiles = '{}', propertySourceLocations = '{}', propertySourceProperties = '{}', contextCustomizers = set[org.springframework.boot.test.context.filter.ExcludeFilterContextCustomizer@255b53dc, org.springframework.boot.test.json.DuplicateJsonObjectContextCustomizerFactory$DuplicateJsonObjectContextCustomizer@64d2d351, org.springframework.boot.test.mock.mockito.MockitoContextCustomizer@0, org.springframework.boot.test.autoconfigure.properties.PropertyMappingContextCustomizer@0, org.springframework.boot.test.autoconfigure.web.servlet.WebDriverContextCustomizerFactory$Customizer@52aa2946], contextLoader = 'org.springframework.test.context.support.DelegatingSmartContextLoader', parent = [null]]]; transaction manager [org.springframework.orm.jpa.JpaTransactionManager@4ece2750]; rollback [true]
[05/jul/2024 13:43:33] [:] INFO - Rolled back transaction for test: [DefaultTestContext@329af9b1 testClass = Tests, testInstance = org.isf.medicalstock.test.Tests@214b1297, testMethod = testLotHashCode@Tests, testException = [null], mergedContextConfiguration = [MergedContextConfiguration@7535554e testClass = Tests, locations = '{classpath:applicationContext.xml, classpath:applicationContext.xml}', classes = '{}', contextInitializerClasses = '[]', activeProfiles = '{}', propertySourceLocations = '{}', propertySourceProperties = '{}', contextCustomizers = set[org.springframework.boot.test.context.filter.ExcludeFilterContextCustomizer@255b53dc, org.springframework.boot.test.json.DuplicateJsonObjectContextCustomizerFactory$DuplicateJsonObjectContextCustomizer@64d2d351, org.springframework.boot.test.mock.mockito.MockitoContextCustomizer@0, org.springframework.boot.test.autoconfigure.properties.PropertyMappingContextCustomizer@0, org.springframework.boot.test.autoconfigure.web.servlet.WebDriverContextCustomizerFactory$Customizer@52aa2946], contextLoader = 'org.springframework.test.context.support.DelegatingSmartContextLoader', parent = [null]]]
]]></system-out>
  </testcase>
  <testcase name="testLotIsValidLot[Test with AUTOMATICLOT_IN=true, AUTOMATICLOT_OUT=false, AUTOMATICLOTWARD_TOWARD=false]" classname="org.isf.medicalstock.test.Tests" time="0.009">
    <system-out><![CDATA[[05/jul/2024 13:43:33] [:] INFO - Began transaction (1) for test context [DefaultTestContext@329af9b1 testClass = Tests, testInstance = org.isf.medicalstock.test.Tests@49ed4176, testMethod = testLotIsValidLot@Tests, testException = [null], mergedContextConfiguration = [MergedContextConfiguration@7535554e testClass = Tests, locations = '{classpath:applicationContext.xml, classpath:applicationContext.xml}', classes = '{}', contextInitializerClasses = '[]', activeProfiles = '{}', propertySourceLocations = '{}', propertySourceProperties = '{}', contextCustomizers = set[org.springframework.boot.test.context.filter.ExcludeFilterContextCustomizer@255b53dc, org.springframework.boot.test.json.DuplicateJsonObjectContextCustomizerFactory$DuplicateJsonObjectContextCustomizer@64d2d351, org.springframework.boot.test.mock.mockito.MockitoContextCustomizer@0, org.springframework.boot.test.autoconfigure.properties.PropertyMappingContextCustomizer@0, org.springframework.boot.test.autoconfigure.web.servlet.WebDriverContextCustomizerFactory$Customizer@52aa2946], contextLoader = 'org.springframework.test.context.support.DelegatingSmartContextLoader', parent = [null]]]; transaction manager [org.springframework.orm.jpa.JpaTransactionManager@4ece2750]; rollback [true]
[05/jul/2024 13:43:33] [:] INFO - Rolled back transaction for test: [DefaultTestContext@329af9b1 testClass = Tests, testInstance = org.isf.medicalstock.test.Tests@49ed4176, testMethod = testLotIsValidLot@Tests, testException = [null], mergedContextConfiguration = [MergedContextConfiguration@7535554e testClass = Tests, locations = '{classpath:applicationContext.xml, classpath:applicationContext.xml}', classes = '{}', contextInitializerClasses = '[]', activeProfiles = '{}', propertySourceLocations = '{}', propertySourceProperties = '{}', contextCustomizers = set[org.springframework.boot.test.context.filter.ExcludeFilterContextCustomizer@255b53dc, org.springframework.boot.test.json.DuplicateJsonObjectContextCustomizerFactory$DuplicateJsonObjectContextCustomizer@64d2d351, org.springframework.boot.test.mock.mockito.MockitoContextCustomizer@0, org.springframework.boot.test.autoconfigure.properties.PropertyMappingContextCustomizer@0, org.springframework.boot.test.autoconfigure.web.servlet.WebDriverContextCustomizerFactory$Customizer@52aa2946], contextLoader = 'org.springframework.test.context.support.DelegatingSmartContextLoader', parent = [null]]]
]]></system-out>
  </testcase>
  <testcase name="testMgrGetLotsByMedical[Test with AUTOMATICLOT_IN=true, AUTOMATICLOT_OUT=false, AUTOMATICLOTWARD_TOWARD=false]" classname="org.isf.medicalstock.test.Tests" time="0.015">
    <system-out><![CDATA[[05/jul/2024 13:43:33] [:] INFO - Began transaction (1) for test context [DefaultTestContext@329af9b1 testClass = Tests, testInstance = org.isf.medicalstock.test.Tests@4d80fbb7, testMethod = testMgrGetLotsByMedical@Tests, testException = [null], mergedContextConfiguration = [MergedContextConfiguration@7535554e testClass = Tests, locations = '{classpath:applicationContext.xml, classpath:applicationContext.xml}', classes = '{}', contextInitializerClasses = '[]', activeProfiles = '{}', propertySourceLocations = '{}', propertySourceProperties = '{}', contextCustomizers = set[org.springframework.boot.test.context.filter.ExcludeFilterContextCustomizer@255b53dc, org.springframework.boot.test.json.DuplicateJsonObjectContextCustomizerFactory$DuplicateJsonObjectContextCustomizer@64d2d351, org.springframework.boot.test.mock.mockito.MockitoContextCustomizer@0, org.springframework.boot.test.autoconfigure.properties.PropertyMappingContextCustomizer@0, org.springframework.boot.test.autoconfigure.web.servlet.WebDriverContextCustomizerFactory$Customizer@52aa2946], contextLoader = 'org.springframework.test.context.support.DelegatingSmartContextLoader', parent = [null]]]; transaction manager [org.springframework.orm.jpa.JpaTransactionManager@4ece2750]; rollback [true]
[05/jul/2024 13:43:33] [:] INFO - Rolled back transaction for test: [DefaultTestContext@329af9b1 testClass = Tests, testInstance = org.isf.medicalstock.test.Tests@4d80fbb7, testMethod = testMgrGetLotsByMedical@Tests, testException = [null], mergedContextConfiguration = [MergedContextConfiguration@7535554e testClass = Tests, locations = '{classpath:applicationContext.xml, classpath:applicationContext.xml}', classes = '{}', contextInitializerClasses = '[]', activeProfiles = '{}', propertySourceLocations = '{}', propertySourceProperties = '{}', contextCustomizers = set[org.springframework.boot.test.context.filter.ExcludeFilterContextCustomizer@255b53dc, org.springframework.boot.test.json.DuplicateJsonObjectContextCustomizerFactory$DuplicateJsonObjectContextCustomizer@64d2d351, org.springframework.boot.test.mock.mockito.MockitoContextCustomizer@0, org.springframework.boot.test.autoconfigure.properties.PropertyMappingContextCustomizer@0, org.springframework.boot.test.autoconfigure.web.servlet.WebDriverContextCustomizerFactory$Customizer@52aa2946], contextLoader = 'org.springframework.test.context.support.DelegatingSmartContextLoader', parent = [null]]]
]]></system-out>
  </testcase>
  <testcase name="testIoRefNoExists[Test with AUTOMATICLOT_IN=true, AUTOMATICLOT_OUT=false, AUTOMATICLOTWARD_TOWARD=false]" classname="org.isf.medicalstock.test.Tests" time="0.014">
    <system-out><![CDATA[[05/jul/2024 13:43:33] [:] INFO - Began transaction (1) for test context [DefaultTestContext@329af9b1 testClass = Tests, testInstance = org.isf.medicalstock.test.Tests@2b898ed, testMethod = testIoRefNoExists@Tests, testException = [null], mergedContextConfiguration = [MergedContextConfiguration@7535554e testClass = Tests, locations = '{classpath:applicationContext.xml, classpath:applicationContext.xml}', classes = '{}', contextInitializerClasses = '[]', activeProfiles = '{}', propertySourceLocations = '{}', propertySourceProperties = '{}', contextCustomizers = set[org.springframework.boot.test.context.filter.ExcludeFilterContextCustomizer@255b53dc, org.springframework.boot.test.json.DuplicateJsonObjectContextCustomizerFactory$DuplicateJsonObjectContextCustomizer@64d2d351, org.springframework.boot.test.mock.mockito.MockitoContextCustomizer@0, org.springframework.boot.test.autoconfigure.properties.PropertyMappingContextCustomizer@0, org.springframework.boot.test.autoconfigure.web.servlet.WebDriverContextCustomizerFactory$Customizer@52aa2946], contextLoader = 'org.springframework.test.context.support.DelegatingSmartContextLoader', parent = [null]]]; transaction manager [org.springframework.orm.jpa.JpaTransactionManager@4ece2750]; rollback [true]
[05/jul/2024 13:43:33] [:] INFO - Rolled back transaction for test: [DefaultTestContext@329af9b1 testClass = Tests, testInstance = org.isf.medicalstock.test.Tests@2b898ed, testMethod = testIoRefNoExists@Tests, testException = [null], mergedContextConfiguration = [MergedContextConfiguration@7535554e testClass = Tests, locations = '{classpath:applicationContext.xml, classpath:applicationContext.xml}', classes = '{}', contextInitializerClasses = '[]', activeProfiles = '{}', propertySourceLocations = '{}', propertySourceProperties = '{}', contextCustomizers = set[org.springframework.boot.test.context.filter.ExcludeFilterContextCustomizer@255b53dc, org.springframework.boot.test.json.DuplicateJsonObjectContextCustomizerFactory$DuplicateJsonObjectContextCustomizer@64d2d351, org.springframework.boot.test.mock.mockito.MockitoContextCustomizer@0, org.springframework.boot.test.autoconfigure.properties.PropertyMappingContextCustomizer@0, org.springframework.boot.test.autoconfigure.web.servlet.WebDriverContextCustomizerFactory$Customizer@52aa2946], contextLoader = 'org.springframework.test.context.support.DelegatingSmartContextLoader', parent = [null]]]
]]></system-out>
  </testcase>
  <testcase name="testIoGetLotsByMedical[Test with AUTOMATICLOT_IN=true, AUTOMATICLOT_OUT=false, AUTOMATICLOTWARD_TOWARD=false]" classname="org.isf.medicalstock.test.Tests" time="0.012">
    <system-out><![CDATA[[05/jul/2024 13:43:33] [:] INFO - Began transaction (1) for test context [DefaultTestContext@329af9b1 testClass = Tests, testInstance = org.isf.medicalstock.test.Tests@5aa1f0bc, testMethod = testIoGetLotsByMedical@Tests, testException = [null], mergedContextConfiguration = [MergedContextConfiguration@7535554e testClass = Tests, locations = '{classpath:applicationContext.xml, classpath:applicationContext.xml}', classes = '{}', contextInitializerClasses = '[]', activeProfiles = '{}', propertySourceLocations = '{}', propertySourceProperties = '{}', contextCustomizers = set[org.springframework.boot.test.context.filter.ExcludeFilterContextCustomizer@255b53dc, org.springframework.boot.test.json.DuplicateJsonObjectContextCustomizerFactory$DuplicateJsonObjectContextCustomizer@64d2d351, org.springframework.boot.test.mock.mockito.MockitoContextCustomizer@0, org.springframework.boot.test.autoconfigure.properties.PropertyMappingContextCustomizer@0, org.springframework.boot.test.autoconfigure.web.servlet.WebDriverContextCustomizerFactory$Customizer@52aa2946], contextLoader = 'org.springframework.test.context.support.DelegatingSmartContextLoader', parent = [null]]]; transaction manager [org.springframework.orm.jpa.JpaTransactionManager@4ece2750]; rollback [true]
[05/jul/2024 13:43:33] [:] INFO - Rolled back transaction for test: [DefaultTestContext@329af9b1 testClass = Tests, testInstance = org.isf.medicalstock.test.Tests@5aa1f0bc, testMethod = testIoGetLotsByMedical@Tests, testException = [null], mergedContextConfiguration = [MergedContextConfiguration@7535554e testClass = Tests, locations = '{classpath:applicationContext.xml, classpath:applicationContext.xml}', classes = '{}', contextInitializerClasses = '[]', activeProfiles = '{}', propertySourceLocations = '{}', propertySourceProperties = '{}', contextCustomizers = set[org.springframework.boot.test.context.filter.ExcludeFilterContextCustomizer@255b53dc, org.springframework.boot.test.json.DuplicateJsonObjectContextCustomizerFactory$DuplicateJsonObjectContextCustomizer@64d2d351, org.springframework.boot.test.mock.mockito.MockitoContextCustomizer@0, org.springframework.boot.test.autoconfigure.properties.PropertyMappingContextCustomizer@0, org.springframework.boot.test.autoconfigure.web.servlet.WebDriverContextCustomizerFactory$Customizer@52aa2946], contextLoader = 'org.springframework.test.context.support.DelegatingSmartContextLoader', parent = [null]]]
]]></system-out>
  </testcase>
  <testcase name="testIoNewAutomaticDischargingMovement[Test with AUTOMATICLOT_IN=true, AUTOMATICLOT_OUT=false, AUTOMATICLOTWARD_TOWARD=false]" classname="org.isf.medicalstock.test.Tests" time="0.016">
    <system-out><![CDATA[[05/jul/2024 13:43:33] [:] INFO - Began transaction (1) for test context [DefaultTestContext@329af9b1 testClass = Tests, testInstance = org.isf.medicalstock.test.Tests@416513a4, testMethod = testIoNewAutomaticDischargingMovement@Tests, testException = [null], mergedContextConfiguration = [MergedContextConfiguration@7535554e testClass = Tests, locations = '{classpath:applicationContext.xml, classpath:applicationContext.xml}', classes = '{}', contextInitializerClasses = '[]', activeProfiles = '{}', propertySourceLocations = '{}', propertySourceProperties = '{}', contextCustomizers = set[org.springframework.boot.test.context.filter.ExcludeFilterContextCustomizer@255b53dc, org.springframework.boot.test.json.DuplicateJsonObjectContextCustomizerFactory$DuplicateJsonObjectContextCustomizer@64d2d351, org.springframework.boot.test.mock.mockito.MockitoContextCustomizer@0, org.springframework.boot.test.autoconfigure.properties.PropertyMappingContextCustomizer@0, org.springframework.boot.test.autoconfigure.web.servlet.WebDriverContextCustomizerFactory$Customizer@52aa2946], contextLoader = 'org.springframework.test.context.support.DelegatingSmartContextLoader', parent = [null]]]; transaction manager [org.springframework.orm.jpa.JpaTransactionManager@4ece2750]; rollback [true]
[05/jul/2024 13:43:33] [:] INFO - Rolled back transaction for test: [DefaultTestContext@329af9b1 testClass = Tests, testInstance = org.isf.medicalstock.test.Tests@416513a4, testMethod = testIoNewAutomaticDischargingMovement@Tests, testException = [null], mergedContextConfiguration = [MergedContextConfiguration@7535554e testClass = Tests, locations = '{classpath:applicationContext.xml, classpath:applicationContext.xml}', classes = '{}', contextInitializerClasses = '[]', activeProfiles = '{}', propertySourceLocations = '{}', propertySourceProperties = '{}', contextCustomizers = set[org.springframework.boot.test.context.filter.ExcludeFilterContextCustomizer@255b53dc, org.springframework.boot.test.json.DuplicateJsonObjectContextCustomizerFactory$DuplicateJsonObjectContextCustomizer@64d2d351, org.springframework.boot.test.mock.mockito.MockitoContextCustomizer@0, org.springframework.boot.test.autoconfigure.properties.PropertyMappingContextCustomizer@0, org.springframework.boot.test.autoconfigure.web.servlet.WebDriverContextCustomizerFactory$Customizer@52aa2946], contextLoader = 'org.springframework.test.context.support.DelegatingSmartContextLoader', parent = [null]]]
]]></system-out>
  </testcase>
  <testcase name="testIoGetMovementForPrintTypeOrder[Test with AUTOMATICLOT_IN=true, AUTOMATICLOT_OUT=false, AUTOMATICLOTWARD_TOWARD=false]" classname="org.isf.medicalstock.test.Tests" time="0.017">
    <system-out><![CDATA[[05/jul/2024 13:43:33] [:] INFO - Began transaction (1) for test context [DefaultTestContext@329af9b1 testClass = Tests, testInstance = org.isf.medicalstock.test.Tests@189a36fe, testMethod = testIoGetMovementForPrintTypeOrder@Tests, testException = [null], mergedContextConfiguration = [MergedContextConfiguration@7535554e testClass = Tests, locations = '{classpath:applicationContext.xml, classpath:applicationContext.xml}', classes = '{}', contextInitializerClasses = '[]', activeProfiles = '{}', propertySourceLocations = '{}', propertySourceProperties = '{}', contextCustomizers = set[org.springframework.boot.test.context.filter.ExcludeFilterContextCustomizer@255b53dc, org.springframework.boot.test.json.DuplicateJsonObjectContextCustomizerFactory$DuplicateJsonObjectContextCustomizer@64d2d351, org.springframework.boot.test.mock.mockito.MockitoContextCustomizer@0, org.springframework.boot.test.autoconfigure.properties.PropertyMappingContextCustomizer@0, org.springframework.boot.test.autoconfigure.web.servlet.WebDriverContextCustomizerFactory$Customizer@52aa2946], contextLoader = 'org.springframework.test.context.support.DelegatingSmartContextLoader', parent = [null]]]; transaction manager [org.springframework.orm.jpa.JpaTransactionManager@4ece2750]; rollback [true]
[05/jul/2024 13:43:33] [:] INFO - Rolled back transaction for test: [DefaultTestContext@329af9b1 testClass = Tests, testInstance = org.isf.medicalstock.test.Tests@189a36fe, testMethod = testIoGetMovementForPrintTypeOrder@Tests, testException = [null], mergedContextConfiguration = [MergedContextConfiguration@7535554e testClass = Tests, locations = '{classpath:applicationContext.xml, classpath:applicationContext.xml}', classes = '{}', contextInitializerClasses = '[]', activeProfiles = '{}', propertySourceLocations = '{}', propertySourceProperties = '{}', contextCustomizers = set[org.springframework.boot.test.context.filter.ExcludeFilterContextCustomizer@255b53dc, org.springframework.boot.test.json.DuplicateJsonObjectContextCustomizerFactory$DuplicateJsonObjectContextCustomizer@64d2d351, org.springframework.boot.test.mock.mockito.MockitoContextCustomizer@0, org.springframework.boot.test.autoconfigure.properties.PropertyMappingContextCustomizer@0, org.springframework.boot.test.autoconfigure.web.servlet.WebDriverContextCustomizerFactory$Customizer@52aa2946], contextLoader = 'org.springframework.test.context.support.DelegatingSmartContextLoader', parent = [null]]]
]]></system-out>
  </testcase>
  <testcase name="testMgrValidateLotPrepationDateNull[Test with AUTOMATICLOT_IN=true, AUTOMATICLOT_OUT=false, AUTOMATICLOTWARD_TOWARD=false]" classname="org.isf.medicalstock.test.Tests" time="0.02">
    <system-out><![CDATA[[05/jul/2024 13:43:33] [:] INFO - Began transaction (1) for test context [DefaultTestContext@329af9b1 testClass = Tests, testInstance = org.isf.medicalstock.test.Tests@29996de, testMethod = testMgrValidateLotPrepationDateNull@Tests, testException = [null], mergedContextConfiguration = [MergedContextConfiguration@7535554e testClass = Tests, locations = '{classpath:applicationContext.xml, classpath:applicationContext.xml}', classes = '{}', contextInitializerClasses = '[]', activeProfiles = '{}', propertySourceLocations = '{}', propertySourceProperties = '{}', contextCustomizers = set[org.springframework.boot.test.context.filter.ExcludeFilterContextCustomizer@255b53dc, org.springframework.boot.test.json.DuplicateJsonObjectContextCustomizerFactory$DuplicateJsonObjectContextCustomizer@64d2d351, org.springframework.boot.test.mock.mockito.MockitoContextCustomizer@0, org.springframework.boot.test.autoconfigure.properties.PropertyMappingContextCustomizer@0, org.springframework.boot.test.autoconfigure.web.servlet.WebDriverContextCustomizerFactory$Customizer@52aa2946], contextLoader = 'org.springframework.test.context.support.DelegatingSmartContextLoader', parent = [null]]]; transaction manager [org.springframework.orm.jpa.JpaTransactionManager@4ece2750]; rollback [true]
[05/jul/2024 13:43:33] [:] INFO - Rolled back transaction for test: [DefaultTestContext@329af9b1 testClass = Tests, testInstance = org.isf.medicalstock.test.Tests@29996de, testMethod = testMgrValidateLotPrepationDateNull@Tests, testException = [null], mergedContextConfiguration = [MergedContextConfiguration@7535554e testClass = Tests, locations = '{classpath:applicationContext.xml, classpath:applicationContext.xml}', classes = '{}', contextInitializerClasses = '[]', activeProfiles = '{}', propertySourceLocations = '{}', propertySourceProperties = '{}', contextCustomizers = set[org.springframework.boot.test.context.filter.ExcludeFilterContextCustomizer@255b53dc, org.springframework.boot.test.json.DuplicateJsonObjectContextCustomizerFactory$DuplicateJsonObjectContextCustomizer@64d2d351, org.springframework.boot.test.mock.mockito.MockitoContextCustomizer@0, org.springframework.boot.test.autoconfigure.properties.PropertyMappingContextCustomizer@0, org.springframework.boot.test.autoconfigure.web.servlet.WebDriverContextCustomizerFactory$Customizer@52aa2946], contextLoader = 'org.springframework.test.context.support.DelegatingSmartContextLoader', parent = [null]]]
]]></system-out>
  </testcase>
  <testcase name="testIoNewMovementAutomaticLotMode[Test with AUTOMATICLOT_IN=true, AUTOMATICLOT_OUT=false, AUTOMATICLOTWARD_TOWARD=false]" classname="org.isf.medicalstock.test.Tests" time="0.019">
    <system-out><![CDATA[[05/jul/2024 13:43:33] [:] INFO - Began transaction (1) for test context [DefaultTestContext@329af9b1 testClass = Tests, testInstance = org.isf.medicalstock.test.Tests@6036d3ac, testMethod = testIoNewMovementAutomaticLotMode@Tests, testException = [null], mergedContextConfiguration = [MergedContextConfiguration@7535554e testClass = Tests, locations = '{classpath:applicationContext.xml, classpath:applicationContext.xml}', classes = '{}', contextInitializerClasses = '[]', activeProfiles = '{}', propertySourceLocations = '{}', propertySourceProperties = '{}', contextCustomizers = set[org.springframework.boot.test.context.filter.ExcludeFilterContextCustomizer@255b53dc, org.springframework.boot.test.json.DuplicateJsonObjectContextCustomizerFactory$DuplicateJsonObjectContextCustomizer@64d2d351, org.springframework.boot.test.mock.mockito.MockitoContextCustomizer@0, org.springframework.boot.test.autoconfigure.properties.PropertyMappingContextCustomizer@0, org.springframework.boot.test.autoconfigure.web.servlet.WebDriverContextCustomizerFactory$Customizer@52aa2946], contextLoader = 'org.springframework.test.context.support.DelegatingSmartContextLoader', parent = [null]]]; transaction manager [org.springframework.orm.jpa.JpaTransactionManager@4ece2750]; rollback [true]
[05/jul/2024 13:43:33] [:] INFO - Rolled back transaction for test: [DefaultTestContext@329af9b1 testClass = Tests, testInstance = org.isf.medicalstock.test.Tests@6036d3ac, testMethod = testIoNewMovementAutomaticLotMode@Tests, testException = [null], mergedContextConfiguration = [MergedContextConfiguration@7535554e testClass = Tests, locations = '{classpath:applicationContext.xml, classpath:applicationContext.xml}', classes = '{}', contextInitializerClasses = '[]', activeProfiles = '{}', propertySourceLocations = '{}', propertySourceProperties = '{}', contextCustomizers = set[org.springframework.boot.test.context.filter.ExcludeFilterContextCustomizer@255b53dc, org.springframework.boot.test.json.DuplicateJsonObjectContextCustomizerFactory$DuplicateJsonObjectContextCustomizer@64d2d351, org.springframework.boot.test.mock.mockito.MockitoContextCustomizer@0, org.springframework.boot.test.autoconfigure.properties.PropertyMappingContextCustomizer@0, org.springframework.boot.test.autoconfigure.web.servlet.WebDriverContextCustomizerFactory$Customizer@52aa2946], contextLoader = 'org.springframework.test.context.support.DelegatingSmartContextLoader', parent = [null]]]
]]></system-out>
  </testcase>
  <testcase name="testMgrStoreLot[Test with AUTOMATICLOT_IN=true, AUTOMATICLOT_OUT=false, AUTOMATICLOTWARD_TOWARD=false]" classname="org.isf.medicalstock.test.Tests" time="0.014">
    <system-out><![CDATA[[05/jul/2024 13:43:33] [:] INFO - Began transaction (1) for test context [DefaultTestContext@329af9b1 testClass = Tests, testInstance = org.isf.medicalstock.test.Tests@152afc4b, testMethod = testMgrStoreLot@Tests, testException = [null], mergedContextConfiguration = [MergedContextConfiguration@7535554e testClass = Tests, locations = '{classpath:applicationContext.xml, classpath:applicationContext.xml}', classes = '{}', contextInitializerClasses = '[]', activeProfiles = '{}', propertySourceLocations = '{}', propertySourceProperties = '{}', contextCustomizers = set[org.springframework.boot.test.context.filter.ExcludeFilterContextCustomizer@255b53dc, org.springframework.boot.test.json.DuplicateJsonObjectContextCustomizerFactory$DuplicateJsonObjectContextCustomizer@64d2d351, org.springframework.boot.test.mock.mockito.MockitoContextCustomizer@0, org.springframework.boot.test.autoconfigure.properties.PropertyMappingContextCustomizer@0, org.springframework.boot.test.autoconfigure.web.servlet.WebDriverContextCustomizerFactory$Customizer@52aa2946], contextLoader = 'org.springframework.test.context.support.DelegatingSmartContextLoader', parent = [null]]]; transaction manager [org.springframework.orm.jpa.JpaTransactionManager@4ece2750]; rollback [true]
[05/jul/2024 13:43:33] [:] INFO - Rolled back transaction for test: [DefaultTestContext@329af9b1 testClass = Tests, testInstance = org.isf.medicalstock.test.Tests@152afc4b, testMethod = testMgrStoreLot@Tests, testException = [null], mergedContextConfiguration = [MergedContextConfiguration@7535554e testClass = Tests, locations = '{classpath:applicationContext.xml, classpath:applicationContext.xml}', classes = '{}', contextInitializerClasses = '[]', activeProfiles = '{}', propertySourceLocations = '{}', propertySourceProperties = '{}', contextCustomizers = set[org.springframework.boot.test.context.filter.ExcludeFilterContextCustomizer@255b53dc, org.springframework.boot.test.json.DuplicateJsonObjectContextCustomizerFactory$DuplicateJsonObjectContextCustomizer@64d2d351, org.springframework.boot.test.mock.mockito.MockitoContextCustomizer@0, org.springframework.boot.test.autoconfigure.properties.PropertyMappingContextCustomizer@0, org.springframework.boot.test.autoconfigure.web.servlet.WebDriverContextCustomizerFactory$Customizer@52aa2946], contextLoader = 'org.springframework.test.context.support.DelegatingSmartContextLoader', parent = [null]]]
]]></system-out>
  </testcase>
  <testcase name="testLotGets[Test with AUTOMATICLOT_IN=true, AUTOMATICLOT_OUT=false, AUTOMATICLOTWARD_TOWARD=false]" classname="org.isf.medicalstock.test.Tests" time="0.018">
    <system-out><![CDATA[[05/jul/2024 13:43:33] [:] INFO - Began transaction (1) for test context [DefaultTestContext@329af9b1 testClass = Tests, testInstance = org.isf.medicalstock.test.Tests@21a985e1, testMethod = testLotGets@Tests, testException = [null], mergedContextConfiguration = [MergedContextConfiguration@7535554e testClass = Tests, locations = '{classpath:applicationContext.xml, classpath:applicationContext.xml}', classes = '{}', contextInitializerClasses = '[]', activeProfiles = '{}', propertySourceLocations = '{}', propertySourceProperties = '{}', contextCustomizers = set[org.springframework.boot.test.context.filter.ExcludeFilterContextCustomizer@255b53dc, org.springframework.boot.test.json.DuplicateJsonObjectContextCustomizerFactory$DuplicateJsonObjectContextCustomizer@64d2d351, org.springframework.boot.test.mock.mockito.MockitoContextCustomizer@0, org.springframework.boot.test.autoconfigure.properties.PropertyMappingContextCustomizer@0, org.springframework.boot.test.autoconfigure.web.servlet.WebDriverContextCustomizerFactory$Customizer@52aa2946], contextLoader = 'org.springframework.test.context.support.DelegatingSmartContextLoader', parent = [null]]]; transaction manager [org.springframework.orm.jpa.JpaTransactionManager@4ece2750]; rollback [true]
[05/jul/2024 13:43:33] [:] INFO - Rolled back transaction for test: [DefaultTestContext@329af9b1 testClass = Tests, testInstance = org.isf.medicalstock.test.Tests@21a985e1, testMethod = testLotGets@Tests, testException = [null], mergedContextConfiguration = [MergedContextConfiguration@7535554e testClass = Tests, locations = '{classpath:applicationContext.xml, classpath:applicationContext.xml}', classes = '{}', contextInitializerClasses = '[]', activeProfiles = '{}', propertySourceLocations = '{}', propertySourceProperties = '{}', contextCustomizers = set[org.springframework.boot.test.context.filter.ExcludeFilterContextCustomizer@255b53dc, org.springframework.boot.test.json.DuplicateJsonObjectContextCustomizerFactory$DuplicateJsonObjectContextCustomizer@64d2d351, org.springframework.boot.test.mock.mockito.MockitoContextCustomizer@0, org.springframework.boot.test.autoconfigure.properties.PropertyMappingContextCustomizer@0, org.springframework.boot.test.autoconfigure.web.servlet.WebDriverContextCustomizerFactory$Customizer@52aa2946], contextLoader = 'org.springframework.test.context.support.DelegatingSmartContextLoader', parent = [null]]]
]]></system-out>
  </testcase>
  <testcase name="testLotSets[Test with AUTOMATICLOT_IN=true, AUTOMATICLOT_OUT=false, AUTOMATICLOTWARD_TOWARD=false]" classname="org.isf.medicalstock.test.Tests" time="0.012">
    <system-out><![CDATA[[05/jul/2024 13:43:33] [:] INFO - Began transaction (1) for test context [DefaultTestContext@329af9b1 testClass = Tests, testInstance = org.isf.medicalstock.test.Tests@dbcc842, testMethod = testLotSets@Tests, testException = [null], mergedContextConfiguration = [MergedContextConfiguration@7535554e testClass = Tests, locations = '{classpath:applicationContext.xml, classpath:applicationContext.xml}', classes = '{}', contextInitializerClasses = '[]', activeProfiles = '{}', propertySourceLocations = '{}', propertySourceProperties = '{}', contextCustomizers = set[org.springframework.boot.test.context.filter.ExcludeFilterContextCustomizer@255b53dc, org.springframework.boot.test.json.DuplicateJsonObjectContextCustomizerFactory$DuplicateJsonObjectContextCustomizer@64d2d351, org.springframework.boot.test.mock.mockito.MockitoContextCustomizer@0, org.springframework.boot.test.autoconfigure.properties.PropertyMappingContextCustomizer@0, org.springframework.boot.test.autoconfigure.web.servlet.WebDriverContextCustomizerFactory$Customizer@52aa2946], contextLoader = 'org.springframework.test.context.support.DelegatingSmartContextLoader', parent = [null]]]; transaction manager [org.springframework.orm.jpa.JpaTransactionManager@4ece2750]; rollback [true]
[05/jul/2024 13:43:33] [:] INFO - Rolled back transaction for test: [DefaultTestContext@329af9b1 testClass = Tests, testInstance = org.isf.medicalstock.test.Tests@dbcc842, testMethod = testLotSets@Tests, testException = [null], mergedContextConfiguration = [MergedContextConfiguration@7535554e testClass = Tests, locations = '{classpath:applicationContext.xml, classpath:applicationContext.xml}', classes = '{}', contextInitializerClasses = '[]', activeProfiles = '{}', propertySourceLocations = '{}', propertySourceProperties = '{}', contextCustomizers = set[org.springframework.boot.test.context.filter.ExcludeFilterContextCustomizer@255b53dc, org.springframework.boot.test.json.DuplicateJsonObjectContextCustomizerFactory$DuplicateJsonObjectContextCustomizer@64d2d351, org.springframework.boot.test.mock.mockito.MockitoContextCustomizer@0, org.springframework.boot.test.autoconfigure.properties.PropertyMappingContextCustomizer@0, org.springframework.boot.test.autoconfigure.web.servlet.WebDriverContextCustomizerFactory$Customizer@52aa2946], contextLoader = 'org.springframework.test.context.support.DelegatingSmartContextLoader', parent = [null]]]
]]></system-out>
  </testcase>
  <testcase name="testMgrPrepareDischargingMovementBadRefNumber[Test with AUTOMATICLOT_IN=true, AUTOMATICLOT_OUT=false, AUTOMATICLOTWARD_TOWARD=false]" classname="org.isf.medicalstock.test.Tests" time="0.013">
    <system-out><![CDATA[[05/jul/2024 13:43:33] [:] INFO - Began transaction (1) for test context [DefaultTestContext@329af9b1 testClass = Tests, testInstance = org.isf.medicalstock.test.Tests@74703c9a, testMethod = testMgrPrepareDischargingMovementBadRefNumber@Tests, testException = [null], mergedContextConfiguration = [MergedContextConfiguration@7535554e testClass = Tests, locations = '{classpath:applicationContext.xml, classpath:applicationContext.xml}', classes = '{}', contextInitializerClasses = '[]', activeProfiles = '{}', propertySourceLocations = '{}', propertySourceProperties = '{}', contextCustomizers = set[org.springframework.boot.test.context.filter.ExcludeFilterContextCustomizer@255b53dc, org.springframework.boot.test.json.DuplicateJsonObjectContextCustomizerFactory$DuplicateJsonObjectContextCustomizer@64d2d351, org.springframework.boot.test.mock.mockito.MockitoContextCustomizer@0, org.springframework.boot.test.autoconfigure.properties.PropertyMappingContextCustomizer@0, org.springframework.boot.test.autoconfigure.web.servlet.WebDriverContextCustomizerFactory$Customizer@52aa2946], contextLoader = 'org.springframework.test.context.support.DelegatingSmartContextLoader', parent = [null]]]; transaction manager [org.springframework.orm.jpa.JpaTransactionManager@4ece2750]; rollback [true]
[05/jul/2024 13:43:33] [:] INFO - Rolled back transaction for test: [DefaultTestContext@329af9b1 testClass = Tests, testInstance = org.isf.medicalstock.test.Tests@74703c9a, testMethod = testMgrPrepareDischargingMovementBadRefNumber@Tests, testException = [null], mergedContextConfiguration = [MergedContextConfiguration@7535554e testClass = Tests, locations = '{classpath:applicationContext.xml, classpath:applicationContext.xml}', classes = '{}', contextInitializerClasses = '[]', activeProfiles = '{}', propertySourceLocations = '{}', propertySourceProperties = '{}', contextCustomizers = set[org.springframework.boot.test.context.filter.ExcludeFilterContextCustomizer@255b53dc, org.springframework.boot.test.json.DuplicateJsonObjectContextCustomizerFactory$DuplicateJsonObjectContextCustomizer@64d2d351, org.springframework.boot.test.mock.mockito.MockitoContextCustomizer@0, org.springframework.boot.test.autoconfigure.properties.PropertyMappingContextCustomizer@0, org.springframework.boot.test.autoconfigure.web.servlet.WebDriverContextCustomizerFactory$Customizer@52aa2946], contextLoader = 'org.springframework.test.context.support.DelegatingSmartContextLoader', parent = [null]]]
]]></system-out>
  </testcase>
  <testcase name="testMgrValidateQuantityZero[Test with AUTOMATICLOT_IN=true, AUTOMATICLOT_OUT=false, AUTOMATICLOTWARD_TOWARD=false]" classname="org.isf.medicalstock.test.Tests" time="0.015">
    <system-out><![CDATA[[05/jul/2024 13:43:33] [:] INFO - Began transaction (1) for test context [DefaultTestContext@329af9b1 testClass = Tests, testInstance = org.isf.medicalstock.test.Tests@531c3f2d, testMethod = testMgrValidateQuantityZero@Tests, testException = [null], mergedContextConfiguration = [MergedContextConfiguration@7535554e testClass = Tests, locations = '{classpath:applicationContext.xml, classpath:applicationContext.xml}', classes = '{}', contextInitializerClasses = '[]', activeProfiles = '{}', propertySourceLocations = '{}', propertySourceProperties = '{}', contextCustomizers = set[org.springframework.boot.test.context.filter.ExcludeFilterContextCustomizer@255b53dc, org.springframework.boot.test.json.DuplicateJsonObjectContextCustomizerFactory$DuplicateJsonObjectContextCustomizer@64d2d351, org.springframework.boot.test.mock.mockito.MockitoContextCustomizer@0, org.springframework.boot.test.autoconfigure.properties.PropertyMappingContextCustomizer@0, org.springframework.boot.test.autoconfigure.web.servlet.WebDriverContextCustomizerFactory$Customizer@52aa2946], contextLoader = 'org.springframework.test.context.support.DelegatingSmartContextLoader', parent = [null]]]; transaction manager [org.springframework.orm.jpa.JpaTransactionManager@4ece2750]; rollback [true]
[05/jul/2024 13:43:33] [:] INFO - Rolled back transaction for test: [DefaultTestContext@329af9b1 testClass = Tests, testInstance = org.isf.medicalstock.test.Tests@531c3f2d, testMethod = testMgrValidateQuantityZero@Tests, testException = [null], mergedContextConfiguration = [MergedContextConfiguration@7535554e testClass = Tests, locations = '{classpath:applicationContext.xml, classpath:applicationContext.xml}', classes = '{}', contextInitializerClasses = '[]', activeProfiles = '{}', propertySourceLocations = '{}', propertySourceProperties = '{}', contextCustomizers = set[org.springframework.boot.test.context.filter.ExcludeFilterContextCustomizer@255b53dc, org.springframework.boot.test.json.DuplicateJsonObjectContextCustomizerFactory$DuplicateJsonObjectContextCustomizer@64d2d351, org.springframework.boot.test.mock.mockito.MockitoContextCustomizer@0, org.springframework.boot.test.autoconfigure.properties.PropertyMappingContextCustomizer@0, org.springframework.boot.test.autoconfigure.web.servlet.WebDriverContextCustomizerFactory$Customizer@52aa2946], contextLoader = 'org.springframework.test.context.support.DelegatingSmartContextLoader', parent = [null]]]
]]></system-out>
  </testcase>
  <testcase name="testMgrGetLastMovementDate[Test with AUTOMATICLOT_IN=true, AUTOMATICLOT_OUT=false, AUTOMATICLOTWARD_TOWARD=false]" classname="org.isf.medicalstock.test.Tests" time="0.018">
    <system-out><![CDATA[[05/jul/2024 13:43:33] [:] INFO - Began transaction (1) for test context [DefaultTestContext@329af9b1 testClass = Tests, testInstance = org.isf.medicalstock.test.Tests@1b067c7a, testMethod = testMgrGetLastMovementDate@Tests, testException = [null], mergedContextConfiguration = [MergedContextConfiguration@7535554e testClass = Tests, locations = '{classpath:applicationContext.xml, classpath:applicationContext.xml}', classes = '{}', contextInitializerClasses = '[]', activeProfiles = '{}', propertySourceLocations = '{}', propertySourceProperties = '{}', contextCustomizers = set[org.springframework.boot.test.context.filter.ExcludeFilterContextCustomizer@255b53dc, org.springframework.boot.test.json.DuplicateJsonObjectContextCustomizerFactory$DuplicateJsonObjectContextCustomizer@64d2d351, org.springframework.boot.test.mock.mockito.MockitoContextCustomizer@0, org.springframework.boot.test.autoconfigure.properties.PropertyMappingContextCustomizer@0, org.springframework.boot.test.autoconfigure.web.servlet.WebDriverContextCustomizerFactory$Customizer@52aa2946], contextLoader = 'org.springframework.test.context.support.DelegatingSmartContextLoader', parent = [null]]]; transaction manager [org.springframework.orm.jpa.JpaTransactionManager@4ece2750]; rollback [true]
[05/jul/2024 13:43:33] [:] INFO - Rolled back transaction for test: [DefaultTestContext@329af9b1 testClass = Tests, testInstance = org.isf.medicalstock.test.Tests@1b067c7a, testMethod = testMgrGetLastMovementDate@Tests, testException = [null], mergedContextConfiguration = [MergedContextConfiguration@7535554e testClass = Tests, locations = '{classpath:applicationContext.xml, classpath:applicationContext.xml}', classes = '{}', contextInitializerClasses = '[]', activeProfiles = '{}', propertySourceLocations = '{}', propertySourceProperties = '{}', contextCustomizers = set[org.springframework.boot.test.context.filter.ExcludeFilterContextCustomizer@255b53dc, org.springframework.boot.test.json.DuplicateJsonObjectContextCustomizerFactory$DuplicateJsonObjectContextCustomizer@64d2d351, org.springframework.boot.test.mock.mockito.MockitoContextCustomizer@0, org.springframework.boot.test.autoconfigure.properties.PropertyMappingContextCustomizer@0, org.springframework.boot.test.autoconfigure.web.servlet.WebDriverContextCustomizerFactory$Customizer@52aa2946], contextLoader = 'org.springframework.test.context.support.DelegatingSmartContextLoader', parent = [null]]]
]]></system-out>
  </testcase>
  <testcase name="testMovementGets[Test with AUTOMATICLOT_IN=true, AUTOMATICLOT_OUT=false, AUTOMATICLOTWARD_TOWARD=false]" classname="org.isf.medicalstock.test.Tests" time="0.012">
    <system-out><![CDATA[[05/jul/2024 13:43:33] [:] INFO - Began transaction (1) for test context [DefaultTestContext@329af9b1 testClass = Tests, testInstance = org.isf.medicalstock.test.Tests@1c16672a, testMethod = testMovementGets@Tests, testException = [null], mergedContextConfiguration = [MergedContextConfiguration@7535554e testClass = Tests, locations = '{classpath:applicationContext.xml, classpath:applicationContext.xml}', classes = '{}', contextInitializerClasses = '[]', activeProfiles = '{}', propertySourceLocations = '{}', propertySourceProperties = '{}', contextCustomizers = set[org.springframework.boot.test.context.filter.ExcludeFilterContextCustomizer@255b53dc, org.springframework.boot.test.json.DuplicateJsonObjectContextCustomizerFactory$DuplicateJsonObjectContextCustomizer@64d2d351, org.springframework.boot.test.mock.mockito.MockitoContextCustomizer@0, org.springframework.boot.test.autoconfigure.properties.PropertyMappingContextCustomizer@0, org.springframework.boot.test.autoconfigure.web.servlet.WebDriverContextCustomizerFactory$Customizer@52aa2946], contextLoader = 'org.springframework.test.context.support.DelegatingSmartContextLoader', parent = [null]]]; transaction manager [org.springframework.orm.jpa.JpaTransactionManager@4ece2750]; rollback [true]
[05/jul/2024 13:43:33] [:] INFO - Rolled back transaction for test: [DefaultTestContext@329af9b1 testClass = Tests, testInstance = org.isf.medicalstock.test.Tests@1c16672a, testMethod = testMovementGets@Tests, testException = [null], mergedContextConfiguration = [MergedContextConfiguration@7535554e testClass = Tests, locations = '{classpath:applicationContext.xml, classpath:applicationContext.xml}', classes = '{}', contextInitializerClasses = '[]', activeProfiles = '{}', propertySourceLocations = '{}', propertySourceProperties = '{}', contextCustomizers = set[org.springframework.boot.test.context.filter.ExcludeFilterContextCustomizer@255b53dc, org.springframework.boot.test.json.DuplicateJsonObjectContextCustomizerFactory$DuplicateJsonObjectContextCustomizer@64d2d351, org.springframework.boot.test.mock.mockito.MockitoContextCustomizer@0, org.springframework.boot.test.autoconfigure.properties.PropertyMappingContextCustomizer@0, org.springframework.boot.test.autoconfigure.web.servlet.WebDriverContextCustomizerFactory$Customizer@52aa2946], contextLoader = 'org.springframework.test.context.support.DelegatingSmartContextLoader', parent = [null]]]
]]></system-out>
  </testcase>
  <testcase name="testMovementSets[Test with AUTOMATICLOT_IN=true, AUTOMATICLOT_OUT=false, AUTOMATICLOTWARD_TOWARD=false]" classname="org.isf.medicalstock.test.Tests" time="0.013">
    <system-out><![CDATA[[05/jul/2024 13:43:33] [:] INFO - Began transaction (1) for test context [DefaultTestContext@329af9b1 testClass = Tests, testInstance = org.isf.medicalstock.test.Tests@29efd3d, testMethod = testMovementSets@Tests, testException = [null], mergedContextConfiguration = [MergedContextConfiguration@7535554e testClass = Tests, locations = '{classpath:applicationContext.xml, classpath:applicationContext.xml}', classes = '{}', contextInitializerClasses = '[]', activeProfiles = '{}', propertySourceLocations = '{}', propertySourceProperties = '{}', contextCustomizers = set[org.springframework.boot.test.context.filter.ExcludeFilterContextCustomizer@255b53dc, org.springframework.boot.test.json.DuplicateJsonObjectContextCustomizerFactory$DuplicateJsonObjectContextCustomizer@64d2d351, org.springframework.boot.test.mock.mockito.MockitoContextCustomizer@0, org.springframework.boot.test.autoconfigure.properties.PropertyMappingContextCustomizer@0, org.springframework.boot.test.autoconfigure.web.servlet.WebDriverContextCustomizerFactory$Customizer@52aa2946], contextLoader = 'org.springframework.test.context.support.DelegatingSmartContextLoader', parent = [null]]]; transaction manager [org.springframework.orm.jpa.JpaTransactionManager@4ece2750]; rollback [true]
[05/jul/2024 13:43:33] [:] INFO - Rolled back transaction for test: [DefaultTestContext@329af9b1 testClass = Tests, testInstance = org.isf.medicalstock.test.Tests@29efd3d, testMethod = testMovementSets@Tests, testException = [null], mergedContextConfiguration = [MergedContextConfiguration@7535554e testClass = Tests, locations = '{classpath:applicationContext.xml, classpath:applicationContext.xml}', classes = '{}', contextInitializerClasses = '[]', activeProfiles = '{}', propertySourceLocations = '{}', propertySourceProperties = '{}', contextCustomizers = set[org.springframework.boot.test.context.filter.ExcludeFilterContextCustomizer@255b53dc, org.springframework.boot.test.json.DuplicateJsonObjectContextCustomizerFactory$DuplicateJsonObjectContextCustomizer@64d2d351, org.springframework.boot.test.mock.mockito.MockitoContextCustomizer@0, org.springframework.boot.test.autoconfigure.properties.PropertyMappingContextCustomizer@0, org.springframework.boot.test.autoconfigure.web.servlet.WebDriverContextCustomizerFactory$Customizer@52aa2946], contextLoader = 'org.springframework.test.context.support.DelegatingSmartContextLoader', parent = [null]]]
]]></system-out>
  </testcase>
  <testcase name="testMovementGetOrigin[Test with AUTOMATICLOT_IN=true, AUTOMATICLOT_OUT=false, AUTOMATICLOTWARD_TOWARD=false]" classname="org.isf.medicalstock.test.Tests" time="0.011">
    <system-out><![CDATA[[05/jul/2024 13:43:33] [:] INFO - Began transaction (1) for test context [DefaultTestContext@329af9b1 testClass = Tests, testInstance = org.isf.medicalstock.test.Tests@285eb664, testMethod = testMovementGetOrigin@Tests, testException = [null], mergedContextConfiguration = [MergedContextConfiguration@7535554e testClass = Tests, locations = '{classpath:applicationContext.xml, classpath:applicationContext.xml}', classes = '{}', contextInitializerClasses = '[]', activeProfiles = '{}', propertySourceLocations = '{}', propertySourceProperties = '{}', contextCustomizers = set[org.springframework.boot.test.context.filter.ExcludeFilterContextCustomizer@255b53dc, org.springframework.boot.test.json.DuplicateJsonObjectContextCustomizerFactory$DuplicateJsonObjectContextCustomizer@64d2d351, org.springframework.boot.test.mock.mockito.MockitoContextCustomizer@0, org.springframework.boot.test.autoconfigure.properties.PropertyMappingContextCustomizer@0, org.springframework.boot.test.autoconfigure.web.servlet.WebDriverContextCustomizerFactory$Customizer@52aa2946], contextLoader = 'org.springframework.test.context.support.DelegatingSmartContextLoader', parent = [null]]]; transaction manager [org.springframework.orm.jpa.JpaTransactionManager@4ece2750]; rollback [true]
[05/jul/2024 13:43:33] [:] INFO - Rolled back transaction for test: [DefaultTestContext@329af9b1 testClass = Tests, testInstance = org.isf.medicalstock.test.Tests@285eb664, testMethod = testMovementGetOrigin@Tests, testException = [null], mergedContextConfiguration = [MergedContextConfiguration@7535554e testClass = Tests, locations = '{classpath:applicationContext.xml, classpath:applicationContext.xml}', classes = '{}', contextInitializerClasses = '[]', activeProfiles = '{}', propertySourceLocations = '{}', propertySourceProperties = '{}', contextCustomizers = set[org.springframework.boot.test.context.filter.ExcludeFilterContextCustomizer@255b53dc, org.springframework.boot.test.json.DuplicateJsonObjectContextCustomizerFactory$DuplicateJsonObjectContextCustomizer@64d2d351, org.springframework.boot.test.mock.mockito.MockitoContextCustomizer@0, org.springframework.boot.test.autoconfigure.properties.PropertyMappingContextCustomizer@0, org.springframework.boot.test.autoconfigure.web.servlet.WebDriverContextCustomizerFactory$Customizer@52aa2946], contextLoader = 'org.springframework.test.context.support.DelegatingSmartContextLoader', parent = [null]]]
]]></system-out>
  </testcase>
  <testcase name="testIoGetMovements[Test with AUTOMATICLOT_IN=true, AUTOMATICLOT_OUT=false, AUTOMATICLOTWARD_TOWARD=false]" classname="org.isf.medicalstock.test.Tests" time="0.012">
    <system-out><![CDATA[[05/jul/2024 13:43:33] [:] INFO - Began transaction (1) for test context [DefaultTestContext@329af9b1 testClass = Tests, testInstance = org.isf.medicalstock.test.Tests@2afd5459, testMethod = testIoGetMovements@Tests, testException = [null], mergedContextConfiguration = [MergedContextConfiguration@7535554e testClass = Tests, locations = '{classpath:applicationContext.xml, classpath:applicationContext.xml}', classes = '{}', contextInitializerClasses = '[]', activeProfiles = '{}', propertySourceLocations = '{}', propertySourceProperties = '{}', contextCustomizers = set[org.springframework.boot.test.context.filter.ExcludeFilterContextCustomizer@255b53dc, org.springframework.boot.test.json.DuplicateJsonObjectContextCustomizerFactory$DuplicateJsonObjectContextCustomizer@64d2d351, org.springframework.boot.test.mock.mockito.MockitoContextCustomizer@0, org.springframework.boot.test.autoconfigure.properties.PropertyMappingContextCustomizer@0, org.springframework.boot.test.autoconfigure.web.servlet.WebDriverContextCustomizerFactory$Customizer@52aa2946], contextLoader = 'org.springframework.test.context.support.DelegatingSmartContextLoader', parent = [null]]]; transaction manager [org.springframework.orm.jpa.JpaTransactionManager@4ece2750]; rollback [true]
[05/jul/2024 13:43:33] [:] INFO - Rolled back transaction for test: [DefaultTestContext@329af9b1 testClass = Tests, testInstance = org.isf.medicalstock.test.Tests@2afd5459, testMethod = testIoGetMovements@Tests, testException = [null], mergedContextConfiguration = [MergedContextConfiguration@7535554e testClass = Tests, locations = '{classpath:applicationContext.xml, classpath:applicationContext.xml}', classes = '{}', contextInitializerClasses = '[]', activeProfiles = '{}', propertySourceLocations = '{}', propertySourceProperties = '{}', contextCustomizers = set[org.springframework.boot.test.context.filter.ExcludeFilterContextCustomizer@255b53dc, org.springframework.boot.test.json.DuplicateJsonObjectContextCustomizerFactory$DuplicateJsonObjectContextCustomizer@64d2d351, org.springframework.boot.test.mock.mockito.MockitoContextCustomizer@0, org.springframework.boot.test.autoconfigure.properties.PropertyMappingContextCustomizer@0, org.springframework.boot.test.autoconfigure.web.servlet.WebDriverContextCustomizerFactory$Customizer@52aa2946], contextLoader = 'org.springframework.test.context.support.DelegatingSmartContextLoader', parent = [null]]]
]]></system-out>
  </testcase>
  <testcase name="testIoPrepareChargingMovement[Test with AUTOMATICLOT_IN=true, AUTOMATICLOT_OUT=false, AUTOMATICLOTWARD_TOWARD=false]" classname="org.isf.medicalstock.test.Tests" time="0.016">
    <system-out><![CDATA[[05/jul/2024 13:43:33] [:] INFO - Began transaction (1) for test context [DefaultTestContext@329af9b1 testClass = Tests, testInstance = org.isf.medicalstock.test.Tests@12285ef5, testMethod = testIoPrepareChargingMovement@Tests, testException = [null], mergedContextConfiguration = [MergedContextConfiguration@7535554e testClass = Tests, locations = '{classpath:applicationContext.xml, classpath:applicationContext.xml}', classes = '{}', contextInitializerClasses = '[]', activeProfiles = '{}', propertySourceLocations = '{}', propertySourceProperties = '{}', contextCustomizers = set[org.springframework.boot.test.context.filter.ExcludeFilterContextCustomizer@255b53dc, org.springframework.boot.test.json.DuplicateJsonObjectContextCustomizerFactory$DuplicateJsonObjectContextCustomizer@64d2d351, org.springframework.boot.test.mock.mockito.MockitoContextCustomizer@0, org.springframework.boot.test.autoconfigure.properties.PropertyMappingContextCustomizer@0, org.springframework.boot.test.autoconfigure.web.servlet.WebDriverContextCustomizerFactory$Customizer@52aa2946], contextLoader = 'org.springframework.test.context.support.DelegatingSmartContextLoader', parent = [null]]]; transaction manager [org.springframework.orm.jpa.JpaTransactionManager@4ece2750]; rollback [true]
[05/jul/2024 13:43:33] [:] INFO - Rolled back transaction for test: [DefaultTestContext@329af9b1 testClass = Tests, testInstance = org.isf.medicalstock.test.Tests@12285ef5, testMethod = testIoPrepareChargingMovement@Tests, testException = [null], mergedContextConfiguration = [MergedContextConfiguration@7535554e testClass = Tests, locations = '{classpath:applicationContext.xml, classpath:applicationContext.xml}', classes = '{}', contextInitializerClasses = '[]', activeProfiles = '{}', propertySourceLocations = '{}', propertySourceProperties = '{}', contextCustomizers = set[org.springframework.boot.test.context.filter.ExcludeFilterContextCustomizer@255b53dc, org.springframework.boot.test.json.DuplicateJsonObjectContextCustomizerFactory$DuplicateJsonObjectContextCustomizer@64d2d351, org.springframework.boot.test.mock.mockito.MockitoContextCustomizer@0, org.springframework.boot.test.autoconfigure.properties.PropertyMappingContextCustomizer@0, org.springframework.boot.test.autoconfigure.web.servlet.WebDriverContextCustomizerFactory$Customizer@52aa2946], contextLoader = 'org.springframework.test.context.support.DelegatingSmartContextLoader', parent = [null]]]
]]></system-out>
  </testcase>
  <testcase name="testMgrValidateMovementMoveDateAfterToday[Test with AUTOMATICLOT_IN=true, AUTOMATICLOT_OUT=false, AUTOMATICLOTWARD_TOWARD=false]" classname="org.isf.medicalstock.test.Tests" time="0.024">
    <system-out><![CDATA[[05/jul/2024 13:43:33] [:] INFO - Began transaction (1) for test context [DefaultTestContext@329af9b1 testClass = Tests, testInstance = org.isf.medicalstock.test.Tests@286a458e, testMethod = testMgrValidateMovementMoveDateAfterToday@Tests, testException = [null], mergedContextConfiguration = [MergedContextConfiguration@7535554e testClass = Tests, locations = '{classpath:applicationContext.xml, classpath:applicationContext.xml}', classes = '{}', contextInitializerClasses = '[]', activeProfiles = '{}', propertySourceLocations = '{}', propertySourceProperties = '{}', contextCustomizers = set[org.springframework.boot.test.context.filter.ExcludeFilterContextCustomizer@255b53dc, org.springframework.boot.test.json.DuplicateJsonObjectContextCustomizerFactory$DuplicateJsonObjectContextCustomizer@64d2d351, org.springframework.boot.test.mock.mockito.MockitoContextCustomizer@0, org.springframework.boot.test.autoconfigure.properties.PropertyMappingContextCustomizer@0, org.springframework.boot.test.autoconfigure.web.servlet.WebDriverContextCustomizerFactory$Customizer@52aa2946], contextLoader = 'org.springframework.test.context.support.DelegatingSmartContextLoader', parent = [null]]]; transaction manager [org.springframework.orm.jpa.JpaTransactionManager@4ece2750]; rollback [true]
[05/jul/2024 13:43:33] [:] INFO - Rolled back transaction for test: [DefaultTestContext@329af9b1 testClass = Tests, testInstance = org.isf.medicalstock.test.Tests@286a458e, testMethod = testMgrValidateMovementMoveDateAfterToday@Tests, testException = [null], mergedContextConfiguration = [MergedContextConfiguration@7535554e testClass = Tests, locations = '{classpath:applicationContext.xml, classpath:applicationContext.xml}', classes = '{}', contextInitializerClasses = '[]', activeProfiles = '{}', propertySourceLocations = '{}', propertySourceProperties = '{}', contextCustomizers = set[org.springframework.boot.test.context.filter.ExcludeFilterContextCustomizer@255b53dc, org.springframework.boot.test.json.DuplicateJsonObjectContextCustomizerFactory$DuplicateJsonObjectContextCustomizer@64d2d351, org.springframework.boot.test.mock.mockito.MockitoContextCustomizer@0, org.springframework.boot.test.autoconfigure.properties.PropertyMappingContextCustomizer@0, org.springframework.boot.test.autoconfigure.web.servlet.WebDriverContextCustomizerFactory$Customizer@52aa2946], contextLoader = 'org.springframework.test.context.support.DelegatingSmartContextLoader', parent = [null]]]
]]></system-out>
  </testcase>
  <testcase name="testIoGetMovementsByReference[Test with AUTOMATICLOT_IN=true, AUTOMATICLOT_OUT=false, AUTOMATICLOTWARD_TOWARD=false]" classname="org.isf.medicalstock.test.Tests" time="0.019">
    <system-out><![CDATA[[05/jul/2024 13:43:33] [:] INFO - Began transaction (1) for test context [DefaultTestContext@329af9b1 testClass = Tests, testInstance = org.isf.medicalstock.test.Tests@43832ca1, testMethod = testIoGetMovementsByReference@Tests, testException = [null], mergedContextConfiguration = [MergedContextConfiguration@7535554e testClass = Tests, locations = '{classpath:applicationContext.xml, classpath:applicationContext.xml}', classes = '{}', contextInitializerClasses = '[]', activeProfiles = '{}', propertySourceLocations = '{}', propertySourceProperties = '{}', contextCustomizers = set[org.springframework.boot.test.context.filter.ExcludeFilterContextCustomizer@255b53dc, org.springframework.boot.test.json.DuplicateJsonObjectContextCustomizerFactory$DuplicateJsonObjectContextCustomizer@64d2d351, org.springframework.boot.test.mock.mockito.MockitoContextCustomizer@0, org.springframework.boot.test.autoconfigure.properties.PropertyMappingContextCustomizer@0, org.springframework.boot.test.autoconfigure.web.servlet.WebDriverContextCustomizerFactory$Customizer@52aa2946], contextLoader = 'org.springframework.test.context.support.DelegatingSmartContextLoader', parent = [null]]]; transaction manager [org.springframework.orm.jpa.JpaTransactionManager@4ece2750]; rollback [true]
[05/jul/2024 13:43:33] [:] INFO - Rolled back transaction for test: [DefaultTestContext@329af9b1 testClass = Tests, testInstance = org.isf.medicalstock.test.Tests@43832ca1, testMethod = testIoGetMovementsByReference@Tests, testException = [null], mergedContextConfiguration = [MergedContextConfiguration@7535554e testClass = Tests, locations = '{classpath:applicationContext.xml, classpath:applicationContext.xml}', classes = '{}', contextInitializerClasses = '[]', activeProfiles = '{}', propertySourceLocations = '{}', propertySourceProperties = '{}', contextCustomizers = set[org.springframework.boot.test.context.filter.ExcludeFilterContextCustomizer@255b53dc, org.springframework.boot.test.json.DuplicateJsonObjectContextCustomizerFactory$DuplicateJsonObjectContextCustomizer@64d2d351, org.springframework.boot.test.mock.mockito.MockitoContextCustomizer@0, org.springframework.boot.test.autoconfigure.properties.PropertyMappingContextCustomizer@0, org.springframework.boot.test.autoconfigure.web.servlet.WebDriverContextCustomizerFactory$Customizer@52aa2946], contextLoader = 'org.springframework.test.context.support.DelegatingSmartContextLoader', parent = [null]]]
]]></system-out>
  </testcase>
  <testcase name="testIoGetLastMovementDate[Test with AUTOMATICLOT_IN=true, AUTOMATICLOT_OUT=false, AUTOMATICLOTWARD_TOWARD=false]" classname="org.isf.medicalstock.test.Tests" time="0.024">
    <system-out><![CDATA[[05/jul/2024 13:43:33] [:] INFO - Began transaction (1) for test context [DefaultTestContext@329af9b1 testClass = Tests, testInstance = org.isf.medicalstock.test.Tests@8c93148, testMethod = testIoGetLastMovementDate@Tests, testException = [null], mergedContextConfiguration = [MergedContextConfiguration@7535554e testClass = Tests, locations = '{classpath:applicationContext.xml, classpath:applicationContext.xml}', classes = '{}', contextInitializerClasses = '[]', activeProfiles = '{}', propertySourceLocations = '{}', propertySourceProperties = '{}', contextCustomizers = set[org.springframework.boot.test.context.filter.ExcludeFilterContextCustomizer@255b53dc, org.springframework.boot.test.json.DuplicateJsonObjectContextCustomizerFactory$DuplicateJsonObjectContextCustomizer@64d2d351, org.springframework.boot.test.mock.mockito.MockitoContextCustomizer@0, org.springframework.boot.test.autoconfigure.properties.PropertyMappingContextCustomizer@0, org.springframework.boot.test.autoconfigure.web.servlet.WebDriverContextCustomizerFactory$Customizer@52aa2946], contextLoader = 'org.springframework.test.context.support.DelegatingSmartContextLoader', parent = [null]]]; transaction manager [org.springframework.orm.jpa.JpaTransactionManager@4ece2750]; rollback [true]
[05/jul/2024 13:43:33] [:] INFO - Rolled back transaction for test: [DefaultTestContext@329af9b1 testClass = Tests, testInstance = org.isf.medicalstock.test.Tests@8c93148, testMethod = testIoGetLastMovementDate@Tests, testException = [null], mergedContextConfiguration = [MergedContextConfiguration@7535554e testClass = Tests, locations = '{classpath:applicationContext.xml, classpath:applicationContext.xml}', classes = '{}', contextInitializerClasses = '[]', activeProfiles = '{}', propertySourceLocations = '{}', propertySourceProperties = '{}', contextCustomizers = set[org.springframework.boot.test.context.filter.ExcludeFilterContextCustomizer@255b53dc, org.springframework.boot.test.json.DuplicateJsonObjectContextCustomizerFactory$DuplicateJsonObjectContextCustomizer@64d2d351, org.springframework.boot.test.mock.mockito.MockitoContextCustomizer@0, org.springframework.boot.test.autoconfigure.properties.PropertyMappingContextCustomizer@0, org.springframework.boot.test.autoconfigure.web.servlet.WebDriverContextCustomizerFactory$Customizer@52aa2946], contextLoader = 'org.springframework.test.context.support.DelegatingSmartContextLoader', parent = [null]]]
]]></system-out>
  </testcase>
  <testcase name="testMovementEquals[Test with AUTOMATICLOT_IN=true, AUTOMATICLOT_OUT=false, AUTOMATICLOTWARD_TOWARD=false]" classname="org.isf.medicalstock.test.Tests" time="0.012">
    <system-out><![CDATA[[05/jul/2024 13:43:33] [:] INFO - Began transaction (1) for test context [DefaultTestContext@329af9b1 testClass = Tests, testInstance = org.isf.medicalstock.test.Tests@69513f3f, testMethod = testMovementEquals@Tests, testException = [null], mergedContextConfiguration = [MergedContextConfiguration@7535554e testClass = Tests, locations = '{classpath:applicationContext.xml, classpath:applicationContext.xml}', classes = '{}', contextInitializerClasses = '[]', activeProfiles = '{}', propertySourceLocations = '{}', propertySourceProperties = '{}', contextCustomizers = set[org.springframework.boot.test.context.filter.ExcludeFilterContextCustomizer@255b53dc, org.springframework.boot.test.json.DuplicateJsonObjectContextCustomizerFactory$DuplicateJsonObjectContextCustomizer@64d2d351, org.springframework.boot.test.mock.mockito.MockitoContextCustomizer@0, org.springframework.boot.test.autoconfigure.properties.PropertyMappingContextCustomizer@0, org.springframework.boot.test.autoconfigure.web.servlet.WebDriverContextCustomizerFactory$Customizer@52aa2946], contextLoader = 'org.springframework.test.context.support.DelegatingSmartContextLoader', parent = [null]]]; transaction manager [org.springframework.orm.jpa.JpaTransactionManager@4ece2750]; rollback [true]
[05/jul/2024 13:43:33] [:] INFO - Rolled back transaction for test: [DefaultTestContext@329af9b1 testClass = Tests, testInstance = org.isf.medicalstock.test.Tests@69513f3f, testMethod = testMovementEquals@Tests, testException = [null], mergedContextConfiguration = [MergedContextConfiguration@7535554e testClass = Tests, locations = '{classpath:applicationContext.xml, classpath:applicationContext.xml}', classes = '{}', contextInitializerClasses = '[]', activeProfiles = '{}', propertySourceLocations = '{}', propertySourceProperties = '{}', contextCustomizers = set[org.springframework.boot.test.context.filter.ExcludeFilterContextCustomizer@255b53dc, org.springframework.boot.test.json.DuplicateJsonObjectContextCustomizerFactory$DuplicateJsonObjectContextCustomizer@64d2d351, org.springframework.boot.test.mock.mockito.MockitoContextCustomizer@0, org.springframework.boot.test.autoconfigure.properties.PropertyMappingContextCustomizer@0, org.springframework.boot.test.autoconfigure.web.servlet.WebDriverContextCustomizerFactory$Customizer@52aa2946], contextLoader = 'org.springframework.test.context.support.DelegatingSmartContextLoader', parent = [null]]]
]]></system-out>
  </testcase>
  <testcase name="testMovementHashCode[Test with AUTOMATICLOT_IN=true, AUTOMATICLOT_OUT=false, AUTOMATICLOTWARD_TOWARD=false]" classname="org.isf.medicalstock.test.Tests" time="0.015">
    <system-out><![CDATA[[05/jul/2024 13:43:33] [:] INFO - Began transaction (1) for test context [DefaultTestContext@329af9b1 testClass = Tests, testInstance = org.isf.medicalstock.test.Tests@66f7d211, testMethod = testMovementHashCode@Tests, testException = [null], mergedContextConfiguration = [MergedContextConfiguration@7535554e testClass = Tests, locations = '{classpath:applicationContext.xml, classpath:applicationContext.xml}', classes = '{}', contextInitializerClasses = '[]', activeProfiles = '{}', propertySourceLocations = '{}', propertySourceProperties = '{}', contextCustomizers = set[org.springframework.boot.test.context.filter.ExcludeFilterContextCustomizer@255b53dc, org.springframework.boot.test.json.DuplicateJsonObjectContextCustomizerFactory$DuplicateJsonObjectContextCustomizer@64d2d351, org.springframework.boot.test.mock.mockito.MockitoContextCustomizer@0, org.springframework.boot.test.autoconfigure.properties.PropertyMappingContextCustomizer@0, org.springframework.boot.test.autoconfigure.web.servlet.WebDriverContextCustomizerFactory$Customizer@52aa2946], contextLoader = 'org.springframework.test.context.support.DelegatingSmartContextLoader', parent = [null]]]; transaction manager [org.springframework.orm.jpa.JpaTransactionManager@4ece2750]; rollback [true]
[05/jul/2024 13:43:33] [:] INFO - Rolled back transaction for test: [DefaultTestContext@329af9b1 testClass = Tests, testInstance = org.isf.medicalstock.test.Tests@66f7d211, testMethod = testMovementHashCode@Tests, testException = [null], mergedContextConfiguration = [MergedContextConfiguration@7535554e testClass = Tests, locations = '{classpath:applicationContext.xml, classpath:applicationContext.xml}', classes = '{}', contextInitializerClasses = '[]', activeProfiles = '{}', propertySourceLocations = '{}', propertySourceProperties = '{}', contextCustomizers = set[org.springframework.boot.test.context.filter.ExcludeFilterContextCustomizer@255b53dc, org.springframework.boot.test.json.DuplicateJsonObjectContextCustomizerFactory$DuplicateJsonObjectContextCustomizer@64d2d351, org.springframework.boot.test.mock.mockito.MockitoContextCustomizer@0, org.springframework.boot.test.autoconfigure.properties.PropertyMappingContextCustomizer@0, org.springframework.boot.test.autoconfigure.web.servlet.WebDriverContextCustomizerFactory$Customizer@52aa2946], contextLoader = 'org.springframework.test.context.support.DelegatingSmartContextLoader', parent = [null]]]
]]></system-out>
  </testcase>
  <testcase name="testLotEquals[Test with AUTOMATICLOT_IN=true, AUTOMATICLOT_OUT=false, AUTOMATICLOTWARD_TOWARD=false]" classname="org.isf.medicalstock.test.Tests" time="0.016">
    <system-out><![CDATA[[05/jul/2024 13:43:33] [:] INFO - Began transaction (1) for test context [DefaultTestContext@329af9b1 testClass = Tests, testInstance = org.isf.medicalstock.test.Tests@37dc759c, testMethod = testLotEquals@Tests, testException = [null], mergedContextConfiguration = [MergedContextConfiguration@7535554e testClass = Tests, locations = '{classpath:applicationContext.xml, classpath:applicationContext.xml}', classes = '{}', contextInitializerClasses = '[]', activeProfiles = '{}', propertySourceLocations = '{}', propertySourceProperties = '{}', contextCustomizers = set[org.springframework.boot.test.context.filter.ExcludeFilterContextCustomizer@255b53dc, org.springframework.boot.test.json.DuplicateJsonObjectContextCustomizerFactory$DuplicateJsonObjectContextCustomizer@64d2d351, org.springframework.boot.test.mock.mockito.MockitoContextCustomizer@0, org.springframework.boot.test.autoconfigure.properties.PropertyMappingContextCustomizer@0, org.springframework.boot.test.autoconfigure.web.servlet.WebDriverContextCustomizerFactory$Customizer@52aa2946], contextLoader = 'org.springframework.test.context.support.DelegatingSmartContextLoader', parent = [null]]]; transaction manager [org.springframework.orm.jpa.JpaTransactionManager@4ece2750]; rollback [true]
[05/jul/2024 13:43:33] [:] INFO - Rolled back transaction for test: [DefaultTestContext@329af9b1 testClass = Tests, testInstance = org.isf.medicalstock.test.Tests@37dc759c, testMethod = testLotEquals@Tests, testException = [null], mergedContextConfiguration = [MergedContextConfiguration@7535554e testClass = Tests, locations = '{classpath:applicationContext.xml, classpath:applicationContext.xml}', classes = '{}', contextInitializerClasses = '[]', activeProfiles = '{}', propertySourceLocations = '{}', propertySourceProperties = '{}', contextCustomizers = set[org.springframework.boot.test.context.filter.ExcludeFilterContextCustomizer@255b53dc, org.springframework.boot.test.json.DuplicateJsonObjectContextCustomizerFactory$DuplicateJsonObjectContextCustomizer@64d2d351, org.springframework.boot.test.mock.mockito.MockitoContextCustomizer@0, org.springframework.boot.test.autoconfigure.properties.PropertyMappingContextCustomizer@0, org.springframework.boot.test.autoconfigure.web.servlet.WebDriverContextCustomizerFactory$Customizer@52aa2946], contextLoader = 'org.springframework.test.context.support.DelegatingSmartContextLoader', parent = [null]]]
]]></system-out>
  </testcase>
  <testcase name="testIoGetMovementForPrintWardOrderateWard[Test with AUTOMATICLOT_IN=true, AUTOMATICLOT_OUT=false, AUTOMATICLOTWARD_TOWARD=false]" classname="org.isf.medicalstock.test.Tests" time="0.012">
    <system-out><![CDATA[[05/jul/2024 13:43:33] [:] INFO - Began transaction (1) for test context [DefaultTestContext@329af9b1 testClass = Tests, testInstance = org.isf.medicalstock.test.Tests@1f4174d7, testMethod = testIoGetMovementForPrintWardOrderateWard@Tests, testException = [null], mergedContextConfiguration = [MergedContextConfiguration@7535554e testClass = Tests, locations = '{classpath:applicationContext.xml, classpath:applicationContext.xml}', classes = '{}', contextInitializerClasses = '[]', activeProfiles = '{}', propertySourceLocations = '{}', propertySourceProperties = '{}', contextCustomizers = set[org.springframework.boot.test.context.filter.ExcludeFilterContextCustomizer@255b53dc, org.springframework.boot.test.json.DuplicateJsonObjectContextCustomizerFactory$DuplicateJsonObjectContextCustomizer@64d2d351, org.springframework.boot.test.mock.mockito.MockitoContextCustomizer@0, org.springframework.boot.test.autoconfigure.properties.PropertyMappingContextCustomizer@0, org.springframework.boot.test.autoconfigure.web.servlet.WebDriverContextCustomizerFactory$Customizer@52aa2946], contextLoader = 'org.springframework.test.context.support.DelegatingSmartContextLoader', parent = [null]]]; transaction manager [org.springframework.orm.jpa.JpaTransactionManager@4ece2750]; rollback [true]
[05/jul/2024 13:43:33] [:] INFO - Rolled back transaction for test: [DefaultTestContext@329af9b1 testClass = Tests, testInstance = org.isf.medicalstock.test.Tests@1f4174d7, testMethod = testIoGetMovementForPrintWardOrderateWard@Tests, testException = [null], mergedContextConfiguration = [MergedContextConfiguration@7535554e testClass = Tests, locations = '{classpath:applicationContext.xml, classpath:applicationContext.xml}', classes = '{}', contextInitializerClasses = '[]', activeProfiles = '{}', propertySourceLocations = '{}', propertySourceProperties = '{}', contextCustomizers = set[org.springframework.boot.test.context.filter.ExcludeFilterContextCustomizer@255b53dc, org.springframework.boot.test.json.DuplicateJsonObjectContextCustomizerFactory$DuplicateJsonObjectContextCustomizer@64d2d351, org.springframework.boot.test.mock.mockito.MockitoContextCustomizer@0, org.springframework.boot.test.autoconfigure.properties.PropertyMappingContextCustomizer@0, org.springframework.boot.test.autoconfigure.web.servlet.WebDriverContextCustomizerFactory$Customizer@52aa2946], contextLoader = 'org.springframework.test.context.support.DelegatingSmartContextLoader', parent = [null]]]
]]></system-out>
  </testcase>
  <testcase name="testMgrValidateReferenceNumber[Test with AUTOMATICLOT_IN=true, AUTOMATICLOT_OUT=false, AUTOMATICLOTWARD_TOWARD=false]" classname="org.isf.medicalstock.test.Tests" time="0.011">
    <system-out><![CDATA[[05/jul/2024 13:43:33] [:] INFO - Began transaction (1) for test context [DefaultTestContext@329af9b1 testClass = Tests, testInstance = org.isf.medicalstock.test.Tests@78ebd773, testMethod = testMgrValidateReferenceNumber@Tests, testException = [null], mergedContextConfiguration = [MergedContextConfiguration@7535554e testClass = Tests, locations = '{classpath:applicationContext.xml, classpath:applicationContext.xml}', classes = '{}', contextInitializerClasses = '[]', activeProfiles = '{}', propertySourceLocations = '{}', propertySourceProperties = '{}', contextCustomizers = set[org.springframework.boot.test.context.filter.ExcludeFilterContextCustomizer@255b53dc, org.springframework.boot.test.json.DuplicateJsonObjectContextCustomizerFactory$DuplicateJsonObjectContextCustomizer@64d2d351, org.springframework.boot.test.mock.mockito.MockitoContextCustomizer@0, org.springframework.boot.test.autoconfigure.properties.PropertyMappingContextCustomizer@0, org.springframework.boot.test.autoconfigure.web.servlet.WebDriverContextCustomizerFactory$Customizer@52aa2946], contextLoader = 'org.springframework.test.context.support.DelegatingSmartContextLoader', parent = [null]]]; transaction manager [org.springframework.orm.jpa.JpaTransactionManager@4ece2750]; rollback [true]
[05/jul/2024 13:43:34] [:] INFO - Rolled back transaction for test: [DefaultTestContext@329af9b1 testClass = Tests, testInstance = org.isf.medicalstock.test.Tests@78ebd773, testMethod = testMgrValidateReferenceNumber@Tests, testException = [null], mergedContextConfiguration = [MergedContextConfiguration@7535554e testClass = Tests, locations = '{classpath:applicationContext.xml, classpath:applicationContext.xml}', classes = '{}', contextInitializerClasses = '[]', activeProfiles = '{}', propertySourceLocations = '{}', propertySourceProperties = '{}', contextCustomizers = set[org.springframework.boot.test.context.filter.ExcludeFilterContextCustomizer@255b53dc, org.springframework.boot.test.json.DuplicateJsonObjectContextCustomizerFactory$DuplicateJsonObjectContextCustomizer@64d2d351, org.springframework.boot.test.mock.mockito.MockitoContextCustomizer@0, org.springframework.boot.test.autoconfigure.properties.PropertyMappingContextCustomizer@0, org.springframework.boot.test.autoconfigure.web.servlet.WebDriverContextCustomizerFactory$Customizer@52aa2946], contextLoader = 'org.springframework.test.context.support.DelegatingSmartContextLoader', parent = [null]]]
]]></system-out>
  </testcase>
  <testcase name="testIoGetLotsByMedicalEmptyLot[Test with AUTOMATICLOT_IN=true, AUTOMATICLOT_OUT=false, AUTOMATICLOTWARD_TOWARD=false]" classname="org.isf.medicalstock.test.Tests" time="0.013">
    <system-out><![CDATA[[05/jul/2024 13:43:34] [:] INFO - Began transaction (1) for test context [DefaultTestContext@329af9b1 testClass = Tests, testInstance = org.isf.medicalstock.test.Tests@2b66b9cc, testMethod = testIoGetLotsByMedicalEmptyLot@Tests, testException = [null], mergedContextConfiguration = [MergedContextConfiguration@7535554e testClass = Tests, locations = '{classpath:applicationContext.xml, classpath:applicationContext.xml}', classes = '{}', contextInitializerClasses = '[]', activeProfiles = '{}', propertySourceLocations = '{}', propertySourceProperties = '{}', contextCustomizers = set[org.springframework.boot.test.context.filter.ExcludeFilterContextCustomizer@255b53dc, org.springframework.boot.test.json.DuplicateJsonObjectContextCustomizerFactory$DuplicateJsonObjectContextCustomizer@64d2d351, org.springframework.boot.test.mock.mockito.MockitoContextCustomizer@0, org.springframework.boot.test.autoconfigure.properties.PropertyMappingContextCustomizer@0, org.springframework.boot.test.autoconfigure.web.servlet.WebDriverContextCustomizerFactory$Customizer@52aa2946], contextLoader = 'org.springframework.test.context.support.DelegatingSmartContextLoader', parent = [null]]]; transaction manager [org.springframework.orm.jpa.JpaTransactionManager@4ece2750]; rollback [true]
[05/jul/2024 13:43:34] [:] INFO - Rolled back transaction for test: [DefaultTestContext@329af9b1 testClass = Tests, testInstance = org.isf.medicalstock.test.Tests@2b66b9cc, testMethod = testIoGetLotsByMedicalEmptyLot@Tests, testException = [null], mergedContextConfiguration = [MergedContextConfiguration@7535554e testClass = Tests, locations = '{classpath:applicationContext.xml, classpath:applicationContext.xml}', classes = '{}', contextInitializerClasses = '[]', activeProfiles = '{}', propertySourceLocations = '{}', propertySourceProperties = '{}', contextCustomizers = set[org.springframework.boot.test.context.filter.ExcludeFilterContextCustomizer@255b53dc, org.springframework.boot.test.json.DuplicateJsonObjectContextCustomizerFactory$DuplicateJsonObjectContextCustomizer@64d2d351, org.springframework.boot.test.mock.mockito.MockitoContextCustomizer@0, org.springframework.boot.test.autoconfigure.properties.PropertyMappingContextCustomizer@0, org.springframework.boot.test.autoconfigure.web.servlet.WebDriverContextCustomizerFactory$Customizer@52aa2946], contextLoader = 'org.springframework.test.context.support.DelegatingSmartContextLoader', parent = [null]]]
]]></system-out>
  </testcase>
  <testcase name="testIoNewMovement[Test with AUTOMATICLOT_IN=true, AUTOMATICLOT_OUT=false, AUTOMATICLOTWARD_TOWARD=false]" classname="org.isf.medicalstock.test.Tests" time="0.012">
    <system-out><![CDATA[[05/jul/2024 13:43:34] [:] INFO - Began transaction (1) for test context [DefaultTestContext@329af9b1 testClass = Tests, testInstance = org.isf.medicalstock.test.Tests@2dcd5f21, testMethod = testIoNewMovement@Tests, testException = [null], mergedContextConfiguration = [MergedContextConfiguration@7535554e testClass = Tests, locations = '{classpath:applicationContext.xml, classpath:applicationContext.xml}', classes = '{}', contextInitializerClasses = '[]', activeProfiles = '{}', propertySourceLocations = '{}', propertySourceProperties = '{}', contextCustomizers = set[org.springframework.boot.test.context.filter.ExcludeFilterContextCustomizer@255b53dc, org.springframework.boot.test.json.DuplicateJsonObjectContextCustomizerFactory$DuplicateJsonObjectContextCustomizer@64d2d351, org.springframework.boot.test.mock.mockito.MockitoContextCustomizer@0, org.springframework.boot.test.autoconfigure.properties.PropertyMappingContextCustomizer@0, org.springframework.boot.test.autoconfigure.web.servlet.WebDriverContextCustomizerFactory$Customizer@52aa2946], contextLoader = 'org.springframework.test.context.support.DelegatingSmartContextLoader', parent = [null]]]; transaction manager [org.springframework.orm.jpa.JpaTransactionManager@4ece2750]; rollback [true]
[05/jul/2024 13:43:34] [:] INFO - Rolled back transaction for test: [DefaultTestContext@329af9b1 testClass = Tests, testInstance = org.isf.medicalstock.test.Tests@2dcd5f21, testMethod = testIoNewMovement@Tests, testException = [null], mergedContextConfiguration = [MergedContextConfiguration@7535554e testClass = Tests, locations = '{classpath:applicationContext.xml, classpath:applicationContext.xml}', classes = '{}', contextInitializerClasses = '[]', activeProfiles = '{}', propertySourceLocations = '{}', propertySourceProperties = '{}', contextCustomizers = set[org.springframework.boot.test.context.filter.ExcludeFilterContextCustomizer@255b53dc, org.springframework.boot.test.json.DuplicateJsonObjectContextCustomizerFactory$DuplicateJsonObjectContextCustomizer@64d2d351, org.springframework.boot.test.mock.mockito.MockitoContextCustomizer@0, org.springframework.boot.test.autoconfigure.properties.PropertyMappingContextCustomizer@0, org.springframework.boot.test.autoconfigure.web.servlet.WebDriverContextCustomizerFactory$Customizer@52aa2946], contextLoader = 'org.springframework.test.context.support.DelegatingSmartContextLoader', parent = [null]]]
]]></system-out>
  </testcase>
  <testcase name="testMgrValidateNullWard[Test with AUTOMATICLOT_IN=true, AUTOMATICLOT_OUT=false, AUTOMATICLOTWARD_TOWARD=false]" classname="org.isf.medicalstock.test.Tests" time="0.012">
    <system-out><![CDATA[[05/jul/2024 13:43:34] [:] INFO - Began transaction (1) for test context [DefaultTestContext@329af9b1 testClass = Tests, testInstance = org.isf.medicalstock.test.Tests@4d146193, testMethod = testMgrValidateNullWard@Tests, testException = [null], mergedContextConfiguration = [MergedContextConfiguration@7535554e testClass = Tests, locations = '{classpath:applicationContext.xml, classpath:applicationContext.xml}', classes = '{}', contextInitializerClasses = '[]', activeProfiles = '{}', propertySourceLocations = '{}', propertySourceProperties = '{}', contextCustomizers = set[org.springframework.boot.test.context.filter.ExcludeFilterContextCustomizer@255b53dc, org.springframework.boot.test.json.DuplicateJsonObjectContextCustomizerFactory$DuplicateJsonObjectContextCustomizer@64d2d351, org.springframework.boot.test.mock.mockito.MockitoContextCustomizer@0, org.springframework.boot.test.autoconfigure.properties.PropertyMappingContextCustomizer@0, org.springframework.boot.test.autoconfigure.web.servlet.WebDriverContextCustomizerFactory$Customizer@52aa2946], contextLoader = 'org.springframework.test.context.support.DelegatingSmartContextLoader', parent = [null]]]; transaction manager [org.springframework.orm.jpa.JpaTransactionManager@4ece2750]; rollback [true]
[05/jul/2024 13:43:34] [:] INFO - Rolled back transaction for test: [DefaultTestContext@329af9b1 testClass = Tests, testInstance = org.isf.medicalstock.test.Tests@4d146193, testMethod = testMgrValidateNullWard@Tests, testException = [null], mergedContextConfiguration = [MergedContextConfiguration@7535554e testClass = Tests, locations = '{classpath:applicationContext.xml, classpath:applicationContext.xml}', classes = '{}', contextInitializerClasses = '[]', activeProfiles = '{}', propertySourceLocations = '{}', propertySourceProperties = '{}', contextCustomizers = set[org.springframework.boot.test.context.filter.ExcludeFilterContextCustomizer@255b53dc, org.springframework.boot.test.json.DuplicateJsonObjectContextCustomizerFactory$DuplicateJsonObjectContextCustomizer@64d2d351, org.springframework.boot.test.mock.mockito.MockitoContextCustomizer@0, org.springframework.boot.test.autoconfigure.properties.PropertyMappingContextCustomizer@0, org.springframework.boot.test.autoconfigure.web.servlet.WebDriverContextCustomizerFactory$Customizer@52aa2946], contextLoader = 'org.springframework.test.context.support.DelegatingSmartContextLoader', parent = [null]]]
]]></system-out>
  </testcase>
  <testcase name="testMgrValidateNullSupplier[Test with AUTOMATICLOT_IN=true, AUTOMATICLOT_OUT=false, AUTOMATICLOTWARD_TOWARD=false]" classname="org.isf.medicalstock.test.Tests" time="0.014">
    <system-out><![CDATA[[05/jul/2024 13:43:34] [:] INFO - Began transaction (1) for test context [DefaultTestContext@329af9b1 testClass = Tests, testInstance = org.isf.medicalstock.test.Tests@6e5f47ec, testMethod = testMgrValidateNullSupplier@Tests, testException = [null], mergedContextConfiguration = [MergedContextConfiguration@7535554e testClass = Tests, locations = '{classpath:applicationContext.xml, classpath:applicationContext.xml}', classes = '{}', contextInitializerClasses = '[]', activeProfiles = '{}', propertySourceLocations = '{}', propertySourceProperties = '{}', contextCustomizers = set[org.springframework.boot.test.context.filter.ExcludeFilterContextCustomizer@255b53dc, org.springframework.boot.test.json.DuplicateJsonObjectContextCustomizerFactory$DuplicateJsonObjectContextCustomizer@64d2d351, org.springframework.boot.test.mock.mockito.MockitoContextCustomizer@0, org.springframework.boot.test.autoconfigure.properties.PropertyMappingContextCustomizer@0, org.springframework.boot.test.autoconfigure.web.servlet.WebDriverContextCustomizerFactory$Customizer@52aa2946], contextLoader = 'org.springframework.test.context.support.DelegatingSmartContextLoader', parent = [null]]]; transaction manager [org.springframework.orm.jpa.JpaTransactionManager@4ece2750]; rollback [true]
[05/jul/2024 13:43:34] [:] INFO - Rolled back transaction for test: [DefaultTestContext@329af9b1 testClass = Tests, testInstance = org.isf.medicalstock.test.Tests@6e5f47ec, testMethod = testMgrValidateNullSupplier@Tests, testException = [null], mergedContextConfiguration = [MergedContextConfiguration@7535554e testClass = Tests, locations = '{classpath:applicationContext.xml, classpath:applicationContext.xml}', classes = '{}', contextInitializerClasses = '[]', activeProfiles = '{}', propertySourceLocations = '{}', propertySourceProperties = '{}', contextCustomizers = set[org.springframework.boot.test.context.filter.ExcludeFilterContextCustomizer@255b53dc, org.springframework.boot.test.json.DuplicateJsonObjectContextCustomizerFactory$DuplicateJsonObjectContextCustomizer@64d2d351, org.springframework.boot.test.mock.mockito.MockitoContextCustomizer@0, org.springframework.boot.test.autoconfigure.properties.PropertyMappingContextCustomizer@0, org.springframework.boot.test.autoconfigure.web.servlet.WebDriverContextCustomizerFactory$Customizer@52aa2946], contextLoader = 'org.springframework.test.context.support.DelegatingSmartContextLoader', parent = [null]]]
]]></system-out>
  </testcase>
  <testcase name="testMgrGetMovementsWihAllParameters[Test with AUTOMATICLOT_IN=true, AUTOMATICLOT_OUT=false, AUTOMATICLOTWARD_TOWARD=false]" classname="org.isf.medicalstock.test.Tests" time="0.011">
    <system-out><![CDATA[[05/jul/2024 13:43:34] [:] INFO - Began transaction (1) for test context [DefaultTestContext@329af9b1 testClass = Tests, testInstance = org.isf.medicalstock.test.Tests@518378dd, testMethod = testMgrGetMovementsWihAllParameters@Tests, testException = [null], mergedContextConfiguration = [MergedContextConfiguration@7535554e testClass = Tests, locations = '{classpath:applicationContext.xml, classpath:applicationContext.xml}', classes = '{}', contextInitializerClasses = '[]', activeProfiles = '{}', propertySourceLocations = '{}', propertySourceProperties = '{}', contextCustomizers = set[org.springframework.boot.test.context.filter.ExcludeFilterContextCustomizer@255b53dc, org.springframework.boot.test.json.DuplicateJsonObjectContextCustomizerFactory$DuplicateJsonObjectContextCustomizer@64d2d351, org.springframework.boot.test.mock.mockito.MockitoContextCustomizer@0, org.springframework.boot.test.autoconfigure.properties.PropertyMappingContextCustomizer@0, org.springframework.boot.test.autoconfigure.web.servlet.WebDriverContextCustomizerFactory$Customizer@52aa2946], contextLoader = 'org.springframework.test.context.support.DelegatingSmartContextLoader', parent = [null]]]; transaction manager [org.springframework.orm.jpa.JpaTransactionManager@4ece2750]; rollback [true]
[05/jul/2024 13:43:34] [:] INFO - Rolled back transaction for test: [DefaultTestContext@329af9b1 testClass = Tests, testInstance = org.isf.medicalstock.test.Tests@518378dd, testMethod = testMgrGetMovementsWihAllParameters@Tests, testException = [null], mergedContextConfiguration = [MergedContextConfiguration@7535554e testClass = Tests, locations = '{classpath:applicationContext.xml, classpath:applicationContext.xml}', classes = '{}', contextInitializerClasses = '[]', activeProfiles = '{}', propertySourceLocations = '{}', propertySourceProperties = '{}', contextCustomizers = set[org.springframework.boot.test.context.filter.ExcludeFilterContextCustomizer@255b53dc, org.springframework.boot.test.json.DuplicateJsonObjectContextCustomizerFactory$DuplicateJsonObjectContextCustomizer@64d2d351, org.springframework.boot.test.mock.mockito.MockitoContextCustomizer@0, org.springframework.boot.test.autoconfigure.properties.PropertyMappingContextCustomizer@0, org.springframework.boot.test.autoconfigure.web.servlet.WebDriverContextCustomizerFactory$Customizer@52aa2946], contextLoader = 'org.springframework.test.context.support.DelegatingSmartContextLoader', parent = [null]]]
]]></system-out>
  </testcase>
  <testcase name="testIoLotExists[Test with AUTOMATICLOT_IN=true, AUTOMATICLOT_OUT=false, AUTOMATICLOTWARD_TOWARD=false]" classname="org.isf.medicalstock.test.Tests" time="0.01">
    <system-out><![CDATA[[05/jul/2024 13:43:34] [:] INFO - Began transaction (1) for test context [DefaultTestContext@329af9b1 testClass = Tests, testInstance = org.isf.medicalstock.test.Tests@6777bf48, testMethod = testIoLotExists@Tests, testException = [null], mergedContextConfiguration = [MergedContextConfiguration@7535554e testClass = Tests, locations = '{classpath:applicationContext.xml, classpath:applicationContext.xml}', classes = '{}', contextInitializerClasses = '[]', activeProfiles = '{}', propertySourceLocations = '{}', propertySourceProperties = '{}', contextCustomizers = set[org.springframework.boot.test.context.filter.ExcludeFilterContextCustomizer@255b53dc, org.springframework.boot.test.json.DuplicateJsonObjectContextCustomizerFactory$DuplicateJsonObjectContextCustomizer@64d2d351, org.springframework.boot.test.mock.mockito.MockitoContextCustomizer@0, org.springframework.boot.test.autoconfigure.properties.PropertyMappingContextCustomizer@0, org.springframework.boot.test.autoconfigure.web.servlet.WebDriverContextCustomizerFactory$Customizer@52aa2946], contextLoader = 'org.springframework.test.context.support.DelegatingSmartContextLoader', parent = [null]]]; transaction manager [org.springframework.orm.jpa.JpaTransactionManager@4ece2750]; rollback [true]
[05/jul/2024 13:43:34] [:] INFO - Rolled back transaction for test: [DefaultTestContext@329af9b1 testClass = Tests, testInstance = org.isf.medicalstock.test.Tests@6777bf48, testMethod = testIoLotExists@Tests, testException = [null], mergedContextConfiguration = [MergedContextConfiguration@7535554e testClass = Tests, locations = '{classpath:applicationContext.xml, classpath:applicationContext.xml}', classes = '{}', contextInitializerClasses = '[]', activeProfiles = '{}', propertySourceLocations = '{}', propertySourceProperties = '{}', contextCustomizers = set[org.springframework.boot.test.context.filter.ExcludeFilterContextCustomizer@255b53dc, org.springframework.boot.test.json.DuplicateJsonObjectContextCustomizerFactory$DuplicateJsonObjectContextCustomizer@64d2d351, org.springframework.boot.test.mock.mockito.MockitoContextCustomizer@0, org.springframework.boot.test.autoconfigure.properties.PropertyMappingContextCustomizer@0, org.springframework.boot.test.autoconfigure.web.servlet.WebDriverContextCustomizerFactory$Customizer@52aa2946], contextLoader = 'org.springframework.test.context.support.DelegatingSmartContextLoader', parent = [null]]]
]]></system-out>
  </testcase>
  <testcase name="testLotToString[Test with AUTOMATICLOT_IN=true, AUTOMATICLOT_OUT=false, AUTOMATICLOTWARD_TOWARD=false]" classname="org.isf.medicalstock.test.Tests" time="0.011">
    <system-out><![CDATA[[05/jul/2024 13:43:34] [:] INFO - Began transaction (1) for test context [DefaultTestContext@329af9b1 testClass = Tests, testInstance = org.isf.medicalstock.test.Tests@154c485a, testMethod = testLotToString@Tests, testException = [null], mergedContextConfiguration = [MergedContextConfiguration@7535554e testClass = Tests, locations = '{classpath:applicationContext.xml, classpath:applicationContext.xml}', classes = '{}', contextInitializerClasses = '[]', activeProfiles = '{}', propertySourceLocations = '{}', propertySourceProperties = '{}', contextCustomizers = set[org.springframework.boot.test.context.filter.ExcludeFilterContextCustomizer@255b53dc, org.springframework.boot.test.json.DuplicateJsonObjectContextCustomizerFactory$DuplicateJsonObjectContextCustomizer@64d2d351, org.springframework.boot.test.mock.mockito.MockitoContextCustomizer@0, org.springframework.boot.test.autoconfigure.properties.PropertyMappingContextCustomizer@0, org.springframework.boot.test.autoconfigure.web.servlet.WebDriverContextCustomizerFactory$Customizer@52aa2946], contextLoader = 'org.springframework.test.context.support.DelegatingSmartContextLoader', parent = [null]]]; transaction manager [org.springframework.orm.jpa.JpaTransactionManager@4ece2750]; rollback [true]
[05/jul/2024 13:43:34] [:] INFO - Rolled back transaction for test: [DefaultTestContext@329af9b1 testClass = Tests, testInstance = org.isf.medicalstock.test.Tests@154c485a, testMethod = testLotToString@Tests, testException = [null], mergedContextConfiguration = [MergedContextConfiguration@7535554e testClass = Tests, locations = '{classpath:applicationContext.xml, classpath:applicationContext.xml}', classes = '{}', contextInitializerClasses = '[]', activeProfiles = '{}', propertySourceLocations = '{}', propertySourceProperties = '{}', contextCustomizers = set[org.springframework.boot.test.context.filter.ExcludeFilterContextCustomizer@255b53dc, org.springframework.boot.test.json.DuplicateJsonObjectContextCustomizerFactory$DuplicateJsonObjectContextCustomizer@64d2d351, org.springframework.boot.test.mock.mockito.MockitoContextCustomizer@0, org.springframework.boot.test.autoconfigure.properties.PropertyMappingContextCustomizer@0, org.springframework.boot.test.autoconfigure.web.servlet.WebDriverContextCustomizerFactory$Customizer@52aa2946], contextLoader = 'org.springframework.test.context.support.DelegatingSmartContextLoader', parent = [null]]]
]]></system-out>
  </testcase>
  <testcase name="testIoGetMovementForPrintPharmaceuticalTypeOrder[Test with AUTOMATICLOT_IN=true, AUTOMATICLOT_OUT=false, AUTOMATICLOTWARD_TOWARD=false]" classname="org.isf.medicalstock.test.Tests" time="0.012">
    <system-out><![CDATA[[05/jul/2024 13:43:34] [:] INFO - Began transaction (1) for test context [DefaultTestContext@329af9b1 testClass = Tests, testInstance = org.isf.medicalstock.test.Tests@333fa468, testMethod = testIoGetMovementForPrintPharmaceuticalTypeOrder@Tests, testException = [null], mergedContextConfiguration = [MergedContextConfiguration@7535554e testClass = Tests, locations = '{classpath:applicationContext.xml, classpath:applicationContext.xml}', classes = '{}', contextInitializerClasses = '[]', activeProfiles = '{}', propertySourceLocations = '{}', propertySourceProperties = '{}', contextCustomizers = set[org.springframework.boot.test.context.filter.ExcludeFilterContextCustomizer@255b53dc, org.springframework.boot.test.json.DuplicateJsonObjectContextCustomizerFactory$DuplicateJsonObjectContextCustomizer@64d2d351, org.springframework.boot.test.mock.mockito.MockitoContextCustomizer@0, org.springframework.boot.test.autoconfigure.properties.PropertyMappingContextCustomizer@0, org.springframework.boot.test.autoconfigure.web.servlet.WebDriverContextCustomizerFactory$Customizer@52aa2946], contextLoader = 'org.springframework.test.context.support.DelegatingSmartContextLoader', parent = [null]]]; transaction manager [org.springframework.orm.jpa.JpaTransactionManager@4ece2750]; rollback [true]
[05/jul/2024 13:43:34] [:] INFO - Rolled back transaction for test: [DefaultTestContext@329af9b1 testClass = Tests, testInstance = org.isf.medicalstock.test.Tests@333fa468, testMethod = testIoGetMovementForPrintPharmaceuticalTypeOrder@Tests, testException = [null], mergedContextConfiguration = [MergedContextConfiguration@7535554e testClass = Tests, locations = '{classpath:applicationContext.xml, classpath:applicationContext.xml}', classes = '{}', contextInitializerClasses = '[]', activeProfiles = '{}', propertySourceLocations = '{}', propertySourceProperties = '{}', contextCustomizers = set[org.springframework.boot.test.context.filter.ExcludeFilterContextCustomizer@255b53dc, org.springframework.boot.test.json.DuplicateJsonObjectContextCustomizerFactory$DuplicateJsonObjectContextCustomizer@64d2d351, org.springframework.boot.test.mock.mockito.MockitoContextCustomizer@0, org.springframework.boot.test.autoconfigure.properties.PropertyMappingContextCustomizer@0, org.springframework.boot.test.autoconfigure.web.servlet.WebDriverContextCustomizerFactory$Customizer@52aa2946], contextLoader = 'org.springframework.test.context.support.DelegatingSmartContextLoader', parent = [null]]]
]]></system-out>
  </testcase>
  <testcase name="testMgrPrepareDischargingMovement[Test with AUTOMATICLOT_IN=true, AUTOMATICLOT_OUT=false, AUTOMATICLOTWARD_TOWARD=false]" classname="org.isf.medicalstock.test.Tests" time="0.014">
    <system-out><![CDATA[[05/jul/2024 13:43:34] [:] INFO - Began transaction (1) for test context [DefaultTestContext@329af9b1 testClass = Tests, testInstance = org.isf.medicalstock.test.Tests@196271ca, testMethod = testMgrPrepareDischargingMovement@Tests, testException = [null], mergedContextConfiguration = [MergedContextConfiguration@7535554e testClass = Tests, locations = '{classpath:applicationContext.xml, classpath:applicationContext.xml}', classes = '{}', contextInitializerClasses = '[]', activeProfiles = '{}', propertySourceLocations = '{}', propertySourceProperties = '{}', contextCustomizers = set[org.springframework.boot.test.context.filter.ExcludeFilterContextCustomizer@255b53dc, org.springframework.boot.test.json.DuplicateJsonObjectContextCustomizerFactory$DuplicateJsonObjectContextCustomizer@64d2d351, org.springframework.boot.test.mock.mockito.MockitoContextCustomizer@0, org.springframework.boot.test.autoconfigure.properties.PropertyMappingContextCustomizer@0, org.springframework.boot.test.autoconfigure.web.servlet.WebDriverContextCustomizerFactory$Customizer@52aa2946], contextLoader = 'org.springframework.test.context.support.DelegatingSmartContextLoader', parent = [null]]]; transaction manager [org.springframework.orm.jpa.JpaTransactionManager@4ece2750]; rollback [true]
[05/jul/2024 13:43:34] [:] INFO - Rolled back transaction for test: [DefaultTestContext@329af9b1 testClass = Tests, testInstance = org.isf.medicalstock.test.Tests@196271ca, testMethod = testMgrPrepareDischargingMovement@Tests, testException = [null], mergedContextConfiguration = [MergedContextConfiguration@7535554e testClass = Tests, locations = '{classpath:applicationContext.xml, classpath:applicationContext.xml}', classes = '{}', contextInitializerClasses = '[]', activeProfiles = '{}', propertySourceLocations = '{}', propertySourceProperties = '{}', contextCustomizers = set[org.springframework.boot.test.context.filter.ExcludeFilterContextCustomizer@255b53dc, org.springframework.boot.test.json.DuplicateJsonObjectContextCustomizerFactory$DuplicateJsonObjectContextCustomizer@64d2d351, org.springframework.boot.test.mock.mockito.MockitoContextCustomizer@0, org.springframework.boot.test.autoconfigure.properties.PropertyMappingContextCustomizer@0, org.springframework.boot.test.autoconfigure.web.servlet.WebDriverContextCustomizerFactory$Customizer@52aa2946], contextLoader = 'org.springframework.test.context.support.DelegatingSmartContextLoader', parent = [null]]]
]]></system-out>
  </testcase>
  <testcase name="testMgrValidateNullMedical[Test with AUTOMATICLOT_IN=true, AUTOMATICLOT_OUT=false, AUTOMATICLOTWARD_TOWARD=false]" classname="org.isf.medicalstock.test.Tests" time="0.013">
    <system-out><![CDATA[[05/jul/2024 13:43:34] [:] INFO - Began transaction (1) for test context [DefaultTestContext@329af9b1 testClass = Tests, testInstance = org.isf.medicalstock.test.Tests@62972c46, testMethod = testMgrValidateNullMedical@Tests, testException = [null], mergedContextConfiguration = [MergedContextConfiguration@7535554e testClass = Tests, locations = '{classpath:applicationContext.xml, classpath:applicationContext.xml}', classes = '{}', contextInitializerClasses = '[]', activeProfiles = '{}', propertySourceLocations = '{}', propertySourceProperties = '{}', contextCustomizers = set[org.springframework.boot.test.context.filter.ExcludeFilterContextCustomizer@255b53dc, org.springframework.boot.test.json.DuplicateJsonObjectContextCustomizerFactory$DuplicateJsonObjectContextCustomizer@64d2d351, org.springframework.boot.test.mock.mockito.MockitoContextCustomizer@0, org.springframework.boot.test.autoconfigure.properties.PropertyMappingContextCustomizer@0, org.springframework.boot.test.autoconfigure.web.servlet.WebDriverContextCustomizerFactory$Customizer@52aa2946], contextLoader = 'org.springframework.test.context.support.DelegatingSmartContextLoader', parent = [null]]]; transaction manager [org.springframework.orm.jpa.JpaTransactionManager@4ece2750]; rollback [true]
[05/jul/2024 13:43:34] [:] INFO - Rolled back transaction for test: [DefaultTestContext@329af9b1 testClass = Tests, testInstance = org.isf.medicalstock.test.Tests@62972c46, testMethod = testMgrValidateNullMedical@Tests, testException = [null], mergedContextConfiguration = [MergedContextConfiguration@7535554e testClass = Tests, locations = '{classpath:applicationContext.xml, classpath:applicationContext.xml}', classes = '{}', contextInitializerClasses = '[]', activeProfiles = '{}', propertySourceLocations = '{}', propertySourceProperties = '{}', contextCustomizers = set[org.springframework.boot.test.context.filter.ExcludeFilterContextCustomizer@255b53dc, org.springframework.boot.test.json.DuplicateJsonObjectContextCustomizerFactory$DuplicateJsonObjectContextCustomizer@64d2d351, org.springframework.boot.test.mock.mockito.MockitoContextCustomizer@0, org.springframework.boot.test.autoconfigure.properties.PropertyMappingContextCustomizer@0, org.springframework.boot.test.autoconfigure.web.servlet.WebDriverContextCustomizerFactory$Customizer@52aa2946], contextLoader = 'org.springframework.test.context.support.DelegatingSmartContextLoader', parent = [null]]]
]]></system-out>
  </testcase>
  <testcase name="testMgrValidateLotPreparationDateAfterDueDate[Test with AUTOMATICLOT_IN=true, AUTOMATICLOT_OUT=false, AUTOMATICLOTWARD_TOWARD=false]" classname="org.isf.medicalstock.test.Tests" time="0.013">
    <system-out><![CDATA[[05/jul/2024 13:43:34] [:] INFO - Began transaction (1) for test context [DefaultTestContext@329af9b1 testClass = Tests, testInstance = org.isf.medicalstock.test.Tests@28805be6, testMethod = testMgrValidateLotPreparationDateAfterDueDate@Tests, testException = [null], mergedContextConfiguration = [MergedContextConfiguration@7535554e testClass = Tests, locations = '{classpath:applicationContext.xml, classpath:applicationContext.xml}', classes = '{}', contextInitializerClasses = '[]', activeProfiles = '{}', propertySourceLocations = '{}', propertySourceProperties = '{}', contextCustomizers = set[org.springframework.boot.test.context.filter.ExcludeFilterContextCustomizer@255b53dc, org.springframework.boot.test.json.DuplicateJsonObjectContextCustomizerFactory$DuplicateJsonObjectContextCustomizer@64d2d351, org.springframework.boot.test.mock.mockito.MockitoContextCustomizer@0, org.springframework.boot.test.autoconfigure.properties.PropertyMappingContextCustomizer@0, org.springframework.boot.test.autoconfigure.web.servlet.WebDriverContextCustomizerFactory$Customizer@52aa2946], contextLoader = 'org.springframework.test.context.support.DelegatingSmartContextLoader', parent = [null]]]; transaction manager [org.springframework.orm.jpa.JpaTransactionManager@4ece2750]; rollback [true]
[05/jul/2024 13:43:34] [:] INFO - Rolled back transaction for test: [DefaultTestContext@329af9b1 testClass = Tests, testInstance = org.isf.medicalstock.test.Tests@28805be6, testMethod = testMgrValidateLotPreparationDateAfterDueDate@Tests, testException = [null], mergedContextConfiguration = [MergedContextConfiguration@7535554e testClass = Tests, locations = '{classpath:applicationContext.xml, classpath:applicationContext.xml}', classes = '{}', contextInitializerClasses = '[]', activeProfiles = '{}', propertySourceLocations = '{}', propertySourceProperties = '{}', contextCustomizers = set[org.springframework.boot.test.context.filter.ExcludeFilterContextCustomizer@255b53dc, org.springframework.boot.test.json.DuplicateJsonObjectContextCustomizerFactory$DuplicateJsonObjectContextCustomizer@64d2d351, org.springframework.boot.test.mock.mockito.MockitoContextCustomizer@0, org.springframework.boot.test.autoconfigure.properties.PropertyMappingContextCustomizer@0, org.springframework.boot.test.autoconfigure.web.servlet.WebDriverContextCustomizerFactory$Customizer@52aa2946], contextLoader = 'org.springframework.test.context.support.DelegatingSmartContextLoader', parent = [null]]]
]]></system-out>
  </testcase>
  <testcase name="testMgrValidateLotCodeTooLong[Test with AUTOMATICLOT_IN=true, AUTOMATICLOT_OUT=false, AUTOMATICLOTWARD_TOWARD=false]" classname="org.isf.medicalstock.test.Tests" time="0.012">
    <system-out><![CDATA[[05/jul/2024 13:43:34] [:] INFO - Began transaction (1) for test context [DefaultTestContext@329af9b1 testClass = Tests, testInstance = org.isf.medicalstock.test.Tests@5ac7ec8b, testMethod = testMgrValidateLotCodeTooLong@Tests, testException = [null], mergedContextConfiguration = [MergedContextConfiguration@7535554e testClass = Tests, locations = '{classpath:applicationContext.xml, classpath:applicationContext.xml}', classes = '{}', contextInitializerClasses = '[]', activeProfiles = '{}', propertySourceLocations = '{}', propertySourceProperties = '{}', contextCustomizers = set[org.springframework.boot.test.context.filter.ExcludeFilterContextCustomizer@255b53dc, org.springframework.boot.test.json.DuplicateJsonObjectContextCustomizerFactory$DuplicateJsonObjectContextCustomizer@64d2d351, org.springframework.boot.test.mock.mockito.MockitoContextCustomizer@0, org.springframework.boot.test.autoconfigure.properties.PropertyMappingContextCustomizer@0, org.springframework.boot.test.autoconfigure.web.servlet.WebDriverContextCustomizerFactory$Customizer@52aa2946], contextLoader = 'org.springframework.test.context.support.DelegatingSmartContextLoader', parent = [null]]]; transaction manager [org.springframework.orm.jpa.JpaTransactionManager@4ece2750]; rollback [true]
[05/jul/2024 13:43:34] [:] ERROR - org.hibernate.TransientPropertyValueException: object references an unsaved transient instance - save the transient instance before flushing: org.isf.medicalstock.model.Movement.lot -> org.isf.medicalstock.model.Lot; nested exception is java.lang.IllegalStateException: org.hibernate.TransientPropertyValueException: object references an unsaved transient instance - save the transient instance before flushing: org.isf.medicalstock.model.Movement.lot -> org.isf.medicalstock.model.Lot
org.springframework.dao.InvalidDataAccessApiUsageException: org.hibernate.TransientPropertyValueException: object references an unsaved transient instance - save the transient instance before flushing: org.isf.medicalstock.model.Movement.lot -> org.isf.medicalstock.model.Lot; nested exception is java.lang.IllegalStateException: org.hibernate.TransientPropertyValueException: object references an unsaved transient instance - save the transient instance before flushing: org.isf.medicalstock.model.Movement.lot -> org.isf.medicalstock.model.Lot
	at org.springframework.orm.jpa.EntityManagerFactoryUtils.convertJpaAccessExceptionIfPossible(EntityManagerFactoryUtils.java:387)
	at org.springframework.orm.jpa.vendor.HibernateJpaDialect.translateExceptionIfPossible(HibernateJpaDialect.java:246)
	at org.springframework.orm.jpa.AbstractEntityManagerFactoryBean.translateExceptionIfPossible(AbstractEntityManagerFactoryBean.java:525)
	at org.springframework.dao.support.ChainedPersistenceExceptionTranslator.translateExceptionIfPossible(ChainedPersistenceExceptionTranslator.java:59)
	at org.springframework.dao.support.DataAccessUtils.translateIfNecessary(DataAccessUtils.java:209)
	at org.springframework.dao.support.PersistenceExceptionTranslationInterceptor.invoke(PersistenceExceptionTranslationInterceptor.java:147)
	at org.springframework.aop.framework.ReflectiveMethodInvocation.proceed(ReflectiveMethodInvocation.java:179)
	at org.springframework.data.jpa.repository.support.CrudMethodMetadataPostProcessor$CrudMethodMetadataPopulatingMethodInterceptor.invoke(CrudMethodMetadataPostProcessor.java:140)
	at org.springframework.aop.framework.ReflectiveMethodInvocation.proceed(ReflectiveMethodInvocation.java:179)
	at org.springframework.data.jpa.repository.support.CrudMethodMetadataPostProcessor$ExposeRepositoryInvocationInterceptor.invoke(CrudMethodMetadataPostProcessor.java:347)
	at org.springframework.aop.framework.ReflectiveMethodInvocation.proceed(ReflectiveMethodInvocation.java:179)
	at org.springframework.aop.interceptor.ExposeInvocationInterceptor.invoke(ExposeInvocationInterceptor.java:92)
	at org.springframework.aop.framework.ReflectiveMethodInvocation.proceed(ReflectiveMethodInvocation.java:179)
	at org.springframework.data.repository.core.support.SurroundingTransactionDetectorMethodInterceptor.invoke(SurroundingTransactionDetectorMethodInterceptor.java:57)
	at org.springframework.aop.framework.ReflectiveMethodInvocation.proceed(ReflectiveMethodInvocation.java:179)
	at org.springframework.aop.framework.JdkDynamicAopProxy.invoke(JdkDynamicAopProxy.java:213)
	at com.sun.proxy.$Proxy109.findMaxDate(Unknown Source)
	at org.isf.medicalstock.service.MedicalStockIoOperations.getLastMovementDate(MedicalStockIoOperations.java:565)
	at org.isf.medicalstock.service.MedicalStockIoOperations$$FastClassBySpringCGLIB$$a00ee1bd.invoke(<generated>)
	at org.springframework.cglib.proxy.MethodProxy.invoke(MethodProxy.java:204)
	at org.springframework.aop.framework.CglibAopProxy$CglibMethodInvocation.invokeJoinpoint(CglibAopProxy.java:737)
	at org.springframework.aop.framework.ReflectiveMethodInvocation.proceed(ReflectiveMethodInvocation.java:157)
	at org.springframework.transaction.interceptor.TransactionInterceptor$1.proceedWithInvocation(TransactionInterceptor.java:99)
	at org.springframework.transaction.interceptor.TransactionAspectSupport.invokeWithinTransaction(TransactionAspectSupport.java:283)
	at org.springframework.transaction.interceptor.TransactionInterceptor.invoke(TransactionInterceptor.java:96)
	at org.springframework.aop.framework.ReflectiveMethodInvocation.proceed(ReflectiveMethodInvocation.java:179)
	at org.springframework.aop.interceptor.ExposeInvocationInterceptor.invoke(ExposeInvocationInterceptor.java:92)
	at org.springframework.aop.framework.ReflectiveMethodInvocation.proceed(ReflectiveMethodInvocation.java:179)
	at org.springframework.aop.aspectj.MethodInvocationProceedingJoinPoint.proceed(MethodInvocationProceedingJoinPoint.java:84)
	at org.isf.utils.db.OHServiceExceptionTranslator.translateSqlExceptionToOHServiceException(OHServiceExceptionTranslator.java:55)
	at sun.reflect.GeneratedMethodAccessor67.invoke(Unknown Source)
	at sun.reflect.DelegatingMethodAccessorImpl.invoke(DelegatingMethodAccessorImpl.java:43)
	at java.lang.reflect.Method.invoke(Method.java:498)
	at org.springframework.aop.aspectj.AbstractAspectJAdvice.invokeAdviceMethodWithGivenArgs(AbstractAspectJAdvice.java:627)
	at org.springframework.aop.aspectj.AbstractAspectJAdvice.invokeAdviceMethod(AbstractAspectJAdvice.java:616)
	at org.springframework.aop.aspectj.AspectJAroundAdvice.invoke(AspectJAroundAdvice.java:70)
	at org.springframework.aop.framework.ReflectiveMethodInvocation.proceed(ReflectiveMethodInvocation.java:179)
	at org.springframework.aop.framework.CglibAopProxy$DynamicAdvisedInterceptor.intercept(CglibAopProxy.java:672)
	at org.isf.medicalstock.service.MedicalStockIoOperations$$EnhancerBySpringCGLIB$$36e028cc.getLastMovementDate(<generated>)
	at org.isf.medicalstock.manager.MovStockInsertingManager.getLastMovementDate(MovStockInsertingManager.java:278)
	at org.isf.medicalstock.manager.MovStockInsertingManager.validateMovement(MovStockInsertingManager.java:68)
	at org.isf.medicalstock.manager.MovStockInsertingManager.prepareChargingMovement(MovStockInsertingManager.java:349)
	at org.isf.medicalstock.manager.MovStockInsertingManager.newMultipleChargingMovements(MovStockInsertingManager.java:326)
	at org.isf.medicalstock.manager.MovStockInsertingManager$$FastClassBySpringCGLIB$$2a8b6bd4.invoke(<generated>)
	at org.springframework.cglib.proxy.MethodProxy.invoke(MethodProxy.java:204)
	at org.springframework.aop.framework.CglibAopProxy$CglibMethodInvocation.invokeJoinpoint(CglibAopProxy.java:737)
	at org.springframework.aop.framework.ReflectiveMethodInvocation.proceed(ReflectiveMethodInvocation.java:157)
	at org.springframework.transaction.interceptor.TransactionInterceptor$1.proceedWithInvocation(TransactionInterceptor.java:99)
	at org.springframework.transaction.interceptor.TransactionAspectSupport.invokeWithinTransaction(TransactionAspectSupport.java:283)
	at org.springframework.transaction.interceptor.TransactionInterceptor.invoke(TransactionInterceptor.java:96)
	at org.springframework.aop.framework.ReflectiveMethodInvocation.proceed(ReflectiveMethodInvocation.java:179)
	at org.springframework.aop.framework.CglibAopProxy$DynamicAdvisedInterceptor.intercept(CglibAopProxy.java:672)
	at org.isf.medicalstock.manager.MovStockInsertingManager$$EnhancerBySpringCGLIB$$ef6ee236.newMultipleChargingMovements(<generated>)
	at org.isf.medicalstock.test.Tests.lambda$28(Tests.java:943)
	at org.assertj.core.api.ThrowableAssert.catchThrowable(ThrowableAssert.java:62)
	at org.assertj.core.api.AssertionsForClassTypes.catchThrowable(AssertionsForClassTypes.java:877)
	at org.assertj.core.api.Assertions.catchThrowable(Assertions.java:1336)
	at org.assertj.core.api.Assertions.assertThatThrownBy(Assertions.java:1181)
	at org.isf.medicalstock.test.Tests.testMgrValidateLotCodeTooLong(Tests.java:935)
	at sun.reflect.NativeMethodAccessorImpl.invoke0(Native Method)
	at sun.reflect.NativeMethodAccessorImpl.invoke(NativeMethodAccessorImpl.java:62)
	at sun.reflect.DelegatingMethodAccessorImpl.invoke(DelegatingMethodAccessorImpl.java:43)
	at java.lang.reflect.Method.invoke(Method.java:498)
	at org.junit.runners.model.FrameworkMethod$1.runReflectiveCall(FrameworkMethod.java:59)
	at org.junit.internal.runners.model.ReflectiveCallable.run(ReflectiveCallable.java:12)
	at org.junit.runners.model.FrameworkMethod.invokeExplosively(FrameworkMethod.java:56)
	at org.junit.internal.runners.statements.InvokeMethod.evaluate(InvokeMethod.java:17)
	at org.junit.internal.runners.statements.RunBefores.evaluate(RunBefores.java:26)
	at org.springframework.test.context.junit4.statements.RunBeforeTestMethodCallbacks.evaluate(RunBeforeTestMethodCallbacks.java:75)
	at org.springframework.test.context.junit4.statements.RunAfterTestMethodCallbacks.evaluate(RunAfterTestMethodCallbacks.java:86)
	at org.springframework.test.context.junit4.statements.RunPrepareTestInstanceCallbacks.evaluate(RunPrepareTestInstanceCallbacks.java:64)
	at org.springframework.test.context.junit4.statements.SpringRepeat.evaluate(SpringRepeat.java:84)
	at org.springframework.test.context.junit4.statements.SpringFailOnTimeout.evaluate(SpringFailOnTimeout.java:87)
	at org.springframework.test.context.junit4.statements.ProfileValueChecker.evaluate(ProfileValueChecker.java:101)
	at org.junit.runners.ParentRunner$3.evaluate(ParentRunner.java:306)
	at org.junit.runners.BlockJUnit4ClassRunner$1.evaluate(BlockJUnit4ClassRunner.java:100)
	at org.junit.runners.ParentRunner.runLeaf(ParentRunner.java:366)
	at org.junit.runners.BlockJUnit4ClassRunner.runChild(BlockJUnit4ClassRunner.java:103)
	at org.junit.runners.BlockJUnit4ClassRunner.runChild(BlockJUnit4ClassRunner.java:63)
	at org.junit.runners.ParentRunner$4.run(ParentRunner.java:331)
	at org.junit.runners.ParentRunner$1.schedule(ParentRunner.java:79)
	at org.junit.runners.ParentRunner.runChildren(ParentRunner.java:329)
	at org.junit.runners.ParentRunner.access$100(ParentRunner.java:66)
	at org.junit.runners.ParentRunner$2.evaluate(ParentRunner.java:293)
	at org.junit.runners.ParentRunner.run(ParentRunner.java:413)
	at org.junit.runners.Suite.runChild(Suite.java:128)
	at org.junit.runners.Suite.runChild(Suite.java:27)
	at org.junit.runners.ParentRunner$4.run(ParentRunner.java:331)
	at org.junit.runners.ParentRunner$1.schedule(ParentRunner.java:79)
	at org.junit.runners.ParentRunner.runChildren(ParentRunner.java:329)
	at org.junit.runners.ParentRunner.access$100(ParentRunner.java:66)
	at org.junit.runners.ParentRunner$2.evaluate(ParentRunner.java:293)
	at org.junit.internal.runners.statements.RunBefores.evaluate(RunBefores.java:26)
	at org.junit.internal.runners.statements.RunAfters.evaluate(RunAfters.java:27)
	at org.springframework.test.context.junit4.statements.RunBeforeTestClassCallbacks.evaluate(RunBeforeTestClassCallbacks.java:61)
	at org.springframework.test.context.junit4.statements.RunAfterTestClassCallbacks.evaluate(RunAfterTestClassCallbacks.java:70)
	at org.springframework.test.context.junit4.statements.ProfileValueChecker.evaluate(ProfileValueChecker.java:101)
	at org.springframework.test.context.junit4.rules.SpringClassRule$TestContextManagerCacheEvictor.evaluate(SpringClassRule.java:242)
	at org.junit.rules.RunRules.evaluate(RunRules.java:20)
	at org.junit.runners.ParentRunner$3.evaluate(ParentRunner.java:306)
	at org.junit.runners.ParentRunner.run(ParentRunner.java:413)
	at org.apache.maven.surefire.junit4.JUnit4Provider.execute(JUnit4Provider.java:316)
	at org.apache.maven.surefire.junit4.JUnit4Provider.executeWithRerun(JUnit4Provider.java:240)
	at org.apache.maven.surefire.junit4.JUnit4Provider.executeTestSet(JUnit4Provider.java:214)
	at org.apache.maven.surefire.junit4.JUnit4Provider.invoke(JUnit4Provider.java:155)
	at org.apache.maven.surefire.booter.ForkedBooter.runSuitesInProcess(ForkedBooter.java:385)
	at org.apache.maven.surefire.booter.ForkedBooter.execute(ForkedBooter.java:162)
	at org.apache.maven.surefire.booter.ForkedBooter.run(ForkedBooter.java:507)
	at org.apache.maven.surefire.booter.ForkedBooter.main(ForkedBooter.java:495)
Caused by: java.lang.IllegalStateException: org.hibernate.TransientPropertyValueException: object references an unsaved transient instance - save the transient instance before flushing: org.isf.medicalstock.model.Movement.lot -> org.isf.medicalstock.model.Lot
	at org.hibernate.ejb.AbstractEntityManagerImpl.convert(AbstractEntityManagerImpl.java:1384)
	at org.hibernate.ejb.AbstractEntityManagerImpl.convert(AbstractEntityManagerImpl.java:1310)
	at org.hibernate.ejb.QueryImpl.getSingleResult(QueryImpl.java:316)
	at org.springframework.data.jpa.repository.query.JpaQueryExecution$SingleEntityExecution.doExecute(JpaQueryExecution.java:210)
	at org.springframework.data.jpa.repository.query.JpaQueryExecution.execute(JpaQueryExecution.java:89)
	at org.springframework.data.jpa.repository.query.AbstractJpaQuery.doExecute(AbstractJpaQuery.java:126)
	at org.springframework.data.jpa.repository.query.AbstractJpaQuery.execute(AbstractJpaQuery.java:116)
	at org.springframework.data.repository.core.support.RepositoryFactorySupport$QueryExecutorMethodInterceptor.doInvoke(RepositoryFactorySupport.java:494)
	at org.springframework.data.repository.core.support.RepositoryFactorySupport$QueryExecutorMethodInterceptor.invoke(RepositoryFactorySupport.java:477)
	at org.springframework.aop.framework.ReflectiveMethodInvocation.proceed(ReflectiveMethodInvocation.java:179)
	at org.springframework.data.projection.DefaultMethodInvokingMethodInterceptor.invoke(DefaultMethodInvokingMethodInterceptor.java:56)
	at org.springframework.aop.framework.ReflectiveMethodInvocation.proceed(ReflectiveMethodInvocation.java:179)
	at org.springframework.transaction.interceptor.TransactionInterceptor$1.proceedWithInvocation(TransactionInterceptor.java:99)
	at org.springframework.transaction.interceptor.TransactionAspectSupport.invokeWithinTransaction(TransactionAspectSupport.java:283)
	at org.springframework.transaction.interceptor.TransactionInterceptor.invoke(TransactionInterceptor.java:96)
	at org.springframework.aop.framework.ReflectiveMethodInvocation.proceed(ReflectiveMethodInvocation.java:179)
	at org.springframework.dao.support.PersistenceExceptionTranslationInterceptor.invoke(PersistenceExceptionTranslationInterceptor.java:136)
	... 103 more
Caused by: org.hibernate.TransientPropertyValueException: object references an unsaved transient instance - save the transient instance before flushing: org.isf.medicalstock.model.Movement.lot -> org.isf.medicalstock.model.Lot
	at org.hibernate.engine.spi.CascadingAction$8.noCascade(CascadingAction.java:380)
	at org.hibernate.engine.internal.Cascade.cascade(Cascade.java:175)
	at org.hibernate.event.internal.AbstractFlushingEventListener.cascadeOnFlush(AbstractFlushingEventListener.java:165)
	at org.hibernate.event.internal.AbstractFlushingEventListener.prepareEntityFlushes(AbstractFlushingEventListener.java:156)
	at org.hibernate.event.internal.AbstractFlushingEventListener.flushEverythingToExecutions(AbstractFlushingEventListener.java:89)
	at org.hibernate.event.internal.DefaultAutoFlushEventListener.onAutoFlush(DefaultAutoFlushEventListener.java:61)
	at org.hibernate.internal.SessionImpl.autoFlushIfRequired(SessionImpl.java:1130)
	at org.hibernate.internal.SessionImpl.list(SessionImpl.java:1187)
	at org.hibernate.internal.QueryImpl.list(QueryImpl.java:101)
	at org.hibernate.ejb.QueryImpl.getSingleResult(QueryImpl.java:287)
	... 117 more
[05/jul/2024 13:43:34] [:] INFO - Rolled back transaction for test: [DefaultTestContext@329af9b1 testClass = Tests, testInstance = org.isf.medicalstock.test.Tests@5ac7ec8b, testMethod = testMgrValidateLotCodeTooLong@Tests, testException = [null], mergedContextConfiguration = [MergedContextConfiguration@7535554e testClass = Tests, locations = '{classpath:applicationContext.xml, classpath:applicationContext.xml}', classes = '{}', contextInitializerClasses = '[]', activeProfiles = '{}', propertySourceLocations = '{}', propertySourceProperties = '{}', contextCustomizers = set[org.springframework.boot.test.context.filter.ExcludeFilterContextCustomizer@255b53dc, org.springframework.boot.test.json.DuplicateJsonObjectContextCustomizerFactory$DuplicateJsonObjectContextCustomizer@64d2d351, org.springframework.boot.test.mock.mockito.MockitoContextCustomizer@0, org.springframework.boot.test.autoconfigure.properties.PropertyMappingContextCustomizer@0, org.springframework.boot.test.autoconfigure.web.servlet.WebDriverContextCustomizerFactory$Customizer@52aa2946], contextLoader = 'org.springframework.test.context.support.DelegatingSmartContextLoader', parent = [null]]]
]]></system-out>
  </testcase>
  <testcase name="testIoNewAutomaticDischargingMovementLotQuantityLessMovementQuantity[Test with AUTOMATICLOT_IN=true, AUTOMATICLOT_OUT=false, AUTOMATICLOTWARD_TOWARD=false]" classname="org.isf.medicalstock.test.Tests" time="0.013">
    <system-out><![CDATA[[05/jul/2024 13:43:34] [:] INFO - Began transaction (1) for test context [DefaultTestContext@329af9b1 testClass = Tests, testInstance = org.isf.medicalstock.test.Tests@35fd895a, testMethod = testIoNewAutomaticDischargingMovementLotQuantityLessMovementQuantity@Tests, testException = [null], mergedContextConfiguration = [MergedContextConfiguration@7535554e testClass = Tests, locations = '{classpath:applicationContext.xml, classpath:applicationContext.xml}', classes = '{}', contextInitializerClasses = '[]', activeProfiles = '{}', propertySourceLocations = '{}', propertySourceProperties = '{}', contextCustomizers = set[org.springframework.boot.test.context.filter.ExcludeFilterContextCustomizer@255b53dc, org.springframework.boot.test.json.DuplicateJsonObjectContextCustomizerFactory$DuplicateJsonObjectContextCustomizer@64d2d351, org.springframework.boot.test.mock.mockito.MockitoContextCustomizer@0, org.springframework.boot.test.autoconfigure.properties.PropertyMappingContextCustomizer@0, org.springframework.boot.test.autoconfigure.web.servlet.WebDriverContextCustomizerFactory$Customizer@52aa2946], contextLoader = 'org.springframework.test.context.support.DelegatingSmartContextLoader', parent = [null]]]; transaction manager [org.springframework.orm.jpa.JpaTransactionManager@4ece2750]; rollback [true]
[05/jul/2024 13:43:34] [:] INFO - Rolled back transaction for test: [DefaultTestContext@329af9b1 testClass = Tests, testInstance = org.isf.medicalstock.test.Tests@35fd895a, testMethod = testIoNewAutomaticDischargingMovementLotQuantityLessMovementQuantity@Tests, testException = [null], mergedContextConfiguration = [MergedContextConfiguration@7535554e testClass = Tests, locations = '{classpath:applicationContext.xml, classpath:applicationContext.xml}', classes = '{}', contextInitializerClasses = '[]', activeProfiles = '{}', propertySourceLocations = '{}', propertySourceProperties = '{}', contextCustomizers = set[org.springframework.boot.test.context.filter.ExcludeFilterContextCustomizer@255b53dc, org.springframework.boot.test.json.DuplicateJsonObjectContextCustomizerFactory$DuplicateJsonObjectContextCustomizer@64d2d351, org.springframework.boot.test.mock.mockito.MockitoContextCustomizer@0, org.springframework.boot.test.autoconfigure.properties.PropertyMappingContextCustomizer@0, org.springframework.boot.test.autoconfigure.web.servlet.WebDriverContextCustomizerFactory$Customizer@52aa2946], contextLoader = 'org.springframework.test.context.support.DelegatingSmartContextLoader', parent = [null]]]
]]></system-out>
  </testcase>
  <testcase name="testIoNewMovementOutGoingLots[Test with AUTOMATICLOT_IN=true, AUTOMATICLOT_OUT=false, AUTOMATICLOTWARD_TOWARD=false]" classname="org.isf.medicalstock.test.Tests" time="0.016">
    <system-out><![CDATA[[05/jul/2024 13:43:34] [:] INFO - Began transaction (1) for test context [DefaultTestContext@329af9b1 testClass = Tests, testInstance = org.isf.medicalstock.test.Tests@2a719cb9, testMethod = testIoNewMovementOutGoingLots@Tests, testException = [null], mergedContextConfiguration = [MergedContextConfiguration@7535554e testClass = Tests, locations = '{classpath:applicationContext.xml, classpath:applicationContext.xml}', classes = '{}', contextInitializerClasses = '[]', activeProfiles = '{}', propertySourceLocations = '{}', propertySourceProperties = '{}', contextCustomizers = set[org.springframework.boot.test.context.filter.ExcludeFilterContextCustomizer@255b53dc, org.springframework.boot.test.json.DuplicateJsonObjectContextCustomizerFactory$DuplicateJsonObjectContextCustomizer@64d2d351, org.springframework.boot.test.mock.mockito.MockitoContextCustomizer@0, org.springframework.boot.test.autoconfigure.properties.PropertyMappingContextCustomizer@0, org.springframework.boot.test.autoconfigure.web.servlet.WebDriverContextCustomizerFactory$Customizer@52aa2946], contextLoader = 'org.springframework.test.context.support.DelegatingSmartContextLoader', parent = [null]]]; transaction manager [org.springframework.orm.jpa.JpaTransactionManager@4ece2750]; rollback [true]
[05/jul/2024 13:43:34] [:] INFO - Rolled back transaction for test: [DefaultTestContext@329af9b1 testClass = Tests, testInstance = org.isf.medicalstock.test.Tests@2a719cb9, testMethod = testIoNewMovementOutGoingLots@Tests, testException = [null], mergedContextConfiguration = [MergedContextConfiguration@7535554e testClass = Tests, locations = '{classpath:applicationContext.xml, classpath:applicationContext.xml}', classes = '{}', contextInitializerClasses = '[]', activeProfiles = '{}', propertySourceLocations = '{}', propertySourceProperties = '{}', contextCustomizers = set[org.springframework.boot.test.context.filter.ExcludeFilterContextCustomizer@255b53dc, org.springframework.boot.test.json.DuplicateJsonObjectContextCustomizerFactory$DuplicateJsonObjectContextCustomizer@64d2d351, org.springframework.boot.test.mock.mockito.MockitoContextCustomizer@0, org.springframework.boot.test.autoconfigure.properties.PropertyMappingContextCustomizer@0, org.springframework.boot.test.autoconfigure.web.servlet.WebDriverContextCustomizerFactory$Customizer@52aa2946], contextLoader = 'org.springframework.test.context.support.DelegatingSmartContextLoader', parent = [null]]]
]]></system-out>
  </testcase>
  <testcase name="testIoGetMedicalsFromLot[Test with AUTOMATICLOT_IN=true, AUTOMATICLOT_OUT=false, AUTOMATICLOTWARD_TOWARD=false]" classname="org.isf.medicalstock.test.Tests" time="0.009">
    <system-out><![CDATA[[05/jul/2024 13:43:34] [:] INFO - Began transaction (1) for test context [DefaultTestContext@329af9b1 testClass = Tests, testInstance = org.isf.medicalstock.test.Tests@622782d0, testMethod = testIoGetMedicalsFromLot@Tests, testException = [null], mergedContextConfiguration = [MergedContextConfiguration@7535554e testClass = Tests, locations = '{classpath:applicationContext.xml, classpath:applicationContext.xml}', classes = '{}', contextInitializerClasses = '[]', activeProfiles = '{}', propertySourceLocations = '{}', propertySourceProperties = '{}', contextCustomizers = set[org.springframework.boot.test.context.filter.ExcludeFilterContextCustomizer@255b53dc, org.springframework.boot.test.json.DuplicateJsonObjectContextCustomizerFactory$DuplicateJsonObjectContextCustomizer@64d2d351, org.springframework.boot.test.mock.mockito.MockitoContextCustomizer@0, org.springframework.boot.test.autoconfigure.properties.PropertyMappingContextCustomizer@0, org.springframework.boot.test.autoconfigure.web.servlet.WebDriverContextCustomizerFactory$Customizer@52aa2946], contextLoader = 'org.springframework.test.context.support.DelegatingSmartContextLoader', parent = [null]]]; transaction manager [org.springframework.orm.jpa.JpaTransactionManager@4ece2750]; rollback [true]
[05/jul/2024 13:43:34] [:] INFO - Rolled back transaction for test: [DefaultTestContext@329af9b1 testClass = Tests, testInstance = org.isf.medicalstock.test.Tests@622782d0, testMethod = testIoGetMedicalsFromLot@Tests, testException = [null], mergedContextConfiguration = [MergedContextConfiguration@7535554e testClass = Tests, locations = '{classpath:applicationContext.xml, classpath:applicationContext.xml}', classes = '{}', contextInitializerClasses = '[]', activeProfiles = '{}', propertySourceLocations = '{}', propertySourceProperties = '{}', contextCustomizers = set[org.springframework.boot.test.context.filter.ExcludeFilterContextCustomizer@255b53dc, org.springframework.boot.test.json.DuplicateJsonObjectContextCustomizerFactory$DuplicateJsonObjectContextCustomizer@64d2d351, org.springframework.boot.test.mock.mockito.MockitoContextCustomizer@0, org.springframework.boot.test.autoconfigure.properties.PropertyMappingContextCustomizer@0, org.springframework.boot.test.autoconfigure.web.servlet.WebDriverContextCustomizerFactory$Customizer@52aa2946], contextLoader = 'org.springframework.test.context.support.DelegatingSmartContextLoader', parent = [null]]]
]]></system-out>
  </testcase>
  <testcase name="testMgrGetMovementsWithParameters[Test with AUTOMATICLOT_IN=true, AUTOMATICLOT_OUT=false, AUTOMATICLOTWARD_TOWARD=false]" classname="org.isf.medicalstock.test.Tests" time="0.015">
    <system-out><![CDATA[[05/jul/2024 13:43:34] [:] INFO - Began transaction (1) for test context [DefaultTestContext@329af9b1 testClass = Tests, testInstance = org.isf.medicalstock.test.Tests@bb3d87, testMethod = testMgrGetMovementsWithParameters@Tests, testException = [null], mergedContextConfiguration = [MergedContextConfiguration@7535554e testClass = Tests, locations = '{classpath:applicationContext.xml, classpath:applicationContext.xml}', classes = '{}', contextInitializerClasses = '[]', activeProfiles = '{}', propertySourceLocations = '{}', propertySourceProperties = '{}', contextCustomizers = set[org.springframework.boot.test.context.filter.ExcludeFilterContextCustomizer@255b53dc, org.springframework.boot.test.json.DuplicateJsonObjectContextCustomizerFactory$DuplicateJsonObjectContextCustomizer@64d2d351, org.springframework.boot.test.mock.mockito.MockitoContextCustomizer@0, org.springframework.boot.test.autoconfigure.properties.PropertyMappingContextCustomizer@0, org.springframework.boot.test.autoconfigure.web.servlet.WebDriverContextCustomizerFactory$Customizer@52aa2946], contextLoader = 'org.springframework.test.context.support.DelegatingSmartContextLoader', parent = [null]]]; transaction manager [org.springframework.orm.jpa.JpaTransactionManager@4ece2750]; rollback [true]
[05/jul/2024 13:43:34] [:] INFO - Rolled back transaction for test: [DefaultTestContext@329af9b1 testClass = Tests, testInstance = org.isf.medicalstock.test.Tests@bb3d87, testMethod = testMgrGetMovementsWithParameters@Tests, testException = [null], mergedContextConfiguration = [MergedContextConfiguration@7535554e testClass = Tests, locations = '{classpath:applicationContext.xml, classpath:applicationContext.xml}', classes = '{}', contextInitializerClasses = '[]', activeProfiles = '{}', propertySourceLocations = '{}', propertySourceProperties = '{}', contextCustomizers = set[org.springframework.boot.test.context.filter.ExcludeFilterContextCustomizer@255b53dc, org.springframework.boot.test.json.DuplicateJsonObjectContextCustomizerFactory$DuplicateJsonObjectContextCustomizer@64d2d351, org.springframework.boot.test.mock.mockito.MockitoContextCustomizer@0, org.springframework.boot.test.autoconfigure.properties.PropertyMappingContextCustomizer@0, org.springframework.boot.test.autoconfigure.web.servlet.WebDriverContextCustomizerFactory$Customizer@52aa2946], contextLoader = 'org.springframework.test.context.support.DelegatingSmartContextLoader', parent = [null]]]
]]></system-out>
  </testcase>
  <testcase name="testMgrRefNoExists[Test with AUTOMATICLOT_IN=true, AUTOMATICLOT_OUT=false, AUTOMATICLOTWARD_TOWARD=false]" classname="org.isf.medicalstock.test.Tests" time="0.012">
    <system-out><![CDATA[[05/jul/2024 13:43:34] [:] INFO - Began transaction (1) for test context [DefaultTestContext@329af9b1 testClass = Tests, testInstance = org.isf.medicalstock.test.Tests@6528437a, testMethod = testMgrRefNoExists@Tests, testException = [null], mergedContextConfiguration = [MergedContextConfiguration@7535554e testClass = Tests, locations = '{classpath:applicationContext.xml, classpath:applicationContext.xml}', classes = '{}', contextInitializerClasses = '[]', activeProfiles = '{}', propertySourceLocations = '{}', propertySourceProperties = '{}', contextCustomizers = set[org.springframework.boot.test.context.filter.ExcludeFilterContextCustomizer@255b53dc, org.springframework.boot.test.json.DuplicateJsonObjectContextCustomizerFactory$DuplicateJsonObjectContextCustomizer@64d2d351, org.springframework.boot.test.mock.mockito.MockitoContextCustomizer@0, org.springframework.boot.test.autoconfigure.properties.PropertyMappingContextCustomizer@0, org.springframework.boot.test.autoconfigure.web.servlet.WebDriverContextCustomizerFactory$Customizer@52aa2946], contextLoader = 'org.springframework.test.context.support.DelegatingSmartContextLoader', parent = [null]]]; transaction manager [org.springframework.orm.jpa.JpaTransactionManager@4ece2750]; rollback [true]
[05/jul/2024 13:43:34] [:] INFO - Rolled back transaction for test: [DefaultTestContext@329af9b1 testClass = Tests, testInstance = org.isf.medicalstock.test.Tests@6528437a, testMethod = testMgrRefNoExists@Tests, testException = [null], mergedContextConfiguration = [MergedContextConfiguration@7535554e testClass = Tests, locations = '{classpath:applicationContext.xml, classpath:applicationContext.xml}', classes = '{}', contextInitializerClasses = '[]', activeProfiles = '{}', propertySourceLocations = '{}', propertySourceProperties = '{}', contextCustomizers = set[org.springframework.boot.test.context.filter.ExcludeFilterContextCustomizer@255b53dc, org.springframework.boot.test.json.DuplicateJsonObjectContextCustomizerFactory$DuplicateJsonObjectContextCustomizer@64d2d351, org.springframework.boot.test.mock.mockito.MockitoContextCustomizer@0, org.springframework.boot.test.autoconfigure.properties.PropertyMappingContextCustomizer@0, org.springframework.boot.test.autoconfigure.web.servlet.WebDriverContextCustomizerFactory$Customizer@52aa2946], contextLoader = 'org.springframework.test.context.support.DelegatingSmartContextLoader', parent = [null]]]
]]></system-out>
  </testcase>
  <testcase name="testMgrValidateMovementDateBeforeLastDate[Test with AUTOMATICLOT_IN=true, AUTOMATICLOT_OUT=false, AUTOMATICLOTWARD_TOWARD=false]" classname="org.isf.medicalstock.test.Tests" time="0.012">
    <system-out><![CDATA[[05/jul/2024 13:43:34] [:] INFO - Began transaction (1) for test context [DefaultTestContext@329af9b1 testClass = Tests, testInstance = org.isf.medicalstock.test.Tests@1e850855, testMethod = testMgrValidateMovementDateBeforeLastDate@Tests, testException = [null], mergedContextConfiguration = [MergedContextConfiguration@7535554e testClass = Tests, locations = '{classpath:applicationContext.xml, classpath:applicationContext.xml}', classes = '{}', contextInitializerClasses = '[]', activeProfiles = '{}', propertySourceLocations = '{}', propertySourceProperties = '{}', contextCustomizers = set[org.springframework.boot.test.context.filter.ExcludeFilterContextCustomizer@255b53dc, org.springframework.boot.test.json.DuplicateJsonObjectContextCustomizerFactory$DuplicateJsonObjectContextCustomizer@64d2d351, org.springframework.boot.test.mock.mockito.MockitoContextCustomizer@0, org.springframework.boot.test.autoconfigure.properties.PropertyMappingContextCustomizer@0, org.springframework.boot.test.autoconfigure.web.servlet.WebDriverContextCustomizerFactory$Customizer@52aa2946], contextLoader = 'org.springframework.test.context.support.DelegatingSmartContextLoader', parent = [null]]]; transaction manager [org.springframework.orm.jpa.JpaTransactionManager@4ece2750]; rollback [true]
[05/jul/2024 13:43:34] [:] INFO - Rolled back transaction for test: [DefaultTestContext@329af9b1 testClass = Tests, testInstance = org.isf.medicalstock.test.Tests@1e850855, testMethod = testMgrValidateMovementDateBeforeLastDate@Tests, testException = [null], mergedContextConfiguration = [MergedContextConfiguration@7535554e testClass = Tests, locations = '{classpath:applicationContext.xml, classpath:applicationContext.xml}', classes = '{}', contextInitializerClasses = '[]', activeProfiles = '{}', propertySourceLocations = '{}', propertySourceProperties = '{}', contextCustomizers = set[org.springframework.boot.test.context.filter.ExcludeFilterContextCustomizer@255b53dc, org.springframework.boot.test.json.DuplicateJsonObjectContextCustomizerFactory$DuplicateJsonObjectContextCustomizer@64d2d351, org.springframework.boot.test.mock.mockito.MockitoContextCustomizer@0, org.springframework.boot.test.autoconfigure.properties.PropertyMappingContextCustomizer@0, org.springframework.boot.test.autoconfigure.web.servlet.WebDriverContextCustomizerFactory$Customizer@52aa2946], contextLoader = 'org.springframework.test.context.support.DelegatingSmartContextLoader', parent = [null]]]
]]></system-out>
  </testcase>
  <testcase name="testMgrPrepareChargingMovementBadRefNumber[Test with AUTOMATICLOT_IN=true, AUTOMATICLOT_OUT=false, AUTOMATICLOTWARD_TOWARD=true]" classname="org.isf.medicalstock.test.Tests" time="0.012">
    <system-out><![CDATA[[05/jul/2024 13:43:34] [:] INFO - Began transaction (1) for test context [DefaultTestContext@329af9b1 testClass = Tests, testInstance = org.isf.medicalstock.test.Tests@7b01f571, testMethod = testMgrPrepareChargingMovementBadRefNumber@Tests, testException = [null], mergedContextConfiguration = [MergedContextConfiguration@7535554e testClass = Tests, locations = '{classpath:applicationContext.xml, classpath:applicationContext.xml}', classes = '{}', contextInitializerClasses = '[]', activeProfiles = '{}', propertySourceLocations = '{}', propertySourceProperties = '{}', contextCustomizers = set[org.springframework.boot.test.context.filter.ExcludeFilterContextCustomizer@255b53dc, org.springframework.boot.test.json.DuplicateJsonObjectContextCustomizerFactory$DuplicateJsonObjectContextCustomizer@64d2d351, org.springframework.boot.test.mock.mockito.MockitoContextCustomizer@0, org.springframework.boot.test.autoconfigure.properties.PropertyMappingContextCustomizer@0, org.springframework.boot.test.autoconfigure.web.servlet.WebDriverContextCustomizerFactory$Customizer@52aa2946], contextLoader = 'org.springframework.test.context.support.DelegatingSmartContextLoader', parent = [null]]]; transaction manager [org.springframework.orm.jpa.JpaTransactionManager@4ece2750]; rollback [true]
[05/jul/2024 13:43:34] [:] INFO - Rolled back transaction for test: [DefaultTestContext@329af9b1 testClass = Tests, testInstance = org.isf.medicalstock.test.Tests@7b01f571, testMethod = testMgrPrepareChargingMovementBadRefNumber@Tests, testException = [null], mergedContextConfiguration = [MergedContextConfiguration@7535554e testClass = Tests, locations = '{classpath:applicationContext.xml, classpath:applicationContext.xml}', classes = '{}', contextInitializerClasses = '[]', activeProfiles = '{}', propertySourceLocations = '{}', propertySourceProperties = '{}', contextCustomizers = set[org.springframework.boot.test.context.filter.ExcludeFilterContextCustomizer@255b53dc, org.springframework.boot.test.json.DuplicateJsonObjectContextCustomizerFactory$DuplicateJsonObjectContextCustomizer@64d2d351, org.springframework.boot.test.mock.mockito.MockitoContextCustomizer@0, org.springframework.boot.test.autoconfigure.properties.PropertyMappingContextCustomizer@0, org.springframework.boot.test.autoconfigure.web.servlet.WebDriverContextCustomizerFactory$Customizer@52aa2946], contextLoader = 'org.springframework.test.context.support.DelegatingSmartContextLoader', parent = [null]]]
]]></system-out>
  </testcase>
  <testcase name="testMgrValidateLotWithCostZero[Test with AUTOMATICLOT_IN=true, AUTOMATICLOT_OUT=false, AUTOMATICLOTWARD_TOWARD=true]" classname="org.isf.medicalstock.test.Tests" time="0.013">
    <system-out><![CDATA[[05/jul/2024 13:43:34] [:] INFO - Began transaction (1) for test context [DefaultTestContext@329af9b1 testClass = Tests, testInstance = org.isf.medicalstock.test.Tests@2f1ddfa, testMethod = testMgrValidateLotWithCostZero@Tests, testException = [null], mergedContextConfiguration = [MergedContextConfiguration@7535554e testClass = Tests, locations = '{classpath:applicationContext.xml, classpath:applicationContext.xml}', classes = '{}', contextInitializerClasses = '[]', activeProfiles = '{}', propertySourceLocations = '{}', propertySourceProperties = '{}', contextCustomizers = set[org.springframework.boot.test.context.filter.ExcludeFilterContextCustomizer@255b53dc, org.springframework.boot.test.json.DuplicateJsonObjectContextCustomizerFactory$DuplicateJsonObjectContextCustomizer@64d2d351, org.springframework.boot.test.mock.mockito.MockitoContextCustomizer@0, org.springframework.boot.test.autoconfigure.properties.PropertyMappingContextCustomizer@0, org.springframework.boot.test.autoconfigure.web.servlet.WebDriverContextCustomizerFactory$Customizer@52aa2946], contextLoader = 'org.springframework.test.context.support.DelegatingSmartContextLoader', parent = [null]]]; transaction manager [org.springframework.orm.jpa.JpaTransactionManager@4ece2750]; rollback [true]
[05/jul/2024 13:43:34] [:] INFO - Rolled back transaction for test: [DefaultTestContext@329af9b1 testClass = Tests, testInstance = org.isf.medicalstock.test.Tests@2f1ddfa, testMethod = testMgrValidateLotWithCostZero@Tests, testException = [null], mergedContextConfiguration = [MergedContextConfiguration@7535554e testClass = Tests, locations = '{classpath:applicationContext.xml, classpath:applicationContext.xml}', classes = '{}', contextInitializerClasses = '[]', activeProfiles = '{}', propertySourceLocations = '{}', propertySourceProperties = '{}', contextCustomizers = set[org.springframework.boot.test.context.filter.ExcludeFilterContextCustomizer@255b53dc, org.springframework.boot.test.json.DuplicateJsonObjectContextCustomizerFactory$DuplicateJsonObjectContextCustomizer@64d2d351, org.springframework.boot.test.mock.mockito.MockitoContextCustomizer@0, org.springframework.boot.test.autoconfigure.properties.PropertyMappingContextCustomizer@0, org.springframework.boot.test.autoconfigure.web.servlet.WebDriverContextCustomizerFactory$Customizer@52aa2946], contextLoader = 'org.springframework.test.context.support.DelegatingSmartContextLoader', parent = [null]]]
]]></system-out>
  </testcase>
  <testcase name="testMgrPrepareChargingMovement[Test with AUTOMATICLOT_IN=true, AUTOMATICLOT_OUT=false, AUTOMATICLOTWARD_TOWARD=true]" classname="org.isf.medicalstock.test.Tests" time="0.019">
    <system-out><![CDATA[[05/jul/2024 13:43:34] [:] INFO - Began transaction (1) for test context [DefaultTestContext@329af9b1 testClass = Tests, testInstance = org.isf.medicalstock.test.Tests@6905d934, testMethod = testMgrPrepareChargingMovement@Tests, testException = [null], mergedContextConfiguration = [MergedContextConfiguration@7535554e testClass = Tests, locations = '{classpath:applicationContext.xml, classpath:applicationContext.xml}', classes = '{}', contextInitializerClasses = '[]', activeProfiles = '{}', propertySourceLocations = '{}', propertySourceProperties = '{}', contextCustomizers = set[org.springframework.boot.test.context.filter.ExcludeFilterContextCustomizer@255b53dc, org.springframework.boot.test.json.DuplicateJsonObjectContextCustomizerFactory$DuplicateJsonObjectContextCustomizer@64d2d351, org.springframework.boot.test.mock.mockito.MockitoContextCustomizer@0, org.springframework.boot.test.autoconfigure.properties.PropertyMappingContextCustomizer@0, org.springframework.boot.test.autoconfigure.web.servlet.WebDriverContextCustomizerFactory$Customizer@52aa2946], contextLoader = 'org.springframework.test.context.support.DelegatingSmartContextLoader', parent = [null]]]; transaction manager [org.springframework.orm.jpa.JpaTransactionManager@4ece2750]; rollback [true]
[05/jul/2024 13:43:34] [:] INFO - Rolled back transaction for test: [DefaultTestContext@329af9b1 testClass = Tests, testInstance = org.isf.medicalstock.test.Tests@6905d934, testMethod = testMgrPrepareChargingMovement@Tests, testException = [null], mergedContextConfiguration = [MergedContextConfiguration@7535554e testClass = Tests, locations = '{classpath:applicationContext.xml, classpath:applicationContext.xml}', classes = '{}', contextInitializerClasses = '[]', activeProfiles = '{}', propertySourceLocations = '{}', propertySourceProperties = '{}', contextCustomizers = set[org.springframework.boot.test.context.filter.ExcludeFilterContextCustomizer@255b53dc, org.springframework.boot.test.json.DuplicateJsonObjectContextCustomizerFactory$DuplicateJsonObjectContextCustomizer@64d2d351, org.springframework.boot.test.mock.mockito.MockitoContextCustomizer@0, org.springframework.boot.test.autoconfigure.properties.PropertyMappingContextCustomizer@0, org.springframework.boot.test.autoconfigure.web.servlet.WebDriverContextCustomizerFactory$Customizer@52aa2946], contextLoader = 'org.springframework.test.context.support.DelegatingSmartContextLoader', parent = [null]]]
]]></system-out>
  </testcase>
  <testcase name="testMgrGetMovementsByReference[Test with AUTOMATICLOT_IN=true, AUTOMATICLOT_OUT=false, AUTOMATICLOTWARD_TOWARD=true]" classname="org.isf.medicalstock.test.Tests" time="0.016">
    <system-out><![CDATA[[05/jul/2024 13:43:34] [:] INFO - Began transaction (1) for test context [DefaultTestContext@329af9b1 testClass = Tests, testInstance = org.isf.medicalstock.test.Tests@3e13c915, testMethod = testMgrGetMovementsByReference@Tests, testException = [null], mergedContextConfiguration = [MergedContextConfiguration@7535554e testClass = Tests, locations = '{classpath:applicationContext.xml, classpath:applicationContext.xml}', classes = '{}', contextInitializerClasses = '[]', activeProfiles = '{}', propertySourceLocations = '{}', propertySourceProperties = '{}', contextCustomizers = set[org.springframework.boot.test.context.filter.ExcludeFilterContextCustomizer@255b53dc, org.springframework.boot.test.json.DuplicateJsonObjectContextCustomizerFactory$DuplicateJsonObjectContextCustomizer@64d2d351, org.springframework.boot.test.mock.mockito.MockitoContextCustomizer@0, org.springframework.boot.test.autoconfigure.properties.PropertyMappingContextCustomizer@0, org.springframework.boot.test.autoconfigure.web.servlet.WebDriverContextCustomizerFactory$Customizer@52aa2946], contextLoader = 'org.springframework.test.context.support.DelegatingSmartContextLoader', parent = [null]]]; transaction manager [org.springframework.orm.jpa.JpaTransactionManager@4ece2750]; rollback [true]
[05/jul/2024 13:43:34] [:] INFO - Rolled back transaction for test: [DefaultTestContext@329af9b1 testClass = Tests, testInstance = org.isf.medicalstock.test.Tests@3e13c915, testMethod = testMgrGetMovementsByReference@Tests, testException = [null], mergedContextConfiguration = [MergedContextConfiguration@7535554e testClass = Tests, locations = '{classpath:applicationContext.xml, classpath:applicationContext.xml}', classes = '{}', contextInitializerClasses = '[]', activeProfiles = '{}', propertySourceLocations = '{}', propertySourceProperties = '{}', contextCustomizers = set[org.springframework.boot.test.context.filter.ExcludeFilterContextCustomizer@255b53dc, org.springframework.boot.test.json.DuplicateJsonObjectContextCustomizerFactory$DuplicateJsonObjectContextCustomizer@64d2d351, org.springframework.boot.test.mock.mockito.MockitoContextCustomizer@0, org.springframework.boot.test.autoconfigure.properties.PropertyMappingContextCustomizer@0, org.springframework.boot.test.autoconfigure.web.servlet.WebDriverContextCustomizerFactory$Customizer@52aa2946], contextLoader = 'org.springframework.test.context.support.DelegatingSmartContextLoader', parent = [null]]]
]]></system-out>
  </testcase>
  <testcase name="testIoGetMovementsWihAllParameters[Test with AUTOMATICLOT_IN=true, AUTOMATICLOT_OUT=false, AUTOMATICLOTWARD_TOWARD=true]" classname="org.isf.medicalstock.test.Tests" time="0.014">
    <system-out><![CDATA[[05/jul/2024 13:43:34] [:] INFO - Began transaction (1) for test context [DefaultTestContext@329af9b1 testClass = Tests, testInstance = org.isf.medicalstock.test.Tests@16f8b56c, testMethod = testIoGetMovementsWihAllParameters@Tests, testException = [null], mergedContextConfiguration = [MergedContextConfiguration@7535554e testClass = Tests, locations = '{classpath:applicationContext.xml, classpath:applicationContext.xml}', classes = '{}', contextInitializerClasses = '[]', activeProfiles = '{}', propertySourceLocations = '{}', propertySourceProperties = '{}', contextCustomizers = set[org.springframework.boot.test.context.filter.ExcludeFilterContextCustomizer@255b53dc, org.springframework.boot.test.json.DuplicateJsonObjectContextCustomizerFactory$DuplicateJsonObjectContextCustomizer@64d2d351, org.springframework.boot.test.mock.mockito.MockitoContextCustomizer@0, org.springframework.boot.test.autoconfigure.properties.PropertyMappingContextCustomizer@0, org.springframework.boot.test.autoconfigure.web.servlet.WebDriverContextCustomizerFactory$Customizer@52aa2946], contextLoader = 'org.springframework.test.context.support.DelegatingSmartContextLoader', parent = [null]]]; transaction manager [org.springframework.orm.jpa.JpaTransactionManager@4ece2750]; rollback [true]
[05/jul/2024 13:43:34] [:] INFO - Rolled back transaction for test: [DefaultTestContext@329af9b1 testClass = Tests, testInstance = org.isf.medicalstock.test.Tests@16f8b56c, testMethod = testIoGetMovementsWihAllParameters@Tests, testException = [null], mergedContextConfiguration = [MergedContextConfiguration@7535554e testClass = Tests, locations = '{classpath:applicationContext.xml, classpath:applicationContext.xml}', classes = '{}', contextInitializerClasses = '[]', activeProfiles = '{}', propertySourceLocations = '{}', propertySourceProperties = '{}', contextCustomizers = set[org.springframework.boot.test.context.filter.ExcludeFilterContextCustomizer@255b53dc, org.springframework.boot.test.json.DuplicateJsonObjectContextCustomizerFactory$DuplicateJsonObjectContextCustomizer@64d2d351, org.springframework.boot.test.mock.mockito.MockitoContextCustomizer@0, org.springframework.boot.test.autoconfigure.properties.PropertyMappingContextCustomizer@0, org.springframework.boot.test.autoconfigure.web.servlet.WebDriverContextCustomizerFactory$Customizer@52aa2946], contextLoader = 'org.springframework.test.context.support.DelegatingSmartContextLoader', parent = [null]]]
]]></system-out>
  </testcase>
  <testcase name="testMgrAlertCriticalQuantityOverLimit[Test with AUTOMATICLOT_IN=true, AUTOMATICLOT_OUT=false, AUTOMATICLOTWARD_TOWARD=true]" classname="org.isf.medicalstock.test.Tests" time="0.011">
    <system-out><![CDATA[[05/jul/2024 13:43:34] [:] INFO - Began transaction (1) for test context [DefaultTestContext@329af9b1 testClass = Tests, testInstance = org.isf.medicalstock.test.Tests@70e870de, testMethod = testMgrAlertCriticalQuantityOverLimit@Tests, testException = [null], mergedContextConfiguration = [MergedContextConfiguration@7535554e testClass = Tests, locations = '{classpath:applicationContext.xml, classpath:applicationContext.xml}', classes = '{}', contextInitializerClasses = '[]', activeProfiles = '{}', propertySourceLocations = '{}', propertySourceProperties = '{}', contextCustomizers = set[org.springframework.boot.test.context.filter.ExcludeFilterContextCustomizer@255b53dc, org.springframework.boot.test.json.DuplicateJsonObjectContextCustomizerFactory$DuplicateJsonObjectContextCustomizer@64d2d351, org.springframework.boot.test.mock.mockito.MockitoContextCustomizer@0, org.springframework.boot.test.autoconfigure.properties.PropertyMappingContextCustomizer@0, org.springframework.boot.test.autoconfigure.web.servlet.WebDriverContextCustomizerFactory$Customizer@52aa2946], contextLoader = 'org.springframework.test.context.support.DelegatingSmartContextLoader', parent = [null]]]; transaction manager [org.springframework.orm.jpa.JpaTransactionManager@4ece2750]; rollback [true]
[05/jul/2024 13:43:34] [:] INFO - Rolled back transaction for test: [DefaultTestContext@329af9b1 testClass = Tests, testInstance = org.isf.medicalstock.test.Tests@70e870de, testMethod = testMgrAlertCriticalQuantityOverLimit@Tests, testException = [null], mergedContextConfiguration = [MergedContextConfiguration@7535554e testClass = Tests, locations = '{classpath:applicationContext.xml, classpath:applicationContext.xml}', classes = '{}', contextInitializerClasses = '[]', activeProfiles = '{}', propertySourceLocations = '{}', propertySourceProperties = '{}', contextCustomizers = set[org.springframework.boot.test.context.filter.ExcludeFilterContextCustomizer@255b53dc, org.springframework.boot.test.json.DuplicateJsonObjectContextCustomizerFactory$DuplicateJsonObjectContextCustomizer@64d2d351, org.springframework.boot.test.mock.mockito.MockitoContextCustomizer@0, org.springframework.boot.test.autoconfigure.properties.PropertyMappingContextCustomizer@0, org.springframework.boot.test.autoconfigure.web.servlet.WebDriverContextCustomizerFactory$Customizer@52aa2946], contextLoader = 'org.springframework.test.context.support.DelegatingSmartContextLoader', parent = [null]]]
]]></system-out>
  </testcase>
  <testcase name="testMgrAlertCriticalQuantityUnderLimit[Test with AUTOMATICLOT_IN=true, AUTOMATICLOT_OUT=false, AUTOMATICLOTWARD_TOWARD=true]" classname="org.isf.medicalstock.test.Tests" time="0.011">
    <system-out><![CDATA[[05/jul/2024 13:43:34] [:] INFO - Began transaction (1) for test context [DefaultTestContext@329af9b1 testClass = Tests, testInstance = org.isf.medicalstock.test.Tests@1632a2fe, testMethod = testMgrAlertCriticalQuantityUnderLimit@Tests, testException = [null], mergedContextConfiguration = [MergedContextConfiguration@7535554e testClass = Tests, locations = '{classpath:applicationContext.xml, classpath:applicationContext.xml}', classes = '{}', contextInitializerClasses = '[]', activeProfiles = '{}', propertySourceLocations = '{}', propertySourceProperties = '{}', contextCustomizers = set[org.springframework.boot.test.context.filter.ExcludeFilterContextCustomizer@255b53dc, org.springframework.boot.test.json.DuplicateJsonObjectContextCustomizerFactory$DuplicateJsonObjectContextCustomizer@64d2d351, org.springframework.boot.test.mock.mockito.MockitoContextCustomizer@0, org.springframework.boot.test.autoconfigure.properties.PropertyMappingContextCustomizer@0, org.springframework.boot.test.autoconfigure.web.servlet.WebDriverContextCustomizerFactory$Customizer@52aa2946], contextLoader = 'org.springframework.test.context.support.DelegatingSmartContextLoader', parent = [null]]]; transaction manager [org.springframework.orm.jpa.JpaTransactionManager@4ece2750]; rollback [true]
[05/jul/2024 13:43:34] [:] INFO - Rolled back transaction for test: [DefaultTestContext@329af9b1 testClass = Tests, testInstance = org.isf.medicalstock.test.Tests@1632a2fe, testMethod = testMgrAlertCriticalQuantityUnderLimit@Tests, testException = [null], mergedContextConfiguration = [MergedContextConfiguration@7535554e testClass = Tests, locations = '{classpath:applicationContext.xml, classpath:applicationContext.xml}', classes = '{}', contextInitializerClasses = '[]', activeProfiles = '{}', propertySourceLocations = '{}', propertySourceProperties = '{}', contextCustomizers = set[org.springframework.boot.test.context.filter.ExcludeFilterContextCustomizer@255b53dc, org.springframework.boot.test.json.DuplicateJsonObjectContextCustomizerFactory$DuplicateJsonObjectContextCustomizer@64d2d351, org.springframework.boot.test.mock.mockito.MockitoContextCustomizer@0, org.springframework.boot.test.autoconfigure.properties.PropertyMappingContextCustomizer@0, org.springframework.boot.test.autoconfigure.web.servlet.WebDriverContextCustomizerFactory$Customizer@52aa2946], contextLoader = 'org.springframework.test.context.support.DelegatingSmartContextLoader', parent = [null]]]
]]></system-out>
  </testcase>
  <testcase name="testIoNewMovementUpdateMedicalWardQuantityMedicalWardFound[Test with AUTOMATICLOT_IN=true, AUTOMATICLOT_OUT=false, AUTOMATICLOTWARD_TOWARD=true]" classname="org.isf.medicalstock.test.Tests" time="0.013">
    <system-out><![CDATA[[05/jul/2024 13:43:34] [:] INFO - Began transaction (1) for test context [DefaultTestContext@329af9b1 testClass = Tests, testInstance = org.isf.medicalstock.test.Tests@3e569c37, testMethod = testIoNewMovementUpdateMedicalWardQuantityMedicalWardFound@Tests, testException = [null], mergedContextConfiguration = [MergedContextConfiguration@7535554e testClass = Tests, locations = '{classpath:applicationContext.xml, classpath:applicationContext.xml}', classes = '{}', contextInitializerClasses = '[]', activeProfiles = '{}', propertySourceLocations = '{}', propertySourceProperties = '{}', contextCustomizers = set[org.springframework.boot.test.context.filter.ExcludeFilterContextCustomizer@255b53dc, org.springframework.boot.test.json.DuplicateJsonObjectContextCustomizerFactory$DuplicateJsonObjectContextCustomizer@64d2d351, org.springframework.boot.test.mock.mockito.MockitoContextCustomizer@0, org.springframework.boot.test.autoconfigure.properties.PropertyMappingContextCustomizer@0, org.springframework.boot.test.autoconfigure.web.servlet.WebDriverContextCustomizerFactory$Customizer@52aa2946], contextLoader = 'org.springframework.test.context.support.DelegatingSmartContextLoader', parent = [null]]]; transaction manager [org.springframework.orm.jpa.JpaTransactionManager@4ece2750]; rollback [true]
[05/jul/2024 13:43:34] [:] INFO - Rolled back transaction for test: [DefaultTestContext@329af9b1 testClass = Tests, testInstance = org.isf.medicalstock.test.Tests@3e569c37, testMethod = testIoNewMovementUpdateMedicalWardQuantityMedicalWardFound@Tests, testException = [null], mergedContextConfiguration = [MergedContextConfiguration@7535554e testClass = Tests, locations = '{classpath:applicationContext.xml, classpath:applicationContext.xml}', classes = '{}', contextInitializerClasses = '[]', activeProfiles = '{}', propertySourceLocations = '{}', propertySourceProperties = '{}', contextCustomizers = set[org.springframework.boot.test.context.filter.ExcludeFilterContextCustomizer@255b53dc, org.springframework.boot.test.json.DuplicateJsonObjectContextCustomizerFactory$DuplicateJsonObjectContextCustomizer@64d2d351, org.springframework.boot.test.mock.mockito.MockitoContextCustomizer@0, org.springframework.boot.test.autoconfigure.properties.PropertyMappingContextCustomizer@0, org.springframework.boot.test.autoconfigure.web.servlet.WebDriverContextCustomizerFactory$Customizer@52aa2946], contextLoader = 'org.springframework.test.context.support.DelegatingSmartContextLoader', parent = [null]]]
]]></system-out>
  </testcase>
  <testcase name="testMgrGetMovementsWihAllParametersNull[Test with AUTOMATICLOT_IN=true, AUTOMATICLOT_OUT=false, AUTOMATICLOTWARD_TOWARD=true]" classname="org.isf.medicalstock.test.Tests" time="0.011">
    <system-out><![CDATA[[05/jul/2024 13:43:34] [:] INFO - Began transaction (1) for test context [DefaultTestContext@329af9b1 testClass = Tests, testInstance = org.isf.medicalstock.test.Tests@2fabb13d, testMethod = testMgrGetMovementsWihAllParametersNull@Tests, testException = [null], mergedContextConfiguration = [MergedContextConfiguration@7535554e testClass = Tests, locations = '{classpath:applicationContext.xml, classpath:applicationContext.xml}', classes = '{}', contextInitializerClasses = '[]', activeProfiles = '{}', propertySourceLocations = '{}', propertySourceProperties = '{}', contextCustomizers = set[org.springframework.boot.test.context.filter.ExcludeFilterContextCustomizer@255b53dc, org.springframework.boot.test.json.DuplicateJsonObjectContextCustomizerFactory$DuplicateJsonObjectContextCustomizer@64d2d351, org.springframework.boot.test.mock.mockito.MockitoContextCustomizer@0, org.springframework.boot.test.autoconfigure.properties.PropertyMappingContextCustomizer@0, org.springframework.boot.test.autoconfigure.web.servlet.WebDriverContextCustomizerFactory$Customizer@52aa2946], contextLoader = 'org.springframework.test.context.support.DelegatingSmartContextLoader', parent = [null]]]; transaction manager [org.springframework.orm.jpa.JpaTransactionManager@4ece2750]; rollback [true]
[05/jul/2024 13:43:34] [:] INFO - Rolled back transaction for test: [DefaultTestContext@329af9b1 testClass = Tests, testInstance = org.isf.medicalstock.test.Tests@2fabb13d, testMethod = testMgrGetMovementsWihAllParametersNull@Tests, testException = [null], mergedContextConfiguration = [MergedContextConfiguration@7535554e testClass = Tests, locations = '{classpath:applicationContext.xml, classpath:applicationContext.xml}', classes = '{}', contextInitializerClasses = '[]', activeProfiles = '{}', propertySourceLocations = '{}', propertySourceProperties = '{}', contextCustomizers = set[org.springframework.boot.test.context.filter.ExcludeFilterContextCustomizer@255b53dc, org.springframework.boot.test.json.DuplicateJsonObjectContextCustomizerFactory$DuplicateJsonObjectContextCustomizer@64d2d351, org.springframework.boot.test.mock.mockito.MockitoContextCustomizer@0, org.springframework.boot.test.autoconfigure.properties.PropertyMappingContextCustomizer@0, org.springframework.boot.test.autoconfigure.web.servlet.WebDriverContextCustomizerFactory$Customizer@52aa2946], contextLoader = 'org.springframework.test.context.support.DelegatingSmartContextLoader', parent = [null]]]
]]></system-out>
  </testcase>
  <testcase name="testMgrGetMovements[Test with AUTOMATICLOT_IN=true, AUTOMATICLOT_OUT=false, AUTOMATICLOTWARD_TOWARD=true]" classname="org.isf.medicalstock.test.Tests" time="0.012">
    <system-out><![CDATA[[05/jul/2024 13:43:34] [:] INFO - Began transaction (1) for test context [DefaultTestContext@329af9b1 testClass = Tests, testInstance = org.isf.medicalstock.test.Tests@68f3909c, testMethod = testMgrGetMovements@Tests, testException = [null], mergedContextConfiguration = [MergedContextConfiguration@7535554e testClass = Tests, locations = '{classpath:applicationContext.xml, classpath:applicationContext.xml}', classes = '{}', contextInitializerClasses = '[]', activeProfiles = '{}', propertySourceLocations = '{}', propertySourceProperties = '{}', contextCustomizers = set[org.springframework.boot.test.context.filter.ExcludeFilterContextCustomizer@255b53dc, org.springframework.boot.test.json.DuplicateJsonObjectContextCustomizerFactory$DuplicateJsonObjectContextCustomizer@64d2d351, org.springframework.boot.test.mock.mockito.MockitoContextCustomizer@0, org.springframework.boot.test.autoconfigure.properties.PropertyMappingContextCustomizer@0, org.springframework.boot.test.autoconfigure.web.servlet.WebDriverContextCustomizerFactory$Customizer@52aa2946], contextLoader = 'org.springframework.test.context.support.DelegatingSmartContextLoader', parent = [null]]]; transaction manager [org.springframework.orm.jpa.JpaTransactionManager@4ece2750]; rollback [true]
[05/jul/2024 13:43:34] [:] INFO - Rolled back transaction for test: [DefaultTestContext@329af9b1 testClass = Tests, testInstance = org.isf.medicalstock.test.Tests@68f3909c, testMethod = testMgrGetMovements@Tests, testException = [null], mergedContextConfiguration = [MergedContextConfiguration@7535554e testClass = Tests, locations = '{classpath:applicationContext.xml, classpath:applicationContext.xml}', classes = '{}', contextInitializerClasses = '[]', activeProfiles = '{}', propertySourceLocations = '{}', propertySourceProperties = '{}', contextCustomizers = set[org.springframework.boot.test.context.filter.ExcludeFilterContextCustomizer@255b53dc, org.springframework.boot.test.json.DuplicateJsonObjectContextCustomizerFactory$DuplicateJsonObjectContextCustomizer@64d2d351, org.springframework.boot.test.mock.mockito.MockitoContextCustomizer@0, org.springframework.boot.test.autoconfigure.properties.PropertyMappingContextCustomizer@0, org.springframework.boot.test.autoconfigure.web.servlet.WebDriverContextCustomizerFactory$Customizer@52aa2946], contextLoader = 'org.springframework.test.context.support.DelegatingSmartContextLoader', parent = [null]]]
]]></system-out>
  </testcase>
  <testcase name="testIoPrepareDischargingMovement[Test with AUTOMATICLOT_IN=true, AUTOMATICLOT_OUT=false, AUTOMATICLOTWARD_TOWARD=true]" classname="org.isf.medicalstock.test.Tests" time="0.011">
    <system-out><![CDATA[[05/jul/2024 13:43:34] [:] INFO - Began transaction (1) for test context [DefaultTestContext@329af9b1 testClass = Tests, testInstance = org.isf.medicalstock.test.Tests@5ea40489, testMethod = testIoPrepareDischargingMovement@Tests, testException = [null], mergedContextConfiguration = [MergedContextConfiguration@7535554e testClass = Tests, locations = '{classpath:applicationContext.xml, classpath:applicationContext.xml}', classes = '{}', contextInitializerClasses = '[]', activeProfiles = '{}', propertySourceLocations = '{}', propertySourceProperties = '{}', contextCustomizers = set[org.springframework.boot.test.context.filter.ExcludeFilterContextCustomizer@255b53dc, org.springframework.boot.test.json.DuplicateJsonObjectContextCustomizerFactory$DuplicateJsonObjectContextCustomizer@64d2d351, org.springframework.boot.test.mock.mockito.MockitoContextCustomizer@0, org.springframework.boot.test.autoconfigure.properties.PropertyMappingContextCustomizer@0, org.springframework.boot.test.autoconfigure.web.servlet.WebDriverContextCustomizerFactory$Customizer@52aa2946], contextLoader = 'org.springframework.test.context.support.DelegatingSmartContextLoader', parent = [null]]]; transaction manager [org.springframework.orm.jpa.JpaTransactionManager@4ece2750]; rollback [true]
[05/jul/2024 13:43:34] [:] INFO - Rolled back transaction for test: [DefaultTestContext@329af9b1 testClass = Tests, testInstance = org.isf.medicalstock.test.Tests@5ea40489, testMethod = testIoPrepareDischargingMovement@Tests, testException = [null], mergedContextConfiguration = [MergedContextConfiguration@7535554e testClass = Tests, locations = '{classpath:applicationContext.xml, classpath:applicationContext.xml}', classes = '{}', contextInitializerClasses = '[]', activeProfiles = '{}', propertySourceLocations = '{}', propertySourceProperties = '{}', contextCustomizers = set[org.springframework.boot.test.context.filter.ExcludeFilterContextCustomizer@255b53dc, org.springframework.boot.test.json.DuplicateJsonObjectContextCustomizerFactory$DuplicateJsonObjectContextCustomizer@64d2d351, org.springframework.boot.test.mock.mockito.MockitoContextCustomizer@0, org.springframework.boot.test.autoconfigure.properties.PropertyMappingContextCustomizer@0, org.springframework.boot.test.autoconfigure.web.servlet.WebDriverContextCustomizerFactory$Customizer@52aa2946], contextLoader = 'org.springframework.test.context.support.DelegatingSmartContextLoader', parent = [null]]]
]]></system-out>
  </testcase>
  <testcase name="testMgrPrepareDischargingMovementIsAutomaticLotOut[Test with AUTOMATICLOT_IN=true, AUTOMATICLOT_OUT=false, AUTOMATICLOTWARD_TOWARD=true]" classname="org.isf.medicalstock.test.Tests" time="0.006">
    <system-out><![CDATA[[05/jul/2024 13:43:34] [:] INFO - Began transaction (1) for test context [DefaultTestContext@329af9b1 testClass = Tests, testInstance = org.isf.medicalstock.test.Tests@6cc8b920, testMethod = testMgrPrepareDischargingMovementIsAutomaticLotOut@Tests, testException = [null], mergedContextConfiguration = [MergedContextConfiguration@7535554e testClass = Tests, locations = '{classpath:applicationContext.xml, classpath:applicationContext.xml}', classes = '{}', contextInitializerClasses = '[]', activeProfiles = '{}', propertySourceLocations = '{}', propertySourceProperties = '{}', contextCustomizers = set[org.springframework.boot.test.context.filter.ExcludeFilterContextCustomizer@255b53dc, org.springframework.boot.test.json.DuplicateJsonObjectContextCustomizerFactory$DuplicateJsonObjectContextCustomizer@64d2d351, org.springframework.boot.test.mock.mockito.MockitoContextCustomizer@0, org.springframework.boot.test.autoconfigure.properties.PropertyMappingContextCustomizer@0, org.springframework.boot.test.autoconfigure.web.servlet.WebDriverContextCustomizerFactory$Customizer@52aa2946], contextLoader = 'org.springframework.test.context.support.DelegatingSmartContextLoader', parent = [null]]]; transaction manager [org.springframework.orm.jpa.JpaTransactionManager@4ece2750]; rollback [true]
[05/jul/2024 13:43:34] [:] INFO - Rolled back transaction for test: [DefaultTestContext@329af9b1 testClass = Tests, testInstance = org.isf.medicalstock.test.Tests@6cc8b920, testMethod = testMgrPrepareDischargingMovementIsAutomaticLotOut@Tests, testException = [null], mergedContextConfiguration = [MergedContextConfiguration@7535554e testClass = Tests, locations = '{classpath:applicationContext.xml, classpath:applicationContext.xml}', classes = '{}', contextInitializerClasses = '[]', activeProfiles = '{}', propertySourceLocations = '{}', propertySourceProperties = '{}', contextCustomizers = set[org.springframework.boot.test.context.filter.ExcludeFilterContextCustomizer@255b53dc, org.springframework.boot.test.json.DuplicateJsonObjectContextCustomizerFactory$DuplicateJsonObjectContextCustomizer@64d2d351, org.springframework.boot.test.mock.mockito.MockitoContextCustomizer@0, org.springframework.boot.test.autoconfigure.properties.PropertyMappingContextCustomizer@0, org.springframework.boot.test.autoconfigure.web.servlet.WebDriverContextCustomizerFactory$Customizer@52aa2946], contextLoader = 'org.springframework.test.context.support.DelegatingSmartContextLoader', parent = [null]]]
]]></system-out>
  </testcase>
  <testcase name="testMgrValidateLotRefersToAnotherMedical[Test with AUTOMATICLOT_IN=true, AUTOMATICLOT_OUT=false, AUTOMATICLOTWARD_TOWARD=true]" classname="org.isf.medicalstock.test.Tests" time="0.014">
    <system-out><![CDATA[[05/jul/2024 13:43:34] [:] INFO - Began transaction (1) for test context [DefaultTestContext@329af9b1 testClass = Tests, testInstance = org.isf.medicalstock.test.Tests@7bb76099, testMethod = testMgrValidateLotRefersToAnotherMedical@Tests, testException = [null], mergedContextConfiguration = [MergedContextConfiguration@7535554e testClass = Tests, locations = '{classpath:applicationContext.xml, classpath:applicationContext.xml}', classes = '{}', contextInitializerClasses = '[]', activeProfiles = '{}', propertySourceLocations = '{}', propertySourceProperties = '{}', contextCustomizers = set[org.springframework.boot.test.context.filter.ExcludeFilterContextCustomizer@255b53dc, org.springframework.boot.test.json.DuplicateJsonObjectContextCustomizerFactory$DuplicateJsonObjectContextCustomizer@64d2d351, org.springframework.boot.test.mock.mockito.MockitoContextCustomizer@0, org.springframework.boot.test.autoconfigure.properties.PropertyMappingContextCustomizer@0, org.springframework.boot.test.autoconfigure.web.servlet.WebDriverContextCustomizerFactory$Customizer@52aa2946], contextLoader = 'org.springframework.test.context.support.DelegatingSmartContextLoader', parent = [null]]]; transaction manager [org.springframework.orm.jpa.JpaTransactionManager@4ece2750]; rollback [true]
[05/jul/2024 13:43:34] [:] ERROR - identifier of an instance of org.isf.medicals.model.Medical was altered from 2 to -99; nested exception is org.hibernate.HibernateException: identifier of an instance of org.isf.medicals.model.Medical was altered from 2 to -99
org.springframework.orm.jpa.JpaSystemException: identifier of an instance of org.isf.medicals.model.Medical was altered from 2 to -99; nested exception is org.hibernate.HibernateException: identifier of an instance of org.isf.medicals.model.Medical was altered from 2 to -99
	at org.springframework.orm.jpa.vendor.HibernateJpaDialect.convertHibernateAccessException(HibernateJpaDialect.java:333)
	at org.springframework.orm.jpa.vendor.HibernateJpaDialect.translateExceptionIfPossible(HibernateJpaDialect.java:244)
	at org.springframework.orm.jpa.AbstractEntityManagerFactoryBean.translateExceptionIfPossible(AbstractEntityManagerFactoryBean.java:525)
	at org.springframework.dao.support.ChainedPersistenceExceptionTranslator.translateExceptionIfPossible(ChainedPersistenceExceptionTranslator.java:59)
	at org.springframework.dao.support.DataAccessUtils.translateIfNecessary(DataAccessUtils.java:209)
	at org.springframework.dao.support.PersistenceExceptionTranslationInterceptor.invoke(PersistenceExceptionTranslationInterceptor.java:147)
	at org.springframework.aop.framework.ReflectiveMethodInvocation.proceed(ReflectiveMethodInvocation.java:179)
	at org.springframework.data.jpa.repository.support.CrudMethodMetadataPostProcessor$CrudMethodMetadataPopulatingMethodInterceptor.invoke(CrudMethodMetadataPostProcessor.java:140)
	at org.springframework.aop.framework.ReflectiveMethodInvocation.proceed(ReflectiveMethodInvocation.java:179)
	at org.springframework.data.jpa.repository.support.CrudMethodMetadataPostProcessor$ExposeRepositoryInvocationInterceptor.invoke(CrudMethodMetadataPostProcessor.java:347)
	at org.springframework.aop.framework.ReflectiveMethodInvocation.proceed(ReflectiveMethodInvocation.java:179)
	at org.springframework.aop.interceptor.ExposeInvocationInterceptor.invoke(ExposeInvocationInterceptor.java:92)
	at org.springframework.aop.framework.ReflectiveMethodInvocation.proceed(ReflectiveMethodInvocation.java:179)
	at org.springframework.data.repository.core.support.SurroundingTransactionDetectorMethodInterceptor.invoke(SurroundingTransactionDetectorMethodInterceptor.java:57)
	at org.springframework.aop.framework.ReflectiveMethodInvocation.proceed(ReflectiveMethodInvocation.java:179)
	at org.springframework.aop.framework.JdkDynamicAopProxy.invoke(JdkDynamicAopProxy.java:213)
	at com.sun.proxy.$Proxy109.findMaxDate(Unknown Source)
	at org.isf.medicalstock.service.MedicalStockIoOperations.getLastMovementDate(MedicalStockIoOperations.java:565)
	at org.isf.medicalstock.service.MedicalStockIoOperations$$FastClassBySpringCGLIB$$a00ee1bd.invoke(<generated>)
	at org.springframework.cglib.proxy.MethodProxy.invoke(MethodProxy.java:204)
	at org.springframework.aop.framework.CglibAopProxy$CglibMethodInvocation.invokeJoinpoint(CglibAopProxy.java:737)
	at org.springframework.aop.framework.ReflectiveMethodInvocation.proceed(ReflectiveMethodInvocation.java:157)
	at org.springframework.transaction.interceptor.TransactionInterceptor$1.proceedWithInvocation(TransactionInterceptor.java:99)
	at org.springframework.transaction.interceptor.TransactionAspectSupport.invokeWithinTransaction(TransactionAspectSupport.java:283)
	at org.springframework.transaction.interceptor.TransactionInterceptor.invoke(TransactionInterceptor.java:96)
	at org.springframework.aop.framework.ReflectiveMethodInvocation.proceed(ReflectiveMethodInvocation.java:179)
	at org.springframework.aop.interceptor.ExposeInvocationInterceptor.invoke(ExposeInvocationInterceptor.java:92)
	at org.springframework.aop.framework.ReflectiveMethodInvocation.proceed(ReflectiveMethodInvocation.java:179)
	at org.springframework.aop.aspectj.MethodInvocationProceedingJoinPoint.proceed(MethodInvocationProceedingJoinPoint.java:84)
	at org.isf.utils.db.OHServiceExceptionTranslator.translateSqlExceptionToOHServiceException(OHServiceExceptionTranslator.java:55)
	at sun.reflect.GeneratedMethodAccessor67.invoke(Unknown Source)
	at sun.reflect.DelegatingMethodAccessorImpl.invoke(DelegatingMethodAccessorImpl.java:43)
	at java.lang.reflect.Method.invoke(Method.java:498)
	at org.springframework.aop.aspectj.AbstractAspectJAdvice.invokeAdviceMethodWithGivenArgs(AbstractAspectJAdvice.java:627)
	at org.springframework.aop.aspectj.AbstractAspectJAdvice.invokeAdviceMethod(AbstractAspectJAdvice.java:616)
	at org.springframework.aop.aspectj.AspectJAroundAdvice.invoke(AspectJAroundAdvice.java:70)
	at org.springframework.aop.framework.ReflectiveMethodInvocation.proceed(ReflectiveMethodInvocation.java:179)
	at org.springframework.aop.framework.CglibAopProxy$DynamicAdvisedInterceptor.intercept(CglibAopProxy.java:672)
	at org.isf.medicalstock.service.MedicalStockIoOperations$$EnhancerBySpringCGLIB$$36e028cc.getLastMovementDate(<generated>)
	at org.isf.medicalstock.manager.MovStockInsertingManager.getLastMovementDate(MovStockInsertingManager.java:278)
	at org.isf.medicalstock.manager.MovStockInsertingManager.validateMovement(MovStockInsertingManager.java:68)
	at org.isf.medicalstock.manager.MovStockInsertingManager.prepareChargingMovement(MovStockInsertingManager.java:349)
	at org.isf.medicalstock.manager.MovStockInsertingManager.newMultipleChargingMovements(MovStockInsertingManager.java:326)
	at org.isf.medicalstock.manager.MovStockInsertingManager$$FastClassBySpringCGLIB$$2a8b6bd4.invoke(<generated>)
	at org.springframework.cglib.proxy.MethodProxy.invoke(MethodProxy.java:204)
	at org.springframework.aop.framework.CglibAopProxy$CglibMethodInvocation.invokeJoinpoint(CglibAopProxy.java:737)
	at org.springframework.aop.framework.ReflectiveMethodInvocation.proceed(ReflectiveMethodInvocation.java:157)
	at org.springframework.transaction.interceptor.TransactionInterceptor$1.proceedWithInvocation(TransactionInterceptor.java:99)
	at org.springframework.transaction.interceptor.TransactionAspectSupport.invokeWithinTransaction(TransactionAspectSupport.java:283)
	at org.springframework.transaction.interceptor.TransactionInterceptor.invoke(TransactionInterceptor.java:96)
	at org.springframework.aop.framework.ReflectiveMethodInvocation.proceed(ReflectiveMethodInvocation.java:179)
	at org.springframework.aop.framework.CglibAopProxy$DynamicAdvisedInterceptor.intercept(CglibAopProxy.java:672)
	at org.isf.medicalstock.manager.MovStockInsertingManager$$EnhancerBySpringCGLIB$$ef6ee236.newMultipleChargingMovements(<generated>)
	at org.isf.medicalstock.test.Tests.lambda$25(Tests.java:904)
	at org.assertj.core.api.ThrowableAssert.catchThrowable(ThrowableAssert.java:62)
	at org.assertj.core.api.AssertionsForClassTypes.catchThrowable(AssertionsForClassTypes.java:877)
	at org.assertj.core.api.Assertions.catchThrowable(Assertions.java:1336)
	at org.assertj.core.api.Assertions.assertThatThrownBy(Assertions.java:1181)
	at org.isf.medicalstock.test.Tests.testMgrValidateLotRefersToAnotherMedical(Tests.java:897)
	at sun.reflect.NativeMethodAccessorImpl.invoke0(Native Method)
	at sun.reflect.NativeMethodAccessorImpl.invoke(NativeMethodAccessorImpl.java:62)
	at sun.reflect.DelegatingMethodAccessorImpl.invoke(DelegatingMethodAccessorImpl.java:43)
	at java.lang.reflect.Method.invoke(Method.java:498)
	at org.junit.runners.model.FrameworkMethod$1.runReflectiveCall(FrameworkMethod.java:59)
	at org.junit.internal.runners.model.ReflectiveCallable.run(ReflectiveCallable.java:12)
	at org.junit.runners.model.FrameworkMethod.invokeExplosively(FrameworkMethod.java:56)
	at org.junit.internal.runners.statements.InvokeMethod.evaluate(InvokeMethod.java:17)
	at org.junit.internal.runners.statements.RunBefores.evaluate(RunBefores.java:26)
	at org.springframework.test.context.junit4.statements.RunBeforeTestMethodCallbacks.evaluate(RunBeforeTestMethodCallbacks.java:75)
	at org.springframework.test.context.junit4.statements.RunAfterTestMethodCallbacks.evaluate(RunAfterTestMethodCallbacks.java:86)
	at org.springframework.test.context.junit4.statements.RunPrepareTestInstanceCallbacks.evaluate(RunPrepareTestInstanceCallbacks.java:64)
	at org.springframework.test.context.junit4.statements.SpringRepeat.evaluate(SpringRepeat.java:84)
	at org.springframework.test.context.junit4.statements.SpringFailOnTimeout.evaluate(SpringFailOnTimeout.java:87)
	at org.springframework.test.context.junit4.statements.ProfileValueChecker.evaluate(ProfileValueChecker.java:101)
	at org.junit.runners.ParentRunner$3.evaluate(ParentRunner.java:306)
	at org.junit.runners.BlockJUnit4ClassRunner$1.evaluate(BlockJUnit4ClassRunner.java:100)
	at org.junit.runners.ParentRunner.runLeaf(ParentRunner.java:366)
	at org.junit.runners.BlockJUnit4ClassRunner.runChild(BlockJUnit4ClassRunner.java:103)
	at org.junit.runners.BlockJUnit4ClassRunner.runChild(BlockJUnit4ClassRunner.java:63)
	at org.junit.runners.ParentRunner$4.run(ParentRunner.java:331)
	at org.junit.runners.ParentRunner$1.schedule(ParentRunner.java:79)
	at org.junit.runners.ParentRunner.runChildren(ParentRunner.java:329)
	at org.junit.runners.ParentRunner.access$100(ParentRunner.java:66)
	at org.junit.runners.ParentRunner$2.evaluate(ParentRunner.java:293)
	at org.junit.runners.ParentRunner.run(ParentRunner.java:413)
	at org.junit.runners.Suite.runChild(Suite.java:128)
	at org.junit.runners.Suite.runChild(Suite.java:27)
	at org.junit.runners.ParentRunner$4.run(ParentRunner.java:331)
	at org.junit.runners.ParentRunner$1.schedule(ParentRunner.java:79)
	at org.junit.runners.ParentRunner.runChildren(ParentRunner.java:329)
	at org.junit.runners.ParentRunner.access$100(ParentRunner.java:66)
	at org.junit.runners.ParentRunner$2.evaluate(ParentRunner.java:293)
	at org.junit.internal.runners.statements.RunBefores.evaluate(RunBefores.java:26)
	at org.junit.internal.runners.statements.RunAfters.evaluate(RunAfters.java:27)
	at org.springframework.test.context.junit4.statements.RunBeforeTestClassCallbacks.evaluate(RunBeforeTestClassCallbacks.java:61)
	at org.springframework.test.context.junit4.statements.RunAfterTestClassCallbacks.evaluate(RunAfterTestClassCallbacks.java:70)
	at org.springframework.test.context.junit4.statements.ProfileValueChecker.evaluate(ProfileValueChecker.java:101)
	at org.springframework.test.context.junit4.rules.SpringClassRule$TestContextManagerCacheEvictor.evaluate(SpringClassRule.java:242)
	at org.junit.rules.RunRules.evaluate(RunRules.java:20)
	at org.junit.runners.ParentRunner$3.evaluate(ParentRunner.java:306)
	at org.junit.runners.ParentRunner.run(ParentRunner.java:413)
	at org.apache.maven.surefire.junit4.JUnit4Provider.execute(JUnit4Provider.java:316)
	at org.apache.maven.surefire.junit4.JUnit4Provider.executeWithRerun(JUnit4Provider.java:240)
	at org.apache.maven.surefire.junit4.JUnit4Provider.executeTestSet(JUnit4Provider.java:214)
	at org.apache.maven.surefire.junit4.JUnit4Provider.invoke(JUnit4Provider.java:155)
	at org.apache.maven.surefire.booter.ForkedBooter.runSuitesInProcess(ForkedBooter.java:385)
	at org.apache.maven.surefire.booter.ForkedBooter.execute(ForkedBooter.java:162)
	at org.apache.maven.surefire.booter.ForkedBooter.run(ForkedBooter.java:507)
	at org.apache.maven.surefire.booter.ForkedBooter.main(ForkedBooter.java:495)
Caused by: org.hibernate.HibernateException: identifier of an instance of org.isf.medicals.model.Medical was altered from 2 to -99
	at org.hibernate.event.internal.DefaultFlushEntityEventListener.checkId(DefaultFlushEntityEventListener.java:83)
	at org.hibernate.event.internal.DefaultFlushEntityEventListener.getValues(DefaultFlushEntityEventListener.java:195)
	at org.hibernate.event.internal.DefaultFlushEntityEventListener.onFlushEntity(DefaultFlushEntityEventListener.java:157)
	at org.hibernate.event.internal.AbstractFlushingEventListener.flushEntities(AbstractFlushingEventListener.java:230)
	at org.hibernate.event.internal.AbstractFlushingEventListener.flushEverythingToExecutions(AbstractFlushingEventListener.java:100)
	at org.hibernate.event.internal.DefaultAutoFlushEventListener.onAutoFlush(DefaultAutoFlushEventListener.java:61)
	at org.hibernate.internal.SessionImpl.autoFlushIfRequired(SessionImpl.java:1130)
	at org.hibernate.internal.SessionImpl.list(SessionImpl.java:1187)
	at org.hibernate.internal.QueryImpl.list(QueryImpl.java:101)
	at org.hibernate.ejb.QueryImpl.getSingleResult(QueryImpl.java:287)
	at org.springframework.data.jpa.repository.query.JpaQueryExecution$SingleEntityExecution.doExecute(JpaQueryExecution.java:210)
	at org.springframework.data.jpa.repository.query.JpaQueryExecution.execute(JpaQueryExecution.java:89)
	at org.springframework.data.jpa.repository.query.AbstractJpaQuery.doExecute(AbstractJpaQuery.java:126)
	at org.springframework.data.jpa.repository.query.AbstractJpaQuery.execute(AbstractJpaQuery.java:116)
	at org.springframework.data.repository.core.support.RepositoryFactorySupport$QueryExecutorMethodInterceptor.doInvoke(RepositoryFactorySupport.java:494)
	at org.springframework.data.repository.core.support.RepositoryFactorySupport$QueryExecutorMethodInterceptor.invoke(RepositoryFactorySupport.java:477)
	at org.springframework.aop.framework.ReflectiveMethodInvocation.proceed(ReflectiveMethodInvocation.java:179)
	at org.springframework.data.projection.DefaultMethodInvokingMethodInterceptor.invoke(DefaultMethodInvokingMethodInterceptor.java:56)
	at org.springframework.aop.framework.ReflectiveMethodInvocation.proceed(ReflectiveMethodInvocation.java:179)
	at org.springframework.transaction.interceptor.TransactionInterceptor$1.proceedWithInvocation(TransactionInterceptor.java:99)
	at org.springframework.transaction.interceptor.TransactionAspectSupport.invokeWithinTransaction(TransactionAspectSupport.java:283)
	at org.springframework.transaction.interceptor.TransactionInterceptor.invoke(TransactionInterceptor.java:96)
	at org.springframework.aop.framework.ReflectiveMethodInvocation.proceed(ReflectiveMethodInvocation.java:179)
	at org.springframework.dao.support.PersistenceExceptionTranslationInterceptor.invoke(PersistenceExceptionTranslationInterceptor.java:136)
	... 103 more
[05/jul/2024 13:43:34] [:] INFO - Rolled back transaction for test: [DefaultTestContext@329af9b1 testClass = Tests, testInstance = org.isf.medicalstock.test.Tests@7bb76099, testMethod = testMgrValidateLotRefersToAnotherMedical@Tests, testException = [null], mergedContextConfiguration = [MergedContextConfiguration@7535554e testClass = Tests, locations = '{classpath:applicationContext.xml, classpath:applicationContext.xml}', classes = '{}', contextInitializerClasses = '[]', activeProfiles = '{}', propertySourceLocations = '{}', propertySourceProperties = '{}', contextCustomizers = set[org.springframework.boot.test.context.filter.ExcludeFilterContextCustomizer@255b53dc, org.springframework.boot.test.json.DuplicateJsonObjectContextCustomizerFactory$DuplicateJsonObjectContextCustomizer@64d2d351, org.springframework.boot.test.mock.mockito.MockitoContextCustomizer@0, org.springframework.boot.test.autoconfigure.properties.PropertyMappingContextCustomizer@0, org.springframework.boot.test.autoconfigure.web.servlet.WebDriverContextCustomizerFactory$Customizer@52aa2946], contextLoader = 'org.springframework.test.context.support.DelegatingSmartContextLoader', parent = [null]]]
]]></system-out>
  </testcase>
  <testcase name="testMgrValidateLotDueDateNull[Test with AUTOMATICLOT_IN=true, AUTOMATICLOT_OUT=false, AUTOMATICLOTWARD_TOWARD=true]" classname="org.isf.medicalstock.test.Tests" time="0.013">
    <system-out><![CDATA[[05/jul/2024 13:43:34] [:] INFO - Began transaction (1) for test context [DefaultTestContext@329af9b1 testClass = Tests, testInstance = org.isf.medicalstock.test.Tests@7bff4d0, testMethod = testMgrValidateLotDueDateNull@Tests, testException = [null], mergedContextConfiguration = [MergedContextConfiguration@7535554e testClass = Tests, locations = '{classpath:applicationContext.xml, classpath:applicationContext.xml}', classes = '{}', contextInitializerClasses = '[]', activeProfiles = '{}', propertySourceLocations = '{}', propertySourceProperties = '{}', contextCustomizers = set[org.springframework.boot.test.context.filter.ExcludeFilterContextCustomizer@255b53dc, org.springframework.boot.test.json.DuplicateJsonObjectContextCustomizerFactory$DuplicateJsonObjectContextCustomizer@64d2d351, org.springframework.boot.test.mock.mockito.MockitoContextCustomizer@0, org.springframework.boot.test.autoconfigure.properties.PropertyMappingContextCustomizer@0, org.springframework.boot.test.autoconfigure.web.servlet.WebDriverContextCustomizerFactory$Customizer@52aa2946], contextLoader = 'org.springframework.test.context.support.DelegatingSmartContextLoader', parent = [null]]]; transaction manager [org.springframework.orm.jpa.JpaTransactionManager@4ece2750]; rollback [true]
[05/jul/2024 13:43:34] [:] INFO - Rolled back transaction for test: [DefaultTestContext@329af9b1 testClass = Tests, testInstance = org.isf.medicalstock.test.Tests@7bff4d0, testMethod = testMgrValidateLotDueDateNull@Tests, testException = [null], mergedContextConfiguration = [MergedContextConfiguration@7535554e testClass = Tests, locations = '{classpath:applicationContext.xml, classpath:applicationContext.xml}', classes = '{}', contextInitializerClasses = '[]', activeProfiles = '{}', propertySourceLocations = '{}', propertySourceProperties = '{}', contextCustomizers = set[org.springframework.boot.test.context.filter.ExcludeFilterContextCustomizer@255b53dc, org.springframework.boot.test.json.DuplicateJsonObjectContextCustomizerFactory$DuplicateJsonObjectContextCustomizer@64d2d351, org.springframework.boot.test.mock.mockito.MockitoContextCustomizer@0, org.springframework.boot.test.autoconfigure.properties.PropertyMappingContextCustomizer@0, org.springframework.boot.test.autoconfigure.web.servlet.WebDriverContextCustomizerFactory$Customizer@52aa2946], contextLoader = 'org.springframework.test.context.support.DelegatingSmartContextLoader', parent = [null]]]
]]></system-out>
  </testcase>
  <testcase name="testMgrGetLotsByMedicalNull[Test with AUTOMATICLOT_IN=true, AUTOMATICLOT_OUT=false, AUTOMATICLOTWARD_TOWARD=true]" classname="org.isf.medicalstock.test.Tests" time="0.005">
    <system-out><![CDATA[[05/jul/2024 13:43:34] [:] INFO - Began transaction (1) for test context [DefaultTestContext@329af9b1 testClass = Tests, testInstance = org.isf.medicalstock.test.Tests@2bb360d2, testMethod = testMgrGetLotsByMedicalNull@Tests, testException = [null], mergedContextConfiguration = [MergedContextConfiguration@7535554e testClass = Tests, locations = '{classpath:applicationContext.xml, classpath:applicationContext.xml}', classes = '{}', contextInitializerClasses = '[]', activeProfiles = '{}', propertySourceLocations = '{}', propertySourceProperties = '{}', contextCustomizers = set[org.springframework.boot.test.context.filter.ExcludeFilterContextCustomizer@255b53dc, org.springframework.boot.test.json.DuplicateJsonObjectContextCustomizerFactory$DuplicateJsonObjectContextCustomizer@64d2d351, org.springframework.boot.test.mock.mockito.MockitoContextCustomizer@0, org.springframework.boot.test.autoconfigure.properties.PropertyMappingContextCustomizer@0, org.springframework.boot.test.autoconfigure.web.servlet.WebDriverContextCustomizerFactory$Customizer@52aa2946], contextLoader = 'org.springframework.test.context.support.DelegatingSmartContextLoader', parent = [null]]]; transaction manager [org.springframework.orm.jpa.JpaTransactionManager@4ece2750]; rollback [true]
[05/jul/2024 13:43:34] [:] INFO - Rolled back transaction for test: [DefaultTestContext@329af9b1 testClass = Tests, testInstance = org.isf.medicalstock.test.Tests@2bb360d2, testMethod = testMgrGetLotsByMedicalNull@Tests, testException = [null], mergedContextConfiguration = [MergedContextConfiguration@7535554e testClass = Tests, locations = '{classpath:applicationContext.xml, classpath:applicationContext.xml}', classes = '{}', contextInitializerClasses = '[]', activeProfiles = '{}', propertySourceLocations = '{}', propertySourceProperties = '{}', contextCustomizers = set[org.springframework.boot.test.context.filter.ExcludeFilterContextCustomizer@255b53dc, org.springframework.boot.test.json.DuplicateJsonObjectContextCustomizerFactory$DuplicateJsonObjectContextCustomizer@64d2d351, org.springframework.boot.test.mock.mockito.MockitoContextCustomizer@0, org.springframework.boot.test.autoconfigure.properties.PropertyMappingContextCustomizer@0, org.springframework.boot.test.autoconfigure.web.servlet.WebDriverContextCustomizerFactory$Customizer@52aa2946], contextLoader = 'org.springframework.test.context.support.DelegatingSmartContextLoader', parent = [null]]]
]]></system-out>
  </testcase>
  <testcase name="testIoNewAutomaticDischargingMovementDifferentLots[Test with AUTOMATICLOT_IN=true, AUTOMATICLOT_OUT=false, AUTOMATICLOTWARD_TOWARD=true]" classname="org.isf.medicalstock.test.Tests" time="0.027">
    <system-out><![CDATA[[05/jul/2024 13:43:34] [:] INFO - Began transaction (1) for test context [DefaultTestContext@329af9b1 testClass = Tests, testInstance = org.isf.medicalstock.test.Tests@49a8a690, testMethod = testIoNewAutomaticDischargingMovementDifferentLots@Tests, testException = [null], mergedContextConfiguration = [MergedContextConfiguration@7535554e testClass = Tests, locations = '{classpath:applicationContext.xml, classpath:applicationContext.xml}', classes = '{}', contextInitializerClasses = '[]', activeProfiles = '{}', propertySourceLocations = '{}', propertySourceProperties = '{}', contextCustomizers = set[org.springframework.boot.test.context.filter.ExcludeFilterContextCustomizer@255b53dc, org.springframework.boot.test.json.DuplicateJsonObjectContextCustomizerFactory$DuplicateJsonObjectContextCustomizer@64d2d351, org.springframework.boot.test.mock.mockito.MockitoContextCustomizer@0, org.springframework.boot.test.autoconfigure.properties.PropertyMappingContextCustomizer@0, org.springframework.boot.test.autoconfigure.web.servlet.WebDriverContextCustomizerFactory$Customizer@52aa2946], contextLoader = 'org.springframework.test.context.support.DelegatingSmartContextLoader', parent = [null]]]; transaction manager [org.springframework.orm.jpa.JpaTransactionManager@4ece2750]; rollback [true]
[05/jul/2024 13:43:34] [:] INFO - Rolled back transaction for test: [DefaultTestContext@329af9b1 testClass = Tests, testInstance = org.isf.medicalstock.test.Tests@49a8a690, testMethod = testIoNewAutomaticDischargingMovementDifferentLots@Tests, testException = [null], mergedContextConfiguration = [MergedContextConfiguration@7535554e testClass = Tests, locations = '{classpath:applicationContext.xml, classpath:applicationContext.xml}', classes = '{}', contextInitializerClasses = '[]', activeProfiles = '{}', propertySourceLocations = '{}', propertySourceProperties = '{}', contextCustomizers = set[org.springframework.boot.test.context.filter.ExcludeFilterContextCustomizer@255b53dc, org.springframework.boot.test.json.DuplicateJsonObjectContextCustomizerFactory$DuplicateJsonObjectContextCustomizer@64d2d351, org.springframework.boot.test.mock.mockito.MockitoContextCustomizer@0, org.springframework.boot.test.autoconfigure.properties.PropertyMappingContextCustomizer@0, org.springframework.boot.test.autoconfigure.web.servlet.WebDriverContextCustomizerFactory$Customizer@52aa2946], contextLoader = 'org.springframework.test.context.support.DelegatingSmartContextLoader', parent = [null]]]
]]></system-out>
  </testcase>
  <testcase name="testIoNewMovementOutGoingLotsWardNull[Test with AUTOMATICLOT_IN=true, AUTOMATICLOT_OUT=false, AUTOMATICLOTWARD_TOWARD=true]" classname="org.isf.medicalstock.test.Tests" time="0.014">
    <system-out><![CDATA[[05/jul/2024 13:43:34] [:] INFO - Began transaction (1) for test context [DefaultTestContext@329af9b1 testClass = Tests, testInstance = org.isf.medicalstock.test.Tests@37521eee, testMethod = testIoNewMovementOutGoingLotsWardNull@Tests, testException = [null], mergedContextConfiguration = [MergedContextConfiguration@7535554e testClass = Tests, locations = '{classpath:applicationContext.xml, classpath:applicationContext.xml}', classes = '{}', contextInitializerClasses = '[]', activeProfiles = '{}', propertySourceLocations = '{}', propertySourceProperties = '{}', contextCustomizers = set[org.springframework.boot.test.context.filter.ExcludeFilterContextCustomizer@255b53dc, org.springframework.boot.test.json.DuplicateJsonObjectContextCustomizerFactory$DuplicateJsonObjectContextCustomizer@64d2d351, org.springframework.boot.test.mock.mockito.MockitoContextCustomizer@0, org.springframework.boot.test.autoconfigure.properties.PropertyMappingContextCustomizer@0, org.springframework.boot.test.autoconfigure.web.servlet.WebDriverContextCustomizerFactory$Customizer@52aa2946], contextLoader = 'org.springframework.test.context.support.DelegatingSmartContextLoader', parent = [null]]]; transaction manager [org.springframework.orm.jpa.JpaTransactionManager@4ece2750]; rollback [true]
[05/jul/2024 13:43:34] [:] INFO - Rolled back transaction for test: [DefaultTestContext@329af9b1 testClass = Tests, testInstance = org.isf.medicalstock.test.Tests@37521eee, testMethod = testIoNewMovementOutGoingLotsWardNull@Tests, testException = [null], mergedContextConfiguration = [MergedContextConfiguration@7535554e testClass = Tests, locations = '{classpath:applicationContext.xml, classpath:applicationContext.xml}', classes = '{}', contextInitializerClasses = '[]', activeProfiles = '{}', propertySourceLocations = '{}', propertySourceProperties = '{}', contextCustomizers = set[org.springframework.boot.test.context.filter.ExcludeFilterContextCustomizer@255b53dc, org.springframework.boot.test.json.DuplicateJsonObjectContextCustomizerFactory$DuplicateJsonObjectContextCustomizer@64d2d351, org.springframework.boot.test.mock.mockito.MockitoContextCustomizer@0, org.springframework.boot.test.autoconfigure.properties.PropertyMappingContextCustomizer@0, org.springframework.boot.test.autoconfigure.web.servlet.WebDriverContextCustomizerFactory$Customizer@52aa2946], contextLoader = 'org.springframework.test.context.support.DelegatingSmartContextLoader', parent = [null]]]
]]></system-out>
  </testcase>
  <testcase name="testIoGetMovementsWithParameters[Test with AUTOMATICLOT_IN=true, AUTOMATICLOT_OUT=false, AUTOMATICLOTWARD_TOWARD=true]" classname="org.isf.medicalstock.test.Tests" time="0.012">
    <system-out><![CDATA[[05/jul/2024 13:43:34] [:] INFO - Began transaction (1) for test context [DefaultTestContext@329af9b1 testClass = Tests, testInstance = org.isf.medicalstock.test.Tests@4decc8d0, testMethod = testIoGetMovementsWithParameters@Tests, testException = [null], mergedContextConfiguration = [MergedContextConfiguration@7535554e testClass = Tests, locations = '{classpath:applicationContext.xml, classpath:applicationContext.xml}', classes = '{}', contextInitializerClasses = '[]', activeProfiles = '{}', propertySourceLocations = '{}', propertySourceProperties = '{}', contextCustomizers = set[org.springframework.boot.test.context.filter.ExcludeFilterContextCustomizer@255b53dc, org.springframework.boot.test.json.DuplicateJsonObjectContextCustomizerFactory$DuplicateJsonObjectContextCustomizer@64d2d351, org.springframework.boot.test.mock.mockito.MockitoContextCustomizer@0, org.springframework.boot.test.autoconfigure.properties.PropertyMappingContextCustomizer@0, org.springframework.boot.test.autoconfigure.web.servlet.WebDriverContextCustomizerFactory$Customizer@52aa2946], contextLoader = 'org.springframework.test.context.support.DelegatingSmartContextLoader', parent = [null]]]; transaction manager [org.springframework.orm.jpa.JpaTransactionManager@4ece2750]; rollback [true]
[05/jul/2024 13:43:34] [:] INFO - Rolled back transaction for test: [DefaultTestContext@329af9b1 testClass = Tests, testInstance = org.isf.medicalstock.test.Tests@4decc8d0, testMethod = testIoGetMovementsWithParameters@Tests, testException = [null], mergedContextConfiguration = [MergedContextConfiguration@7535554e testClass = Tests, locations = '{classpath:applicationContext.xml, classpath:applicationContext.xml}', classes = '{}', contextInitializerClasses = '[]', activeProfiles = '{}', propertySourceLocations = '{}', propertySourceProperties = '{}', contextCustomizers = set[org.springframework.boot.test.context.filter.ExcludeFilterContextCustomizer@255b53dc, org.springframework.boot.test.json.DuplicateJsonObjectContextCustomizerFactory$DuplicateJsonObjectContextCustomizer@64d2d351, org.springframework.boot.test.mock.mockito.MockitoContextCustomizer@0, org.springframework.boot.test.autoconfigure.properties.PropertyMappingContextCustomizer@0, org.springframework.boot.test.autoconfigure.web.servlet.WebDriverContextCustomizerFactory$Customizer@52aa2946], contextLoader = 'org.springframework.test.context.support.DelegatingSmartContextLoader', parent = [null]]]
]]></system-out>
  </testcase>
  <testcase name="testMgrGetMovementsCheckMovParameters[Test with AUTOMATICLOT_IN=true, AUTOMATICLOT_OUT=false, AUTOMATICLOTWARD_TOWARD=true]" classname="org.isf.medicalstock.test.Tests" time="0.011">
    <system-out><![CDATA[[05/jul/2024 13:43:34] [:] INFO - Began transaction (1) for test context [DefaultTestContext@329af9b1 testClass = Tests, testInstance = org.isf.medicalstock.test.Tests@505f43d7, testMethod = testMgrGetMovementsCheckMovParameters@Tests, testException = [null], mergedContextConfiguration = [MergedContextConfiguration@7535554e testClass = Tests, locations = '{classpath:applicationContext.xml, classpath:applicationContext.xml}', classes = '{}', contextInitializerClasses = '[]', activeProfiles = '{}', propertySourceLocations = '{}', propertySourceProperties = '{}', contextCustomizers = set[org.springframework.boot.test.context.filter.ExcludeFilterContextCustomizer@255b53dc, org.springframework.boot.test.json.DuplicateJsonObjectContextCustomizerFactory$DuplicateJsonObjectContextCustomizer@64d2d351, org.springframework.boot.test.mock.mockito.MockitoContextCustomizer@0, org.springframework.boot.test.autoconfigure.properties.PropertyMappingContextCustomizer@0, org.springframework.boot.test.autoconfigure.web.servlet.WebDriverContextCustomizerFactory$Customizer@52aa2946], contextLoader = 'org.springframework.test.context.support.DelegatingSmartContextLoader', parent = [null]]]; transaction manager [org.springframework.orm.jpa.JpaTransactionManager@4ece2750]; rollback [true]
[05/jul/2024 13:43:34] [:] INFO - Rolled back transaction for test: [DefaultTestContext@329af9b1 testClass = Tests, testInstance = org.isf.medicalstock.test.Tests@505f43d7, testMethod = testMgrGetMovementsCheckMovParameters@Tests, testException = [null], mergedContextConfiguration = [MergedContextConfiguration@7535554e testClass = Tests, locations = '{classpath:applicationContext.xml, classpath:applicationContext.xml}', classes = '{}', contextInitializerClasses = '[]', activeProfiles = '{}', propertySourceLocations = '{}', propertySourceProperties = '{}', contextCustomizers = set[org.springframework.boot.test.context.filter.ExcludeFilterContextCustomizer@255b53dc, org.springframework.boot.test.json.DuplicateJsonObjectContextCustomizerFactory$DuplicateJsonObjectContextCustomizer@64d2d351, org.springframework.boot.test.mock.mockito.MockitoContextCustomizer@0, org.springframework.boot.test.autoconfigure.properties.PropertyMappingContextCustomizer@0, org.springframework.boot.test.autoconfigure.web.servlet.WebDriverContextCustomizerFactory$Customizer@52aa2946], contextLoader = 'org.springframework.test.context.support.DelegatingSmartContextLoader', parent = [null]]]
]]></system-out>
  </testcase>
  <testcase name="testIoGetMovementForPrintDateOrder[Test with AUTOMATICLOT_IN=true, AUTOMATICLOT_OUT=false, AUTOMATICLOTWARD_TOWARD=true]" classname="org.isf.medicalstock.test.Tests" time="0.009">
    <system-out><![CDATA[[05/jul/2024 13:43:34] [:] INFO - Began transaction (1) for test context [DefaultTestContext@329af9b1 testClass = Tests, testInstance = org.isf.medicalstock.test.Tests@365469e5, testMethod = testIoGetMovementForPrintDateOrder@Tests, testException = [null], mergedContextConfiguration = [MergedContextConfiguration@7535554e testClass = Tests, locations = '{classpath:applicationContext.xml, classpath:applicationContext.xml}', classes = '{}', contextInitializerClasses = '[]', activeProfiles = '{}', propertySourceLocations = '{}', propertySourceProperties = '{}', contextCustomizers = set[org.springframework.boot.test.context.filter.ExcludeFilterContextCustomizer@255b53dc, org.springframework.boot.test.json.DuplicateJsonObjectContextCustomizerFactory$DuplicateJsonObjectContextCustomizer@64d2d351, org.springframework.boot.test.mock.mockito.MockitoContextCustomizer@0, org.springframework.boot.test.autoconfigure.properties.PropertyMappingContextCustomizer@0, org.springframework.boot.test.autoconfigure.web.servlet.WebDriverContextCustomizerFactory$Customizer@52aa2946], contextLoader = 'org.springframework.test.context.support.DelegatingSmartContextLoader', parent = [null]]]; transaction manager [org.springframework.orm.jpa.JpaTransactionManager@4ece2750]; rollback [true]
[05/jul/2024 13:43:34] [:] INFO - Rolled back transaction for test: [DefaultTestContext@329af9b1 testClass = Tests, testInstance = org.isf.medicalstock.test.Tests@365469e5, testMethod = testIoGetMovementForPrintDateOrder@Tests, testException = [null], mergedContextConfiguration = [MergedContextConfiguration@7535554e testClass = Tests, locations = '{classpath:applicationContext.xml, classpath:applicationContext.xml}', classes = '{}', contextInitializerClasses = '[]', activeProfiles = '{}', propertySourceLocations = '{}', propertySourceProperties = '{}', contextCustomizers = set[org.springframework.boot.test.context.filter.ExcludeFilterContextCustomizer@255b53dc, org.springframework.boot.test.json.DuplicateJsonObjectContextCustomizerFactory$DuplicateJsonObjectContextCustomizer@64d2d351, org.springframework.boot.test.mock.mockito.MockitoContextCustomizer@0, org.springframework.boot.test.autoconfigure.properties.PropertyMappingContextCustomizer@0, org.springframework.boot.test.autoconfigure.web.servlet.WebDriverContextCustomizerFactory$Customizer@52aa2946], contextLoader = 'org.springframework.test.context.support.DelegatingSmartContextLoader', parent = [null]]]
]]></system-out>
  </testcase>
  <testcase name="testMovementToString[Test with AUTOMATICLOT_IN=true, AUTOMATICLOT_OUT=false, AUTOMATICLOTWARD_TOWARD=true]" classname="org.isf.medicalstock.test.Tests" time="0.013">
    <system-out><![CDATA[[05/jul/2024 13:43:34] [:] INFO - Began transaction (1) for test context [DefaultTestContext@329af9b1 testClass = Tests, testInstance = org.isf.medicalstock.test.Tests@6b69168, testMethod = testMovementToString@Tests, testException = [null], mergedContextConfiguration = [MergedContextConfiguration@7535554e testClass = Tests, locations = '{classpath:applicationContext.xml, classpath:applicationContext.xml}', classes = '{}', contextInitializerClasses = '[]', activeProfiles = '{}', propertySourceLocations = '{}', propertySourceProperties = '{}', contextCustomizers = set[org.springframework.boot.test.context.filter.ExcludeFilterContextCustomizer@255b53dc, org.springframework.boot.test.json.DuplicateJsonObjectContextCustomizerFactory$DuplicateJsonObjectContextCustomizer@64d2d351, org.springframework.boot.test.mock.mockito.MockitoContextCustomizer@0, org.springframework.boot.test.autoconfigure.properties.PropertyMappingContextCustomizer@0, org.springframework.boot.test.autoconfigure.web.servlet.WebDriverContextCustomizerFactory$Customizer@52aa2946], contextLoader = 'org.springframework.test.context.support.DelegatingSmartContextLoader', parent = [null]]]; transaction manager [org.springframework.orm.jpa.JpaTransactionManager@4ece2750]; rollback [true]
[05/jul/2024 13:43:34] [:] INFO - Rolled back transaction for test: [DefaultTestContext@329af9b1 testClass = Tests, testInstance = org.isf.medicalstock.test.Tests@6b69168, testMethod = testMovementToString@Tests, testException = [null], mergedContextConfiguration = [MergedContextConfiguration@7535554e testClass = Tests, locations = '{classpath:applicationContext.xml, classpath:applicationContext.xml}', classes = '{}', contextInitializerClasses = '[]', activeProfiles = '{}', propertySourceLocations = '{}', propertySourceProperties = '{}', contextCustomizers = set[org.springframework.boot.test.context.filter.ExcludeFilterContextCustomizer@255b53dc, org.springframework.boot.test.json.DuplicateJsonObjectContextCustomizerFactory$DuplicateJsonObjectContextCustomizer@64d2d351, org.springframework.boot.test.mock.mockito.MockitoContextCustomizer@0, org.springframework.boot.test.autoconfigure.properties.PropertyMappingContextCustomizer@0, org.springframework.boot.test.autoconfigure.web.servlet.WebDriverContextCustomizerFactory$Customizer@52aa2946], contextLoader = 'org.springframework.test.context.support.DelegatingSmartContextLoader', parent = [null]]]
]]></system-out>
  </testcase>
  <testcase name="testMgrGetMovementsCheckLotPrepParameters[Test with AUTOMATICLOT_IN=true, AUTOMATICLOT_OUT=false, AUTOMATICLOTWARD_TOWARD=true]" classname="org.isf.medicalstock.test.Tests" time="0.007">
    <system-out><![CDATA[[05/jul/2024 13:43:34] [:] INFO - Began transaction (1) for test context [DefaultTestContext@329af9b1 testClass = Tests, testInstance = org.isf.medicalstock.test.Tests@34944b11, testMethod = testMgrGetMovementsCheckLotPrepParameters@Tests, testException = [null], mergedContextConfiguration = [MergedContextConfiguration@7535554e testClass = Tests, locations = '{classpath:applicationContext.xml, classpath:applicationContext.xml}', classes = '{}', contextInitializerClasses = '[]', activeProfiles = '{}', propertySourceLocations = '{}', propertySourceProperties = '{}', contextCustomizers = set[org.springframework.boot.test.context.filter.ExcludeFilterContextCustomizer@255b53dc, org.springframework.boot.test.json.DuplicateJsonObjectContextCustomizerFactory$DuplicateJsonObjectContextCustomizer@64d2d351, org.springframework.boot.test.mock.mockito.MockitoContextCustomizer@0, org.springframework.boot.test.autoconfigure.properties.PropertyMappingContextCustomizer@0, org.springframework.boot.test.autoconfigure.web.servlet.WebDriverContextCustomizerFactory$Customizer@52aa2946], contextLoader = 'org.springframework.test.context.support.DelegatingSmartContextLoader', parent = [null]]]; transaction manager [org.springframework.orm.jpa.JpaTransactionManager@4ece2750]; rollback [true]
[05/jul/2024 13:43:34] [:] INFO - Rolled back transaction for test: [DefaultTestContext@329af9b1 testClass = Tests, testInstance = org.isf.medicalstock.test.Tests@34944b11, testMethod = testMgrGetMovementsCheckLotPrepParameters@Tests, testException = [null], mergedContextConfiguration = [MergedContextConfiguration@7535554e testClass = Tests, locations = '{classpath:applicationContext.xml, classpath:applicationContext.xml}', classes = '{}', contextInitializerClasses = '[]', activeProfiles = '{}', propertySourceLocations = '{}', propertySourceProperties = '{}', contextCustomizers = set[org.springframework.boot.test.context.filter.ExcludeFilterContextCustomizer@255b53dc, org.springframework.boot.test.json.DuplicateJsonObjectContextCustomizerFactory$DuplicateJsonObjectContextCustomizer@64d2d351, org.springframework.boot.test.mock.mockito.MockitoContextCustomizer@0, org.springframework.boot.test.autoconfigure.properties.PropertyMappingContextCustomizer@0, org.springframework.boot.test.autoconfigure.web.servlet.WebDriverContextCustomizerFactory$Customizer@52aa2946], contextLoader = 'org.springframework.test.context.support.DelegatingSmartContextLoader', parent = [null]]]
]]></system-out>
  </testcase>
  <testcase name="testMgrValidateNullMovementType[Test with AUTOMATICLOT_IN=true, AUTOMATICLOT_OUT=false, AUTOMATICLOTWARD_TOWARD=true]" classname="org.isf.medicalstock.test.Tests" time="0.013">
    <system-out><![CDATA[[05/jul/2024 13:43:34] [:] INFO - Began transaction (1) for test context [DefaultTestContext@329af9b1 testClass = Tests, testInstance = org.isf.medicalstock.test.Tests@b8b0580, testMethod = testMgrValidateNullMovementType@Tests, testException = [null], mergedContextConfiguration = [MergedContextConfiguration@7535554e testClass = Tests, locations = '{classpath:applicationContext.xml, classpath:applicationContext.xml}', classes = '{}', contextInitializerClasses = '[]', activeProfiles = '{}', propertySourceLocations = '{}', propertySourceProperties = '{}', contextCustomizers = set[org.springframework.boot.test.context.filter.ExcludeFilterContextCustomizer@255b53dc, org.springframework.boot.test.json.DuplicateJsonObjectContextCustomizerFactory$DuplicateJsonObjectContextCustomizer@64d2d351, org.springframework.boot.test.mock.mockito.MockitoContextCustomizer@0, org.springframework.boot.test.autoconfigure.properties.PropertyMappingContextCustomizer@0, org.springframework.boot.test.autoconfigure.web.servlet.WebDriverContextCustomizerFactory$Customizer@52aa2946], contextLoader = 'org.springframework.test.context.support.DelegatingSmartContextLoader', parent = [null]]]; transaction manager [org.springframework.orm.jpa.JpaTransactionManager@4ece2750]; rollback [true]
[05/jul/2024 13:43:34] [:] INFO - Rolled back transaction for test: [DefaultTestContext@329af9b1 testClass = Tests, testInstance = org.isf.medicalstock.test.Tests@b8b0580, testMethod = testMgrValidateNullMovementType@Tests, testException = [null], mergedContextConfiguration = [MergedContextConfiguration@7535554e testClass = Tests, locations = '{classpath:applicationContext.xml, classpath:applicationContext.xml}', classes = '{}', contextInitializerClasses = '[]', activeProfiles = '{}', propertySourceLocations = '{}', propertySourceProperties = '{}', contextCustomizers = set[org.springframework.boot.test.context.filter.ExcludeFilterContextCustomizer@255b53dc, org.springframework.boot.test.json.DuplicateJsonObjectContextCustomizerFactory$DuplicateJsonObjectContextCustomizer@64d2d351, org.springframework.boot.test.mock.mockito.MockitoContextCustomizer@0, org.springframework.boot.test.autoconfigure.properties.PropertyMappingContextCustomizer@0, org.springframework.boot.test.autoconfigure.web.servlet.WebDriverContextCustomizerFactory$Customizer@52aa2946], contextLoader = 'org.springframework.test.context.support.DelegatingSmartContextLoader', parent = [null]]]
]]></system-out>
  </testcase>
  <testcase name="testMgrGetMovementsCheckLotDueParameters[Test with AUTOMATICLOT_IN=true, AUTOMATICLOT_OUT=false, AUTOMATICLOTWARD_TOWARD=true]" classname="org.isf.medicalstock.test.Tests" time="0.021">
    <system-out><![CDATA[[05/jul/2024 13:43:34] [:] INFO - Began transaction (1) for test context [DefaultTestContext@329af9b1 testClass = Tests, testInstance = org.isf.medicalstock.test.Tests@a17afb8, testMethod = testMgrGetMovementsCheckLotDueParameters@Tests, testException = [null], mergedContextConfiguration = [MergedContextConfiguration@7535554e testClass = Tests, locations = '{classpath:applicationContext.xml, classpath:applicationContext.xml}', classes = '{}', contextInitializerClasses = '[]', activeProfiles = '{}', propertySourceLocations = '{}', propertySourceProperties = '{}', contextCustomizers = set[org.springframework.boot.test.context.filter.ExcludeFilterContextCustomizer@255b53dc, org.springframework.boot.test.json.DuplicateJsonObjectContextCustomizerFactory$DuplicateJsonObjectContextCustomizer@64d2d351, org.springframework.boot.test.mock.mockito.MockitoContextCustomizer@0, org.springframework.boot.test.autoconfigure.properties.PropertyMappingContextCustomizer@0, org.springframework.boot.test.autoconfigure.web.servlet.WebDriverContextCustomizerFactory$Customizer@52aa2946], contextLoader = 'org.springframework.test.context.support.DelegatingSmartContextLoader', parent = [null]]]; transaction manager [org.springframework.orm.jpa.JpaTransactionManager@4ece2750]; rollback [true]
[05/jul/2024 13:43:34] [:] INFO - Rolled back transaction for test: [DefaultTestContext@329af9b1 testClass = Tests, testInstance = org.isf.medicalstock.test.Tests@a17afb8, testMethod = testMgrGetMovementsCheckLotDueParameters@Tests, testException = [null], mergedContextConfiguration = [MergedContextConfiguration@7535554e testClass = Tests, locations = '{classpath:applicationContext.xml, classpath:applicationContext.xml}', classes = '{}', contextInitializerClasses = '[]', activeProfiles = '{}', propertySourceLocations = '{}', propertySourceProperties = '{}', contextCustomizers = set[org.springframework.boot.test.context.filter.ExcludeFilterContextCustomizer@255b53dc, org.springframework.boot.test.json.DuplicateJsonObjectContextCustomizerFactory$DuplicateJsonObjectContextCustomizer@64d2d351, org.springframework.boot.test.mock.mockito.MockitoContextCustomizer@0, org.springframework.boot.test.autoconfigure.properties.PropertyMappingContextCustomizer@0, org.springframework.boot.test.autoconfigure.web.servlet.WebDriverContextCustomizerFactory$Customizer@52aa2946], contextLoader = 'org.springframework.test.context.support.DelegatingSmartContextLoader', parent = [null]]]
]]></system-out>
  </testcase>
  <testcase name="testLotHashCode[Test with AUTOMATICLOT_IN=true, AUTOMATICLOT_OUT=false, AUTOMATICLOTWARD_TOWARD=true]" classname="org.isf.medicalstock.test.Tests" time="0.001">
    <system-out><![CDATA[[05/jul/2024 13:43:34] [:] INFO - Began transaction (1) for test context [DefaultTestContext@329af9b1 testClass = Tests, testInstance = org.isf.medicalstock.test.Tests@347b359c, testMethod = testLotHashCode@Tests, testException = [null], mergedContextConfiguration = [MergedContextConfiguration@7535554e testClass = Tests, locations = '{classpath:applicationContext.xml, classpath:applicationContext.xml}', classes = '{}', contextInitializerClasses = '[]', activeProfiles = '{}', propertySourceLocations = '{}', propertySourceProperties = '{}', contextCustomizers = set[org.springframework.boot.test.context.filter.ExcludeFilterContextCustomizer@255b53dc, org.springframework.boot.test.json.DuplicateJsonObjectContextCustomizerFactory$DuplicateJsonObjectContextCustomizer@64d2d351, org.springframework.boot.test.mock.mockito.MockitoContextCustomizer@0, org.springframework.boot.test.autoconfigure.properties.PropertyMappingContextCustomizer@0, org.springframework.boot.test.autoconfigure.web.servlet.WebDriverContextCustomizerFactory$Customizer@52aa2946], contextLoader = 'org.springframework.test.context.support.DelegatingSmartContextLoader', parent = [null]]]; transaction manager [org.springframework.orm.jpa.JpaTransactionManager@4ece2750]; rollback [true]
[05/jul/2024 13:43:34] [:] INFO - Rolled back transaction for test: [DefaultTestContext@329af9b1 testClass = Tests, testInstance = org.isf.medicalstock.test.Tests@347b359c, testMethod = testLotHashCode@Tests, testException = [null], mergedContextConfiguration = [MergedContextConfiguration@7535554e testClass = Tests, locations = '{classpath:applicationContext.xml, classpath:applicationContext.xml}', classes = '{}', contextInitializerClasses = '[]', activeProfiles = '{}', propertySourceLocations = '{}', propertySourceProperties = '{}', contextCustomizers = set[org.springframework.boot.test.context.filter.ExcludeFilterContextCustomizer@255b53dc, org.springframework.boot.test.json.DuplicateJsonObjectContextCustomizerFactory$DuplicateJsonObjectContextCustomizer@64d2d351, org.springframework.boot.test.mock.mockito.MockitoContextCustomizer@0, org.springframework.boot.test.autoconfigure.properties.PropertyMappingContextCustomizer@0, org.springframework.boot.test.autoconfigure.web.servlet.WebDriverContextCustomizerFactory$Customizer@52aa2946], contextLoader = 'org.springframework.test.context.support.DelegatingSmartContextLoader', parent = [null]]]
]]></system-out>
  </testcase>
  <testcase name="testLotIsValidLot[Test with AUTOMATICLOT_IN=true, AUTOMATICLOT_OUT=false, AUTOMATICLOTWARD_TOWARD=true]" classname="org.isf.medicalstock.test.Tests" time="0.013">
    <system-out><![CDATA[[05/jul/2024 13:43:34] [:] INFO - Began transaction (1) for test context [DefaultTestContext@329af9b1 testClass = Tests, testInstance = org.isf.medicalstock.test.Tests@12b2055b, testMethod = testLotIsValidLot@Tests, testException = [null], mergedContextConfiguration = [MergedContextConfiguration@7535554e testClass = Tests, locations = '{classpath:applicationContext.xml, classpath:applicationContext.xml}', classes = '{}', contextInitializerClasses = '[]', activeProfiles = '{}', propertySourceLocations = '{}', propertySourceProperties = '{}', contextCustomizers = set[org.springframework.boot.test.context.filter.ExcludeFilterContextCustomizer@255b53dc, org.springframework.boot.test.json.DuplicateJsonObjectContextCustomizerFactory$DuplicateJsonObjectContextCustomizer@64d2d351, org.springframework.boot.test.mock.mockito.MockitoContextCustomizer@0, org.springframework.boot.test.autoconfigure.properties.PropertyMappingContextCustomizer@0, org.springframework.boot.test.autoconfigure.web.servlet.WebDriverContextCustomizerFactory$Customizer@52aa2946], contextLoader = 'org.springframework.test.context.support.DelegatingSmartContextLoader', parent = [null]]]; transaction manager [org.springframework.orm.jpa.JpaTransactionManager@4ece2750]; rollback [true]
[05/jul/2024 13:43:34] [:] INFO - Rolled back transaction for test: [DefaultTestContext@329af9b1 testClass = Tests, testInstance = org.isf.medicalstock.test.Tests@12b2055b, testMethod = testLotIsValidLot@Tests, testException = [null], mergedContextConfiguration = [MergedContextConfiguration@7535554e testClass = Tests, locations = '{classpath:applicationContext.xml, classpath:applicationContext.xml}', classes = '{}', contextInitializerClasses = '[]', activeProfiles = '{}', propertySourceLocations = '{}', propertySourceProperties = '{}', contextCustomizers = set[org.springframework.boot.test.context.filter.ExcludeFilterContextCustomizer@255b53dc, org.springframework.boot.test.json.DuplicateJsonObjectContextCustomizerFactory$DuplicateJsonObjectContextCustomizer@64d2d351, org.springframework.boot.test.mock.mockito.MockitoContextCustomizer@0, org.springframework.boot.test.autoconfigure.properties.PropertyMappingContextCustomizer@0, org.springframework.boot.test.autoconfigure.web.servlet.WebDriverContextCustomizerFactory$Customizer@52aa2946], contextLoader = 'org.springframework.test.context.support.DelegatingSmartContextLoader', parent = [null]]]
]]></system-out>
  </testcase>
  <testcase name="testMgrGetLotsByMedical[Test with AUTOMATICLOT_IN=true, AUTOMATICLOT_OUT=false, AUTOMATICLOTWARD_TOWARD=true]" classname="org.isf.medicalstock.test.Tests" time="0.015">
    <system-out><![CDATA[[05/jul/2024 13:43:34] [:] INFO - Began transaction (1) for test context [DefaultTestContext@329af9b1 testClass = Tests, testInstance = org.isf.medicalstock.test.Tests@2496a0a1, testMethod = testMgrGetLotsByMedical@Tests, testException = [null], mergedContextConfiguration = [MergedContextConfiguration@7535554e testClass = Tests, locations = '{classpath:applicationContext.xml, classpath:applicationContext.xml}', classes = '{}', contextInitializerClasses = '[]', activeProfiles = '{}', propertySourceLocations = '{}', propertySourceProperties = '{}', contextCustomizers = set[org.springframework.boot.test.context.filter.ExcludeFilterContextCustomizer@255b53dc, org.springframework.boot.test.json.DuplicateJsonObjectContextCustomizerFactory$DuplicateJsonObjectContextCustomizer@64d2d351, org.springframework.boot.test.mock.mockito.MockitoContextCustomizer@0, org.springframework.boot.test.autoconfigure.properties.PropertyMappingContextCustomizer@0, org.springframework.boot.test.autoconfigure.web.servlet.WebDriverContextCustomizerFactory$Customizer@52aa2946], contextLoader = 'org.springframework.test.context.support.DelegatingSmartContextLoader', parent = [null]]]; transaction manager [org.springframework.orm.jpa.JpaTransactionManager@4ece2750]; rollback [true]
[05/jul/2024 13:43:34] [:] INFO - Rolled back transaction for test: [DefaultTestContext@329af9b1 testClass = Tests, testInstance = org.isf.medicalstock.test.Tests@2496a0a1, testMethod = testMgrGetLotsByMedical@Tests, testException = [null], mergedContextConfiguration = [MergedContextConfiguration@7535554e testClass = Tests, locations = '{classpath:applicationContext.xml, classpath:applicationContext.xml}', classes = '{}', contextInitializerClasses = '[]', activeProfiles = '{}', propertySourceLocations = '{}', propertySourceProperties = '{}', contextCustomizers = set[org.springframework.boot.test.context.filter.ExcludeFilterContextCustomizer@255b53dc, org.springframework.boot.test.json.DuplicateJsonObjectContextCustomizerFactory$DuplicateJsonObjectContextCustomizer@64d2d351, org.springframework.boot.test.mock.mockito.MockitoContextCustomizer@0, org.springframework.boot.test.autoconfigure.properties.PropertyMappingContextCustomizer@0, org.springframework.boot.test.autoconfigure.web.servlet.WebDriverContextCustomizerFactory$Customizer@52aa2946], contextLoader = 'org.springframework.test.context.support.DelegatingSmartContextLoader', parent = [null]]]
]]></system-out>
  </testcase>
  <testcase name="testIoRefNoExists[Test with AUTOMATICLOT_IN=true, AUTOMATICLOT_OUT=false, AUTOMATICLOTWARD_TOWARD=true]" classname="org.isf.medicalstock.test.Tests" time="0.012">
    <system-out><![CDATA[[05/jul/2024 13:43:34] [:] INFO - Began transaction (1) for test context [DefaultTestContext@329af9b1 testClass = Tests, testInstance = org.isf.medicalstock.test.Tests@60360587, testMethod = testIoRefNoExists@Tests, testException = [null], mergedContextConfiguration = [MergedContextConfiguration@7535554e testClass = Tests, locations = '{classpath:applicationContext.xml, classpath:applicationContext.xml}', classes = '{}', contextInitializerClasses = '[]', activeProfiles = '{}', propertySourceLocations = '{}', propertySourceProperties = '{}', contextCustomizers = set[org.springframework.boot.test.context.filter.ExcludeFilterContextCustomizer@255b53dc, org.springframework.boot.test.json.DuplicateJsonObjectContextCustomizerFactory$DuplicateJsonObjectContextCustomizer@64d2d351, org.springframework.boot.test.mock.mockito.MockitoContextCustomizer@0, org.springframework.boot.test.autoconfigure.properties.PropertyMappingContextCustomizer@0, org.springframework.boot.test.autoconfigure.web.servlet.WebDriverContextCustomizerFactory$Customizer@52aa2946], contextLoader = 'org.springframework.test.context.support.DelegatingSmartContextLoader', parent = [null]]]; transaction manager [org.springframework.orm.jpa.JpaTransactionManager@4ece2750]; rollback [true]
[05/jul/2024 13:43:34] [:] INFO - Rolled back transaction for test: [DefaultTestContext@329af9b1 testClass = Tests, testInstance = org.isf.medicalstock.test.Tests@60360587, testMethod = testIoRefNoExists@Tests, testException = [null], mergedContextConfiguration = [MergedContextConfiguration@7535554e testClass = Tests, locations = '{classpath:applicationContext.xml, classpath:applicationContext.xml}', classes = '{}', contextInitializerClasses = '[]', activeProfiles = '{}', propertySourceLocations = '{}', propertySourceProperties = '{}', contextCustomizers = set[org.springframework.boot.test.context.filter.ExcludeFilterContextCustomizer@255b53dc, org.springframework.boot.test.json.DuplicateJsonObjectContextCustomizerFactory$DuplicateJsonObjectContextCustomizer@64d2d351, org.springframework.boot.test.mock.mockito.MockitoContextCustomizer@0, org.springframework.boot.test.autoconfigure.properties.PropertyMappingContextCustomizer@0, org.springframework.boot.test.autoconfigure.web.servlet.WebDriverContextCustomizerFactory$Customizer@52aa2946], contextLoader = 'org.springframework.test.context.support.DelegatingSmartContextLoader', parent = [null]]]
]]></system-out>
  </testcase>
  <testcase name="testIoGetLotsByMedical[Test with AUTOMATICLOT_IN=true, AUTOMATICLOT_OUT=false, AUTOMATICLOTWARD_TOWARD=true]" classname="org.isf.medicalstock.test.Tests" time="0.012">
    <system-out><![CDATA[[05/jul/2024 13:43:34] [:] INFO - Began transaction (1) for test context [DefaultTestContext@329af9b1 testClass = Tests, testInstance = org.isf.medicalstock.test.Tests@3734dbee, testMethod = testIoGetLotsByMedical@Tests, testException = [null], mergedContextConfiguration = [MergedContextConfiguration@7535554e testClass = Tests, locations = '{classpath:applicationContext.xml, classpath:applicationContext.xml}', classes = '{}', contextInitializerClasses = '[]', activeProfiles = '{}', propertySourceLocations = '{}', propertySourceProperties = '{}', contextCustomizers = set[org.springframework.boot.test.context.filter.ExcludeFilterContextCustomizer@255b53dc, org.springframework.boot.test.json.DuplicateJsonObjectContextCustomizerFactory$DuplicateJsonObjectContextCustomizer@64d2d351, org.springframework.boot.test.mock.mockito.MockitoContextCustomizer@0, org.springframework.boot.test.autoconfigure.properties.PropertyMappingContextCustomizer@0, org.springframework.boot.test.autoconfigure.web.servlet.WebDriverContextCustomizerFactory$Customizer@52aa2946], contextLoader = 'org.springframework.test.context.support.DelegatingSmartContextLoader', parent = [null]]]; transaction manager [org.springframework.orm.jpa.JpaTransactionManager@4ece2750]; rollback [true]
[05/jul/2024 13:43:34] [:] INFO - Rolled back transaction for test: [DefaultTestContext@329af9b1 testClass = Tests, testInstance = org.isf.medicalstock.test.Tests@3734dbee, testMethod = testIoGetLotsByMedical@Tests, testException = [null], mergedContextConfiguration = [MergedContextConfiguration@7535554e testClass = Tests, locations = '{classpath:applicationContext.xml, classpath:applicationContext.xml}', classes = '{}', contextInitializerClasses = '[]', activeProfiles = '{}', propertySourceLocations = '{}', propertySourceProperties = '{}', contextCustomizers = set[org.springframework.boot.test.context.filter.ExcludeFilterContextCustomizer@255b53dc, org.springframework.boot.test.json.DuplicateJsonObjectContextCustomizerFactory$DuplicateJsonObjectContextCustomizer@64d2d351, org.springframework.boot.test.mock.mockito.MockitoContextCustomizer@0, org.springframework.boot.test.autoconfigure.properties.PropertyMappingContextCustomizer@0, org.springframework.boot.test.autoconfigure.web.servlet.WebDriverContextCustomizerFactory$Customizer@52aa2946], contextLoader = 'org.springframework.test.context.support.DelegatingSmartContextLoader', parent = [null]]]
]]></system-out>
  </testcase>
  <testcase name="testIoNewAutomaticDischargingMovement[Test with AUTOMATICLOT_IN=true, AUTOMATICLOT_OUT=false, AUTOMATICLOTWARD_TOWARD=true]" classname="org.isf.medicalstock.test.Tests" time="0.012">
    <system-out><![CDATA[[05/jul/2024 13:43:34] [:] INFO - Began transaction (1) for test context [DefaultTestContext@329af9b1 testClass = Tests, testInstance = org.isf.medicalstock.test.Tests@79d0979d, testMethod = testIoNewAutomaticDischargingMovement@Tests, testException = [null], mergedContextConfiguration = [MergedContextConfiguration@7535554e testClass = Tests, locations = '{classpath:applicationContext.xml, classpath:applicationContext.xml}', classes = '{}', contextInitializerClasses = '[]', activeProfiles = '{}', propertySourceLocations = '{}', propertySourceProperties = '{}', contextCustomizers = set[org.springframework.boot.test.context.filter.ExcludeFilterContextCustomizer@255b53dc, org.springframework.boot.test.json.DuplicateJsonObjectContextCustomizerFactory$DuplicateJsonObjectContextCustomizer@64d2d351, org.springframework.boot.test.mock.mockito.MockitoContextCustomizer@0, org.springframework.boot.test.autoconfigure.properties.PropertyMappingContextCustomizer@0, org.springframework.boot.test.autoconfigure.web.servlet.WebDriverContextCustomizerFactory$Customizer@52aa2946], contextLoader = 'org.springframework.test.context.support.DelegatingSmartContextLoader', parent = [null]]]; transaction manager [org.springframework.orm.jpa.JpaTransactionManager@4ece2750]; rollback [true]
[05/jul/2024 13:43:34] [:] INFO - Rolled back transaction for test: [DefaultTestContext@329af9b1 testClass = Tests, testInstance = org.isf.medicalstock.test.Tests@79d0979d, testMethod = testIoNewAutomaticDischargingMovement@Tests, testException = [null], mergedContextConfiguration = [MergedContextConfiguration@7535554e testClass = Tests, locations = '{classpath:applicationContext.xml, classpath:applicationContext.xml}', classes = '{}', contextInitializerClasses = '[]', activeProfiles = '{}', propertySourceLocations = '{}', propertySourceProperties = '{}', contextCustomizers = set[org.springframework.boot.test.context.filter.ExcludeFilterContextCustomizer@255b53dc, org.springframework.boot.test.json.DuplicateJsonObjectContextCustomizerFactory$DuplicateJsonObjectContextCustomizer@64d2d351, org.springframework.boot.test.mock.mockito.MockitoContextCustomizer@0, org.springframework.boot.test.autoconfigure.properties.PropertyMappingContextCustomizer@0, org.springframework.boot.test.autoconfigure.web.servlet.WebDriverContextCustomizerFactory$Customizer@52aa2946], contextLoader = 'org.springframework.test.context.support.DelegatingSmartContextLoader', parent = [null]]]
]]></system-out>
  </testcase>
  <testcase name="testIoGetMovementForPrintTypeOrder[Test with AUTOMATICLOT_IN=true, AUTOMATICLOT_OUT=false, AUTOMATICLOTWARD_TOWARD=true]" classname="org.isf.medicalstock.test.Tests" time="0.011">
    <system-out><![CDATA[[05/jul/2024 13:43:34] [:] INFO - Began transaction (1) for test context [DefaultTestContext@329af9b1 testClass = Tests, testInstance = org.isf.medicalstock.test.Tests@45d79e1d, testMethod = testIoGetMovementForPrintTypeOrder@Tests, testException = [null], mergedContextConfiguration = [MergedContextConfiguration@7535554e testClass = Tests, locations = '{classpath:applicationContext.xml, classpath:applicationContext.xml}', classes = '{}', contextInitializerClasses = '[]', activeProfiles = '{}', propertySourceLocations = '{}', propertySourceProperties = '{}', contextCustomizers = set[org.springframework.boot.test.context.filter.ExcludeFilterContextCustomizer@255b53dc, org.springframework.boot.test.json.DuplicateJsonObjectContextCustomizerFactory$DuplicateJsonObjectContextCustomizer@64d2d351, org.springframework.boot.test.mock.mockito.MockitoContextCustomizer@0, org.springframework.boot.test.autoconfigure.properties.PropertyMappingContextCustomizer@0, org.springframework.boot.test.autoconfigure.web.servlet.WebDriverContextCustomizerFactory$Customizer@52aa2946], contextLoader = 'org.springframework.test.context.support.DelegatingSmartContextLoader', parent = [null]]]; transaction manager [org.springframework.orm.jpa.JpaTransactionManager@4ece2750]; rollback [true]
[05/jul/2024 13:43:34] [:] INFO - Rolled back transaction for test: [DefaultTestContext@329af9b1 testClass = Tests, testInstance = org.isf.medicalstock.test.Tests@45d79e1d, testMethod = testIoGetMovementForPrintTypeOrder@Tests, testException = [null], mergedContextConfiguration = [MergedContextConfiguration@7535554e testClass = Tests, locations = '{classpath:applicationContext.xml, classpath:applicationContext.xml}', classes = '{}', contextInitializerClasses = '[]', activeProfiles = '{}', propertySourceLocations = '{}', propertySourceProperties = '{}', contextCustomizers = set[org.springframework.boot.test.context.filter.ExcludeFilterContextCustomizer@255b53dc, org.springframework.boot.test.json.DuplicateJsonObjectContextCustomizerFactory$DuplicateJsonObjectContextCustomizer@64d2d351, org.springframework.boot.test.mock.mockito.MockitoContextCustomizer@0, org.springframework.boot.test.autoconfigure.properties.PropertyMappingContextCustomizer@0, org.springframework.boot.test.autoconfigure.web.servlet.WebDriverContextCustomizerFactory$Customizer@52aa2946], contextLoader = 'org.springframework.test.context.support.DelegatingSmartContextLoader', parent = [null]]]
]]></system-out>
  </testcase>
  <testcase name="testMgrValidateLotPrepationDateNull[Test with AUTOMATICLOT_IN=true, AUTOMATICLOT_OUT=false, AUTOMATICLOTWARD_TOWARD=true]" classname="org.isf.medicalstock.test.Tests" time="0.012">
    <system-out><![CDATA[[05/jul/2024 13:43:34] [:] INFO - Began transaction (1) for test context [DefaultTestContext@329af9b1 testClass = Tests, testInstance = org.isf.medicalstock.test.Tests@26775b3c, testMethod = testMgrValidateLotPrepationDateNull@Tests, testException = [null], mergedContextConfiguration = [MergedContextConfiguration@7535554e testClass = Tests, locations = '{classpath:applicationContext.xml, classpath:applicationContext.xml}', classes = '{}', contextInitializerClasses = '[]', activeProfiles = '{}', propertySourceLocations = '{}', propertySourceProperties = '{}', contextCustomizers = set[org.springframework.boot.test.context.filter.ExcludeFilterContextCustomizer@255b53dc, org.springframework.boot.test.json.DuplicateJsonObjectContextCustomizerFactory$DuplicateJsonObjectContextCustomizer@64d2d351, org.springframework.boot.test.mock.mockito.MockitoContextCustomizer@0, org.springframework.boot.test.autoconfigure.properties.PropertyMappingContextCustomizer@0, org.springframework.boot.test.autoconfigure.web.servlet.WebDriverContextCustomizerFactory$Customizer@52aa2946], contextLoader = 'org.springframework.test.context.support.DelegatingSmartContextLoader', parent = [null]]]; transaction manager [org.springframework.orm.jpa.JpaTransactionManager@4ece2750]; rollback [true]
[05/jul/2024 13:43:34] [:] INFO - Rolled back transaction for test: [DefaultTestContext@329af9b1 testClass = Tests, testInstance = org.isf.medicalstock.test.Tests@26775b3c, testMethod = testMgrValidateLotPrepationDateNull@Tests, testException = [null], mergedContextConfiguration = [MergedContextConfiguration@7535554e testClass = Tests, locations = '{classpath:applicationContext.xml, classpath:applicationContext.xml}', classes = '{}', contextInitializerClasses = '[]', activeProfiles = '{}', propertySourceLocations = '{}', propertySourceProperties = '{}', contextCustomizers = set[org.springframework.boot.test.context.filter.ExcludeFilterContextCustomizer@255b53dc, org.springframework.boot.test.json.DuplicateJsonObjectContextCustomizerFactory$DuplicateJsonObjectContextCustomizer@64d2d351, org.springframework.boot.test.mock.mockito.MockitoContextCustomizer@0, org.springframework.boot.test.autoconfigure.properties.PropertyMappingContextCustomizer@0, org.springframework.boot.test.autoconfigure.web.servlet.WebDriverContextCustomizerFactory$Customizer@52aa2946], contextLoader = 'org.springframework.test.context.support.DelegatingSmartContextLoader', parent = [null]]]
]]></system-out>
  </testcase>
  <testcase name="testIoNewMovementAutomaticLotMode[Test with AUTOMATICLOT_IN=true, AUTOMATICLOT_OUT=false, AUTOMATICLOTWARD_TOWARD=true]" classname="org.isf.medicalstock.test.Tests" time="0.011">
    <system-out><![CDATA[[05/jul/2024 13:43:34] [:] INFO - Began transaction (1) for test context [DefaultTestContext@329af9b1 testClass = Tests, testInstance = org.isf.medicalstock.test.Tests@4e7b301a, testMethod = testIoNewMovementAutomaticLotMode@Tests, testException = [null], mergedContextConfiguration = [MergedContextConfiguration@7535554e testClass = Tests, locations = '{classpath:applicationContext.xml, classpath:applicationContext.xml}', classes = '{}', contextInitializerClasses = '[]', activeProfiles = '{}', propertySourceLocations = '{}', propertySourceProperties = '{}', contextCustomizers = set[org.springframework.boot.test.context.filter.ExcludeFilterContextCustomizer@255b53dc, org.springframework.boot.test.json.DuplicateJsonObjectContextCustomizerFactory$DuplicateJsonObjectContextCustomizer@64d2d351, org.springframework.boot.test.mock.mockito.MockitoContextCustomizer@0, org.springframework.boot.test.autoconfigure.properties.PropertyMappingContextCustomizer@0, org.springframework.boot.test.autoconfigure.web.servlet.WebDriverContextCustomizerFactory$Customizer@52aa2946], contextLoader = 'org.springframework.test.context.support.DelegatingSmartContextLoader', parent = [null]]]; transaction manager [org.springframework.orm.jpa.JpaTransactionManager@4ece2750]; rollback [true]
[05/jul/2024 13:43:34] [:] INFO - Rolled back transaction for test: [DefaultTestContext@329af9b1 testClass = Tests, testInstance = org.isf.medicalstock.test.Tests@4e7b301a, testMethod = testIoNewMovementAutomaticLotMode@Tests, testException = [null], mergedContextConfiguration = [MergedContextConfiguration@7535554e testClass = Tests, locations = '{classpath:applicationContext.xml, classpath:applicationContext.xml}', classes = '{}', contextInitializerClasses = '[]', activeProfiles = '{}', propertySourceLocations = '{}', propertySourceProperties = '{}', contextCustomizers = set[org.springframework.boot.test.context.filter.ExcludeFilterContextCustomizer@255b53dc, org.springframework.boot.test.json.DuplicateJsonObjectContextCustomizerFactory$DuplicateJsonObjectContextCustomizer@64d2d351, org.springframework.boot.test.mock.mockito.MockitoContextCustomizer@0, org.springframework.boot.test.autoconfigure.properties.PropertyMappingContextCustomizer@0, org.springframework.boot.test.autoconfigure.web.servlet.WebDriverContextCustomizerFactory$Customizer@52aa2946], contextLoader = 'org.springframework.test.context.support.DelegatingSmartContextLoader', parent = [null]]]
]]></system-out>
  </testcase>
  <testcase name="testMgrStoreLot[Test with AUTOMATICLOT_IN=true, AUTOMATICLOT_OUT=false, AUTOMATICLOTWARD_TOWARD=true]" classname="org.isf.medicalstock.test.Tests" time="0.013">
    <system-out><![CDATA[[05/jul/2024 13:43:34] [:] INFO - Began transaction (1) for test context [DefaultTestContext@329af9b1 testClass = Tests, testInstance = org.isf.medicalstock.test.Tests@651c01e2, testMethod = testMgrStoreLot@Tests, testException = [null], mergedContextConfiguration = [MergedContextConfiguration@7535554e testClass = Tests, locations = '{classpath:applicationContext.xml, classpath:applicationContext.xml}', classes = '{}', contextInitializerClasses = '[]', activeProfiles = '{}', propertySourceLocations = '{}', propertySourceProperties = '{}', contextCustomizers = set[org.springframework.boot.test.context.filter.ExcludeFilterContextCustomizer@255b53dc, org.springframework.boot.test.json.DuplicateJsonObjectContextCustomizerFactory$DuplicateJsonObjectContextCustomizer@64d2d351, org.springframework.boot.test.mock.mockito.MockitoContextCustomizer@0, org.springframework.boot.test.autoconfigure.properties.PropertyMappingContextCustomizer@0, org.springframework.boot.test.autoconfigure.web.servlet.WebDriverContextCustomizerFactory$Customizer@52aa2946], contextLoader = 'org.springframework.test.context.support.DelegatingSmartContextLoader', parent = [null]]]; transaction manager [org.springframework.orm.jpa.JpaTransactionManager@4ece2750]; rollback [true]
[05/jul/2024 13:43:34] [:] INFO - Rolled back transaction for test: [DefaultTestContext@329af9b1 testClass = Tests, testInstance = org.isf.medicalstock.test.Tests@651c01e2, testMethod = testMgrStoreLot@Tests, testException = [null], mergedContextConfiguration = [MergedContextConfiguration@7535554e testClass = Tests, locations = '{classpath:applicationContext.xml, classpath:applicationContext.xml}', classes = '{}', contextInitializerClasses = '[]', activeProfiles = '{}', propertySourceLocations = '{}', propertySourceProperties = '{}', contextCustomizers = set[org.springframework.boot.test.context.filter.ExcludeFilterContextCustomizer@255b53dc, org.springframework.boot.test.json.DuplicateJsonObjectContextCustomizerFactory$DuplicateJsonObjectContextCustomizer@64d2d351, org.springframework.boot.test.mock.mockito.MockitoContextCustomizer@0, org.springframework.boot.test.autoconfigure.properties.PropertyMappingContextCustomizer@0, org.springframework.boot.test.autoconfigure.web.servlet.WebDriverContextCustomizerFactory$Customizer@52aa2946], contextLoader = 'org.springframework.test.context.support.DelegatingSmartContextLoader', parent = [null]]]
]]></system-out>
  </testcase>
  <testcase name="testLotGets[Test with AUTOMATICLOT_IN=true, AUTOMATICLOT_OUT=false, AUTOMATICLOTWARD_TOWARD=true]" classname="org.isf.medicalstock.test.Tests" time="0.011">
    <system-out><![CDATA[[05/jul/2024 13:43:34] [:] INFO - Began transaction (1) for test context [DefaultTestContext@329af9b1 testClass = Tests, testInstance = org.isf.medicalstock.test.Tests@1d407560, testMethod = testLotGets@Tests, testException = [null], mergedContextConfiguration = [MergedContextConfiguration@7535554e testClass = Tests, locations = '{classpath:applicationContext.xml, classpath:applicationContext.xml}', classes = '{}', contextInitializerClasses = '[]', activeProfiles = '{}', propertySourceLocations = '{}', propertySourceProperties = '{}', contextCustomizers = set[org.springframework.boot.test.context.filter.ExcludeFilterContextCustomizer@255b53dc, org.springframework.boot.test.json.DuplicateJsonObjectContextCustomizerFactory$DuplicateJsonObjectContextCustomizer@64d2d351, org.springframework.boot.test.mock.mockito.MockitoContextCustomizer@0, org.springframework.boot.test.autoconfigure.properties.PropertyMappingContextCustomizer@0, org.springframework.boot.test.autoconfigure.web.servlet.WebDriverContextCustomizerFactory$Customizer@52aa2946], contextLoader = 'org.springframework.test.context.support.DelegatingSmartContextLoader', parent = [null]]]; transaction manager [org.springframework.orm.jpa.JpaTransactionManager@4ece2750]; rollback [true]
[05/jul/2024 13:43:34] [:] INFO - Rolled back transaction for test: [DefaultTestContext@329af9b1 testClass = Tests, testInstance = org.isf.medicalstock.test.Tests@1d407560, testMethod = testLotGets@Tests, testException = [null], mergedContextConfiguration = [MergedContextConfiguration@7535554e testClass = Tests, locations = '{classpath:applicationContext.xml, classpath:applicationContext.xml}', classes = '{}', contextInitializerClasses = '[]', activeProfiles = '{}', propertySourceLocations = '{}', propertySourceProperties = '{}', contextCustomizers = set[org.springframework.boot.test.context.filter.ExcludeFilterContextCustomizer@255b53dc, org.springframework.boot.test.json.DuplicateJsonObjectContextCustomizerFactory$DuplicateJsonObjectContextCustomizer@64d2d351, org.springframework.boot.test.mock.mockito.MockitoContextCustomizer@0, org.springframework.boot.test.autoconfigure.properties.PropertyMappingContextCustomizer@0, org.springframework.boot.test.autoconfigure.web.servlet.WebDriverContextCustomizerFactory$Customizer@52aa2946], contextLoader = 'org.springframework.test.context.support.DelegatingSmartContextLoader', parent = [null]]]
]]></system-out>
  </testcase>
  <testcase name="testLotSets[Test with AUTOMATICLOT_IN=true, AUTOMATICLOT_OUT=false, AUTOMATICLOTWARD_TOWARD=true]" classname="org.isf.medicalstock.test.Tests" time="0.011">
    <system-out><![CDATA[[05/jul/2024 13:43:34] [:] INFO - Began transaction (1) for test context [DefaultTestContext@329af9b1 testClass = Tests, testInstance = org.isf.medicalstock.test.Tests@53d596c3, testMethod = testLotSets@Tests, testException = [null], mergedContextConfiguration = [MergedContextConfiguration@7535554e testClass = Tests, locations = '{classpath:applicationContext.xml, classpath:applicationContext.xml}', classes = '{}', contextInitializerClasses = '[]', activeProfiles = '{}', propertySourceLocations = '{}', propertySourceProperties = '{}', contextCustomizers = set[org.springframework.boot.test.context.filter.ExcludeFilterContextCustomizer@255b53dc, org.springframework.boot.test.json.DuplicateJsonObjectContextCustomizerFactory$DuplicateJsonObjectContextCustomizer@64d2d351, org.springframework.boot.test.mock.mockito.MockitoContextCustomizer@0, org.springframework.boot.test.autoconfigure.properties.PropertyMappingContextCustomizer@0, org.springframework.boot.test.autoconfigure.web.servlet.WebDriverContextCustomizerFactory$Customizer@52aa2946], contextLoader = 'org.springframework.test.context.support.DelegatingSmartContextLoader', parent = [null]]]; transaction manager [org.springframework.orm.jpa.JpaTransactionManager@4ece2750]; rollback [true]
[05/jul/2024 13:43:34] [:] INFO - Rolled back transaction for test: [DefaultTestContext@329af9b1 testClass = Tests, testInstance = org.isf.medicalstock.test.Tests@53d596c3, testMethod = testLotSets@Tests, testException = [null], mergedContextConfiguration = [MergedContextConfiguration@7535554e testClass = Tests, locations = '{classpath:applicationContext.xml, classpath:applicationContext.xml}', classes = '{}', contextInitializerClasses = '[]', activeProfiles = '{}', propertySourceLocations = '{}', propertySourceProperties = '{}', contextCustomizers = set[org.springframework.boot.test.context.filter.ExcludeFilterContextCustomizer@255b53dc, org.springframework.boot.test.json.DuplicateJsonObjectContextCustomizerFactory$DuplicateJsonObjectContextCustomizer@64d2d351, org.springframework.boot.test.mock.mockito.MockitoContextCustomizer@0, org.springframework.boot.test.autoconfigure.properties.PropertyMappingContextCustomizer@0, org.springframework.boot.test.autoconfigure.web.servlet.WebDriverContextCustomizerFactory$Customizer@52aa2946], contextLoader = 'org.springframework.test.context.support.DelegatingSmartContextLoader', parent = [null]]]
]]></system-out>
  </testcase>
  <testcase name="testMgrPrepareDischargingMovementBadRefNumber[Test with AUTOMATICLOT_IN=true, AUTOMATICLOT_OUT=false, AUTOMATICLOTWARD_TOWARD=true]" classname="org.isf.medicalstock.test.Tests" time="0.012">
    <system-out><![CDATA[[05/jul/2024 13:43:34] [:] INFO - Began transaction (1) for test context [DefaultTestContext@329af9b1 testClass = Tests, testInstance = org.isf.medicalstock.test.Tests@5772f4d7, testMethod = testMgrPrepareDischargingMovementBadRefNumber@Tests, testException = [null], mergedContextConfiguration = [MergedContextConfiguration@7535554e testClass = Tests, locations = '{classpath:applicationContext.xml, classpath:applicationContext.xml}', classes = '{}', contextInitializerClasses = '[]', activeProfiles = '{}', propertySourceLocations = '{}', propertySourceProperties = '{}', contextCustomizers = set[org.springframework.boot.test.context.filter.ExcludeFilterContextCustomizer@255b53dc, org.springframework.boot.test.json.DuplicateJsonObjectContextCustomizerFactory$DuplicateJsonObjectContextCustomizer@64d2d351, org.springframework.boot.test.mock.mockito.MockitoContextCustomizer@0, org.springframework.boot.test.autoconfigure.properties.PropertyMappingContextCustomizer@0, org.springframework.boot.test.autoconfigure.web.servlet.WebDriverContextCustomizerFactory$Customizer@52aa2946], contextLoader = 'org.springframework.test.context.support.DelegatingSmartContextLoader', parent = [null]]]; transaction manager [org.springframework.orm.jpa.JpaTransactionManager@4ece2750]; rollback [true]
[05/jul/2024 13:43:34] [:] INFO - Rolled back transaction for test: [DefaultTestContext@329af9b1 testClass = Tests, testInstance = org.isf.medicalstock.test.Tests@5772f4d7, testMethod = testMgrPrepareDischargingMovementBadRefNumber@Tests, testException = [null], mergedContextConfiguration = [MergedContextConfiguration@7535554e testClass = Tests, locations = '{classpath:applicationContext.xml, classpath:applicationContext.xml}', classes = '{}', contextInitializerClasses = '[]', activeProfiles = '{}', propertySourceLocations = '{}', propertySourceProperties = '{}', contextCustomizers = set[org.springframework.boot.test.context.filter.ExcludeFilterContextCustomizer@255b53dc, org.springframework.boot.test.json.DuplicateJsonObjectContextCustomizerFactory$DuplicateJsonObjectContextCustomizer@64d2d351, org.springframework.boot.test.mock.mockito.MockitoContextCustomizer@0, org.springframework.boot.test.autoconfigure.properties.PropertyMappingContextCustomizer@0, org.springframework.boot.test.autoconfigure.web.servlet.WebDriverContextCustomizerFactory$Customizer@52aa2946], contextLoader = 'org.springframework.test.context.support.DelegatingSmartContextLoader', parent = [null]]]
]]></system-out>
  </testcase>
  <testcase name="testMgrValidateQuantityZero[Test with AUTOMATICLOT_IN=true, AUTOMATICLOT_OUT=false, AUTOMATICLOTWARD_TOWARD=true]" classname="org.isf.medicalstock.test.Tests" time="0.012">
    <system-out><![CDATA[[05/jul/2024 13:43:34] [:] INFO - Began transaction (1) for test context [DefaultTestContext@329af9b1 testClass = Tests, testInstance = org.isf.medicalstock.test.Tests@23c562b5, testMethod = testMgrValidateQuantityZero@Tests, testException = [null], mergedContextConfiguration = [MergedContextConfiguration@7535554e testClass = Tests, locations = '{classpath:applicationContext.xml, classpath:applicationContext.xml}', classes = '{}', contextInitializerClasses = '[]', activeProfiles = '{}', propertySourceLocations = '{}', propertySourceProperties = '{}', contextCustomizers = set[org.springframework.boot.test.context.filter.ExcludeFilterContextCustomizer@255b53dc, org.springframework.boot.test.json.DuplicateJsonObjectContextCustomizerFactory$DuplicateJsonObjectContextCustomizer@64d2d351, org.springframework.boot.test.mock.mockito.MockitoContextCustomizer@0, org.springframework.boot.test.autoconfigure.properties.PropertyMappingContextCustomizer@0, org.springframework.boot.test.autoconfigure.web.servlet.WebDriverContextCustomizerFactory$Customizer@52aa2946], contextLoader = 'org.springframework.test.context.support.DelegatingSmartContextLoader', parent = [null]]]; transaction manager [org.springframework.orm.jpa.JpaTransactionManager@4ece2750]; rollback [true]
[05/jul/2024 13:43:34] [:] INFO - Rolled back transaction for test: [DefaultTestContext@329af9b1 testClass = Tests, testInstance = org.isf.medicalstock.test.Tests@23c562b5, testMethod = testMgrValidateQuantityZero@Tests, testException = [null], mergedContextConfiguration = [MergedContextConfiguration@7535554e testClass = Tests, locations = '{classpath:applicationContext.xml, classpath:applicationContext.xml}', classes = '{}', contextInitializerClasses = '[]', activeProfiles = '{}', propertySourceLocations = '{}', propertySourceProperties = '{}', contextCustomizers = set[org.springframework.boot.test.context.filter.ExcludeFilterContextCustomizer@255b53dc, org.springframework.boot.test.json.DuplicateJsonObjectContextCustomizerFactory$DuplicateJsonObjectContextCustomizer@64d2d351, org.springframework.boot.test.mock.mockito.MockitoContextCustomizer@0, org.springframework.boot.test.autoconfigure.properties.PropertyMappingContextCustomizer@0, org.springframework.boot.test.autoconfigure.web.servlet.WebDriverContextCustomizerFactory$Customizer@52aa2946], contextLoader = 'org.springframework.test.context.support.DelegatingSmartContextLoader', parent = [null]]]
]]></system-out>
  </testcase>
  <testcase name="testMgrGetLastMovementDate[Test with AUTOMATICLOT_IN=true, AUTOMATICLOT_OUT=false, AUTOMATICLOTWARD_TOWARD=true]" classname="org.isf.medicalstock.test.Tests" time="0.015">
    <system-out><![CDATA[[05/jul/2024 13:43:34] [:] INFO - Began transaction (1) for test context [DefaultTestContext@329af9b1 testClass = Tests, testInstance = org.isf.medicalstock.test.Tests@56598f1, testMethod = testMgrGetLastMovementDate@Tests, testException = [null], mergedContextConfiguration = [MergedContextConfiguration@7535554e testClass = Tests, locations = '{classpath:applicationContext.xml, classpath:applicationContext.xml}', classes = '{}', contextInitializerClasses = '[]', activeProfiles = '{}', propertySourceLocations = '{}', propertySourceProperties = '{}', contextCustomizers = set[org.springframework.boot.test.context.filter.ExcludeFilterContextCustomizer@255b53dc, org.springframework.boot.test.json.DuplicateJsonObjectContextCustomizerFactory$DuplicateJsonObjectContextCustomizer@64d2d351, org.springframework.boot.test.mock.mockito.MockitoContextCustomizer@0, org.springframework.boot.test.autoconfigure.properties.PropertyMappingContextCustomizer@0, org.springframework.boot.test.autoconfigure.web.servlet.WebDriverContextCustomizerFactory$Customizer@52aa2946], contextLoader = 'org.springframework.test.context.support.DelegatingSmartContextLoader', parent = [null]]]; transaction manager [org.springframework.orm.jpa.JpaTransactionManager@4ece2750]; rollback [true]
[05/jul/2024 13:43:34] [:] INFO - Rolled back transaction for test: [DefaultTestContext@329af9b1 testClass = Tests, testInstance = org.isf.medicalstock.test.Tests@56598f1, testMethod = testMgrGetLastMovementDate@Tests, testException = [null], mergedContextConfiguration = [MergedContextConfiguration@7535554e testClass = Tests, locations = '{classpath:applicationContext.xml, classpath:applicationContext.xml}', classes = '{}', contextInitializerClasses = '[]', activeProfiles = '{}', propertySourceLocations = '{}', propertySourceProperties = '{}', contextCustomizers = set[org.springframework.boot.test.context.filter.ExcludeFilterContextCustomizer@255b53dc, org.springframework.boot.test.json.DuplicateJsonObjectContextCustomizerFactory$DuplicateJsonObjectContextCustomizer@64d2d351, org.springframework.boot.test.mock.mockito.MockitoContextCustomizer@0, org.springframework.boot.test.autoconfigure.properties.PropertyMappingContextCustomizer@0, org.springframework.boot.test.autoconfigure.web.servlet.WebDriverContextCustomizerFactory$Customizer@52aa2946], contextLoader = 'org.springframework.test.context.support.DelegatingSmartContextLoader', parent = [null]]]
]]></system-out>
  </testcase>
  <testcase name="testMovementGets[Test with AUTOMATICLOT_IN=true, AUTOMATICLOT_OUT=false, AUTOMATICLOTWARD_TOWARD=true]" classname="org.isf.medicalstock.test.Tests" time="0.012">
    <system-out><![CDATA[[05/jul/2024 13:43:34] [:] INFO - Began transaction (1) for test context [DefaultTestContext@329af9b1 testClass = Tests, testInstance = org.isf.medicalstock.test.Tests@52921ec7, testMethod = testMovementGets@Tests, testException = [null], mergedContextConfiguration = [MergedContextConfiguration@7535554e testClass = Tests, locations = '{classpath:applicationContext.xml, classpath:applicationContext.xml}', classes = '{}', contextInitializerClasses = '[]', activeProfiles = '{}', propertySourceLocations = '{}', propertySourceProperties = '{}', contextCustomizers = set[org.springframework.boot.test.context.filter.ExcludeFilterContextCustomizer@255b53dc, org.springframework.boot.test.json.DuplicateJsonObjectContextCustomizerFactory$DuplicateJsonObjectContextCustomizer@64d2d351, org.springframework.boot.test.mock.mockito.MockitoContextCustomizer@0, org.springframework.boot.test.autoconfigure.properties.PropertyMappingContextCustomizer@0, org.springframework.boot.test.autoconfigure.web.servlet.WebDriverContextCustomizerFactory$Customizer@52aa2946], contextLoader = 'org.springframework.test.context.support.DelegatingSmartContextLoader', parent = [null]]]; transaction manager [org.springframework.orm.jpa.JpaTransactionManager@4ece2750]; rollback [true]
[05/jul/2024 13:43:34] [:] INFO - Rolled back transaction for test: [DefaultTestContext@329af9b1 testClass = Tests, testInstance = org.isf.medicalstock.test.Tests@52921ec7, testMethod = testMovementGets@Tests, testException = [null], mergedContextConfiguration = [MergedContextConfiguration@7535554e testClass = Tests, locations = '{classpath:applicationContext.xml, classpath:applicationContext.xml}', classes = '{}', contextInitializerClasses = '[]', activeProfiles = '{}', propertySourceLocations = '{}', propertySourceProperties = '{}', contextCustomizers = set[org.springframework.boot.test.context.filter.ExcludeFilterContextCustomizer@255b53dc, org.springframework.boot.test.json.DuplicateJsonObjectContextCustomizerFactory$DuplicateJsonObjectContextCustomizer@64d2d351, org.springframework.boot.test.mock.mockito.MockitoContextCustomizer@0, org.springframework.boot.test.autoconfigure.properties.PropertyMappingContextCustomizer@0, org.springframework.boot.test.autoconfigure.web.servlet.WebDriverContextCustomizerFactory$Customizer@52aa2946], contextLoader = 'org.springframework.test.context.support.DelegatingSmartContextLoader', parent = [null]]]
]]></system-out>
  </testcase>
  <testcase name="testMovementSets[Test with AUTOMATICLOT_IN=true, AUTOMATICLOT_OUT=false, AUTOMATICLOTWARD_TOWARD=true]" classname="org.isf.medicalstock.test.Tests" time="0.011">
    <system-out><![CDATA[[05/jul/2024 13:43:34] [:] INFO - Began transaction (1) for test context [DefaultTestContext@329af9b1 testClass = Tests, testInstance = org.isf.medicalstock.test.Tests@3a1c9b59, testMethod = testMovementSets@Tests, testException = [null], mergedContextConfiguration = [MergedContextConfiguration@7535554e testClass = Tests, locations = '{classpath:applicationContext.xml, classpath:applicationContext.xml}', classes = '{}', contextInitializerClasses = '[]', activeProfiles = '{}', propertySourceLocations = '{}', propertySourceProperties = '{}', contextCustomizers = set[org.springframework.boot.test.context.filter.ExcludeFilterContextCustomizer@255b53dc, org.springframework.boot.test.json.DuplicateJsonObjectContextCustomizerFactory$DuplicateJsonObjectContextCustomizer@64d2d351, org.springframework.boot.test.mock.mockito.MockitoContextCustomizer@0, org.springframework.boot.test.autoconfigure.properties.PropertyMappingContextCustomizer@0, org.springframework.boot.test.autoconfigure.web.servlet.WebDriverContextCustomizerFactory$Customizer@52aa2946], contextLoader = 'org.springframework.test.context.support.DelegatingSmartContextLoader', parent = [null]]]; transaction manager [org.springframework.orm.jpa.JpaTransactionManager@4ece2750]; rollback [true]
[05/jul/2024 13:43:34] [:] INFO - Rolled back transaction for test: [DefaultTestContext@329af9b1 testClass = Tests, testInstance = org.isf.medicalstock.test.Tests@3a1c9b59, testMethod = testMovementSets@Tests, testException = [null], mergedContextConfiguration = [MergedContextConfiguration@7535554e testClass = Tests, locations = '{classpath:applicationContext.xml, classpath:applicationContext.xml}', classes = '{}', contextInitializerClasses = '[]', activeProfiles = '{}', propertySourceLocations = '{}', propertySourceProperties = '{}', contextCustomizers = set[org.springframework.boot.test.context.filter.ExcludeFilterContextCustomizer@255b53dc, org.springframework.boot.test.json.DuplicateJsonObjectContextCustomizerFactory$DuplicateJsonObjectContextCustomizer@64d2d351, org.springframework.boot.test.mock.mockito.MockitoContextCustomizer@0, org.springframework.boot.test.autoconfigure.properties.PropertyMappingContextCustomizer@0, org.springframework.boot.test.autoconfigure.web.servlet.WebDriverContextCustomizerFactory$Customizer@52aa2946], contextLoader = 'org.springframework.test.context.support.DelegatingSmartContextLoader', parent = [null]]]
]]></system-out>
  </testcase>
  <testcase name="testMovementGetOrigin[Test with AUTOMATICLOT_IN=true, AUTOMATICLOT_OUT=false, AUTOMATICLOTWARD_TOWARD=true]" classname="org.isf.medicalstock.test.Tests" time="0.011">
    <system-out><![CDATA[[05/jul/2024 13:43:34] [:] INFO - Began transaction (1) for test context [DefaultTestContext@329af9b1 testClass = Tests, testInstance = org.isf.medicalstock.test.Tests@259a6096, testMethod = testMovementGetOrigin@Tests, testException = [null], mergedContextConfiguration = [MergedContextConfiguration@7535554e testClass = Tests, locations = '{classpath:applicationContext.xml, classpath:applicationContext.xml}', classes = '{}', contextInitializerClasses = '[]', activeProfiles = '{}', propertySourceLocations = '{}', propertySourceProperties = '{}', contextCustomizers = set[org.springframework.boot.test.context.filter.ExcludeFilterContextCustomizer@255b53dc, org.springframework.boot.test.json.DuplicateJsonObjectContextCustomizerFactory$DuplicateJsonObjectContextCustomizer@64d2d351, org.springframework.boot.test.mock.mockito.MockitoContextCustomizer@0, org.springframework.boot.test.autoconfigure.properties.PropertyMappingContextCustomizer@0, org.springframework.boot.test.autoconfigure.web.servlet.WebDriverContextCustomizerFactory$Customizer@52aa2946], contextLoader = 'org.springframework.test.context.support.DelegatingSmartContextLoader', parent = [null]]]; transaction manager [org.springframework.orm.jpa.JpaTransactionManager@4ece2750]; rollback [true]
[05/jul/2024 13:43:34] [:] INFO - Rolled back transaction for test: [DefaultTestContext@329af9b1 testClass = Tests, testInstance = org.isf.medicalstock.test.Tests@259a6096, testMethod = testMovementGetOrigin@Tests, testException = [null], mergedContextConfiguration = [MergedContextConfiguration@7535554e testClass = Tests, locations = '{classpath:applicationContext.xml, classpath:applicationContext.xml}', classes = '{}', contextInitializerClasses = '[]', activeProfiles = '{}', propertySourceLocations = '{}', propertySourceProperties = '{}', contextCustomizers = set[org.springframework.boot.test.context.filter.ExcludeFilterContextCustomizer@255b53dc, org.springframework.boot.test.json.DuplicateJsonObjectContextCustomizerFactory$DuplicateJsonObjectContextCustomizer@64d2d351, org.springframework.boot.test.mock.mockito.MockitoContextCustomizer@0, org.springframework.boot.test.autoconfigure.properties.PropertyMappingContextCustomizer@0, org.springframework.boot.test.autoconfigure.web.servlet.WebDriverContextCustomizerFactory$Customizer@52aa2946], contextLoader = 'org.springframework.test.context.support.DelegatingSmartContextLoader', parent = [null]]]
]]></system-out>
  </testcase>
  <testcase name="testIoGetMovements[Test with AUTOMATICLOT_IN=true, AUTOMATICLOT_OUT=false, AUTOMATICLOTWARD_TOWARD=true]" classname="org.isf.medicalstock.test.Tests" time="0.012">
    <system-out><![CDATA[[05/jul/2024 13:43:34] [:] INFO - Began transaction (1) for test context [DefaultTestContext@329af9b1 testClass = Tests, testInstance = org.isf.medicalstock.test.Tests@4700e9a, testMethod = testIoGetMovements@Tests, testException = [null], mergedContextConfiguration = [MergedContextConfiguration@7535554e testClass = Tests, locations = '{classpath:applicationContext.xml, classpath:applicationContext.xml}', classes = '{}', contextInitializerClasses = '[]', activeProfiles = '{}', propertySourceLocations = '{}', propertySourceProperties = '{}', contextCustomizers = set[org.springframework.boot.test.context.filter.ExcludeFilterContextCustomizer@255b53dc, org.springframework.boot.test.json.DuplicateJsonObjectContextCustomizerFactory$DuplicateJsonObjectContextCustomizer@64d2d351, org.springframework.boot.test.mock.mockito.MockitoContextCustomizer@0, org.springframework.boot.test.autoconfigure.properties.PropertyMappingContextCustomizer@0, org.springframework.boot.test.autoconfigure.web.servlet.WebDriverContextCustomizerFactory$Customizer@52aa2946], contextLoader = 'org.springframework.test.context.support.DelegatingSmartContextLoader', parent = [null]]]; transaction manager [org.springframework.orm.jpa.JpaTransactionManager@4ece2750]; rollback [true]
[05/jul/2024 13:43:34] [:] INFO - Rolled back transaction for test: [DefaultTestContext@329af9b1 testClass = Tests, testInstance = org.isf.medicalstock.test.Tests@4700e9a, testMethod = testIoGetMovements@Tests, testException = [null], mergedContextConfiguration = [MergedContextConfiguration@7535554e testClass = Tests, locations = '{classpath:applicationContext.xml, classpath:applicationContext.xml}', classes = '{}', contextInitializerClasses = '[]', activeProfiles = '{}', propertySourceLocations = '{}', propertySourceProperties = '{}', contextCustomizers = set[org.springframework.boot.test.context.filter.ExcludeFilterContextCustomizer@255b53dc, org.springframework.boot.test.json.DuplicateJsonObjectContextCustomizerFactory$DuplicateJsonObjectContextCustomizer@64d2d351, org.springframework.boot.test.mock.mockito.MockitoContextCustomizer@0, org.springframework.boot.test.autoconfigure.properties.PropertyMappingContextCustomizer@0, org.springframework.boot.test.autoconfigure.web.servlet.WebDriverContextCustomizerFactory$Customizer@52aa2946], contextLoader = 'org.springframework.test.context.support.DelegatingSmartContextLoader', parent = [null]]]
]]></system-out>
  </testcase>
  <testcase name="testIoPrepareChargingMovement[Test with AUTOMATICLOT_IN=true, AUTOMATICLOT_OUT=false, AUTOMATICLOTWARD_TOWARD=true]" classname="org.isf.medicalstock.test.Tests" time="0.011">
    <system-out><![CDATA[[05/jul/2024 13:43:34] [:] INFO - Began transaction (1) for test context [DefaultTestContext@329af9b1 testClass = Tests, testInstance = org.isf.medicalstock.test.Tests@49539436, testMethod = testIoPrepareChargingMovement@Tests, testException = [null], mergedContextConfiguration = [MergedContextConfiguration@7535554e testClass = Tests, locations = '{classpath:applicationContext.xml, classpath:applicationContext.xml}', classes = '{}', contextInitializerClasses = '[]', activeProfiles = '{}', propertySourceLocations = '{}', propertySourceProperties = '{}', contextCustomizers = set[org.springframework.boot.test.context.filter.ExcludeFilterContextCustomizer@255b53dc, org.springframework.boot.test.json.DuplicateJsonObjectContextCustomizerFactory$DuplicateJsonObjectContextCustomizer@64d2d351, org.springframework.boot.test.mock.mockito.MockitoContextCustomizer@0, org.springframework.boot.test.autoconfigure.properties.PropertyMappingContextCustomizer@0, org.springframework.boot.test.autoconfigure.web.servlet.WebDriverContextCustomizerFactory$Customizer@52aa2946], contextLoader = 'org.springframework.test.context.support.DelegatingSmartContextLoader', parent = [null]]]; transaction manager [org.springframework.orm.jpa.JpaTransactionManager@4ece2750]; rollback [true]
[05/jul/2024 13:43:34] [:] INFO - Rolled back transaction for test: [DefaultTestContext@329af9b1 testClass = Tests, testInstance = org.isf.medicalstock.test.Tests@49539436, testMethod = testIoPrepareChargingMovement@Tests, testException = [null], mergedContextConfiguration = [MergedContextConfiguration@7535554e testClass = Tests, locations = '{classpath:applicationContext.xml, classpath:applicationContext.xml}', classes = '{}', contextInitializerClasses = '[]', activeProfiles = '{}', propertySourceLocations = '{}', propertySourceProperties = '{}', contextCustomizers = set[org.springframework.boot.test.context.filter.ExcludeFilterContextCustomizer@255b53dc, org.springframework.boot.test.json.DuplicateJsonObjectContextCustomizerFactory$DuplicateJsonObjectContextCustomizer@64d2d351, org.springframework.boot.test.mock.mockito.MockitoContextCustomizer@0, org.springframework.boot.test.autoconfigure.properties.PropertyMappingContextCustomizer@0, org.springframework.boot.test.autoconfigure.web.servlet.WebDriverContextCustomizerFactory$Customizer@52aa2946], contextLoader = 'org.springframework.test.context.support.DelegatingSmartContextLoader', parent = [null]]]
]]></system-out>
  </testcase>
  <testcase name="testMgrValidateMovementMoveDateAfterToday[Test with AUTOMATICLOT_IN=true, AUTOMATICLOT_OUT=false, AUTOMATICLOTWARD_TOWARD=true]" classname="org.isf.medicalstock.test.Tests" time="0.013">
    <system-out><![CDATA[[05/jul/2024 13:43:34] [:] INFO - Began transaction (1) for test context [DefaultTestContext@329af9b1 testClass = Tests, testInstance = org.isf.medicalstock.test.Tests@657ddb0f, testMethod = testMgrValidateMovementMoveDateAfterToday@Tests, testException = [null], mergedContextConfiguration = [MergedContextConfiguration@7535554e testClass = Tests, locations = '{classpath:applicationContext.xml, classpath:applicationContext.xml}', classes = '{}', contextInitializerClasses = '[]', activeProfiles = '{}', propertySourceLocations = '{}', propertySourceProperties = '{}', contextCustomizers = set[org.springframework.boot.test.context.filter.ExcludeFilterContextCustomizer@255b53dc, org.springframework.boot.test.json.DuplicateJsonObjectContextCustomizerFactory$DuplicateJsonObjectContextCustomizer@64d2d351, org.springframework.boot.test.mock.mockito.MockitoContextCustomizer@0, org.springframework.boot.test.autoconfigure.properties.PropertyMappingContextCustomizer@0, org.springframework.boot.test.autoconfigure.web.servlet.WebDriverContextCustomizerFactory$Customizer@52aa2946], contextLoader = 'org.springframework.test.context.support.DelegatingSmartContextLoader', parent = [null]]]; transaction manager [org.springframework.orm.jpa.JpaTransactionManager@4ece2750]; rollback [true]
[05/jul/2024 13:43:34] [:] INFO - Rolled back transaction for test: [DefaultTestContext@329af9b1 testClass = Tests, testInstance = org.isf.medicalstock.test.Tests@657ddb0f, testMethod = testMgrValidateMovementMoveDateAfterToday@Tests, testException = [null], mergedContextConfiguration = [MergedContextConfiguration@7535554e testClass = Tests, locations = '{classpath:applicationContext.xml, classpath:applicationContext.xml}', classes = '{}', contextInitializerClasses = '[]', activeProfiles = '{}', propertySourceLocations = '{}', propertySourceProperties = '{}', contextCustomizers = set[org.springframework.boot.test.context.filter.ExcludeFilterContextCustomizer@255b53dc, org.springframework.boot.test.json.DuplicateJsonObjectContextCustomizerFactory$DuplicateJsonObjectContextCustomizer@64d2d351, org.springframework.boot.test.mock.mockito.MockitoContextCustomizer@0, org.springframework.boot.test.autoconfigure.properties.PropertyMappingContextCustomizer@0, org.springframework.boot.test.autoconfigure.web.servlet.WebDriverContextCustomizerFactory$Customizer@52aa2946], contextLoader = 'org.springframework.test.context.support.DelegatingSmartContextLoader', parent = [null]]]
]]></system-out>
  </testcase>
  <testcase name="testIoGetMovementsByReference[Test with AUTOMATICLOT_IN=true, AUTOMATICLOT_OUT=false, AUTOMATICLOTWARD_TOWARD=true]" classname="org.isf.medicalstock.test.Tests" time="0.012">
    <system-out><![CDATA[[05/jul/2024 13:43:34] [:] INFO - Began transaction (1) for test context [DefaultTestContext@329af9b1 testClass = Tests, testInstance = org.isf.medicalstock.test.Tests@76c4e12c, testMethod = testIoGetMovementsByReference@Tests, testException = [null], mergedContextConfiguration = [MergedContextConfiguration@7535554e testClass = Tests, locations = '{classpath:applicationContext.xml, classpath:applicationContext.xml}', classes = '{}', contextInitializerClasses = '[]', activeProfiles = '{}', propertySourceLocations = '{}', propertySourceProperties = '{}', contextCustomizers = set[org.springframework.boot.test.context.filter.ExcludeFilterContextCustomizer@255b53dc, org.springframework.boot.test.json.DuplicateJsonObjectContextCustomizerFactory$DuplicateJsonObjectContextCustomizer@64d2d351, org.springframework.boot.test.mock.mockito.MockitoContextCustomizer@0, org.springframework.boot.test.autoconfigure.properties.PropertyMappingContextCustomizer@0, org.springframework.boot.test.autoconfigure.web.servlet.WebDriverContextCustomizerFactory$Customizer@52aa2946], contextLoader = 'org.springframework.test.context.support.DelegatingSmartContextLoader', parent = [null]]]; transaction manager [org.springframework.orm.jpa.JpaTransactionManager@4ece2750]; rollback [true]
[05/jul/2024 13:43:34] [:] INFO - Rolled back transaction for test: [DefaultTestContext@329af9b1 testClass = Tests, testInstance = org.isf.medicalstock.test.Tests@76c4e12c, testMethod = testIoGetMovementsByReference@Tests, testException = [null], mergedContextConfiguration = [MergedContextConfiguration@7535554e testClass = Tests, locations = '{classpath:applicationContext.xml, classpath:applicationContext.xml}', classes = '{}', contextInitializerClasses = '[]', activeProfiles = '{}', propertySourceLocations = '{}', propertySourceProperties = '{}', contextCustomizers = set[org.springframework.boot.test.context.filter.ExcludeFilterContextCustomizer@255b53dc, org.springframework.boot.test.json.DuplicateJsonObjectContextCustomizerFactory$DuplicateJsonObjectContextCustomizer@64d2d351, org.springframework.boot.test.mock.mockito.MockitoContextCustomizer@0, org.springframework.boot.test.autoconfigure.properties.PropertyMappingContextCustomizer@0, org.springframework.boot.test.autoconfigure.web.servlet.WebDriverContextCustomizerFactory$Customizer@52aa2946], contextLoader = 'org.springframework.test.context.support.DelegatingSmartContextLoader', parent = [null]]]
]]></system-out>
  </testcase>
  <testcase name="testIoGetLastMovementDate[Test with AUTOMATICLOT_IN=true, AUTOMATICLOT_OUT=false, AUTOMATICLOTWARD_TOWARD=true]" classname="org.isf.medicalstock.test.Tests" time="0.013">
    <system-out><![CDATA[[05/jul/2024 13:43:34] [:] INFO - Began transaction (1) for test context [DefaultTestContext@329af9b1 testClass = Tests, testInstance = org.isf.medicalstock.test.Tests@6cfcab36, testMethod = testIoGetLastMovementDate@Tests, testException = [null], mergedContextConfiguration = [MergedContextConfiguration@7535554e testClass = Tests, locations = '{classpath:applicationContext.xml, classpath:applicationContext.xml}', classes = '{}', contextInitializerClasses = '[]', activeProfiles = '{}', propertySourceLocations = '{}', propertySourceProperties = '{}', contextCustomizers = set[org.springframework.boot.test.context.filter.ExcludeFilterContextCustomizer@255b53dc, org.springframework.boot.test.json.DuplicateJsonObjectContextCustomizerFactory$DuplicateJsonObjectContextCustomizer@64d2d351, org.springframework.boot.test.mock.mockito.MockitoContextCustomizer@0, org.springframework.boot.test.autoconfigure.properties.PropertyMappingContextCustomizer@0, org.springframework.boot.test.autoconfigure.web.servlet.WebDriverContextCustomizerFactory$Customizer@52aa2946], contextLoader = 'org.springframework.test.context.support.DelegatingSmartContextLoader', parent = [null]]]; transaction manager [org.springframework.orm.jpa.JpaTransactionManager@4ece2750]; rollback [true]
[05/jul/2024 13:43:34] [:] INFO - Rolled back transaction for test: [DefaultTestContext@329af9b1 testClass = Tests, testInstance = org.isf.medicalstock.test.Tests@6cfcab36, testMethod = testIoGetLastMovementDate@Tests, testException = [null], mergedContextConfiguration = [MergedContextConfiguration@7535554e testClass = Tests, locations = '{classpath:applicationContext.xml, classpath:applicationContext.xml}', classes = '{}', contextInitializerClasses = '[]', activeProfiles = '{}', propertySourceLocations = '{}', propertySourceProperties = '{}', contextCustomizers = set[org.springframework.boot.test.context.filter.ExcludeFilterContextCustomizer@255b53dc, org.springframework.boot.test.json.DuplicateJsonObjectContextCustomizerFactory$DuplicateJsonObjectContextCustomizer@64d2d351, org.springframework.boot.test.mock.mockito.MockitoContextCustomizer@0, org.springframework.boot.test.autoconfigure.properties.PropertyMappingContextCustomizer@0, org.springframework.boot.test.autoconfigure.web.servlet.WebDriverContextCustomizerFactory$Customizer@52aa2946], contextLoader = 'org.springframework.test.context.support.DelegatingSmartContextLoader', parent = [null]]]
]]></system-out>
  </testcase>
  <testcase name="testMovementEquals[Test with AUTOMATICLOT_IN=true, AUTOMATICLOT_OUT=false, AUTOMATICLOTWARD_TOWARD=true]" classname="org.isf.medicalstock.test.Tests" time="0.015">
    <system-out><![CDATA[[05/jul/2024 13:43:34] [:] INFO - Began transaction (1) for test context [DefaultTestContext@329af9b1 testClass = Tests, testInstance = org.isf.medicalstock.test.Tests@2740e9a4, testMethod = testMovementEquals@Tests, testException = [null], mergedContextConfiguration = [MergedContextConfiguration@7535554e testClass = Tests, locations = '{classpath:applicationContext.xml, classpath:applicationContext.xml}', classes = '{}', contextInitializerClasses = '[]', activeProfiles = '{}', propertySourceLocations = '{}', propertySourceProperties = '{}', contextCustomizers = set[org.springframework.boot.test.context.filter.ExcludeFilterContextCustomizer@255b53dc, org.springframework.boot.test.json.DuplicateJsonObjectContextCustomizerFactory$DuplicateJsonObjectContextCustomizer@64d2d351, org.springframework.boot.test.mock.mockito.MockitoContextCustomizer@0, org.springframework.boot.test.autoconfigure.properties.PropertyMappingContextCustomizer@0, org.springframework.boot.test.autoconfigure.web.servlet.WebDriverContextCustomizerFactory$Customizer@52aa2946], contextLoader = 'org.springframework.test.context.support.DelegatingSmartContextLoader', parent = [null]]]; transaction manager [org.springframework.orm.jpa.JpaTransactionManager@4ece2750]; rollback [true]
[05/jul/2024 13:43:34] [:] INFO - Rolled back transaction for test: [DefaultTestContext@329af9b1 testClass = Tests, testInstance = org.isf.medicalstock.test.Tests@2740e9a4, testMethod = testMovementEquals@Tests, testException = [null], mergedContextConfiguration = [MergedContextConfiguration@7535554e testClass = Tests, locations = '{classpath:applicationContext.xml, classpath:applicationContext.xml}', classes = '{}', contextInitializerClasses = '[]', activeProfiles = '{}', propertySourceLocations = '{}', propertySourceProperties = '{}', contextCustomizers = set[org.springframework.boot.test.context.filter.ExcludeFilterContextCustomizer@255b53dc, org.springframework.boot.test.json.DuplicateJsonObjectContextCustomizerFactory$DuplicateJsonObjectContextCustomizer@64d2d351, org.springframework.boot.test.mock.mockito.MockitoContextCustomizer@0, org.springframework.boot.test.autoconfigure.properties.PropertyMappingContextCustomizer@0, org.springframework.boot.test.autoconfigure.web.servlet.WebDriverContextCustomizerFactory$Customizer@52aa2946], contextLoader = 'org.springframework.test.context.support.DelegatingSmartContextLoader', parent = [null]]]
]]></system-out>
  </testcase>
  <testcase name="testMovementHashCode[Test with AUTOMATICLOT_IN=true, AUTOMATICLOT_OUT=false, AUTOMATICLOTWARD_TOWARD=true]" classname="org.isf.medicalstock.test.Tests" time="0.015">
    <system-out><![CDATA[[05/jul/2024 13:43:34] [:] INFO - Began transaction (1) for test context [DefaultTestContext@329af9b1 testClass = Tests, testInstance = org.isf.medicalstock.test.Tests@49012693, testMethod = testMovementHashCode@Tests, testException = [null], mergedContextConfiguration = [MergedContextConfiguration@7535554e testClass = Tests, locations = '{classpath:applicationContext.xml, classpath:applicationContext.xml}', classes = '{}', contextInitializerClasses = '[]', activeProfiles = '{}', propertySourceLocations = '{}', propertySourceProperties = '{}', contextCustomizers = set[org.springframework.boot.test.context.filter.ExcludeFilterContextCustomizer@255b53dc, org.springframework.boot.test.json.DuplicateJsonObjectContextCustomizerFactory$DuplicateJsonObjectContextCustomizer@64d2d351, org.springframework.boot.test.mock.mockito.MockitoContextCustomizer@0, org.springframework.boot.test.autoconfigure.properties.PropertyMappingContextCustomizer@0, org.springframework.boot.test.autoconfigure.web.servlet.WebDriverContextCustomizerFactory$Customizer@52aa2946], contextLoader = 'org.springframework.test.context.support.DelegatingSmartContextLoader', parent = [null]]]; transaction manager [org.springframework.orm.jpa.JpaTransactionManager@4ece2750]; rollback [true]
[05/jul/2024 13:43:34] [:] INFO - Rolled back transaction for test: [DefaultTestContext@329af9b1 testClass = Tests, testInstance = org.isf.medicalstock.test.Tests@49012693, testMethod = testMovementHashCode@Tests, testException = [null], mergedContextConfiguration = [MergedContextConfiguration@7535554e testClass = Tests, locations = '{classpath:applicationContext.xml, classpath:applicationContext.xml}', classes = '{}', contextInitializerClasses = '[]', activeProfiles = '{}', propertySourceLocations = '{}', propertySourceProperties = '{}', contextCustomizers = set[org.springframework.boot.test.context.filter.ExcludeFilterContextCustomizer@255b53dc, org.springframework.boot.test.json.DuplicateJsonObjectContextCustomizerFactory$DuplicateJsonObjectContextCustomizer@64d2d351, org.springframework.boot.test.mock.mockito.MockitoContextCustomizer@0, org.springframework.boot.test.autoconfigure.properties.PropertyMappingContextCustomizer@0, org.springframework.boot.test.autoconfigure.web.servlet.WebDriverContextCustomizerFactory$Customizer@52aa2946], contextLoader = 'org.springframework.test.context.support.DelegatingSmartContextLoader', parent = [null]]]
]]></system-out>
  </testcase>
  <testcase name="testLotEquals[Test with AUTOMATICLOT_IN=true, AUTOMATICLOT_OUT=false, AUTOMATICLOTWARD_TOWARD=true]" classname="org.isf.medicalstock.test.Tests" time="0.012">
    <system-out><![CDATA[[05/jul/2024 13:43:34] [:] INFO - Began transaction (1) for test context [DefaultTestContext@329af9b1 testClass = Tests, testInstance = org.isf.medicalstock.test.Tests@79fc42e6, testMethod = testLotEquals@Tests, testException = [null], mergedContextConfiguration = [MergedContextConfiguration@7535554e testClass = Tests, locations = '{classpath:applicationContext.xml, classpath:applicationContext.xml}', classes = '{}', contextInitializerClasses = '[]', activeProfiles = '{}', propertySourceLocations = '{}', propertySourceProperties = '{}', contextCustomizers = set[org.springframework.boot.test.context.filter.ExcludeFilterContextCustomizer@255b53dc, org.springframework.boot.test.json.DuplicateJsonObjectContextCustomizerFactory$DuplicateJsonObjectContextCustomizer@64d2d351, org.springframework.boot.test.mock.mockito.MockitoContextCustomizer@0, org.springframework.boot.test.autoconfigure.properties.PropertyMappingContextCustomizer@0, org.springframework.boot.test.autoconfigure.web.servlet.WebDriverContextCustomizerFactory$Customizer@52aa2946], contextLoader = 'org.springframework.test.context.support.DelegatingSmartContextLoader', parent = [null]]]; transaction manager [org.springframework.orm.jpa.JpaTransactionManager@4ece2750]; rollback [true]
[05/jul/2024 13:43:34] [:] INFO - Rolled back transaction for test: [DefaultTestContext@329af9b1 testClass = Tests, testInstance = org.isf.medicalstock.test.Tests@79fc42e6, testMethod = testLotEquals@Tests, testException = [null], mergedContextConfiguration = [MergedContextConfiguration@7535554e testClass = Tests, locations = '{classpath:applicationContext.xml, classpath:applicationContext.xml}', classes = '{}', contextInitializerClasses = '[]', activeProfiles = '{}', propertySourceLocations = '{}', propertySourceProperties = '{}', contextCustomizers = set[org.springframework.boot.test.context.filter.ExcludeFilterContextCustomizer@255b53dc, org.springframework.boot.test.json.DuplicateJsonObjectContextCustomizerFactory$DuplicateJsonObjectContextCustomizer@64d2d351, org.springframework.boot.test.mock.mockito.MockitoContextCustomizer@0, org.springframework.boot.test.autoconfigure.properties.PropertyMappingContextCustomizer@0, org.springframework.boot.test.autoconfigure.web.servlet.WebDriverContextCustomizerFactory$Customizer@52aa2946], contextLoader = 'org.springframework.test.context.support.DelegatingSmartContextLoader', parent = [null]]]
]]></system-out>
  </testcase>
  <testcase name="testIoGetMovementForPrintWardOrderateWard[Test with AUTOMATICLOT_IN=true, AUTOMATICLOT_OUT=false, AUTOMATICLOTWARD_TOWARD=true]" classname="org.isf.medicalstock.test.Tests" time="0.012">
    <system-out><![CDATA[[05/jul/2024 13:43:34] [:] INFO - Began transaction (1) for test context [DefaultTestContext@329af9b1 testClass = Tests, testInstance = org.isf.medicalstock.test.Tests@59ab9bcb, testMethod = testIoGetMovementForPrintWardOrderateWard@Tests, testException = [null], mergedContextConfiguration = [MergedContextConfiguration@7535554e testClass = Tests, locations = '{classpath:applicationContext.xml, classpath:applicationContext.xml}', classes = '{}', contextInitializerClasses = '[]', activeProfiles = '{}', propertySourceLocations = '{}', propertySourceProperties = '{}', contextCustomizers = set[org.springframework.boot.test.context.filter.ExcludeFilterContextCustomizer@255b53dc, org.springframework.boot.test.json.DuplicateJsonObjectContextCustomizerFactory$DuplicateJsonObjectContextCustomizer@64d2d351, org.springframework.boot.test.mock.mockito.MockitoContextCustomizer@0, org.springframework.boot.test.autoconfigure.properties.PropertyMappingContextCustomizer@0, org.springframework.boot.test.autoconfigure.web.servlet.WebDriverContextCustomizerFactory$Customizer@52aa2946], contextLoader = 'org.springframework.test.context.support.DelegatingSmartContextLoader', parent = [null]]]; transaction manager [org.springframework.orm.jpa.JpaTransactionManager@4ece2750]; rollback [true]
[05/jul/2024 13:43:34] [:] INFO - Rolled back transaction for test: [DefaultTestContext@329af9b1 testClass = Tests, testInstance = org.isf.medicalstock.test.Tests@59ab9bcb, testMethod = testIoGetMovementForPrintWardOrderateWard@Tests, testException = [null], mergedContextConfiguration = [MergedContextConfiguration@7535554e testClass = Tests, locations = '{classpath:applicationContext.xml, classpath:applicationContext.xml}', classes = '{}', contextInitializerClasses = '[]', activeProfiles = '{}', propertySourceLocations = '{}', propertySourceProperties = '{}', contextCustomizers = set[org.springframework.boot.test.context.filter.ExcludeFilterContextCustomizer@255b53dc, org.springframework.boot.test.json.DuplicateJsonObjectContextCustomizerFactory$DuplicateJsonObjectContextCustomizer@64d2d351, org.springframework.boot.test.mock.mockito.MockitoContextCustomizer@0, org.springframework.boot.test.autoconfigure.properties.PropertyMappingContextCustomizer@0, org.springframework.boot.test.autoconfigure.web.servlet.WebDriverContextCustomizerFactory$Customizer@52aa2946], contextLoader = 'org.springframework.test.context.support.DelegatingSmartContextLoader', parent = [null]]]
]]></system-out>
  </testcase>
  <testcase name="testMgrValidateReferenceNumber[Test with AUTOMATICLOT_IN=true, AUTOMATICLOT_OUT=false, AUTOMATICLOTWARD_TOWARD=true]" classname="org.isf.medicalstock.test.Tests" time="0.011">
    <system-out><![CDATA[[05/jul/2024 13:43:34] [:] INFO - Began transaction (1) for test context [DefaultTestContext@329af9b1 testClass = Tests, testInstance = org.isf.medicalstock.test.Tests@478e2f40, testMethod = testMgrValidateReferenceNumber@Tests, testException = [null], mergedContextConfiguration = [MergedContextConfiguration@7535554e testClass = Tests, locations = '{classpath:applicationContext.xml, classpath:applicationContext.xml}', classes = '{}', contextInitializerClasses = '[]', activeProfiles = '{}', propertySourceLocations = '{}', propertySourceProperties = '{}', contextCustomizers = set[org.springframework.boot.test.context.filter.ExcludeFilterContextCustomizer@255b53dc, org.springframework.boot.test.json.DuplicateJsonObjectContextCustomizerFactory$DuplicateJsonObjectContextCustomizer@64d2d351, org.springframework.boot.test.mock.mockito.MockitoContextCustomizer@0, org.springframework.boot.test.autoconfigure.properties.PropertyMappingContextCustomizer@0, org.springframework.boot.test.autoconfigure.web.servlet.WebDriverContextCustomizerFactory$Customizer@52aa2946], contextLoader = 'org.springframework.test.context.support.DelegatingSmartContextLoader', parent = [null]]]; transaction manager [org.springframework.orm.jpa.JpaTransactionManager@4ece2750]; rollback [true]
[05/jul/2024 13:43:34] [:] INFO - Rolled back transaction for test: [DefaultTestContext@329af9b1 testClass = Tests, testInstance = org.isf.medicalstock.test.Tests@478e2f40, testMethod = testMgrValidateReferenceNumber@Tests, testException = [null], mergedContextConfiguration = [MergedContextConfiguration@7535554e testClass = Tests, locations = '{classpath:applicationContext.xml, classpath:applicationContext.xml}', classes = '{}', contextInitializerClasses = '[]', activeProfiles = '{}', propertySourceLocations = '{}', propertySourceProperties = '{}', contextCustomizers = set[org.springframework.boot.test.context.filter.ExcludeFilterContextCustomizer@255b53dc, org.springframework.boot.test.json.DuplicateJsonObjectContextCustomizerFactory$DuplicateJsonObjectContextCustomizer@64d2d351, org.springframework.boot.test.mock.mockito.MockitoContextCustomizer@0, org.springframework.boot.test.autoconfigure.properties.PropertyMappingContextCustomizer@0, org.springframework.boot.test.autoconfigure.web.servlet.WebDriverContextCustomizerFactory$Customizer@52aa2946], contextLoader = 'org.springframework.test.context.support.DelegatingSmartContextLoader', parent = [null]]]
]]></system-out>
  </testcase>
  <testcase name="testIoGetLotsByMedicalEmptyLot[Test with AUTOMATICLOT_IN=true, AUTOMATICLOT_OUT=false, AUTOMATICLOTWARD_TOWARD=true]" classname="org.isf.medicalstock.test.Tests" time="0.012">
    <system-out><![CDATA[[05/jul/2024 13:43:34] [:] INFO - Began transaction (1) for test context [DefaultTestContext@329af9b1 testClass = Tests, testInstance = org.isf.medicalstock.test.Tests@6c29562a, testMethod = testIoGetLotsByMedicalEmptyLot@Tests, testException = [null], mergedContextConfiguration = [MergedContextConfiguration@7535554e testClass = Tests, locations = '{classpath:applicationContext.xml, classpath:applicationContext.xml}', classes = '{}', contextInitializerClasses = '[]', activeProfiles = '{}', propertySourceLocations = '{}', propertySourceProperties = '{}', contextCustomizers = set[org.springframework.boot.test.context.filter.ExcludeFilterContextCustomizer@255b53dc, org.springframework.boot.test.json.DuplicateJsonObjectContextCustomizerFactory$DuplicateJsonObjectContextCustomizer@64d2d351, org.springframework.boot.test.mock.mockito.MockitoContextCustomizer@0, org.springframework.boot.test.autoconfigure.properties.PropertyMappingContextCustomizer@0, org.springframework.boot.test.autoconfigure.web.servlet.WebDriverContextCustomizerFactory$Customizer@52aa2946], contextLoader = 'org.springframework.test.context.support.DelegatingSmartContextLoader', parent = [null]]]; transaction manager [org.springframework.orm.jpa.JpaTransactionManager@4ece2750]; rollback [true]
[05/jul/2024 13:43:34] [:] INFO - Rolled back transaction for test: [DefaultTestContext@329af9b1 testClass = Tests, testInstance = org.isf.medicalstock.test.Tests@6c29562a, testMethod = testIoGetLotsByMedicalEmptyLot@Tests, testException = [null], mergedContextConfiguration = [MergedContextConfiguration@7535554e testClass = Tests, locations = '{classpath:applicationContext.xml, classpath:applicationContext.xml}', classes = '{}', contextInitializerClasses = '[]', activeProfiles = '{}', propertySourceLocations = '{}', propertySourceProperties = '{}', contextCustomizers = set[org.springframework.boot.test.context.filter.ExcludeFilterContextCustomizer@255b53dc, org.springframework.boot.test.json.DuplicateJsonObjectContextCustomizerFactory$DuplicateJsonObjectContextCustomizer@64d2d351, org.springframework.boot.test.mock.mockito.MockitoContextCustomizer@0, org.springframework.boot.test.autoconfigure.properties.PropertyMappingContextCustomizer@0, org.springframework.boot.test.autoconfigure.web.servlet.WebDriverContextCustomizerFactory$Customizer@52aa2946], contextLoader = 'org.springframework.test.context.support.DelegatingSmartContextLoader', parent = [null]]]
]]></system-out>
  </testcase>
  <testcase name="testIoNewMovement[Test with AUTOMATICLOT_IN=true, AUTOMATICLOT_OUT=false, AUTOMATICLOTWARD_TOWARD=true]" classname="org.isf.medicalstock.test.Tests" time="0.011">
    <system-out><![CDATA[[05/jul/2024 13:43:34] [:] INFO - Began transaction (1) for test context [DefaultTestContext@329af9b1 testClass = Tests, testInstance = org.isf.medicalstock.test.Tests@7c672007, testMethod = testIoNewMovement@Tests, testException = [null], mergedContextConfiguration = [MergedContextConfiguration@7535554e testClass = Tests, locations = '{classpath:applicationContext.xml, classpath:applicationContext.xml}', classes = '{}', contextInitializerClasses = '[]', activeProfiles = '{}', propertySourceLocations = '{}', propertySourceProperties = '{}', contextCustomizers = set[org.springframework.boot.test.context.filter.ExcludeFilterContextCustomizer@255b53dc, org.springframework.boot.test.json.DuplicateJsonObjectContextCustomizerFactory$DuplicateJsonObjectContextCustomizer@64d2d351, org.springframework.boot.test.mock.mockito.MockitoContextCustomizer@0, org.springframework.boot.test.autoconfigure.properties.PropertyMappingContextCustomizer@0, org.springframework.boot.test.autoconfigure.web.servlet.WebDriverContextCustomizerFactory$Customizer@52aa2946], contextLoader = 'org.springframework.test.context.support.DelegatingSmartContextLoader', parent = [null]]]; transaction manager [org.springframework.orm.jpa.JpaTransactionManager@4ece2750]; rollback [true]
[05/jul/2024 13:43:34] [:] INFO - Rolled back transaction for test: [DefaultTestContext@329af9b1 testClass = Tests, testInstance = org.isf.medicalstock.test.Tests@7c672007, testMethod = testIoNewMovement@Tests, testException = [null], mergedContextConfiguration = [MergedContextConfiguration@7535554e testClass = Tests, locations = '{classpath:applicationContext.xml, classpath:applicationContext.xml}', classes = '{}', contextInitializerClasses = '[]', activeProfiles = '{}', propertySourceLocations = '{}', propertySourceProperties = '{}', contextCustomizers = set[org.springframework.boot.test.context.filter.ExcludeFilterContextCustomizer@255b53dc, org.springframework.boot.test.json.DuplicateJsonObjectContextCustomizerFactory$DuplicateJsonObjectContextCustomizer@64d2d351, org.springframework.boot.test.mock.mockito.MockitoContextCustomizer@0, org.springframework.boot.test.autoconfigure.properties.PropertyMappingContextCustomizer@0, org.springframework.boot.test.autoconfigure.web.servlet.WebDriverContextCustomizerFactory$Customizer@52aa2946], contextLoader = 'org.springframework.test.context.support.DelegatingSmartContextLoader', parent = [null]]]
]]></system-out>
  </testcase>
  <testcase name="testMgrValidateNullWard[Test with AUTOMATICLOT_IN=true, AUTOMATICLOT_OUT=false, AUTOMATICLOTWARD_TOWARD=true]" classname="org.isf.medicalstock.test.Tests" time="0.012">
    <system-out><![CDATA[[05/jul/2024 13:43:34] [:] INFO - Began transaction (1) for test context [DefaultTestContext@329af9b1 testClass = Tests, testInstance = org.isf.medicalstock.test.Tests@3d44c2be, testMethod = testMgrValidateNullWard@Tests, testException = [null], mergedContextConfiguration = [MergedContextConfiguration@7535554e testClass = Tests, locations = '{classpath:applicationContext.xml, classpath:applicationContext.xml}', classes = '{}', contextInitializerClasses = '[]', activeProfiles = '{}', propertySourceLocations = '{}', propertySourceProperties = '{}', contextCustomizers = set[org.springframework.boot.test.context.filter.ExcludeFilterContextCustomizer@255b53dc, org.springframework.boot.test.json.DuplicateJsonObjectContextCustomizerFactory$DuplicateJsonObjectContextCustomizer@64d2d351, org.springframework.boot.test.mock.mockito.MockitoContextCustomizer@0, org.springframework.boot.test.autoconfigure.properties.PropertyMappingContextCustomizer@0, org.springframework.boot.test.autoconfigure.web.servlet.WebDriverContextCustomizerFactory$Customizer@52aa2946], contextLoader = 'org.springframework.test.context.support.DelegatingSmartContextLoader', parent = [null]]]; transaction manager [org.springframework.orm.jpa.JpaTransactionManager@4ece2750]; rollback [true]
[05/jul/2024 13:43:34] [:] INFO - Rolled back transaction for test: [DefaultTestContext@329af9b1 testClass = Tests, testInstance = org.isf.medicalstock.test.Tests@3d44c2be, testMethod = testMgrValidateNullWard@Tests, testException = [null], mergedContextConfiguration = [MergedContextConfiguration@7535554e testClass = Tests, locations = '{classpath:applicationContext.xml, classpath:applicationContext.xml}', classes = '{}', contextInitializerClasses = '[]', activeProfiles = '{}', propertySourceLocations = '{}', propertySourceProperties = '{}', contextCustomizers = set[org.springframework.boot.test.context.filter.ExcludeFilterContextCustomizer@255b53dc, org.springframework.boot.test.json.DuplicateJsonObjectContextCustomizerFactory$DuplicateJsonObjectContextCustomizer@64d2d351, org.springframework.boot.test.mock.mockito.MockitoContextCustomizer@0, org.springframework.boot.test.autoconfigure.properties.PropertyMappingContextCustomizer@0, org.springframework.boot.test.autoconfigure.web.servlet.WebDriverContextCustomizerFactory$Customizer@52aa2946], contextLoader = 'org.springframework.test.context.support.DelegatingSmartContextLoader', parent = [null]]]
]]></system-out>
  </testcase>
  <testcase name="testMgrValidateNullSupplier[Test with AUTOMATICLOT_IN=true, AUTOMATICLOT_OUT=false, AUTOMATICLOTWARD_TOWARD=true]" classname="org.isf.medicalstock.test.Tests" time="0.015">
    <system-out><![CDATA[[05/jul/2024 13:43:34] [:] INFO - Began transaction (1) for test context [DefaultTestContext@329af9b1 testClass = Tests, testInstance = org.isf.medicalstock.test.Tests@71699dfc, testMethod = testMgrValidateNullSupplier@Tests, testException = [null], mergedContextConfiguration = [MergedContextConfiguration@7535554e testClass = Tests, locations = '{classpath:applicationContext.xml, classpath:applicationContext.xml}', classes = '{}', contextInitializerClasses = '[]', activeProfiles = '{}', propertySourceLocations = '{}', propertySourceProperties = '{}', contextCustomizers = set[org.springframework.boot.test.context.filter.ExcludeFilterContextCustomizer@255b53dc, org.springframework.boot.test.json.DuplicateJsonObjectContextCustomizerFactory$DuplicateJsonObjectContextCustomizer@64d2d351, org.springframework.boot.test.mock.mockito.MockitoContextCustomizer@0, org.springframework.boot.test.autoconfigure.properties.PropertyMappingContextCustomizer@0, org.springframework.boot.test.autoconfigure.web.servlet.WebDriverContextCustomizerFactory$Customizer@52aa2946], contextLoader = 'org.springframework.test.context.support.DelegatingSmartContextLoader', parent = [null]]]; transaction manager [org.springframework.orm.jpa.JpaTransactionManager@4ece2750]; rollback [true]
[05/jul/2024 13:43:34] [:] INFO - Rolled back transaction for test: [DefaultTestContext@329af9b1 testClass = Tests, testInstance = org.isf.medicalstock.test.Tests@71699dfc, testMethod = testMgrValidateNullSupplier@Tests, testException = [null], mergedContextConfiguration = [MergedContextConfiguration@7535554e testClass = Tests, locations = '{classpath:applicationContext.xml, classpath:applicationContext.xml}', classes = '{}', contextInitializerClasses = '[]', activeProfiles = '{}', propertySourceLocations = '{}', propertySourceProperties = '{}', contextCustomizers = set[org.springframework.boot.test.context.filter.ExcludeFilterContextCustomizer@255b53dc, org.springframework.boot.test.json.DuplicateJsonObjectContextCustomizerFactory$DuplicateJsonObjectContextCustomizer@64d2d351, org.springframework.boot.test.mock.mockito.MockitoContextCustomizer@0, org.springframework.boot.test.autoconfigure.properties.PropertyMappingContextCustomizer@0, org.springframework.boot.test.autoconfigure.web.servlet.WebDriverContextCustomizerFactory$Customizer@52aa2946], contextLoader = 'org.springframework.test.context.support.DelegatingSmartContextLoader', parent = [null]]]
]]></system-out>
  </testcase>
  <testcase name="testMgrGetMovementsWihAllParameters[Test with AUTOMATICLOT_IN=true, AUTOMATICLOT_OUT=false, AUTOMATICLOTWARD_TOWARD=true]" classname="org.isf.medicalstock.test.Tests" time="0.018">
    <system-out><![CDATA[[05/jul/2024 13:43:34] [:] INFO - Began transaction (1) for test context [DefaultTestContext@329af9b1 testClass = Tests, testInstance = org.isf.medicalstock.test.Tests@507d9ec8, testMethod = testMgrGetMovementsWihAllParameters@Tests, testException = [null], mergedContextConfiguration = [MergedContextConfiguration@7535554e testClass = Tests, locations = '{classpath:applicationContext.xml, classpath:applicationContext.xml}', classes = '{}', contextInitializerClasses = '[]', activeProfiles = '{}', propertySourceLocations = '{}', propertySourceProperties = '{}', contextCustomizers = set[org.springframework.boot.test.context.filter.ExcludeFilterContextCustomizer@255b53dc, org.springframework.boot.test.json.DuplicateJsonObjectContextCustomizerFactory$DuplicateJsonObjectContextCustomizer@64d2d351, org.springframework.boot.test.mock.mockito.MockitoContextCustomizer@0, org.springframework.boot.test.autoconfigure.properties.PropertyMappingContextCustomizer@0, org.springframework.boot.test.autoconfigure.web.servlet.WebDriverContextCustomizerFactory$Customizer@52aa2946], contextLoader = 'org.springframework.test.context.support.DelegatingSmartContextLoader', parent = [null]]]; transaction manager [org.springframework.orm.jpa.JpaTransactionManager@4ece2750]; rollback [true]
[05/jul/2024 13:43:34] [:] INFO - Rolled back transaction for test: [DefaultTestContext@329af9b1 testClass = Tests, testInstance = org.isf.medicalstock.test.Tests@507d9ec8, testMethod = testMgrGetMovementsWihAllParameters@Tests, testException = [null], mergedContextConfiguration = [MergedContextConfiguration@7535554e testClass = Tests, locations = '{classpath:applicationContext.xml, classpath:applicationContext.xml}', classes = '{}', contextInitializerClasses = '[]', activeProfiles = '{}', propertySourceLocations = '{}', propertySourceProperties = '{}', contextCustomizers = set[org.springframework.boot.test.context.filter.ExcludeFilterContextCustomizer@255b53dc, org.springframework.boot.test.json.DuplicateJsonObjectContextCustomizerFactory$DuplicateJsonObjectContextCustomizer@64d2d351, org.springframework.boot.test.mock.mockito.MockitoContextCustomizer@0, org.springframework.boot.test.autoconfigure.properties.PropertyMappingContextCustomizer@0, org.springframework.boot.test.autoconfigure.web.servlet.WebDriverContextCustomizerFactory$Customizer@52aa2946], contextLoader = 'org.springframework.test.context.support.DelegatingSmartContextLoader', parent = [null]]]
]]></system-out>
  </testcase>
  <testcase name="testIoLotExists[Test with AUTOMATICLOT_IN=true, AUTOMATICLOT_OUT=false, AUTOMATICLOTWARD_TOWARD=true]" classname="org.isf.medicalstock.test.Tests" time="0.015">
    <system-out><![CDATA[[05/jul/2024 13:43:34] [:] INFO - Began transaction (1) for test context [DefaultTestContext@329af9b1 testClass = Tests, testInstance = org.isf.medicalstock.test.Tests@3d5b562a, testMethod = testIoLotExists@Tests, testException = [null], mergedContextConfiguration = [MergedContextConfiguration@7535554e testClass = Tests, locations = '{classpath:applicationContext.xml, classpath:applicationContext.xml}', classes = '{}', contextInitializerClasses = '[]', activeProfiles = '{}', propertySourceLocations = '{}', propertySourceProperties = '{}', contextCustomizers = set[org.springframework.boot.test.context.filter.ExcludeFilterContextCustomizer@255b53dc, org.springframework.boot.test.json.DuplicateJsonObjectContextCustomizerFactory$DuplicateJsonObjectContextCustomizer@64d2d351, org.springframework.boot.test.mock.mockito.MockitoContextCustomizer@0, org.springframework.boot.test.autoconfigure.properties.PropertyMappingContextCustomizer@0, org.springframework.boot.test.autoconfigure.web.servlet.WebDriverContextCustomizerFactory$Customizer@52aa2946], contextLoader = 'org.springframework.test.context.support.DelegatingSmartContextLoader', parent = [null]]]; transaction manager [org.springframework.orm.jpa.JpaTransactionManager@4ece2750]; rollback [true]
[05/jul/2024 13:43:34] [:] INFO - Rolled back transaction for test: [DefaultTestContext@329af9b1 testClass = Tests, testInstance = org.isf.medicalstock.test.Tests@3d5b562a, testMethod = testIoLotExists@Tests, testException = [null], mergedContextConfiguration = [MergedContextConfiguration@7535554e testClass = Tests, locations = '{classpath:applicationContext.xml, classpath:applicationContext.xml}', classes = '{}', contextInitializerClasses = '[]', activeProfiles = '{}', propertySourceLocations = '{}', propertySourceProperties = '{}', contextCustomizers = set[org.springframework.boot.test.context.filter.ExcludeFilterContextCustomizer@255b53dc, org.springframework.boot.test.json.DuplicateJsonObjectContextCustomizerFactory$DuplicateJsonObjectContextCustomizer@64d2d351, org.springframework.boot.test.mock.mockito.MockitoContextCustomizer@0, org.springframework.boot.test.autoconfigure.properties.PropertyMappingContextCustomizer@0, org.springframework.boot.test.autoconfigure.web.servlet.WebDriverContextCustomizerFactory$Customizer@52aa2946], contextLoader = 'org.springframework.test.context.support.DelegatingSmartContextLoader', parent = [null]]]
]]></system-out>
  </testcase>
  <testcase name="testLotToString[Test with AUTOMATICLOT_IN=true, AUTOMATICLOT_OUT=false, AUTOMATICLOTWARD_TOWARD=true]" classname="org.isf.medicalstock.test.Tests" time="0.01">
    <system-out><![CDATA[[05/jul/2024 13:43:34] [:] INFO - Began transaction (1) for test context [DefaultTestContext@329af9b1 testClass = Tests, testInstance = org.isf.medicalstock.test.Tests@a525e07, testMethod = testLotToString@Tests, testException = [null], mergedContextConfiguration = [MergedContextConfiguration@7535554e testClass = Tests, locations = '{classpath:applicationContext.xml, classpath:applicationContext.xml}', classes = '{}', contextInitializerClasses = '[]', activeProfiles = '{}', propertySourceLocations = '{}', propertySourceProperties = '{}', contextCustomizers = set[org.springframework.boot.test.context.filter.ExcludeFilterContextCustomizer@255b53dc, org.springframework.boot.test.json.DuplicateJsonObjectContextCustomizerFactory$DuplicateJsonObjectContextCustomizer@64d2d351, org.springframework.boot.test.mock.mockito.MockitoContextCustomizer@0, org.springframework.boot.test.autoconfigure.properties.PropertyMappingContextCustomizer@0, org.springframework.boot.test.autoconfigure.web.servlet.WebDriverContextCustomizerFactory$Customizer@52aa2946], contextLoader = 'org.springframework.test.context.support.DelegatingSmartContextLoader', parent = [null]]]; transaction manager [org.springframework.orm.jpa.JpaTransactionManager@4ece2750]; rollback [true]
[05/jul/2024 13:43:34] [:] INFO - Rolled back transaction for test: [DefaultTestContext@329af9b1 testClass = Tests, testInstance = org.isf.medicalstock.test.Tests@a525e07, testMethod = testLotToString@Tests, testException = [null], mergedContextConfiguration = [MergedContextConfiguration@7535554e testClass = Tests, locations = '{classpath:applicationContext.xml, classpath:applicationContext.xml}', classes = '{}', contextInitializerClasses = '[]', activeProfiles = '{}', propertySourceLocations = '{}', propertySourceProperties = '{}', contextCustomizers = set[org.springframework.boot.test.context.filter.ExcludeFilterContextCustomizer@255b53dc, org.springframework.boot.test.json.DuplicateJsonObjectContextCustomizerFactory$DuplicateJsonObjectContextCustomizer@64d2d351, org.springframework.boot.test.mock.mockito.MockitoContextCustomizer@0, org.springframework.boot.test.autoconfigure.properties.PropertyMappingContextCustomizer@0, org.springframework.boot.test.autoconfigure.web.servlet.WebDriverContextCustomizerFactory$Customizer@52aa2946], contextLoader = 'org.springframework.test.context.support.DelegatingSmartContextLoader', parent = [null]]]
]]></system-out>
  </testcase>
  <testcase name="testIoGetMovementForPrintPharmaceuticalTypeOrder[Test with AUTOMATICLOT_IN=true, AUTOMATICLOT_OUT=false, AUTOMATICLOTWARD_TOWARD=true]" classname="org.isf.medicalstock.test.Tests" time="0.013">
    <system-out><![CDATA[[05/jul/2024 13:43:34] [:] INFO - Began transaction (1) for test context [DefaultTestContext@329af9b1 testClass = Tests, testInstance = org.isf.medicalstock.test.Tests@72bbabbc, testMethod = testIoGetMovementForPrintPharmaceuticalTypeOrder@Tests, testException = [null], mergedContextConfiguration = [MergedContextConfiguration@7535554e testClass = Tests, locations = '{classpath:applicationContext.xml, classpath:applicationContext.xml}', classes = '{}', contextInitializerClasses = '[]', activeProfiles = '{}', propertySourceLocations = '{}', propertySourceProperties = '{}', contextCustomizers = set[org.springframework.boot.test.context.filter.ExcludeFilterContextCustomizer@255b53dc, org.springframework.boot.test.json.DuplicateJsonObjectContextCustomizerFactory$DuplicateJsonObjectContextCustomizer@64d2d351, org.springframework.boot.test.mock.mockito.MockitoContextCustomizer@0, org.springframework.boot.test.autoconfigure.properties.PropertyMappingContextCustomizer@0, org.springframework.boot.test.autoconfigure.web.servlet.WebDriverContextCustomizerFactory$Customizer@52aa2946], contextLoader = 'org.springframework.test.context.support.DelegatingSmartContextLoader', parent = [null]]]; transaction manager [org.springframework.orm.jpa.JpaTransactionManager@4ece2750]; rollback [true]
[05/jul/2024 13:43:34] [:] INFO - Rolled back transaction for test: [DefaultTestContext@329af9b1 testClass = Tests, testInstance = org.isf.medicalstock.test.Tests@72bbabbc, testMethod = testIoGetMovementForPrintPharmaceuticalTypeOrder@Tests, testException = [null], mergedContextConfiguration = [MergedContextConfiguration@7535554e testClass = Tests, locations = '{classpath:applicationContext.xml, classpath:applicationContext.xml}', classes = '{}', contextInitializerClasses = '[]', activeProfiles = '{}', propertySourceLocations = '{}', propertySourceProperties = '{}', contextCustomizers = set[org.springframework.boot.test.context.filter.ExcludeFilterContextCustomizer@255b53dc, org.springframework.boot.test.json.DuplicateJsonObjectContextCustomizerFactory$DuplicateJsonObjectContextCustomizer@64d2d351, org.springframework.boot.test.mock.mockito.MockitoContextCustomizer@0, org.springframework.boot.test.autoconfigure.properties.PropertyMappingContextCustomizer@0, org.springframework.boot.test.autoconfigure.web.servlet.WebDriverContextCustomizerFactory$Customizer@52aa2946], contextLoader = 'org.springframework.test.context.support.DelegatingSmartContextLoader', parent = [null]]]
]]></system-out>
  </testcase>
  <testcase name="testMgrPrepareDischargingMovement[Test with AUTOMATICLOT_IN=true, AUTOMATICLOT_OUT=false, AUTOMATICLOTWARD_TOWARD=true]" classname="org.isf.medicalstock.test.Tests" time="0.013">
    <system-out><![CDATA[[05/jul/2024 13:43:34] [:] INFO - Began transaction (1) for test context [DefaultTestContext@329af9b1 testClass = Tests, testInstance = org.isf.medicalstock.test.Tests@718b9cba, testMethod = testMgrPrepareDischargingMovement@Tests, testException = [null], mergedContextConfiguration = [MergedContextConfiguration@7535554e testClass = Tests, locations = '{classpath:applicationContext.xml, classpath:applicationContext.xml}', classes = '{}', contextInitializerClasses = '[]', activeProfiles = '{}', propertySourceLocations = '{}', propertySourceProperties = '{}', contextCustomizers = set[org.springframework.boot.test.context.filter.ExcludeFilterContextCustomizer@255b53dc, org.springframework.boot.test.json.DuplicateJsonObjectContextCustomizerFactory$DuplicateJsonObjectContextCustomizer@64d2d351, org.springframework.boot.test.mock.mockito.MockitoContextCustomizer@0, org.springframework.boot.test.autoconfigure.properties.PropertyMappingContextCustomizer@0, org.springframework.boot.test.autoconfigure.web.servlet.WebDriverContextCustomizerFactory$Customizer@52aa2946], contextLoader = 'org.springframework.test.context.support.DelegatingSmartContextLoader', parent = [null]]]; transaction manager [org.springframework.orm.jpa.JpaTransactionManager@4ece2750]; rollback [true]
[05/jul/2024 13:43:35] [:] INFO - Rolled back transaction for test: [DefaultTestContext@329af9b1 testClass = Tests, testInstance = org.isf.medicalstock.test.Tests@718b9cba, testMethod = testMgrPrepareDischargingMovement@Tests, testException = [null], mergedContextConfiguration = [MergedContextConfiguration@7535554e testClass = Tests, locations = '{classpath:applicationContext.xml, classpath:applicationContext.xml}', classes = '{}', contextInitializerClasses = '[]', activeProfiles = '{}', propertySourceLocations = '{}', propertySourceProperties = '{}', contextCustomizers = set[org.springframework.boot.test.context.filter.ExcludeFilterContextCustomizer@255b53dc, org.springframework.boot.test.json.DuplicateJsonObjectContextCustomizerFactory$DuplicateJsonObjectContextCustomizer@64d2d351, org.springframework.boot.test.mock.mockito.MockitoContextCustomizer@0, org.springframework.boot.test.autoconfigure.properties.PropertyMappingContextCustomizer@0, org.springframework.boot.test.autoconfigure.web.servlet.WebDriverContextCustomizerFactory$Customizer@52aa2946], contextLoader = 'org.springframework.test.context.support.DelegatingSmartContextLoader', parent = [null]]]
]]></system-out>
  </testcase>
  <testcase name="testMgrValidateNullMedical[Test with AUTOMATICLOT_IN=true, AUTOMATICLOT_OUT=false, AUTOMATICLOTWARD_TOWARD=true]" classname="org.isf.medicalstock.test.Tests" time="0.015">
    <system-out><![CDATA[[05/jul/2024 13:43:35] [:] INFO - Began transaction (1) for test context [DefaultTestContext@329af9b1 testClass = Tests, testInstance = org.isf.medicalstock.test.Tests@4626c79f, testMethod = testMgrValidateNullMedical@Tests, testException = [null], mergedContextConfiguration = [MergedContextConfiguration@7535554e testClass = Tests, locations = '{classpath:applicationContext.xml, classpath:applicationContext.xml}', classes = '{}', contextInitializerClasses = '[]', activeProfiles = '{}', propertySourceLocations = '{}', propertySourceProperties = '{}', contextCustomizers = set[org.springframework.boot.test.context.filter.ExcludeFilterContextCustomizer@255b53dc, org.springframework.boot.test.json.DuplicateJsonObjectContextCustomizerFactory$DuplicateJsonObjectContextCustomizer@64d2d351, org.springframework.boot.test.mock.mockito.MockitoContextCustomizer@0, org.springframework.boot.test.autoconfigure.properties.PropertyMappingContextCustomizer@0, org.springframework.boot.test.autoconfigure.web.servlet.WebDriverContextCustomizerFactory$Customizer@52aa2946], contextLoader = 'org.springframework.test.context.support.DelegatingSmartContextLoader', parent = [null]]]; transaction manager [org.springframework.orm.jpa.JpaTransactionManager@4ece2750]; rollback [true]
[05/jul/2024 13:43:35] [:] INFO - Rolled back transaction for test: [DefaultTestContext@329af9b1 testClass = Tests, testInstance = org.isf.medicalstock.test.Tests@4626c79f, testMethod = testMgrValidateNullMedical@Tests, testException = [null], mergedContextConfiguration = [MergedContextConfiguration@7535554e testClass = Tests, locations = '{classpath:applicationContext.xml, classpath:applicationContext.xml}', classes = '{}', contextInitializerClasses = '[]', activeProfiles = '{}', propertySourceLocations = '{}', propertySourceProperties = '{}', contextCustomizers = set[org.springframework.boot.test.context.filter.ExcludeFilterContextCustomizer@255b53dc, org.springframework.boot.test.json.DuplicateJsonObjectContextCustomizerFactory$DuplicateJsonObjectContextCustomizer@64d2d351, org.springframework.boot.test.mock.mockito.MockitoContextCustomizer@0, org.springframework.boot.test.autoconfigure.properties.PropertyMappingContextCustomizer@0, org.springframework.boot.test.autoconfigure.web.servlet.WebDriverContextCustomizerFactory$Customizer@52aa2946], contextLoader = 'org.springframework.test.context.support.DelegatingSmartContextLoader', parent = [null]]]
]]></system-out>
  </testcase>
  <testcase name="testMgrValidateLotPreparationDateAfterDueDate[Test with AUTOMATICLOT_IN=true, AUTOMATICLOT_OUT=false, AUTOMATICLOTWARD_TOWARD=true]" classname="org.isf.medicalstock.test.Tests" time="0.016">
    <system-out><![CDATA[[05/jul/2024 13:43:35] [:] INFO - Began transaction (1) for test context [DefaultTestContext@329af9b1 testClass = Tests, testInstance = org.isf.medicalstock.test.Tests@6dbed33a, testMethod = testMgrValidateLotPreparationDateAfterDueDate@Tests, testException = [null], mergedContextConfiguration = [MergedContextConfiguration@7535554e testClass = Tests, locations = '{classpath:applicationContext.xml, classpath:applicationContext.xml}', classes = '{}', contextInitializerClasses = '[]', activeProfiles = '{}', propertySourceLocations = '{}', propertySourceProperties = '{}', contextCustomizers = set[org.springframework.boot.test.context.filter.ExcludeFilterContextCustomizer@255b53dc, org.springframework.boot.test.json.DuplicateJsonObjectContextCustomizerFactory$DuplicateJsonObjectContextCustomizer@64d2d351, org.springframework.boot.test.mock.mockito.MockitoContextCustomizer@0, org.springframework.boot.test.autoconfigure.properties.PropertyMappingContextCustomizer@0, org.springframework.boot.test.autoconfigure.web.servlet.WebDriverContextCustomizerFactory$Customizer@52aa2946], contextLoader = 'org.springframework.test.context.support.DelegatingSmartContextLoader', parent = [null]]]; transaction manager [org.springframework.orm.jpa.JpaTransactionManager@4ece2750]; rollback [true]
[05/jul/2024 13:43:35] [:] INFO - Rolled back transaction for test: [DefaultTestContext@329af9b1 testClass = Tests, testInstance = org.isf.medicalstock.test.Tests@6dbed33a, testMethod = testMgrValidateLotPreparationDateAfterDueDate@Tests, testException = [null], mergedContextConfiguration = [MergedContextConfiguration@7535554e testClass = Tests, locations = '{classpath:applicationContext.xml, classpath:applicationContext.xml}', classes = '{}', contextInitializerClasses = '[]', activeProfiles = '{}', propertySourceLocations = '{}', propertySourceProperties = '{}', contextCustomizers = set[org.springframework.boot.test.context.filter.ExcludeFilterContextCustomizer@255b53dc, org.springframework.boot.test.json.DuplicateJsonObjectContextCustomizerFactory$DuplicateJsonObjectContextCustomizer@64d2d351, org.springframework.boot.test.mock.mockito.MockitoContextCustomizer@0, org.springframework.boot.test.autoconfigure.properties.PropertyMappingContextCustomizer@0, org.springframework.boot.test.autoconfigure.web.servlet.WebDriverContextCustomizerFactory$Customizer@52aa2946], contextLoader = 'org.springframework.test.context.support.DelegatingSmartContextLoader', parent = [null]]]
]]></system-out>
  </testcase>
  <testcase name="testMgrValidateLotCodeTooLong[Test with AUTOMATICLOT_IN=true, AUTOMATICLOT_OUT=false, AUTOMATICLOTWARD_TOWARD=true]" classname="org.isf.medicalstock.test.Tests" time="0.016">
    <system-out><![CDATA[[05/jul/2024 13:43:35] [:] INFO - Began transaction (1) for test context [DefaultTestContext@329af9b1 testClass = Tests, testInstance = org.isf.medicalstock.test.Tests@53943280, testMethod = testMgrValidateLotCodeTooLong@Tests, testException = [null], mergedContextConfiguration = [MergedContextConfiguration@7535554e testClass = Tests, locations = '{classpath:applicationContext.xml, classpath:applicationContext.xml}', classes = '{}', contextInitializerClasses = '[]', activeProfiles = '{}', propertySourceLocations = '{}', propertySourceProperties = '{}', contextCustomizers = set[org.springframework.boot.test.context.filter.ExcludeFilterContextCustomizer@255b53dc, org.springframework.boot.test.json.DuplicateJsonObjectContextCustomizerFactory$DuplicateJsonObjectContextCustomizer@64d2d351, org.springframework.boot.test.mock.mockito.MockitoContextCustomizer@0, org.springframework.boot.test.autoconfigure.properties.PropertyMappingContextCustomizer@0, org.springframework.boot.test.autoconfigure.web.servlet.WebDriverContextCustomizerFactory$Customizer@52aa2946], contextLoader = 'org.springframework.test.context.support.DelegatingSmartContextLoader', parent = [null]]]; transaction manager [org.springframework.orm.jpa.JpaTransactionManager@4ece2750]; rollback [true]
[05/jul/2024 13:43:35] [:] ERROR - org.hibernate.TransientPropertyValueException: object references an unsaved transient instance - save the transient instance before flushing: org.isf.medicalstock.model.Movement.lot -> org.isf.medicalstock.model.Lot; nested exception is java.lang.IllegalStateException: org.hibernate.TransientPropertyValueException: object references an unsaved transient instance - save the transient instance before flushing: org.isf.medicalstock.model.Movement.lot -> org.isf.medicalstock.model.Lot
org.springframework.dao.InvalidDataAccessApiUsageException: org.hibernate.TransientPropertyValueException: object references an unsaved transient instance - save the transient instance before flushing: org.isf.medicalstock.model.Movement.lot -> org.isf.medicalstock.model.Lot; nested exception is java.lang.IllegalStateException: org.hibernate.TransientPropertyValueException: object references an unsaved transient instance - save the transient instance before flushing: org.isf.medicalstock.model.Movement.lot -> org.isf.medicalstock.model.Lot
	at org.springframework.orm.jpa.EntityManagerFactoryUtils.convertJpaAccessExceptionIfPossible(EntityManagerFactoryUtils.java:387)
	at org.springframework.orm.jpa.vendor.HibernateJpaDialect.translateExceptionIfPossible(HibernateJpaDialect.java:246)
	at org.springframework.orm.jpa.AbstractEntityManagerFactoryBean.translateExceptionIfPossible(AbstractEntityManagerFactoryBean.java:525)
	at org.springframework.dao.support.ChainedPersistenceExceptionTranslator.translateExceptionIfPossible(ChainedPersistenceExceptionTranslator.java:59)
	at org.springframework.dao.support.DataAccessUtils.translateIfNecessary(DataAccessUtils.java:209)
	at org.springframework.dao.support.PersistenceExceptionTranslationInterceptor.invoke(PersistenceExceptionTranslationInterceptor.java:147)
	at org.springframework.aop.framework.ReflectiveMethodInvocation.proceed(ReflectiveMethodInvocation.java:179)
	at org.springframework.data.jpa.repository.support.CrudMethodMetadataPostProcessor$CrudMethodMetadataPopulatingMethodInterceptor.invoke(CrudMethodMetadataPostProcessor.java:140)
	at org.springframework.aop.framework.ReflectiveMethodInvocation.proceed(ReflectiveMethodInvocation.java:179)
	at org.springframework.data.jpa.repository.support.CrudMethodMetadataPostProcessor$ExposeRepositoryInvocationInterceptor.invoke(CrudMethodMetadataPostProcessor.java:347)
	at org.springframework.aop.framework.ReflectiveMethodInvocation.proceed(ReflectiveMethodInvocation.java:179)
	at org.springframework.aop.interceptor.ExposeInvocationInterceptor.invoke(ExposeInvocationInterceptor.java:92)
	at org.springframework.aop.framework.ReflectiveMethodInvocation.proceed(ReflectiveMethodInvocation.java:179)
	at org.springframework.data.repository.core.support.SurroundingTransactionDetectorMethodInterceptor.invoke(SurroundingTransactionDetectorMethodInterceptor.java:57)
	at org.springframework.aop.framework.ReflectiveMethodInvocation.proceed(ReflectiveMethodInvocation.java:179)
	at org.springframework.aop.framework.JdkDynamicAopProxy.invoke(JdkDynamicAopProxy.java:213)
	at com.sun.proxy.$Proxy109.findMaxDate(Unknown Source)
	at org.isf.medicalstock.service.MedicalStockIoOperations.getLastMovementDate(MedicalStockIoOperations.java:565)
	at org.isf.medicalstock.service.MedicalStockIoOperations$$FastClassBySpringCGLIB$$a00ee1bd.invoke(<generated>)
	at org.springframework.cglib.proxy.MethodProxy.invoke(MethodProxy.java:204)
	at org.springframework.aop.framework.CglibAopProxy$CglibMethodInvocation.invokeJoinpoint(CglibAopProxy.java:737)
	at org.springframework.aop.framework.ReflectiveMethodInvocation.proceed(ReflectiveMethodInvocation.java:157)
	at org.springframework.transaction.interceptor.TransactionInterceptor$1.proceedWithInvocation(TransactionInterceptor.java:99)
	at org.springframework.transaction.interceptor.TransactionAspectSupport.invokeWithinTransaction(TransactionAspectSupport.java:283)
	at org.springframework.transaction.interceptor.TransactionInterceptor.invoke(TransactionInterceptor.java:96)
	at org.springframework.aop.framework.ReflectiveMethodInvocation.proceed(ReflectiveMethodInvocation.java:179)
	at org.springframework.aop.interceptor.ExposeInvocationInterceptor.invoke(ExposeInvocationInterceptor.java:92)
	at org.springframework.aop.framework.ReflectiveMethodInvocation.proceed(ReflectiveMethodInvocation.java:179)
	at org.springframework.aop.aspectj.MethodInvocationProceedingJoinPoint.proceed(MethodInvocationProceedingJoinPoint.java:84)
	at org.isf.utils.db.OHServiceExceptionTranslator.translateSqlExceptionToOHServiceException(OHServiceExceptionTranslator.java:55)
	at sun.reflect.GeneratedMethodAccessor67.invoke(Unknown Source)
	at sun.reflect.DelegatingMethodAccessorImpl.invoke(DelegatingMethodAccessorImpl.java:43)
	at java.lang.reflect.Method.invoke(Method.java:498)
	at org.springframework.aop.aspectj.AbstractAspectJAdvice.invokeAdviceMethodWithGivenArgs(AbstractAspectJAdvice.java:627)
	at org.springframework.aop.aspectj.AbstractAspectJAdvice.invokeAdviceMethod(AbstractAspectJAdvice.java:616)
	at org.springframework.aop.aspectj.AspectJAroundAdvice.invoke(AspectJAroundAdvice.java:70)
	at org.springframework.aop.framework.ReflectiveMethodInvocation.proceed(ReflectiveMethodInvocation.java:179)
	at org.springframework.aop.framework.CglibAopProxy$DynamicAdvisedInterceptor.intercept(CglibAopProxy.java:672)
	at org.isf.medicalstock.service.MedicalStockIoOperations$$EnhancerBySpringCGLIB$$36e028cc.getLastMovementDate(<generated>)
	at org.isf.medicalstock.manager.MovStockInsertingManager.getLastMovementDate(MovStockInsertingManager.java:278)
	at org.isf.medicalstock.manager.MovStockInsertingManager.validateMovement(MovStockInsertingManager.java:68)
	at org.isf.medicalstock.manager.MovStockInsertingManager.prepareChargingMovement(MovStockInsertingManager.java:349)
	at org.isf.medicalstock.manager.MovStockInsertingManager.newMultipleChargingMovements(MovStockInsertingManager.java:326)
	at org.isf.medicalstock.manager.MovStockInsertingManager$$FastClassBySpringCGLIB$$2a8b6bd4.invoke(<generated>)
	at org.springframework.cglib.proxy.MethodProxy.invoke(MethodProxy.java:204)
	at org.springframework.aop.framework.CglibAopProxy$CglibMethodInvocation.invokeJoinpoint(CglibAopProxy.java:737)
	at org.springframework.aop.framework.ReflectiveMethodInvocation.proceed(ReflectiveMethodInvocation.java:157)
	at org.springframework.transaction.interceptor.TransactionInterceptor$1.proceedWithInvocation(TransactionInterceptor.java:99)
	at org.springframework.transaction.interceptor.TransactionAspectSupport.invokeWithinTransaction(TransactionAspectSupport.java:283)
	at org.springframework.transaction.interceptor.TransactionInterceptor.invoke(TransactionInterceptor.java:96)
	at org.springframework.aop.framework.ReflectiveMethodInvocation.proceed(ReflectiveMethodInvocation.java:179)
	at org.springframework.aop.framework.CglibAopProxy$DynamicAdvisedInterceptor.intercept(CglibAopProxy.java:672)
	at org.isf.medicalstock.manager.MovStockInsertingManager$$EnhancerBySpringCGLIB$$ef6ee236.newMultipleChargingMovements(<generated>)
	at org.isf.medicalstock.test.Tests.lambda$28(Tests.java:943)
	at org.assertj.core.api.ThrowableAssert.catchThrowable(ThrowableAssert.java:62)
	at org.assertj.core.api.AssertionsForClassTypes.catchThrowable(AssertionsForClassTypes.java:877)
	at org.assertj.core.api.Assertions.catchThrowable(Assertions.java:1336)
	at org.assertj.core.api.Assertions.assertThatThrownBy(Assertions.java:1181)
	at org.isf.medicalstock.test.Tests.testMgrValidateLotCodeTooLong(Tests.java:935)
	at sun.reflect.NativeMethodAccessorImpl.invoke0(Native Method)
	at sun.reflect.NativeMethodAccessorImpl.invoke(NativeMethodAccessorImpl.java:62)
	at sun.reflect.DelegatingMethodAccessorImpl.invoke(DelegatingMethodAccessorImpl.java:43)
	at java.lang.reflect.Method.invoke(Method.java:498)
	at org.junit.runners.model.FrameworkMethod$1.runReflectiveCall(FrameworkMethod.java:59)
	at org.junit.internal.runners.model.ReflectiveCallable.run(ReflectiveCallable.java:12)
	at org.junit.runners.model.FrameworkMethod.invokeExplosively(FrameworkMethod.java:56)
	at org.junit.internal.runners.statements.InvokeMethod.evaluate(InvokeMethod.java:17)
	at org.junit.internal.runners.statements.RunBefores.evaluate(RunBefores.java:26)
	at org.springframework.test.context.junit4.statements.RunBeforeTestMethodCallbacks.evaluate(RunBeforeTestMethodCallbacks.java:75)
	at org.springframework.test.context.junit4.statements.RunAfterTestMethodCallbacks.evaluate(RunAfterTestMethodCallbacks.java:86)
	at org.springframework.test.context.junit4.statements.RunPrepareTestInstanceCallbacks.evaluate(RunPrepareTestInstanceCallbacks.java:64)
	at org.springframework.test.context.junit4.statements.SpringRepeat.evaluate(SpringRepeat.java:84)
	at org.springframework.test.context.junit4.statements.SpringFailOnTimeout.evaluate(SpringFailOnTimeout.java:87)
	at org.springframework.test.context.junit4.statements.ProfileValueChecker.evaluate(ProfileValueChecker.java:101)
	at org.junit.runners.ParentRunner$3.evaluate(ParentRunner.java:306)
	at org.junit.runners.BlockJUnit4ClassRunner$1.evaluate(BlockJUnit4ClassRunner.java:100)
	at org.junit.runners.ParentRunner.runLeaf(ParentRunner.java:366)
	at org.junit.runners.BlockJUnit4ClassRunner.runChild(BlockJUnit4ClassRunner.java:103)
	at org.junit.runners.BlockJUnit4ClassRunner.runChild(BlockJUnit4ClassRunner.java:63)
	at org.junit.runners.ParentRunner$4.run(ParentRunner.java:331)
	at org.junit.runners.ParentRunner$1.schedule(ParentRunner.java:79)
	at org.junit.runners.ParentRunner.runChildren(ParentRunner.java:329)
	at org.junit.runners.ParentRunner.access$100(ParentRunner.java:66)
	at org.junit.runners.ParentRunner$2.evaluate(ParentRunner.java:293)
	at org.junit.runners.ParentRunner.run(ParentRunner.java:413)
	at org.junit.runners.Suite.runChild(Suite.java:128)
	at org.junit.runners.Suite.runChild(Suite.java:27)
	at org.junit.runners.ParentRunner$4.run(ParentRunner.java:331)
	at org.junit.runners.ParentRunner$1.schedule(ParentRunner.java:79)
	at org.junit.runners.ParentRunner.runChildren(ParentRunner.java:329)
	at org.junit.runners.ParentRunner.access$100(ParentRunner.java:66)
	at org.junit.runners.ParentRunner$2.evaluate(ParentRunner.java:293)
	at org.junit.internal.runners.statements.RunBefores.evaluate(RunBefores.java:26)
	at org.junit.internal.runners.statements.RunAfters.evaluate(RunAfters.java:27)
	at org.springframework.test.context.junit4.statements.RunBeforeTestClassCallbacks.evaluate(RunBeforeTestClassCallbacks.java:61)
	at org.springframework.test.context.junit4.statements.RunAfterTestClassCallbacks.evaluate(RunAfterTestClassCallbacks.java:70)
	at org.springframework.test.context.junit4.statements.ProfileValueChecker.evaluate(ProfileValueChecker.java:101)
	at org.springframework.test.context.junit4.rules.SpringClassRule$TestContextManagerCacheEvictor.evaluate(SpringClassRule.java:242)
	at org.junit.rules.RunRules.evaluate(RunRules.java:20)
	at org.junit.runners.ParentRunner$3.evaluate(ParentRunner.java:306)
	at org.junit.runners.ParentRunner.run(ParentRunner.java:413)
	at org.apache.maven.surefire.junit4.JUnit4Provider.execute(JUnit4Provider.java:316)
	at org.apache.maven.surefire.junit4.JUnit4Provider.executeWithRerun(JUnit4Provider.java:240)
	at org.apache.maven.surefire.junit4.JUnit4Provider.executeTestSet(JUnit4Provider.java:214)
	at org.apache.maven.surefire.junit4.JUnit4Provider.invoke(JUnit4Provider.java:155)
	at org.apache.maven.surefire.booter.ForkedBooter.runSuitesInProcess(ForkedBooter.java:385)
	at org.apache.maven.surefire.booter.ForkedBooter.execute(ForkedBooter.java:162)
	at org.apache.maven.surefire.booter.ForkedBooter.run(ForkedBooter.java:507)
	at org.apache.maven.surefire.booter.ForkedBooter.main(ForkedBooter.java:495)
Caused by: java.lang.IllegalStateException: org.hibernate.TransientPropertyValueException: object references an unsaved transient instance - save the transient instance before flushing: org.isf.medicalstock.model.Movement.lot -> org.isf.medicalstock.model.Lot
	at org.hibernate.ejb.AbstractEntityManagerImpl.convert(AbstractEntityManagerImpl.java:1384)
	at org.hibernate.ejb.AbstractEntityManagerImpl.convert(AbstractEntityManagerImpl.java:1310)
	at org.hibernate.ejb.QueryImpl.getSingleResult(QueryImpl.java:316)
	at org.springframework.data.jpa.repository.query.JpaQueryExecution$SingleEntityExecution.doExecute(JpaQueryExecution.java:210)
	at org.springframework.data.jpa.repository.query.JpaQueryExecution.execute(JpaQueryExecution.java:89)
	at org.springframework.data.jpa.repository.query.AbstractJpaQuery.doExecute(AbstractJpaQuery.java:126)
	at org.springframework.data.jpa.repository.query.AbstractJpaQuery.execute(AbstractJpaQuery.java:116)
	at org.springframework.data.repository.core.support.RepositoryFactorySupport$QueryExecutorMethodInterceptor.doInvoke(RepositoryFactorySupport.java:494)
	at org.springframework.data.repository.core.support.RepositoryFactorySupport$QueryExecutorMethodInterceptor.invoke(RepositoryFactorySupport.java:477)
	at org.springframework.aop.framework.ReflectiveMethodInvocation.proceed(ReflectiveMethodInvocation.java:179)
	at org.springframework.data.projection.DefaultMethodInvokingMethodInterceptor.invoke(DefaultMethodInvokingMethodInterceptor.java:56)
	at org.springframework.aop.framework.ReflectiveMethodInvocation.proceed(ReflectiveMethodInvocation.java:179)
	at org.springframework.transaction.interceptor.TransactionInterceptor$1.proceedWithInvocation(TransactionInterceptor.java:99)
	at org.springframework.transaction.interceptor.TransactionAspectSupport.invokeWithinTransaction(TransactionAspectSupport.java:283)
	at org.springframework.transaction.interceptor.TransactionInterceptor.invoke(TransactionInterceptor.java:96)
	at org.springframework.aop.framework.ReflectiveMethodInvocation.proceed(ReflectiveMethodInvocation.java:179)
	at org.springframework.dao.support.PersistenceExceptionTranslationInterceptor.invoke(PersistenceExceptionTranslationInterceptor.java:136)
	... 103 more
Caused by: org.hibernate.TransientPropertyValueException: object references an unsaved transient instance - save the transient instance before flushing: org.isf.medicalstock.model.Movement.lot -> org.isf.medicalstock.model.Lot
	at org.hibernate.engine.spi.CascadingAction$8.noCascade(CascadingAction.java:380)
	at org.hibernate.engine.internal.Cascade.cascade(Cascade.java:175)
	at org.hibernate.event.internal.AbstractFlushingEventListener.cascadeOnFlush(AbstractFlushingEventListener.java:165)
	at org.hibernate.event.internal.AbstractFlushingEventListener.prepareEntityFlushes(AbstractFlushingEventListener.java:156)
	at org.hibernate.event.internal.AbstractFlushingEventListener.flushEverythingToExecutions(AbstractFlushingEventListener.java:89)
	at org.hibernate.event.internal.DefaultAutoFlushEventListener.onAutoFlush(DefaultAutoFlushEventListener.java:61)
	at org.hibernate.internal.SessionImpl.autoFlushIfRequired(SessionImpl.java:1130)
	at org.hibernate.internal.SessionImpl.list(SessionImpl.java:1187)
	at org.hibernate.internal.QueryImpl.list(QueryImpl.java:101)
	at org.hibernate.ejb.QueryImpl.getSingleResult(QueryImpl.java:287)
	... 117 more
[05/jul/2024 13:43:35] [:] INFO - Rolled back transaction for test: [DefaultTestContext@329af9b1 testClass = Tests, testInstance = org.isf.medicalstock.test.Tests@53943280, testMethod = testMgrValidateLotCodeTooLong@Tests, testException = [null], mergedContextConfiguration = [MergedContextConfiguration@7535554e testClass = Tests, locations = '{classpath:applicationContext.xml, classpath:applicationContext.xml}', classes = '{}', contextInitializerClasses = '[]', activeProfiles = '{}', propertySourceLocations = '{}', propertySourceProperties = '{}', contextCustomizers = set[org.springframework.boot.test.context.filter.ExcludeFilterContextCustomizer@255b53dc, org.springframework.boot.test.json.DuplicateJsonObjectContextCustomizerFactory$DuplicateJsonObjectContextCustomizer@64d2d351, org.springframework.boot.test.mock.mockito.MockitoContextCustomizer@0, org.springframework.boot.test.autoconfigure.properties.PropertyMappingContextCustomizer@0, org.springframework.boot.test.autoconfigure.web.servlet.WebDriverContextCustomizerFactory$Customizer@52aa2946], contextLoader = 'org.springframework.test.context.support.DelegatingSmartContextLoader', parent = [null]]]
]]></system-out>
  </testcase>
  <testcase name="testIoNewAutomaticDischargingMovementLotQuantityLessMovementQuantity[Test with AUTOMATICLOT_IN=true, AUTOMATICLOT_OUT=false, AUTOMATICLOTWARD_TOWARD=true]" classname="org.isf.medicalstock.test.Tests" time="0.036">
    <system-out><![CDATA[[05/jul/2024 13:43:35] [:] INFO - Began transaction (1) for test context [DefaultTestContext@329af9b1 testClass = Tests, testInstance = org.isf.medicalstock.test.Tests@44c5a998, testMethod = testIoNewAutomaticDischargingMovementLotQuantityLessMovementQuantity@Tests, testException = [null], mergedContextConfiguration = [MergedContextConfiguration@7535554e testClass = Tests, locations = '{classpath:applicationContext.xml, classpath:applicationContext.xml}', classes = '{}', contextInitializerClasses = '[]', activeProfiles = '{}', propertySourceLocations = '{}', propertySourceProperties = '{}', contextCustomizers = set[org.springframework.boot.test.context.filter.ExcludeFilterContextCustomizer@255b53dc, org.springframework.boot.test.json.DuplicateJsonObjectContextCustomizerFactory$DuplicateJsonObjectContextCustomizer@64d2d351, org.springframework.boot.test.mock.mockito.MockitoContextCustomizer@0, org.springframework.boot.test.autoconfigure.properties.PropertyMappingContextCustomizer@0, org.springframework.boot.test.autoconfigure.web.servlet.WebDriverContextCustomizerFactory$Customizer@52aa2946], contextLoader = 'org.springframework.test.context.support.DelegatingSmartContextLoader', parent = [null]]]; transaction manager [org.springframework.orm.jpa.JpaTransactionManager@4ece2750]; rollback [true]
[05/jul/2024 13:43:35] [:] INFO - Rolled back transaction for test: [DefaultTestContext@329af9b1 testClass = Tests, testInstance = org.isf.medicalstock.test.Tests@44c5a998, testMethod = testIoNewAutomaticDischargingMovementLotQuantityLessMovementQuantity@Tests, testException = [null], mergedContextConfiguration = [MergedContextConfiguration@7535554e testClass = Tests, locations = '{classpath:applicationContext.xml, classpath:applicationContext.xml}', classes = '{}', contextInitializerClasses = '[]', activeProfiles = '{}', propertySourceLocations = '{}', propertySourceProperties = '{}', contextCustomizers = set[org.springframework.boot.test.context.filter.ExcludeFilterContextCustomizer@255b53dc, org.springframework.boot.test.json.DuplicateJsonObjectContextCustomizerFactory$DuplicateJsonObjectContextCustomizer@64d2d351, org.springframework.boot.test.mock.mockito.MockitoContextCustomizer@0, org.springframework.boot.test.autoconfigure.properties.PropertyMappingContextCustomizer@0, org.springframework.boot.test.autoconfigure.web.servlet.WebDriverContextCustomizerFactory$Customizer@52aa2946], contextLoader = 'org.springframework.test.context.support.DelegatingSmartContextLoader', parent = [null]]]
]]></system-out>
  </testcase>
  <testcase name="testIoNewMovementOutGoingLots[Test with AUTOMATICLOT_IN=true, AUTOMATICLOT_OUT=false, AUTOMATICLOTWARD_TOWARD=true]" classname="org.isf.medicalstock.test.Tests" time="0.019">
    <system-out><![CDATA[[05/jul/2024 13:43:35] [:] INFO - Began transaction (1) for test context [DefaultTestContext@329af9b1 testClass = Tests, testInstance = org.isf.medicalstock.test.Tests@78a11ca6, testMethod = testIoNewMovementOutGoingLots@Tests, testException = [null], mergedContextConfiguration = [MergedContextConfiguration@7535554e testClass = Tests, locations = '{classpath:applicationContext.xml, classpath:applicationContext.xml}', classes = '{}', contextInitializerClasses = '[]', activeProfiles = '{}', propertySourceLocations = '{}', propertySourceProperties = '{}', contextCustomizers = set[org.springframework.boot.test.context.filter.ExcludeFilterContextCustomizer@255b53dc, org.springframework.boot.test.json.DuplicateJsonObjectContextCustomizerFactory$DuplicateJsonObjectContextCustomizer@64d2d351, org.springframework.boot.test.mock.mockito.MockitoContextCustomizer@0, org.springframework.boot.test.autoconfigure.properties.PropertyMappingContextCustomizer@0, org.springframework.boot.test.autoconfigure.web.servlet.WebDriverContextCustomizerFactory$Customizer@52aa2946], contextLoader = 'org.springframework.test.context.support.DelegatingSmartContextLoader', parent = [null]]]; transaction manager [org.springframework.orm.jpa.JpaTransactionManager@4ece2750]; rollback [true]
[05/jul/2024 13:43:35] [:] INFO - Rolled back transaction for test: [DefaultTestContext@329af9b1 testClass = Tests, testInstance = org.isf.medicalstock.test.Tests@78a11ca6, testMethod = testIoNewMovementOutGoingLots@Tests, testException = [null], mergedContextConfiguration = [MergedContextConfiguration@7535554e testClass = Tests, locations = '{classpath:applicationContext.xml, classpath:applicationContext.xml}', classes = '{}', contextInitializerClasses = '[]', activeProfiles = '{}', propertySourceLocations = '{}', propertySourceProperties = '{}', contextCustomizers = set[org.springframework.boot.test.context.filter.ExcludeFilterContextCustomizer@255b53dc, org.springframework.boot.test.json.DuplicateJsonObjectContextCustomizerFactory$DuplicateJsonObjectContextCustomizer@64d2d351, org.springframework.boot.test.mock.mockito.MockitoContextCustomizer@0, org.springframework.boot.test.autoconfigure.properties.PropertyMappingContextCustomizer@0, org.springframework.boot.test.autoconfigure.web.servlet.WebDriverContextCustomizerFactory$Customizer@52aa2946], contextLoader = 'org.springframework.test.context.support.DelegatingSmartContextLoader', parent = [null]]]
]]></system-out>
  </testcase>
  <testcase name="testIoGetMedicalsFromLot[Test with AUTOMATICLOT_IN=true, AUTOMATICLOT_OUT=false, AUTOMATICLOTWARD_TOWARD=true]" classname="org.isf.medicalstock.test.Tests" time="0.021">
    <system-out><![CDATA[[05/jul/2024 13:43:35] [:] INFO - Began transaction (1) for test context [DefaultTestContext@329af9b1 testClass = Tests, testInstance = org.isf.medicalstock.test.Tests@4aef4ce2, testMethod = testIoGetMedicalsFromLot@Tests, testException = [null], mergedContextConfiguration = [MergedContextConfiguration@7535554e testClass = Tests, locations = '{classpath:applicationContext.xml, classpath:applicationContext.xml}', classes = '{}', contextInitializerClasses = '[]', activeProfiles = '{}', propertySourceLocations = '{}', propertySourceProperties = '{}', contextCustomizers = set[org.springframework.boot.test.context.filter.ExcludeFilterContextCustomizer@255b53dc, org.springframework.boot.test.json.DuplicateJsonObjectContextCustomizerFactory$DuplicateJsonObjectContextCustomizer@64d2d351, org.springframework.boot.test.mock.mockito.MockitoContextCustomizer@0, org.springframework.boot.test.autoconfigure.properties.PropertyMappingContextCustomizer@0, org.springframework.boot.test.autoconfigure.web.servlet.WebDriverContextCustomizerFactory$Customizer@52aa2946], contextLoader = 'org.springframework.test.context.support.DelegatingSmartContextLoader', parent = [null]]]; transaction manager [org.springframework.orm.jpa.JpaTransactionManager@4ece2750]; rollback [true]
[05/jul/2024 13:43:35] [:] INFO - Rolled back transaction for test: [DefaultTestContext@329af9b1 testClass = Tests, testInstance = org.isf.medicalstock.test.Tests@4aef4ce2, testMethod = testIoGetMedicalsFromLot@Tests, testException = [null], mergedContextConfiguration = [MergedContextConfiguration@7535554e testClass = Tests, locations = '{classpath:applicationContext.xml, classpath:applicationContext.xml}', classes = '{}', contextInitializerClasses = '[]', activeProfiles = '{}', propertySourceLocations = '{}', propertySourceProperties = '{}', contextCustomizers = set[org.springframework.boot.test.context.filter.ExcludeFilterContextCustomizer@255b53dc, org.springframework.boot.test.json.DuplicateJsonObjectContextCustomizerFactory$DuplicateJsonObjectContextCustomizer@64d2d351, org.springframework.boot.test.mock.mockito.MockitoContextCustomizer@0, org.springframework.boot.test.autoconfigure.properties.PropertyMappingContextCustomizer@0, org.springframework.boot.test.autoconfigure.web.servlet.WebDriverContextCustomizerFactory$Customizer@52aa2946], contextLoader = 'org.springframework.test.context.support.DelegatingSmartContextLoader', parent = [null]]]
]]></system-out>
  </testcase>
  <testcase name="testMgrGetMovementsWithParameters[Test with AUTOMATICLOT_IN=true, AUTOMATICLOT_OUT=false, AUTOMATICLOTWARD_TOWARD=true]" classname="org.isf.medicalstock.test.Tests" time="0.015">
    <system-out><![CDATA[[05/jul/2024 13:43:35] [:] INFO - Began transaction (1) for test context [DefaultTestContext@329af9b1 testClass = Tests, testInstance = org.isf.medicalstock.test.Tests@5359ed3, testMethod = testMgrGetMovementsWithParameters@Tests, testException = [null], mergedContextConfiguration = [MergedContextConfiguration@7535554e testClass = Tests, locations = '{classpath:applicationContext.xml, classpath:applicationContext.xml}', classes = '{}', contextInitializerClasses = '[]', activeProfiles = '{}', propertySourceLocations = '{}', propertySourceProperties = '{}', contextCustomizers = set[org.springframework.boot.test.context.filter.ExcludeFilterContextCustomizer@255b53dc, org.springframework.boot.test.json.DuplicateJsonObjectContextCustomizerFactory$DuplicateJsonObjectContextCustomizer@64d2d351, org.springframework.boot.test.mock.mockito.MockitoContextCustomizer@0, org.springframework.boot.test.autoconfigure.properties.PropertyMappingContextCustomizer@0, org.springframework.boot.test.autoconfigure.web.servlet.WebDriverContextCustomizerFactory$Customizer@52aa2946], contextLoader = 'org.springframework.test.context.support.DelegatingSmartContextLoader', parent = [null]]]; transaction manager [org.springframework.orm.jpa.JpaTransactionManager@4ece2750]; rollback [true]
[05/jul/2024 13:43:35] [:] INFO - Rolled back transaction for test: [DefaultTestContext@329af9b1 testClass = Tests, testInstance = org.isf.medicalstock.test.Tests@5359ed3, testMethod = testMgrGetMovementsWithParameters@Tests, testException = [null], mergedContextConfiguration = [MergedContextConfiguration@7535554e testClass = Tests, locations = '{classpath:applicationContext.xml, classpath:applicationContext.xml}', classes = '{}', contextInitializerClasses = '[]', activeProfiles = '{}', propertySourceLocations = '{}', propertySourceProperties = '{}', contextCustomizers = set[org.springframework.boot.test.context.filter.ExcludeFilterContextCustomizer@255b53dc, org.springframework.boot.test.json.DuplicateJsonObjectContextCustomizerFactory$DuplicateJsonObjectContextCustomizer@64d2d351, org.springframework.boot.test.mock.mockito.MockitoContextCustomizer@0, org.springframework.boot.test.autoconfigure.properties.PropertyMappingContextCustomizer@0, org.springframework.boot.test.autoconfigure.web.servlet.WebDriverContextCustomizerFactory$Customizer@52aa2946], contextLoader = 'org.springframework.test.context.support.DelegatingSmartContextLoader', parent = [null]]]
]]></system-out>
  </testcase>
  <testcase name="testMgrRefNoExists[Test with AUTOMATICLOT_IN=true, AUTOMATICLOT_OUT=false, AUTOMATICLOTWARD_TOWARD=true]" classname="org.isf.medicalstock.test.Tests" time="0.025">
    <system-out><![CDATA[[05/jul/2024 13:43:35] [:] INFO - Began transaction (1) for test context [DefaultTestContext@329af9b1 testClass = Tests, testInstance = org.isf.medicalstock.test.Tests@43121828, testMethod = testMgrRefNoExists@Tests, testException = [null], mergedContextConfiguration = [MergedContextConfiguration@7535554e testClass = Tests, locations = '{classpath:applicationContext.xml, classpath:applicationContext.xml}', classes = '{}', contextInitializerClasses = '[]', activeProfiles = '{}', propertySourceLocations = '{}', propertySourceProperties = '{}', contextCustomizers = set[org.springframework.boot.test.context.filter.ExcludeFilterContextCustomizer@255b53dc, org.springframework.boot.test.json.DuplicateJsonObjectContextCustomizerFactory$DuplicateJsonObjectContextCustomizer@64d2d351, org.springframework.boot.test.mock.mockito.MockitoContextCustomizer@0, org.springframework.boot.test.autoconfigure.properties.PropertyMappingContextCustomizer@0, org.springframework.boot.test.autoconfigure.web.servlet.WebDriverContextCustomizerFactory$Customizer@52aa2946], contextLoader = 'org.springframework.test.context.support.DelegatingSmartContextLoader', parent = [null]]]; transaction manager [org.springframework.orm.jpa.JpaTransactionManager@4ece2750]; rollback [true]
[05/jul/2024 13:43:35] [:] INFO - Rolled back transaction for test: [DefaultTestContext@329af9b1 testClass = Tests, testInstance = org.isf.medicalstock.test.Tests@43121828, testMethod = testMgrRefNoExists@Tests, testException = [null], mergedContextConfiguration = [MergedContextConfiguration@7535554e testClass = Tests, locations = '{classpath:applicationContext.xml, classpath:applicationContext.xml}', classes = '{}', contextInitializerClasses = '[]', activeProfiles = '{}', propertySourceLocations = '{}', propertySourceProperties = '{}', contextCustomizers = set[org.springframework.boot.test.context.filter.ExcludeFilterContextCustomizer@255b53dc, org.springframework.boot.test.json.DuplicateJsonObjectContextCustomizerFactory$DuplicateJsonObjectContextCustomizer@64d2d351, org.springframework.boot.test.mock.mockito.MockitoContextCustomizer@0, org.springframework.boot.test.autoconfigure.properties.PropertyMappingContextCustomizer@0, org.springframework.boot.test.autoconfigure.web.servlet.WebDriverContextCustomizerFactory$Customizer@52aa2946], contextLoader = 'org.springframework.test.context.support.DelegatingSmartContextLoader', parent = [null]]]
]]></system-out>
  </testcase>
  <testcase name="testMgrValidateMovementDateBeforeLastDate[Test with AUTOMATICLOT_IN=true, AUTOMATICLOT_OUT=false, AUTOMATICLOTWARD_TOWARD=true]" classname="org.isf.medicalstock.test.Tests" time="0.012">
    <system-out><![CDATA[[05/jul/2024 13:43:35] [:] INFO - Began transaction (1) for test context [DefaultTestContext@329af9b1 testClass = Tests, testInstance = org.isf.medicalstock.test.Tests@4d23d891, testMethod = testMgrValidateMovementDateBeforeLastDate@Tests, testException = [null], mergedContextConfiguration = [MergedContextConfiguration@7535554e testClass = Tests, locations = '{classpath:applicationContext.xml, classpath:applicationContext.xml}', classes = '{}', contextInitializerClasses = '[]', activeProfiles = '{}', propertySourceLocations = '{}', propertySourceProperties = '{}', contextCustomizers = set[org.springframework.boot.test.context.filter.ExcludeFilterContextCustomizer@255b53dc, org.springframework.boot.test.json.DuplicateJsonObjectContextCustomizerFactory$DuplicateJsonObjectContextCustomizer@64d2d351, org.springframework.boot.test.mock.mockito.MockitoContextCustomizer@0, org.springframework.boot.test.autoconfigure.properties.PropertyMappingContextCustomizer@0, org.springframework.boot.test.autoconfigure.web.servlet.WebDriverContextCustomizerFactory$Customizer@52aa2946], contextLoader = 'org.springframework.test.context.support.DelegatingSmartContextLoader', parent = [null]]]; transaction manager [org.springframework.orm.jpa.JpaTransactionManager@4ece2750]; rollback [true]
[05/jul/2024 13:43:35] [:] INFO - Rolled back transaction for test: [DefaultTestContext@329af9b1 testClass = Tests, testInstance = org.isf.medicalstock.test.Tests@4d23d891, testMethod = testMgrValidateMovementDateBeforeLastDate@Tests, testException = [null], mergedContextConfiguration = [MergedContextConfiguration@7535554e testClass = Tests, locations = '{classpath:applicationContext.xml, classpath:applicationContext.xml}', classes = '{}', contextInitializerClasses = '[]', activeProfiles = '{}', propertySourceLocations = '{}', propertySourceProperties = '{}', contextCustomizers = set[org.springframework.boot.test.context.filter.ExcludeFilterContextCustomizer@255b53dc, org.springframework.boot.test.json.DuplicateJsonObjectContextCustomizerFactory$DuplicateJsonObjectContextCustomizer@64d2d351, org.springframework.boot.test.mock.mockito.MockitoContextCustomizer@0, org.springframework.boot.test.autoconfigure.properties.PropertyMappingContextCustomizer@0, org.springframework.boot.test.autoconfigure.web.servlet.WebDriverContextCustomizerFactory$Customizer@52aa2946], contextLoader = 'org.springframework.test.context.support.DelegatingSmartContextLoader', parent = [null]]]
]]></system-out>
  </testcase>
  <testcase name="testMgrPrepareChargingMovementBadRefNumber[Test with AUTOMATICLOT_IN=true, AUTOMATICLOT_OUT=true, AUTOMATICLOTWARD_TOWARD=false]" classname="org.isf.medicalstock.test.Tests" time="0.012">
    <system-out><![CDATA[[05/jul/2024 13:43:35] [:] INFO - Began transaction (1) for test context [DefaultTestContext@329af9b1 testClass = Tests, testInstance = org.isf.medicalstock.test.Tests@10f33268, testMethod = testMgrPrepareChargingMovementBadRefNumber@Tests, testException = [null], mergedContextConfiguration = [MergedContextConfiguration@7535554e testClass = Tests, locations = '{classpath:applicationContext.xml, classpath:applicationContext.xml}', classes = '{}', contextInitializerClasses = '[]', activeProfiles = '{}', propertySourceLocations = '{}', propertySourceProperties = '{}', contextCustomizers = set[org.springframework.boot.test.context.filter.ExcludeFilterContextCustomizer@255b53dc, org.springframework.boot.test.json.DuplicateJsonObjectContextCustomizerFactory$DuplicateJsonObjectContextCustomizer@64d2d351, org.springframework.boot.test.mock.mockito.MockitoContextCustomizer@0, org.springframework.boot.test.autoconfigure.properties.PropertyMappingContextCustomizer@0, org.springframework.boot.test.autoconfigure.web.servlet.WebDriverContextCustomizerFactory$Customizer@52aa2946], contextLoader = 'org.springframework.test.context.support.DelegatingSmartContextLoader', parent = [null]]]; transaction manager [org.springframework.orm.jpa.JpaTransactionManager@4ece2750]; rollback [true]
[05/jul/2024 13:43:35] [:] INFO - Rolled back transaction for test: [DefaultTestContext@329af9b1 testClass = Tests, testInstance = org.isf.medicalstock.test.Tests@10f33268, testMethod = testMgrPrepareChargingMovementBadRefNumber@Tests, testException = [null], mergedContextConfiguration = [MergedContextConfiguration@7535554e testClass = Tests, locations = '{classpath:applicationContext.xml, classpath:applicationContext.xml}', classes = '{}', contextInitializerClasses = '[]', activeProfiles = '{}', propertySourceLocations = '{}', propertySourceProperties = '{}', contextCustomizers = set[org.springframework.boot.test.context.filter.ExcludeFilterContextCustomizer@255b53dc, org.springframework.boot.test.json.DuplicateJsonObjectContextCustomizerFactory$DuplicateJsonObjectContextCustomizer@64d2d351, org.springframework.boot.test.mock.mockito.MockitoContextCustomizer@0, org.springframework.boot.test.autoconfigure.properties.PropertyMappingContextCustomizer@0, org.springframework.boot.test.autoconfigure.web.servlet.WebDriverContextCustomizerFactory$Customizer@52aa2946], contextLoader = 'org.springframework.test.context.support.DelegatingSmartContextLoader', parent = [null]]]
]]></system-out>
  </testcase>
  <testcase name="testMgrValidateLotWithCostZero[Test with AUTOMATICLOT_IN=true, AUTOMATICLOT_OUT=true, AUTOMATICLOTWARD_TOWARD=false]" classname="org.isf.medicalstock.test.Tests" time="0.014">
    <system-out><![CDATA[[05/jul/2024 13:43:35] [:] INFO - Began transaction (1) for test context [DefaultTestContext@329af9b1 testClass = Tests, testInstance = org.isf.medicalstock.test.Tests@4c1b053a, testMethod = testMgrValidateLotWithCostZero@Tests, testException = [null], mergedContextConfiguration = [MergedContextConfiguration@7535554e testClass = Tests, locations = '{classpath:applicationContext.xml, classpath:applicationContext.xml}', classes = '{}', contextInitializerClasses = '[]', activeProfiles = '{}', propertySourceLocations = '{}', propertySourceProperties = '{}', contextCustomizers = set[org.springframework.boot.test.context.filter.ExcludeFilterContextCustomizer@255b53dc, org.springframework.boot.test.json.DuplicateJsonObjectContextCustomizerFactory$DuplicateJsonObjectContextCustomizer@64d2d351, org.springframework.boot.test.mock.mockito.MockitoContextCustomizer@0, org.springframework.boot.test.autoconfigure.properties.PropertyMappingContextCustomizer@0, org.springframework.boot.test.autoconfigure.web.servlet.WebDriverContextCustomizerFactory$Customizer@52aa2946], contextLoader = 'org.springframework.test.context.support.DelegatingSmartContextLoader', parent = [null]]]; transaction manager [org.springframework.orm.jpa.JpaTransactionManager@4ece2750]; rollback [true]
[05/jul/2024 13:43:35] [:] INFO - Rolled back transaction for test: [DefaultTestContext@329af9b1 testClass = Tests, testInstance = org.isf.medicalstock.test.Tests@4c1b053a, testMethod = testMgrValidateLotWithCostZero@Tests, testException = [null], mergedContextConfiguration = [MergedContextConfiguration@7535554e testClass = Tests, locations = '{classpath:applicationContext.xml, classpath:applicationContext.xml}', classes = '{}', contextInitializerClasses = '[]', activeProfiles = '{}', propertySourceLocations = '{}', propertySourceProperties = '{}', contextCustomizers = set[org.springframework.boot.test.context.filter.ExcludeFilterContextCustomizer@255b53dc, org.springframework.boot.test.json.DuplicateJsonObjectContextCustomizerFactory$DuplicateJsonObjectContextCustomizer@64d2d351, org.springframework.boot.test.mock.mockito.MockitoContextCustomizer@0, org.springframework.boot.test.autoconfigure.properties.PropertyMappingContextCustomizer@0, org.springframework.boot.test.autoconfigure.web.servlet.WebDriverContextCustomizerFactory$Customizer@52aa2946], contextLoader = 'org.springframework.test.context.support.DelegatingSmartContextLoader', parent = [null]]]
]]></system-out>
  </testcase>
  <testcase name="testMgrPrepareChargingMovement[Test with AUTOMATICLOT_IN=true, AUTOMATICLOT_OUT=true, AUTOMATICLOTWARD_TOWARD=false]" classname="org.isf.medicalstock.test.Tests" time="0.016">
    <system-out><![CDATA[[05/jul/2024 13:43:35] [:] INFO - Began transaction (1) for test context [DefaultTestContext@329af9b1 testClass = Tests, testInstance = org.isf.medicalstock.test.Tests@3d074674, testMethod = testMgrPrepareChargingMovement@Tests, testException = [null], mergedContextConfiguration = [MergedContextConfiguration@7535554e testClass = Tests, locations = '{classpath:applicationContext.xml, classpath:applicationContext.xml}', classes = '{}', contextInitializerClasses = '[]', activeProfiles = '{}', propertySourceLocations = '{}', propertySourceProperties = '{}', contextCustomizers = set[org.springframework.boot.test.context.filter.ExcludeFilterContextCustomizer@255b53dc, org.springframework.boot.test.json.DuplicateJsonObjectContextCustomizerFactory$DuplicateJsonObjectContextCustomizer@64d2d351, org.springframework.boot.test.mock.mockito.MockitoContextCustomizer@0, org.springframework.boot.test.autoconfigure.properties.PropertyMappingContextCustomizer@0, org.springframework.boot.test.autoconfigure.web.servlet.WebDriverContextCustomizerFactory$Customizer@52aa2946], contextLoader = 'org.springframework.test.context.support.DelegatingSmartContextLoader', parent = [null]]]; transaction manager [org.springframework.orm.jpa.JpaTransactionManager@4ece2750]; rollback [true]
[05/jul/2024 13:43:35] [:] INFO - Rolled back transaction for test: [DefaultTestContext@329af9b1 testClass = Tests, testInstance = org.isf.medicalstock.test.Tests@3d074674, testMethod = testMgrPrepareChargingMovement@Tests, testException = [null], mergedContextConfiguration = [MergedContextConfiguration@7535554e testClass = Tests, locations = '{classpath:applicationContext.xml, classpath:applicationContext.xml}', classes = '{}', contextInitializerClasses = '[]', activeProfiles = '{}', propertySourceLocations = '{}', propertySourceProperties = '{}', contextCustomizers = set[org.springframework.boot.test.context.filter.ExcludeFilterContextCustomizer@255b53dc, org.springframework.boot.test.json.DuplicateJsonObjectContextCustomizerFactory$DuplicateJsonObjectContextCustomizer@64d2d351, org.springframework.boot.test.mock.mockito.MockitoContextCustomizer@0, org.springframework.boot.test.autoconfigure.properties.PropertyMappingContextCustomizer@0, org.springframework.boot.test.autoconfigure.web.servlet.WebDriverContextCustomizerFactory$Customizer@52aa2946], contextLoader = 'org.springframework.test.context.support.DelegatingSmartContextLoader', parent = [null]]]
]]></system-out>
  </testcase>
  <testcase name="testMgrGetMovementsByReference[Test with AUTOMATICLOT_IN=true, AUTOMATICLOT_OUT=true, AUTOMATICLOTWARD_TOWARD=false]" classname="org.isf.medicalstock.test.Tests" time="0.011">
    <system-out><![CDATA[[05/jul/2024 13:43:35] [:] INFO - Began transaction (1) for test context [DefaultTestContext@329af9b1 testClass = Tests, testInstance = org.isf.medicalstock.test.Tests@251d67e6, testMethod = testMgrGetMovementsByReference@Tests, testException = [null], mergedContextConfiguration = [MergedContextConfiguration@7535554e testClass = Tests, locations = '{classpath:applicationContext.xml, classpath:applicationContext.xml}', classes = '{}', contextInitializerClasses = '[]', activeProfiles = '{}', propertySourceLocations = '{}', propertySourceProperties = '{}', contextCustomizers = set[org.springframework.boot.test.context.filter.ExcludeFilterContextCustomizer@255b53dc, org.springframework.boot.test.json.DuplicateJsonObjectContextCustomizerFactory$DuplicateJsonObjectContextCustomizer@64d2d351, org.springframework.boot.test.mock.mockito.MockitoContextCustomizer@0, org.springframework.boot.test.autoconfigure.properties.PropertyMappingContextCustomizer@0, org.springframework.boot.test.autoconfigure.web.servlet.WebDriverContextCustomizerFactory$Customizer@52aa2946], contextLoader = 'org.springframework.test.context.support.DelegatingSmartContextLoader', parent = [null]]]; transaction manager [org.springframework.orm.jpa.JpaTransactionManager@4ece2750]; rollback [true]
[05/jul/2024 13:43:35] [:] INFO - Rolled back transaction for test: [DefaultTestContext@329af9b1 testClass = Tests, testInstance = org.isf.medicalstock.test.Tests@251d67e6, testMethod = testMgrGetMovementsByReference@Tests, testException = [null], mergedContextConfiguration = [MergedContextConfiguration@7535554e testClass = Tests, locations = '{classpath:applicationContext.xml, classpath:applicationContext.xml}', classes = '{}', contextInitializerClasses = '[]', activeProfiles = '{}', propertySourceLocations = '{}', propertySourceProperties = '{}', contextCustomizers = set[org.springframework.boot.test.context.filter.ExcludeFilterContextCustomizer@255b53dc, org.springframework.boot.test.json.DuplicateJsonObjectContextCustomizerFactory$DuplicateJsonObjectContextCustomizer@64d2d351, org.springframework.boot.test.mock.mockito.MockitoContextCustomizer@0, org.springframework.boot.test.autoconfigure.properties.PropertyMappingContextCustomizer@0, org.springframework.boot.test.autoconfigure.web.servlet.WebDriverContextCustomizerFactory$Customizer@52aa2946], contextLoader = 'org.springframework.test.context.support.DelegatingSmartContextLoader', parent = [null]]]
]]></system-out>
  </testcase>
  <testcase name="testIoGetMovementsWihAllParameters[Test with AUTOMATICLOT_IN=true, AUTOMATICLOT_OUT=true, AUTOMATICLOTWARD_TOWARD=false]" classname="org.isf.medicalstock.test.Tests" time="0.015">
    <system-out><![CDATA[[05/jul/2024 13:43:35] [:] INFO - Began transaction (1) for test context [DefaultTestContext@329af9b1 testClass = Tests, testInstance = org.isf.medicalstock.test.Tests@4d4b4614, testMethod = testIoGetMovementsWihAllParameters@Tests, testException = [null], mergedContextConfiguration = [MergedContextConfiguration@7535554e testClass = Tests, locations = '{classpath:applicationContext.xml, classpath:applicationContext.xml}', classes = '{}', contextInitializerClasses = '[]', activeProfiles = '{}', propertySourceLocations = '{}', propertySourceProperties = '{}', contextCustomizers = set[org.springframework.boot.test.context.filter.ExcludeFilterContextCustomizer@255b53dc, org.springframework.boot.test.json.DuplicateJsonObjectContextCustomizerFactory$DuplicateJsonObjectContextCustomizer@64d2d351, org.springframework.boot.test.mock.mockito.MockitoContextCustomizer@0, org.springframework.boot.test.autoconfigure.properties.PropertyMappingContextCustomizer@0, org.springframework.boot.test.autoconfigure.web.servlet.WebDriverContextCustomizerFactory$Customizer@52aa2946], contextLoader = 'org.springframework.test.context.support.DelegatingSmartContextLoader', parent = [null]]]; transaction manager [org.springframework.orm.jpa.JpaTransactionManager@4ece2750]; rollback [true]
[05/jul/2024 13:43:35] [:] INFO - Rolled back transaction for test: [DefaultTestContext@329af9b1 testClass = Tests, testInstance = org.isf.medicalstock.test.Tests@4d4b4614, testMethod = testIoGetMovementsWihAllParameters@Tests, testException = [null], mergedContextConfiguration = [MergedContextConfiguration@7535554e testClass = Tests, locations = '{classpath:applicationContext.xml, classpath:applicationContext.xml}', classes = '{}', contextInitializerClasses = '[]', activeProfiles = '{}', propertySourceLocations = '{}', propertySourceProperties = '{}', contextCustomizers = set[org.springframework.boot.test.context.filter.ExcludeFilterContextCustomizer@255b53dc, org.springframework.boot.test.json.DuplicateJsonObjectContextCustomizerFactory$DuplicateJsonObjectContextCustomizer@64d2d351, org.springframework.boot.test.mock.mockito.MockitoContextCustomizer@0, org.springframework.boot.test.autoconfigure.properties.PropertyMappingContextCustomizer@0, org.springframework.boot.test.autoconfigure.web.servlet.WebDriverContextCustomizerFactory$Customizer@52aa2946], contextLoader = 'org.springframework.test.context.support.DelegatingSmartContextLoader', parent = [null]]]
]]></system-out>
  </testcase>
  <testcase name="testMgrAlertCriticalQuantityOverLimit[Test with AUTOMATICLOT_IN=true, AUTOMATICLOT_OUT=true, AUTOMATICLOTWARD_TOWARD=false]" classname="org.isf.medicalstock.test.Tests" time="0.013">
    <system-out><![CDATA[[05/jul/2024 13:43:35] [:] INFO - Began transaction (1) for test context [DefaultTestContext@329af9b1 testClass = Tests, testInstance = org.isf.medicalstock.test.Tests@5d4e295e, testMethod = testMgrAlertCriticalQuantityOverLimit@Tests, testException = [null], mergedContextConfiguration = [MergedContextConfiguration@7535554e testClass = Tests, locations = '{classpath:applicationContext.xml, classpath:applicationContext.xml}', classes = '{}', contextInitializerClasses = '[]', activeProfiles = '{}', propertySourceLocations = '{}', propertySourceProperties = '{}', contextCustomizers = set[org.springframework.boot.test.context.filter.ExcludeFilterContextCustomizer@255b53dc, org.springframework.boot.test.json.DuplicateJsonObjectContextCustomizerFactory$DuplicateJsonObjectContextCustomizer@64d2d351, org.springframework.boot.test.mock.mockito.MockitoContextCustomizer@0, org.springframework.boot.test.autoconfigure.properties.PropertyMappingContextCustomizer@0, org.springframework.boot.test.autoconfigure.web.servlet.WebDriverContextCustomizerFactory$Customizer@52aa2946], contextLoader = 'org.springframework.test.context.support.DelegatingSmartContextLoader', parent = [null]]]; transaction manager [org.springframework.orm.jpa.JpaTransactionManager@4ece2750]; rollback [true]
[05/jul/2024 13:43:35] [:] INFO - Rolled back transaction for test: [DefaultTestContext@329af9b1 testClass = Tests, testInstance = org.isf.medicalstock.test.Tests@5d4e295e, testMethod = testMgrAlertCriticalQuantityOverLimit@Tests, testException = [null], mergedContextConfiguration = [MergedContextConfiguration@7535554e testClass = Tests, locations = '{classpath:applicationContext.xml, classpath:applicationContext.xml}', classes = '{}', contextInitializerClasses = '[]', activeProfiles = '{}', propertySourceLocations = '{}', propertySourceProperties = '{}', contextCustomizers = set[org.springframework.boot.test.context.filter.ExcludeFilterContextCustomizer@255b53dc, org.springframework.boot.test.json.DuplicateJsonObjectContextCustomizerFactory$DuplicateJsonObjectContextCustomizer@64d2d351, org.springframework.boot.test.mock.mockito.MockitoContextCustomizer@0, org.springframework.boot.test.autoconfigure.properties.PropertyMappingContextCustomizer@0, org.springframework.boot.test.autoconfigure.web.servlet.WebDriverContextCustomizerFactory$Customizer@52aa2946], contextLoader = 'org.springframework.test.context.support.DelegatingSmartContextLoader', parent = [null]]]
]]></system-out>
  </testcase>
  <testcase name="testMgrAlertCriticalQuantityUnderLimit[Test with AUTOMATICLOT_IN=true, AUTOMATICLOT_OUT=true, AUTOMATICLOTWARD_TOWARD=false]" classname="org.isf.medicalstock.test.Tests" time="0.019">
    <system-out><![CDATA[[05/jul/2024 13:43:35] [:] INFO - Began transaction (1) for test context [DefaultTestContext@329af9b1 testClass = Tests, testInstance = org.isf.medicalstock.test.Tests@599ec54c, testMethod = testMgrAlertCriticalQuantityUnderLimit@Tests, testException = [null], mergedContextConfiguration = [MergedContextConfiguration@7535554e testClass = Tests, locations = '{classpath:applicationContext.xml, classpath:applicationContext.xml}', classes = '{}', contextInitializerClasses = '[]', activeProfiles = '{}', propertySourceLocations = '{}', propertySourceProperties = '{}', contextCustomizers = set[org.springframework.boot.test.context.filter.ExcludeFilterContextCustomizer@255b53dc, org.springframework.boot.test.json.DuplicateJsonObjectContextCustomizerFactory$DuplicateJsonObjectContextCustomizer@64d2d351, org.springframework.boot.test.mock.mockito.MockitoContextCustomizer@0, org.springframework.boot.test.autoconfigure.properties.PropertyMappingContextCustomizer@0, org.springframework.boot.test.autoconfigure.web.servlet.WebDriverContextCustomizerFactory$Customizer@52aa2946], contextLoader = 'org.springframework.test.context.support.DelegatingSmartContextLoader', parent = [null]]]; transaction manager [org.springframework.orm.jpa.JpaTransactionManager@4ece2750]; rollback [true]
[05/jul/2024 13:43:35] [:] INFO - Rolled back transaction for test: [DefaultTestContext@329af9b1 testClass = Tests, testInstance = org.isf.medicalstock.test.Tests@599ec54c, testMethod = testMgrAlertCriticalQuantityUnderLimit@Tests, testException = [null], mergedContextConfiguration = [MergedContextConfiguration@7535554e testClass = Tests, locations = '{classpath:applicationContext.xml, classpath:applicationContext.xml}', classes = '{}', contextInitializerClasses = '[]', activeProfiles = '{}', propertySourceLocations = '{}', propertySourceProperties = '{}', contextCustomizers = set[org.springframework.boot.test.context.filter.ExcludeFilterContextCustomizer@255b53dc, org.springframework.boot.test.json.DuplicateJsonObjectContextCustomizerFactory$DuplicateJsonObjectContextCustomizer@64d2d351, org.springframework.boot.test.mock.mockito.MockitoContextCustomizer@0, org.springframework.boot.test.autoconfigure.properties.PropertyMappingContextCustomizer@0, org.springframework.boot.test.autoconfigure.web.servlet.WebDriverContextCustomizerFactory$Customizer@52aa2946], contextLoader = 'org.springframework.test.context.support.DelegatingSmartContextLoader', parent = [null]]]
]]></system-out>
  </testcase>
  <testcase name="testIoNewMovementUpdateMedicalWardQuantityMedicalWardFound[Test with AUTOMATICLOT_IN=true, AUTOMATICLOT_OUT=true, AUTOMATICLOTWARD_TOWARD=false]" classname="org.isf.medicalstock.test.Tests" time="0.017">
    <system-out><![CDATA[[05/jul/2024 13:43:35] [:] INFO - Began transaction (1) for test context [DefaultTestContext@329af9b1 testClass = Tests, testInstance = org.isf.medicalstock.test.Tests@602e932e, testMethod = testIoNewMovementUpdateMedicalWardQuantityMedicalWardFound@Tests, testException = [null], mergedContextConfiguration = [MergedContextConfiguration@7535554e testClass = Tests, locations = '{classpath:applicationContext.xml, classpath:applicationContext.xml}', classes = '{}', contextInitializerClasses = '[]', activeProfiles = '{}', propertySourceLocations = '{}', propertySourceProperties = '{}', contextCustomizers = set[org.springframework.boot.test.context.filter.ExcludeFilterContextCustomizer@255b53dc, org.springframework.boot.test.json.DuplicateJsonObjectContextCustomizerFactory$DuplicateJsonObjectContextCustomizer@64d2d351, org.springframework.boot.test.mock.mockito.MockitoContextCustomizer@0, org.springframework.boot.test.autoconfigure.properties.PropertyMappingContextCustomizer@0, org.springframework.boot.test.autoconfigure.web.servlet.WebDriverContextCustomizerFactory$Customizer@52aa2946], contextLoader = 'org.springframework.test.context.support.DelegatingSmartContextLoader', parent = [null]]]; transaction manager [org.springframework.orm.jpa.JpaTransactionManager@4ece2750]; rollback [true]
[05/jul/2024 13:43:35] [:] INFO - Rolled back transaction for test: [DefaultTestContext@329af9b1 testClass = Tests, testInstance = org.isf.medicalstock.test.Tests@602e932e, testMethod = testIoNewMovementUpdateMedicalWardQuantityMedicalWardFound@Tests, testException = [null], mergedContextConfiguration = [MergedContextConfiguration@7535554e testClass = Tests, locations = '{classpath:applicationContext.xml, classpath:applicationContext.xml}', classes = '{}', contextInitializerClasses = '[]', activeProfiles = '{}', propertySourceLocations = '{}', propertySourceProperties = '{}', contextCustomizers = set[org.springframework.boot.test.context.filter.ExcludeFilterContextCustomizer@255b53dc, org.springframework.boot.test.json.DuplicateJsonObjectContextCustomizerFactory$DuplicateJsonObjectContextCustomizer@64d2d351, org.springframework.boot.test.mock.mockito.MockitoContextCustomizer@0, org.springframework.boot.test.autoconfigure.properties.PropertyMappingContextCustomizer@0, org.springframework.boot.test.autoconfigure.web.servlet.WebDriverContextCustomizerFactory$Customizer@52aa2946], contextLoader = 'org.springframework.test.context.support.DelegatingSmartContextLoader', parent = [null]]]
]]></system-out>
  </testcase>
  <testcase name="testMgrGetMovementsWihAllParametersNull[Test with AUTOMATICLOT_IN=true, AUTOMATICLOT_OUT=true, AUTOMATICLOTWARD_TOWARD=false]" classname="org.isf.medicalstock.test.Tests" time="0.012">
    <system-out><![CDATA[[05/jul/2024 13:43:35] [:] INFO - Began transaction (1) for test context [DefaultTestContext@329af9b1 testClass = Tests, testInstance = org.isf.medicalstock.test.Tests@3c62c706, testMethod = testMgrGetMovementsWihAllParametersNull@Tests, testException = [null], mergedContextConfiguration = [MergedContextConfiguration@7535554e testClass = Tests, locations = '{classpath:applicationContext.xml, classpath:applicationContext.xml}', classes = '{}', contextInitializerClasses = '[]', activeProfiles = '{}', propertySourceLocations = '{}', propertySourceProperties = '{}', contextCustomizers = set[org.springframework.boot.test.context.filter.ExcludeFilterContextCustomizer@255b53dc, org.springframework.boot.test.json.DuplicateJsonObjectContextCustomizerFactory$DuplicateJsonObjectContextCustomizer@64d2d351, org.springframework.boot.test.mock.mockito.MockitoContextCustomizer@0, org.springframework.boot.test.autoconfigure.properties.PropertyMappingContextCustomizer@0, org.springframework.boot.test.autoconfigure.web.servlet.WebDriverContextCustomizerFactory$Customizer@52aa2946], contextLoader = 'org.springframework.test.context.support.DelegatingSmartContextLoader', parent = [null]]]; transaction manager [org.springframework.orm.jpa.JpaTransactionManager@4ece2750]; rollback [true]
[05/jul/2024 13:43:35] [:] INFO - Rolled back transaction for test: [DefaultTestContext@329af9b1 testClass = Tests, testInstance = org.isf.medicalstock.test.Tests@3c62c706, testMethod = testMgrGetMovementsWihAllParametersNull@Tests, testException = [null], mergedContextConfiguration = [MergedContextConfiguration@7535554e testClass = Tests, locations = '{classpath:applicationContext.xml, classpath:applicationContext.xml}', classes = '{}', contextInitializerClasses = '[]', activeProfiles = '{}', propertySourceLocations = '{}', propertySourceProperties = '{}', contextCustomizers = set[org.springframework.boot.test.context.filter.ExcludeFilterContextCustomizer@255b53dc, org.springframework.boot.test.json.DuplicateJsonObjectContextCustomizerFactory$DuplicateJsonObjectContextCustomizer@64d2d351, org.springframework.boot.test.mock.mockito.MockitoContextCustomizer@0, org.springframework.boot.test.autoconfigure.properties.PropertyMappingContextCustomizer@0, org.springframework.boot.test.autoconfigure.web.servlet.WebDriverContextCustomizerFactory$Customizer@52aa2946], contextLoader = 'org.springframework.test.context.support.DelegatingSmartContextLoader', parent = [null]]]
]]></system-out>
  </testcase>
  <testcase name="testMgrGetMovements[Test with AUTOMATICLOT_IN=true, AUTOMATICLOT_OUT=true, AUTOMATICLOTWARD_TOWARD=false]" classname="org.isf.medicalstock.test.Tests" time="0.014">
    <system-out><![CDATA[[05/jul/2024 13:43:35] [:] INFO - Began transaction (1) for test context [DefaultTestContext@329af9b1 testClass = Tests, testInstance = org.isf.medicalstock.test.Tests@616149b0, testMethod = testMgrGetMovements@Tests, testException = [null], mergedContextConfiguration = [MergedContextConfiguration@7535554e testClass = Tests, locations = '{classpath:applicationContext.xml, classpath:applicationContext.xml}', classes = '{}', contextInitializerClasses = '[]', activeProfiles = '{}', propertySourceLocations = '{}', propertySourceProperties = '{}', contextCustomizers = set[org.springframework.boot.test.context.filter.ExcludeFilterContextCustomizer@255b53dc, org.springframework.boot.test.json.DuplicateJsonObjectContextCustomizerFactory$DuplicateJsonObjectContextCustomizer@64d2d351, org.springframework.boot.test.mock.mockito.MockitoContextCustomizer@0, org.springframework.boot.test.autoconfigure.properties.PropertyMappingContextCustomizer@0, org.springframework.boot.test.autoconfigure.web.servlet.WebDriverContextCustomizerFactory$Customizer@52aa2946], contextLoader = 'org.springframework.test.context.support.DelegatingSmartContextLoader', parent = [null]]]; transaction manager [org.springframework.orm.jpa.JpaTransactionManager@4ece2750]; rollback [true]
[05/jul/2024 13:43:35] [:] INFO - Rolled back transaction for test: [DefaultTestContext@329af9b1 testClass = Tests, testInstance = org.isf.medicalstock.test.Tests@616149b0, testMethod = testMgrGetMovements@Tests, testException = [null], mergedContextConfiguration = [MergedContextConfiguration@7535554e testClass = Tests, locations = '{classpath:applicationContext.xml, classpath:applicationContext.xml}', classes = '{}', contextInitializerClasses = '[]', activeProfiles = '{}', propertySourceLocations = '{}', propertySourceProperties = '{}', contextCustomizers = set[org.springframework.boot.test.context.filter.ExcludeFilterContextCustomizer@255b53dc, org.springframework.boot.test.json.DuplicateJsonObjectContextCustomizerFactory$DuplicateJsonObjectContextCustomizer@64d2d351, org.springframework.boot.test.mock.mockito.MockitoContextCustomizer@0, org.springframework.boot.test.autoconfigure.properties.PropertyMappingContextCustomizer@0, org.springframework.boot.test.autoconfigure.web.servlet.WebDriverContextCustomizerFactory$Customizer@52aa2946], contextLoader = 'org.springframework.test.context.support.DelegatingSmartContextLoader', parent = [null]]]
]]></system-out>
  </testcase>
  <testcase name="testIoPrepareDischargingMovement[Test with AUTOMATICLOT_IN=true, AUTOMATICLOT_OUT=true, AUTOMATICLOTWARD_TOWARD=false]" classname="org.isf.medicalstock.test.Tests" time="0.029">
    <system-out><![CDATA[[05/jul/2024 13:43:35] [:] INFO - Began transaction (1) for test context [DefaultTestContext@329af9b1 testClass = Tests, testInstance = org.isf.medicalstock.test.Tests@2a969985, testMethod = testIoPrepareDischargingMovement@Tests, testException = [null], mergedContextConfiguration = [MergedContextConfiguration@7535554e testClass = Tests, locations = '{classpath:applicationContext.xml, classpath:applicationContext.xml}', classes = '{}', contextInitializerClasses = '[]', activeProfiles = '{}', propertySourceLocations = '{}', propertySourceProperties = '{}', contextCustomizers = set[org.springframework.boot.test.context.filter.ExcludeFilterContextCustomizer@255b53dc, org.springframework.boot.test.json.DuplicateJsonObjectContextCustomizerFactory$DuplicateJsonObjectContextCustomizer@64d2d351, org.springframework.boot.test.mock.mockito.MockitoContextCustomizer@0, org.springframework.boot.test.autoconfigure.properties.PropertyMappingContextCustomizer@0, org.springframework.boot.test.autoconfigure.web.servlet.WebDriverContextCustomizerFactory$Customizer@52aa2946], contextLoader = 'org.springframework.test.context.support.DelegatingSmartContextLoader', parent = [null]]]; transaction manager [org.springframework.orm.jpa.JpaTransactionManager@4ece2750]; rollback [true]
[05/jul/2024 13:43:35] [:] INFO - Rolled back transaction for test: [DefaultTestContext@329af9b1 testClass = Tests, testInstance = org.isf.medicalstock.test.Tests@2a969985, testMethod = testIoPrepareDischargingMovement@Tests, testException = [null], mergedContextConfiguration = [MergedContextConfiguration@7535554e testClass = Tests, locations = '{classpath:applicationContext.xml, classpath:applicationContext.xml}', classes = '{}', contextInitializerClasses = '[]', activeProfiles = '{}', propertySourceLocations = '{}', propertySourceProperties = '{}', contextCustomizers = set[org.springframework.boot.test.context.filter.ExcludeFilterContextCustomizer@255b53dc, org.springframework.boot.test.json.DuplicateJsonObjectContextCustomizerFactory$DuplicateJsonObjectContextCustomizer@64d2d351, org.springframework.boot.test.mock.mockito.MockitoContextCustomizer@0, org.springframework.boot.test.autoconfigure.properties.PropertyMappingContextCustomizer@0, org.springframework.boot.test.autoconfigure.web.servlet.WebDriverContextCustomizerFactory$Customizer@52aa2946], contextLoader = 'org.springframework.test.context.support.DelegatingSmartContextLoader', parent = [null]]]
]]></system-out>
  </testcase>
  <testcase name="testMgrPrepareDischargingMovementIsAutomaticLotOut[Test with AUTOMATICLOT_IN=true, AUTOMATICLOT_OUT=true, AUTOMATICLOTWARD_TOWARD=false]" classname="org.isf.medicalstock.test.Tests" time="0.01">
    <system-out><![CDATA[[05/jul/2024 13:43:35] [:] INFO - Began transaction (1) for test context [DefaultTestContext@329af9b1 testClass = Tests, testInstance = org.isf.medicalstock.test.Tests@3a926fdf, testMethod = testMgrPrepareDischargingMovementIsAutomaticLotOut@Tests, testException = [null], mergedContextConfiguration = [MergedContextConfiguration@7535554e testClass = Tests, locations = '{classpath:applicationContext.xml, classpath:applicationContext.xml}', classes = '{}', contextInitializerClasses = '[]', activeProfiles = '{}', propertySourceLocations = '{}', propertySourceProperties = '{}', contextCustomizers = set[org.springframework.boot.test.context.filter.ExcludeFilterContextCustomizer@255b53dc, org.springframework.boot.test.json.DuplicateJsonObjectContextCustomizerFactory$DuplicateJsonObjectContextCustomizer@64d2d351, org.springframework.boot.test.mock.mockito.MockitoContextCustomizer@0, org.springframework.boot.test.autoconfigure.properties.PropertyMappingContextCustomizer@0, org.springframework.boot.test.autoconfigure.web.servlet.WebDriverContextCustomizerFactory$Customizer@52aa2946], contextLoader = 'org.springframework.test.context.support.DelegatingSmartContextLoader', parent = [null]]]; transaction manager [org.springframework.orm.jpa.JpaTransactionManager@4ece2750]; rollback [true]
[05/jul/2024 13:43:35] [:] INFO - Rolled back transaction for test: [DefaultTestContext@329af9b1 testClass = Tests, testInstance = org.isf.medicalstock.test.Tests@3a926fdf, testMethod = testMgrPrepareDischargingMovementIsAutomaticLotOut@Tests, testException = [null], mergedContextConfiguration = [MergedContextConfiguration@7535554e testClass = Tests, locations = '{classpath:applicationContext.xml, classpath:applicationContext.xml}', classes = '{}', contextInitializerClasses = '[]', activeProfiles = '{}', propertySourceLocations = '{}', propertySourceProperties = '{}', contextCustomizers = set[org.springframework.boot.test.context.filter.ExcludeFilterContextCustomizer@255b53dc, org.springframework.boot.test.json.DuplicateJsonObjectContextCustomizerFactory$DuplicateJsonObjectContextCustomizer@64d2d351, org.springframework.boot.test.mock.mockito.MockitoContextCustomizer@0, org.springframework.boot.test.autoconfigure.properties.PropertyMappingContextCustomizer@0, org.springframework.boot.test.autoconfigure.web.servlet.WebDriverContextCustomizerFactory$Customizer@52aa2946], contextLoader = 'org.springframework.test.context.support.DelegatingSmartContextLoader', parent = [null]]]
]]></system-out>
  </testcase>
  <testcase name="testMgrValidateLotRefersToAnotherMedical[Test with AUTOMATICLOT_IN=true, AUTOMATICLOT_OUT=true, AUTOMATICLOTWARD_TOWARD=false]" classname="org.isf.medicalstock.test.Tests" time="0.013">
    <system-out><![CDATA[[05/jul/2024 13:43:35] [:] INFO - Began transaction (1) for test context [DefaultTestContext@329af9b1 testClass = Tests, testInstance = org.isf.medicalstock.test.Tests@7a5c2840, testMethod = testMgrValidateLotRefersToAnotherMedical@Tests, testException = [null], mergedContextConfiguration = [MergedContextConfiguration@7535554e testClass = Tests, locations = '{classpath:applicationContext.xml, classpath:applicationContext.xml}', classes = '{}', contextInitializerClasses = '[]', activeProfiles = '{}', propertySourceLocations = '{}', propertySourceProperties = '{}', contextCustomizers = set[org.springframework.boot.test.context.filter.ExcludeFilterContextCustomizer@255b53dc, org.springframework.boot.test.json.DuplicateJsonObjectContextCustomizerFactory$DuplicateJsonObjectContextCustomizer@64d2d351, org.springframework.boot.test.mock.mockito.MockitoContextCustomizer@0, org.springframework.boot.test.autoconfigure.properties.PropertyMappingContextCustomizer@0, org.springframework.boot.test.autoconfigure.web.servlet.WebDriverContextCustomizerFactory$Customizer@52aa2946], contextLoader = 'org.springframework.test.context.support.DelegatingSmartContextLoader', parent = [null]]]; transaction manager [org.springframework.orm.jpa.JpaTransactionManager@4ece2750]; rollback [true]
[05/jul/2024 13:43:35] [:] ERROR - identifier of an instance of org.isf.medicals.model.Medical was altered from 2 to -99; nested exception is org.hibernate.HibernateException: identifier of an instance of org.isf.medicals.model.Medical was altered from 2 to -99
org.springframework.orm.jpa.JpaSystemException: identifier of an instance of org.isf.medicals.model.Medical was altered from 2 to -99; nested exception is org.hibernate.HibernateException: identifier of an instance of org.isf.medicals.model.Medical was altered from 2 to -99
	at org.springframework.orm.jpa.vendor.HibernateJpaDialect.convertHibernateAccessException(HibernateJpaDialect.java:333)
	at org.springframework.orm.jpa.vendor.HibernateJpaDialect.translateExceptionIfPossible(HibernateJpaDialect.java:244)
	at org.springframework.orm.jpa.AbstractEntityManagerFactoryBean.translateExceptionIfPossible(AbstractEntityManagerFactoryBean.java:525)
	at org.springframework.dao.support.ChainedPersistenceExceptionTranslator.translateExceptionIfPossible(ChainedPersistenceExceptionTranslator.java:59)
	at org.springframework.dao.support.DataAccessUtils.translateIfNecessary(DataAccessUtils.java:209)
	at org.springframework.dao.support.PersistenceExceptionTranslationInterceptor.invoke(PersistenceExceptionTranslationInterceptor.java:147)
	at org.springframework.aop.framework.ReflectiveMethodInvocation.proceed(ReflectiveMethodInvocation.java:179)
	at org.springframework.data.jpa.repository.support.CrudMethodMetadataPostProcessor$CrudMethodMetadataPopulatingMethodInterceptor.invoke(CrudMethodMetadataPostProcessor.java:140)
	at org.springframework.aop.framework.ReflectiveMethodInvocation.proceed(ReflectiveMethodInvocation.java:179)
	at org.springframework.data.jpa.repository.support.CrudMethodMetadataPostProcessor$ExposeRepositoryInvocationInterceptor.invoke(CrudMethodMetadataPostProcessor.java:347)
	at org.springframework.aop.framework.ReflectiveMethodInvocation.proceed(ReflectiveMethodInvocation.java:179)
	at org.springframework.aop.interceptor.ExposeInvocationInterceptor.invoke(ExposeInvocationInterceptor.java:92)
	at org.springframework.aop.framework.ReflectiveMethodInvocation.proceed(ReflectiveMethodInvocation.java:179)
	at org.springframework.data.repository.core.support.SurroundingTransactionDetectorMethodInterceptor.invoke(SurroundingTransactionDetectorMethodInterceptor.java:57)
	at org.springframework.aop.framework.ReflectiveMethodInvocation.proceed(ReflectiveMethodInvocation.java:179)
	at org.springframework.aop.framework.JdkDynamicAopProxy.invoke(JdkDynamicAopProxy.java:213)
	at com.sun.proxy.$Proxy109.findMaxDate(Unknown Source)
	at org.isf.medicalstock.service.MedicalStockIoOperations.getLastMovementDate(MedicalStockIoOperations.java:565)
	at org.isf.medicalstock.service.MedicalStockIoOperations$$FastClassBySpringCGLIB$$a00ee1bd.invoke(<generated>)
	at org.springframework.cglib.proxy.MethodProxy.invoke(MethodProxy.java:204)
	at org.springframework.aop.framework.CglibAopProxy$CglibMethodInvocation.invokeJoinpoint(CglibAopProxy.java:737)
	at org.springframework.aop.framework.ReflectiveMethodInvocation.proceed(ReflectiveMethodInvocation.java:157)
	at org.springframework.transaction.interceptor.TransactionInterceptor$1.proceedWithInvocation(TransactionInterceptor.java:99)
	at org.springframework.transaction.interceptor.TransactionAspectSupport.invokeWithinTransaction(TransactionAspectSupport.java:283)
	at org.springframework.transaction.interceptor.TransactionInterceptor.invoke(TransactionInterceptor.java:96)
	at org.springframework.aop.framework.ReflectiveMethodInvocation.proceed(ReflectiveMethodInvocation.java:179)
	at org.springframework.aop.interceptor.ExposeInvocationInterceptor.invoke(ExposeInvocationInterceptor.java:92)
	at org.springframework.aop.framework.ReflectiveMethodInvocation.proceed(ReflectiveMethodInvocation.java:179)
	at org.springframework.aop.aspectj.MethodInvocationProceedingJoinPoint.proceed(MethodInvocationProceedingJoinPoint.java:84)
	at org.isf.utils.db.OHServiceExceptionTranslator.translateSqlExceptionToOHServiceException(OHServiceExceptionTranslator.java:55)
	at sun.reflect.GeneratedMethodAccessor67.invoke(Unknown Source)
	at sun.reflect.DelegatingMethodAccessorImpl.invoke(DelegatingMethodAccessorImpl.java:43)
	at java.lang.reflect.Method.invoke(Method.java:498)
	at org.springframework.aop.aspectj.AbstractAspectJAdvice.invokeAdviceMethodWithGivenArgs(AbstractAspectJAdvice.java:627)
	at org.springframework.aop.aspectj.AbstractAspectJAdvice.invokeAdviceMethod(AbstractAspectJAdvice.java:616)
	at org.springframework.aop.aspectj.AspectJAroundAdvice.invoke(AspectJAroundAdvice.java:70)
	at org.springframework.aop.framework.ReflectiveMethodInvocation.proceed(ReflectiveMethodInvocation.java:179)
	at org.springframework.aop.framework.CglibAopProxy$DynamicAdvisedInterceptor.intercept(CglibAopProxy.java:672)
	at org.isf.medicalstock.service.MedicalStockIoOperations$$EnhancerBySpringCGLIB$$36e028cc.getLastMovementDate(<generated>)
	at org.isf.medicalstock.manager.MovStockInsertingManager.getLastMovementDate(MovStockInsertingManager.java:278)
	at org.isf.medicalstock.manager.MovStockInsertingManager.validateMovement(MovStockInsertingManager.java:68)
	at org.isf.medicalstock.manager.MovStockInsertingManager.prepareChargingMovement(MovStockInsertingManager.java:349)
	at org.isf.medicalstock.manager.MovStockInsertingManager.newMultipleChargingMovements(MovStockInsertingManager.java:326)
	at org.isf.medicalstock.manager.MovStockInsertingManager$$FastClassBySpringCGLIB$$2a8b6bd4.invoke(<generated>)
	at org.springframework.cglib.proxy.MethodProxy.invoke(MethodProxy.java:204)
	at org.springframework.aop.framework.CglibAopProxy$CglibMethodInvocation.invokeJoinpoint(CglibAopProxy.java:737)
	at org.springframework.aop.framework.ReflectiveMethodInvocation.proceed(ReflectiveMethodInvocation.java:157)
	at org.springframework.transaction.interceptor.TransactionInterceptor$1.proceedWithInvocation(TransactionInterceptor.java:99)
	at org.springframework.transaction.interceptor.TransactionAspectSupport.invokeWithinTransaction(TransactionAspectSupport.java:283)
	at org.springframework.transaction.interceptor.TransactionInterceptor.invoke(TransactionInterceptor.java:96)
	at org.springframework.aop.framework.ReflectiveMethodInvocation.proceed(ReflectiveMethodInvocation.java:179)
	at org.springframework.aop.framework.CglibAopProxy$DynamicAdvisedInterceptor.intercept(CglibAopProxy.java:672)
	at org.isf.medicalstock.manager.MovStockInsertingManager$$EnhancerBySpringCGLIB$$ef6ee236.newMultipleChargingMovements(<generated>)
	at org.isf.medicalstock.test.Tests.lambda$25(Tests.java:904)
	at org.assertj.core.api.ThrowableAssert.catchThrowable(ThrowableAssert.java:62)
	at org.assertj.core.api.AssertionsForClassTypes.catchThrowable(AssertionsForClassTypes.java:877)
	at org.assertj.core.api.Assertions.catchThrowable(Assertions.java:1336)
	at org.assertj.core.api.Assertions.assertThatThrownBy(Assertions.java:1181)
	at org.isf.medicalstock.test.Tests.testMgrValidateLotRefersToAnotherMedical(Tests.java:897)
	at sun.reflect.NativeMethodAccessorImpl.invoke0(Native Method)
	at sun.reflect.NativeMethodAccessorImpl.invoke(NativeMethodAccessorImpl.java:62)
	at sun.reflect.DelegatingMethodAccessorImpl.invoke(DelegatingMethodAccessorImpl.java:43)
	at java.lang.reflect.Method.invoke(Method.java:498)
	at org.junit.runners.model.FrameworkMethod$1.runReflectiveCall(FrameworkMethod.java:59)
	at org.junit.internal.runners.model.ReflectiveCallable.run(ReflectiveCallable.java:12)
	at org.junit.runners.model.FrameworkMethod.invokeExplosively(FrameworkMethod.java:56)
	at org.junit.internal.runners.statements.InvokeMethod.evaluate(InvokeMethod.java:17)
	at org.junit.internal.runners.statements.RunBefores.evaluate(RunBefores.java:26)
	at org.springframework.test.context.junit4.statements.RunBeforeTestMethodCallbacks.evaluate(RunBeforeTestMethodCallbacks.java:75)
	at org.springframework.test.context.junit4.statements.RunAfterTestMethodCallbacks.evaluate(RunAfterTestMethodCallbacks.java:86)
	at org.springframework.test.context.junit4.statements.RunPrepareTestInstanceCallbacks.evaluate(RunPrepareTestInstanceCallbacks.java:64)
	at org.springframework.test.context.junit4.statements.SpringRepeat.evaluate(SpringRepeat.java:84)
	at org.springframework.test.context.junit4.statements.SpringFailOnTimeout.evaluate(SpringFailOnTimeout.java:87)
	at org.springframework.test.context.junit4.statements.ProfileValueChecker.evaluate(ProfileValueChecker.java:101)
	at org.junit.runners.ParentRunner$3.evaluate(ParentRunner.java:306)
	at org.junit.runners.BlockJUnit4ClassRunner$1.evaluate(BlockJUnit4ClassRunner.java:100)
	at org.junit.runners.ParentRunner.runLeaf(ParentRunner.java:366)
	at org.junit.runners.BlockJUnit4ClassRunner.runChild(BlockJUnit4ClassRunner.java:103)
	at org.junit.runners.BlockJUnit4ClassRunner.runChild(BlockJUnit4ClassRunner.java:63)
	at org.junit.runners.ParentRunner$4.run(ParentRunner.java:331)
	at org.junit.runners.ParentRunner$1.schedule(ParentRunner.java:79)
	at org.junit.runners.ParentRunner.runChildren(ParentRunner.java:329)
	at org.junit.runners.ParentRunner.access$100(ParentRunner.java:66)
	at org.junit.runners.ParentRunner$2.evaluate(ParentRunner.java:293)
	at org.junit.runners.ParentRunner.run(ParentRunner.java:413)
	at org.junit.runners.Suite.runChild(Suite.java:128)
	at org.junit.runners.Suite.runChild(Suite.java:27)
	at org.junit.runners.ParentRunner$4.run(ParentRunner.java:331)
	at org.junit.runners.ParentRunner$1.schedule(ParentRunner.java:79)
	at org.junit.runners.ParentRunner.runChildren(ParentRunner.java:329)
	at org.junit.runners.ParentRunner.access$100(ParentRunner.java:66)
	at org.junit.runners.ParentRunner$2.evaluate(ParentRunner.java:293)
	at org.junit.internal.runners.statements.RunBefores.evaluate(RunBefores.java:26)
	at org.junit.internal.runners.statements.RunAfters.evaluate(RunAfters.java:27)
	at org.springframework.test.context.junit4.statements.RunBeforeTestClassCallbacks.evaluate(RunBeforeTestClassCallbacks.java:61)
	at org.springframework.test.context.junit4.statements.RunAfterTestClassCallbacks.evaluate(RunAfterTestClassCallbacks.java:70)
	at org.springframework.test.context.junit4.statements.ProfileValueChecker.evaluate(ProfileValueChecker.java:101)
	at org.springframework.test.context.junit4.rules.SpringClassRule$TestContextManagerCacheEvictor.evaluate(SpringClassRule.java:242)
	at org.junit.rules.RunRules.evaluate(RunRules.java:20)
	at org.junit.runners.ParentRunner$3.evaluate(ParentRunner.java:306)
	at org.junit.runners.ParentRunner.run(ParentRunner.java:413)
	at org.apache.maven.surefire.junit4.JUnit4Provider.execute(JUnit4Provider.java:316)
	at org.apache.maven.surefire.junit4.JUnit4Provider.executeWithRerun(JUnit4Provider.java:240)
	at org.apache.maven.surefire.junit4.JUnit4Provider.executeTestSet(JUnit4Provider.java:214)
	at org.apache.maven.surefire.junit4.JUnit4Provider.invoke(JUnit4Provider.java:155)
	at org.apache.maven.surefire.booter.ForkedBooter.runSuitesInProcess(ForkedBooter.java:385)
	at org.apache.maven.surefire.booter.ForkedBooter.execute(ForkedBooter.java:162)
	at org.apache.maven.surefire.booter.ForkedBooter.run(ForkedBooter.java:507)
	at org.apache.maven.surefire.booter.ForkedBooter.main(ForkedBooter.java:495)
Caused by: org.hibernate.HibernateException: identifier of an instance of org.isf.medicals.model.Medical was altered from 2 to -99
	at org.hibernate.event.internal.DefaultFlushEntityEventListener.checkId(DefaultFlushEntityEventListener.java:83)
	at org.hibernate.event.internal.DefaultFlushEntityEventListener.getValues(DefaultFlushEntityEventListener.java:195)
	at org.hibernate.event.internal.DefaultFlushEntityEventListener.onFlushEntity(DefaultFlushEntityEventListener.java:157)
	at org.hibernate.event.internal.AbstractFlushingEventListener.flushEntities(AbstractFlushingEventListener.java:230)
	at org.hibernate.event.internal.AbstractFlushingEventListener.flushEverythingToExecutions(AbstractFlushingEventListener.java:100)
	at org.hibernate.event.internal.DefaultAutoFlushEventListener.onAutoFlush(DefaultAutoFlushEventListener.java:61)
	at org.hibernate.internal.SessionImpl.autoFlushIfRequired(SessionImpl.java:1130)
	at org.hibernate.internal.SessionImpl.list(SessionImpl.java:1187)
	at org.hibernate.internal.QueryImpl.list(QueryImpl.java:101)
	at org.hibernate.ejb.QueryImpl.getSingleResult(QueryImpl.java:287)
	at org.springframework.data.jpa.repository.query.JpaQueryExecution$SingleEntityExecution.doExecute(JpaQueryExecution.java:210)
	at org.springframework.data.jpa.repository.query.JpaQueryExecution.execute(JpaQueryExecution.java:89)
	at org.springframework.data.jpa.repository.query.AbstractJpaQuery.doExecute(AbstractJpaQuery.java:126)
	at org.springframework.data.jpa.repository.query.AbstractJpaQuery.execute(AbstractJpaQuery.java:116)
	at org.springframework.data.repository.core.support.RepositoryFactorySupport$QueryExecutorMethodInterceptor.doInvoke(RepositoryFactorySupport.java:494)
	at org.springframework.data.repository.core.support.RepositoryFactorySupport$QueryExecutorMethodInterceptor.invoke(RepositoryFactorySupport.java:477)
	at org.springframework.aop.framework.ReflectiveMethodInvocation.proceed(ReflectiveMethodInvocation.java:179)
	at org.springframework.data.projection.DefaultMethodInvokingMethodInterceptor.invoke(DefaultMethodInvokingMethodInterceptor.java:56)
	at org.springframework.aop.framework.ReflectiveMethodInvocation.proceed(ReflectiveMethodInvocation.java:179)
	at org.springframework.transaction.interceptor.TransactionInterceptor$1.proceedWithInvocation(TransactionInterceptor.java:99)
	at org.springframework.transaction.interceptor.TransactionAspectSupport.invokeWithinTransaction(TransactionAspectSupport.java:283)
	at org.springframework.transaction.interceptor.TransactionInterceptor.invoke(TransactionInterceptor.java:96)
	at org.springframework.aop.framework.ReflectiveMethodInvocation.proceed(ReflectiveMethodInvocation.java:179)
	at org.springframework.dao.support.PersistenceExceptionTranslationInterceptor.invoke(PersistenceExceptionTranslationInterceptor.java:136)
	... 103 more
[05/jul/2024 13:43:35] [:] INFO - Rolled back transaction for test: [DefaultTestContext@329af9b1 testClass = Tests, testInstance = org.isf.medicalstock.test.Tests@7a5c2840, testMethod = testMgrValidateLotRefersToAnotherMedical@Tests, testException = [null], mergedContextConfiguration = [MergedContextConfiguration@7535554e testClass = Tests, locations = '{classpath:applicationContext.xml, classpath:applicationContext.xml}', classes = '{}', contextInitializerClasses = '[]', activeProfiles = '{}', propertySourceLocations = '{}', propertySourceProperties = '{}', contextCustomizers = set[org.springframework.boot.test.context.filter.ExcludeFilterContextCustomizer@255b53dc, org.springframework.boot.test.json.DuplicateJsonObjectContextCustomizerFactory$DuplicateJsonObjectContextCustomizer@64d2d351, org.springframework.boot.test.mock.mockito.MockitoContextCustomizer@0, org.springframework.boot.test.autoconfigure.properties.PropertyMappingContextCustomizer@0, org.springframework.boot.test.autoconfigure.web.servlet.WebDriverContextCustomizerFactory$Customizer@52aa2946], contextLoader = 'org.springframework.test.context.support.DelegatingSmartContextLoader', parent = [null]]]
]]></system-out>
  </testcase>
  <testcase name="testMgrValidateLotDueDateNull[Test with AUTOMATICLOT_IN=true, AUTOMATICLOT_OUT=true, AUTOMATICLOTWARD_TOWARD=false]" classname="org.isf.medicalstock.test.Tests" time="0.013">
    <system-out><![CDATA[[05/jul/2024 13:43:35] [:] INFO - Began transaction (1) for test context [DefaultTestContext@329af9b1 testClass = Tests, testInstance = org.isf.medicalstock.test.Tests@2e7c9b66, testMethod = testMgrValidateLotDueDateNull@Tests, testException = [null], mergedContextConfiguration = [MergedContextConfiguration@7535554e testClass = Tests, locations = '{classpath:applicationContext.xml, classpath:applicationContext.xml}', classes = '{}', contextInitializerClasses = '[]', activeProfiles = '{}', propertySourceLocations = '{}', propertySourceProperties = '{}', contextCustomizers = set[org.springframework.boot.test.context.filter.ExcludeFilterContextCustomizer@255b53dc, org.springframework.boot.test.json.DuplicateJsonObjectContextCustomizerFactory$DuplicateJsonObjectContextCustomizer@64d2d351, org.springframework.boot.test.mock.mockito.MockitoContextCustomizer@0, org.springframework.boot.test.autoconfigure.properties.PropertyMappingContextCustomizer@0, org.springframework.boot.test.autoconfigure.web.servlet.WebDriverContextCustomizerFactory$Customizer@52aa2946], contextLoader = 'org.springframework.test.context.support.DelegatingSmartContextLoader', parent = [null]]]; transaction manager [org.springframework.orm.jpa.JpaTransactionManager@4ece2750]; rollback [true]
[05/jul/2024 13:43:35] [:] INFO - Rolled back transaction for test: [DefaultTestContext@329af9b1 testClass = Tests, testInstance = org.isf.medicalstock.test.Tests@2e7c9b66, testMethod = testMgrValidateLotDueDateNull@Tests, testException = [null], mergedContextConfiguration = [MergedContextConfiguration@7535554e testClass = Tests, locations = '{classpath:applicationContext.xml, classpath:applicationContext.xml}', classes = '{}', contextInitializerClasses = '[]', activeProfiles = '{}', propertySourceLocations = '{}', propertySourceProperties = '{}', contextCustomizers = set[org.springframework.boot.test.context.filter.ExcludeFilterContextCustomizer@255b53dc, org.springframework.boot.test.json.DuplicateJsonObjectContextCustomizerFactory$DuplicateJsonObjectContextCustomizer@64d2d351, org.springframework.boot.test.mock.mockito.MockitoContextCustomizer@0, org.springframework.boot.test.autoconfigure.properties.PropertyMappingContextCustomizer@0, org.springframework.boot.test.autoconfigure.web.servlet.WebDriverContextCustomizerFactory$Customizer@52aa2946], contextLoader = 'org.springframework.test.context.support.DelegatingSmartContextLoader', parent = [null]]]
]]></system-out>
  </testcase>
  <testcase name="testMgrGetLotsByMedicalNull[Test with AUTOMATICLOT_IN=true, AUTOMATICLOT_OUT=true, AUTOMATICLOTWARD_TOWARD=false]" classname="org.isf.medicalstock.test.Tests" time="0.009">
    <system-out><![CDATA[[05/jul/2024 13:43:35] [:] INFO - Began transaction (1) for test context [DefaultTestContext@329af9b1 testClass = Tests, testInstance = org.isf.medicalstock.test.Tests@e3dc546, testMethod = testMgrGetLotsByMedicalNull@Tests, testException = [null], mergedContextConfiguration = [MergedContextConfiguration@7535554e testClass = Tests, locations = '{classpath:applicationContext.xml, classpath:applicationContext.xml}', classes = '{}', contextInitializerClasses = '[]', activeProfiles = '{}', propertySourceLocations = '{}', propertySourceProperties = '{}', contextCustomizers = set[org.springframework.boot.test.context.filter.ExcludeFilterContextCustomizer@255b53dc, org.springframework.boot.test.json.DuplicateJsonObjectContextCustomizerFactory$DuplicateJsonObjectContextCustomizer@64d2d351, org.springframework.boot.test.mock.mockito.MockitoContextCustomizer@0, org.springframework.boot.test.autoconfigure.properties.PropertyMappingContextCustomizer@0, org.springframework.boot.test.autoconfigure.web.servlet.WebDriverContextCustomizerFactory$Customizer@52aa2946], contextLoader = 'org.springframework.test.context.support.DelegatingSmartContextLoader', parent = [null]]]; transaction manager [org.springframework.orm.jpa.JpaTransactionManager@4ece2750]; rollback [true]
[05/jul/2024 13:43:35] [:] INFO - Rolled back transaction for test: [DefaultTestContext@329af9b1 testClass = Tests, testInstance = org.isf.medicalstock.test.Tests@e3dc546, testMethod = testMgrGetLotsByMedicalNull@Tests, testException = [null], mergedContextConfiguration = [MergedContextConfiguration@7535554e testClass = Tests, locations = '{classpath:applicationContext.xml, classpath:applicationContext.xml}', classes = '{}', contextInitializerClasses = '[]', activeProfiles = '{}', propertySourceLocations = '{}', propertySourceProperties = '{}', contextCustomizers = set[org.springframework.boot.test.context.filter.ExcludeFilterContextCustomizer@255b53dc, org.springframework.boot.test.json.DuplicateJsonObjectContextCustomizerFactory$DuplicateJsonObjectContextCustomizer@64d2d351, org.springframework.boot.test.mock.mockito.MockitoContextCustomizer@0, org.springframework.boot.test.autoconfigure.properties.PropertyMappingContextCustomizer@0, org.springframework.boot.test.autoconfigure.web.servlet.WebDriverContextCustomizerFactory$Customizer@52aa2946], contextLoader = 'org.springframework.test.context.support.DelegatingSmartContextLoader', parent = [null]]]
]]></system-out>
  </testcase>
  <testcase name="testIoNewAutomaticDischargingMovementDifferentLots[Test with AUTOMATICLOT_IN=true, AUTOMATICLOT_OUT=true, AUTOMATICLOTWARD_TOWARD=false]" classname="org.isf.medicalstock.test.Tests" time="0.03">
    <system-out><![CDATA[[05/jul/2024 13:43:35] [:] INFO - Began transaction (1) for test context [DefaultTestContext@329af9b1 testClass = Tests, testInstance = org.isf.medicalstock.test.Tests@797d1416, testMethod = testIoNewAutomaticDischargingMovementDifferentLots@Tests, testException = [null], mergedContextConfiguration = [MergedContextConfiguration@7535554e testClass = Tests, locations = '{classpath:applicationContext.xml, classpath:applicationContext.xml}', classes = '{}', contextInitializerClasses = '[]', activeProfiles = '{}', propertySourceLocations = '{}', propertySourceProperties = '{}', contextCustomizers = set[org.springframework.boot.test.context.filter.ExcludeFilterContextCustomizer@255b53dc, org.springframework.boot.test.json.DuplicateJsonObjectContextCustomizerFactory$DuplicateJsonObjectContextCustomizer@64d2d351, org.springframework.boot.test.mock.mockito.MockitoContextCustomizer@0, org.springframework.boot.test.autoconfigure.properties.PropertyMappingContextCustomizer@0, org.springframework.boot.test.autoconfigure.web.servlet.WebDriverContextCustomizerFactory$Customizer@52aa2946], contextLoader = 'org.springframework.test.context.support.DelegatingSmartContextLoader', parent = [null]]]; transaction manager [org.springframework.orm.jpa.JpaTransactionManager@4ece2750]; rollback [true]
[05/jul/2024 13:43:35] [:] INFO - Rolled back transaction for test: [DefaultTestContext@329af9b1 testClass = Tests, testInstance = org.isf.medicalstock.test.Tests@797d1416, testMethod = testIoNewAutomaticDischargingMovementDifferentLots@Tests, testException = [null], mergedContextConfiguration = [MergedContextConfiguration@7535554e testClass = Tests, locations = '{classpath:applicationContext.xml, classpath:applicationContext.xml}', classes = '{}', contextInitializerClasses = '[]', activeProfiles = '{}', propertySourceLocations = '{}', propertySourceProperties = '{}', contextCustomizers = set[org.springframework.boot.test.context.filter.ExcludeFilterContextCustomizer@255b53dc, org.springframework.boot.test.json.DuplicateJsonObjectContextCustomizerFactory$DuplicateJsonObjectContextCustomizer@64d2d351, org.springframework.boot.test.mock.mockito.MockitoContextCustomizer@0, org.springframework.boot.test.autoconfigure.properties.PropertyMappingContextCustomizer@0, org.springframework.boot.test.autoconfigure.web.servlet.WebDriverContextCustomizerFactory$Customizer@52aa2946], contextLoader = 'org.springframework.test.context.support.DelegatingSmartContextLoader', parent = [null]]]
]]></system-out>
  </testcase>
  <testcase name="testIoNewMovementOutGoingLotsWardNull[Test with AUTOMATICLOT_IN=true, AUTOMATICLOT_OUT=true, AUTOMATICLOTWARD_TOWARD=false]" classname="org.isf.medicalstock.test.Tests" time="0.014">
    <system-out><![CDATA[[05/jul/2024 13:43:35] [:] INFO - Began transaction (1) for test context [DefaultTestContext@329af9b1 testClass = Tests, testInstance = org.isf.medicalstock.test.Tests@1b14ff3c, testMethod = testIoNewMovementOutGoingLotsWardNull@Tests, testException = [null], mergedContextConfiguration = [MergedContextConfiguration@7535554e testClass = Tests, locations = '{classpath:applicationContext.xml, classpath:applicationContext.xml}', classes = '{}', contextInitializerClasses = '[]', activeProfiles = '{}', propertySourceLocations = '{}', propertySourceProperties = '{}', contextCustomizers = set[org.springframework.boot.test.context.filter.ExcludeFilterContextCustomizer@255b53dc, org.springframework.boot.test.json.DuplicateJsonObjectContextCustomizerFactory$DuplicateJsonObjectContextCustomizer@64d2d351, org.springframework.boot.test.mock.mockito.MockitoContextCustomizer@0, org.springframework.boot.test.autoconfigure.properties.PropertyMappingContextCustomizer@0, org.springframework.boot.test.autoconfigure.web.servlet.WebDriverContextCustomizerFactory$Customizer@52aa2946], contextLoader = 'org.springframework.test.context.support.DelegatingSmartContextLoader', parent = [null]]]; transaction manager [org.springframework.orm.jpa.JpaTransactionManager@4ece2750]; rollback [true]
[05/jul/2024 13:43:35] [:] INFO - Rolled back transaction for test: [DefaultTestContext@329af9b1 testClass = Tests, testInstance = org.isf.medicalstock.test.Tests@1b14ff3c, testMethod = testIoNewMovementOutGoingLotsWardNull@Tests, testException = [null], mergedContextConfiguration = [MergedContextConfiguration@7535554e testClass = Tests, locations = '{classpath:applicationContext.xml, classpath:applicationContext.xml}', classes = '{}', contextInitializerClasses = '[]', activeProfiles = '{}', propertySourceLocations = '{}', propertySourceProperties = '{}', contextCustomizers = set[org.springframework.boot.test.context.filter.ExcludeFilterContextCustomizer@255b53dc, org.springframework.boot.test.json.DuplicateJsonObjectContextCustomizerFactory$DuplicateJsonObjectContextCustomizer@64d2d351, org.springframework.boot.test.mock.mockito.MockitoContextCustomizer@0, org.springframework.boot.test.autoconfigure.properties.PropertyMappingContextCustomizer@0, org.springframework.boot.test.autoconfigure.web.servlet.WebDriverContextCustomizerFactory$Customizer@52aa2946], contextLoader = 'org.springframework.test.context.support.DelegatingSmartContextLoader', parent = [null]]]
]]></system-out>
  </testcase>
  <testcase name="testIoGetMovementsWithParameters[Test with AUTOMATICLOT_IN=true, AUTOMATICLOT_OUT=true, AUTOMATICLOTWARD_TOWARD=false]" classname="org.isf.medicalstock.test.Tests" time="0.014">
    <system-out><![CDATA[[05/jul/2024 13:43:35] [:] INFO - Began transaction (1) for test context [DefaultTestContext@329af9b1 testClass = Tests, testInstance = org.isf.medicalstock.test.Tests@68a71f5d, testMethod = testIoGetMovementsWithParameters@Tests, testException = [null], mergedContextConfiguration = [MergedContextConfiguration@7535554e testClass = Tests, locations = '{classpath:applicationContext.xml, classpath:applicationContext.xml}', classes = '{}', contextInitializerClasses = '[]', activeProfiles = '{}', propertySourceLocations = '{}', propertySourceProperties = '{}', contextCustomizers = set[org.springframework.boot.test.context.filter.ExcludeFilterContextCustomizer@255b53dc, org.springframework.boot.test.json.DuplicateJsonObjectContextCustomizerFactory$DuplicateJsonObjectContextCustomizer@64d2d351, org.springframework.boot.test.mock.mockito.MockitoContextCustomizer@0, org.springframework.boot.test.autoconfigure.properties.PropertyMappingContextCustomizer@0, org.springframework.boot.test.autoconfigure.web.servlet.WebDriverContextCustomizerFactory$Customizer@52aa2946], contextLoader = 'org.springframework.test.context.support.DelegatingSmartContextLoader', parent = [null]]]; transaction manager [org.springframework.orm.jpa.JpaTransactionManager@4ece2750]; rollback [true]
[05/jul/2024 13:43:35] [:] INFO - Rolled back transaction for test: [DefaultTestContext@329af9b1 testClass = Tests, testInstance = org.isf.medicalstock.test.Tests@68a71f5d, testMethod = testIoGetMovementsWithParameters@Tests, testException = [null], mergedContextConfiguration = [MergedContextConfiguration@7535554e testClass = Tests, locations = '{classpath:applicationContext.xml, classpath:applicationContext.xml}', classes = '{}', contextInitializerClasses = '[]', activeProfiles = '{}', propertySourceLocations = '{}', propertySourceProperties = '{}', contextCustomizers = set[org.springframework.boot.test.context.filter.ExcludeFilterContextCustomizer@255b53dc, org.springframework.boot.test.json.DuplicateJsonObjectContextCustomizerFactory$DuplicateJsonObjectContextCustomizer@64d2d351, org.springframework.boot.test.mock.mockito.MockitoContextCustomizer@0, org.springframework.boot.test.autoconfigure.properties.PropertyMappingContextCustomizer@0, org.springframework.boot.test.autoconfigure.web.servlet.WebDriverContextCustomizerFactory$Customizer@52aa2946], contextLoader = 'org.springframework.test.context.support.DelegatingSmartContextLoader', parent = [null]]]
]]></system-out>
  </testcase>
  <testcase name="testMgrGetMovementsCheckMovParameters[Test with AUTOMATICLOT_IN=true, AUTOMATICLOT_OUT=true, AUTOMATICLOTWARD_TOWARD=false]" classname="org.isf.medicalstock.test.Tests" time="0.011">
    <system-out><![CDATA[[05/jul/2024 13:43:35] [:] INFO - Began transaction (1) for test context [DefaultTestContext@329af9b1 testClass = Tests, testInstance = org.isf.medicalstock.test.Tests@921d9f0, testMethod = testMgrGetMovementsCheckMovParameters@Tests, testException = [null], mergedContextConfiguration = [MergedContextConfiguration@7535554e testClass = Tests, locations = '{classpath:applicationContext.xml, classpath:applicationContext.xml}', classes = '{}', contextInitializerClasses = '[]', activeProfiles = '{}', propertySourceLocations = '{}', propertySourceProperties = '{}', contextCustomizers = set[org.springframework.boot.test.context.filter.ExcludeFilterContextCustomizer@255b53dc, org.springframework.boot.test.json.DuplicateJsonObjectContextCustomizerFactory$DuplicateJsonObjectContextCustomizer@64d2d351, org.springframework.boot.test.mock.mockito.MockitoContextCustomizer@0, org.springframework.boot.test.autoconfigure.properties.PropertyMappingContextCustomizer@0, org.springframework.boot.test.autoconfigure.web.servlet.WebDriverContextCustomizerFactory$Customizer@52aa2946], contextLoader = 'org.springframework.test.context.support.DelegatingSmartContextLoader', parent = [null]]]; transaction manager [org.springframework.orm.jpa.JpaTransactionManager@4ece2750]; rollback [true]
[05/jul/2024 13:43:35] [:] INFO - Rolled back transaction for test: [DefaultTestContext@329af9b1 testClass = Tests, testInstance = org.isf.medicalstock.test.Tests@921d9f0, testMethod = testMgrGetMovementsCheckMovParameters@Tests, testException = [null], mergedContextConfiguration = [MergedContextConfiguration@7535554e testClass = Tests, locations = '{classpath:applicationContext.xml, classpath:applicationContext.xml}', classes = '{}', contextInitializerClasses = '[]', activeProfiles = '{}', propertySourceLocations = '{}', propertySourceProperties = '{}', contextCustomizers = set[org.springframework.boot.test.context.filter.ExcludeFilterContextCustomizer@255b53dc, org.springframework.boot.test.json.DuplicateJsonObjectContextCustomizerFactory$DuplicateJsonObjectContextCustomizer@64d2d351, org.springframework.boot.test.mock.mockito.MockitoContextCustomizer@0, org.springframework.boot.test.autoconfigure.properties.PropertyMappingContextCustomizer@0, org.springframework.boot.test.autoconfigure.web.servlet.WebDriverContextCustomizerFactory$Customizer@52aa2946], contextLoader = 'org.springframework.test.context.support.DelegatingSmartContextLoader', parent = [null]]]
]]></system-out>
  </testcase>
  <testcase name="testIoGetMovementForPrintDateOrder[Test with AUTOMATICLOT_IN=true, AUTOMATICLOT_OUT=true, AUTOMATICLOTWARD_TOWARD=false]" classname="org.isf.medicalstock.test.Tests" time="0.008">
    <system-out><![CDATA[[05/jul/2024 13:43:35] [:] INFO - Began transaction (1) for test context [DefaultTestContext@329af9b1 testClass = Tests, testInstance = org.isf.medicalstock.test.Tests@517f103c, testMethod = testIoGetMovementForPrintDateOrder@Tests, testException = [null], mergedContextConfiguration = [MergedContextConfiguration@7535554e testClass = Tests, locations = '{classpath:applicationContext.xml, classpath:applicationContext.xml}', classes = '{}', contextInitializerClasses = '[]', activeProfiles = '{}', propertySourceLocations = '{}', propertySourceProperties = '{}', contextCustomizers = set[org.springframework.boot.test.context.filter.ExcludeFilterContextCustomizer@255b53dc, org.springframework.boot.test.json.DuplicateJsonObjectContextCustomizerFactory$DuplicateJsonObjectContextCustomizer@64d2d351, org.springframework.boot.test.mock.mockito.MockitoContextCustomizer@0, org.springframework.boot.test.autoconfigure.properties.PropertyMappingContextCustomizer@0, org.springframework.boot.test.autoconfigure.web.servlet.WebDriverContextCustomizerFactory$Customizer@52aa2946], contextLoader = 'org.springframework.test.context.support.DelegatingSmartContextLoader', parent = [null]]]; transaction manager [org.springframework.orm.jpa.JpaTransactionManager@4ece2750]; rollback [true]
[05/jul/2024 13:43:35] [:] INFO - Rolled back transaction for test: [DefaultTestContext@329af9b1 testClass = Tests, testInstance = org.isf.medicalstock.test.Tests@517f103c, testMethod = testIoGetMovementForPrintDateOrder@Tests, testException = [null], mergedContextConfiguration = [MergedContextConfiguration@7535554e testClass = Tests, locations = '{classpath:applicationContext.xml, classpath:applicationContext.xml}', classes = '{}', contextInitializerClasses = '[]', activeProfiles = '{}', propertySourceLocations = '{}', propertySourceProperties = '{}', contextCustomizers = set[org.springframework.boot.test.context.filter.ExcludeFilterContextCustomizer@255b53dc, org.springframework.boot.test.json.DuplicateJsonObjectContextCustomizerFactory$DuplicateJsonObjectContextCustomizer@64d2d351, org.springframework.boot.test.mock.mockito.MockitoContextCustomizer@0, org.springframework.boot.test.autoconfigure.properties.PropertyMappingContextCustomizer@0, org.springframework.boot.test.autoconfigure.web.servlet.WebDriverContextCustomizerFactory$Customizer@52aa2946], contextLoader = 'org.springframework.test.context.support.DelegatingSmartContextLoader', parent = [null]]]
]]></system-out>
  </testcase>
  <testcase name="testMovementToString[Test with AUTOMATICLOT_IN=true, AUTOMATICLOT_OUT=true, AUTOMATICLOTWARD_TOWARD=false]" classname="org.isf.medicalstock.test.Tests" time="0.009">
    <system-out><![CDATA[[05/jul/2024 13:43:35] [:] INFO - Began transaction (1) for test context [DefaultTestContext@329af9b1 testClass = Tests, testInstance = org.isf.medicalstock.test.Tests@75cb753d, testMethod = testMovementToString@Tests, testException = [null], mergedContextConfiguration = [MergedContextConfiguration@7535554e testClass = Tests, locations = '{classpath:applicationContext.xml, classpath:applicationContext.xml}', classes = '{}', contextInitializerClasses = '[]', activeProfiles = '{}', propertySourceLocations = '{}', propertySourceProperties = '{}', contextCustomizers = set[org.springframework.boot.test.context.filter.ExcludeFilterContextCustomizer@255b53dc, org.springframework.boot.test.json.DuplicateJsonObjectContextCustomizerFactory$DuplicateJsonObjectContextCustomizer@64d2d351, org.springframework.boot.test.mock.mockito.MockitoContextCustomizer@0, org.springframework.boot.test.autoconfigure.properties.PropertyMappingContextCustomizer@0, org.springframework.boot.test.autoconfigure.web.servlet.WebDriverContextCustomizerFactory$Customizer@52aa2946], contextLoader = 'org.springframework.test.context.support.DelegatingSmartContextLoader', parent = [null]]]; transaction manager [org.springframework.orm.jpa.JpaTransactionManager@4ece2750]; rollback [true]
[05/jul/2024 13:43:35] [:] INFO - Rolled back transaction for test: [DefaultTestContext@329af9b1 testClass = Tests, testInstance = org.isf.medicalstock.test.Tests@75cb753d, testMethod = testMovementToString@Tests, testException = [null], mergedContextConfiguration = [MergedContextConfiguration@7535554e testClass = Tests, locations = '{classpath:applicationContext.xml, classpath:applicationContext.xml}', classes = '{}', contextInitializerClasses = '[]', activeProfiles = '{}', propertySourceLocations = '{}', propertySourceProperties = '{}', contextCustomizers = set[org.springframework.boot.test.context.filter.ExcludeFilterContextCustomizer@255b53dc, org.springframework.boot.test.json.DuplicateJsonObjectContextCustomizerFactory$DuplicateJsonObjectContextCustomizer@64d2d351, org.springframework.boot.test.mock.mockito.MockitoContextCustomizer@0, org.springframework.boot.test.autoconfigure.properties.PropertyMappingContextCustomizer@0, org.springframework.boot.test.autoconfigure.web.servlet.WebDriverContextCustomizerFactory$Customizer@52aa2946], contextLoader = 'org.springframework.test.context.support.DelegatingSmartContextLoader', parent = [null]]]
]]></system-out>
  </testcase>
  <testcase name="testMgrGetMovementsCheckLotPrepParameters[Test with AUTOMATICLOT_IN=true, AUTOMATICLOT_OUT=true, AUTOMATICLOTWARD_TOWARD=false]" classname="org.isf.medicalstock.test.Tests" time="0.013">
    <system-out><![CDATA[[05/jul/2024 13:43:35] [:] INFO - Began transaction (1) for test context [DefaultTestContext@329af9b1 testClass = Tests, testInstance = org.isf.medicalstock.test.Tests@5c6a30b8, testMethod = testMgrGetMovementsCheckLotPrepParameters@Tests, testException = [null], mergedContextConfiguration = [MergedContextConfiguration@7535554e testClass = Tests, locations = '{classpath:applicationContext.xml, classpath:applicationContext.xml}', classes = '{}', contextInitializerClasses = '[]', activeProfiles = '{}', propertySourceLocations = '{}', propertySourceProperties = '{}', contextCustomizers = set[org.springframework.boot.test.context.filter.ExcludeFilterContextCustomizer@255b53dc, org.springframework.boot.test.json.DuplicateJsonObjectContextCustomizerFactory$DuplicateJsonObjectContextCustomizer@64d2d351, org.springframework.boot.test.mock.mockito.MockitoContextCustomizer@0, org.springframework.boot.test.autoconfigure.properties.PropertyMappingContextCustomizer@0, org.springframework.boot.test.autoconfigure.web.servlet.WebDriverContextCustomizerFactory$Customizer@52aa2946], contextLoader = 'org.springframework.test.context.support.DelegatingSmartContextLoader', parent = [null]]]; transaction manager [org.springframework.orm.jpa.JpaTransactionManager@4ece2750]; rollback [true]
[05/jul/2024 13:43:35] [:] INFO - Rolled back transaction for test: [DefaultTestContext@329af9b1 testClass = Tests, testInstance = org.isf.medicalstock.test.Tests@5c6a30b8, testMethod = testMgrGetMovementsCheckLotPrepParameters@Tests, testException = [null], mergedContextConfiguration = [MergedContextConfiguration@7535554e testClass = Tests, locations = '{classpath:applicationContext.xml, classpath:applicationContext.xml}', classes = '{}', contextInitializerClasses = '[]', activeProfiles = '{}', propertySourceLocations = '{}', propertySourceProperties = '{}', contextCustomizers = set[org.springframework.boot.test.context.filter.ExcludeFilterContextCustomizer@255b53dc, org.springframework.boot.test.json.DuplicateJsonObjectContextCustomizerFactory$DuplicateJsonObjectContextCustomizer@64d2d351, org.springframework.boot.test.mock.mockito.MockitoContextCustomizer@0, org.springframework.boot.test.autoconfigure.properties.PropertyMappingContextCustomizer@0, org.springframework.boot.test.autoconfigure.web.servlet.WebDriverContextCustomizerFactory$Customizer@52aa2946], contextLoader = 'org.springframework.test.context.support.DelegatingSmartContextLoader', parent = [null]]]
]]></system-out>
  </testcase>
  <testcase name="testMgrValidateNullMovementType[Test with AUTOMATICLOT_IN=true, AUTOMATICLOT_OUT=true, AUTOMATICLOTWARD_TOWARD=false]" classname="org.isf.medicalstock.test.Tests" time="0.018">
    <system-out><![CDATA[[05/jul/2024 13:43:35] [:] INFO - Began transaction (1) for test context [DefaultTestContext@329af9b1 testClass = Tests, testInstance = org.isf.medicalstock.test.Tests@21679532, testMethod = testMgrValidateNullMovementType@Tests, testException = [null], mergedContextConfiguration = [MergedContextConfiguration@7535554e testClass = Tests, locations = '{classpath:applicationContext.xml, classpath:applicationContext.xml}', classes = '{}', contextInitializerClasses = '[]', activeProfiles = '{}', propertySourceLocations = '{}', propertySourceProperties = '{}', contextCustomizers = set[org.springframework.boot.test.context.filter.ExcludeFilterContextCustomizer@255b53dc, org.springframework.boot.test.json.DuplicateJsonObjectContextCustomizerFactory$DuplicateJsonObjectContextCustomizer@64d2d351, org.springframework.boot.test.mock.mockito.MockitoContextCustomizer@0, org.springframework.boot.test.autoconfigure.properties.PropertyMappingContextCustomizer@0, org.springframework.boot.test.autoconfigure.web.servlet.WebDriverContextCustomizerFactory$Customizer@52aa2946], contextLoader = 'org.springframework.test.context.support.DelegatingSmartContextLoader', parent = [null]]]; transaction manager [org.springframework.orm.jpa.JpaTransactionManager@4ece2750]; rollback [true]
[05/jul/2024 13:43:35] [:] INFO - Rolled back transaction for test: [DefaultTestContext@329af9b1 testClass = Tests, testInstance = org.isf.medicalstock.test.Tests@21679532, testMethod = testMgrValidateNullMovementType@Tests, testException = [null], mergedContextConfiguration = [MergedContextConfiguration@7535554e testClass = Tests, locations = '{classpath:applicationContext.xml, classpath:applicationContext.xml}', classes = '{}', contextInitializerClasses = '[]', activeProfiles = '{}', propertySourceLocations = '{}', propertySourceProperties = '{}', contextCustomizers = set[org.springframework.boot.test.context.filter.ExcludeFilterContextCustomizer@255b53dc, org.springframework.boot.test.json.DuplicateJsonObjectContextCustomizerFactory$DuplicateJsonObjectContextCustomizer@64d2d351, org.springframework.boot.test.mock.mockito.MockitoContextCustomizer@0, org.springframework.boot.test.autoconfigure.properties.PropertyMappingContextCustomizer@0, org.springframework.boot.test.autoconfigure.web.servlet.WebDriverContextCustomizerFactory$Customizer@52aa2946], contextLoader = 'org.springframework.test.context.support.DelegatingSmartContextLoader', parent = [null]]]
]]></system-out>
  </testcase>
  <testcase name="testMgrGetMovementsCheckLotDueParameters[Test with AUTOMATICLOT_IN=true, AUTOMATICLOT_OUT=true, AUTOMATICLOTWARD_TOWARD=false]" classname="org.isf.medicalstock.test.Tests" time="0.011">
    <system-out><![CDATA[[05/jul/2024 13:43:35] [:] INFO - Began transaction (1) for test context [DefaultTestContext@329af9b1 testClass = Tests, testInstance = org.isf.medicalstock.test.Tests@6453af4b, testMethod = testMgrGetMovementsCheckLotDueParameters@Tests, testException = [null], mergedContextConfiguration = [MergedContextConfiguration@7535554e testClass = Tests, locations = '{classpath:applicationContext.xml, classpath:applicationContext.xml}', classes = '{}', contextInitializerClasses = '[]', activeProfiles = '{}', propertySourceLocations = '{}', propertySourceProperties = '{}', contextCustomizers = set[org.springframework.boot.test.context.filter.ExcludeFilterContextCustomizer@255b53dc, org.springframework.boot.test.json.DuplicateJsonObjectContextCustomizerFactory$DuplicateJsonObjectContextCustomizer@64d2d351, org.springframework.boot.test.mock.mockito.MockitoContextCustomizer@0, org.springframework.boot.test.autoconfigure.properties.PropertyMappingContextCustomizer@0, org.springframework.boot.test.autoconfigure.web.servlet.WebDriverContextCustomizerFactory$Customizer@52aa2946], contextLoader = 'org.springframework.test.context.support.DelegatingSmartContextLoader', parent = [null]]]; transaction manager [org.springframework.orm.jpa.JpaTransactionManager@4ece2750]; rollback [true]
[05/jul/2024 13:43:35] [:] INFO - Rolled back transaction for test: [DefaultTestContext@329af9b1 testClass = Tests, testInstance = org.isf.medicalstock.test.Tests@6453af4b, testMethod = testMgrGetMovementsCheckLotDueParameters@Tests, testException = [null], mergedContextConfiguration = [MergedContextConfiguration@7535554e testClass = Tests, locations = '{classpath:applicationContext.xml, classpath:applicationContext.xml}', classes = '{}', contextInitializerClasses = '[]', activeProfiles = '{}', propertySourceLocations = '{}', propertySourceProperties = '{}', contextCustomizers = set[org.springframework.boot.test.context.filter.ExcludeFilterContextCustomizer@255b53dc, org.springframework.boot.test.json.DuplicateJsonObjectContextCustomizerFactory$DuplicateJsonObjectContextCustomizer@64d2d351, org.springframework.boot.test.mock.mockito.MockitoContextCustomizer@0, org.springframework.boot.test.autoconfigure.properties.PropertyMappingContextCustomizer@0, org.springframework.boot.test.autoconfigure.web.servlet.WebDriverContextCustomizerFactory$Customizer@52aa2946], contextLoader = 'org.springframework.test.context.support.DelegatingSmartContextLoader', parent = [null]]]
]]></system-out>
  </testcase>
  <testcase name="testLotHashCode[Test with AUTOMATICLOT_IN=true, AUTOMATICLOT_OUT=true, AUTOMATICLOTWARD_TOWARD=false]" classname="org.isf.medicalstock.test.Tests" time="0.004">
    <system-out><![CDATA[[05/jul/2024 13:43:35] [:] INFO - Began transaction (1) for test context [DefaultTestContext@329af9b1 testClass = Tests, testInstance = org.isf.medicalstock.test.Tests@4debccfe, testMethod = testLotHashCode@Tests, testException = [null], mergedContextConfiguration = [MergedContextConfiguration@7535554e testClass = Tests, locations = '{classpath:applicationContext.xml, classpath:applicationContext.xml}', classes = '{}', contextInitializerClasses = '[]', activeProfiles = '{}', propertySourceLocations = '{}', propertySourceProperties = '{}', contextCustomizers = set[org.springframework.boot.test.context.filter.ExcludeFilterContextCustomizer@255b53dc, org.springframework.boot.test.json.DuplicateJsonObjectContextCustomizerFactory$DuplicateJsonObjectContextCustomizer@64d2d351, org.springframework.boot.test.mock.mockito.MockitoContextCustomizer@0, org.springframework.boot.test.autoconfigure.properties.PropertyMappingContextCustomizer@0, org.springframework.boot.test.autoconfigure.web.servlet.WebDriverContextCustomizerFactory$Customizer@52aa2946], contextLoader = 'org.springframework.test.context.support.DelegatingSmartContextLoader', parent = [null]]]; transaction manager [org.springframework.orm.jpa.JpaTransactionManager@4ece2750]; rollback [true]
[05/jul/2024 13:43:35] [:] INFO - Rolled back transaction for test: [DefaultTestContext@329af9b1 testClass = Tests, testInstance = org.isf.medicalstock.test.Tests@4debccfe, testMethod = testLotHashCode@Tests, testException = [null], mergedContextConfiguration = [MergedContextConfiguration@7535554e testClass = Tests, locations = '{classpath:applicationContext.xml, classpath:applicationContext.xml}', classes = '{}', contextInitializerClasses = '[]', activeProfiles = '{}', propertySourceLocations = '{}', propertySourceProperties = '{}', contextCustomizers = set[org.springframework.boot.test.context.filter.ExcludeFilterContextCustomizer@255b53dc, org.springframework.boot.test.json.DuplicateJsonObjectContextCustomizerFactory$DuplicateJsonObjectContextCustomizer@64d2d351, org.springframework.boot.test.mock.mockito.MockitoContextCustomizer@0, org.springframework.boot.test.autoconfigure.properties.PropertyMappingContextCustomizer@0, org.springframework.boot.test.autoconfigure.web.servlet.WebDriverContextCustomizerFactory$Customizer@52aa2946], contextLoader = 'org.springframework.test.context.support.DelegatingSmartContextLoader', parent = [null]]]
]]></system-out>
  </testcase>
  <testcase name="testLotIsValidLot[Test with AUTOMATICLOT_IN=true, AUTOMATICLOT_OUT=true, AUTOMATICLOTWARD_TOWARD=false]" classname="org.isf.medicalstock.test.Tests" time="0.009">
    <system-out><![CDATA[[05/jul/2024 13:43:35] [:] INFO - Began transaction (1) for test context [DefaultTestContext@329af9b1 testClass = Tests, testInstance = org.isf.medicalstock.test.Tests@3f4d1f64, testMethod = testLotIsValidLot@Tests, testException = [null], mergedContextConfiguration = [MergedContextConfiguration@7535554e testClass = Tests, locations = '{classpath:applicationContext.xml, classpath:applicationContext.xml}', classes = '{}', contextInitializerClasses = '[]', activeProfiles = '{}', propertySourceLocations = '{}', propertySourceProperties = '{}', contextCustomizers = set[org.springframework.boot.test.context.filter.ExcludeFilterContextCustomizer@255b53dc, org.springframework.boot.test.json.DuplicateJsonObjectContextCustomizerFactory$DuplicateJsonObjectContextCustomizer@64d2d351, org.springframework.boot.test.mock.mockito.MockitoContextCustomizer@0, org.springframework.boot.test.autoconfigure.properties.PropertyMappingContextCustomizer@0, org.springframework.boot.test.autoconfigure.web.servlet.WebDriverContextCustomizerFactory$Customizer@52aa2946], contextLoader = 'org.springframework.test.context.support.DelegatingSmartContextLoader', parent = [null]]]; transaction manager [org.springframework.orm.jpa.JpaTransactionManager@4ece2750]; rollback [true]
[05/jul/2024 13:43:35] [:] INFO - Rolled back transaction for test: [DefaultTestContext@329af9b1 testClass = Tests, testInstance = org.isf.medicalstock.test.Tests@3f4d1f64, testMethod = testLotIsValidLot@Tests, testException = [null], mergedContextConfiguration = [MergedContextConfiguration@7535554e testClass = Tests, locations = '{classpath:applicationContext.xml, classpath:applicationContext.xml}', classes = '{}', contextInitializerClasses = '[]', activeProfiles = '{}', propertySourceLocations = '{}', propertySourceProperties = '{}', contextCustomizers = set[org.springframework.boot.test.context.filter.ExcludeFilterContextCustomizer@255b53dc, org.springframework.boot.test.json.DuplicateJsonObjectContextCustomizerFactory$DuplicateJsonObjectContextCustomizer@64d2d351, org.springframework.boot.test.mock.mockito.MockitoContextCustomizer@0, org.springframework.boot.test.autoconfigure.properties.PropertyMappingContextCustomizer@0, org.springframework.boot.test.autoconfigure.web.servlet.WebDriverContextCustomizerFactory$Customizer@52aa2946], contextLoader = 'org.springframework.test.context.support.DelegatingSmartContextLoader', parent = [null]]]
]]></system-out>
  </testcase>
  <testcase name="testMgrGetLotsByMedical[Test with AUTOMATICLOT_IN=true, AUTOMATICLOT_OUT=true, AUTOMATICLOTWARD_TOWARD=false]" classname="org.isf.medicalstock.test.Tests" time="0.014">
    <system-out><![CDATA[[05/jul/2024 13:43:35] [:] INFO - Began transaction (1) for test context [DefaultTestContext@329af9b1 testClass = Tests, testInstance = org.isf.medicalstock.test.Tests@1c45f2a9, testMethod = testMgrGetLotsByMedical@Tests, testException = [null], mergedContextConfiguration = [MergedContextConfiguration@7535554e testClass = Tests, locations = '{classpath:applicationContext.xml, classpath:applicationContext.xml}', classes = '{}', contextInitializerClasses = '[]', activeProfiles = '{}', propertySourceLocations = '{}', propertySourceProperties = '{}', contextCustomizers = set[org.springframework.boot.test.context.filter.ExcludeFilterContextCustomizer@255b53dc, org.springframework.boot.test.json.DuplicateJsonObjectContextCustomizerFactory$DuplicateJsonObjectContextCustomizer@64d2d351, org.springframework.boot.test.mock.mockito.MockitoContextCustomizer@0, org.springframework.boot.test.autoconfigure.properties.PropertyMappingContextCustomizer@0, org.springframework.boot.test.autoconfigure.web.servlet.WebDriverContextCustomizerFactory$Customizer@52aa2946], contextLoader = 'org.springframework.test.context.support.DelegatingSmartContextLoader', parent = [null]]]; transaction manager [org.springframework.orm.jpa.JpaTransactionManager@4ece2750]; rollback [true]
[05/jul/2024 13:43:35] [:] INFO - Rolled back transaction for test: [DefaultTestContext@329af9b1 testClass = Tests, testInstance = org.isf.medicalstock.test.Tests@1c45f2a9, testMethod = testMgrGetLotsByMedical@Tests, testException = [null], mergedContextConfiguration = [MergedContextConfiguration@7535554e testClass = Tests, locations = '{classpath:applicationContext.xml, classpath:applicationContext.xml}', classes = '{}', contextInitializerClasses = '[]', activeProfiles = '{}', propertySourceLocations = '{}', propertySourceProperties = '{}', contextCustomizers = set[org.springframework.boot.test.context.filter.ExcludeFilterContextCustomizer@255b53dc, org.springframework.boot.test.json.DuplicateJsonObjectContextCustomizerFactory$DuplicateJsonObjectContextCustomizer@64d2d351, org.springframework.boot.test.mock.mockito.MockitoContextCustomizer@0, org.springframework.boot.test.autoconfigure.properties.PropertyMappingContextCustomizer@0, org.springframework.boot.test.autoconfigure.web.servlet.WebDriverContextCustomizerFactory$Customizer@52aa2946], contextLoader = 'org.springframework.test.context.support.DelegatingSmartContextLoader', parent = [null]]]
]]></system-out>
  </testcase>
  <testcase name="testIoRefNoExists[Test with AUTOMATICLOT_IN=true, AUTOMATICLOT_OUT=true, AUTOMATICLOTWARD_TOWARD=false]" classname="org.isf.medicalstock.test.Tests" time="0.011">
    <system-out><![CDATA[[05/jul/2024 13:43:35] [:] INFO - Began transaction (1) for test context [DefaultTestContext@329af9b1 testClass = Tests, testInstance = org.isf.medicalstock.test.Tests@145061d7, testMethod = testIoRefNoExists@Tests, testException = [null], mergedContextConfiguration = [MergedContextConfiguration@7535554e testClass = Tests, locations = '{classpath:applicationContext.xml, classpath:applicationContext.xml}', classes = '{}', contextInitializerClasses = '[]', activeProfiles = '{}', propertySourceLocations = '{}', propertySourceProperties = '{}', contextCustomizers = set[org.springframework.boot.test.context.filter.ExcludeFilterContextCustomizer@255b53dc, org.springframework.boot.test.json.DuplicateJsonObjectContextCustomizerFactory$DuplicateJsonObjectContextCustomizer@64d2d351, org.springframework.boot.test.mock.mockito.MockitoContextCustomizer@0, org.springframework.boot.test.autoconfigure.properties.PropertyMappingContextCustomizer@0, org.springframework.boot.test.autoconfigure.web.servlet.WebDriverContextCustomizerFactory$Customizer@52aa2946], contextLoader = 'org.springframework.test.context.support.DelegatingSmartContextLoader', parent = [null]]]; transaction manager [org.springframework.orm.jpa.JpaTransactionManager@4ece2750]; rollback [true]
[05/jul/2024 13:43:35] [:] INFO - Rolled back transaction for test: [DefaultTestContext@329af9b1 testClass = Tests, testInstance = org.isf.medicalstock.test.Tests@145061d7, testMethod = testIoRefNoExists@Tests, testException = [null], mergedContextConfiguration = [MergedContextConfiguration@7535554e testClass = Tests, locations = '{classpath:applicationContext.xml, classpath:applicationContext.xml}', classes = '{}', contextInitializerClasses = '[]', activeProfiles = '{}', propertySourceLocations = '{}', propertySourceProperties = '{}', contextCustomizers = set[org.springframework.boot.test.context.filter.ExcludeFilterContextCustomizer@255b53dc, org.springframework.boot.test.json.DuplicateJsonObjectContextCustomizerFactory$DuplicateJsonObjectContextCustomizer@64d2d351, org.springframework.boot.test.mock.mockito.MockitoContextCustomizer@0, org.springframework.boot.test.autoconfigure.properties.PropertyMappingContextCustomizer@0, org.springframework.boot.test.autoconfigure.web.servlet.WebDriverContextCustomizerFactory$Customizer@52aa2946], contextLoader = 'org.springframework.test.context.support.DelegatingSmartContextLoader', parent = [null]]]
]]></system-out>
  </testcase>
  <testcase name="testIoGetLotsByMedical[Test with AUTOMATICLOT_IN=true, AUTOMATICLOT_OUT=true, AUTOMATICLOTWARD_TOWARD=false]" classname="org.isf.medicalstock.test.Tests" time="0.013">
    <system-out><![CDATA[[05/jul/2024 13:43:35] [:] INFO - Began transaction (1) for test context [DefaultTestContext@329af9b1 testClass = Tests, testInstance = org.isf.medicalstock.test.Tests@441e3075, testMethod = testIoGetLotsByMedical@Tests, testException = [null], mergedContextConfiguration = [MergedContextConfiguration@7535554e testClass = Tests, locations = '{classpath:applicationContext.xml, classpath:applicationContext.xml}', classes = '{}', contextInitializerClasses = '[]', activeProfiles = '{}', propertySourceLocations = '{}', propertySourceProperties = '{}', contextCustomizers = set[org.springframework.boot.test.context.filter.ExcludeFilterContextCustomizer@255b53dc, org.springframework.boot.test.json.DuplicateJsonObjectContextCustomizerFactory$DuplicateJsonObjectContextCustomizer@64d2d351, org.springframework.boot.test.mock.mockito.MockitoContextCustomizer@0, org.springframework.boot.test.autoconfigure.properties.PropertyMappingContextCustomizer@0, org.springframework.boot.test.autoconfigure.web.servlet.WebDriverContextCustomizerFactory$Customizer@52aa2946], contextLoader = 'org.springframework.test.context.support.DelegatingSmartContextLoader', parent = [null]]]; transaction manager [org.springframework.orm.jpa.JpaTransactionManager@4ece2750]; rollback [true]
[05/jul/2024 13:43:35] [:] INFO - Rolled back transaction for test: [DefaultTestContext@329af9b1 testClass = Tests, testInstance = org.isf.medicalstock.test.Tests@441e3075, testMethod = testIoGetLotsByMedical@Tests, testException = [null], mergedContextConfiguration = [MergedContextConfiguration@7535554e testClass = Tests, locations = '{classpath:applicationContext.xml, classpath:applicationContext.xml}', classes = '{}', contextInitializerClasses = '[]', activeProfiles = '{}', propertySourceLocations = '{}', propertySourceProperties = '{}', contextCustomizers = set[org.springframework.boot.test.context.filter.ExcludeFilterContextCustomizer@255b53dc, org.springframework.boot.test.json.DuplicateJsonObjectContextCustomizerFactory$DuplicateJsonObjectContextCustomizer@64d2d351, org.springframework.boot.test.mock.mockito.MockitoContextCustomizer@0, org.springframework.boot.test.autoconfigure.properties.PropertyMappingContextCustomizer@0, org.springframework.boot.test.autoconfigure.web.servlet.WebDriverContextCustomizerFactory$Customizer@52aa2946], contextLoader = 'org.springframework.test.context.support.DelegatingSmartContextLoader', parent = [null]]]
]]></system-out>
  </testcase>
  <testcase name="testIoNewAutomaticDischargingMovement[Test with AUTOMATICLOT_IN=true, AUTOMATICLOT_OUT=true, AUTOMATICLOTWARD_TOWARD=false]" classname="org.isf.medicalstock.test.Tests" time="0.012">
    <system-out><![CDATA[[05/jul/2024 13:43:35] [:] INFO - Began transaction (1) for test context [DefaultTestContext@329af9b1 testClass = Tests, testInstance = org.isf.medicalstock.test.Tests@7281f9dd, testMethod = testIoNewAutomaticDischargingMovement@Tests, testException = [null], mergedContextConfiguration = [MergedContextConfiguration@7535554e testClass = Tests, locations = '{classpath:applicationContext.xml, classpath:applicationContext.xml}', classes = '{}', contextInitializerClasses = '[]', activeProfiles = '{}', propertySourceLocations = '{}', propertySourceProperties = '{}', contextCustomizers = set[org.springframework.boot.test.context.filter.ExcludeFilterContextCustomizer@255b53dc, org.springframework.boot.test.json.DuplicateJsonObjectContextCustomizerFactory$DuplicateJsonObjectContextCustomizer@64d2d351, org.springframework.boot.test.mock.mockito.MockitoContextCustomizer@0, org.springframework.boot.test.autoconfigure.properties.PropertyMappingContextCustomizer@0, org.springframework.boot.test.autoconfigure.web.servlet.WebDriverContextCustomizerFactory$Customizer@52aa2946], contextLoader = 'org.springframework.test.context.support.DelegatingSmartContextLoader', parent = [null]]]; transaction manager [org.springframework.orm.jpa.JpaTransactionManager@4ece2750]; rollback [true]
[05/jul/2024 13:43:35] [:] INFO - Rolled back transaction for test: [DefaultTestContext@329af9b1 testClass = Tests, testInstance = org.isf.medicalstock.test.Tests@7281f9dd, testMethod = testIoNewAutomaticDischargingMovement@Tests, testException = [null], mergedContextConfiguration = [MergedContextConfiguration@7535554e testClass = Tests, locations = '{classpath:applicationContext.xml, classpath:applicationContext.xml}', classes = '{}', contextInitializerClasses = '[]', activeProfiles = '{}', propertySourceLocations = '{}', propertySourceProperties = '{}', contextCustomizers = set[org.springframework.boot.test.context.filter.ExcludeFilterContextCustomizer@255b53dc, org.springframework.boot.test.json.DuplicateJsonObjectContextCustomizerFactory$DuplicateJsonObjectContextCustomizer@64d2d351, org.springframework.boot.test.mock.mockito.MockitoContextCustomizer@0, org.springframework.boot.test.autoconfigure.properties.PropertyMappingContextCustomizer@0, org.springframework.boot.test.autoconfigure.web.servlet.WebDriverContextCustomizerFactory$Customizer@52aa2946], contextLoader = 'org.springframework.test.context.support.DelegatingSmartContextLoader', parent = [null]]]
]]></system-out>
  </testcase>
  <testcase name="testIoGetMovementForPrintTypeOrder[Test with AUTOMATICLOT_IN=true, AUTOMATICLOT_OUT=true, AUTOMATICLOTWARD_TOWARD=false]" classname="org.isf.medicalstock.test.Tests" time="0.015">
    <system-out><![CDATA[[05/jul/2024 13:43:35] [:] INFO - Began transaction (1) for test context [DefaultTestContext@329af9b1 testClass = Tests, testInstance = org.isf.medicalstock.test.Tests@3c9929cc, testMethod = testIoGetMovementForPrintTypeOrder@Tests, testException = [null], mergedContextConfiguration = [MergedContextConfiguration@7535554e testClass = Tests, locations = '{classpath:applicationContext.xml, classpath:applicationContext.xml}', classes = '{}', contextInitializerClasses = '[]', activeProfiles = '{}', propertySourceLocations = '{}', propertySourceProperties = '{}', contextCustomizers = set[org.springframework.boot.test.context.filter.ExcludeFilterContextCustomizer@255b53dc, org.springframework.boot.test.json.DuplicateJsonObjectContextCustomizerFactory$DuplicateJsonObjectContextCustomizer@64d2d351, org.springframework.boot.test.mock.mockito.MockitoContextCustomizer@0, org.springframework.boot.test.autoconfigure.properties.PropertyMappingContextCustomizer@0, org.springframework.boot.test.autoconfigure.web.servlet.WebDriverContextCustomizerFactory$Customizer@52aa2946], contextLoader = 'org.springframework.test.context.support.DelegatingSmartContextLoader', parent = [null]]]; transaction manager [org.springframework.orm.jpa.JpaTransactionManager@4ece2750]; rollback [true]
[05/jul/2024 13:43:35] [:] INFO - Rolled back transaction for test: [DefaultTestContext@329af9b1 testClass = Tests, testInstance = org.isf.medicalstock.test.Tests@3c9929cc, testMethod = testIoGetMovementForPrintTypeOrder@Tests, testException = [null], mergedContextConfiguration = [MergedContextConfiguration@7535554e testClass = Tests, locations = '{classpath:applicationContext.xml, classpath:applicationContext.xml}', classes = '{}', contextInitializerClasses = '[]', activeProfiles = '{}', propertySourceLocations = '{}', propertySourceProperties = '{}', contextCustomizers = set[org.springframework.boot.test.context.filter.ExcludeFilterContextCustomizer@255b53dc, org.springframework.boot.test.json.DuplicateJsonObjectContextCustomizerFactory$DuplicateJsonObjectContextCustomizer@64d2d351, org.springframework.boot.test.mock.mockito.MockitoContextCustomizer@0, org.springframework.boot.test.autoconfigure.properties.PropertyMappingContextCustomizer@0, org.springframework.boot.test.autoconfigure.web.servlet.WebDriverContextCustomizerFactory$Customizer@52aa2946], contextLoader = 'org.springframework.test.context.support.DelegatingSmartContextLoader', parent = [null]]]
]]></system-out>
  </testcase>
  <testcase name="testMgrValidateLotPrepationDateNull[Test with AUTOMATICLOT_IN=true, AUTOMATICLOT_OUT=true, AUTOMATICLOTWARD_TOWARD=false]" classname="org.isf.medicalstock.test.Tests" time="0.017">
    <system-out><![CDATA[[05/jul/2024 13:43:35] [:] INFO - Began transaction (1) for test context [DefaultTestContext@329af9b1 testClass = Tests, testInstance = org.isf.medicalstock.test.Tests@38d19e63, testMethod = testMgrValidateLotPrepationDateNull@Tests, testException = [null], mergedContextConfiguration = [MergedContextConfiguration@7535554e testClass = Tests, locations = '{classpath:applicationContext.xml, classpath:applicationContext.xml}', classes = '{}', contextInitializerClasses = '[]', activeProfiles = '{}', propertySourceLocations = '{}', propertySourceProperties = '{}', contextCustomizers = set[org.springframework.boot.test.context.filter.ExcludeFilterContextCustomizer@255b53dc, org.springframework.boot.test.json.DuplicateJsonObjectContextCustomizerFactory$DuplicateJsonObjectContextCustomizer@64d2d351, org.springframework.boot.test.mock.mockito.MockitoContextCustomizer@0, org.springframework.boot.test.autoconfigure.properties.PropertyMappingContextCustomizer@0, org.springframework.boot.test.autoconfigure.web.servlet.WebDriverContextCustomizerFactory$Customizer@52aa2946], contextLoader = 'org.springframework.test.context.support.DelegatingSmartContextLoader', parent = [null]]]; transaction manager [org.springframework.orm.jpa.JpaTransactionManager@4ece2750]; rollback [true]
[05/jul/2024 13:43:35] [:] INFO - Rolled back transaction for test: [DefaultTestContext@329af9b1 testClass = Tests, testInstance = org.isf.medicalstock.test.Tests@38d19e63, testMethod = testMgrValidateLotPrepationDateNull@Tests, testException = [null], mergedContextConfiguration = [MergedContextConfiguration@7535554e testClass = Tests, locations = '{classpath:applicationContext.xml, classpath:applicationContext.xml}', classes = '{}', contextInitializerClasses = '[]', activeProfiles = '{}', propertySourceLocations = '{}', propertySourceProperties = '{}', contextCustomizers = set[org.springframework.boot.test.context.filter.ExcludeFilterContextCustomizer@255b53dc, org.springframework.boot.test.json.DuplicateJsonObjectContextCustomizerFactory$DuplicateJsonObjectContextCustomizer@64d2d351, org.springframework.boot.test.mock.mockito.MockitoContextCustomizer@0, org.springframework.boot.test.autoconfigure.properties.PropertyMappingContextCustomizer@0, org.springframework.boot.test.autoconfigure.web.servlet.WebDriverContextCustomizerFactory$Customizer@52aa2946], contextLoader = 'org.springframework.test.context.support.DelegatingSmartContextLoader', parent = [null]]]
]]></system-out>
  </testcase>
  <testcase name="testIoNewMovementAutomaticLotMode[Test with AUTOMATICLOT_IN=true, AUTOMATICLOT_OUT=true, AUTOMATICLOTWARD_TOWARD=false]" classname="org.isf.medicalstock.test.Tests" time="0.006">
    <system-out><![CDATA[[05/jul/2024 13:43:35] [:] INFO - Began transaction (1) for test context [DefaultTestContext@329af9b1 testClass = Tests, testInstance = org.isf.medicalstock.test.Tests@69d329fe, testMethod = testIoNewMovementAutomaticLotMode@Tests, testException = [null], mergedContextConfiguration = [MergedContextConfiguration@7535554e testClass = Tests, locations = '{classpath:applicationContext.xml, classpath:applicationContext.xml}', classes = '{}', contextInitializerClasses = '[]', activeProfiles = '{}', propertySourceLocations = '{}', propertySourceProperties = '{}', contextCustomizers = set[org.springframework.boot.test.context.filter.ExcludeFilterContextCustomizer@255b53dc, org.springframework.boot.test.json.DuplicateJsonObjectContextCustomizerFactory$DuplicateJsonObjectContextCustomizer@64d2d351, org.springframework.boot.test.mock.mockito.MockitoContextCustomizer@0, org.springframework.boot.test.autoconfigure.properties.PropertyMappingContextCustomizer@0, org.springframework.boot.test.autoconfigure.web.servlet.WebDriverContextCustomizerFactory$Customizer@52aa2946], contextLoader = 'org.springframework.test.context.support.DelegatingSmartContextLoader', parent = [null]]]; transaction manager [org.springframework.orm.jpa.JpaTransactionManager@4ece2750]; rollback [true]
[05/jul/2024 13:43:35] [:] INFO - Rolled back transaction for test: [DefaultTestContext@329af9b1 testClass = Tests, testInstance = org.isf.medicalstock.test.Tests@69d329fe, testMethod = testIoNewMovementAutomaticLotMode@Tests, testException = [null], mergedContextConfiguration = [MergedContextConfiguration@7535554e testClass = Tests, locations = '{classpath:applicationContext.xml, classpath:applicationContext.xml}', classes = '{}', contextInitializerClasses = '[]', activeProfiles = '{}', propertySourceLocations = '{}', propertySourceProperties = '{}', contextCustomizers = set[org.springframework.boot.test.context.filter.ExcludeFilterContextCustomizer@255b53dc, org.springframework.boot.test.json.DuplicateJsonObjectContextCustomizerFactory$DuplicateJsonObjectContextCustomizer@64d2d351, org.springframework.boot.test.mock.mockito.MockitoContextCustomizer@0, org.springframework.boot.test.autoconfigure.properties.PropertyMappingContextCustomizer@0, org.springframework.boot.test.autoconfigure.web.servlet.WebDriverContextCustomizerFactory$Customizer@52aa2946], contextLoader = 'org.springframework.test.context.support.DelegatingSmartContextLoader', parent = [null]]]
]]></system-out>
  </testcase>
  <testcase name="testMgrStoreLot[Test with AUTOMATICLOT_IN=true, AUTOMATICLOT_OUT=true, AUTOMATICLOTWARD_TOWARD=false]" classname="org.isf.medicalstock.test.Tests" time="0.011">
    <system-out><![CDATA[[05/jul/2024 13:43:35] [:] INFO - Began transaction (1) for test context [DefaultTestContext@329af9b1 testClass = Tests, testInstance = org.isf.medicalstock.test.Tests@15c938f5, testMethod = testMgrStoreLot@Tests, testException = [null], mergedContextConfiguration = [MergedContextConfiguration@7535554e testClass = Tests, locations = '{classpath:applicationContext.xml, classpath:applicationContext.xml}', classes = '{}', contextInitializerClasses = '[]', activeProfiles = '{}', propertySourceLocations = '{}', propertySourceProperties = '{}', contextCustomizers = set[org.springframework.boot.test.context.filter.ExcludeFilterContextCustomizer@255b53dc, org.springframework.boot.test.json.DuplicateJsonObjectContextCustomizerFactory$DuplicateJsonObjectContextCustomizer@64d2d351, org.springframework.boot.test.mock.mockito.MockitoContextCustomizer@0, org.springframework.boot.test.autoconfigure.properties.PropertyMappingContextCustomizer@0, org.springframework.boot.test.autoconfigure.web.servlet.WebDriverContextCustomizerFactory$Customizer@52aa2946], contextLoader = 'org.springframework.test.context.support.DelegatingSmartContextLoader', parent = [null]]]; transaction manager [org.springframework.orm.jpa.JpaTransactionManager@4ece2750]; rollback [true]
[05/jul/2024 13:43:35] [:] INFO - Rolled back transaction for test: [DefaultTestContext@329af9b1 testClass = Tests, testInstance = org.isf.medicalstock.test.Tests@15c938f5, testMethod = testMgrStoreLot@Tests, testException = [null], mergedContextConfiguration = [MergedContextConfiguration@7535554e testClass = Tests, locations = '{classpath:applicationContext.xml, classpath:applicationContext.xml}', classes = '{}', contextInitializerClasses = '[]', activeProfiles = '{}', propertySourceLocations = '{}', propertySourceProperties = '{}', contextCustomizers = set[org.springframework.boot.test.context.filter.ExcludeFilterContextCustomizer@255b53dc, org.springframework.boot.test.json.DuplicateJsonObjectContextCustomizerFactory$DuplicateJsonObjectContextCustomizer@64d2d351, org.springframework.boot.test.mock.mockito.MockitoContextCustomizer@0, org.springframework.boot.test.autoconfigure.properties.PropertyMappingContextCustomizer@0, org.springframework.boot.test.autoconfigure.web.servlet.WebDriverContextCustomizerFactory$Customizer@52aa2946], contextLoader = 'org.springframework.test.context.support.DelegatingSmartContextLoader', parent = [null]]]
]]></system-out>
  </testcase>
  <testcase name="testLotGets[Test with AUTOMATICLOT_IN=true, AUTOMATICLOT_OUT=true, AUTOMATICLOTWARD_TOWARD=false]" classname="org.isf.medicalstock.test.Tests" time="0.012">
    <system-out><![CDATA[[05/jul/2024 13:43:35] [:] INFO - Began transaction (1) for test context [DefaultTestContext@329af9b1 testClass = Tests, testInstance = org.isf.medicalstock.test.Tests@635477ae, testMethod = testLotGets@Tests, testException = [null], mergedContextConfiguration = [MergedContextConfiguration@7535554e testClass = Tests, locations = '{classpath:applicationContext.xml, classpath:applicationContext.xml}', classes = '{}', contextInitializerClasses = '[]', activeProfiles = '{}', propertySourceLocations = '{}', propertySourceProperties = '{}', contextCustomizers = set[org.springframework.boot.test.context.filter.ExcludeFilterContextCustomizer@255b53dc, org.springframework.boot.test.json.DuplicateJsonObjectContextCustomizerFactory$DuplicateJsonObjectContextCustomizer@64d2d351, org.springframework.boot.test.mock.mockito.MockitoContextCustomizer@0, org.springframework.boot.test.autoconfigure.properties.PropertyMappingContextCustomizer@0, org.springframework.boot.test.autoconfigure.web.servlet.WebDriverContextCustomizerFactory$Customizer@52aa2946], contextLoader = 'org.springframework.test.context.support.DelegatingSmartContextLoader', parent = [null]]]; transaction manager [org.springframework.orm.jpa.JpaTransactionManager@4ece2750]; rollback [true]
[05/jul/2024 13:43:35] [:] INFO - Rolled back transaction for test: [DefaultTestContext@329af9b1 testClass = Tests, testInstance = org.isf.medicalstock.test.Tests@635477ae, testMethod = testLotGets@Tests, testException = [null], mergedContextConfiguration = [MergedContextConfiguration@7535554e testClass = Tests, locations = '{classpath:applicationContext.xml, classpath:applicationContext.xml}', classes = '{}', contextInitializerClasses = '[]', activeProfiles = '{}', propertySourceLocations = '{}', propertySourceProperties = '{}', contextCustomizers = set[org.springframework.boot.test.context.filter.ExcludeFilterContextCustomizer@255b53dc, org.springframework.boot.test.json.DuplicateJsonObjectContextCustomizerFactory$DuplicateJsonObjectContextCustomizer@64d2d351, org.springframework.boot.test.mock.mockito.MockitoContextCustomizer@0, org.springframework.boot.test.autoconfigure.properties.PropertyMappingContextCustomizer@0, org.springframework.boot.test.autoconfigure.web.servlet.WebDriverContextCustomizerFactory$Customizer@52aa2946], contextLoader = 'org.springframework.test.context.support.DelegatingSmartContextLoader', parent = [null]]]
]]></system-out>
  </testcase>
  <testcase name="testLotSets[Test with AUTOMATICLOT_IN=true, AUTOMATICLOT_OUT=true, AUTOMATICLOTWARD_TOWARD=false]" classname="org.isf.medicalstock.test.Tests" time="0.01">
    <system-out><![CDATA[[05/jul/2024 13:43:35] [:] INFO - Began transaction (1) for test context [DefaultTestContext@329af9b1 testClass = Tests, testInstance = org.isf.medicalstock.test.Tests@21175263, testMethod = testLotSets@Tests, testException = [null], mergedContextConfiguration = [MergedContextConfiguration@7535554e testClass = Tests, locations = '{classpath:applicationContext.xml, classpath:applicationContext.xml}', classes = '{}', contextInitializerClasses = '[]', activeProfiles = '{}', propertySourceLocations = '{}', propertySourceProperties = '{}', contextCustomizers = set[org.springframework.boot.test.context.filter.ExcludeFilterContextCustomizer@255b53dc, org.springframework.boot.test.json.DuplicateJsonObjectContextCustomizerFactory$DuplicateJsonObjectContextCustomizer@64d2d351, org.springframework.boot.test.mock.mockito.MockitoContextCustomizer@0, org.springframework.boot.test.autoconfigure.properties.PropertyMappingContextCustomizer@0, org.springframework.boot.test.autoconfigure.web.servlet.WebDriverContextCustomizerFactory$Customizer@52aa2946], contextLoader = 'org.springframework.test.context.support.DelegatingSmartContextLoader', parent = [null]]]; transaction manager [org.springframework.orm.jpa.JpaTransactionManager@4ece2750]; rollback [true]
[05/jul/2024 13:43:35] [:] INFO - Rolled back transaction for test: [DefaultTestContext@329af9b1 testClass = Tests, testInstance = org.isf.medicalstock.test.Tests@21175263, testMethod = testLotSets@Tests, testException = [null], mergedContextConfiguration = [MergedContextConfiguration@7535554e testClass = Tests, locations = '{classpath:applicationContext.xml, classpath:applicationContext.xml}', classes = '{}', contextInitializerClasses = '[]', activeProfiles = '{}', propertySourceLocations = '{}', propertySourceProperties = '{}', contextCustomizers = set[org.springframework.boot.test.context.filter.ExcludeFilterContextCustomizer@255b53dc, org.springframework.boot.test.json.DuplicateJsonObjectContextCustomizerFactory$DuplicateJsonObjectContextCustomizer@64d2d351, org.springframework.boot.test.mock.mockito.MockitoContextCustomizer@0, org.springframework.boot.test.autoconfigure.properties.PropertyMappingContextCustomizer@0, org.springframework.boot.test.autoconfigure.web.servlet.WebDriverContextCustomizerFactory$Customizer@52aa2946], contextLoader = 'org.springframework.test.context.support.DelegatingSmartContextLoader', parent = [null]]]
]]></system-out>
  </testcase>
  <testcase name="testMgrPrepareDischargingMovementBadRefNumber[Test with AUTOMATICLOT_IN=true, AUTOMATICLOT_OUT=true, AUTOMATICLOTWARD_TOWARD=false]" classname="org.isf.medicalstock.test.Tests" time="0.013">
    <system-out><![CDATA[[05/jul/2024 13:43:35] [:] INFO - Began transaction (1) for test context [DefaultTestContext@329af9b1 testClass = Tests, testInstance = org.isf.medicalstock.test.Tests@1efc87f, testMethod = testMgrPrepareDischargingMovementBadRefNumber@Tests, testException = [null], mergedContextConfiguration = [MergedContextConfiguration@7535554e testClass = Tests, locations = '{classpath:applicationContext.xml, classpath:applicationContext.xml}', classes = '{}', contextInitializerClasses = '[]', activeProfiles = '{}', propertySourceLocations = '{}', propertySourceProperties = '{}', contextCustomizers = set[org.springframework.boot.test.context.filter.ExcludeFilterContextCustomizer@255b53dc, org.springframework.boot.test.json.DuplicateJsonObjectContextCustomizerFactory$DuplicateJsonObjectContextCustomizer@64d2d351, org.springframework.boot.test.mock.mockito.MockitoContextCustomizer@0, org.springframework.boot.test.autoconfigure.properties.PropertyMappingContextCustomizer@0, org.springframework.boot.test.autoconfigure.web.servlet.WebDriverContextCustomizerFactory$Customizer@52aa2946], contextLoader = 'org.springframework.test.context.support.DelegatingSmartContextLoader', parent = [null]]]; transaction manager [org.springframework.orm.jpa.JpaTransactionManager@4ece2750]; rollback [true]
[05/jul/2024 13:43:35] [:] INFO - Rolled back transaction for test: [DefaultTestContext@329af9b1 testClass = Tests, testInstance = org.isf.medicalstock.test.Tests@1efc87f, testMethod = testMgrPrepareDischargingMovementBadRefNumber@Tests, testException = [null], mergedContextConfiguration = [MergedContextConfiguration@7535554e testClass = Tests, locations = '{classpath:applicationContext.xml, classpath:applicationContext.xml}', classes = '{}', contextInitializerClasses = '[]', activeProfiles = '{}', propertySourceLocations = '{}', propertySourceProperties = '{}', contextCustomizers = set[org.springframework.boot.test.context.filter.ExcludeFilterContextCustomizer@255b53dc, org.springframework.boot.test.json.DuplicateJsonObjectContextCustomizerFactory$DuplicateJsonObjectContextCustomizer@64d2d351, org.springframework.boot.test.mock.mockito.MockitoContextCustomizer@0, org.springframework.boot.test.autoconfigure.properties.PropertyMappingContextCustomizer@0, org.springframework.boot.test.autoconfigure.web.servlet.WebDriverContextCustomizerFactory$Customizer@52aa2946], contextLoader = 'org.springframework.test.context.support.DelegatingSmartContextLoader', parent = [null]]]
]]></system-out>
  </testcase>
  <testcase name="testMgrValidateQuantityZero[Test with AUTOMATICLOT_IN=true, AUTOMATICLOT_OUT=true, AUTOMATICLOTWARD_TOWARD=false]" classname="org.isf.medicalstock.test.Tests" time="0.015">
    <system-out><![CDATA[[05/jul/2024 13:43:35] [:] INFO - Began transaction (1) for test context [DefaultTestContext@329af9b1 testClass = Tests, testInstance = org.isf.medicalstock.test.Tests@9c93b57, testMethod = testMgrValidateQuantityZero@Tests, testException = [null], mergedContextConfiguration = [MergedContextConfiguration@7535554e testClass = Tests, locations = '{classpath:applicationContext.xml, classpath:applicationContext.xml}', classes = '{}', contextInitializerClasses = '[]', activeProfiles = '{}', propertySourceLocations = '{}', propertySourceProperties = '{}', contextCustomizers = set[org.springframework.boot.test.context.filter.ExcludeFilterContextCustomizer@255b53dc, org.springframework.boot.test.json.DuplicateJsonObjectContextCustomizerFactory$DuplicateJsonObjectContextCustomizer@64d2d351, org.springframework.boot.test.mock.mockito.MockitoContextCustomizer@0, org.springframework.boot.test.autoconfigure.properties.PropertyMappingContextCustomizer@0, org.springframework.boot.test.autoconfigure.web.servlet.WebDriverContextCustomizerFactory$Customizer@52aa2946], contextLoader = 'org.springframework.test.context.support.DelegatingSmartContextLoader', parent = [null]]]; transaction manager [org.springframework.orm.jpa.JpaTransactionManager@4ece2750]; rollback [true]
[05/jul/2024 13:43:35] [:] INFO - Rolled back transaction for test: [DefaultTestContext@329af9b1 testClass = Tests, testInstance = org.isf.medicalstock.test.Tests@9c93b57, testMethod = testMgrValidateQuantityZero@Tests, testException = [null], mergedContextConfiguration = [MergedContextConfiguration@7535554e testClass = Tests, locations = '{classpath:applicationContext.xml, classpath:applicationContext.xml}', classes = '{}', contextInitializerClasses = '[]', activeProfiles = '{}', propertySourceLocations = '{}', propertySourceProperties = '{}', contextCustomizers = set[org.springframework.boot.test.context.filter.ExcludeFilterContextCustomizer@255b53dc, org.springframework.boot.test.json.DuplicateJsonObjectContextCustomizerFactory$DuplicateJsonObjectContextCustomizer@64d2d351, org.springframework.boot.test.mock.mockito.MockitoContextCustomizer@0, org.springframework.boot.test.autoconfigure.properties.PropertyMappingContextCustomizer@0, org.springframework.boot.test.autoconfigure.web.servlet.WebDriverContextCustomizerFactory$Customizer@52aa2946], contextLoader = 'org.springframework.test.context.support.DelegatingSmartContextLoader', parent = [null]]]
]]></system-out>
  </testcase>
  <testcase name="testMgrGetLastMovementDate[Test with AUTOMATICLOT_IN=true, AUTOMATICLOT_OUT=true, AUTOMATICLOTWARD_TOWARD=false]" classname="org.isf.medicalstock.test.Tests" time="0.012">
    <system-out><![CDATA[[05/jul/2024 13:43:35] [:] INFO - Began transaction (1) for test context [DefaultTestContext@329af9b1 testClass = Tests, testInstance = org.isf.medicalstock.test.Tests@1515fc52, testMethod = testMgrGetLastMovementDate@Tests, testException = [null], mergedContextConfiguration = [MergedContextConfiguration@7535554e testClass = Tests, locations = '{classpath:applicationContext.xml, classpath:applicationContext.xml}', classes = '{}', contextInitializerClasses = '[]', activeProfiles = '{}', propertySourceLocations = '{}', propertySourceProperties = '{}', contextCustomizers = set[org.springframework.boot.test.context.filter.ExcludeFilterContextCustomizer@255b53dc, org.springframework.boot.test.json.DuplicateJsonObjectContextCustomizerFactory$DuplicateJsonObjectContextCustomizer@64d2d351, org.springframework.boot.test.mock.mockito.MockitoContextCustomizer@0, org.springframework.boot.test.autoconfigure.properties.PropertyMappingContextCustomizer@0, org.springframework.boot.test.autoconfigure.web.servlet.WebDriverContextCustomizerFactory$Customizer@52aa2946], contextLoader = 'org.springframework.test.context.support.DelegatingSmartContextLoader', parent = [null]]]; transaction manager [org.springframework.orm.jpa.JpaTransactionManager@4ece2750]; rollback [true]
[05/jul/2024 13:43:35] [:] INFO - Rolled back transaction for test: [DefaultTestContext@329af9b1 testClass = Tests, testInstance = org.isf.medicalstock.test.Tests@1515fc52, testMethod = testMgrGetLastMovementDate@Tests, testException = [null], mergedContextConfiguration = [MergedContextConfiguration@7535554e testClass = Tests, locations = '{classpath:applicationContext.xml, classpath:applicationContext.xml}', classes = '{}', contextInitializerClasses = '[]', activeProfiles = '{}', propertySourceLocations = '{}', propertySourceProperties = '{}', contextCustomizers = set[org.springframework.boot.test.context.filter.ExcludeFilterContextCustomizer@255b53dc, org.springframework.boot.test.json.DuplicateJsonObjectContextCustomizerFactory$DuplicateJsonObjectContextCustomizer@64d2d351, org.springframework.boot.test.mock.mockito.MockitoContextCustomizer@0, org.springframework.boot.test.autoconfigure.properties.PropertyMappingContextCustomizer@0, org.springframework.boot.test.autoconfigure.web.servlet.WebDriverContextCustomizerFactory$Customizer@52aa2946], contextLoader = 'org.springframework.test.context.support.DelegatingSmartContextLoader', parent = [null]]]
]]></system-out>
  </testcase>
  <testcase name="testMovementGets[Test with AUTOMATICLOT_IN=true, AUTOMATICLOT_OUT=true, AUTOMATICLOTWARD_TOWARD=false]" classname="org.isf.medicalstock.test.Tests" time="0.011">
    <system-out><![CDATA[[05/jul/2024 13:43:35] [:] INFO - Began transaction (1) for test context [DefaultTestContext@329af9b1 testClass = Tests, testInstance = org.isf.medicalstock.test.Tests@49f9fa2d, testMethod = testMovementGets@Tests, testException = [null], mergedContextConfiguration = [MergedContextConfiguration@7535554e testClass = Tests, locations = '{classpath:applicationContext.xml, classpath:applicationContext.xml}', classes = '{}', contextInitializerClasses = '[]', activeProfiles = '{}', propertySourceLocations = '{}', propertySourceProperties = '{}', contextCustomizers = set[org.springframework.boot.test.context.filter.ExcludeFilterContextCustomizer@255b53dc, org.springframework.boot.test.json.DuplicateJsonObjectContextCustomizerFactory$DuplicateJsonObjectContextCustomizer@64d2d351, org.springframework.boot.test.mock.mockito.MockitoContextCustomizer@0, org.springframework.boot.test.autoconfigure.properties.PropertyMappingContextCustomizer@0, org.springframework.boot.test.autoconfigure.web.servlet.WebDriverContextCustomizerFactory$Customizer@52aa2946], contextLoader = 'org.springframework.test.context.support.DelegatingSmartContextLoader', parent = [null]]]; transaction manager [org.springframework.orm.jpa.JpaTransactionManager@4ece2750]; rollback [true]
[05/jul/2024 13:43:35] [:] INFO - Rolled back transaction for test: [DefaultTestContext@329af9b1 testClass = Tests, testInstance = org.isf.medicalstock.test.Tests@49f9fa2d, testMethod = testMovementGets@Tests, testException = [null], mergedContextConfiguration = [MergedContextConfiguration@7535554e testClass = Tests, locations = '{classpath:applicationContext.xml, classpath:applicationContext.xml}', classes = '{}', contextInitializerClasses = '[]', activeProfiles = '{}', propertySourceLocations = '{}', propertySourceProperties = '{}', contextCustomizers = set[org.springframework.boot.test.context.filter.ExcludeFilterContextCustomizer@255b53dc, org.springframework.boot.test.json.DuplicateJsonObjectContextCustomizerFactory$DuplicateJsonObjectContextCustomizer@64d2d351, org.springframework.boot.test.mock.mockito.MockitoContextCustomizer@0, org.springframework.boot.test.autoconfigure.properties.PropertyMappingContextCustomizer@0, org.springframework.boot.test.autoconfigure.web.servlet.WebDriverContextCustomizerFactory$Customizer@52aa2946], contextLoader = 'org.springframework.test.context.support.DelegatingSmartContextLoader', parent = [null]]]
]]></system-out>
  </testcase>
  <testcase name="testMovementSets[Test with AUTOMATICLOT_IN=true, AUTOMATICLOT_OUT=true, AUTOMATICLOTWARD_TOWARD=false]" classname="org.isf.medicalstock.test.Tests" time="0.01">
    <system-out><![CDATA[[05/jul/2024 13:43:35] [:] INFO - Began transaction (1) for test context [DefaultTestContext@329af9b1 testClass = Tests, testInstance = org.isf.medicalstock.test.Tests@23436aa1, testMethod = testMovementSets@Tests, testException = [null], mergedContextConfiguration = [MergedContextConfiguration@7535554e testClass = Tests, locations = '{classpath:applicationContext.xml, classpath:applicationContext.xml}', classes = '{}', contextInitializerClasses = '[]', activeProfiles = '{}', propertySourceLocations = '{}', propertySourceProperties = '{}', contextCustomizers = set[org.springframework.boot.test.context.filter.ExcludeFilterContextCustomizer@255b53dc, org.springframework.boot.test.json.DuplicateJsonObjectContextCustomizerFactory$DuplicateJsonObjectContextCustomizer@64d2d351, org.springframework.boot.test.mock.mockito.MockitoContextCustomizer@0, org.springframework.boot.test.autoconfigure.properties.PropertyMappingContextCustomizer@0, org.springframework.boot.test.autoconfigure.web.servlet.WebDriverContextCustomizerFactory$Customizer@52aa2946], contextLoader = 'org.springframework.test.context.support.DelegatingSmartContextLoader', parent = [null]]]; transaction manager [org.springframework.orm.jpa.JpaTransactionManager@4ece2750]; rollback [true]
[05/jul/2024 13:43:35] [:] INFO - Rolled back transaction for test: [DefaultTestContext@329af9b1 testClass = Tests, testInstance = org.isf.medicalstock.test.Tests@23436aa1, testMethod = testMovementSets@Tests, testException = [null], mergedContextConfiguration = [MergedContextConfiguration@7535554e testClass = Tests, locations = '{classpath:applicationContext.xml, classpath:applicationContext.xml}', classes = '{}', contextInitializerClasses = '[]', activeProfiles = '{}', propertySourceLocations = '{}', propertySourceProperties = '{}', contextCustomizers = set[org.springframework.boot.test.context.filter.ExcludeFilterContextCustomizer@255b53dc, org.springframework.boot.test.json.DuplicateJsonObjectContextCustomizerFactory$DuplicateJsonObjectContextCustomizer@64d2d351, org.springframework.boot.test.mock.mockito.MockitoContextCustomizer@0, org.springframework.boot.test.autoconfigure.properties.PropertyMappingContextCustomizer@0, org.springframework.boot.test.autoconfigure.web.servlet.WebDriverContextCustomizerFactory$Customizer@52aa2946], contextLoader = 'org.springframework.test.context.support.DelegatingSmartContextLoader', parent = [null]]]
]]></system-out>
  </testcase>
  <testcase name="testMovementGetOrigin[Test with AUTOMATICLOT_IN=true, AUTOMATICLOT_OUT=true, AUTOMATICLOTWARD_TOWARD=false]" classname="org.isf.medicalstock.test.Tests" time="0.014">
    <system-out><![CDATA[[05/jul/2024 13:43:35] [:] INFO - Began transaction (1) for test context [DefaultTestContext@329af9b1 testClass = Tests, testInstance = org.isf.medicalstock.test.Tests@48862f30, testMethod = testMovementGetOrigin@Tests, testException = [null], mergedContextConfiguration = [MergedContextConfiguration@7535554e testClass = Tests, locations = '{classpath:applicationContext.xml, classpath:applicationContext.xml}', classes = '{}', contextInitializerClasses = '[]', activeProfiles = '{}', propertySourceLocations = '{}', propertySourceProperties = '{}', contextCustomizers = set[org.springframework.boot.test.context.filter.ExcludeFilterContextCustomizer@255b53dc, org.springframework.boot.test.json.DuplicateJsonObjectContextCustomizerFactory$DuplicateJsonObjectContextCustomizer@64d2d351, org.springframework.boot.test.mock.mockito.MockitoContextCustomizer@0, org.springframework.boot.test.autoconfigure.properties.PropertyMappingContextCustomizer@0, org.springframework.boot.test.autoconfigure.web.servlet.WebDriverContextCustomizerFactory$Customizer@52aa2946], contextLoader = 'org.springframework.test.context.support.DelegatingSmartContextLoader', parent = [null]]]; transaction manager [org.springframework.orm.jpa.JpaTransactionManager@4ece2750]; rollback [true]
[05/jul/2024 13:43:35] [:] INFO - Rolled back transaction for test: [DefaultTestContext@329af9b1 testClass = Tests, testInstance = org.isf.medicalstock.test.Tests@48862f30, testMethod = testMovementGetOrigin@Tests, testException = [null], mergedContextConfiguration = [MergedContextConfiguration@7535554e testClass = Tests, locations = '{classpath:applicationContext.xml, classpath:applicationContext.xml}', classes = '{}', contextInitializerClasses = '[]', activeProfiles = '{}', propertySourceLocations = '{}', propertySourceProperties = '{}', contextCustomizers = set[org.springframework.boot.test.context.filter.ExcludeFilterContextCustomizer@255b53dc, org.springframework.boot.test.json.DuplicateJsonObjectContextCustomizerFactory$DuplicateJsonObjectContextCustomizer@64d2d351, org.springframework.boot.test.mock.mockito.MockitoContextCustomizer@0, org.springframework.boot.test.autoconfigure.properties.PropertyMappingContextCustomizer@0, org.springframework.boot.test.autoconfigure.web.servlet.WebDriverContextCustomizerFactory$Customizer@52aa2946], contextLoader = 'org.springframework.test.context.support.DelegatingSmartContextLoader', parent = [null]]]
]]></system-out>
  </testcase>
  <testcase name="testIoGetMovements[Test with AUTOMATICLOT_IN=true, AUTOMATICLOT_OUT=true, AUTOMATICLOTWARD_TOWARD=false]" classname="org.isf.medicalstock.test.Tests" time="0.013">
    <system-out><![CDATA[[05/jul/2024 13:43:35] [:] INFO - Began transaction (1) for test context [DefaultTestContext@329af9b1 testClass = Tests, testInstance = org.isf.medicalstock.test.Tests@8a53588, testMethod = testIoGetMovements@Tests, testException = [null], mergedContextConfiguration = [MergedContextConfiguration@7535554e testClass = Tests, locations = '{classpath:applicationContext.xml, classpath:applicationContext.xml}', classes = '{}', contextInitializerClasses = '[]', activeProfiles = '{}', propertySourceLocations = '{}', propertySourceProperties = '{}', contextCustomizers = set[org.springframework.boot.test.context.filter.ExcludeFilterContextCustomizer@255b53dc, org.springframework.boot.test.json.DuplicateJsonObjectContextCustomizerFactory$DuplicateJsonObjectContextCustomizer@64d2d351, org.springframework.boot.test.mock.mockito.MockitoContextCustomizer@0, org.springframework.boot.test.autoconfigure.properties.PropertyMappingContextCustomizer@0, org.springframework.boot.test.autoconfigure.web.servlet.WebDriverContextCustomizerFactory$Customizer@52aa2946], contextLoader = 'org.springframework.test.context.support.DelegatingSmartContextLoader', parent = [null]]]; transaction manager [org.springframework.orm.jpa.JpaTransactionManager@4ece2750]; rollback [true]
[05/jul/2024 13:43:35] [:] INFO - Rolled back transaction for test: [DefaultTestContext@329af9b1 testClass = Tests, testInstance = org.isf.medicalstock.test.Tests@8a53588, testMethod = testIoGetMovements@Tests, testException = [null], mergedContextConfiguration = [MergedContextConfiguration@7535554e testClass = Tests, locations = '{classpath:applicationContext.xml, classpath:applicationContext.xml}', classes = '{}', contextInitializerClasses = '[]', activeProfiles = '{}', propertySourceLocations = '{}', propertySourceProperties = '{}', contextCustomizers = set[org.springframework.boot.test.context.filter.ExcludeFilterContextCustomizer@255b53dc, org.springframework.boot.test.json.DuplicateJsonObjectContextCustomizerFactory$DuplicateJsonObjectContextCustomizer@64d2d351, org.springframework.boot.test.mock.mockito.MockitoContextCustomizer@0, org.springframework.boot.test.autoconfigure.properties.PropertyMappingContextCustomizer@0, org.springframework.boot.test.autoconfigure.web.servlet.WebDriverContextCustomizerFactory$Customizer@52aa2946], contextLoader = 'org.springframework.test.context.support.DelegatingSmartContextLoader', parent = [null]]]
]]></system-out>
  </testcase>
  <testcase name="testIoPrepareChargingMovement[Test with AUTOMATICLOT_IN=true, AUTOMATICLOT_OUT=true, AUTOMATICLOTWARD_TOWARD=false]" classname="org.isf.medicalstock.test.Tests" time="0.012">
    <system-out><![CDATA[[05/jul/2024 13:43:35] [:] INFO - Began transaction (1) for test context [DefaultTestContext@329af9b1 testClass = Tests, testInstance = org.isf.medicalstock.test.Tests@4122ae30, testMethod = testIoPrepareChargingMovement@Tests, testException = [null], mergedContextConfiguration = [MergedContextConfiguration@7535554e testClass = Tests, locations = '{classpath:applicationContext.xml, classpath:applicationContext.xml}', classes = '{}', contextInitializerClasses = '[]', activeProfiles = '{}', propertySourceLocations = '{}', propertySourceProperties = '{}', contextCustomizers = set[org.springframework.boot.test.context.filter.ExcludeFilterContextCustomizer@255b53dc, org.springframework.boot.test.json.DuplicateJsonObjectContextCustomizerFactory$DuplicateJsonObjectContextCustomizer@64d2d351, org.springframework.boot.test.mock.mockito.MockitoContextCustomizer@0, org.springframework.boot.test.autoconfigure.properties.PropertyMappingContextCustomizer@0, org.springframework.boot.test.autoconfigure.web.servlet.WebDriverContextCustomizerFactory$Customizer@52aa2946], contextLoader = 'org.springframework.test.context.support.DelegatingSmartContextLoader', parent = [null]]]; transaction manager [org.springframework.orm.jpa.JpaTransactionManager@4ece2750]; rollback [true]
[05/jul/2024 13:43:35] [:] INFO - Rolled back transaction for test: [DefaultTestContext@329af9b1 testClass = Tests, testInstance = org.isf.medicalstock.test.Tests@4122ae30, testMethod = testIoPrepareChargingMovement@Tests, testException = [null], mergedContextConfiguration = [MergedContextConfiguration@7535554e testClass = Tests, locations = '{classpath:applicationContext.xml, classpath:applicationContext.xml}', classes = '{}', contextInitializerClasses = '[]', activeProfiles = '{}', propertySourceLocations = '{}', propertySourceProperties = '{}', contextCustomizers = set[org.springframework.boot.test.context.filter.ExcludeFilterContextCustomizer@255b53dc, org.springframework.boot.test.json.DuplicateJsonObjectContextCustomizerFactory$DuplicateJsonObjectContextCustomizer@64d2d351, org.springframework.boot.test.mock.mockito.MockitoContextCustomizer@0, org.springframework.boot.test.autoconfigure.properties.PropertyMappingContextCustomizer@0, org.springframework.boot.test.autoconfigure.web.servlet.WebDriverContextCustomizerFactory$Customizer@52aa2946], contextLoader = 'org.springframework.test.context.support.DelegatingSmartContextLoader', parent = [null]]]
]]></system-out>
  </testcase>
  <testcase name="testMgrValidateMovementMoveDateAfterToday[Test with AUTOMATICLOT_IN=true, AUTOMATICLOT_OUT=true, AUTOMATICLOTWARD_TOWARD=false]" classname="org.isf.medicalstock.test.Tests" time="0.013">
    <system-out><![CDATA[[05/jul/2024 13:43:35] [:] INFO - Began transaction (1) for test context [DefaultTestContext@329af9b1 testClass = Tests, testInstance = org.isf.medicalstock.test.Tests@1fc838ac, testMethod = testMgrValidateMovementMoveDateAfterToday@Tests, testException = [null], mergedContextConfiguration = [MergedContextConfiguration@7535554e testClass = Tests, locations = '{classpath:applicationContext.xml, classpath:applicationContext.xml}', classes = '{}', contextInitializerClasses = '[]', activeProfiles = '{}', propertySourceLocations = '{}', propertySourceProperties = '{}', contextCustomizers = set[org.springframework.boot.test.context.filter.ExcludeFilterContextCustomizer@255b53dc, org.springframework.boot.test.json.DuplicateJsonObjectContextCustomizerFactory$DuplicateJsonObjectContextCustomizer@64d2d351, org.springframework.boot.test.mock.mockito.MockitoContextCustomizer@0, org.springframework.boot.test.autoconfigure.properties.PropertyMappingContextCustomizer@0, org.springframework.boot.test.autoconfigure.web.servlet.WebDriverContextCustomizerFactory$Customizer@52aa2946], contextLoader = 'org.springframework.test.context.support.DelegatingSmartContextLoader', parent = [null]]]; transaction manager [org.springframework.orm.jpa.JpaTransactionManager@4ece2750]; rollback [true]
[05/jul/2024 13:43:35] [:] INFO - Rolled back transaction for test: [DefaultTestContext@329af9b1 testClass = Tests, testInstance = org.isf.medicalstock.test.Tests@1fc838ac, testMethod = testMgrValidateMovementMoveDateAfterToday@Tests, testException = [null], mergedContextConfiguration = [MergedContextConfiguration@7535554e testClass = Tests, locations = '{classpath:applicationContext.xml, classpath:applicationContext.xml}', classes = '{}', contextInitializerClasses = '[]', activeProfiles = '{}', propertySourceLocations = '{}', propertySourceProperties = '{}', contextCustomizers = set[org.springframework.boot.test.context.filter.ExcludeFilterContextCustomizer@255b53dc, org.springframework.boot.test.json.DuplicateJsonObjectContextCustomizerFactory$DuplicateJsonObjectContextCustomizer@64d2d351, org.springframework.boot.test.mock.mockito.MockitoContextCustomizer@0, org.springframework.boot.test.autoconfigure.properties.PropertyMappingContextCustomizer@0, org.springframework.boot.test.autoconfigure.web.servlet.WebDriverContextCustomizerFactory$Customizer@52aa2946], contextLoader = 'org.springframework.test.context.support.DelegatingSmartContextLoader', parent = [null]]]
]]></system-out>
  </testcase>
  <testcase name="testIoGetMovementsByReference[Test with AUTOMATICLOT_IN=true, AUTOMATICLOT_OUT=true, AUTOMATICLOTWARD_TOWARD=false]" classname="org.isf.medicalstock.test.Tests" time="0.014">
    <system-out><![CDATA[[05/jul/2024 13:43:35] [:] INFO - Began transaction (1) for test context [DefaultTestContext@329af9b1 testClass = Tests, testInstance = org.isf.medicalstock.test.Tests@2fc11d51, testMethod = testIoGetMovementsByReference@Tests, testException = [null], mergedContextConfiguration = [MergedContextConfiguration@7535554e testClass = Tests, locations = '{classpath:applicationContext.xml, classpath:applicationContext.xml}', classes = '{}', contextInitializerClasses = '[]', activeProfiles = '{}', propertySourceLocations = '{}', propertySourceProperties = '{}', contextCustomizers = set[org.springframework.boot.test.context.filter.ExcludeFilterContextCustomizer@255b53dc, org.springframework.boot.test.json.DuplicateJsonObjectContextCustomizerFactory$DuplicateJsonObjectContextCustomizer@64d2d351, org.springframework.boot.test.mock.mockito.MockitoContextCustomizer@0, org.springframework.boot.test.autoconfigure.properties.PropertyMappingContextCustomizer@0, org.springframework.boot.test.autoconfigure.web.servlet.WebDriverContextCustomizerFactory$Customizer@52aa2946], contextLoader = 'org.springframework.test.context.support.DelegatingSmartContextLoader', parent = [null]]]; transaction manager [org.springframework.orm.jpa.JpaTransactionManager@4ece2750]; rollback [true]
[05/jul/2024 13:43:35] [:] INFO - Rolled back transaction for test: [DefaultTestContext@329af9b1 testClass = Tests, testInstance = org.isf.medicalstock.test.Tests@2fc11d51, testMethod = testIoGetMovementsByReference@Tests, testException = [null], mergedContextConfiguration = [MergedContextConfiguration@7535554e testClass = Tests, locations = '{classpath:applicationContext.xml, classpath:applicationContext.xml}', classes = '{}', contextInitializerClasses = '[]', activeProfiles = '{}', propertySourceLocations = '{}', propertySourceProperties = '{}', contextCustomizers = set[org.springframework.boot.test.context.filter.ExcludeFilterContextCustomizer@255b53dc, org.springframework.boot.test.json.DuplicateJsonObjectContextCustomizerFactory$DuplicateJsonObjectContextCustomizer@64d2d351, org.springframework.boot.test.mock.mockito.MockitoContextCustomizer@0, org.springframework.boot.test.autoconfigure.properties.PropertyMappingContextCustomizer@0, org.springframework.boot.test.autoconfigure.web.servlet.WebDriverContextCustomizerFactory$Customizer@52aa2946], contextLoader = 'org.springframework.test.context.support.DelegatingSmartContextLoader', parent = [null]]]
]]></system-out>
  </testcase>
  <testcase name="testIoGetLastMovementDate[Test with AUTOMATICLOT_IN=true, AUTOMATICLOT_OUT=true, AUTOMATICLOTWARD_TOWARD=false]" classname="org.isf.medicalstock.test.Tests" time="0.017">
    <system-out><![CDATA[[05/jul/2024 13:43:35] [:] INFO - Began transaction (1) for test context [DefaultTestContext@329af9b1 testClass = Tests, testInstance = org.isf.medicalstock.test.Tests@5e9de58f, testMethod = testIoGetLastMovementDate@Tests, testException = [null], mergedContextConfiguration = [MergedContextConfiguration@7535554e testClass = Tests, locations = '{classpath:applicationContext.xml, classpath:applicationContext.xml}', classes = '{}', contextInitializerClasses = '[]', activeProfiles = '{}', propertySourceLocations = '{}', propertySourceProperties = '{}', contextCustomizers = set[org.springframework.boot.test.context.filter.ExcludeFilterContextCustomizer@255b53dc, org.springframework.boot.test.json.DuplicateJsonObjectContextCustomizerFactory$DuplicateJsonObjectContextCustomizer@64d2d351, org.springframework.boot.test.mock.mockito.MockitoContextCustomizer@0, org.springframework.boot.test.autoconfigure.properties.PropertyMappingContextCustomizer@0, org.springframework.boot.test.autoconfigure.web.servlet.WebDriverContextCustomizerFactory$Customizer@52aa2946], contextLoader = 'org.springframework.test.context.support.DelegatingSmartContextLoader', parent = [null]]]; transaction manager [org.springframework.orm.jpa.JpaTransactionManager@4ece2750]; rollback [true]
[05/jul/2024 13:43:35] [:] INFO - Rolled back transaction for test: [DefaultTestContext@329af9b1 testClass = Tests, testInstance = org.isf.medicalstock.test.Tests@5e9de58f, testMethod = testIoGetLastMovementDate@Tests, testException = [null], mergedContextConfiguration = [MergedContextConfiguration@7535554e testClass = Tests, locations = '{classpath:applicationContext.xml, classpath:applicationContext.xml}', classes = '{}', contextInitializerClasses = '[]', activeProfiles = '{}', propertySourceLocations = '{}', propertySourceProperties = '{}', contextCustomizers = set[org.springframework.boot.test.context.filter.ExcludeFilterContextCustomizer@255b53dc, org.springframework.boot.test.json.DuplicateJsonObjectContextCustomizerFactory$DuplicateJsonObjectContextCustomizer@64d2d351, org.springframework.boot.test.mock.mockito.MockitoContextCustomizer@0, org.springframework.boot.test.autoconfigure.properties.PropertyMappingContextCustomizer@0, org.springframework.boot.test.autoconfigure.web.servlet.WebDriverContextCustomizerFactory$Customizer@52aa2946], contextLoader = 'org.springframework.test.context.support.DelegatingSmartContextLoader', parent = [null]]]
]]></system-out>
  </testcase>
  <testcase name="testMovementEquals[Test with AUTOMATICLOT_IN=true, AUTOMATICLOT_OUT=true, AUTOMATICLOTWARD_TOWARD=false]" classname="org.isf.medicalstock.test.Tests" time="0.016">
    <system-out><![CDATA[[05/jul/2024 13:43:35] [:] INFO - Began transaction (1) for test context [DefaultTestContext@329af9b1 testClass = Tests, testInstance = org.isf.medicalstock.test.Tests@1fccf437, testMethod = testMovementEquals@Tests, testException = [null], mergedContextConfiguration = [MergedContextConfiguration@7535554e testClass = Tests, locations = '{classpath:applicationContext.xml, classpath:applicationContext.xml}', classes = '{}', contextInitializerClasses = '[]', activeProfiles = '{}', propertySourceLocations = '{}', propertySourceProperties = '{}', contextCustomizers = set[org.springframework.boot.test.context.filter.ExcludeFilterContextCustomizer@255b53dc, org.springframework.boot.test.json.DuplicateJsonObjectContextCustomizerFactory$DuplicateJsonObjectContextCustomizer@64d2d351, org.springframework.boot.test.mock.mockito.MockitoContextCustomizer@0, org.springframework.boot.test.autoconfigure.properties.PropertyMappingContextCustomizer@0, org.springframework.boot.test.autoconfigure.web.servlet.WebDriverContextCustomizerFactory$Customizer@52aa2946], contextLoader = 'org.springframework.test.context.support.DelegatingSmartContextLoader', parent = [null]]]; transaction manager [org.springframework.orm.jpa.JpaTransactionManager@4ece2750]; rollback [true]
[05/jul/2024 13:43:35] [:] INFO - Rolled back transaction for test: [DefaultTestContext@329af9b1 testClass = Tests, testInstance = org.isf.medicalstock.test.Tests@1fccf437, testMethod = testMovementEquals@Tests, testException = [null], mergedContextConfiguration = [MergedContextConfiguration@7535554e testClass = Tests, locations = '{classpath:applicationContext.xml, classpath:applicationContext.xml}', classes = '{}', contextInitializerClasses = '[]', activeProfiles = '{}', propertySourceLocations = '{}', propertySourceProperties = '{}', contextCustomizers = set[org.springframework.boot.test.context.filter.ExcludeFilterContextCustomizer@255b53dc, org.springframework.boot.test.json.DuplicateJsonObjectContextCustomizerFactory$DuplicateJsonObjectContextCustomizer@64d2d351, org.springframework.boot.test.mock.mockito.MockitoContextCustomizer@0, org.springframework.boot.test.autoconfigure.properties.PropertyMappingContextCustomizer@0, org.springframework.boot.test.autoconfigure.web.servlet.WebDriverContextCustomizerFactory$Customizer@52aa2946], contextLoader = 'org.springframework.test.context.support.DelegatingSmartContextLoader', parent = [null]]]
]]></system-out>
  </testcase>
  <testcase name="testMovementHashCode[Test with AUTOMATICLOT_IN=true, AUTOMATICLOT_OUT=true, AUTOMATICLOTWARD_TOWARD=false]" classname="org.isf.medicalstock.test.Tests" time="0.012">
    <system-out><![CDATA[[05/jul/2024 13:43:35] [:] INFO - Began transaction (1) for test context [DefaultTestContext@329af9b1 testClass = Tests, testInstance = org.isf.medicalstock.test.Tests@4689a154, testMethod = testMovementHashCode@Tests, testException = [null], mergedContextConfiguration = [MergedContextConfiguration@7535554e testClass = Tests, locations = '{classpath:applicationContext.xml, classpath:applicationContext.xml}', classes = '{}', contextInitializerClasses = '[]', activeProfiles = '{}', propertySourceLocations = '{}', propertySourceProperties = '{}', contextCustomizers = set[org.springframework.boot.test.context.filter.ExcludeFilterContextCustomizer@255b53dc, org.springframework.boot.test.json.DuplicateJsonObjectContextCustomizerFactory$DuplicateJsonObjectContextCustomizer@64d2d351, org.springframework.boot.test.mock.mockito.MockitoContextCustomizer@0, org.springframework.boot.test.autoconfigure.properties.PropertyMappingContextCustomizer@0, org.springframework.boot.test.autoconfigure.web.servlet.WebDriverContextCustomizerFactory$Customizer@52aa2946], contextLoader = 'org.springframework.test.context.support.DelegatingSmartContextLoader', parent = [null]]]; transaction manager [org.springframework.orm.jpa.JpaTransactionManager@4ece2750]; rollback [true]
[05/jul/2024 13:43:35] [:] INFO - Rolled back transaction for test: [DefaultTestContext@329af9b1 testClass = Tests, testInstance = org.isf.medicalstock.test.Tests@4689a154, testMethod = testMovementHashCode@Tests, testException = [null], mergedContextConfiguration = [MergedContextConfiguration@7535554e testClass = Tests, locations = '{classpath:applicationContext.xml, classpath:applicationContext.xml}', classes = '{}', contextInitializerClasses = '[]', activeProfiles = '{}', propertySourceLocations = '{}', propertySourceProperties = '{}', contextCustomizers = set[org.springframework.boot.test.context.filter.ExcludeFilterContextCustomizer@255b53dc, org.springframework.boot.test.json.DuplicateJsonObjectContextCustomizerFactory$DuplicateJsonObjectContextCustomizer@64d2d351, org.springframework.boot.test.mock.mockito.MockitoContextCustomizer@0, org.springframework.boot.test.autoconfigure.properties.PropertyMappingContextCustomizer@0, org.springframework.boot.test.autoconfigure.web.servlet.WebDriverContextCustomizerFactory$Customizer@52aa2946], contextLoader = 'org.springframework.test.context.support.DelegatingSmartContextLoader', parent = [null]]]
]]></system-out>
  </testcase>
  <testcase name="testLotEquals[Test with AUTOMATICLOT_IN=true, AUTOMATICLOT_OUT=true, AUTOMATICLOTWARD_TOWARD=false]" classname="org.isf.medicalstock.test.Tests" time="0.012">
    <system-out><![CDATA[[05/jul/2024 13:43:35] [:] INFO - Began transaction (1) for test context [DefaultTestContext@329af9b1 testClass = Tests, testInstance = org.isf.medicalstock.test.Tests@42880c81, testMethod = testLotEquals@Tests, testException = [null], mergedContextConfiguration = [MergedContextConfiguration@7535554e testClass = Tests, locations = '{classpath:applicationContext.xml, classpath:applicationContext.xml}', classes = '{}', contextInitializerClasses = '[]', activeProfiles = '{}', propertySourceLocations = '{}', propertySourceProperties = '{}', contextCustomizers = set[org.springframework.boot.test.context.filter.ExcludeFilterContextCustomizer@255b53dc, org.springframework.boot.test.json.DuplicateJsonObjectContextCustomizerFactory$DuplicateJsonObjectContextCustomizer@64d2d351, org.springframework.boot.test.mock.mockito.MockitoContextCustomizer@0, org.springframework.boot.test.autoconfigure.properties.PropertyMappingContextCustomizer@0, org.springframework.boot.test.autoconfigure.web.servlet.WebDriverContextCustomizerFactory$Customizer@52aa2946], contextLoader = 'org.springframework.test.context.support.DelegatingSmartContextLoader', parent = [null]]]; transaction manager [org.springframework.orm.jpa.JpaTransactionManager@4ece2750]; rollback [true]
[05/jul/2024 13:43:35] [:] INFO - Rolled back transaction for test: [DefaultTestContext@329af9b1 testClass = Tests, testInstance = org.isf.medicalstock.test.Tests@42880c81, testMethod = testLotEquals@Tests, testException = [null], mergedContextConfiguration = [MergedContextConfiguration@7535554e testClass = Tests, locations = '{classpath:applicationContext.xml, classpath:applicationContext.xml}', classes = '{}', contextInitializerClasses = '[]', activeProfiles = '{}', propertySourceLocations = '{}', propertySourceProperties = '{}', contextCustomizers = set[org.springframework.boot.test.context.filter.ExcludeFilterContextCustomizer@255b53dc, org.springframework.boot.test.json.DuplicateJsonObjectContextCustomizerFactory$DuplicateJsonObjectContextCustomizer@64d2d351, org.springframework.boot.test.mock.mockito.MockitoContextCustomizer@0, org.springframework.boot.test.autoconfigure.properties.PropertyMappingContextCustomizer@0, org.springframework.boot.test.autoconfigure.web.servlet.WebDriverContextCustomizerFactory$Customizer@52aa2946], contextLoader = 'org.springframework.test.context.support.DelegatingSmartContextLoader', parent = [null]]]
]]></system-out>
  </testcase>
  <testcase name="testIoGetMovementForPrintWardOrderateWard[Test with AUTOMATICLOT_IN=true, AUTOMATICLOT_OUT=true, AUTOMATICLOTWARD_TOWARD=false]" classname="org.isf.medicalstock.test.Tests" time="0.012">
    <system-out><![CDATA[[05/jul/2024 13:43:35] [:] INFO - Began transaction (1) for test context [DefaultTestContext@329af9b1 testClass = Tests, testInstance = org.isf.medicalstock.test.Tests@575086b0, testMethod = testIoGetMovementForPrintWardOrderateWard@Tests, testException = [null], mergedContextConfiguration = [MergedContextConfiguration@7535554e testClass = Tests, locations = '{classpath:applicationContext.xml, classpath:applicationContext.xml}', classes = '{}', contextInitializerClasses = '[]', activeProfiles = '{}', propertySourceLocations = '{}', propertySourceProperties = '{}', contextCustomizers = set[org.springframework.boot.test.context.filter.ExcludeFilterContextCustomizer@255b53dc, org.springframework.boot.test.json.DuplicateJsonObjectContextCustomizerFactory$DuplicateJsonObjectContextCustomizer@64d2d351, org.springframework.boot.test.mock.mockito.MockitoContextCustomizer@0, org.springframework.boot.test.autoconfigure.properties.PropertyMappingContextCustomizer@0, org.springframework.boot.test.autoconfigure.web.servlet.WebDriverContextCustomizerFactory$Customizer@52aa2946], contextLoader = 'org.springframework.test.context.support.DelegatingSmartContextLoader', parent = [null]]]; transaction manager [org.springframework.orm.jpa.JpaTransactionManager@4ece2750]; rollback [true]
[05/jul/2024 13:43:35] [:] INFO - Rolled back transaction for test: [DefaultTestContext@329af9b1 testClass = Tests, testInstance = org.isf.medicalstock.test.Tests@575086b0, testMethod = testIoGetMovementForPrintWardOrderateWard@Tests, testException = [null], mergedContextConfiguration = [MergedContextConfiguration@7535554e testClass = Tests, locations = '{classpath:applicationContext.xml, classpath:applicationContext.xml}', classes = '{}', contextInitializerClasses = '[]', activeProfiles = '{}', propertySourceLocations = '{}', propertySourceProperties = '{}', contextCustomizers = set[org.springframework.boot.test.context.filter.ExcludeFilterContextCustomizer@255b53dc, org.springframework.boot.test.json.DuplicateJsonObjectContextCustomizerFactory$DuplicateJsonObjectContextCustomizer@64d2d351, org.springframework.boot.test.mock.mockito.MockitoContextCustomizer@0, org.springframework.boot.test.autoconfigure.properties.PropertyMappingContextCustomizer@0, org.springframework.boot.test.autoconfigure.web.servlet.WebDriverContextCustomizerFactory$Customizer@52aa2946], contextLoader = 'org.springframework.test.context.support.DelegatingSmartContextLoader', parent = [null]]]
]]></system-out>
  </testcase>
  <testcase name="testMgrValidateReferenceNumber[Test with AUTOMATICLOT_IN=true, AUTOMATICLOT_OUT=true, AUTOMATICLOTWARD_TOWARD=false]" classname="org.isf.medicalstock.test.Tests" time="0.012">
    <system-out><![CDATA[[05/jul/2024 13:43:35] [:] INFO - Began transaction (1) for test context [DefaultTestContext@329af9b1 testClass = Tests, testInstance = org.isf.medicalstock.test.Tests@7f3347e4, testMethod = testMgrValidateReferenceNumber@Tests, testException = [null], mergedContextConfiguration = [MergedContextConfiguration@7535554e testClass = Tests, locations = '{classpath:applicationContext.xml, classpath:applicationContext.xml}', classes = '{}', contextInitializerClasses = '[]', activeProfiles = '{}', propertySourceLocations = '{}', propertySourceProperties = '{}', contextCustomizers = set[org.springframework.boot.test.context.filter.ExcludeFilterContextCustomizer@255b53dc, org.springframework.boot.test.json.DuplicateJsonObjectContextCustomizerFactory$DuplicateJsonObjectContextCustomizer@64d2d351, org.springframework.boot.test.mock.mockito.MockitoContextCustomizer@0, org.springframework.boot.test.autoconfigure.properties.PropertyMappingContextCustomizer@0, org.springframework.boot.test.autoconfigure.web.servlet.WebDriverContextCustomizerFactory$Customizer@52aa2946], contextLoader = 'org.springframework.test.context.support.DelegatingSmartContextLoader', parent = [null]]]; transaction manager [org.springframework.orm.jpa.JpaTransactionManager@4ece2750]; rollback [true]
[05/jul/2024 13:43:35] [:] INFO - Rolled back transaction for test: [DefaultTestContext@329af9b1 testClass = Tests, testInstance = org.isf.medicalstock.test.Tests@7f3347e4, testMethod = testMgrValidateReferenceNumber@Tests, testException = [null], mergedContextConfiguration = [MergedContextConfiguration@7535554e testClass = Tests, locations = '{classpath:applicationContext.xml, classpath:applicationContext.xml}', classes = '{}', contextInitializerClasses = '[]', activeProfiles = '{}', propertySourceLocations = '{}', propertySourceProperties = '{}', contextCustomizers = set[org.springframework.boot.test.context.filter.ExcludeFilterContextCustomizer@255b53dc, org.springframework.boot.test.json.DuplicateJsonObjectContextCustomizerFactory$DuplicateJsonObjectContextCustomizer@64d2d351, org.springframework.boot.test.mock.mockito.MockitoContextCustomizer@0, org.springframework.boot.test.autoconfigure.properties.PropertyMappingContextCustomizer@0, org.springframework.boot.test.autoconfigure.web.servlet.WebDriverContextCustomizerFactory$Customizer@52aa2946], contextLoader = 'org.springframework.test.context.support.DelegatingSmartContextLoader', parent = [null]]]
]]></system-out>
  </testcase>
  <testcase name="testIoGetLotsByMedicalEmptyLot[Test with AUTOMATICLOT_IN=true, AUTOMATICLOT_OUT=true, AUTOMATICLOTWARD_TOWARD=false]" classname="org.isf.medicalstock.test.Tests" time="0.012">
    <system-out><![CDATA[[05/jul/2024 13:43:35] [:] INFO - Began transaction (1) for test context [DefaultTestContext@329af9b1 testClass = Tests, testInstance = org.isf.medicalstock.test.Tests@38f46ee4, testMethod = testIoGetLotsByMedicalEmptyLot@Tests, testException = [null], mergedContextConfiguration = [MergedContextConfiguration@7535554e testClass = Tests, locations = '{classpath:applicationContext.xml, classpath:applicationContext.xml}', classes = '{}', contextInitializerClasses = '[]', activeProfiles = '{}', propertySourceLocations = '{}', propertySourceProperties = '{}', contextCustomizers = set[org.springframework.boot.test.context.filter.ExcludeFilterContextCustomizer@255b53dc, org.springframework.boot.test.json.DuplicateJsonObjectContextCustomizerFactory$DuplicateJsonObjectContextCustomizer@64d2d351, org.springframework.boot.test.mock.mockito.MockitoContextCustomizer@0, org.springframework.boot.test.autoconfigure.properties.PropertyMappingContextCustomizer@0, org.springframework.boot.test.autoconfigure.web.servlet.WebDriverContextCustomizerFactory$Customizer@52aa2946], contextLoader = 'org.springframework.test.context.support.DelegatingSmartContextLoader', parent = [null]]]; transaction manager [org.springframework.orm.jpa.JpaTransactionManager@4ece2750]; rollback [true]
[05/jul/2024 13:43:35] [:] INFO - Rolled back transaction for test: [DefaultTestContext@329af9b1 testClass = Tests, testInstance = org.isf.medicalstock.test.Tests@38f46ee4, testMethod = testIoGetLotsByMedicalEmptyLot@Tests, testException = [null], mergedContextConfiguration = [MergedContextConfiguration@7535554e testClass = Tests, locations = '{classpath:applicationContext.xml, classpath:applicationContext.xml}', classes = '{}', contextInitializerClasses = '[]', activeProfiles = '{}', propertySourceLocations = '{}', propertySourceProperties = '{}', contextCustomizers = set[org.springframework.boot.test.context.filter.ExcludeFilterContextCustomizer@255b53dc, org.springframework.boot.test.json.DuplicateJsonObjectContextCustomizerFactory$DuplicateJsonObjectContextCustomizer@64d2d351, org.springframework.boot.test.mock.mockito.MockitoContextCustomizer@0, org.springframework.boot.test.autoconfigure.properties.PropertyMappingContextCustomizer@0, org.springframework.boot.test.autoconfigure.web.servlet.WebDriverContextCustomizerFactory$Customizer@52aa2946], contextLoader = 'org.springframework.test.context.support.DelegatingSmartContextLoader', parent = [null]]]
]]></system-out>
  </testcase>
  <testcase name="testIoNewMovement[Test with AUTOMATICLOT_IN=true, AUTOMATICLOT_OUT=true, AUTOMATICLOTWARD_TOWARD=false]" classname="org.isf.medicalstock.test.Tests" time="0.014">
    <system-out><![CDATA[[05/jul/2024 13:43:35] [:] INFO - Began transaction (1) for test context [DefaultTestContext@329af9b1 testClass = Tests, testInstance = org.isf.medicalstock.test.Tests@14f62c5f, testMethod = testIoNewMovement@Tests, testException = [null], mergedContextConfiguration = [MergedContextConfiguration@7535554e testClass = Tests, locations = '{classpath:applicationContext.xml, classpath:applicationContext.xml}', classes = '{}', contextInitializerClasses = '[]', activeProfiles = '{}', propertySourceLocations = '{}', propertySourceProperties = '{}', contextCustomizers = set[org.springframework.boot.test.context.filter.ExcludeFilterContextCustomizer@255b53dc, org.springframework.boot.test.json.DuplicateJsonObjectContextCustomizerFactory$DuplicateJsonObjectContextCustomizer@64d2d351, org.springframework.boot.test.mock.mockito.MockitoContextCustomizer@0, org.springframework.boot.test.autoconfigure.properties.PropertyMappingContextCustomizer@0, org.springframework.boot.test.autoconfigure.web.servlet.WebDriverContextCustomizerFactory$Customizer@52aa2946], contextLoader = 'org.springframework.test.context.support.DelegatingSmartContextLoader', parent = [null]]]; transaction manager [org.springframework.orm.jpa.JpaTransactionManager@4ece2750]; rollback [true]
[05/jul/2024 13:43:35] [:] INFO - Rolled back transaction for test: [DefaultTestContext@329af9b1 testClass = Tests, testInstance = org.isf.medicalstock.test.Tests@14f62c5f, testMethod = testIoNewMovement@Tests, testException = [null], mergedContextConfiguration = [MergedContextConfiguration@7535554e testClass = Tests, locations = '{classpath:applicationContext.xml, classpath:applicationContext.xml}', classes = '{}', contextInitializerClasses = '[]', activeProfiles = '{}', propertySourceLocations = '{}', propertySourceProperties = '{}', contextCustomizers = set[org.springframework.boot.test.context.filter.ExcludeFilterContextCustomizer@255b53dc, org.springframework.boot.test.json.DuplicateJsonObjectContextCustomizerFactory$DuplicateJsonObjectContextCustomizer@64d2d351, org.springframework.boot.test.mock.mockito.MockitoContextCustomizer@0, org.springframework.boot.test.autoconfigure.properties.PropertyMappingContextCustomizer@0, org.springframework.boot.test.autoconfigure.web.servlet.WebDriverContextCustomizerFactory$Customizer@52aa2946], contextLoader = 'org.springframework.test.context.support.DelegatingSmartContextLoader', parent = [null]]]
]]></system-out>
  </testcase>
  <testcase name="testMgrValidateNullWard[Test with AUTOMATICLOT_IN=true, AUTOMATICLOT_OUT=true, AUTOMATICLOTWARD_TOWARD=false]" classname="org.isf.medicalstock.test.Tests" time="0.014">
    <system-out><![CDATA[[05/jul/2024 13:43:35] [:] INFO - Began transaction (1) for test context [DefaultTestContext@329af9b1 testClass = Tests, testInstance = org.isf.medicalstock.test.Tests@1df8820e, testMethod = testMgrValidateNullWard@Tests, testException = [null], mergedContextConfiguration = [MergedContextConfiguration@7535554e testClass = Tests, locations = '{classpath:applicationContext.xml, classpath:applicationContext.xml}', classes = '{}', contextInitializerClasses = '[]', activeProfiles = '{}', propertySourceLocations = '{}', propertySourceProperties = '{}', contextCustomizers = set[org.springframework.boot.test.context.filter.ExcludeFilterContextCustomizer@255b53dc, org.springframework.boot.test.json.DuplicateJsonObjectContextCustomizerFactory$DuplicateJsonObjectContextCustomizer@64d2d351, org.springframework.boot.test.mock.mockito.MockitoContextCustomizer@0, org.springframework.boot.test.autoconfigure.properties.PropertyMappingContextCustomizer@0, org.springframework.boot.test.autoconfigure.web.servlet.WebDriverContextCustomizerFactory$Customizer@52aa2946], contextLoader = 'org.springframework.test.context.support.DelegatingSmartContextLoader', parent = [null]]]; transaction manager [org.springframework.orm.jpa.JpaTransactionManager@4ece2750]; rollback [true]
[05/jul/2024 13:43:35] [:] INFO - Rolled back transaction for test: [DefaultTestContext@329af9b1 testClass = Tests, testInstance = org.isf.medicalstock.test.Tests@1df8820e, testMethod = testMgrValidateNullWard@Tests, testException = [null], mergedContextConfiguration = [MergedContextConfiguration@7535554e testClass = Tests, locations = '{classpath:applicationContext.xml, classpath:applicationContext.xml}', classes = '{}', contextInitializerClasses = '[]', activeProfiles = '{}', propertySourceLocations = '{}', propertySourceProperties = '{}', contextCustomizers = set[org.springframework.boot.test.context.filter.ExcludeFilterContextCustomizer@255b53dc, org.springframework.boot.test.json.DuplicateJsonObjectContextCustomizerFactory$DuplicateJsonObjectContextCustomizer@64d2d351, org.springframework.boot.test.mock.mockito.MockitoContextCustomizer@0, org.springframework.boot.test.autoconfigure.properties.PropertyMappingContextCustomizer@0, org.springframework.boot.test.autoconfigure.web.servlet.WebDriverContextCustomizerFactory$Customizer@52aa2946], contextLoader = 'org.springframework.test.context.support.DelegatingSmartContextLoader', parent = [null]]]
]]></system-out>
  </testcase>
  <testcase name="testMgrValidateNullSupplier[Test with AUTOMATICLOT_IN=true, AUTOMATICLOT_OUT=true, AUTOMATICLOTWARD_TOWARD=false]" classname="org.isf.medicalstock.test.Tests" time="0.016">
    <system-out><![CDATA[[05/jul/2024 13:43:35] [:] INFO - Began transaction (1) for test context [DefaultTestContext@329af9b1 testClass = Tests, testInstance = org.isf.medicalstock.test.Tests@6a3c7ef4, testMethod = testMgrValidateNullSupplier@Tests, testException = [null], mergedContextConfiguration = [MergedContextConfiguration@7535554e testClass = Tests, locations = '{classpath:applicationContext.xml, classpath:applicationContext.xml}', classes = '{}', contextInitializerClasses = '[]', activeProfiles = '{}', propertySourceLocations = '{}', propertySourceProperties = '{}', contextCustomizers = set[org.springframework.boot.test.context.filter.ExcludeFilterContextCustomizer@255b53dc, org.springframework.boot.test.json.DuplicateJsonObjectContextCustomizerFactory$DuplicateJsonObjectContextCustomizer@64d2d351, org.springframework.boot.test.mock.mockito.MockitoContextCustomizer@0, org.springframework.boot.test.autoconfigure.properties.PropertyMappingContextCustomizer@0, org.springframework.boot.test.autoconfigure.web.servlet.WebDriverContextCustomizerFactory$Customizer@52aa2946], contextLoader = 'org.springframework.test.context.support.DelegatingSmartContextLoader', parent = [null]]]; transaction manager [org.springframework.orm.jpa.JpaTransactionManager@4ece2750]; rollback [true]
[05/jul/2024 13:43:35] [:] INFO - Rolled back transaction for test: [DefaultTestContext@329af9b1 testClass = Tests, testInstance = org.isf.medicalstock.test.Tests@6a3c7ef4, testMethod = testMgrValidateNullSupplier@Tests, testException = [null], mergedContextConfiguration = [MergedContextConfiguration@7535554e testClass = Tests, locations = '{classpath:applicationContext.xml, classpath:applicationContext.xml}', classes = '{}', contextInitializerClasses = '[]', activeProfiles = '{}', propertySourceLocations = '{}', propertySourceProperties = '{}', contextCustomizers = set[org.springframework.boot.test.context.filter.ExcludeFilterContextCustomizer@255b53dc, org.springframework.boot.test.json.DuplicateJsonObjectContextCustomizerFactory$DuplicateJsonObjectContextCustomizer@64d2d351, org.springframework.boot.test.mock.mockito.MockitoContextCustomizer@0, org.springframework.boot.test.autoconfigure.properties.PropertyMappingContextCustomizer@0, org.springframework.boot.test.autoconfigure.web.servlet.WebDriverContextCustomizerFactory$Customizer@52aa2946], contextLoader = 'org.springframework.test.context.support.DelegatingSmartContextLoader', parent = [null]]]
]]></system-out>
  </testcase>
  <testcase name="testMgrGetMovementsWihAllParameters[Test with AUTOMATICLOT_IN=true, AUTOMATICLOT_OUT=true, AUTOMATICLOTWARD_TOWARD=false]" classname="org.isf.medicalstock.test.Tests" time="0.012">
    <system-out><![CDATA[[05/jul/2024 13:43:35] [:] INFO - Began transaction (1) for test context [DefaultTestContext@329af9b1 testClass = Tests, testInstance = org.isf.medicalstock.test.Tests@649426aa, testMethod = testMgrGetMovementsWihAllParameters@Tests, testException = [null], mergedContextConfiguration = [MergedContextConfiguration@7535554e testClass = Tests, locations = '{classpath:applicationContext.xml, classpath:applicationContext.xml}', classes = '{}', contextInitializerClasses = '[]', activeProfiles = '{}', propertySourceLocations = '{}', propertySourceProperties = '{}', contextCustomizers = set[org.springframework.boot.test.context.filter.ExcludeFilterContextCustomizer@255b53dc, org.springframework.boot.test.json.DuplicateJsonObjectContextCustomizerFactory$DuplicateJsonObjectContextCustomizer@64d2d351, org.springframework.boot.test.mock.mockito.MockitoContextCustomizer@0, org.springframework.boot.test.autoconfigure.properties.PropertyMappingContextCustomizer@0, org.springframework.boot.test.autoconfigure.web.servlet.WebDriverContextCustomizerFactory$Customizer@52aa2946], contextLoader = 'org.springframework.test.context.support.DelegatingSmartContextLoader', parent = [null]]]; transaction manager [org.springframework.orm.jpa.JpaTransactionManager@4ece2750]; rollback [true]
[05/jul/2024 13:43:35] [:] INFO - Rolled back transaction for test: [DefaultTestContext@329af9b1 testClass = Tests, testInstance = org.isf.medicalstock.test.Tests@649426aa, testMethod = testMgrGetMovementsWihAllParameters@Tests, testException = [null], mergedContextConfiguration = [MergedContextConfiguration@7535554e testClass = Tests, locations = '{classpath:applicationContext.xml, classpath:applicationContext.xml}', classes = '{}', contextInitializerClasses = '[]', activeProfiles = '{}', propertySourceLocations = '{}', propertySourceProperties = '{}', contextCustomizers = set[org.springframework.boot.test.context.filter.ExcludeFilterContextCustomizer@255b53dc, org.springframework.boot.test.json.DuplicateJsonObjectContextCustomizerFactory$DuplicateJsonObjectContextCustomizer@64d2d351, org.springframework.boot.test.mock.mockito.MockitoContextCustomizer@0, org.springframework.boot.test.autoconfigure.properties.PropertyMappingContextCustomizer@0, org.springframework.boot.test.autoconfigure.web.servlet.WebDriverContextCustomizerFactory$Customizer@52aa2946], contextLoader = 'org.springframework.test.context.support.DelegatingSmartContextLoader', parent = [null]]]
]]></system-out>
  </testcase>
  <testcase name="testIoLotExists[Test with AUTOMATICLOT_IN=true, AUTOMATICLOT_OUT=true, AUTOMATICLOTWARD_TOWARD=false]" classname="org.isf.medicalstock.test.Tests" time="0.007">
    <system-out><![CDATA[[05/jul/2024 13:43:35] [:] INFO - Began transaction (1) for test context [DefaultTestContext@329af9b1 testClass = Tests, testInstance = org.isf.medicalstock.test.Tests@77af2ac1, testMethod = testIoLotExists@Tests, testException = [null], mergedContextConfiguration = [MergedContextConfiguration@7535554e testClass = Tests, locations = '{classpath:applicationContext.xml, classpath:applicationContext.xml}', classes = '{}', contextInitializerClasses = '[]', activeProfiles = '{}', propertySourceLocations = '{}', propertySourceProperties = '{}', contextCustomizers = set[org.springframework.boot.test.context.filter.ExcludeFilterContextCustomizer@255b53dc, org.springframework.boot.test.json.DuplicateJsonObjectContextCustomizerFactory$DuplicateJsonObjectContextCustomizer@64d2d351, org.springframework.boot.test.mock.mockito.MockitoContextCustomizer@0, org.springframework.boot.test.autoconfigure.properties.PropertyMappingContextCustomizer@0, org.springframework.boot.test.autoconfigure.web.servlet.WebDriverContextCustomizerFactory$Customizer@52aa2946], contextLoader = 'org.springframework.test.context.support.DelegatingSmartContextLoader', parent = [null]]]; transaction manager [org.springframework.orm.jpa.JpaTransactionManager@4ece2750]; rollback [true]
[05/jul/2024 13:43:35] [:] INFO - Rolled back transaction for test: [DefaultTestContext@329af9b1 testClass = Tests, testInstance = org.isf.medicalstock.test.Tests@77af2ac1, testMethod = testIoLotExists@Tests, testException = [null], mergedContextConfiguration = [MergedContextConfiguration@7535554e testClass = Tests, locations = '{classpath:applicationContext.xml, classpath:applicationContext.xml}', classes = '{}', contextInitializerClasses = '[]', activeProfiles = '{}', propertySourceLocations = '{}', propertySourceProperties = '{}', contextCustomizers = set[org.springframework.boot.test.context.filter.ExcludeFilterContextCustomizer@255b53dc, org.springframework.boot.test.json.DuplicateJsonObjectContextCustomizerFactory$DuplicateJsonObjectContextCustomizer@64d2d351, org.springframework.boot.test.mock.mockito.MockitoContextCustomizer@0, org.springframework.boot.test.autoconfigure.properties.PropertyMappingContextCustomizer@0, org.springframework.boot.test.autoconfigure.web.servlet.WebDriverContextCustomizerFactory$Customizer@52aa2946], contextLoader = 'org.springframework.test.context.support.DelegatingSmartContextLoader', parent = [null]]]
]]></system-out>
  </testcase>
  <testcase name="testLotToString[Test with AUTOMATICLOT_IN=true, AUTOMATICLOT_OUT=true, AUTOMATICLOTWARD_TOWARD=false]" classname="org.isf.medicalstock.test.Tests" time="0.009">
    <system-out><![CDATA[[05/jul/2024 13:43:35] [:] INFO - Began transaction (1) for test context [DefaultTestContext@329af9b1 testClass = Tests, testInstance = org.isf.medicalstock.test.Tests@295feb27, testMethod = testLotToString@Tests, testException = [null], mergedContextConfiguration = [MergedContextConfiguration@7535554e testClass = Tests, locations = '{classpath:applicationContext.xml, classpath:applicationContext.xml}', classes = '{}', contextInitializerClasses = '[]', activeProfiles = '{}', propertySourceLocations = '{}', propertySourceProperties = '{}', contextCustomizers = set[org.springframework.boot.test.context.filter.ExcludeFilterContextCustomizer@255b53dc, org.springframework.boot.test.json.DuplicateJsonObjectContextCustomizerFactory$DuplicateJsonObjectContextCustomizer@64d2d351, org.springframework.boot.test.mock.mockito.MockitoContextCustomizer@0, org.springframework.boot.test.autoconfigure.properties.PropertyMappingContextCustomizer@0, org.springframework.boot.test.autoconfigure.web.servlet.WebDriverContextCustomizerFactory$Customizer@52aa2946], contextLoader = 'org.springframework.test.context.support.DelegatingSmartContextLoader', parent = [null]]]; transaction manager [org.springframework.orm.jpa.JpaTransactionManager@4ece2750]; rollback [true]
[05/jul/2024 13:43:35] [:] INFO - Rolled back transaction for test: [DefaultTestContext@329af9b1 testClass = Tests, testInstance = org.isf.medicalstock.test.Tests@295feb27, testMethod = testLotToString@Tests, testException = [null], mergedContextConfiguration = [MergedContextConfiguration@7535554e testClass = Tests, locations = '{classpath:applicationContext.xml, classpath:applicationContext.xml}', classes = '{}', contextInitializerClasses = '[]', activeProfiles = '{}', propertySourceLocations = '{}', propertySourceProperties = '{}', contextCustomizers = set[org.springframework.boot.test.context.filter.ExcludeFilterContextCustomizer@255b53dc, org.springframework.boot.test.json.DuplicateJsonObjectContextCustomizerFactory$DuplicateJsonObjectContextCustomizer@64d2d351, org.springframework.boot.test.mock.mockito.MockitoContextCustomizer@0, org.springframework.boot.test.autoconfigure.properties.PropertyMappingContextCustomizer@0, org.springframework.boot.test.autoconfigure.web.servlet.WebDriverContextCustomizerFactory$Customizer@52aa2946], contextLoader = 'org.springframework.test.context.support.DelegatingSmartContextLoader', parent = [null]]]
]]></system-out>
  </testcase>
  <testcase name="testIoGetMovementForPrintPharmaceuticalTypeOrder[Test with AUTOMATICLOT_IN=true, AUTOMATICLOT_OUT=true, AUTOMATICLOTWARD_TOWARD=false]" classname="org.isf.medicalstock.test.Tests" time="0.018">
    <system-out><![CDATA[[05/jul/2024 13:43:35] [:] INFO - Began transaction (1) for test context [DefaultTestContext@329af9b1 testClass = Tests, testInstance = org.isf.medicalstock.test.Tests@2422f1d9, testMethod = testIoGetMovementForPrintPharmaceuticalTypeOrder@Tests, testException = [null], mergedContextConfiguration = [MergedContextConfiguration@7535554e testClass = Tests, locations = '{classpath:applicationContext.xml, classpath:applicationContext.xml}', classes = '{}', contextInitializerClasses = '[]', activeProfiles = '{}', propertySourceLocations = '{}', propertySourceProperties = '{}', contextCustomizers = set[org.springframework.boot.test.context.filter.ExcludeFilterContextCustomizer@255b53dc, org.springframework.boot.test.json.DuplicateJsonObjectContextCustomizerFactory$DuplicateJsonObjectContextCustomizer@64d2d351, org.springframework.boot.test.mock.mockito.MockitoContextCustomizer@0, org.springframework.boot.test.autoconfigure.properties.PropertyMappingContextCustomizer@0, org.springframework.boot.test.autoconfigure.web.servlet.WebDriverContextCustomizerFactory$Customizer@52aa2946], contextLoader = 'org.springframework.test.context.support.DelegatingSmartContextLoader', parent = [null]]]; transaction manager [org.springframework.orm.jpa.JpaTransactionManager@4ece2750]; rollback [true]
[05/jul/2024 13:43:35] [:] INFO - Rolled back transaction for test: [DefaultTestContext@329af9b1 testClass = Tests, testInstance = org.isf.medicalstock.test.Tests@2422f1d9, testMethod = testIoGetMovementForPrintPharmaceuticalTypeOrder@Tests, testException = [null], mergedContextConfiguration = [MergedContextConfiguration@7535554e testClass = Tests, locations = '{classpath:applicationContext.xml, classpath:applicationContext.xml}', classes = '{}', contextInitializerClasses = '[]', activeProfiles = '{}', propertySourceLocations = '{}', propertySourceProperties = '{}', contextCustomizers = set[org.springframework.boot.test.context.filter.ExcludeFilterContextCustomizer@255b53dc, org.springframework.boot.test.json.DuplicateJsonObjectContextCustomizerFactory$DuplicateJsonObjectContextCustomizer@64d2d351, org.springframework.boot.test.mock.mockito.MockitoContextCustomizer@0, org.springframework.boot.test.autoconfigure.properties.PropertyMappingContextCustomizer@0, org.springframework.boot.test.autoconfigure.web.servlet.WebDriverContextCustomizerFactory$Customizer@52aa2946], contextLoader = 'org.springframework.test.context.support.DelegatingSmartContextLoader', parent = [null]]]
]]></system-out>
  </testcase>
  <testcase name="testMgrPrepareDischargingMovement[Test with AUTOMATICLOT_IN=true, AUTOMATICLOT_OUT=true, AUTOMATICLOTWARD_TOWARD=false]" classname="org.isf.medicalstock.test.Tests" time="0.013">
    <system-out><![CDATA[[05/jul/2024 13:43:35] [:] INFO - Began transaction (1) for test context [DefaultTestContext@329af9b1 testClass = Tests, testInstance = org.isf.medicalstock.test.Tests@30183612, testMethod = testMgrPrepareDischargingMovement@Tests, testException = [null], mergedContextConfiguration = [MergedContextConfiguration@7535554e testClass = Tests, locations = '{classpath:applicationContext.xml, classpath:applicationContext.xml}', classes = '{}', contextInitializerClasses = '[]', activeProfiles = '{}', propertySourceLocations = '{}', propertySourceProperties = '{}', contextCustomizers = set[org.springframework.boot.test.context.filter.ExcludeFilterContextCustomizer@255b53dc, org.springframework.boot.test.json.DuplicateJsonObjectContextCustomizerFactory$DuplicateJsonObjectContextCustomizer@64d2d351, org.springframework.boot.test.mock.mockito.MockitoContextCustomizer@0, org.springframework.boot.test.autoconfigure.properties.PropertyMappingContextCustomizer@0, org.springframework.boot.test.autoconfigure.web.servlet.WebDriverContextCustomizerFactory$Customizer@52aa2946], contextLoader = 'org.springframework.test.context.support.DelegatingSmartContextLoader', parent = [null]]]; transaction manager [org.springframework.orm.jpa.JpaTransactionManager@4ece2750]; rollback [true]
[05/jul/2024 13:43:35] [:] INFO - Rolled back transaction for test: [DefaultTestContext@329af9b1 testClass = Tests, testInstance = org.isf.medicalstock.test.Tests@30183612, testMethod = testMgrPrepareDischargingMovement@Tests, testException = [null], mergedContextConfiguration = [MergedContextConfiguration@7535554e testClass = Tests, locations = '{classpath:applicationContext.xml, classpath:applicationContext.xml}', classes = '{}', contextInitializerClasses = '[]', activeProfiles = '{}', propertySourceLocations = '{}', propertySourceProperties = '{}', contextCustomizers = set[org.springframework.boot.test.context.filter.ExcludeFilterContextCustomizer@255b53dc, org.springframework.boot.test.json.DuplicateJsonObjectContextCustomizerFactory$DuplicateJsonObjectContextCustomizer@64d2d351, org.springframework.boot.test.mock.mockito.MockitoContextCustomizer@0, org.springframework.boot.test.autoconfigure.properties.PropertyMappingContextCustomizer@0, org.springframework.boot.test.autoconfigure.web.servlet.WebDriverContextCustomizerFactory$Customizer@52aa2946], contextLoader = 'org.springframework.test.context.support.DelegatingSmartContextLoader', parent = [null]]]
]]></system-out>
  </testcase>
  <testcase name="testMgrValidateNullMedical[Test with AUTOMATICLOT_IN=true, AUTOMATICLOT_OUT=true, AUTOMATICLOTWARD_TOWARD=false]" classname="org.isf.medicalstock.test.Tests" time="0.015">
    <system-out><![CDATA[[05/jul/2024 13:43:36] [:] INFO - Began transaction (1) for test context [DefaultTestContext@329af9b1 testClass = Tests, testInstance = org.isf.medicalstock.test.Tests@595f3297, testMethod = testMgrValidateNullMedical@Tests, testException = [null], mergedContextConfiguration = [MergedContextConfiguration@7535554e testClass = Tests, locations = '{classpath:applicationContext.xml, classpath:applicationContext.xml}', classes = '{}', contextInitializerClasses = '[]', activeProfiles = '{}', propertySourceLocations = '{}', propertySourceProperties = '{}', contextCustomizers = set[org.springframework.boot.test.context.filter.ExcludeFilterContextCustomizer@255b53dc, org.springframework.boot.test.json.DuplicateJsonObjectContextCustomizerFactory$DuplicateJsonObjectContextCustomizer@64d2d351, org.springframework.boot.test.mock.mockito.MockitoContextCustomizer@0, org.springframework.boot.test.autoconfigure.properties.PropertyMappingContextCustomizer@0, org.springframework.boot.test.autoconfigure.web.servlet.WebDriverContextCustomizerFactory$Customizer@52aa2946], contextLoader = 'org.springframework.test.context.support.DelegatingSmartContextLoader', parent = [null]]]; transaction manager [org.springframework.orm.jpa.JpaTransactionManager@4ece2750]; rollback [true]
[05/jul/2024 13:43:36] [:] INFO - Rolled back transaction for test: [DefaultTestContext@329af9b1 testClass = Tests, testInstance = org.isf.medicalstock.test.Tests@595f3297, testMethod = testMgrValidateNullMedical@Tests, testException = [null], mergedContextConfiguration = [MergedContextConfiguration@7535554e testClass = Tests, locations = '{classpath:applicationContext.xml, classpath:applicationContext.xml}', classes = '{}', contextInitializerClasses = '[]', activeProfiles = '{}', propertySourceLocations = '{}', propertySourceProperties = '{}', contextCustomizers = set[org.springframework.boot.test.context.filter.ExcludeFilterContextCustomizer@255b53dc, org.springframework.boot.test.json.DuplicateJsonObjectContextCustomizerFactory$DuplicateJsonObjectContextCustomizer@64d2d351, org.springframework.boot.test.mock.mockito.MockitoContextCustomizer@0, org.springframework.boot.test.autoconfigure.properties.PropertyMappingContextCustomizer@0, org.springframework.boot.test.autoconfigure.web.servlet.WebDriverContextCustomizerFactory$Customizer@52aa2946], contextLoader = 'org.springframework.test.context.support.DelegatingSmartContextLoader', parent = [null]]]
]]></system-out>
  </testcase>
  <testcase name="testMgrValidateLotPreparationDateAfterDueDate[Test with AUTOMATICLOT_IN=true, AUTOMATICLOT_OUT=true, AUTOMATICLOTWARD_TOWARD=false]" classname="org.isf.medicalstock.test.Tests" time="0.02">
    <system-out><![CDATA[[05/jul/2024 13:43:36] [:] INFO - Began transaction (1) for test context [DefaultTestContext@329af9b1 testClass = Tests, testInstance = org.isf.medicalstock.test.Tests@40b407f8, testMethod = testMgrValidateLotPreparationDateAfterDueDate@Tests, testException = [null], mergedContextConfiguration = [MergedContextConfiguration@7535554e testClass = Tests, locations = '{classpath:applicationContext.xml, classpath:applicationContext.xml}', classes = '{}', contextInitializerClasses = '[]', activeProfiles = '{}', propertySourceLocations = '{}', propertySourceProperties = '{}', contextCustomizers = set[org.springframework.boot.test.context.filter.ExcludeFilterContextCustomizer@255b53dc, org.springframework.boot.test.json.DuplicateJsonObjectContextCustomizerFactory$DuplicateJsonObjectContextCustomizer@64d2d351, org.springframework.boot.test.mock.mockito.MockitoContextCustomizer@0, org.springframework.boot.test.autoconfigure.properties.PropertyMappingContextCustomizer@0, org.springframework.boot.test.autoconfigure.web.servlet.WebDriverContextCustomizerFactory$Customizer@52aa2946], contextLoader = 'org.springframework.test.context.support.DelegatingSmartContextLoader', parent = [null]]]; transaction manager [org.springframework.orm.jpa.JpaTransactionManager@4ece2750]; rollback [true]
[05/jul/2024 13:43:36] [:] INFO - Rolled back transaction for test: [DefaultTestContext@329af9b1 testClass = Tests, testInstance = org.isf.medicalstock.test.Tests@40b407f8, testMethod = testMgrValidateLotPreparationDateAfterDueDate@Tests, testException = [null], mergedContextConfiguration = [MergedContextConfiguration@7535554e testClass = Tests, locations = '{classpath:applicationContext.xml, classpath:applicationContext.xml}', classes = '{}', contextInitializerClasses = '[]', activeProfiles = '{}', propertySourceLocations = '{}', propertySourceProperties = '{}', contextCustomizers = set[org.springframework.boot.test.context.filter.ExcludeFilterContextCustomizer@255b53dc, org.springframework.boot.test.json.DuplicateJsonObjectContextCustomizerFactory$DuplicateJsonObjectContextCustomizer@64d2d351, org.springframework.boot.test.mock.mockito.MockitoContextCustomizer@0, org.springframework.boot.test.autoconfigure.properties.PropertyMappingContextCustomizer@0, org.springframework.boot.test.autoconfigure.web.servlet.WebDriverContextCustomizerFactory$Customizer@52aa2946], contextLoader = 'org.springframework.test.context.support.DelegatingSmartContextLoader', parent = [null]]]
]]></system-out>
  </testcase>
  <testcase name="testMgrValidateLotCodeTooLong[Test with AUTOMATICLOT_IN=true, AUTOMATICLOT_OUT=true, AUTOMATICLOTWARD_TOWARD=false]" classname="org.isf.medicalstock.test.Tests" time="0.016">
    <system-out><![CDATA[[05/jul/2024 13:43:36] [:] INFO - Began transaction (1) for test context [DefaultTestContext@329af9b1 testClass = Tests, testInstance = org.isf.medicalstock.test.Tests@5839d511, testMethod = testMgrValidateLotCodeTooLong@Tests, testException = [null], mergedContextConfiguration = [MergedContextConfiguration@7535554e testClass = Tests, locations = '{classpath:applicationContext.xml, classpath:applicationContext.xml}', classes = '{}', contextInitializerClasses = '[]', activeProfiles = '{}', propertySourceLocations = '{}', propertySourceProperties = '{}', contextCustomizers = set[org.springframework.boot.test.context.filter.ExcludeFilterContextCustomizer@255b53dc, org.springframework.boot.test.json.DuplicateJsonObjectContextCustomizerFactory$DuplicateJsonObjectContextCustomizer@64d2d351, org.springframework.boot.test.mock.mockito.MockitoContextCustomizer@0, org.springframework.boot.test.autoconfigure.properties.PropertyMappingContextCustomizer@0, org.springframework.boot.test.autoconfigure.web.servlet.WebDriverContextCustomizerFactory$Customizer@52aa2946], contextLoader = 'org.springframework.test.context.support.DelegatingSmartContextLoader', parent = [null]]]; transaction manager [org.springframework.orm.jpa.JpaTransactionManager@4ece2750]; rollback [true]
[05/jul/2024 13:43:36] [:] ERROR - org.hibernate.TransientPropertyValueException: object references an unsaved transient instance - save the transient instance before flushing: org.isf.medicalstock.model.Movement.lot -> org.isf.medicalstock.model.Lot; nested exception is java.lang.IllegalStateException: org.hibernate.TransientPropertyValueException: object references an unsaved transient instance - save the transient instance before flushing: org.isf.medicalstock.model.Movement.lot -> org.isf.medicalstock.model.Lot
org.springframework.dao.InvalidDataAccessApiUsageException: org.hibernate.TransientPropertyValueException: object references an unsaved transient instance - save the transient instance before flushing: org.isf.medicalstock.model.Movement.lot -> org.isf.medicalstock.model.Lot; nested exception is java.lang.IllegalStateException: org.hibernate.TransientPropertyValueException: object references an unsaved transient instance - save the transient instance before flushing: org.isf.medicalstock.model.Movement.lot -> org.isf.medicalstock.model.Lot
	at org.springframework.orm.jpa.EntityManagerFactoryUtils.convertJpaAccessExceptionIfPossible(EntityManagerFactoryUtils.java:387)
	at org.springframework.orm.jpa.vendor.HibernateJpaDialect.translateExceptionIfPossible(HibernateJpaDialect.java:246)
	at org.springframework.orm.jpa.AbstractEntityManagerFactoryBean.translateExceptionIfPossible(AbstractEntityManagerFactoryBean.java:525)
	at org.springframework.dao.support.ChainedPersistenceExceptionTranslator.translateExceptionIfPossible(ChainedPersistenceExceptionTranslator.java:59)
	at org.springframework.dao.support.DataAccessUtils.translateIfNecessary(DataAccessUtils.java:209)
	at org.springframework.dao.support.PersistenceExceptionTranslationInterceptor.invoke(PersistenceExceptionTranslationInterceptor.java:147)
	at org.springframework.aop.framework.ReflectiveMethodInvocation.proceed(ReflectiveMethodInvocation.java:179)
	at org.springframework.data.jpa.repository.support.CrudMethodMetadataPostProcessor$CrudMethodMetadataPopulatingMethodInterceptor.invoke(CrudMethodMetadataPostProcessor.java:140)
	at org.springframework.aop.framework.ReflectiveMethodInvocation.proceed(ReflectiveMethodInvocation.java:179)
	at org.springframework.data.jpa.repository.support.CrudMethodMetadataPostProcessor$ExposeRepositoryInvocationInterceptor.invoke(CrudMethodMetadataPostProcessor.java:347)
	at org.springframework.aop.framework.ReflectiveMethodInvocation.proceed(ReflectiveMethodInvocation.java:179)
	at org.springframework.aop.interceptor.ExposeInvocationInterceptor.invoke(ExposeInvocationInterceptor.java:92)
	at org.springframework.aop.framework.ReflectiveMethodInvocation.proceed(ReflectiveMethodInvocation.java:179)
	at org.springframework.data.repository.core.support.SurroundingTransactionDetectorMethodInterceptor.invoke(SurroundingTransactionDetectorMethodInterceptor.java:57)
	at org.springframework.aop.framework.ReflectiveMethodInvocation.proceed(ReflectiveMethodInvocation.java:179)
	at org.springframework.aop.framework.JdkDynamicAopProxy.invoke(JdkDynamicAopProxy.java:213)
	at com.sun.proxy.$Proxy109.findMaxDate(Unknown Source)
	at org.isf.medicalstock.service.MedicalStockIoOperations.getLastMovementDate(MedicalStockIoOperations.java:565)
	at org.isf.medicalstock.service.MedicalStockIoOperations$$FastClassBySpringCGLIB$$a00ee1bd.invoke(<generated>)
	at org.springframework.cglib.proxy.MethodProxy.invoke(MethodProxy.java:204)
	at org.springframework.aop.framework.CglibAopProxy$CglibMethodInvocation.invokeJoinpoint(CglibAopProxy.java:737)
	at org.springframework.aop.framework.ReflectiveMethodInvocation.proceed(ReflectiveMethodInvocation.java:157)
	at org.springframework.transaction.interceptor.TransactionInterceptor$1.proceedWithInvocation(TransactionInterceptor.java:99)
	at org.springframework.transaction.interceptor.TransactionAspectSupport.invokeWithinTransaction(TransactionAspectSupport.java:283)
	at org.springframework.transaction.interceptor.TransactionInterceptor.invoke(TransactionInterceptor.java:96)
	at org.springframework.aop.framework.ReflectiveMethodInvocation.proceed(ReflectiveMethodInvocation.java:179)
	at org.springframework.aop.interceptor.ExposeInvocationInterceptor.invoke(ExposeInvocationInterceptor.java:92)
	at org.springframework.aop.framework.ReflectiveMethodInvocation.proceed(ReflectiveMethodInvocation.java:179)
	at org.springframework.aop.aspectj.MethodInvocationProceedingJoinPoint.proceed(MethodInvocationProceedingJoinPoint.java:84)
	at org.isf.utils.db.OHServiceExceptionTranslator.translateSqlExceptionToOHServiceException(OHServiceExceptionTranslator.java:55)
	at sun.reflect.GeneratedMethodAccessor67.invoke(Unknown Source)
	at sun.reflect.DelegatingMethodAccessorImpl.invoke(DelegatingMethodAccessorImpl.java:43)
	at java.lang.reflect.Method.invoke(Method.java:498)
	at org.springframework.aop.aspectj.AbstractAspectJAdvice.invokeAdviceMethodWithGivenArgs(AbstractAspectJAdvice.java:627)
	at org.springframework.aop.aspectj.AbstractAspectJAdvice.invokeAdviceMethod(AbstractAspectJAdvice.java:616)
	at org.springframework.aop.aspectj.AspectJAroundAdvice.invoke(AspectJAroundAdvice.java:70)
	at org.springframework.aop.framework.ReflectiveMethodInvocation.proceed(ReflectiveMethodInvocation.java:179)
	at org.springframework.aop.framework.CglibAopProxy$DynamicAdvisedInterceptor.intercept(CglibAopProxy.java:672)
	at org.isf.medicalstock.service.MedicalStockIoOperations$$EnhancerBySpringCGLIB$$36e028cc.getLastMovementDate(<generated>)
	at org.isf.medicalstock.manager.MovStockInsertingManager.getLastMovementDate(MovStockInsertingManager.java:278)
	at org.isf.medicalstock.manager.MovStockInsertingManager.validateMovement(MovStockInsertingManager.java:68)
	at org.isf.medicalstock.manager.MovStockInsertingManager.prepareChargingMovement(MovStockInsertingManager.java:349)
	at org.isf.medicalstock.manager.MovStockInsertingManager.newMultipleChargingMovements(MovStockInsertingManager.java:326)
	at org.isf.medicalstock.manager.MovStockInsertingManager$$FastClassBySpringCGLIB$$2a8b6bd4.invoke(<generated>)
	at org.springframework.cglib.proxy.MethodProxy.invoke(MethodProxy.java:204)
	at org.springframework.aop.framework.CglibAopProxy$CglibMethodInvocation.invokeJoinpoint(CglibAopProxy.java:737)
	at org.springframework.aop.framework.ReflectiveMethodInvocation.proceed(ReflectiveMethodInvocation.java:157)
	at org.springframework.transaction.interceptor.TransactionInterceptor$1.proceedWithInvocation(TransactionInterceptor.java:99)
	at org.springframework.transaction.interceptor.TransactionAspectSupport.invokeWithinTransaction(TransactionAspectSupport.java:283)
	at org.springframework.transaction.interceptor.TransactionInterceptor.invoke(TransactionInterceptor.java:96)
	at org.springframework.aop.framework.ReflectiveMethodInvocation.proceed(ReflectiveMethodInvocation.java:179)
	at org.springframework.aop.framework.CglibAopProxy$DynamicAdvisedInterceptor.intercept(CglibAopProxy.java:672)
	at org.isf.medicalstock.manager.MovStockInsertingManager$$EnhancerBySpringCGLIB$$ef6ee236.newMultipleChargingMovements(<generated>)
	at org.isf.medicalstock.test.Tests.lambda$28(Tests.java:943)
	at org.assertj.core.api.ThrowableAssert.catchThrowable(ThrowableAssert.java:62)
	at org.assertj.core.api.AssertionsForClassTypes.catchThrowable(AssertionsForClassTypes.java:877)
	at org.assertj.core.api.Assertions.catchThrowable(Assertions.java:1336)
	at org.assertj.core.api.Assertions.assertThatThrownBy(Assertions.java:1181)
	at org.isf.medicalstock.test.Tests.testMgrValidateLotCodeTooLong(Tests.java:935)
	at sun.reflect.NativeMethodAccessorImpl.invoke0(Native Method)
	at sun.reflect.NativeMethodAccessorImpl.invoke(NativeMethodAccessorImpl.java:62)
	at sun.reflect.DelegatingMethodAccessorImpl.invoke(DelegatingMethodAccessorImpl.java:43)
	at java.lang.reflect.Method.invoke(Method.java:498)
	at org.junit.runners.model.FrameworkMethod$1.runReflectiveCall(FrameworkMethod.java:59)
	at org.junit.internal.runners.model.ReflectiveCallable.run(ReflectiveCallable.java:12)
	at org.junit.runners.model.FrameworkMethod.invokeExplosively(FrameworkMethod.java:56)
	at org.junit.internal.runners.statements.InvokeMethod.evaluate(InvokeMethod.java:17)
	at org.junit.internal.runners.statements.RunBefores.evaluate(RunBefores.java:26)
	at org.springframework.test.context.junit4.statements.RunBeforeTestMethodCallbacks.evaluate(RunBeforeTestMethodCallbacks.java:75)
	at org.springframework.test.context.junit4.statements.RunAfterTestMethodCallbacks.evaluate(RunAfterTestMethodCallbacks.java:86)
	at org.springframework.test.context.junit4.statements.RunPrepareTestInstanceCallbacks.evaluate(RunPrepareTestInstanceCallbacks.java:64)
	at org.springframework.test.context.junit4.statements.SpringRepeat.evaluate(SpringRepeat.java:84)
	at org.springframework.test.context.junit4.statements.SpringFailOnTimeout.evaluate(SpringFailOnTimeout.java:87)
	at org.springframework.test.context.junit4.statements.ProfileValueChecker.evaluate(ProfileValueChecker.java:101)
	at org.junit.runners.ParentRunner$3.evaluate(ParentRunner.java:306)
	at org.junit.runners.BlockJUnit4ClassRunner$1.evaluate(BlockJUnit4ClassRunner.java:100)
	at org.junit.runners.ParentRunner.runLeaf(ParentRunner.java:366)
	at org.junit.runners.BlockJUnit4ClassRunner.runChild(BlockJUnit4ClassRunner.java:103)
	at org.junit.runners.BlockJUnit4ClassRunner.runChild(BlockJUnit4ClassRunner.java:63)
	at org.junit.runners.ParentRunner$4.run(ParentRunner.java:331)
	at org.junit.runners.ParentRunner$1.schedule(ParentRunner.java:79)
	at org.junit.runners.ParentRunner.runChildren(ParentRunner.java:329)
	at org.junit.runners.ParentRunner.access$100(ParentRunner.java:66)
	at org.junit.runners.ParentRunner$2.evaluate(ParentRunner.java:293)
	at org.junit.runners.ParentRunner.run(ParentRunner.java:413)
	at org.junit.runners.Suite.runChild(Suite.java:128)
	at org.junit.runners.Suite.runChild(Suite.java:27)
	at org.junit.runners.ParentRunner$4.run(ParentRunner.java:331)
	at org.junit.runners.ParentRunner$1.schedule(ParentRunner.java:79)
	at org.junit.runners.ParentRunner.runChildren(ParentRunner.java:329)
	at org.junit.runners.ParentRunner.access$100(ParentRunner.java:66)
	at org.junit.runners.ParentRunner$2.evaluate(ParentRunner.java:293)
	at org.junit.internal.runners.statements.RunBefores.evaluate(RunBefores.java:26)
	at org.junit.internal.runners.statements.RunAfters.evaluate(RunAfters.java:27)
	at org.springframework.test.context.junit4.statements.RunBeforeTestClassCallbacks.evaluate(RunBeforeTestClassCallbacks.java:61)
	at org.springframework.test.context.junit4.statements.RunAfterTestClassCallbacks.evaluate(RunAfterTestClassCallbacks.java:70)
	at org.springframework.test.context.junit4.statements.ProfileValueChecker.evaluate(ProfileValueChecker.java:101)
	at org.springframework.test.context.junit4.rules.SpringClassRule$TestContextManagerCacheEvictor.evaluate(SpringClassRule.java:242)
	at org.junit.rules.RunRules.evaluate(RunRules.java:20)
	at org.junit.runners.ParentRunner$3.evaluate(ParentRunner.java:306)
	at org.junit.runners.ParentRunner.run(ParentRunner.java:413)
	at org.apache.maven.surefire.junit4.JUnit4Provider.execute(JUnit4Provider.java:316)
	at org.apache.maven.surefire.junit4.JUnit4Provider.executeWithRerun(JUnit4Provider.java:240)
	at org.apache.maven.surefire.junit4.JUnit4Provider.executeTestSet(JUnit4Provider.java:214)
	at org.apache.maven.surefire.junit4.JUnit4Provider.invoke(JUnit4Provider.java:155)
	at org.apache.maven.surefire.booter.ForkedBooter.runSuitesInProcess(ForkedBooter.java:385)
	at org.apache.maven.surefire.booter.ForkedBooter.execute(ForkedBooter.java:162)
	at org.apache.maven.surefire.booter.ForkedBooter.run(ForkedBooter.java:507)
	at org.apache.maven.surefire.booter.ForkedBooter.main(ForkedBooter.java:495)
Caused by: java.lang.IllegalStateException: org.hibernate.TransientPropertyValueException: object references an unsaved transient instance - save the transient instance before flushing: org.isf.medicalstock.model.Movement.lot -> org.isf.medicalstock.model.Lot
	at org.hibernate.ejb.AbstractEntityManagerImpl.convert(AbstractEntityManagerImpl.java:1384)
	at org.hibernate.ejb.AbstractEntityManagerImpl.convert(AbstractEntityManagerImpl.java:1310)
	at org.hibernate.ejb.QueryImpl.getSingleResult(QueryImpl.java:316)
	at org.springframework.data.jpa.repository.query.JpaQueryExecution$SingleEntityExecution.doExecute(JpaQueryExecution.java:210)
	at org.springframework.data.jpa.repository.query.JpaQueryExecution.execute(JpaQueryExecution.java:89)
	at org.springframework.data.jpa.repository.query.AbstractJpaQuery.doExecute(AbstractJpaQuery.java:126)
	at org.springframework.data.jpa.repository.query.AbstractJpaQuery.execute(AbstractJpaQuery.java:116)
	at org.springframework.data.repository.core.support.RepositoryFactorySupport$QueryExecutorMethodInterceptor.doInvoke(RepositoryFactorySupport.java:494)
	at org.springframework.data.repository.core.support.RepositoryFactorySupport$QueryExecutorMethodInterceptor.invoke(RepositoryFactorySupport.java:477)
	at org.springframework.aop.framework.ReflectiveMethodInvocation.proceed(ReflectiveMethodInvocation.java:179)
	at org.springframework.data.projection.DefaultMethodInvokingMethodInterceptor.invoke(DefaultMethodInvokingMethodInterceptor.java:56)
	at org.springframework.aop.framework.ReflectiveMethodInvocation.proceed(ReflectiveMethodInvocation.java:179)
	at org.springframework.transaction.interceptor.TransactionInterceptor$1.proceedWithInvocation(TransactionInterceptor.java:99)
	at org.springframework.transaction.interceptor.TransactionAspectSupport.invokeWithinTransaction(TransactionAspectSupport.java:283)
	at org.springframework.transaction.interceptor.TransactionInterceptor.invoke(TransactionInterceptor.java:96)
	at org.springframework.aop.framework.ReflectiveMethodInvocation.proceed(ReflectiveMethodInvocation.java:179)
	at org.springframework.dao.support.PersistenceExceptionTranslationInterceptor.invoke(PersistenceExceptionTranslationInterceptor.java:136)
	... 103 more
Caused by: org.hibernate.TransientPropertyValueException: object references an unsaved transient instance - save the transient instance before flushing: org.isf.medicalstock.model.Movement.lot -> org.isf.medicalstock.model.Lot
	at org.hibernate.engine.spi.CascadingAction$8.noCascade(CascadingAction.java:380)
	at org.hibernate.engine.internal.Cascade.cascade(Cascade.java:175)
	at org.hibernate.event.internal.AbstractFlushingEventListener.cascadeOnFlush(AbstractFlushingEventListener.java:165)
	at org.hibernate.event.internal.AbstractFlushingEventListener.prepareEntityFlushes(AbstractFlushingEventListener.java:156)
	at org.hibernate.event.internal.AbstractFlushingEventListener.flushEverythingToExecutions(AbstractFlushingEventListener.java:89)
	at org.hibernate.event.internal.DefaultAutoFlushEventListener.onAutoFlush(DefaultAutoFlushEventListener.java:61)
	at org.hibernate.internal.SessionImpl.autoFlushIfRequired(SessionImpl.java:1130)
	at org.hibernate.internal.SessionImpl.list(SessionImpl.java:1187)
	at org.hibernate.internal.QueryImpl.list(QueryImpl.java:101)
	at org.hibernate.ejb.QueryImpl.getSingleResult(QueryImpl.java:287)
	... 117 more
[05/jul/2024 13:43:36] [:] INFO - Rolled back transaction for test: [DefaultTestContext@329af9b1 testClass = Tests, testInstance = org.isf.medicalstock.test.Tests@5839d511, testMethod = testMgrValidateLotCodeTooLong@Tests, testException = [null], mergedContextConfiguration = [MergedContextConfiguration@7535554e testClass = Tests, locations = '{classpath:applicationContext.xml, classpath:applicationContext.xml}', classes = '{}', contextInitializerClasses = '[]', activeProfiles = '{}', propertySourceLocations = '{}', propertySourceProperties = '{}', contextCustomizers = set[org.springframework.boot.test.context.filter.ExcludeFilterContextCustomizer@255b53dc, org.springframework.boot.test.json.DuplicateJsonObjectContextCustomizerFactory$DuplicateJsonObjectContextCustomizer@64d2d351, org.springframework.boot.test.mock.mockito.MockitoContextCustomizer@0, org.springframework.boot.test.autoconfigure.properties.PropertyMappingContextCustomizer@0, org.springframework.boot.test.autoconfigure.web.servlet.WebDriverContextCustomizerFactory$Customizer@52aa2946], contextLoader = 'org.springframework.test.context.support.DelegatingSmartContextLoader', parent = [null]]]
]]></system-out>
  </testcase>
  <testcase name="testIoNewAutomaticDischargingMovementLotQuantityLessMovementQuantity[Test with AUTOMATICLOT_IN=true, AUTOMATICLOT_OUT=true, AUTOMATICLOTWARD_TOWARD=false]" classname="org.isf.medicalstock.test.Tests" time="0.02">
    <system-out><![CDATA[[05/jul/2024 13:43:36] [:] INFO - Began transaction (1) for test context [DefaultTestContext@329af9b1 testClass = Tests, testInstance = org.isf.medicalstock.test.Tests@6590a033, testMethod = testIoNewAutomaticDischargingMovementLotQuantityLessMovementQuantity@Tests, testException = [null], mergedContextConfiguration = [MergedContextConfiguration@7535554e testClass = Tests, locations = '{classpath:applicationContext.xml, classpath:applicationContext.xml}', classes = '{}', contextInitializerClasses = '[]', activeProfiles = '{}', propertySourceLocations = '{}', propertySourceProperties = '{}', contextCustomizers = set[org.springframework.boot.test.context.filter.ExcludeFilterContextCustomizer@255b53dc, org.springframework.boot.test.json.DuplicateJsonObjectContextCustomizerFactory$DuplicateJsonObjectContextCustomizer@64d2d351, org.springframework.boot.test.mock.mockito.MockitoContextCustomizer@0, org.springframework.boot.test.autoconfigure.properties.PropertyMappingContextCustomizer@0, org.springframework.boot.test.autoconfigure.web.servlet.WebDriverContextCustomizerFactory$Customizer@52aa2946], contextLoader = 'org.springframework.test.context.support.DelegatingSmartContextLoader', parent = [null]]]; transaction manager [org.springframework.orm.jpa.JpaTransactionManager@4ece2750]; rollback [true]
[05/jul/2024 13:43:36] [:] INFO - Rolled back transaction for test: [DefaultTestContext@329af9b1 testClass = Tests, testInstance = org.isf.medicalstock.test.Tests@6590a033, testMethod = testIoNewAutomaticDischargingMovementLotQuantityLessMovementQuantity@Tests, testException = [null], mergedContextConfiguration = [MergedContextConfiguration@7535554e testClass = Tests, locations = '{classpath:applicationContext.xml, classpath:applicationContext.xml}', classes = '{}', contextInitializerClasses = '[]', activeProfiles = '{}', propertySourceLocations = '{}', propertySourceProperties = '{}', contextCustomizers = set[org.springframework.boot.test.context.filter.ExcludeFilterContextCustomizer@255b53dc, org.springframework.boot.test.json.DuplicateJsonObjectContextCustomizerFactory$DuplicateJsonObjectContextCustomizer@64d2d351, org.springframework.boot.test.mock.mockito.MockitoContextCustomizer@0, org.springframework.boot.test.autoconfigure.properties.PropertyMappingContextCustomizer@0, org.springframework.boot.test.autoconfigure.web.servlet.WebDriverContextCustomizerFactory$Customizer@52aa2946], contextLoader = 'org.springframework.test.context.support.DelegatingSmartContextLoader', parent = [null]]]
]]></system-out>
  </testcase>
  <testcase name="testIoNewMovementOutGoingLots[Test with AUTOMATICLOT_IN=true, AUTOMATICLOT_OUT=true, AUTOMATICLOTWARD_TOWARD=false]" classname="org.isf.medicalstock.test.Tests" time="0.013">
    <system-out><![CDATA[[05/jul/2024 13:43:36] [:] INFO - Began transaction (1) for test context [DefaultTestContext@329af9b1 testClass = Tests, testInstance = org.isf.medicalstock.test.Tests@1f611c8a, testMethod = testIoNewMovementOutGoingLots@Tests, testException = [null], mergedContextConfiguration = [MergedContextConfiguration@7535554e testClass = Tests, locations = '{classpath:applicationContext.xml, classpath:applicationContext.xml}', classes = '{}', contextInitializerClasses = '[]', activeProfiles = '{}', propertySourceLocations = '{}', propertySourceProperties = '{}', contextCustomizers = set[org.springframework.boot.test.context.filter.ExcludeFilterContextCustomizer@255b53dc, org.springframework.boot.test.json.DuplicateJsonObjectContextCustomizerFactory$DuplicateJsonObjectContextCustomizer@64d2d351, org.springframework.boot.test.mock.mockito.MockitoContextCustomizer@0, org.springframework.boot.test.autoconfigure.properties.PropertyMappingContextCustomizer@0, org.springframework.boot.test.autoconfigure.web.servlet.WebDriverContextCustomizerFactory$Customizer@52aa2946], contextLoader = 'org.springframework.test.context.support.DelegatingSmartContextLoader', parent = [null]]]; transaction manager [org.springframework.orm.jpa.JpaTransactionManager@4ece2750]; rollback [true]
[05/jul/2024 13:43:36] [:] INFO - Rolled back transaction for test: [DefaultTestContext@329af9b1 testClass = Tests, testInstance = org.isf.medicalstock.test.Tests@1f611c8a, testMethod = testIoNewMovementOutGoingLots@Tests, testException = [null], mergedContextConfiguration = [MergedContextConfiguration@7535554e testClass = Tests, locations = '{classpath:applicationContext.xml, classpath:applicationContext.xml}', classes = '{}', contextInitializerClasses = '[]', activeProfiles = '{}', propertySourceLocations = '{}', propertySourceProperties = '{}', contextCustomizers = set[org.springframework.boot.test.context.filter.ExcludeFilterContextCustomizer@255b53dc, org.springframework.boot.test.json.DuplicateJsonObjectContextCustomizerFactory$DuplicateJsonObjectContextCustomizer@64d2d351, org.springframework.boot.test.mock.mockito.MockitoContextCustomizer@0, org.springframework.boot.test.autoconfigure.properties.PropertyMappingContextCustomizer@0, org.springframework.boot.test.autoconfigure.web.servlet.WebDriverContextCustomizerFactory$Customizer@52aa2946], contextLoader = 'org.springframework.test.context.support.DelegatingSmartContextLoader', parent = [null]]]
]]></system-out>
  </testcase>
  <testcase name="testIoGetMedicalsFromLot[Test with AUTOMATICLOT_IN=true, AUTOMATICLOT_OUT=true, AUTOMATICLOTWARD_TOWARD=false]" classname="org.isf.medicalstock.test.Tests" time="0.014">
    <system-out><![CDATA[[05/jul/2024 13:43:36] [:] INFO - Began transaction (1) for test context [DefaultTestContext@329af9b1 testClass = Tests, testInstance = org.isf.medicalstock.test.Tests@141dc307, testMethod = testIoGetMedicalsFromLot@Tests, testException = [null], mergedContextConfiguration = [MergedContextConfiguration@7535554e testClass = Tests, locations = '{classpath:applicationContext.xml, classpath:applicationContext.xml}', classes = '{}', contextInitializerClasses = '[]', activeProfiles = '{}', propertySourceLocations = '{}', propertySourceProperties = '{}', contextCustomizers = set[org.springframework.boot.test.context.filter.ExcludeFilterContextCustomizer@255b53dc, org.springframework.boot.test.json.DuplicateJsonObjectContextCustomizerFactory$DuplicateJsonObjectContextCustomizer@64d2d351, org.springframework.boot.test.mock.mockito.MockitoContextCustomizer@0, org.springframework.boot.test.autoconfigure.properties.PropertyMappingContextCustomizer@0, org.springframework.boot.test.autoconfigure.web.servlet.WebDriverContextCustomizerFactory$Customizer@52aa2946], contextLoader = 'org.springframework.test.context.support.DelegatingSmartContextLoader', parent = [null]]]; transaction manager [org.springframework.orm.jpa.JpaTransactionManager@4ece2750]; rollback [true]
[05/jul/2024 13:43:36] [:] INFO - Rolled back transaction for test: [DefaultTestContext@329af9b1 testClass = Tests, testInstance = org.isf.medicalstock.test.Tests@141dc307, testMethod = testIoGetMedicalsFromLot@Tests, testException = [null], mergedContextConfiguration = [MergedContextConfiguration@7535554e testClass = Tests, locations = '{classpath:applicationContext.xml, classpath:applicationContext.xml}', classes = '{}', contextInitializerClasses = '[]', activeProfiles = '{}', propertySourceLocations = '{}', propertySourceProperties = '{}', contextCustomizers = set[org.springframework.boot.test.context.filter.ExcludeFilterContextCustomizer@255b53dc, org.springframework.boot.test.json.DuplicateJsonObjectContextCustomizerFactory$DuplicateJsonObjectContextCustomizer@64d2d351, org.springframework.boot.test.mock.mockito.MockitoContextCustomizer@0, org.springframework.boot.test.autoconfigure.properties.PropertyMappingContextCustomizer@0, org.springframework.boot.test.autoconfigure.web.servlet.WebDriverContextCustomizerFactory$Customizer@52aa2946], contextLoader = 'org.springframework.test.context.support.DelegatingSmartContextLoader', parent = [null]]]
]]></system-out>
  </testcase>
  <testcase name="testMgrGetMovementsWithParameters[Test with AUTOMATICLOT_IN=true, AUTOMATICLOT_OUT=true, AUTOMATICLOTWARD_TOWARD=false]" classname="org.isf.medicalstock.test.Tests" time="0.016">
    <system-out><![CDATA[[05/jul/2024 13:43:36] [:] INFO - Began transaction (1) for test context [DefaultTestContext@329af9b1 testClass = Tests, testInstance = org.isf.medicalstock.test.Tests@562df2a9, testMethod = testMgrGetMovementsWithParameters@Tests, testException = [null], mergedContextConfiguration = [MergedContextConfiguration@7535554e testClass = Tests, locations = '{classpath:applicationContext.xml, classpath:applicationContext.xml}', classes = '{}', contextInitializerClasses = '[]', activeProfiles = '{}', propertySourceLocations = '{}', propertySourceProperties = '{}', contextCustomizers = set[org.springframework.boot.test.context.filter.ExcludeFilterContextCustomizer@255b53dc, org.springframework.boot.test.json.DuplicateJsonObjectContextCustomizerFactory$DuplicateJsonObjectContextCustomizer@64d2d351, org.springframework.boot.test.mock.mockito.MockitoContextCustomizer@0, org.springframework.boot.test.autoconfigure.properties.PropertyMappingContextCustomizer@0, org.springframework.boot.test.autoconfigure.web.servlet.WebDriverContextCustomizerFactory$Customizer@52aa2946], contextLoader = 'org.springframework.test.context.support.DelegatingSmartContextLoader', parent = [null]]]; transaction manager [org.springframework.orm.jpa.JpaTransactionManager@4ece2750]; rollback [true]
[05/jul/2024 13:43:36] [:] INFO - Rolled back transaction for test: [DefaultTestContext@329af9b1 testClass = Tests, testInstance = org.isf.medicalstock.test.Tests@562df2a9, testMethod = testMgrGetMovementsWithParameters@Tests, testException = [null], mergedContextConfiguration = [MergedContextConfiguration@7535554e testClass = Tests, locations = '{classpath:applicationContext.xml, classpath:applicationContext.xml}', classes = '{}', contextInitializerClasses = '[]', activeProfiles = '{}', propertySourceLocations = '{}', propertySourceProperties = '{}', contextCustomizers = set[org.springframework.boot.test.context.filter.ExcludeFilterContextCustomizer@255b53dc, org.springframework.boot.test.json.DuplicateJsonObjectContextCustomizerFactory$DuplicateJsonObjectContextCustomizer@64d2d351, org.springframework.boot.test.mock.mockito.MockitoContextCustomizer@0, org.springframework.boot.test.autoconfigure.properties.PropertyMappingContextCustomizer@0, org.springframework.boot.test.autoconfigure.web.servlet.WebDriverContextCustomizerFactory$Customizer@52aa2946], contextLoader = 'org.springframework.test.context.support.DelegatingSmartContextLoader', parent = [null]]]
]]></system-out>
  </testcase>
  <testcase name="testMgrRefNoExists[Test with AUTOMATICLOT_IN=true, AUTOMATICLOT_OUT=true, AUTOMATICLOTWARD_TOWARD=false]" classname="org.isf.medicalstock.test.Tests" time="0.018">
    <system-out><![CDATA[[05/jul/2024 13:43:36] [:] INFO - Began transaction (1) for test context [DefaultTestContext@329af9b1 testClass = Tests, testInstance = org.isf.medicalstock.test.Tests@331be7b8, testMethod = testMgrRefNoExists@Tests, testException = [null], mergedContextConfiguration = [MergedContextConfiguration@7535554e testClass = Tests, locations = '{classpath:applicationContext.xml, classpath:applicationContext.xml}', classes = '{}', contextInitializerClasses = '[]', activeProfiles = '{}', propertySourceLocations = '{}', propertySourceProperties = '{}', contextCustomizers = set[org.springframework.boot.test.context.filter.ExcludeFilterContextCustomizer@255b53dc, org.springframework.boot.test.json.DuplicateJsonObjectContextCustomizerFactory$DuplicateJsonObjectContextCustomizer@64d2d351, org.springframework.boot.test.mock.mockito.MockitoContextCustomizer@0, org.springframework.boot.test.autoconfigure.properties.PropertyMappingContextCustomizer@0, org.springframework.boot.test.autoconfigure.web.servlet.WebDriverContextCustomizerFactory$Customizer@52aa2946], contextLoader = 'org.springframework.test.context.support.DelegatingSmartContextLoader', parent = [null]]]; transaction manager [org.springframework.orm.jpa.JpaTransactionManager@4ece2750]; rollback [true]
[05/jul/2024 13:43:36] [:] INFO - Rolled back transaction for test: [DefaultTestContext@329af9b1 testClass = Tests, testInstance = org.isf.medicalstock.test.Tests@331be7b8, testMethod = testMgrRefNoExists@Tests, testException = [null], mergedContextConfiguration = [MergedContextConfiguration@7535554e testClass = Tests, locations = '{classpath:applicationContext.xml, classpath:applicationContext.xml}', classes = '{}', contextInitializerClasses = '[]', activeProfiles = '{}', propertySourceLocations = '{}', propertySourceProperties = '{}', contextCustomizers = set[org.springframework.boot.test.context.filter.ExcludeFilterContextCustomizer@255b53dc, org.springframework.boot.test.json.DuplicateJsonObjectContextCustomizerFactory$DuplicateJsonObjectContextCustomizer@64d2d351, org.springframework.boot.test.mock.mockito.MockitoContextCustomizer@0, org.springframework.boot.test.autoconfigure.properties.PropertyMappingContextCustomizer@0, org.springframework.boot.test.autoconfigure.web.servlet.WebDriverContextCustomizerFactory$Customizer@52aa2946], contextLoader = 'org.springframework.test.context.support.DelegatingSmartContextLoader', parent = [null]]]
]]></system-out>
  </testcase>
  <testcase name="testMgrValidateMovementDateBeforeLastDate[Test with AUTOMATICLOT_IN=true, AUTOMATICLOT_OUT=true, AUTOMATICLOTWARD_TOWARD=false]" classname="org.isf.medicalstock.test.Tests" time="0.02">
    <system-out><![CDATA[[05/jul/2024 13:43:36] [:] INFO - Began transaction (1) for test context [DefaultTestContext@329af9b1 testClass = Tests, testInstance = org.isf.medicalstock.test.Tests@5b569d5c, testMethod = testMgrValidateMovementDateBeforeLastDate@Tests, testException = [null], mergedContextConfiguration = [MergedContextConfiguration@7535554e testClass = Tests, locations = '{classpath:applicationContext.xml, classpath:applicationContext.xml}', classes = '{}', contextInitializerClasses = '[]', activeProfiles = '{}', propertySourceLocations = '{}', propertySourceProperties = '{}', contextCustomizers = set[org.springframework.boot.test.context.filter.ExcludeFilterContextCustomizer@255b53dc, org.springframework.boot.test.json.DuplicateJsonObjectContextCustomizerFactory$DuplicateJsonObjectContextCustomizer@64d2d351, org.springframework.boot.test.mock.mockito.MockitoContextCustomizer@0, org.springframework.boot.test.autoconfigure.properties.PropertyMappingContextCustomizer@0, org.springframework.boot.test.autoconfigure.web.servlet.WebDriverContextCustomizerFactory$Customizer@52aa2946], contextLoader = 'org.springframework.test.context.support.DelegatingSmartContextLoader', parent = [null]]]; transaction manager [org.springframework.orm.jpa.JpaTransactionManager@4ece2750]; rollback [true]
[05/jul/2024 13:43:36] [:] INFO - Rolled back transaction for test: [DefaultTestContext@329af9b1 testClass = Tests, testInstance = org.isf.medicalstock.test.Tests@5b569d5c, testMethod = testMgrValidateMovementDateBeforeLastDate@Tests, testException = [null], mergedContextConfiguration = [MergedContextConfiguration@7535554e testClass = Tests, locations = '{classpath:applicationContext.xml, classpath:applicationContext.xml}', classes = '{}', contextInitializerClasses = '[]', activeProfiles = '{}', propertySourceLocations = '{}', propertySourceProperties = '{}', contextCustomizers = set[org.springframework.boot.test.context.filter.ExcludeFilterContextCustomizer@255b53dc, org.springframework.boot.test.json.DuplicateJsonObjectContextCustomizerFactory$DuplicateJsonObjectContextCustomizer@64d2d351, org.springframework.boot.test.mock.mockito.MockitoContextCustomizer@0, org.springframework.boot.test.autoconfigure.properties.PropertyMappingContextCustomizer@0, org.springframework.boot.test.autoconfigure.web.servlet.WebDriverContextCustomizerFactory$Customizer@52aa2946], contextLoader = 'org.springframework.test.context.support.DelegatingSmartContextLoader', parent = [null]]]
]]></system-out>
  </testcase>
  <testcase name="testMgrPrepareChargingMovementBadRefNumber[Test with AUTOMATICLOT_IN=true, AUTOMATICLOT_OUT=true, AUTOMATICLOTWARD_TOWARD=true]" classname="org.isf.medicalstock.test.Tests" time="0.016">
    <system-out><![CDATA[[05/jul/2024 13:43:36] [:] INFO - Began transaction (1) for test context [DefaultTestContext@329af9b1 testClass = Tests, testInstance = org.isf.medicalstock.test.Tests@36b9e182, testMethod = testMgrPrepareChargingMovementBadRefNumber@Tests, testException = [null], mergedContextConfiguration = [MergedContextConfiguration@7535554e testClass = Tests, locations = '{classpath:applicationContext.xml, classpath:applicationContext.xml}', classes = '{}', contextInitializerClasses = '[]', activeProfiles = '{}', propertySourceLocations = '{}', propertySourceProperties = '{}', contextCustomizers = set[org.springframework.boot.test.context.filter.ExcludeFilterContextCustomizer@255b53dc, org.springframework.boot.test.json.DuplicateJsonObjectContextCustomizerFactory$DuplicateJsonObjectContextCustomizer@64d2d351, org.springframework.boot.test.mock.mockito.MockitoContextCustomizer@0, org.springframework.boot.test.autoconfigure.properties.PropertyMappingContextCustomizer@0, org.springframework.boot.test.autoconfigure.web.servlet.WebDriverContextCustomizerFactory$Customizer@52aa2946], contextLoader = 'org.springframework.test.context.support.DelegatingSmartContextLoader', parent = [null]]]; transaction manager [org.springframework.orm.jpa.JpaTransactionManager@4ece2750]; rollback [true]
[05/jul/2024 13:43:36] [:] INFO - Rolled back transaction for test: [DefaultTestContext@329af9b1 testClass = Tests, testInstance = org.isf.medicalstock.test.Tests@36b9e182, testMethod = testMgrPrepareChargingMovementBadRefNumber@Tests, testException = [null], mergedContextConfiguration = [MergedContextConfiguration@7535554e testClass = Tests, locations = '{classpath:applicationContext.xml, classpath:applicationContext.xml}', classes = '{}', contextInitializerClasses = '[]', activeProfiles = '{}', propertySourceLocations = '{}', propertySourceProperties = '{}', contextCustomizers = set[org.springframework.boot.test.context.filter.ExcludeFilterContextCustomizer@255b53dc, org.springframework.boot.test.json.DuplicateJsonObjectContextCustomizerFactory$DuplicateJsonObjectContextCustomizer@64d2d351, org.springframework.boot.test.mock.mockito.MockitoContextCustomizer@0, org.springframework.boot.test.autoconfigure.properties.PropertyMappingContextCustomizer@0, org.springframework.boot.test.autoconfigure.web.servlet.WebDriverContextCustomizerFactory$Customizer@52aa2946], contextLoader = 'org.springframework.test.context.support.DelegatingSmartContextLoader', parent = [null]]]
]]></system-out>
  </testcase>
  <testcase name="testMgrValidateLotWithCostZero[Test with AUTOMATICLOT_IN=true, AUTOMATICLOT_OUT=true, AUTOMATICLOTWARD_TOWARD=true]" classname="org.isf.medicalstock.test.Tests" time="0.016">
    <system-out><![CDATA[[05/jul/2024 13:43:36] [:] INFO - Began transaction (1) for test context [DefaultTestContext@329af9b1 testClass = Tests, testInstance = org.isf.medicalstock.test.Tests@1637f65e, testMethod = testMgrValidateLotWithCostZero@Tests, testException = [null], mergedContextConfiguration = [MergedContextConfiguration@7535554e testClass = Tests, locations = '{classpath:applicationContext.xml, classpath:applicationContext.xml}', classes = '{}', contextInitializerClasses = '[]', activeProfiles = '{}', propertySourceLocations = '{}', propertySourceProperties = '{}', contextCustomizers = set[org.springframework.boot.test.context.filter.ExcludeFilterContextCustomizer@255b53dc, org.springframework.boot.test.json.DuplicateJsonObjectContextCustomizerFactory$DuplicateJsonObjectContextCustomizer@64d2d351, org.springframework.boot.test.mock.mockito.MockitoContextCustomizer@0, org.springframework.boot.test.autoconfigure.properties.PropertyMappingContextCustomizer@0, org.springframework.boot.test.autoconfigure.web.servlet.WebDriverContextCustomizerFactory$Customizer@52aa2946], contextLoader = 'org.springframework.test.context.support.DelegatingSmartContextLoader', parent = [null]]]; transaction manager [org.springframework.orm.jpa.JpaTransactionManager@4ece2750]; rollback [true]
[05/jul/2024 13:43:36] [:] INFO - Rolled back transaction for test: [DefaultTestContext@329af9b1 testClass = Tests, testInstance = org.isf.medicalstock.test.Tests@1637f65e, testMethod = testMgrValidateLotWithCostZero@Tests, testException = [null], mergedContextConfiguration = [MergedContextConfiguration@7535554e testClass = Tests, locations = '{classpath:applicationContext.xml, classpath:applicationContext.xml}', classes = '{}', contextInitializerClasses = '[]', activeProfiles = '{}', propertySourceLocations = '{}', propertySourceProperties = '{}', contextCustomizers = set[org.springframework.boot.test.context.filter.ExcludeFilterContextCustomizer@255b53dc, org.springframework.boot.test.json.DuplicateJsonObjectContextCustomizerFactory$DuplicateJsonObjectContextCustomizer@64d2d351, org.springframework.boot.test.mock.mockito.MockitoContextCustomizer@0, org.springframework.boot.test.autoconfigure.properties.PropertyMappingContextCustomizer@0, org.springframework.boot.test.autoconfigure.web.servlet.WebDriverContextCustomizerFactory$Customizer@52aa2946], contextLoader = 'org.springframework.test.context.support.DelegatingSmartContextLoader', parent = [null]]]
]]></system-out>
  </testcase>
  <testcase name="testMgrPrepareChargingMovement[Test with AUTOMATICLOT_IN=true, AUTOMATICLOT_OUT=true, AUTOMATICLOTWARD_TOWARD=true]" classname="org.isf.medicalstock.test.Tests" time="0.019">
    <system-out><![CDATA[[05/jul/2024 13:43:36] [:] INFO - Began transaction (1) for test context [DefaultTestContext@329af9b1 testClass = Tests, testInstance = org.isf.medicalstock.test.Tests@594c7bb6, testMethod = testMgrPrepareChargingMovement@Tests, testException = [null], mergedContextConfiguration = [MergedContextConfiguration@7535554e testClass = Tests, locations = '{classpath:applicationContext.xml, classpath:applicationContext.xml}', classes = '{}', contextInitializerClasses = '[]', activeProfiles = '{}', propertySourceLocations = '{}', propertySourceProperties = '{}', contextCustomizers = set[org.springframework.boot.test.context.filter.ExcludeFilterContextCustomizer@255b53dc, org.springframework.boot.test.json.DuplicateJsonObjectContextCustomizerFactory$DuplicateJsonObjectContextCustomizer@64d2d351, org.springframework.boot.test.mock.mockito.MockitoContextCustomizer@0, org.springframework.boot.test.autoconfigure.properties.PropertyMappingContextCustomizer@0, org.springframework.boot.test.autoconfigure.web.servlet.WebDriverContextCustomizerFactory$Customizer@52aa2946], contextLoader = 'org.springframework.test.context.support.DelegatingSmartContextLoader', parent = [null]]]; transaction manager [org.springframework.orm.jpa.JpaTransactionManager@4ece2750]; rollback [true]
[05/jul/2024 13:43:36] [:] INFO - Rolled back transaction for test: [DefaultTestContext@329af9b1 testClass = Tests, testInstance = org.isf.medicalstock.test.Tests@594c7bb6, testMethod = testMgrPrepareChargingMovement@Tests, testException = [null], mergedContextConfiguration = [MergedContextConfiguration@7535554e testClass = Tests, locations = '{classpath:applicationContext.xml, classpath:applicationContext.xml}', classes = '{}', contextInitializerClasses = '[]', activeProfiles = '{}', propertySourceLocations = '{}', propertySourceProperties = '{}', contextCustomizers = set[org.springframework.boot.test.context.filter.ExcludeFilterContextCustomizer@255b53dc, org.springframework.boot.test.json.DuplicateJsonObjectContextCustomizerFactory$DuplicateJsonObjectContextCustomizer@64d2d351, org.springframework.boot.test.mock.mockito.MockitoContextCustomizer@0, org.springframework.boot.test.autoconfigure.properties.PropertyMappingContextCustomizer@0, org.springframework.boot.test.autoconfigure.web.servlet.WebDriverContextCustomizerFactory$Customizer@52aa2946], contextLoader = 'org.springframework.test.context.support.DelegatingSmartContextLoader', parent = [null]]]
]]></system-out>
  </testcase>
  <testcase name="testMgrGetMovementsByReference[Test with AUTOMATICLOT_IN=true, AUTOMATICLOT_OUT=true, AUTOMATICLOTWARD_TOWARD=true]" classname="org.isf.medicalstock.test.Tests" time="0.017">
    <system-out><![CDATA[[05/jul/2024 13:43:36] [:] INFO - Began transaction (1) for test context [DefaultTestContext@329af9b1 testClass = Tests, testInstance = org.isf.medicalstock.test.Tests@66f9ccdb, testMethod = testMgrGetMovementsByReference@Tests, testException = [null], mergedContextConfiguration = [MergedContextConfiguration@7535554e testClass = Tests, locations = '{classpath:applicationContext.xml, classpath:applicationContext.xml}', classes = '{}', contextInitializerClasses = '[]', activeProfiles = '{}', propertySourceLocations = '{}', propertySourceProperties = '{}', contextCustomizers = set[org.springframework.boot.test.context.filter.ExcludeFilterContextCustomizer@255b53dc, org.springframework.boot.test.json.DuplicateJsonObjectContextCustomizerFactory$DuplicateJsonObjectContextCustomizer@64d2d351, org.springframework.boot.test.mock.mockito.MockitoContextCustomizer@0, org.springframework.boot.test.autoconfigure.properties.PropertyMappingContextCustomizer@0, org.springframework.boot.test.autoconfigure.web.servlet.WebDriverContextCustomizerFactory$Customizer@52aa2946], contextLoader = 'org.springframework.test.context.support.DelegatingSmartContextLoader', parent = [null]]]; transaction manager [org.springframework.orm.jpa.JpaTransactionManager@4ece2750]; rollback [true]
[05/jul/2024 13:43:36] [:] INFO - Rolled back transaction for test: [DefaultTestContext@329af9b1 testClass = Tests, testInstance = org.isf.medicalstock.test.Tests@66f9ccdb, testMethod = testMgrGetMovementsByReference@Tests, testException = [null], mergedContextConfiguration = [MergedContextConfiguration@7535554e testClass = Tests, locations = '{classpath:applicationContext.xml, classpath:applicationContext.xml}', classes = '{}', contextInitializerClasses = '[]', activeProfiles = '{}', propertySourceLocations = '{}', propertySourceProperties = '{}', contextCustomizers = set[org.springframework.boot.test.context.filter.ExcludeFilterContextCustomizer@255b53dc, org.springframework.boot.test.json.DuplicateJsonObjectContextCustomizerFactory$DuplicateJsonObjectContextCustomizer@64d2d351, org.springframework.boot.test.mock.mockito.MockitoContextCustomizer@0, org.springframework.boot.test.autoconfigure.properties.PropertyMappingContextCustomizer@0, org.springframework.boot.test.autoconfigure.web.servlet.WebDriverContextCustomizerFactory$Customizer@52aa2946], contextLoader = 'org.springframework.test.context.support.DelegatingSmartContextLoader', parent = [null]]]
]]></system-out>
  </testcase>
  <testcase name="testIoGetMovementsWihAllParameters[Test with AUTOMATICLOT_IN=true, AUTOMATICLOT_OUT=true, AUTOMATICLOTWARD_TOWARD=true]" classname="org.isf.medicalstock.test.Tests" time="0.023">
    <system-out><![CDATA[[05/jul/2024 13:43:36] [:] INFO - Began transaction (1) for test context [DefaultTestContext@329af9b1 testClass = Tests, testInstance = org.isf.medicalstock.test.Tests@1d06086d, testMethod = testIoGetMovementsWihAllParameters@Tests, testException = [null], mergedContextConfiguration = [MergedContextConfiguration@7535554e testClass = Tests, locations = '{classpath:applicationContext.xml, classpath:applicationContext.xml}', classes = '{}', contextInitializerClasses = '[]', activeProfiles = '{}', propertySourceLocations = '{}', propertySourceProperties = '{}', contextCustomizers = set[org.springframework.boot.test.context.filter.ExcludeFilterContextCustomizer@255b53dc, org.springframework.boot.test.json.DuplicateJsonObjectContextCustomizerFactory$DuplicateJsonObjectContextCustomizer@64d2d351, org.springframework.boot.test.mock.mockito.MockitoContextCustomizer@0, org.springframework.boot.test.autoconfigure.properties.PropertyMappingContextCustomizer@0, org.springframework.boot.test.autoconfigure.web.servlet.WebDriverContextCustomizerFactory$Customizer@52aa2946], contextLoader = 'org.springframework.test.context.support.DelegatingSmartContextLoader', parent = [null]]]; transaction manager [org.springframework.orm.jpa.JpaTransactionManager@4ece2750]; rollback [true]
[05/jul/2024 13:43:36] [:] INFO - Rolled back transaction for test: [DefaultTestContext@329af9b1 testClass = Tests, testInstance = org.isf.medicalstock.test.Tests@1d06086d, testMethod = testIoGetMovementsWihAllParameters@Tests, testException = [null], mergedContextConfiguration = [MergedContextConfiguration@7535554e testClass = Tests, locations = '{classpath:applicationContext.xml, classpath:applicationContext.xml}', classes = '{}', contextInitializerClasses = '[]', activeProfiles = '{}', propertySourceLocations = '{}', propertySourceProperties = '{}', contextCustomizers = set[org.springframework.boot.test.context.filter.ExcludeFilterContextCustomizer@255b53dc, org.springframework.boot.test.json.DuplicateJsonObjectContextCustomizerFactory$DuplicateJsonObjectContextCustomizer@64d2d351, org.springframework.boot.test.mock.mockito.MockitoContextCustomizer@0, org.springframework.boot.test.autoconfigure.properties.PropertyMappingContextCustomizer@0, org.springframework.boot.test.autoconfigure.web.servlet.WebDriverContextCustomizerFactory$Customizer@52aa2946], contextLoader = 'org.springframework.test.context.support.DelegatingSmartContextLoader', parent = [null]]]
]]></system-out>
  </testcase>
  <testcase name="testMgrAlertCriticalQuantityOverLimit[Test with AUTOMATICLOT_IN=true, AUTOMATICLOT_OUT=true, AUTOMATICLOTWARD_TOWARD=true]" classname="org.isf.medicalstock.test.Tests" time="0.02">
    <system-out><![CDATA[[05/jul/2024 13:43:36] [:] INFO - Began transaction (1) for test context [DefaultTestContext@329af9b1 testClass = Tests, testInstance = org.isf.medicalstock.test.Tests@4fb371a, testMethod = testMgrAlertCriticalQuantityOverLimit@Tests, testException = [null], mergedContextConfiguration = [MergedContextConfiguration@7535554e testClass = Tests, locations = '{classpath:applicationContext.xml, classpath:applicationContext.xml}', classes = '{}', contextInitializerClasses = '[]', activeProfiles = '{}', propertySourceLocations = '{}', propertySourceProperties = '{}', contextCustomizers = set[org.springframework.boot.test.context.filter.ExcludeFilterContextCustomizer@255b53dc, org.springframework.boot.test.json.DuplicateJsonObjectContextCustomizerFactory$DuplicateJsonObjectContextCustomizer@64d2d351, org.springframework.boot.test.mock.mockito.MockitoContextCustomizer@0, org.springframework.boot.test.autoconfigure.properties.PropertyMappingContextCustomizer@0, org.springframework.boot.test.autoconfigure.web.servlet.WebDriverContextCustomizerFactory$Customizer@52aa2946], contextLoader = 'org.springframework.test.context.support.DelegatingSmartContextLoader', parent = [null]]]; transaction manager [org.springframework.orm.jpa.JpaTransactionManager@4ece2750]; rollback [true]
[05/jul/2024 13:43:36] [:] INFO - Rolled back transaction for test: [DefaultTestContext@329af9b1 testClass = Tests, testInstance = org.isf.medicalstock.test.Tests@4fb371a, testMethod = testMgrAlertCriticalQuantityOverLimit@Tests, testException = [null], mergedContextConfiguration = [MergedContextConfiguration@7535554e testClass = Tests, locations = '{classpath:applicationContext.xml, classpath:applicationContext.xml}', classes = '{}', contextInitializerClasses = '[]', activeProfiles = '{}', propertySourceLocations = '{}', propertySourceProperties = '{}', contextCustomizers = set[org.springframework.boot.test.context.filter.ExcludeFilterContextCustomizer@255b53dc, org.springframework.boot.test.json.DuplicateJsonObjectContextCustomizerFactory$DuplicateJsonObjectContextCustomizer@64d2d351, org.springframework.boot.test.mock.mockito.MockitoContextCustomizer@0, org.springframework.boot.test.autoconfigure.properties.PropertyMappingContextCustomizer@0, org.springframework.boot.test.autoconfigure.web.servlet.WebDriverContextCustomizerFactory$Customizer@52aa2946], contextLoader = 'org.springframework.test.context.support.DelegatingSmartContextLoader', parent = [null]]]
]]></system-out>
  </testcase>
  <testcase name="testMgrAlertCriticalQuantityUnderLimit[Test with AUTOMATICLOT_IN=true, AUTOMATICLOT_OUT=true, AUTOMATICLOTWARD_TOWARD=true]" classname="org.isf.medicalstock.test.Tests" time="0.019">
    <system-out><![CDATA[[05/jul/2024 13:43:36] [:] INFO - Began transaction (1) for test context [DefaultTestContext@329af9b1 testClass = Tests, testInstance = org.isf.medicalstock.test.Tests@40d5cd62, testMethod = testMgrAlertCriticalQuantityUnderLimit@Tests, testException = [null], mergedContextConfiguration = [MergedContextConfiguration@7535554e testClass = Tests, locations = '{classpath:applicationContext.xml, classpath:applicationContext.xml}', classes = '{}', contextInitializerClasses = '[]', activeProfiles = '{}', propertySourceLocations = '{}', propertySourceProperties = '{}', contextCustomizers = set[org.springframework.boot.test.context.filter.ExcludeFilterContextCustomizer@255b53dc, org.springframework.boot.test.json.DuplicateJsonObjectContextCustomizerFactory$DuplicateJsonObjectContextCustomizer@64d2d351, org.springframework.boot.test.mock.mockito.MockitoContextCustomizer@0, org.springframework.boot.test.autoconfigure.properties.PropertyMappingContextCustomizer@0, org.springframework.boot.test.autoconfigure.web.servlet.WebDriverContextCustomizerFactory$Customizer@52aa2946], contextLoader = 'org.springframework.test.context.support.DelegatingSmartContextLoader', parent = [null]]]; transaction manager [org.springframework.orm.jpa.JpaTransactionManager@4ece2750]; rollback [true]
[05/jul/2024 13:43:36] [:] INFO - Rolled back transaction for test: [DefaultTestContext@329af9b1 testClass = Tests, testInstance = org.isf.medicalstock.test.Tests@40d5cd62, testMethod = testMgrAlertCriticalQuantityUnderLimit@Tests, testException = [null], mergedContextConfiguration = [MergedContextConfiguration@7535554e testClass = Tests, locations = '{classpath:applicationContext.xml, classpath:applicationContext.xml}', classes = '{}', contextInitializerClasses = '[]', activeProfiles = '{}', propertySourceLocations = '{}', propertySourceProperties = '{}', contextCustomizers = set[org.springframework.boot.test.context.filter.ExcludeFilterContextCustomizer@255b53dc, org.springframework.boot.test.json.DuplicateJsonObjectContextCustomizerFactory$DuplicateJsonObjectContextCustomizer@64d2d351, org.springframework.boot.test.mock.mockito.MockitoContextCustomizer@0, org.springframework.boot.test.autoconfigure.properties.PropertyMappingContextCustomizer@0, org.springframework.boot.test.autoconfigure.web.servlet.WebDriverContextCustomizerFactory$Customizer@52aa2946], contextLoader = 'org.springframework.test.context.support.DelegatingSmartContextLoader', parent = [null]]]
]]></system-out>
  </testcase>
  <testcase name="testIoNewMovementUpdateMedicalWardQuantityMedicalWardFound[Test with AUTOMATICLOT_IN=true, AUTOMATICLOT_OUT=true, AUTOMATICLOTWARD_TOWARD=true]" classname="org.isf.medicalstock.test.Tests" time="0.016">
    <system-out><![CDATA[[05/jul/2024 13:43:36] [:] INFO - Began transaction (1) for test context [DefaultTestContext@329af9b1 testClass = Tests, testInstance = org.isf.medicalstock.test.Tests@19fb6a74, testMethod = testIoNewMovementUpdateMedicalWardQuantityMedicalWardFound@Tests, testException = [null], mergedContextConfiguration = [MergedContextConfiguration@7535554e testClass = Tests, locations = '{classpath:applicationContext.xml, classpath:applicationContext.xml}', classes = '{}', contextInitializerClasses = '[]', activeProfiles = '{}', propertySourceLocations = '{}', propertySourceProperties = '{}', contextCustomizers = set[org.springframework.boot.test.context.filter.ExcludeFilterContextCustomizer@255b53dc, org.springframework.boot.test.json.DuplicateJsonObjectContextCustomizerFactory$DuplicateJsonObjectContextCustomizer@64d2d351, org.springframework.boot.test.mock.mockito.MockitoContextCustomizer@0, org.springframework.boot.test.autoconfigure.properties.PropertyMappingContextCustomizer@0, org.springframework.boot.test.autoconfigure.web.servlet.WebDriverContextCustomizerFactory$Customizer@52aa2946], contextLoader = 'org.springframework.test.context.support.DelegatingSmartContextLoader', parent = [null]]]; transaction manager [org.springframework.orm.jpa.JpaTransactionManager@4ece2750]; rollback [true]
[05/jul/2024 13:43:36] [:] INFO - Rolled back transaction for test: [DefaultTestContext@329af9b1 testClass = Tests, testInstance = org.isf.medicalstock.test.Tests@19fb6a74, testMethod = testIoNewMovementUpdateMedicalWardQuantityMedicalWardFound@Tests, testException = [null], mergedContextConfiguration = [MergedContextConfiguration@7535554e testClass = Tests, locations = '{classpath:applicationContext.xml, classpath:applicationContext.xml}', classes = '{}', contextInitializerClasses = '[]', activeProfiles = '{}', propertySourceLocations = '{}', propertySourceProperties = '{}', contextCustomizers = set[org.springframework.boot.test.context.filter.ExcludeFilterContextCustomizer@255b53dc, org.springframework.boot.test.json.DuplicateJsonObjectContextCustomizerFactory$DuplicateJsonObjectContextCustomizer@64d2d351, org.springframework.boot.test.mock.mockito.MockitoContextCustomizer@0, org.springframework.boot.test.autoconfigure.properties.PropertyMappingContextCustomizer@0, org.springframework.boot.test.autoconfigure.web.servlet.WebDriverContextCustomizerFactory$Customizer@52aa2946], contextLoader = 'org.springframework.test.context.support.DelegatingSmartContextLoader', parent = [null]]]
]]></system-out>
  </testcase>
  <testcase name="testMgrGetMovementsWihAllParametersNull[Test with AUTOMATICLOT_IN=true, AUTOMATICLOT_OUT=true, AUTOMATICLOTWARD_TOWARD=true]" classname="org.isf.medicalstock.test.Tests" time="0.017">
    <system-out><![CDATA[[05/jul/2024 13:43:36] [:] INFO - Began transaction (1) for test context [DefaultTestContext@329af9b1 testClass = Tests, testInstance = org.isf.medicalstock.test.Tests@3a6955a8, testMethod = testMgrGetMovementsWihAllParametersNull@Tests, testException = [null], mergedContextConfiguration = [MergedContextConfiguration@7535554e testClass = Tests, locations = '{classpath:applicationContext.xml, classpath:applicationContext.xml}', classes = '{}', contextInitializerClasses = '[]', activeProfiles = '{}', propertySourceLocations = '{}', propertySourceProperties = '{}', contextCustomizers = set[org.springframework.boot.test.context.filter.ExcludeFilterContextCustomizer@255b53dc, org.springframework.boot.test.json.DuplicateJsonObjectContextCustomizerFactory$DuplicateJsonObjectContextCustomizer@64d2d351, org.springframework.boot.test.mock.mockito.MockitoContextCustomizer@0, org.springframework.boot.test.autoconfigure.properties.PropertyMappingContextCustomizer@0, org.springframework.boot.test.autoconfigure.web.servlet.WebDriverContextCustomizerFactory$Customizer@52aa2946], contextLoader = 'org.springframework.test.context.support.DelegatingSmartContextLoader', parent = [null]]]; transaction manager [org.springframework.orm.jpa.JpaTransactionManager@4ece2750]; rollback [true]
[05/jul/2024 13:43:36] [:] INFO - Rolled back transaction for test: [DefaultTestContext@329af9b1 testClass = Tests, testInstance = org.isf.medicalstock.test.Tests@3a6955a8, testMethod = testMgrGetMovementsWihAllParametersNull@Tests, testException = [null], mergedContextConfiguration = [MergedContextConfiguration@7535554e testClass = Tests, locations = '{classpath:applicationContext.xml, classpath:applicationContext.xml}', classes = '{}', contextInitializerClasses = '[]', activeProfiles = '{}', propertySourceLocations = '{}', propertySourceProperties = '{}', contextCustomizers = set[org.springframework.boot.test.context.filter.ExcludeFilterContextCustomizer@255b53dc, org.springframework.boot.test.json.DuplicateJsonObjectContextCustomizerFactory$DuplicateJsonObjectContextCustomizer@64d2d351, org.springframework.boot.test.mock.mockito.MockitoContextCustomizer@0, org.springframework.boot.test.autoconfigure.properties.PropertyMappingContextCustomizer@0, org.springframework.boot.test.autoconfigure.web.servlet.WebDriverContextCustomizerFactory$Customizer@52aa2946], contextLoader = 'org.springframework.test.context.support.DelegatingSmartContextLoader', parent = [null]]]
]]></system-out>
  </testcase>
  <testcase name="testMgrGetMovements[Test with AUTOMATICLOT_IN=true, AUTOMATICLOT_OUT=true, AUTOMATICLOTWARD_TOWARD=true]" classname="org.isf.medicalstock.test.Tests" time="0.013">
    <system-out><![CDATA[[05/jul/2024 13:43:36] [:] INFO - Began transaction (1) for test context [DefaultTestContext@329af9b1 testClass = Tests, testInstance = org.isf.medicalstock.test.Tests@2b848c71, testMethod = testMgrGetMovements@Tests, testException = [null], mergedContextConfiguration = [MergedContextConfiguration@7535554e testClass = Tests, locations = '{classpath:applicationContext.xml, classpath:applicationContext.xml}', classes = '{}', contextInitializerClasses = '[]', activeProfiles = '{}', propertySourceLocations = '{}', propertySourceProperties = '{}', contextCustomizers = set[org.springframework.boot.test.context.filter.ExcludeFilterContextCustomizer@255b53dc, org.springframework.boot.test.json.DuplicateJsonObjectContextCustomizerFactory$DuplicateJsonObjectContextCustomizer@64d2d351, org.springframework.boot.test.mock.mockito.MockitoContextCustomizer@0, org.springframework.boot.test.autoconfigure.properties.PropertyMappingContextCustomizer@0, org.springframework.boot.test.autoconfigure.web.servlet.WebDriverContextCustomizerFactory$Customizer@52aa2946], contextLoader = 'org.springframework.test.context.support.DelegatingSmartContextLoader', parent = [null]]]; transaction manager [org.springframework.orm.jpa.JpaTransactionManager@4ece2750]; rollback [true]
[05/jul/2024 13:43:36] [:] INFO - Rolled back transaction for test: [DefaultTestContext@329af9b1 testClass = Tests, testInstance = org.isf.medicalstock.test.Tests@2b848c71, testMethod = testMgrGetMovements@Tests, testException = [null], mergedContextConfiguration = [MergedContextConfiguration@7535554e testClass = Tests, locations = '{classpath:applicationContext.xml, classpath:applicationContext.xml}', classes = '{}', contextInitializerClasses = '[]', activeProfiles = '{}', propertySourceLocations = '{}', propertySourceProperties = '{}', contextCustomizers = set[org.springframework.boot.test.context.filter.ExcludeFilterContextCustomizer@255b53dc, org.springframework.boot.test.json.DuplicateJsonObjectContextCustomizerFactory$DuplicateJsonObjectContextCustomizer@64d2d351, org.springframework.boot.test.mock.mockito.MockitoContextCustomizer@0, org.springframework.boot.test.autoconfigure.properties.PropertyMappingContextCustomizer@0, org.springframework.boot.test.autoconfigure.web.servlet.WebDriverContextCustomizerFactory$Customizer@52aa2946], contextLoader = 'org.springframework.test.context.support.DelegatingSmartContextLoader', parent = [null]]]
]]></system-out>
  </testcase>
  <testcase name="testIoPrepareDischargingMovement[Test with AUTOMATICLOT_IN=true, AUTOMATICLOT_OUT=true, AUTOMATICLOTWARD_TOWARD=true]" classname="org.isf.medicalstock.test.Tests" time="0.011">
    <system-out><![CDATA[[05/jul/2024 13:43:36] [:] INFO - Began transaction (1) for test context [DefaultTestContext@329af9b1 testClass = Tests, testInstance = org.isf.medicalstock.test.Tests@24463f8c, testMethod = testIoPrepareDischargingMovement@Tests, testException = [null], mergedContextConfiguration = [MergedContextConfiguration@7535554e testClass = Tests, locations = '{classpath:applicationContext.xml, classpath:applicationContext.xml}', classes = '{}', contextInitializerClasses = '[]', activeProfiles = '{}', propertySourceLocations = '{}', propertySourceProperties = '{}', contextCustomizers = set[org.springframework.boot.test.context.filter.ExcludeFilterContextCustomizer@255b53dc, org.springframework.boot.test.json.DuplicateJsonObjectContextCustomizerFactory$DuplicateJsonObjectContextCustomizer@64d2d351, org.springframework.boot.test.mock.mockito.MockitoContextCustomizer@0, org.springframework.boot.test.autoconfigure.properties.PropertyMappingContextCustomizer@0, org.springframework.boot.test.autoconfigure.web.servlet.WebDriverContextCustomizerFactory$Customizer@52aa2946], contextLoader = 'org.springframework.test.context.support.DelegatingSmartContextLoader', parent = [null]]]; transaction manager [org.springframework.orm.jpa.JpaTransactionManager@4ece2750]; rollback [true]
[05/jul/2024 13:43:36] [:] INFO - Rolled back transaction for test: [DefaultTestContext@329af9b1 testClass = Tests, testInstance = org.isf.medicalstock.test.Tests@24463f8c, testMethod = testIoPrepareDischargingMovement@Tests, testException = [null], mergedContextConfiguration = [MergedContextConfiguration@7535554e testClass = Tests, locations = '{classpath:applicationContext.xml, classpath:applicationContext.xml}', classes = '{}', contextInitializerClasses = '[]', activeProfiles = '{}', propertySourceLocations = '{}', propertySourceProperties = '{}', contextCustomizers = set[org.springframework.boot.test.context.filter.ExcludeFilterContextCustomizer@255b53dc, org.springframework.boot.test.json.DuplicateJsonObjectContextCustomizerFactory$DuplicateJsonObjectContextCustomizer@64d2d351, org.springframework.boot.test.mock.mockito.MockitoContextCustomizer@0, org.springframework.boot.test.autoconfigure.properties.PropertyMappingContextCustomizer@0, org.springframework.boot.test.autoconfigure.web.servlet.WebDriverContextCustomizerFactory$Customizer@52aa2946], contextLoader = 'org.springframework.test.context.support.DelegatingSmartContextLoader', parent = [null]]]
]]></system-out>
  </testcase>
  <testcase name="testMgrPrepareDischargingMovementIsAutomaticLotOut[Test with AUTOMATICLOT_IN=true, AUTOMATICLOT_OUT=true, AUTOMATICLOTWARD_TOWARD=true]" classname="org.isf.medicalstock.test.Tests" time="0.013">
    <system-out><![CDATA[[05/jul/2024 13:43:36] [:] INFO - Began transaction (1) for test context [DefaultTestContext@329af9b1 testClass = Tests, testInstance = org.isf.medicalstock.test.Tests@7185d31a, testMethod = testMgrPrepareDischargingMovementIsAutomaticLotOut@Tests, testException = [null], mergedContextConfiguration = [MergedContextConfiguration@7535554e testClass = Tests, locations = '{classpath:applicationContext.xml, classpath:applicationContext.xml}', classes = '{}', contextInitializerClasses = '[]', activeProfiles = '{}', propertySourceLocations = '{}', propertySourceProperties = '{}', contextCustomizers = set[org.springframework.boot.test.context.filter.ExcludeFilterContextCustomizer@255b53dc, org.springframework.boot.test.json.DuplicateJsonObjectContextCustomizerFactory$DuplicateJsonObjectContextCustomizer@64d2d351, org.springframework.boot.test.mock.mockito.MockitoContextCustomizer@0, org.springframework.boot.test.autoconfigure.properties.PropertyMappingContextCustomizer@0, org.springframework.boot.test.autoconfigure.web.servlet.WebDriverContextCustomizerFactory$Customizer@52aa2946], contextLoader = 'org.springframework.test.context.support.DelegatingSmartContextLoader', parent = [null]]]; transaction manager [org.springframework.orm.jpa.JpaTransactionManager@4ece2750]; rollback [true]
[05/jul/2024 13:43:36] [:] INFO - Rolled back transaction for test: [DefaultTestContext@329af9b1 testClass = Tests, testInstance = org.isf.medicalstock.test.Tests@7185d31a, testMethod = testMgrPrepareDischargingMovementIsAutomaticLotOut@Tests, testException = [null], mergedContextConfiguration = [MergedContextConfiguration@7535554e testClass = Tests, locations = '{classpath:applicationContext.xml, classpath:applicationContext.xml}', classes = '{}', contextInitializerClasses = '[]', activeProfiles = '{}', propertySourceLocations = '{}', propertySourceProperties = '{}', contextCustomizers = set[org.springframework.boot.test.context.filter.ExcludeFilterContextCustomizer@255b53dc, org.springframework.boot.test.json.DuplicateJsonObjectContextCustomizerFactory$DuplicateJsonObjectContextCustomizer@64d2d351, org.springframework.boot.test.mock.mockito.MockitoContextCustomizer@0, org.springframework.boot.test.autoconfigure.properties.PropertyMappingContextCustomizer@0, org.springframework.boot.test.autoconfigure.web.servlet.WebDriverContextCustomizerFactory$Customizer@52aa2946], contextLoader = 'org.springframework.test.context.support.DelegatingSmartContextLoader', parent = [null]]]
]]></system-out>
  </testcase>
  <testcase name="testMgrValidateLotRefersToAnotherMedical[Test with AUTOMATICLOT_IN=true, AUTOMATICLOT_OUT=true, AUTOMATICLOTWARD_TOWARD=true]" classname="org.isf.medicalstock.test.Tests" time="0.013">
    <system-out><![CDATA[[05/jul/2024 13:43:36] [:] INFO - Began transaction (1) for test context [DefaultTestContext@329af9b1 testClass = Tests, testInstance = org.isf.medicalstock.test.Tests@7c4eab54, testMethod = testMgrValidateLotRefersToAnotherMedical@Tests, testException = [null], mergedContextConfiguration = [MergedContextConfiguration@7535554e testClass = Tests, locations = '{classpath:applicationContext.xml, classpath:applicationContext.xml}', classes = '{}', contextInitializerClasses = '[]', activeProfiles = '{}', propertySourceLocations = '{}', propertySourceProperties = '{}', contextCustomizers = set[org.springframework.boot.test.context.filter.ExcludeFilterContextCustomizer@255b53dc, org.springframework.boot.test.json.DuplicateJsonObjectContextCustomizerFactory$DuplicateJsonObjectContextCustomizer@64d2d351, org.springframework.boot.test.mock.mockito.MockitoContextCustomizer@0, org.springframework.boot.test.autoconfigure.properties.PropertyMappingContextCustomizer@0, org.springframework.boot.test.autoconfigure.web.servlet.WebDriverContextCustomizerFactory$Customizer@52aa2946], contextLoader = 'org.springframework.test.context.support.DelegatingSmartContextLoader', parent = [null]]]; transaction manager [org.springframework.orm.jpa.JpaTransactionManager@4ece2750]; rollback [true]
[05/jul/2024 13:43:36] [:] ERROR - identifier of an instance of org.isf.medicals.model.Medical was altered from 2 to -99; nested exception is org.hibernate.HibernateException: identifier of an instance of org.isf.medicals.model.Medical was altered from 2 to -99
org.springframework.orm.jpa.JpaSystemException: identifier of an instance of org.isf.medicals.model.Medical was altered from 2 to -99; nested exception is org.hibernate.HibernateException: identifier of an instance of org.isf.medicals.model.Medical was altered from 2 to -99
	at org.springframework.orm.jpa.vendor.HibernateJpaDialect.convertHibernateAccessException(HibernateJpaDialect.java:333)
	at org.springframework.orm.jpa.vendor.HibernateJpaDialect.translateExceptionIfPossible(HibernateJpaDialect.java:244)
	at org.springframework.orm.jpa.AbstractEntityManagerFactoryBean.translateExceptionIfPossible(AbstractEntityManagerFactoryBean.java:525)
	at org.springframework.dao.support.ChainedPersistenceExceptionTranslator.translateExceptionIfPossible(ChainedPersistenceExceptionTranslator.java:59)
	at org.springframework.dao.support.DataAccessUtils.translateIfNecessary(DataAccessUtils.java:209)
	at org.springframework.dao.support.PersistenceExceptionTranslationInterceptor.invoke(PersistenceExceptionTranslationInterceptor.java:147)
	at org.springframework.aop.framework.ReflectiveMethodInvocation.proceed(ReflectiveMethodInvocation.java:179)
	at org.springframework.data.jpa.repository.support.CrudMethodMetadataPostProcessor$CrudMethodMetadataPopulatingMethodInterceptor.invoke(CrudMethodMetadataPostProcessor.java:140)
	at org.springframework.aop.framework.ReflectiveMethodInvocation.proceed(ReflectiveMethodInvocation.java:179)
	at org.springframework.data.jpa.repository.support.CrudMethodMetadataPostProcessor$ExposeRepositoryInvocationInterceptor.invoke(CrudMethodMetadataPostProcessor.java:347)
	at org.springframework.aop.framework.ReflectiveMethodInvocation.proceed(ReflectiveMethodInvocation.java:179)
	at org.springframework.aop.interceptor.ExposeInvocationInterceptor.invoke(ExposeInvocationInterceptor.java:92)
	at org.springframework.aop.framework.ReflectiveMethodInvocation.proceed(ReflectiveMethodInvocation.java:179)
	at org.springframework.data.repository.core.support.SurroundingTransactionDetectorMethodInterceptor.invoke(SurroundingTransactionDetectorMethodInterceptor.java:57)
	at org.springframework.aop.framework.ReflectiveMethodInvocation.proceed(ReflectiveMethodInvocation.java:179)
	at org.springframework.aop.framework.JdkDynamicAopProxy.invoke(JdkDynamicAopProxy.java:213)
	at com.sun.proxy.$Proxy109.findMaxDate(Unknown Source)
	at org.isf.medicalstock.service.MedicalStockIoOperations.getLastMovementDate(MedicalStockIoOperations.java:565)
	at org.isf.medicalstock.service.MedicalStockIoOperations$$FastClassBySpringCGLIB$$a00ee1bd.invoke(<generated>)
	at org.springframework.cglib.proxy.MethodProxy.invoke(MethodProxy.java:204)
	at org.springframework.aop.framework.CglibAopProxy$CglibMethodInvocation.invokeJoinpoint(CglibAopProxy.java:737)
	at org.springframework.aop.framework.ReflectiveMethodInvocation.proceed(ReflectiveMethodInvocation.java:157)
	at org.springframework.transaction.interceptor.TransactionInterceptor$1.proceedWithInvocation(TransactionInterceptor.java:99)
	at org.springframework.transaction.interceptor.TransactionAspectSupport.invokeWithinTransaction(TransactionAspectSupport.java:283)
	at org.springframework.transaction.interceptor.TransactionInterceptor.invoke(TransactionInterceptor.java:96)
	at org.springframework.aop.framework.ReflectiveMethodInvocation.proceed(ReflectiveMethodInvocation.java:179)
	at org.springframework.aop.interceptor.ExposeInvocationInterceptor.invoke(ExposeInvocationInterceptor.java:92)
	at org.springframework.aop.framework.ReflectiveMethodInvocation.proceed(ReflectiveMethodInvocation.java:179)
	at org.springframework.aop.aspectj.MethodInvocationProceedingJoinPoint.proceed(MethodInvocationProceedingJoinPoint.java:84)
	at org.isf.utils.db.OHServiceExceptionTranslator.translateSqlExceptionToOHServiceException(OHServiceExceptionTranslator.java:55)
	at sun.reflect.GeneratedMethodAccessor67.invoke(Unknown Source)
	at sun.reflect.DelegatingMethodAccessorImpl.invoke(DelegatingMethodAccessorImpl.java:43)
	at java.lang.reflect.Method.invoke(Method.java:498)
	at org.springframework.aop.aspectj.AbstractAspectJAdvice.invokeAdviceMethodWithGivenArgs(AbstractAspectJAdvice.java:627)
	at org.springframework.aop.aspectj.AbstractAspectJAdvice.invokeAdviceMethod(AbstractAspectJAdvice.java:616)
	at org.springframework.aop.aspectj.AspectJAroundAdvice.invoke(AspectJAroundAdvice.java:70)
	at org.springframework.aop.framework.ReflectiveMethodInvocation.proceed(ReflectiveMethodInvocation.java:179)
	at org.springframework.aop.framework.CglibAopProxy$DynamicAdvisedInterceptor.intercept(CglibAopProxy.java:672)
	at org.isf.medicalstock.service.MedicalStockIoOperations$$EnhancerBySpringCGLIB$$36e028cc.getLastMovementDate(<generated>)
	at org.isf.medicalstock.manager.MovStockInsertingManager.getLastMovementDate(MovStockInsertingManager.java:278)
	at org.isf.medicalstock.manager.MovStockInsertingManager.validateMovement(MovStockInsertingManager.java:68)
	at org.isf.medicalstock.manager.MovStockInsertingManager.prepareChargingMovement(MovStockInsertingManager.java:349)
	at org.isf.medicalstock.manager.MovStockInsertingManager.newMultipleChargingMovements(MovStockInsertingManager.java:326)
	at org.isf.medicalstock.manager.MovStockInsertingManager$$FastClassBySpringCGLIB$$2a8b6bd4.invoke(<generated>)
	at org.springframework.cglib.proxy.MethodProxy.invoke(MethodProxy.java:204)
	at org.springframework.aop.framework.CglibAopProxy$CglibMethodInvocation.invokeJoinpoint(CglibAopProxy.java:737)
	at org.springframework.aop.framework.ReflectiveMethodInvocation.proceed(ReflectiveMethodInvocation.java:157)
	at org.springframework.transaction.interceptor.TransactionInterceptor$1.proceedWithInvocation(TransactionInterceptor.java:99)
	at org.springframework.transaction.interceptor.TransactionAspectSupport.invokeWithinTransaction(TransactionAspectSupport.java:283)
	at org.springframework.transaction.interceptor.TransactionInterceptor.invoke(TransactionInterceptor.java:96)
	at org.springframework.aop.framework.ReflectiveMethodInvocation.proceed(ReflectiveMethodInvocation.java:179)
	at org.springframework.aop.framework.CglibAopProxy$DynamicAdvisedInterceptor.intercept(CglibAopProxy.java:672)
	at org.isf.medicalstock.manager.MovStockInsertingManager$$EnhancerBySpringCGLIB$$ef6ee236.newMultipleChargingMovements(<generated>)
	at org.isf.medicalstock.test.Tests.lambda$25(Tests.java:904)
	at org.assertj.core.api.ThrowableAssert.catchThrowable(ThrowableAssert.java:62)
	at org.assertj.core.api.AssertionsForClassTypes.catchThrowable(AssertionsForClassTypes.java:877)
	at org.assertj.core.api.Assertions.catchThrowable(Assertions.java:1336)
	at org.assertj.core.api.Assertions.assertThatThrownBy(Assertions.java:1181)
	at org.isf.medicalstock.test.Tests.testMgrValidateLotRefersToAnotherMedical(Tests.java:897)
	at sun.reflect.NativeMethodAccessorImpl.invoke0(Native Method)
	at sun.reflect.NativeMethodAccessorImpl.invoke(NativeMethodAccessorImpl.java:62)
	at sun.reflect.DelegatingMethodAccessorImpl.invoke(DelegatingMethodAccessorImpl.java:43)
	at java.lang.reflect.Method.invoke(Method.java:498)
	at org.junit.runners.model.FrameworkMethod$1.runReflectiveCall(FrameworkMethod.java:59)
	at org.junit.internal.runners.model.ReflectiveCallable.run(ReflectiveCallable.java:12)
	at org.junit.runners.model.FrameworkMethod.invokeExplosively(FrameworkMethod.java:56)
	at org.junit.internal.runners.statements.InvokeMethod.evaluate(InvokeMethod.java:17)
	at org.junit.internal.runners.statements.RunBefores.evaluate(RunBefores.java:26)
	at org.springframework.test.context.junit4.statements.RunBeforeTestMethodCallbacks.evaluate(RunBeforeTestMethodCallbacks.java:75)
	at org.springframework.test.context.junit4.statements.RunAfterTestMethodCallbacks.evaluate(RunAfterTestMethodCallbacks.java:86)
	at org.springframework.test.context.junit4.statements.RunPrepareTestInstanceCallbacks.evaluate(RunPrepareTestInstanceCallbacks.java:64)
	at org.springframework.test.context.junit4.statements.SpringRepeat.evaluate(SpringRepeat.java:84)
	at org.springframework.test.context.junit4.statements.SpringFailOnTimeout.evaluate(SpringFailOnTimeout.java:87)
	at org.springframework.test.context.junit4.statements.ProfileValueChecker.evaluate(ProfileValueChecker.java:101)
	at org.junit.runners.ParentRunner$3.evaluate(ParentRunner.java:306)
	at org.junit.runners.BlockJUnit4ClassRunner$1.evaluate(BlockJUnit4ClassRunner.java:100)
	at org.junit.runners.ParentRunner.runLeaf(ParentRunner.java:366)
	at org.junit.runners.BlockJUnit4ClassRunner.runChild(BlockJUnit4ClassRunner.java:103)
	at org.junit.runners.BlockJUnit4ClassRunner.runChild(BlockJUnit4ClassRunner.java:63)
	at org.junit.runners.ParentRunner$4.run(ParentRunner.java:331)
	at org.junit.runners.ParentRunner$1.schedule(ParentRunner.java:79)
	at org.junit.runners.ParentRunner.runChildren(ParentRunner.java:329)
	at org.junit.runners.ParentRunner.access$100(ParentRunner.java:66)
	at org.junit.runners.ParentRunner$2.evaluate(ParentRunner.java:293)
	at org.junit.runners.ParentRunner.run(ParentRunner.java:413)
	at org.junit.runners.Suite.runChild(Suite.java:128)
	at org.junit.runners.Suite.runChild(Suite.java:27)
	at org.junit.runners.ParentRunner$4.run(ParentRunner.java:331)
	at org.junit.runners.ParentRunner$1.schedule(ParentRunner.java:79)
	at org.junit.runners.ParentRunner.runChildren(ParentRunner.java:329)
	at org.junit.runners.ParentRunner.access$100(ParentRunner.java:66)
	at org.junit.runners.ParentRunner$2.evaluate(ParentRunner.java:293)
	at org.junit.internal.runners.statements.RunBefores.evaluate(RunBefores.java:26)
	at org.junit.internal.runners.statements.RunAfters.evaluate(RunAfters.java:27)
	at org.springframework.test.context.junit4.statements.RunBeforeTestClassCallbacks.evaluate(RunBeforeTestClassCallbacks.java:61)
	at org.springframework.test.context.junit4.statements.RunAfterTestClassCallbacks.evaluate(RunAfterTestClassCallbacks.java:70)
	at org.springframework.test.context.junit4.statements.ProfileValueChecker.evaluate(ProfileValueChecker.java:101)
	at org.springframework.test.context.junit4.rules.SpringClassRule$TestContextManagerCacheEvictor.evaluate(SpringClassRule.java:242)
	at org.junit.rules.RunRules.evaluate(RunRules.java:20)
	at org.junit.runners.ParentRunner$3.evaluate(ParentRunner.java:306)
	at org.junit.runners.ParentRunner.run(ParentRunner.java:413)
	at org.apache.maven.surefire.junit4.JUnit4Provider.execute(JUnit4Provider.java:316)
	at org.apache.maven.surefire.junit4.JUnit4Provider.executeWithRerun(JUnit4Provider.java:240)
	at org.apache.maven.surefire.junit4.JUnit4Provider.executeTestSet(JUnit4Provider.java:214)
	at org.apache.maven.surefire.junit4.JUnit4Provider.invoke(JUnit4Provider.java:155)
	at org.apache.maven.surefire.booter.ForkedBooter.runSuitesInProcess(ForkedBooter.java:385)
	at org.apache.maven.surefire.booter.ForkedBooter.execute(ForkedBooter.java:162)
	at org.apache.maven.surefire.booter.ForkedBooter.run(ForkedBooter.java:507)
	at org.apache.maven.surefire.booter.ForkedBooter.main(ForkedBooter.java:495)
Caused by: org.hibernate.HibernateException: identifier of an instance of org.isf.medicals.model.Medical was altered from 2 to -99
	at org.hibernate.event.internal.DefaultFlushEntityEventListener.checkId(DefaultFlushEntityEventListener.java:83)
	at org.hibernate.event.internal.DefaultFlushEntityEventListener.getValues(DefaultFlushEntityEventListener.java:195)
	at org.hibernate.event.internal.DefaultFlushEntityEventListener.onFlushEntity(DefaultFlushEntityEventListener.java:157)
	at org.hibernate.event.internal.AbstractFlushingEventListener.flushEntities(AbstractFlushingEventListener.java:230)
	at org.hibernate.event.internal.AbstractFlushingEventListener.flushEverythingToExecutions(AbstractFlushingEventListener.java:100)
	at org.hibernate.event.internal.DefaultAutoFlushEventListener.onAutoFlush(DefaultAutoFlushEventListener.java:61)
	at org.hibernate.internal.SessionImpl.autoFlushIfRequired(SessionImpl.java:1130)
	at org.hibernate.internal.SessionImpl.list(SessionImpl.java:1187)
	at org.hibernate.internal.QueryImpl.list(QueryImpl.java:101)
	at org.hibernate.ejb.QueryImpl.getSingleResult(QueryImpl.java:287)
	at org.springframework.data.jpa.repository.query.JpaQueryExecution$SingleEntityExecution.doExecute(JpaQueryExecution.java:210)
	at org.springframework.data.jpa.repository.query.JpaQueryExecution.execute(JpaQueryExecution.java:89)
	at org.springframework.data.jpa.repository.query.AbstractJpaQuery.doExecute(AbstractJpaQuery.java:126)
	at org.springframework.data.jpa.repository.query.AbstractJpaQuery.execute(AbstractJpaQuery.java:116)
	at org.springframework.data.repository.core.support.RepositoryFactorySupport$QueryExecutorMethodInterceptor.doInvoke(RepositoryFactorySupport.java:494)
	at org.springframework.data.repository.core.support.RepositoryFactorySupport$QueryExecutorMethodInterceptor.invoke(RepositoryFactorySupport.java:477)
	at org.springframework.aop.framework.ReflectiveMethodInvocation.proceed(ReflectiveMethodInvocation.java:179)
	at org.springframework.data.projection.DefaultMethodInvokingMethodInterceptor.invoke(DefaultMethodInvokingMethodInterceptor.java:56)
	at org.springframework.aop.framework.ReflectiveMethodInvocation.proceed(ReflectiveMethodInvocation.java:179)
	at org.springframework.transaction.interceptor.TransactionInterceptor$1.proceedWithInvocation(TransactionInterceptor.java:99)
	at org.springframework.transaction.interceptor.TransactionAspectSupport.invokeWithinTransaction(TransactionAspectSupport.java:283)
	at org.springframework.transaction.interceptor.TransactionInterceptor.invoke(TransactionInterceptor.java:96)
	at org.springframework.aop.framework.ReflectiveMethodInvocation.proceed(ReflectiveMethodInvocation.java:179)
	at org.springframework.dao.support.PersistenceExceptionTranslationInterceptor.invoke(PersistenceExceptionTranslationInterceptor.java:136)
	... 103 more
[05/jul/2024 13:43:36] [:] INFO - Rolled back transaction for test: [DefaultTestContext@329af9b1 testClass = Tests, testInstance = org.isf.medicalstock.test.Tests@7c4eab54, testMethod = testMgrValidateLotRefersToAnotherMedical@Tests, testException = [null], mergedContextConfiguration = [MergedContextConfiguration@7535554e testClass = Tests, locations = '{classpath:applicationContext.xml, classpath:applicationContext.xml}', classes = '{}', contextInitializerClasses = '[]', activeProfiles = '{}', propertySourceLocations = '{}', propertySourceProperties = '{}', contextCustomizers = set[org.springframework.boot.test.context.filter.ExcludeFilterContextCustomizer@255b53dc, org.springframework.boot.test.json.DuplicateJsonObjectContextCustomizerFactory$DuplicateJsonObjectContextCustomizer@64d2d351, org.springframework.boot.test.mock.mockito.MockitoContextCustomizer@0, org.springframework.boot.test.autoconfigure.properties.PropertyMappingContextCustomizer@0, org.springframework.boot.test.autoconfigure.web.servlet.WebDriverContextCustomizerFactory$Customizer@52aa2946], contextLoader = 'org.springframework.test.context.support.DelegatingSmartContextLoader', parent = [null]]]
]]></system-out>
  </testcase>
  <testcase name="testMgrValidateLotDueDateNull[Test with AUTOMATICLOT_IN=true, AUTOMATICLOT_OUT=true, AUTOMATICLOTWARD_TOWARD=true]" classname="org.isf.medicalstock.test.Tests" time="0.016">
    <system-out><![CDATA[[05/jul/2024 13:43:36] [:] INFO - Began transaction (1) for test context [DefaultTestContext@329af9b1 testClass = Tests, testInstance = org.isf.medicalstock.test.Tests@663bd74e, testMethod = testMgrValidateLotDueDateNull@Tests, testException = [null], mergedContextConfiguration = [MergedContextConfiguration@7535554e testClass = Tests, locations = '{classpath:applicationContext.xml, classpath:applicationContext.xml}', classes = '{}', contextInitializerClasses = '[]', activeProfiles = '{}', propertySourceLocations = '{}', propertySourceProperties = '{}', contextCustomizers = set[org.springframework.boot.test.context.filter.ExcludeFilterContextCustomizer@255b53dc, org.springframework.boot.test.json.DuplicateJsonObjectContextCustomizerFactory$DuplicateJsonObjectContextCustomizer@64d2d351, org.springframework.boot.test.mock.mockito.MockitoContextCustomizer@0, org.springframework.boot.test.autoconfigure.properties.PropertyMappingContextCustomizer@0, org.springframework.boot.test.autoconfigure.web.servlet.WebDriverContextCustomizerFactory$Customizer@52aa2946], contextLoader = 'org.springframework.test.context.support.DelegatingSmartContextLoader', parent = [null]]]; transaction manager [org.springframework.orm.jpa.JpaTransactionManager@4ece2750]; rollback [true]
[05/jul/2024 13:43:36] [:] INFO - Rolled back transaction for test: [DefaultTestContext@329af9b1 testClass = Tests, testInstance = org.isf.medicalstock.test.Tests@663bd74e, testMethod = testMgrValidateLotDueDateNull@Tests, testException = [null], mergedContextConfiguration = [MergedContextConfiguration@7535554e testClass = Tests, locations = '{classpath:applicationContext.xml, classpath:applicationContext.xml}', classes = '{}', contextInitializerClasses = '[]', activeProfiles = '{}', propertySourceLocations = '{}', propertySourceProperties = '{}', contextCustomizers = set[org.springframework.boot.test.context.filter.ExcludeFilterContextCustomizer@255b53dc, org.springframework.boot.test.json.DuplicateJsonObjectContextCustomizerFactory$DuplicateJsonObjectContextCustomizer@64d2d351, org.springframework.boot.test.mock.mockito.MockitoContextCustomizer@0, org.springframework.boot.test.autoconfigure.properties.PropertyMappingContextCustomizer@0, org.springframework.boot.test.autoconfigure.web.servlet.WebDriverContextCustomizerFactory$Customizer@52aa2946], contextLoader = 'org.springframework.test.context.support.DelegatingSmartContextLoader', parent = [null]]]
]]></system-out>
  </testcase>
  <testcase name="testMgrGetLotsByMedicalNull[Test with AUTOMATICLOT_IN=true, AUTOMATICLOT_OUT=true, AUTOMATICLOTWARD_TOWARD=true]" classname="org.isf.medicalstock.test.Tests" time="0.005">
    <system-out><![CDATA[[05/jul/2024 13:43:36] [:] INFO - Began transaction (1) for test context [DefaultTestContext@329af9b1 testClass = Tests, testInstance = org.isf.medicalstock.test.Tests@768c2f09, testMethod = testMgrGetLotsByMedicalNull@Tests, testException = [null], mergedContextConfiguration = [MergedContextConfiguration@7535554e testClass = Tests, locations = '{classpath:applicationContext.xml, classpath:applicationContext.xml}', classes = '{}', contextInitializerClasses = '[]', activeProfiles = '{}', propertySourceLocations = '{}', propertySourceProperties = '{}', contextCustomizers = set[org.springframework.boot.test.context.filter.ExcludeFilterContextCustomizer@255b53dc, org.springframework.boot.test.json.DuplicateJsonObjectContextCustomizerFactory$DuplicateJsonObjectContextCustomizer@64d2d351, org.springframework.boot.test.mock.mockito.MockitoContextCustomizer@0, org.springframework.boot.test.autoconfigure.properties.PropertyMappingContextCustomizer@0, org.springframework.boot.test.autoconfigure.web.servlet.WebDriverContextCustomizerFactory$Customizer@52aa2946], contextLoader = 'org.springframework.test.context.support.DelegatingSmartContextLoader', parent = [null]]]; transaction manager [org.springframework.orm.jpa.JpaTransactionManager@4ece2750]; rollback [true]
[05/jul/2024 13:43:36] [:] INFO - Rolled back transaction for test: [DefaultTestContext@329af9b1 testClass = Tests, testInstance = org.isf.medicalstock.test.Tests@768c2f09, testMethod = testMgrGetLotsByMedicalNull@Tests, testException = [null], mergedContextConfiguration = [MergedContextConfiguration@7535554e testClass = Tests, locations = '{classpath:applicationContext.xml, classpath:applicationContext.xml}', classes = '{}', contextInitializerClasses = '[]', activeProfiles = '{}', propertySourceLocations = '{}', propertySourceProperties = '{}', contextCustomizers = set[org.springframework.boot.test.context.filter.ExcludeFilterContextCustomizer@255b53dc, org.springframework.boot.test.json.DuplicateJsonObjectContextCustomizerFactory$DuplicateJsonObjectContextCustomizer@64d2d351, org.springframework.boot.test.mock.mockito.MockitoContextCustomizer@0, org.springframework.boot.test.autoconfigure.properties.PropertyMappingContextCustomizer@0, org.springframework.boot.test.autoconfigure.web.servlet.WebDriverContextCustomizerFactory$Customizer@52aa2946], contextLoader = 'org.springframework.test.context.support.DelegatingSmartContextLoader', parent = [null]]]
]]></system-out>
  </testcase>
  <testcase name="testIoNewAutomaticDischargingMovementDifferentLots[Test with AUTOMATICLOT_IN=true, AUTOMATICLOT_OUT=true, AUTOMATICLOTWARD_TOWARD=true]" classname="org.isf.medicalstock.test.Tests" time="0.022">
    <system-out><![CDATA[[05/jul/2024 13:43:36] [:] INFO - Began transaction (1) for test context [DefaultTestContext@329af9b1 testClass = Tests, testInstance = org.isf.medicalstock.test.Tests@48bf1f7c, testMethod = testIoNewAutomaticDischargingMovementDifferentLots@Tests, testException = [null], mergedContextConfiguration = [MergedContextConfiguration@7535554e testClass = Tests, locations = '{classpath:applicationContext.xml, classpath:applicationContext.xml}', classes = '{}', contextInitializerClasses = '[]', activeProfiles = '{}', propertySourceLocations = '{}', propertySourceProperties = '{}', contextCustomizers = set[org.springframework.boot.test.context.filter.ExcludeFilterContextCustomizer@255b53dc, org.springframework.boot.test.json.DuplicateJsonObjectContextCustomizerFactory$DuplicateJsonObjectContextCustomizer@64d2d351, org.springframework.boot.test.mock.mockito.MockitoContextCustomizer@0, org.springframework.boot.test.autoconfigure.properties.PropertyMappingContextCustomizer@0, org.springframework.boot.test.autoconfigure.web.servlet.WebDriverContextCustomizerFactory$Customizer@52aa2946], contextLoader = 'org.springframework.test.context.support.DelegatingSmartContextLoader', parent = [null]]]; transaction manager [org.springframework.orm.jpa.JpaTransactionManager@4ece2750]; rollback [true]
[05/jul/2024 13:43:36] [:] INFO - Rolled back transaction for test: [DefaultTestContext@329af9b1 testClass = Tests, testInstance = org.isf.medicalstock.test.Tests@48bf1f7c, testMethod = testIoNewAutomaticDischargingMovementDifferentLots@Tests, testException = [null], mergedContextConfiguration = [MergedContextConfiguration@7535554e testClass = Tests, locations = '{classpath:applicationContext.xml, classpath:applicationContext.xml}', classes = '{}', contextInitializerClasses = '[]', activeProfiles = '{}', propertySourceLocations = '{}', propertySourceProperties = '{}', contextCustomizers = set[org.springframework.boot.test.context.filter.ExcludeFilterContextCustomizer@255b53dc, org.springframework.boot.test.json.DuplicateJsonObjectContextCustomizerFactory$DuplicateJsonObjectContextCustomizer@64d2d351, org.springframework.boot.test.mock.mockito.MockitoContextCustomizer@0, org.springframework.boot.test.autoconfigure.properties.PropertyMappingContextCustomizer@0, org.springframework.boot.test.autoconfigure.web.servlet.WebDriverContextCustomizerFactory$Customizer@52aa2946], contextLoader = 'org.springframework.test.context.support.DelegatingSmartContextLoader', parent = [null]]]
]]></system-out>
  </testcase>
  <testcase name="testIoNewMovementOutGoingLotsWardNull[Test with AUTOMATICLOT_IN=true, AUTOMATICLOT_OUT=true, AUTOMATICLOTWARD_TOWARD=true]" classname="org.isf.medicalstock.test.Tests" time="0.01">
    <system-out><![CDATA[[05/jul/2024 13:43:36] [:] INFO - Began transaction (1) for test context [DefaultTestContext@329af9b1 testClass = Tests, testInstance = org.isf.medicalstock.test.Tests@2d8f5e5d, testMethod = testIoNewMovementOutGoingLotsWardNull@Tests, testException = [null], mergedContextConfiguration = [MergedContextConfiguration@7535554e testClass = Tests, locations = '{classpath:applicationContext.xml, classpath:applicationContext.xml}', classes = '{}', contextInitializerClasses = '[]', activeProfiles = '{}', propertySourceLocations = '{}', propertySourceProperties = '{}', contextCustomizers = set[org.springframework.boot.test.context.filter.ExcludeFilterContextCustomizer@255b53dc, org.springframework.boot.test.json.DuplicateJsonObjectContextCustomizerFactory$DuplicateJsonObjectContextCustomizer@64d2d351, org.springframework.boot.test.mock.mockito.MockitoContextCustomizer@0, org.springframework.boot.test.autoconfigure.properties.PropertyMappingContextCustomizer@0, org.springframework.boot.test.autoconfigure.web.servlet.WebDriverContextCustomizerFactory$Customizer@52aa2946], contextLoader = 'org.springframework.test.context.support.DelegatingSmartContextLoader', parent = [null]]]; transaction manager [org.springframework.orm.jpa.JpaTransactionManager@4ece2750]; rollback [true]
[05/jul/2024 13:43:36] [:] INFO - Rolled back transaction for test: [DefaultTestContext@329af9b1 testClass = Tests, testInstance = org.isf.medicalstock.test.Tests@2d8f5e5d, testMethod = testIoNewMovementOutGoingLotsWardNull@Tests, testException = [null], mergedContextConfiguration = [MergedContextConfiguration@7535554e testClass = Tests, locations = '{classpath:applicationContext.xml, classpath:applicationContext.xml}', classes = '{}', contextInitializerClasses = '[]', activeProfiles = '{}', propertySourceLocations = '{}', propertySourceProperties = '{}', contextCustomizers = set[org.springframework.boot.test.context.filter.ExcludeFilterContextCustomizer@255b53dc, org.springframework.boot.test.json.DuplicateJsonObjectContextCustomizerFactory$DuplicateJsonObjectContextCustomizer@64d2d351, org.springframework.boot.test.mock.mockito.MockitoContextCustomizer@0, org.springframework.boot.test.autoconfigure.properties.PropertyMappingContextCustomizer@0, org.springframework.boot.test.autoconfigure.web.servlet.WebDriverContextCustomizerFactory$Customizer@52aa2946], contextLoader = 'org.springframework.test.context.support.DelegatingSmartContextLoader', parent = [null]]]
]]></system-out>
  </testcase>
  <testcase name="testIoGetMovementsWithParameters[Test with AUTOMATICLOT_IN=true, AUTOMATICLOT_OUT=true, AUTOMATICLOTWARD_TOWARD=true]" classname="org.isf.medicalstock.test.Tests" time="0.012">
    <system-out><![CDATA[[05/jul/2024 13:43:36] [:] INFO - Began transaction (1) for test context [DefaultTestContext@329af9b1 testClass = Tests, testInstance = org.isf.medicalstock.test.Tests@535c910c, testMethod = testIoGetMovementsWithParameters@Tests, testException = [null], mergedContextConfiguration = [MergedContextConfiguration@7535554e testClass = Tests, locations = '{classpath:applicationContext.xml, classpath:applicationContext.xml}', classes = '{}', contextInitializerClasses = '[]', activeProfiles = '{}', propertySourceLocations = '{}', propertySourceProperties = '{}', contextCustomizers = set[org.springframework.boot.test.context.filter.ExcludeFilterContextCustomizer@255b53dc, org.springframework.boot.test.json.DuplicateJsonObjectContextCustomizerFactory$DuplicateJsonObjectContextCustomizer@64d2d351, org.springframework.boot.test.mock.mockito.MockitoContextCustomizer@0, org.springframework.boot.test.autoconfigure.properties.PropertyMappingContextCustomizer@0, org.springframework.boot.test.autoconfigure.web.servlet.WebDriverContextCustomizerFactory$Customizer@52aa2946], contextLoader = 'org.springframework.test.context.support.DelegatingSmartContextLoader', parent = [null]]]; transaction manager [org.springframework.orm.jpa.JpaTransactionManager@4ece2750]; rollback [true]
[05/jul/2024 13:43:36] [:] INFO - Rolled back transaction for test: [DefaultTestContext@329af9b1 testClass = Tests, testInstance = org.isf.medicalstock.test.Tests@535c910c, testMethod = testIoGetMovementsWithParameters@Tests, testException = [null], mergedContextConfiguration = [MergedContextConfiguration@7535554e testClass = Tests, locations = '{classpath:applicationContext.xml, classpath:applicationContext.xml}', classes = '{}', contextInitializerClasses = '[]', activeProfiles = '{}', propertySourceLocations = '{}', propertySourceProperties = '{}', contextCustomizers = set[org.springframework.boot.test.context.filter.ExcludeFilterContextCustomizer@255b53dc, org.springframework.boot.test.json.DuplicateJsonObjectContextCustomizerFactory$DuplicateJsonObjectContextCustomizer@64d2d351, org.springframework.boot.test.mock.mockito.MockitoContextCustomizer@0, org.springframework.boot.test.autoconfigure.properties.PropertyMappingContextCustomizer@0, org.springframework.boot.test.autoconfigure.web.servlet.WebDriverContextCustomizerFactory$Customizer@52aa2946], contextLoader = 'org.springframework.test.context.support.DelegatingSmartContextLoader', parent = [null]]]
]]></system-out>
  </testcase>
  <testcase name="testMgrGetMovementsCheckMovParameters[Test with AUTOMATICLOT_IN=true, AUTOMATICLOT_OUT=true, AUTOMATICLOTWARD_TOWARD=true]" classname="org.isf.medicalstock.test.Tests" time="0.011">
    <system-out><![CDATA[[05/jul/2024 13:43:36] [:] INFO - Began transaction (1) for test context [DefaultTestContext@329af9b1 testClass = Tests, testInstance = org.isf.medicalstock.test.Tests@4f25ff0a, testMethod = testMgrGetMovementsCheckMovParameters@Tests, testException = [null], mergedContextConfiguration = [MergedContextConfiguration@7535554e testClass = Tests, locations = '{classpath:applicationContext.xml, classpath:applicationContext.xml}', classes = '{}', contextInitializerClasses = '[]', activeProfiles = '{}', propertySourceLocations = '{}', propertySourceProperties = '{}', contextCustomizers = set[org.springframework.boot.test.context.filter.ExcludeFilterContextCustomizer@255b53dc, org.springframework.boot.test.json.DuplicateJsonObjectContextCustomizerFactory$DuplicateJsonObjectContextCustomizer@64d2d351, org.springframework.boot.test.mock.mockito.MockitoContextCustomizer@0, org.springframework.boot.test.autoconfigure.properties.PropertyMappingContextCustomizer@0, org.springframework.boot.test.autoconfigure.web.servlet.WebDriverContextCustomizerFactory$Customizer@52aa2946], contextLoader = 'org.springframework.test.context.support.DelegatingSmartContextLoader', parent = [null]]]; transaction manager [org.springframework.orm.jpa.JpaTransactionManager@4ece2750]; rollback [true]
[05/jul/2024 13:43:36] [:] INFO - Rolled back transaction for test: [DefaultTestContext@329af9b1 testClass = Tests, testInstance = org.isf.medicalstock.test.Tests@4f25ff0a, testMethod = testMgrGetMovementsCheckMovParameters@Tests, testException = [null], mergedContextConfiguration = [MergedContextConfiguration@7535554e testClass = Tests, locations = '{classpath:applicationContext.xml, classpath:applicationContext.xml}', classes = '{}', contextInitializerClasses = '[]', activeProfiles = '{}', propertySourceLocations = '{}', propertySourceProperties = '{}', contextCustomizers = set[org.springframework.boot.test.context.filter.ExcludeFilterContextCustomizer@255b53dc, org.springframework.boot.test.json.DuplicateJsonObjectContextCustomizerFactory$DuplicateJsonObjectContextCustomizer@64d2d351, org.springframework.boot.test.mock.mockito.MockitoContextCustomizer@0, org.springframework.boot.test.autoconfigure.properties.PropertyMappingContextCustomizer@0, org.springframework.boot.test.autoconfigure.web.servlet.WebDriverContextCustomizerFactory$Customizer@52aa2946], contextLoader = 'org.springframework.test.context.support.DelegatingSmartContextLoader', parent = [null]]]
]]></system-out>
  </testcase>
  <testcase name="testIoGetMovementForPrintDateOrder[Test with AUTOMATICLOT_IN=true, AUTOMATICLOT_OUT=true, AUTOMATICLOTWARD_TOWARD=true]" classname="org.isf.medicalstock.test.Tests" time="0.013">
    <system-out><![CDATA[[05/jul/2024 13:43:36] [:] INFO - Began transaction (1) for test context [DefaultTestContext@329af9b1 testClass = Tests, testInstance = org.isf.medicalstock.test.Tests@1c963ce7, testMethod = testIoGetMovementForPrintDateOrder@Tests, testException = [null], mergedContextConfiguration = [MergedContextConfiguration@7535554e testClass = Tests, locations = '{classpath:applicationContext.xml, classpath:applicationContext.xml}', classes = '{}', contextInitializerClasses = '[]', activeProfiles = '{}', propertySourceLocations = '{}', propertySourceProperties = '{}', contextCustomizers = set[org.springframework.boot.test.context.filter.ExcludeFilterContextCustomizer@255b53dc, org.springframework.boot.test.json.DuplicateJsonObjectContextCustomizerFactory$DuplicateJsonObjectContextCustomizer@64d2d351, org.springframework.boot.test.mock.mockito.MockitoContextCustomizer@0, org.springframework.boot.test.autoconfigure.properties.PropertyMappingContextCustomizer@0, org.springframework.boot.test.autoconfigure.web.servlet.WebDriverContextCustomizerFactory$Customizer@52aa2946], contextLoader = 'org.springframework.test.context.support.DelegatingSmartContextLoader', parent = [null]]]; transaction manager [org.springframework.orm.jpa.JpaTransactionManager@4ece2750]; rollback [true]
[05/jul/2024 13:43:36] [:] INFO - Rolled back transaction for test: [DefaultTestContext@329af9b1 testClass = Tests, testInstance = org.isf.medicalstock.test.Tests@1c963ce7, testMethod = testIoGetMovementForPrintDateOrder@Tests, testException = [null], mergedContextConfiguration = [MergedContextConfiguration@7535554e testClass = Tests, locations = '{classpath:applicationContext.xml, classpath:applicationContext.xml}', classes = '{}', contextInitializerClasses = '[]', activeProfiles = '{}', propertySourceLocations = '{}', propertySourceProperties = '{}', contextCustomizers = set[org.springframework.boot.test.context.filter.ExcludeFilterContextCustomizer@255b53dc, org.springframework.boot.test.json.DuplicateJsonObjectContextCustomizerFactory$DuplicateJsonObjectContextCustomizer@64d2d351, org.springframework.boot.test.mock.mockito.MockitoContextCustomizer@0, org.springframework.boot.test.autoconfigure.properties.PropertyMappingContextCustomizer@0, org.springframework.boot.test.autoconfigure.web.servlet.WebDriverContextCustomizerFactory$Customizer@52aa2946], contextLoader = 'org.springframework.test.context.support.DelegatingSmartContextLoader', parent = [null]]]
]]></system-out>
  </testcase>
  <testcase name="testMovementToString[Test with AUTOMATICLOT_IN=true, AUTOMATICLOT_OUT=true, AUTOMATICLOTWARD_TOWARD=true]" classname="org.isf.medicalstock.test.Tests" time="0.012">
    <system-out><![CDATA[[05/jul/2024 13:43:36] [:] INFO - Began transaction (1) for test context [DefaultTestContext@329af9b1 testClass = Tests, testInstance = org.isf.medicalstock.test.Tests@1aaef843, testMethod = testMovementToString@Tests, testException = [null], mergedContextConfiguration = [MergedContextConfiguration@7535554e testClass = Tests, locations = '{classpath:applicationContext.xml, classpath:applicationContext.xml}', classes = '{}', contextInitializerClasses = '[]', activeProfiles = '{}', propertySourceLocations = '{}', propertySourceProperties = '{}', contextCustomizers = set[org.springframework.boot.test.context.filter.ExcludeFilterContextCustomizer@255b53dc, org.springframework.boot.test.json.DuplicateJsonObjectContextCustomizerFactory$DuplicateJsonObjectContextCustomizer@64d2d351, org.springframework.boot.test.mock.mockito.MockitoContextCustomizer@0, org.springframework.boot.test.autoconfigure.properties.PropertyMappingContextCustomizer@0, org.springframework.boot.test.autoconfigure.web.servlet.WebDriverContextCustomizerFactory$Customizer@52aa2946], contextLoader = 'org.springframework.test.context.support.DelegatingSmartContextLoader', parent = [null]]]; transaction manager [org.springframework.orm.jpa.JpaTransactionManager@4ece2750]; rollback [true]
[05/jul/2024 13:43:36] [:] INFO - Rolled back transaction for test: [DefaultTestContext@329af9b1 testClass = Tests, testInstance = org.isf.medicalstock.test.Tests@1aaef843, testMethod = testMovementToString@Tests, testException = [null], mergedContextConfiguration = [MergedContextConfiguration@7535554e testClass = Tests, locations = '{classpath:applicationContext.xml, classpath:applicationContext.xml}', classes = '{}', contextInitializerClasses = '[]', activeProfiles = '{}', propertySourceLocations = '{}', propertySourceProperties = '{}', contextCustomizers = set[org.springframework.boot.test.context.filter.ExcludeFilterContextCustomizer@255b53dc, org.springframework.boot.test.json.DuplicateJsonObjectContextCustomizerFactory$DuplicateJsonObjectContextCustomizer@64d2d351, org.springframework.boot.test.mock.mockito.MockitoContextCustomizer@0, org.springframework.boot.test.autoconfigure.properties.PropertyMappingContextCustomizer@0, org.springframework.boot.test.autoconfigure.web.servlet.WebDriverContextCustomizerFactory$Customizer@52aa2946], contextLoader = 'org.springframework.test.context.support.DelegatingSmartContextLoader', parent = [null]]]
]]></system-out>
  </testcase>
  <testcase name="testMgrGetMovementsCheckLotPrepParameters[Test with AUTOMATICLOT_IN=true, AUTOMATICLOT_OUT=true, AUTOMATICLOTWARD_TOWARD=true]" classname="org.isf.medicalstock.test.Tests" time="0.013">
    <system-out><![CDATA[[05/jul/2024 13:43:36] [:] INFO - Began transaction (1) for test context [DefaultTestContext@329af9b1 testClass = Tests, testInstance = org.isf.medicalstock.test.Tests@31de0bc5, testMethod = testMgrGetMovementsCheckLotPrepParameters@Tests, testException = [null], mergedContextConfiguration = [MergedContextConfiguration@7535554e testClass = Tests, locations = '{classpath:applicationContext.xml, classpath:applicationContext.xml}', classes = '{}', contextInitializerClasses = '[]', activeProfiles = '{}', propertySourceLocations = '{}', propertySourceProperties = '{}', contextCustomizers = set[org.springframework.boot.test.context.filter.ExcludeFilterContextCustomizer@255b53dc, org.springframework.boot.test.json.DuplicateJsonObjectContextCustomizerFactory$DuplicateJsonObjectContextCustomizer@64d2d351, org.springframework.boot.test.mock.mockito.MockitoContextCustomizer@0, org.springframework.boot.test.autoconfigure.properties.PropertyMappingContextCustomizer@0, org.springframework.boot.test.autoconfigure.web.servlet.WebDriverContextCustomizerFactory$Customizer@52aa2946], contextLoader = 'org.springframework.test.context.support.DelegatingSmartContextLoader', parent = [null]]]; transaction manager [org.springframework.orm.jpa.JpaTransactionManager@4ece2750]; rollback [true]
[05/jul/2024 13:43:36] [:] INFO - Rolled back transaction for test: [DefaultTestContext@329af9b1 testClass = Tests, testInstance = org.isf.medicalstock.test.Tests@31de0bc5, testMethod = testMgrGetMovementsCheckLotPrepParameters@Tests, testException = [null], mergedContextConfiguration = [MergedContextConfiguration@7535554e testClass = Tests, locations = '{classpath:applicationContext.xml, classpath:applicationContext.xml}', classes = '{}', contextInitializerClasses = '[]', activeProfiles = '{}', propertySourceLocations = '{}', propertySourceProperties = '{}', contextCustomizers = set[org.springframework.boot.test.context.filter.ExcludeFilterContextCustomizer@255b53dc, org.springframework.boot.test.json.DuplicateJsonObjectContextCustomizerFactory$DuplicateJsonObjectContextCustomizer@64d2d351, org.springframework.boot.test.mock.mockito.MockitoContextCustomizer@0, org.springframework.boot.test.autoconfigure.properties.PropertyMappingContextCustomizer@0, org.springframework.boot.test.autoconfigure.web.servlet.WebDriverContextCustomizerFactory$Customizer@52aa2946], contextLoader = 'org.springframework.test.context.support.DelegatingSmartContextLoader', parent = [null]]]
]]></system-out>
  </testcase>
  <testcase name="testMgrValidateNullMovementType[Test with AUTOMATICLOT_IN=true, AUTOMATICLOT_OUT=true, AUTOMATICLOTWARD_TOWARD=true]" classname="org.isf.medicalstock.test.Tests" time="0.013">
    <system-out><![CDATA[[05/jul/2024 13:43:36] [:] INFO - Began transaction (1) for test context [DefaultTestContext@329af9b1 testClass = Tests, testInstance = org.isf.medicalstock.test.Tests@75264290, testMethod = testMgrValidateNullMovementType@Tests, testException = [null], mergedContextConfiguration = [MergedContextConfiguration@7535554e testClass = Tests, locations = '{classpath:applicationContext.xml, classpath:applicationContext.xml}', classes = '{}', contextInitializerClasses = '[]', activeProfiles = '{}', propertySourceLocations = '{}', propertySourceProperties = '{}', contextCustomizers = set[org.springframework.boot.test.context.filter.ExcludeFilterContextCustomizer@255b53dc, org.springframework.boot.test.json.DuplicateJsonObjectContextCustomizerFactory$DuplicateJsonObjectContextCustomizer@64d2d351, org.springframework.boot.test.mock.mockito.MockitoContextCustomizer@0, org.springframework.boot.test.autoconfigure.properties.PropertyMappingContextCustomizer@0, org.springframework.boot.test.autoconfigure.web.servlet.WebDriverContextCustomizerFactory$Customizer@52aa2946], contextLoader = 'org.springframework.test.context.support.DelegatingSmartContextLoader', parent = [null]]]; transaction manager [org.springframework.orm.jpa.JpaTransactionManager@4ece2750]; rollback [true]
[05/jul/2024 13:43:36] [:] INFO - Rolled back transaction for test: [DefaultTestContext@329af9b1 testClass = Tests, testInstance = org.isf.medicalstock.test.Tests@75264290, testMethod = testMgrValidateNullMovementType@Tests, testException = [null], mergedContextConfiguration = [MergedContextConfiguration@7535554e testClass = Tests, locations = '{classpath:applicationContext.xml, classpath:applicationContext.xml}', classes = '{}', contextInitializerClasses = '[]', activeProfiles = '{}', propertySourceLocations = '{}', propertySourceProperties = '{}', contextCustomizers = set[org.springframework.boot.test.context.filter.ExcludeFilterContextCustomizer@255b53dc, org.springframework.boot.test.json.DuplicateJsonObjectContextCustomizerFactory$DuplicateJsonObjectContextCustomizer@64d2d351, org.springframework.boot.test.mock.mockito.MockitoContextCustomizer@0, org.springframework.boot.test.autoconfigure.properties.PropertyMappingContextCustomizer@0, org.springframework.boot.test.autoconfigure.web.servlet.WebDriverContextCustomizerFactory$Customizer@52aa2946], contextLoader = 'org.springframework.test.context.support.DelegatingSmartContextLoader', parent = [null]]]
]]></system-out>
  </testcase>
  <testcase name="testMgrGetMovementsCheckLotDueParameters[Test with AUTOMATICLOT_IN=true, AUTOMATICLOT_OUT=true, AUTOMATICLOTWARD_TOWARD=true]" classname="org.isf.medicalstock.test.Tests" time="0.013">
    <system-out><![CDATA[[05/jul/2024 13:43:36] [:] INFO - Began transaction (1) for test context [DefaultTestContext@329af9b1 testClass = Tests, testInstance = org.isf.medicalstock.test.Tests@17e4fb57, testMethod = testMgrGetMovementsCheckLotDueParameters@Tests, testException = [null], mergedContextConfiguration = [MergedContextConfiguration@7535554e testClass = Tests, locations = '{classpath:applicationContext.xml, classpath:applicationContext.xml}', classes = '{}', contextInitializerClasses = '[]', activeProfiles = '{}', propertySourceLocations = '{}', propertySourceProperties = '{}', contextCustomizers = set[org.springframework.boot.test.context.filter.ExcludeFilterContextCustomizer@255b53dc, org.springframework.boot.test.json.DuplicateJsonObjectContextCustomizerFactory$DuplicateJsonObjectContextCustomizer@64d2d351, org.springframework.boot.test.mock.mockito.MockitoContextCustomizer@0, org.springframework.boot.test.autoconfigure.properties.PropertyMappingContextCustomizer@0, org.springframework.boot.test.autoconfigure.web.servlet.WebDriverContextCustomizerFactory$Customizer@52aa2946], contextLoader = 'org.springframework.test.context.support.DelegatingSmartContextLoader', parent = [null]]]; transaction manager [org.springframework.orm.jpa.JpaTransactionManager@4ece2750]; rollback [true]
[05/jul/2024 13:43:36] [:] INFO - Rolled back transaction for test: [DefaultTestContext@329af9b1 testClass = Tests, testInstance = org.isf.medicalstock.test.Tests@17e4fb57, testMethod = testMgrGetMovementsCheckLotDueParameters@Tests, testException = [null], mergedContextConfiguration = [MergedContextConfiguration@7535554e testClass = Tests, locations = '{classpath:applicationContext.xml, classpath:applicationContext.xml}', classes = '{}', contextInitializerClasses = '[]', activeProfiles = '{}', propertySourceLocations = '{}', propertySourceProperties = '{}', contextCustomizers = set[org.springframework.boot.test.context.filter.ExcludeFilterContextCustomizer@255b53dc, org.springframework.boot.test.json.DuplicateJsonObjectContextCustomizerFactory$DuplicateJsonObjectContextCustomizer@64d2d351, org.springframework.boot.test.mock.mockito.MockitoContextCustomizer@0, org.springframework.boot.test.autoconfigure.properties.PropertyMappingContextCustomizer@0, org.springframework.boot.test.autoconfigure.web.servlet.WebDriverContextCustomizerFactory$Customizer@52aa2946], contextLoader = 'org.springframework.test.context.support.DelegatingSmartContextLoader', parent = [null]]]
]]></system-out>
  </testcase>
  <testcase name="testLotHashCode[Test with AUTOMATICLOT_IN=true, AUTOMATICLOT_OUT=true, AUTOMATICLOTWARD_TOWARD=true]" classname="org.isf.medicalstock.test.Tests" time="0.009">
    <system-out><![CDATA[[05/jul/2024 13:43:36] [:] INFO - Began transaction (1) for test context [DefaultTestContext@329af9b1 testClass = Tests, testInstance = org.isf.medicalstock.test.Tests@6d743949, testMethod = testLotHashCode@Tests, testException = [null], mergedContextConfiguration = [MergedContextConfiguration@7535554e testClass = Tests, locations = '{classpath:applicationContext.xml, classpath:applicationContext.xml}', classes = '{}', contextInitializerClasses = '[]', activeProfiles = '{}', propertySourceLocations = '{}', propertySourceProperties = '{}', contextCustomizers = set[org.springframework.boot.test.context.filter.ExcludeFilterContextCustomizer@255b53dc, org.springframework.boot.test.json.DuplicateJsonObjectContextCustomizerFactory$DuplicateJsonObjectContextCustomizer@64d2d351, org.springframework.boot.test.mock.mockito.MockitoContextCustomizer@0, org.springframework.boot.test.autoconfigure.properties.PropertyMappingContextCustomizer@0, org.springframework.boot.test.autoconfigure.web.servlet.WebDriverContextCustomizerFactory$Customizer@52aa2946], contextLoader = 'org.springframework.test.context.support.DelegatingSmartContextLoader', parent = [null]]]; transaction manager [org.springframework.orm.jpa.JpaTransactionManager@4ece2750]; rollback [true]
[05/jul/2024 13:43:36] [:] INFO - Rolled back transaction for test: [DefaultTestContext@329af9b1 testClass = Tests, testInstance = org.isf.medicalstock.test.Tests@6d743949, testMethod = testLotHashCode@Tests, testException = [null], mergedContextConfiguration = [MergedContextConfiguration@7535554e testClass = Tests, locations = '{classpath:applicationContext.xml, classpath:applicationContext.xml}', classes = '{}', contextInitializerClasses = '[]', activeProfiles = '{}', propertySourceLocations = '{}', propertySourceProperties = '{}', contextCustomizers = set[org.springframework.boot.test.context.filter.ExcludeFilterContextCustomizer@255b53dc, org.springframework.boot.test.json.DuplicateJsonObjectContextCustomizerFactory$DuplicateJsonObjectContextCustomizer@64d2d351, org.springframework.boot.test.mock.mockito.MockitoContextCustomizer@0, org.springframework.boot.test.autoconfigure.properties.PropertyMappingContextCustomizer@0, org.springframework.boot.test.autoconfigure.web.servlet.WebDriverContextCustomizerFactory$Customizer@52aa2946], contextLoader = 'org.springframework.test.context.support.DelegatingSmartContextLoader', parent = [null]]]
]]></system-out>
  </testcase>
  <testcase name="testLotIsValidLot[Test with AUTOMATICLOT_IN=true, AUTOMATICLOT_OUT=true, AUTOMATICLOTWARD_TOWARD=true]" classname="org.isf.medicalstock.test.Tests" time="0.01">
    <system-out><![CDATA[[05/jul/2024 13:43:36] [:] INFO - Began transaction (1) for test context [DefaultTestContext@329af9b1 testClass = Tests, testInstance = org.isf.medicalstock.test.Tests@18386b89, testMethod = testLotIsValidLot@Tests, testException = [null], mergedContextConfiguration = [MergedContextConfiguration@7535554e testClass = Tests, locations = '{classpath:applicationContext.xml, classpath:applicationContext.xml}', classes = '{}', contextInitializerClasses = '[]', activeProfiles = '{}', propertySourceLocations = '{}', propertySourceProperties = '{}', contextCustomizers = set[org.springframework.boot.test.context.filter.ExcludeFilterContextCustomizer@255b53dc, org.springframework.boot.test.json.DuplicateJsonObjectContextCustomizerFactory$DuplicateJsonObjectContextCustomizer@64d2d351, org.springframework.boot.test.mock.mockito.MockitoContextCustomizer@0, org.springframework.boot.test.autoconfigure.properties.PropertyMappingContextCustomizer@0, org.springframework.boot.test.autoconfigure.web.servlet.WebDriverContextCustomizerFactory$Customizer@52aa2946], contextLoader = 'org.springframework.test.context.support.DelegatingSmartContextLoader', parent = [null]]]; transaction manager [org.springframework.orm.jpa.JpaTransactionManager@4ece2750]; rollback [true]
[05/jul/2024 13:43:36] [:] INFO - Rolled back transaction for test: [DefaultTestContext@329af9b1 testClass = Tests, testInstance = org.isf.medicalstock.test.Tests@18386b89, testMethod = testLotIsValidLot@Tests, testException = [null], mergedContextConfiguration = [MergedContextConfiguration@7535554e testClass = Tests, locations = '{classpath:applicationContext.xml, classpath:applicationContext.xml}', classes = '{}', contextInitializerClasses = '[]', activeProfiles = '{}', propertySourceLocations = '{}', propertySourceProperties = '{}', contextCustomizers = set[org.springframework.boot.test.context.filter.ExcludeFilterContextCustomizer@255b53dc, org.springframework.boot.test.json.DuplicateJsonObjectContextCustomizerFactory$DuplicateJsonObjectContextCustomizer@64d2d351, org.springframework.boot.test.mock.mockito.MockitoContextCustomizer@0, org.springframework.boot.test.autoconfigure.properties.PropertyMappingContextCustomizer@0, org.springframework.boot.test.autoconfigure.web.servlet.WebDriverContextCustomizerFactory$Customizer@52aa2946], contextLoader = 'org.springframework.test.context.support.DelegatingSmartContextLoader', parent = [null]]]
]]></system-out>
  </testcase>
  <testcase name="testMgrGetLotsByMedical[Test with AUTOMATICLOT_IN=true, AUTOMATICLOT_OUT=true, AUTOMATICLOTWARD_TOWARD=true]" classname="org.isf.medicalstock.test.Tests" time="0.011">
    <system-out><![CDATA[[05/jul/2024 13:43:36] [:] INFO - Began transaction (1) for test context [DefaultTestContext@329af9b1 testClass = Tests, testInstance = org.isf.medicalstock.test.Tests@784e750e, testMethod = testMgrGetLotsByMedical@Tests, testException = [null], mergedContextConfiguration = [MergedContextConfiguration@7535554e testClass = Tests, locations = '{classpath:applicationContext.xml, classpath:applicationContext.xml}', classes = '{}', contextInitializerClasses = '[]', activeProfiles = '{}', propertySourceLocations = '{}', propertySourceProperties = '{}', contextCustomizers = set[org.springframework.boot.test.context.filter.ExcludeFilterContextCustomizer@255b53dc, org.springframework.boot.test.json.DuplicateJsonObjectContextCustomizerFactory$DuplicateJsonObjectContextCustomizer@64d2d351, org.springframework.boot.test.mock.mockito.MockitoContextCustomizer@0, org.springframework.boot.test.autoconfigure.properties.PropertyMappingContextCustomizer@0, org.springframework.boot.test.autoconfigure.web.servlet.WebDriverContextCustomizerFactory$Customizer@52aa2946], contextLoader = 'org.springframework.test.context.support.DelegatingSmartContextLoader', parent = [null]]]; transaction manager [org.springframework.orm.jpa.JpaTransactionManager@4ece2750]; rollback [true]
[05/jul/2024 13:43:36] [:] INFO - Rolled back transaction for test: [DefaultTestContext@329af9b1 testClass = Tests, testInstance = org.isf.medicalstock.test.Tests@784e750e, testMethod = testMgrGetLotsByMedical@Tests, testException = [null], mergedContextConfiguration = [MergedContextConfiguration@7535554e testClass = Tests, locations = '{classpath:applicationContext.xml, classpath:applicationContext.xml}', classes = '{}', contextInitializerClasses = '[]', activeProfiles = '{}', propertySourceLocations = '{}', propertySourceProperties = '{}', contextCustomizers = set[org.springframework.boot.test.context.filter.ExcludeFilterContextCustomizer@255b53dc, org.springframework.boot.test.json.DuplicateJsonObjectContextCustomizerFactory$DuplicateJsonObjectContextCustomizer@64d2d351, org.springframework.boot.test.mock.mockito.MockitoContextCustomizer@0, org.springframework.boot.test.autoconfigure.properties.PropertyMappingContextCustomizer@0, org.springframework.boot.test.autoconfigure.web.servlet.WebDriverContextCustomizerFactory$Customizer@52aa2946], contextLoader = 'org.springframework.test.context.support.DelegatingSmartContextLoader', parent = [null]]]
]]></system-out>
  </testcase>
  <testcase name="testIoRefNoExists[Test with AUTOMATICLOT_IN=true, AUTOMATICLOT_OUT=true, AUTOMATICLOTWARD_TOWARD=true]" classname="org.isf.medicalstock.test.Tests" time="0.013">
    <system-out><![CDATA[[05/jul/2024 13:43:36] [:] INFO - Began transaction (1) for test context [DefaultTestContext@329af9b1 testClass = Tests, testInstance = org.isf.medicalstock.test.Tests@6465f971, testMethod = testIoRefNoExists@Tests, testException = [null], mergedContextConfiguration = [MergedContextConfiguration@7535554e testClass = Tests, locations = '{classpath:applicationContext.xml, classpath:applicationContext.xml}', classes = '{}', contextInitializerClasses = '[]', activeProfiles = '{}', propertySourceLocations = '{}', propertySourceProperties = '{}', contextCustomizers = set[org.springframework.boot.test.context.filter.ExcludeFilterContextCustomizer@255b53dc, org.springframework.boot.test.json.DuplicateJsonObjectContextCustomizerFactory$DuplicateJsonObjectContextCustomizer@64d2d351, org.springframework.boot.test.mock.mockito.MockitoContextCustomizer@0, org.springframework.boot.test.autoconfigure.properties.PropertyMappingContextCustomizer@0, org.springframework.boot.test.autoconfigure.web.servlet.WebDriverContextCustomizerFactory$Customizer@52aa2946], contextLoader = 'org.springframework.test.context.support.DelegatingSmartContextLoader', parent = [null]]]; transaction manager [org.springframework.orm.jpa.JpaTransactionManager@4ece2750]; rollback [true]
[05/jul/2024 13:43:36] [:] INFO - Rolled back transaction for test: [DefaultTestContext@329af9b1 testClass = Tests, testInstance = org.isf.medicalstock.test.Tests@6465f971, testMethod = testIoRefNoExists@Tests, testException = [null], mergedContextConfiguration = [MergedContextConfiguration@7535554e testClass = Tests, locations = '{classpath:applicationContext.xml, classpath:applicationContext.xml}', classes = '{}', contextInitializerClasses = '[]', activeProfiles = '{}', propertySourceLocations = '{}', propertySourceProperties = '{}', contextCustomizers = set[org.springframework.boot.test.context.filter.ExcludeFilterContextCustomizer@255b53dc, org.springframework.boot.test.json.DuplicateJsonObjectContextCustomizerFactory$DuplicateJsonObjectContextCustomizer@64d2d351, org.springframework.boot.test.mock.mockito.MockitoContextCustomizer@0, org.springframework.boot.test.autoconfigure.properties.PropertyMappingContextCustomizer@0, org.springframework.boot.test.autoconfigure.web.servlet.WebDriverContextCustomizerFactory$Customizer@52aa2946], contextLoader = 'org.springframework.test.context.support.DelegatingSmartContextLoader', parent = [null]]]
]]></system-out>
  </testcase>
  <testcase name="testIoGetLotsByMedical[Test with AUTOMATICLOT_IN=true, AUTOMATICLOT_OUT=true, AUTOMATICLOTWARD_TOWARD=true]" classname="org.isf.medicalstock.test.Tests" time="0.013">
    <system-out><![CDATA[[05/jul/2024 13:43:36] [:] INFO - Began transaction (1) for test context [DefaultTestContext@329af9b1 testClass = Tests, testInstance = org.isf.medicalstock.test.Tests@43e55409, testMethod = testIoGetLotsByMedical@Tests, testException = [null], mergedContextConfiguration = [MergedContextConfiguration@7535554e testClass = Tests, locations = '{classpath:applicationContext.xml, classpath:applicationContext.xml}', classes = '{}', contextInitializerClasses = '[]', activeProfiles = '{}', propertySourceLocations = '{}', propertySourceProperties = '{}', contextCustomizers = set[org.springframework.boot.test.context.filter.ExcludeFilterContextCustomizer@255b53dc, org.springframework.boot.test.json.DuplicateJsonObjectContextCustomizerFactory$DuplicateJsonObjectContextCustomizer@64d2d351, org.springframework.boot.test.mock.mockito.MockitoContextCustomizer@0, org.springframework.boot.test.autoconfigure.properties.PropertyMappingContextCustomizer@0, org.springframework.boot.test.autoconfigure.web.servlet.WebDriverContextCustomizerFactory$Customizer@52aa2946], contextLoader = 'org.springframework.test.context.support.DelegatingSmartContextLoader', parent = [null]]]; transaction manager [org.springframework.orm.jpa.JpaTransactionManager@4ece2750]; rollback [true]
[05/jul/2024 13:43:36] [:] INFO - Rolled back transaction for test: [DefaultTestContext@329af9b1 testClass = Tests, testInstance = org.isf.medicalstock.test.Tests@43e55409, testMethod = testIoGetLotsByMedical@Tests, testException = [null], mergedContextConfiguration = [MergedContextConfiguration@7535554e testClass = Tests, locations = '{classpath:applicationContext.xml, classpath:applicationContext.xml}', classes = '{}', contextInitializerClasses = '[]', activeProfiles = '{}', propertySourceLocations = '{}', propertySourceProperties = '{}', contextCustomizers = set[org.springframework.boot.test.context.filter.ExcludeFilterContextCustomizer@255b53dc, org.springframework.boot.test.json.DuplicateJsonObjectContextCustomizerFactory$DuplicateJsonObjectContextCustomizer@64d2d351, org.springframework.boot.test.mock.mockito.MockitoContextCustomizer@0, org.springframework.boot.test.autoconfigure.properties.PropertyMappingContextCustomizer@0, org.springframework.boot.test.autoconfigure.web.servlet.WebDriverContextCustomizerFactory$Customizer@52aa2946], contextLoader = 'org.springframework.test.context.support.DelegatingSmartContextLoader', parent = [null]]]
]]></system-out>
  </testcase>
  <testcase name="testIoNewAutomaticDischargingMovement[Test with AUTOMATICLOT_IN=true, AUTOMATICLOT_OUT=true, AUTOMATICLOTWARD_TOWARD=true]" classname="org.isf.medicalstock.test.Tests" time="0.013">
    <system-out><![CDATA[[05/jul/2024 13:43:36] [:] INFO - Began transaction (1) for test context [DefaultTestContext@329af9b1 testClass = Tests, testInstance = org.isf.medicalstock.test.Tests@48bc0954, testMethod = testIoNewAutomaticDischargingMovement@Tests, testException = [null], mergedContextConfiguration = [MergedContextConfiguration@7535554e testClass = Tests, locations = '{classpath:applicationContext.xml, classpath:applicationContext.xml}', classes = '{}', contextInitializerClasses = '[]', activeProfiles = '{}', propertySourceLocations = '{}', propertySourceProperties = '{}', contextCustomizers = set[org.springframework.boot.test.context.filter.ExcludeFilterContextCustomizer@255b53dc, org.springframework.boot.test.json.DuplicateJsonObjectContextCustomizerFactory$DuplicateJsonObjectContextCustomizer@64d2d351, org.springframework.boot.test.mock.mockito.MockitoContextCustomizer@0, org.springframework.boot.test.autoconfigure.properties.PropertyMappingContextCustomizer@0, org.springframework.boot.test.autoconfigure.web.servlet.WebDriverContextCustomizerFactory$Customizer@52aa2946], contextLoader = 'org.springframework.test.context.support.DelegatingSmartContextLoader', parent = [null]]]; transaction manager [org.springframework.orm.jpa.JpaTransactionManager@4ece2750]; rollback [true]
[05/jul/2024 13:43:36] [:] INFO - Rolled back transaction for test: [DefaultTestContext@329af9b1 testClass = Tests, testInstance = org.isf.medicalstock.test.Tests@48bc0954, testMethod = testIoNewAutomaticDischargingMovement@Tests, testException = [null], mergedContextConfiguration = [MergedContextConfiguration@7535554e testClass = Tests, locations = '{classpath:applicationContext.xml, classpath:applicationContext.xml}', classes = '{}', contextInitializerClasses = '[]', activeProfiles = '{}', propertySourceLocations = '{}', propertySourceProperties = '{}', contextCustomizers = set[org.springframework.boot.test.context.filter.ExcludeFilterContextCustomizer@255b53dc, org.springframework.boot.test.json.DuplicateJsonObjectContextCustomizerFactory$DuplicateJsonObjectContextCustomizer@64d2d351, org.springframework.boot.test.mock.mockito.MockitoContextCustomizer@0, org.springframework.boot.test.autoconfigure.properties.PropertyMappingContextCustomizer@0, org.springframework.boot.test.autoconfigure.web.servlet.WebDriverContextCustomizerFactory$Customizer@52aa2946], contextLoader = 'org.springframework.test.context.support.DelegatingSmartContextLoader', parent = [null]]]
]]></system-out>
  </testcase>
  <testcase name="testIoGetMovementForPrintTypeOrder[Test with AUTOMATICLOT_IN=true, AUTOMATICLOT_OUT=true, AUTOMATICLOTWARD_TOWARD=true]" classname="org.isf.medicalstock.test.Tests" time="0.015">
    <system-out><![CDATA[[05/jul/2024 13:43:36] [:] INFO - Began transaction (1) for test context [DefaultTestContext@329af9b1 testClass = Tests, testInstance = org.isf.medicalstock.test.Tests@209c6b4d, testMethod = testIoGetMovementForPrintTypeOrder@Tests, testException = [null], mergedContextConfiguration = [MergedContextConfiguration@7535554e testClass = Tests, locations = '{classpath:applicationContext.xml, classpath:applicationContext.xml}', classes = '{}', contextInitializerClasses = '[]', activeProfiles = '{}', propertySourceLocations = '{}', propertySourceProperties = '{}', contextCustomizers = set[org.springframework.boot.test.context.filter.ExcludeFilterContextCustomizer@255b53dc, org.springframework.boot.test.json.DuplicateJsonObjectContextCustomizerFactory$DuplicateJsonObjectContextCustomizer@64d2d351, org.springframework.boot.test.mock.mockito.MockitoContextCustomizer@0, org.springframework.boot.test.autoconfigure.properties.PropertyMappingContextCustomizer@0, org.springframework.boot.test.autoconfigure.web.servlet.WebDriverContextCustomizerFactory$Customizer@52aa2946], contextLoader = 'org.springframework.test.context.support.DelegatingSmartContextLoader', parent = [null]]]; transaction manager [org.springframework.orm.jpa.JpaTransactionManager@4ece2750]; rollback [true]
[05/jul/2024 13:43:36] [:] INFO - Rolled back transaction for test: [DefaultTestContext@329af9b1 testClass = Tests, testInstance = org.isf.medicalstock.test.Tests@209c6b4d, testMethod = testIoGetMovementForPrintTypeOrder@Tests, testException = [null], mergedContextConfiguration = [MergedContextConfiguration@7535554e testClass = Tests, locations = '{classpath:applicationContext.xml, classpath:applicationContext.xml}', classes = '{}', contextInitializerClasses = '[]', activeProfiles = '{}', propertySourceLocations = '{}', propertySourceProperties = '{}', contextCustomizers = set[org.springframework.boot.test.context.filter.ExcludeFilterContextCustomizer@255b53dc, org.springframework.boot.test.json.DuplicateJsonObjectContextCustomizerFactory$DuplicateJsonObjectContextCustomizer@64d2d351, org.springframework.boot.test.mock.mockito.MockitoContextCustomizer@0, org.springframework.boot.test.autoconfigure.properties.PropertyMappingContextCustomizer@0, org.springframework.boot.test.autoconfigure.web.servlet.WebDriverContextCustomizerFactory$Customizer@52aa2946], contextLoader = 'org.springframework.test.context.support.DelegatingSmartContextLoader', parent = [null]]]
]]></system-out>
  </testcase>
  <testcase name="testMgrValidateLotPrepationDateNull[Test with AUTOMATICLOT_IN=true, AUTOMATICLOT_OUT=true, AUTOMATICLOTWARD_TOWARD=true]" classname="org.isf.medicalstock.test.Tests" time="0.015">
    <system-out><![CDATA[[05/jul/2024 13:43:36] [:] INFO - Began transaction (1) for test context [DefaultTestContext@329af9b1 testClass = Tests, testInstance = org.isf.medicalstock.test.Tests@603720f6, testMethod = testMgrValidateLotPrepationDateNull@Tests, testException = [null], mergedContextConfiguration = [MergedContextConfiguration@7535554e testClass = Tests, locations = '{classpath:applicationContext.xml, classpath:applicationContext.xml}', classes = '{}', contextInitializerClasses = '[]', activeProfiles = '{}', propertySourceLocations = '{}', propertySourceProperties = '{}', contextCustomizers = set[org.springframework.boot.test.context.filter.ExcludeFilterContextCustomizer@255b53dc, org.springframework.boot.test.json.DuplicateJsonObjectContextCustomizerFactory$DuplicateJsonObjectContextCustomizer@64d2d351, org.springframework.boot.test.mock.mockito.MockitoContextCustomizer@0, org.springframework.boot.test.autoconfigure.properties.PropertyMappingContextCustomizer@0, org.springframework.boot.test.autoconfigure.web.servlet.WebDriverContextCustomizerFactory$Customizer@52aa2946], contextLoader = 'org.springframework.test.context.support.DelegatingSmartContextLoader', parent = [null]]]; transaction manager [org.springframework.orm.jpa.JpaTransactionManager@4ece2750]; rollback [true]
[05/jul/2024 13:43:36] [:] INFO - Rolled back transaction for test: [DefaultTestContext@329af9b1 testClass = Tests, testInstance = org.isf.medicalstock.test.Tests@603720f6, testMethod = testMgrValidateLotPrepationDateNull@Tests, testException = [null], mergedContextConfiguration = [MergedContextConfiguration@7535554e testClass = Tests, locations = '{classpath:applicationContext.xml, classpath:applicationContext.xml}', classes = '{}', contextInitializerClasses = '[]', activeProfiles = '{}', propertySourceLocations = '{}', propertySourceProperties = '{}', contextCustomizers = set[org.springframework.boot.test.context.filter.ExcludeFilterContextCustomizer@255b53dc, org.springframework.boot.test.json.DuplicateJsonObjectContextCustomizerFactory$DuplicateJsonObjectContextCustomizer@64d2d351, org.springframework.boot.test.mock.mockito.MockitoContextCustomizer@0, org.springframework.boot.test.autoconfigure.properties.PropertyMappingContextCustomizer@0, org.springframework.boot.test.autoconfigure.web.servlet.WebDriverContextCustomizerFactory$Customizer@52aa2946], contextLoader = 'org.springframework.test.context.support.DelegatingSmartContextLoader', parent = [null]]]
]]></system-out>
  </testcase>
  <testcase name="testIoNewMovementAutomaticLotMode[Test with AUTOMATICLOT_IN=true, AUTOMATICLOT_OUT=true, AUTOMATICLOTWARD_TOWARD=true]" classname="org.isf.medicalstock.test.Tests" time="0.016">
    <system-out><![CDATA[[05/jul/2024 13:43:36] [:] INFO - Began transaction (1) for test context [DefaultTestContext@329af9b1 testClass = Tests, testInstance = org.isf.medicalstock.test.Tests@6ec0246f, testMethod = testIoNewMovementAutomaticLotMode@Tests, testException = [null], mergedContextConfiguration = [MergedContextConfiguration@7535554e testClass = Tests, locations = '{classpath:applicationContext.xml, classpath:applicationContext.xml}', classes = '{}', contextInitializerClasses = '[]', activeProfiles = '{}', propertySourceLocations = '{}', propertySourceProperties = '{}', contextCustomizers = set[org.springframework.boot.test.context.filter.ExcludeFilterContextCustomizer@255b53dc, org.springframework.boot.test.json.DuplicateJsonObjectContextCustomizerFactory$DuplicateJsonObjectContextCustomizer@64d2d351, org.springframework.boot.test.mock.mockito.MockitoContextCustomizer@0, org.springframework.boot.test.autoconfigure.properties.PropertyMappingContextCustomizer@0, org.springframework.boot.test.autoconfigure.web.servlet.WebDriverContextCustomizerFactory$Customizer@52aa2946], contextLoader = 'org.springframework.test.context.support.DelegatingSmartContextLoader', parent = [null]]]; transaction manager [org.springframework.orm.jpa.JpaTransactionManager@4ece2750]; rollback [true]
[05/jul/2024 13:43:36] [:] INFO - Rolled back transaction for test: [DefaultTestContext@329af9b1 testClass = Tests, testInstance = org.isf.medicalstock.test.Tests@6ec0246f, testMethod = testIoNewMovementAutomaticLotMode@Tests, testException = [null], mergedContextConfiguration = [MergedContextConfiguration@7535554e testClass = Tests, locations = '{classpath:applicationContext.xml, classpath:applicationContext.xml}', classes = '{}', contextInitializerClasses = '[]', activeProfiles = '{}', propertySourceLocations = '{}', propertySourceProperties = '{}', contextCustomizers = set[org.springframework.boot.test.context.filter.ExcludeFilterContextCustomizer@255b53dc, org.springframework.boot.test.json.DuplicateJsonObjectContextCustomizerFactory$DuplicateJsonObjectContextCustomizer@64d2d351, org.springframework.boot.test.mock.mockito.MockitoContextCustomizer@0, org.springframework.boot.test.autoconfigure.properties.PropertyMappingContextCustomizer@0, org.springframework.boot.test.autoconfigure.web.servlet.WebDriverContextCustomizerFactory$Customizer@52aa2946], contextLoader = 'org.springframework.test.context.support.DelegatingSmartContextLoader', parent = [null]]]
]]></system-out>
  </testcase>
  <testcase name="testMgrStoreLot[Test with AUTOMATICLOT_IN=true, AUTOMATICLOT_OUT=true, AUTOMATICLOTWARD_TOWARD=true]" classname="org.isf.medicalstock.test.Tests" time="0.019">
    <system-out><![CDATA[[05/jul/2024 13:43:36] [:] INFO - Began transaction (1) for test context [DefaultTestContext@329af9b1 testClass = Tests, testInstance = org.isf.medicalstock.test.Tests@6387aba7, testMethod = testMgrStoreLot@Tests, testException = [null], mergedContextConfiguration = [MergedContextConfiguration@7535554e testClass = Tests, locations = '{classpath:applicationContext.xml, classpath:applicationContext.xml}', classes = '{}', contextInitializerClasses = '[]', activeProfiles = '{}', propertySourceLocations = '{}', propertySourceProperties = '{}', contextCustomizers = set[org.springframework.boot.test.context.filter.ExcludeFilterContextCustomizer@255b53dc, org.springframework.boot.test.json.DuplicateJsonObjectContextCustomizerFactory$DuplicateJsonObjectContextCustomizer@64d2d351, org.springframework.boot.test.mock.mockito.MockitoContextCustomizer@0, org.springframework.boot.test.autoconfigure.properties.PropertyMappingContextCustomizer@0, org.springframework.boot.test.autoconfigure.web.servlet.WebDriverContextCustomizerFactory$Customizer@52aa2946], contextLoader = 'org.springframework.test.context.support.DelegatingSmartContextLoader', parent = [null]]]; transaction manager [org.springframework.orm.jpa.JpaTransactionManager@4ece2750]; rollback [true]
[05/jul/2024 13:43:36] [:] INFO - Rolled back transaction for test: [DefaultTestContext@329af9b1 testClass = Tests, testInstance = org.isf.medicalstock.test.Tests@6387aba7, testMethod = testMgrStoreLot@Tests, testException = [null], mergedContextConfiguration = [MergedContextConfiguration@7535554e testClass = Tests, locations = '{classpath:applicationContext.xml, classpath:applicationContext.xml}', classes = '{}', contextInitializerClasses = '[]', activeProfiles = '{}', propertySourceLocations = '{}', propertySourceProperties = '{}', contextCustomizers = set[org.springframework.boot.test.context.filter.ExcludeFilterContextCustomizer@255b53dc, org.springframework.boot.test.json.DuplicateJsonObjectContextCustomizerFactory$DuplicateJsonObjectContextCustomizer@64d2d351, org.springframework.boot.test.mock.mockito.MockitoContextCustomizer@0, org.springframework.boot.test.autoconfigure.properties.PropertyMappingContextCustomizer@0, org.springframework.boot.test.autoconfigure.web.servlet.WebDriverContextCustomizerFactory$Customizer@52aa2946], contextLoader = 'org.springframework.test.context.support.DelegatingSmartContextLoader', parent = [null]]]
]]></system-out>
  </testcase>
  <testcase name="testLotGets[Test with AUTOMATICLOT_IN=true, AUTOMATICLOT_OUT=true, AUTOMATICLOTWARD_TOWARD=true]" classname="org.isf.medicalstock.test.Tests" time="0.011">
    <system-out><![CDATA[[05/jul/2024 13:43:36] [:] INFO - Began transaction (1) for test context [DefaultTestContext@329af9b1 testClass = Tests, testInstance = org.isf.medicalstock.test.Tests@4120570d, testMethod = testLotGets@Tests, testException = [null], mergedContextConfiguration = [MergedContextConfiguration@7535554e testClass = Tests, locations = '{classpath:applicationContext.xml, classpath:applicationContext.xml}', classes = '{}', contextInitializerClasses = '[]', activeProfiles = '{}', propertySourceLocations = '{}', propertySourceProperties = '{}', contextCustomizers = set[org.springframework.boot.test.context.filter.ExcludeFilterContextCustomizer@255b53dc, org.springframework.boot.test.json.DuplicateJsonObjectContextCustomizerFactory$DuplicateJsonObjectContextCustomizer@64d2d351, org.springframework.boot.test.mock.mockito.MockitoContextCustomizer@0, org.springframework.boot.test.autoconfigure.properties.PropertyMappingContextCustomizer@0, org.springframework.boot.test.autoconfigure.web.servlet.WebDriverContextCustomizerFactory$Customizer@52aa2946], contextLoader = 'org.springframework.test.context.support.DelegatingSmartContextLoader', parent = [null]]]; transaction manager [org.springframework.orm.jpa.JpaTransactionManager@4ece2750]; rollback [true]
[05/jul/2024 13:43:36] [:] INFO - Rolled back transaction for test: [DefaultTestContext@329af9b1 testClass = Tests, testInstance = org.isf.medicalstock.test.Tests@4120570d, testMethod = testLotGets@Tests, testException = [null], mergedContextConfiguration = [MergedContextConfiguration@7535554e testClass = Tests, locations = '{classpath:applicationContext.xml, classpath:applicationContext.xml}', classes = '{}', contextInitializerClasses = '[]', activeProfiles = '{}', propertySourceLocations = '{}', propertySourceProperties = '{}', contextCustomizers = set[org.springframework.boot.test.context.filter.ExcludeFilterContextCustomizer@255b53dc, org.springframework.boot.test.json.DuplicateJsonObjectContextCustomizerFactory$DuplicateJsonObjectContextCustomizer@64d2d351, org.springframework.boot.test.mock.mockito.MockitoContextCustomizer@0, org.springframework.boot.test.autoconfigure.properties.PropertyMappingContextCustomizer@0, org.springframework.boot.test.autoconfigure.web.servlet.WebDriverContextCustomizerFactory$Customizer@52aa2946], contextLoader = 'org.springframework.test.context.support.DelegatingSmartContextLoader', parent = [null]]]
]]></system-out>
  </testcase>
  <testcase name="testLotSets[Test with AUTOMATICLOT_IN=true, AUTOMATICLOT_OUT=true, AUTOMATICLOTWARD_TOWARD=true]" classname="org.isf.medicalstock.test.Tests" time="0.012">
    <system-out><![CDATA[[05/jul/2024 13:43:36] [:] INFO - Began transaction (1) for test context [DefaultTestContext@329af9b1 testClass = Tests, testInstance = org.isf.medicalstock.test.Tests@764f4f5c, testMethod = testLotSets@Tests, testException = [null], mergedContextConfiguration = [MergedContextConfiguration@7535554e testClass = Tests, locations = '{classpath:applicationContext.xml, classpath:applicationContext.xml}', classes = '{}', contextInitializerClasses = '[]', activeProfiles = '{}', propertySourceLocations = '{}', propertySourceProperties = '{}', contextCustomizers = set[org.springframework.boot.test.context.filter.ExcludeFilterContextCustomizer@255b53dc, org.springframework.boot.test.json.DuplicateJsonObjectContextCustomizerFactory$DuplicateJsonObjectContextCustomizer@64d2d351, org.springframework.boot.test.mock.mockito.MockitoContextCustomizer@0, org.springframework.boot.test.autoconfigure.properties.PropertyMappingContextCustomizer@0, org.springframework.boot.test.autoconfigure.web.servlet.WebDriverContextCustomizerFactory$Customizer@52aa2946], contextLoader = 'org.springframework.test.context.support.DelegatingSmartContextLoader', parent = [null]]]; transaction manager [org.springframework.orm.jpa.JpaTransactionManager@4ece2750]; rollback [true]
[05/jul/2024 13:43:36] [:] INFO - Rolled back transaction for test: [DefaultTestContext@329af9b1 testClass = Tests, testInstance = org.isf.medicalstock.test.Tests@764f4f5c, testMethod = testLotSets@Tests, testException = [null], mergedContextConfiguration = [MergedContextConfiguration@7535554e testClass = Tests, locations = '{classpath:applicationContext.xml, classpath:applicationContext.xml}', classes = '{}', contextInitializerClasses = '[]', activeProfiles = '{}', propertySourceLocations = '{}', propertySourceProperties = '{}', contextCustomizers = set[org.springframework.boot.test.context.filter.ExcludeFilterContextCustomizer@255b53dc, org.springframework.boot.test.json.DuplicateJsonObjectContextCustomizerFactory$DuplicateJsonObjectContextCustomizer@64d2d351, org.springframework.boot.test.mock.mockito.MockitoContextCustomizer@0, org.springframework.boot.test.autoconfigure.properties.PropertyMappingContextCustomizer@0, org.springframework.boot.test.autoconfigure.web.servlet.WebDriverContextCustomizerFactory$Customizer@52aa2946], contextLoader = 'org.springframework.test.context.support.DelegatingSmartContextLoader', parent = [null]]]
]]></system-out>
  </testcase>
  <testcase name="testMgrPrepareDischargingMovementBadRefNumber[Test with AUTOMATICLOT_IN=true, AUTOMATICLOT_OUT=true, AUTOMATICLOTWARD_TOWARD=true]" classname="org.isf.medicalstock.test.Tests" time="0.012">
    <system-out><![CDATA[[05/jul/2024 13:43:36] [:] INFO - Began transaction (1) for test context [DefaultTestContext@329af9b1 testClass = Tests, testInstance = org.isf.medicalstock.test.Tests@53cfa884, testMethod = testMgrPrepareDischargingMovementBadRefNumber@Tests, testException = [null], mergedContextConfiguration = [MergedContextConfiguration@7535554e testClass = Tests, locations = '{classpath:applicationContext.xml, classpath:applicationContext.xml}', classes = '{}', contextInitializerClasses = '[]', activeProfiles = '{}', propertySourceLocations = '{}', propertySourceProperties = '{}', contextCustomizers = set[org.springframework.boot.test.context.filter.ExcludeFilterContextCustomizer@255b53dc, org.springframework.boot.test.json.DuplicateJsonObjectContextCustomizerFactory$DuplicateJsonObjectContextCustomizer@64d2d351, org.springframework.boot.test.mock.mockito.MockitoContextCustomizer@0, org.springframework.boot.test.autoconfigure.properties.PropertyMappingContextCustomizer@0, org.springframework.boot.test.autoconfigure.web.servlet.WebDriverContextCustomizerFactory$Customizer@52aa2946], contextLoader = 'org.springframework.test.context.support.DelegatingSmartContextLoader', parent = [null]]]; transaction manager [org.springframework.orm.jpa.JpaTransactionManager@4ece2750]; rollback [true]
[05/jul/2024 13:43:36] [:] INFO - Rolled back transaction for test: [DefaultTestContext@329af9b1 testClass = Tests, testInstance = org.isf.medicalstock.test.Tests@53cfa884, testMethod = testMgrPrepareDischargingMovementBadRefNumber@Tests, testException = [null], mergedContextConfiguration = [MergedContextConfiguration@7535554e testClass = Tests, locations = '{classpath:applicationContext.xml, classpath:applicationContext.xml}', classes = '{}', contextInitializerClasses = '[]', activeProfiles = '{}', propertySourceLocations = '{}', propertySourceProperties = '{}', contextCustomizers = set[org.springframework.boot.test.context.filter.ExcludeFilterContextCustomizer@255b53dc, org.springframework.boot.test.json.DuplicateJsonObjectContextCustomizerFactory$DuplicateJsonObjectContextCustomizer@64d2d351, org.springframework.boot.test.mock.mockito.MockitoContextCustomizer@0, org.springframework.boot.test.autoconfigure.properties.PropertyMappingContextCustomizer@0, org.springframework.boot.test.autoconfigure.web.servlet.WebDriverContextCustomizerFactory$Customizer@52aa2946], contextLoader = 'org.springframework.test.context.support.DelegatingSmartContextLoader', parent = [null]]]
]]></system-out>
  </testcase>
  <testcase name="testMgrValidateQuantityZero[Test with AUTOMATICLOT_IN=true, AUTOMATICLOT_OUT=true, AUTOMATICLOTWARD_TOWARD=true]" classname="org.isf.medicalstock.test.Tests" time="0.012">
    <system-out><![CDATA[[05/jul/2024 13:43:36] [:] INFO - Began transaction (1) for test context [DefaultTestContext@329af9b1 testClass = Tests, testInstance = org.isf.medicalstock.test.Tests@528638b2, testMethod = testMgrValidateQuantityZero@Tests, testException = [null], mergedContextConfiguration = [MergedContextConfiguration@7535554e testClass = Tests, locations = '{classpath:applicationContext.xml, classpath:applicationContext.xml}', classes = '{}', contextInitializerClasses = '[]', activeProfiles = '{}', propertySourceLocations = '{}', propertySourceProperties = '{}', contextCustomizers = set[org.springframework.boot.test.context.filter.ExcludeFilterContextCustomizer@255b53dc, org.springframework.boot.test.json.DuplicateJsonObjectContextCustomizerFactory$DuplicateJsonObjectContextCustomizer@64d2d351, org.springframework.boot.test.mock.mockito.MockitoContextCustomizer@0, org.springframework.boot.test.autoconfigure.properties.PropertyMappingContextCustomizer@0, org.springframework.boot.test.autoconfigure.web.servlet.WebDriverContextCustomizerFactory$Customizer@52aa2946], contextLoader = 'org.springframework.test.context.support.DelegatingSmartContextLoader', parent = [null]]]; transaction manager [org.springframework.orm.jpa.JpaTransactionManager@4ece2750]; rollback [true]
[05/jul/2024 13:43:36] [:] INFO - Rolled back transaction for test: [DefaultTestContext@329af9b1 testClass = Tests, testInstance = org.isf.medicalstock.test.Tests@528638b2, testMethod = testMgrValidateQuantityZero@Tests, testException = [null], mergedContextConfiguration = [MergedContextConfiguration@7535554e testClass = Tests, locations = '{classpath:applicationContext.xml, classpath:applicationContext.xml}', classes = '{}', contextInitializerClasses = '[]', activeProfiles = '{}', propertySourceLocations = '{}', propertySourceProperties = '{}', contextCustomizers = set[org.springframework.boot.test.context.filter.ExcludeFilterContextCustomizer@255b53dc, org.springframework.boot.test.json.DuplicateJsonObjectContextCustomizerFactory$DuplicateJsonObjectContextCustomizer@64d2d351, org.springframework.boot.test.mock.mockito.MockitoContextCustomizer@0, org.springframework.boot.test.autoconfigure.properties.PropertyMappingContextCustomizer@0, org.springframework.boot.test.autoconfigure.web.servlet.WebDriverContextCustomizerFactory$Customizer@52aa2946], contextLoader = 'org.springframework.test.context.support.DelegatingSmartContextLoader', parent = [null]]]
]]></system-out>
  </testcase>
  <testcase name="testMgrGetLastMovementDate[Test with AUTOMATICLOT_IN=true, AUTOMATICLOT_OUT=true, AUTOMATICLOTWARD_TOWARD=true]" classname="org.isf.medicalstock.test.Tests" time="0.013">
    <system-out><![CDATA[[05/jul/2024 13:43:36] [:] INFO - Began transaction (1) for test context [DefaultTestContext@329af9b1 testClass = Tests, testInstance = org.isf.medicalstock.test.Tests@32ed33c5, testMethod = testMgrGetLastMovementDate@Tests, testException = [null], mergedContextConfiguration = [MergedContextConfiguration@7535554e testClass = Tests, locations = '{classpath:applicationContext.xml, classpath:applicationContext.xml}', classes = '{}', contextInitializerClasses = '[]', activeProfiles = '{}', propertySourceLocations = '{}', propertySourceProperties = '{}', contextCustomizers = set[org.springframework.boot.test.context.filter.ExcludeFilterContextCustomizer@255b53dc, org.springframework.boot.test.json.DuplicateJsonObjectContextCustomizerFactory$DuplicateJsonObjectContextCustomizer@64d2d351, org.springframework.boot.test.mock.mockito.MockitoContextCustomizer@0, org.springframework.boot.test.autoconfigure.properties.PropertyMappingContextCustomizer@0, org.springframework.boot.test.autoconfigure.web.servlet.WebDriverContextCustomizerFactory$Customizer@52aa2946], contextLoader = 'org.springframework.test.context.support.DelegatingSmartContextLoader', parent = [null]]]; transaction manager [org.springframework.orm.jpa.JpaTransactionManager@4ece2750]; rollback [true]
[05/jul/2024 13:43:36] [:] INFO - Rolled back transaction for test: [DefaultTestContext@329af9b1 testClass = Tests, testInstance = org.isf.medicalstock.test.Tests@32ed33c5, testMethod = testMgrGetLastMovementDate@Tests, testException = [null], mergedContextConfiguration = [MergedContextConfiguration@7535554e testClass = Tests, locations = '{classpath:applicationContext.xml, classpath:applicationContext.xml}', classes = '{}', contextInitializerClasses = '[]', activeProfiles = '{}', propertySourceLocations = '{}', propertySourceProperties = '{}', contextCustomizers = set[org.springframework.boot.test.context.filter.ExcludeFilterContextCustomizer@255b53dc, org.springframework.boot.test.json.DuplicateJsonObjectContextCustomizerFactory$DuplicateJsonObjectContextCustomizer@64d2d351, org.springframework.boot.test.mock.mockito.MockitoContextCustomizer@0, org.springframework.boot.test.autoconfigure.properties.PropertyMappingContextCustomizer@0, org.springframework.boot.test.autoconfigure.web.servlet.WebDriverContextCustomizerFactory$Customizer@52aa2946], contextLoader = 'org.springframework.test.context.support.DelegatingSmartContextLoader', parent = [null]]]
]]></system-out>
  </testcase>
  <testcase name="testMovementGets[Test with AUTOMATICLOT_IN=true, AUTOMATICLOT_OUT=true, AUTOMATICLOTWARD_TOWARD=true]" classname="org.isf.medicalstock.test.Tests" time="0.013">
    <system-out><![CDATA[[05/jul/2024 13:43:36] [:] INFO - Began transaction (1) for test context [DefaultTestContext@329af9b1 testClass = Tests, testInstance = org.isf.medicalstock.test.Tests@45b7b2ab, testMethod = testMovementGets@Tests, testException = [null], mergedContextConfiguration = [MergedContextConfiguration@7535554e testClass = Tests, locations = '{classpath:applicationContext.xml, classpath:applicationContext.xml}', classes = '{}', contextInitializerClasses = '[]', activeProfiles = '{}', propertySourceLocations = '{}', propertySourceProperties = '{}', contextCustomizers = set[org.springframework.boot.test.context.filter.ExcludeFilterContextCustomizer@255b53dc, org.springframework.boot.test.json.DuplicateJsonObjectContextCustomizerFactory$DuplicateJsonObjectContextCustomizer@64d2d351, org.springframework.boot.test.mock.mockito.MockitoContextCustomizer@0, org.springframework.boot.test.autoconfigure.properties.PropertyMappingContextCustomizer@0, org.springframework.boot.test.autoconfigure.web.servlet.WebDriverContextCustomizerFactory$Customizer@52aa2946], contextLoader = 'org.springframework.test.context.support.DelegatingSmartContextLoader', parent = [null]]]; transaction manager [org.springframework.orm.jpa.JpaTransactionManager@4ece2750]; rollback [true]
[05/jul/2024 13:43:36] [:] INFO - Rolled back transaction for test: [DefaultTestContext@329af9b1 testClass = Tests, testInstance = org.isf.medicalstock.test.Tests@45b7b2ab, testMethod = testMovementGets@Tests, testException = [null], mergedContextConfiguration = [MergedContextConfiguration@7535554e testClass = Tests, locations = '{classpath:applicationContext.xml, classpath:applicationContext.xml}', classes = '{}', contextInitializerClasses = '[]', activeProfiles = '{}', propertySourceLocations = '{}', propertySourceProperties = '{}', contextCustomizers = set[org.springframework.boot.test.context.filter.ExcludeFilterContextCustomizer@255b53dc, org.springframework.boot.test.json.DuplicateJsonObjectContextCustomizerFactory$DuplicateJsonObjectContextCustomizer@64d2d351, org.springframework.boot.test.mock.mockito.MockitoContextCustomizer@0, org.springframework.boot.test.autoconfigure.properties.PropertyMappingContextCustomizer@0, org.springframework.boot.test.autoconfigure.web.servlet.WebDriverContextCustomizerFactory$Customizer@52aa2946], contextLoader = 'org.springframework.test.context.support.DelegatingSmartContextLoader', parent = [null]]]
]]></system-out>
  </testcase>
  <testcase name="testMovementSets[Test with AUTOMATICLOT_IN=true, AUTOMATICLOT_OUT=true, AUTOMATICLOTWARD_TOWARD=true]" classname="org.isf.medicalstock.test.Tests" time="0.016">
    <system-out><![CDATA[[05/jul/2024 13:43:36] [:] INFO - Began transaction (1) for test context [DefaultTestContext@329af9b1 testClass = Tests, testInstance = org.isf.medicalstock.test.Tests@122d84ba, testMethod = testMovementSets@Tests, testException = [null], mergedContextConfiguration = [MergedContextConfiguration@7535554e testClass = Tests, locations = '{classpath:applicationContext.xml, classpath:applicationContext.xml}', classes = '{}', contextInitializerClasses = '[]', activeProfiles = '{}', propertySourceLocations = '{}', propertySourceProperties = '{}', contextCustomizers = set[org.springframework.boot.test.context.filter.ExcludeFilterContextCustomizer@255b53dc, org.springframework.boot.test.json.DuplicateJsonObjectContextCustomizerFactory$DuplicateJsonObjectContextCustomizer@64d2d351, org.springframework.boot.test.mock.mockito.MockitoContextCustomizer@0, org.springframework.boot.test.autoconfigure.properties.PropertyMappingContextCustomizer@0, org.springframework.boot.test.autoconfigure.web.servlet.WebDriverContextCustomizerFactory$Customizer@52aa2946], contextLoader = 'org.springframework.test.context.support.DelegatingSmartContextLoader', parent = [null]]]; transaction manager [org.springframework.orm.jpa.JpaTransactionManager@4ece2750]; rollback [true]
[05/jul/2024 13:43:36] [:] INFO - Rolled back transaction for test: [DefaultTestContext@329af9b1 testClass = Tests, testInstance = org.isf.medicalstock.test.Tests@122d84ba, testMethod = testMovementSets@Tests, testException = [null], mergedContextConfiguration = [MergedContextConfiguration@7535554e testClass = Tests, locations = '{classpath:applicationContext.xml, classpath:applicationContext.xml}', classes = '{}', contextInitializerClasses = '[]', activeProfiles = '{}', propertySourceLocations = '{}', propertySourceProperties = '{}', contextCustomizers = set[org.springframework.boot.test.context.filter.ExcludeFilterContextCustomizer@255b53dc, org.springframework.boot.test.json.DuplicateJsonObjectContextCustomizerFactory$DuplicateJsonObjectContextCustomizer@64d2d351, org.springframework.boot.test.mock.mockito.MockitoContextCustomizer@0, org.springframework.boot.test.autoconfigure.properties.PropertyMappingContextCustomizer@0, org.springframework.boot.test.autoconfigure.web.servlet.WebDriverContextCustomizerFactory$Customizer@52aa2946], contextLoader = 'org.springframework.test.context.support.DelegatingSmartContextLoader', parent = [null]]]
]]></system-out>
  </testcase>
  <testcase name="testMovementGetOrigin[Test with AUTOMATICLOT_IN=true, AUTOMATICLOT_OUT=true, AUTOMATICLOTWARD_TOWARD=true]" classname="org.isf.medicalstock.test.Tests" time="0.016">
    <system-out><![CDATA[[05/jul/2024 13:43:36] [:] INFO - Began transaction (1) for test context [DefaultTestContext@329af9b1 testClass = Tests, testInstance = org.isf.medicalstock.test.Tests@2d21e63f, testMethod = testMovementGetOrigin@Tests, testException = [null], mergedContextConfiguration = [MergedContextConfiguration@7535554e testClass = Tests, locations = '{classpath:applicationContext.xml, classpath:applicationContext.xml}', classes = '{}', contextInitializerClasses = '[]', activeProfiles = '{}', propertySourceLocations = '{}', propertySourceProperties = '{}', contextCustomizers = set[org.springframework.boot.test.context.filter.ExcludeFilterContextCustomizer@255b53dc, org.springframework.boot.test.json.DuplicateJsonObjectContextCustomizerFactory$DuplicateJsonObjectContextCustomizer@64d2d351, org.springframework.boot.test.mock.mockito.MockitoContextCustomizer@0, org.springframework.boot.test.autoconfigure.properties.PropertyMappingContextCustomizer@0, org.springframework.boot.test.autoconfigure.web.servlet.WebDriverContextCustomizerFactory$Customizer@52aa2946], contextLoader = 'org.springframework.test.context.support.DelegatingSmartContextLoader', parent = [null]]]; transaction manager [org.springframework.orm.jpa.JpaTransactionManager@4ece2750]; rollback [true]
[05/jul/2024 13:43:36] [:] INFO - Rolled back transaction for test: [DefaultTestContext@329af9b1 testClass = Tests, testInstance = org.isf.medicalstock.test.Tests@2d21e63f, testMethod = testMovementGetOrigin@Tests, testException = [null], mergedContextConfiguration = [MergedContextConfiguration@7535554e testClass = Tests, locations = '{classpath:applicationContext.xml, classpath:applicationContext.xml}', classes = '{}', contextInitializerClasses = '[]', activeProfiles = '{}', propertySourceLocations = '{}', propertySourceProperties = '{}', contextCustomizers = set[org.springframework.boot.test.context.filter.ExcludeFilterContextCustomizer@255b53dc, org.springframework.boot.test.json.DuplicateJsonObjectContextCustomizerFactory$DuplicateJsonObjectContextCustomizer@64d2d351, org.springframework.boot.test.mock.mockito.MockitoContextCustomizer@0, org.springframework.boot.test.autoconfigure.properties.PropertyMappingContextCustomizer@0, org.springframework.boot.test.autoconfigure.web.servlet.WebDriverContextCustomizerFactory$Customizer@52aa2946], contextLoader = 'org.springframework.test.context.support.DelegatingSmartContextLoader', parent = [null]]]
]]></system-out>
  </testcase>
  <testcase name="testIoGetMovements[Test with AUTOMATICLOT_IN=true, AUTOMATICLOT_OUT=true, AUTOMATICLOTWARD_TOWARD=true]" classname="org.isf.medicalstock.test.Tests" time="0.013">
    <system-out><![CDATA[[05/jul/2024 13:43:36] [:] INFO - Began transaction (1) for test context [DefaultTestContext@329af9b1 testClass = Tests, testInstance = org.isf.medicalstock.test.Tests@1ed6b7f6, testMethod = testIoGetMovements@Tests, testException = [null], mergedContextConfiguration = [MergedContextConfiguration@7535554e testClass = Tests, locations = '{classpath:applicationContext.xml, classpath:applicationContext.xml}', classes = '{}', contextInitializerClasses = '[]', activeProfiles = '{}', propertySourceLocations = '{}', propertySourceProperties = '{}', contextCustomizers = set[org.springframework.boot.test.context.filter.ExcludeFilterContextCustomizer@255b53dc, org.springframework.boot.test.json.DuplicateJsonObjectContextCustomizerFactory$DuplicateJsonObjectContextCustomizer@64d2d351, org.springframework.boot.test.mock.mockito.MockitoContextCustomizer@0, org.springframework.boot.test.autoconfigure.properties.PropertyMappingContextCustomizer@0, org.springframework.boot.test.autoconfigure.web.servlet.WebDriverContextCustomizerFactory$Customizer@52aa2946], contextLoader = 'org.springframework.test.context.support.DelegatingSmartContextLoader', parent = [null]]]; transaction manager [org.springframework.orm.jpa.JpaTransactionManager@4ece2750]; rollback [true]
[05/jul/2024 13:43:36] [:] INFO - Rolled back transaction for test: [DefaultTestContext@329af9b1 testClass = Tests, testInstance = org.isf.medicalstock.test.Tests@1ed6b7f6, testMethod = testIoGetMovements@Tests, testException = [null], mergedContextConfiguration = [MergedContextConfiguration@7535554e testClass = Tests, locations = '{classpath:applicationContext.xml, classpath:applicationContext.xml}', classes = '{}', contextInitializerClasses = '[]', activeProfiles = '{}', propertySourceLocations = '{}', propertySourceProperties = '{}', contextCustomizers = set[org.springframework.boot.test.context.filter.ExcludeFilterContextCustomizer@255b53dc, org.springframework.boot.test.json.DuplicateJsonObjectContextCustomizerFactory$DuplicateJsonObjectContextCustomizer@64d2d351, org.springframework.boot.test.mock.mockito.MockitoContextCustomizer@0, org.springframework.boot.test.autoconfigure.properties.PropertyMappingContextCustomizer@0, org.springframework.boot.test.autoconfigure.web.servlet.WebDriverContextCustomizerFactory$Customizer@52aa2946], contextLoader = 'org.springframework.test.context.support.DelegatingSmartContextLoader', parent = [null]]]
]]></system-out>
  </testcase>
  <testcase name="testIoPrepareChargingMovement[Test with AUTOMATICLOT_IN=true, AUTOMATICLOT_OUT=true, AUTOMATICLOTWARD_TOWARD=true]" classname="org.isf.medicalstock.test.Tests" time="0.017">
    <system-out><![CDATA[[05/jul/2024 13:43:36] [:] INFO - Began transaction (1) for test context [DefaultTestContext@329af9b1 testClass = Tests, testInstance = org.isf.medicalstock.test.Tests@222d6929, testMethod = testIoPrepareChargingMovement@Tests, testException = [null], mergedContextConfiguration = [MergedContextConfiguration@7535554e testClass = Tests, locations = '{classpath:applicationContext.xml, classpath:applicationContext.xml}', classes = '{}', contextInitializerClasses = '[]', activeProfiles = '{}', propertySourceLocations = '{}', propertySourceProperties = '{}', contextCustomizers = set[org.springframework.boot.test.context.filter.ExcludeFilterContextCustomizer@255b53dc, org.springframework.boot.test.json.DuplicateJsonObjectContextCustomizerFactory$DuplicateJsonObjectContextCustomizer@64d2d351, org.springframework.boot.test.mock.mockito.MockitoContextCustomizer@0, org.springframework.boot.test.autoconfigure.properties.PropertyMappingContextCustomizer@0, org.springframework.boot.test.autoconfigure.web.servlet.WebDriverContextCustomizerFactory$Customizer@52aa2946], contextLoader = 'org.springframework.test.context.support.DelegatingSmartContextLoader', parent = [null]]]; transaction manager [org.springframework.orm.jpa.JpaTransactionManager@4ece2750]; rollback [true]
[05/jul/2024 13:43:36] [:] INFO - Rolled back transaction for test: [DefaultTestContext@329af9b1 testClass = Tests, testInstance = org.isf.medicalstock.test.Tests@222d6929, testMethod = testIoPrepareChargingMovement@Tests, testException = [null], mergedContextConfiguration = [MergedContextConfiguration@7535554e testClass = Tests, locations = '{classpath:applicationContext.xml, classpath:applicationContext.xml}', classes = '{}', contextInitializerClasses = '[]', activeProfiles = '{}', propertySourceLocations = '{}', propertySourceProperties = '{}', contextCustomizers = set[org.springframework.boot.test.context.filter.ExcludeFilterContextCustomizer@255b53dc, org.springframework.boot.test.json.DuplicateJsonObjectContextCustomizerFactory$DuplicateJsonObjectContextCustomizer@64d2d351, org.springframework.boot.test.mock.mockito.MockitoContextCustomizer@0, org.springframework.boot.test.autoconfigure.properties.PropertyMappingContextCustomizer@0, org.springframework.boot.test.autoconfigure.web.servlet.WebDriverContextCustomizerFactory$Customizer@52aa2946], contextLoader = 'org.springframework.test.context.support.DelegatingSmartContextLoader', parent = [null]]]
]]></system-out>
  </testcase>
  <testcase name="testMgrValidateMovementMoveDateAfterToday[Test with AUTOMATICLOT_IN=true, AUTOMATICLOT_OUT=true, AUTOMATICLOTWARD_TOWARD=true]" classname="org.isf.medicalstock.test.Tests" time="0.027">
    <system-out><![CDATA[[05/jul/2024 13:43:36] [:] INFO - Began transaction (1) for test context [DefaultTestContext@329af9b1 testClass = Tests, testInstance = org.isf.medicalstock.test.Tests@a6228f0, testMethod = testMgrValidateMovementMoveDateAfterToday@Tests, testException = [null], mergedContextConfiguration = [MergedContextConfiguration@7535554e testClass = Tests, locations = '{classpath:applicationContext.xml, classpath:applicationContext.xml}', classes = '{}', contextInitializerClasses = '[]', activeProfiles = '{}', propertySourceLocations = '{}', propertySourceProperties = '{}', contextCustomizers = set[org.springframework.boot.test.context.filter.ExcludeFilterContextCustomizer@255b53dc, org.springframework.boot.test.json.DuplicateJsonObjectContextCustomizerFactory$DuplicateJsonObjectContextCustomizer@64d2d351, org.springframework.boot.test.mock.mockito.MockitoContextCustomizer@0, org.springframework.boot.test.autoconfigure.properties.PropertyMappingContextCustomizer@0, org.springframework.boot.test.autoconfigure.web.servlet.WebDriverContextCustomizerFactory$Customizer@52aa2946], contextLoader = 'org.springframework.test.context.support.DelegatingSmartContextLoader', parent = [null]]]; transaction manager [org.springframework.orm.jpa.JpaTransactionManager@4ece2750]; rollback [true]
[05/jul/2024 13:43:36] [:] INFO - Rolled back transaction for test: [DefaultTestContext@329af9b1 testClass = Tests, testInstance = org.isf.medicalstock.test.Tests@a6228f0, testMethod = testMgrValidateMovementMoveDateAfterToday@Tests, testException = [null], mergedContextConfiguration = [MergedContextConfiguration@7535554e testClass = Tests, locations = '{classpath:applicationContext.xml, classpath:applicationContext.xml}', classes = '{}', contextInitializerClasses = '[]', activeProfiles = '{}', propertySourceLocations = '{}', propertySourceProperties = '{}', contextCustomizers = set[org.springframework.boot.test.context.filter.ExcludeFilterContextCustomizer@255b53dc, org.springframework.boot.test.json.DuplicateJsonObjectContextCustomizerFactory$DuplicateJsonObjectContextCustomizer@64d2d351, org.springframework.boot.test.mock.mockito.MockitoContextCustomizer@0, org.springframework.boot.test.autoconfigure.properties.PropertyMappingContextCustomizer@0, org.springframework.boot.test.autoconfigure.web.servlet.WebDriverContextCustomizerFactory$Customizer@52aa2946], contextLoader = 'org.springframework.test.context.support.DelegatingSmartContextLoader', parent = [null]]]
]]></system-out>
  </testcase>
  <testcase name="testIoGetMovementsByReference[Test with AUTOMATICLOT_IN=true, AUTOMATICLOT_OUT=true, AUTOMATICLOTWARD_TOWARD=true]" classname="org.isf.medicalstock.test.Tests" time="0.018">
    <system-out><![CDATA[[05/jul/2024 13:43:36] [:] INFO - Began transaction (1) for test context [DefaultTestContext@329af9b1 testClass = Tests, testInstance = org.isf.medicalstock.test.Tests@61e1a38c, testMethod = testIoGetMovementsByReference@Tests, testException = [null], mergedContextConfiguration = [MergedContextConfiguration@7535554e testClass = Tests, locations = '{classpath:applicationContext.xml, classpath:applicationContext.xml}', classes = '{}', contextInitializerClasses = '[]', activeProfiles = '{}', propertySourceLocations = '{}', propertySourceProperties = '{}', contextCustomizers = set[org.springframework.boot.test.context.filter.ExcludeFilterContextCustomizer@255b53dc, org.springframework.boot.test.json.DuplicateJsonObjectContextCustomizerFactory$DuplicateJsonObjectContextCustomizer@64d2d351, org.springframework.boot.test.mock.mockito.MockitoContextCustomizer@0, org.springframework.boot.test.autoconfigure.properties.PropertyMappingContextCustomizer@0, org.springframework.boot.test.autoconfigure.web.servlet.WebDriverContextCustomizerFactory$Customizer@52aa2946], contextLoader = 'org.springframework.test.context.support.DelegatingSmartContextLoader', parent = [null]]]; transaction manager [org.springframework.orm.jpa.JpaTransactionManager@4ece2750]; rollback [true]
[05/jul/2024 13:43:36] [:] INFO - Rolled back transaction for test: [DefaultTestContext@329af9b1 testClass = Tests, testInstance = org.isf.medicalstock.test.Tests@61e1a38c, testMethod = testIoGetMovementsByReference@Tests, testException = [null], mergedContextConfiguration = [MergedContextConfiguration@7535554e testClass = Tests, locations = '{classpath:applicationContext.xml, classpath:applicationContext.xml}', classes = '{}', contextInitializerClasses = '[]', activeProfiles = '{}', propertySourceLocations = '{}', propertySourceProperties = '{}', contextCustomizers = set[org.springframework.boot.test.context.filter.ExcludeFilterContextCustomizer@255b53dc, org.springframework.boot.test.json.DuplicateJsonObjectContextCustomizerFactory$DuplicateJsonObjectContextCustomizer@64d2d351, org.springframework.boot.test.mock.mockito.MockitoContextCustomizer@0, org.springframework.boot.test.autoconfigure.properties.PropertyMappingContextCustomizer@0, org.springframework.boot.test.autoconfigure.web.servlet.WebDriverContextCustomizerFactory$Customizer@52aa2946], contextLoader = 'org.springframework.test.context.support.DelegatingSmartContextLoader', parent = [null]]]
]]></system-out>
  </testcase>
  <testcase name="testIoGetLastMovementDate[Test with AUTOMATICLOT_IN=true, AUTOMATICLOT_OUT=true, AUTOMATICLOTWARD_TOWARD=true]" classname="org.isf.medicalstock.test.Tests" time="0.015">
    <system-out><![CDATA[[05/jul/2024 13:43:36] [:] INFO - Began transaction (1) for test context [DefaultTestContext@329af9b1 testClass = Tests, testInstance = org.isf.medicalstock.test.Tests@105165da, testMethod = testIoGetLastMovementDate@Tests, testException = [null], mergedContextConfiguration = [MergedContextConfiguration@7535554e testClass = Tests, locations = '{classpath:applicationContext.xml, classpath:applicationContext.xml}', classes = '{}', contextInitializerClasses = '[]', activeProfiles = '{}', propertySourceLocations = '{}', propertySourceProperties = '{}', contextCustomizers = set[org.springframework.boot.test.context.filter.ExcludeFilterContextCustomizer@255b53dc, org.springframework.boot.test.json.DuplicateJsonObjectContextCustomizerFactory$DuplicateJsonObjectContextCustomizer@64d2d351, org.springframework.boot.test.mock.mockito.MockitoContextCustomizer@0, org.springframework.boot.test.autoconfigure.properties.PropertyMappingContextCustomizer@0, org.springframework.boot.test.autoconfigure.web.servlet.WebDriverContextCustomizerFactory$Customizer@52aa2946], contextLoader = 'org.springframework.test.context.support.DelegatingSmartContextLoader', parent = [null]]]; transaction manager [org.springframework.orm.jpa.JpaTransactionManager@4ece2750]; rollback [true]
[05/jul/2024 13:43:36] [:] INFO - Rolled back transaction for test: [DefaultTestContext@329af9b1 testClass = Tests, testInstance = org.isf.medicalstock.test.Tests@105165da, testMethod = testIoGetLastMovementDate@Tests, testException = [null], mergedContextConfiguration = [MergedContextConfiguration@7535554e testClass = Tests, locations = '{classpath:applicationContext.xml, classpath:applicationContext.xml}', classes = '{}', contextInitializerClasses = '[]', activeProfiles = '{}', propertySourceLocations = '{}', propertySourceProperties = '{}', contextCustomizers = set[org.springframework.boot.test.context.filter.ExcludeFilterContextCustomizer@255b53dc, org.springframework.boot.test.json.DuplicateJsonObjectContextCustomizerFactory$DuplicateJsonObjectContextCustomizer@64d2d351, org.springframework.boot.test.mock.mockito.MockitoContextCustomizer@0, org.springframework.boot.test.autoconfigure.properties.PropertyMappingContextCustomizer@0, org.springframework.boot.test.autoconfigure.web.servlet.WebDriverContextCustomizerFactory$Customizer@52aa2946], contextLoader = 'org.springframework.test.context.support.DelegatingSmartContextLoader', parent = [null]]]
]]></system-out>
  </testcase>
  <testcase name="testMovementEquals[Test with AUTOMATICLOT_IN=true, AUTOMATICLOT_OUT=true, AUTOMATICLOTWARD_TOWARD=true]" classname="org.isf.medicalstock.test.Tests" time="0.014">
    <system-out><![CDATA[[05/jul/2024 13:43:36] [:] INFO - Began transaction (1) for test context [DefaultTestContext@329af9b1 testClass = Tests, testInstance = org.isf.medicalstock.test.Tests@41c72309, testMethod = testMovementEquals@Tests, testException = [null], mergedContextConfiguration = [MergedContextConfiguration@7535554e testClass = Tests, locations = '{classpath:applicationContext.xml, classpath:applicationContext.xml}', classes = '{}', contextInitializerClasses = '[]', activeProfiles = '{}', propertySourceLocations = '{}', propertySourceProperties = '{}', contextCustomizers = set[org.springframework.boot.test.context.filter.ExcludeFilterContextCustomizer@255b53dc, org.springframework.boot.test.json.DuplicateJsonObjectContextCustomizerFactory$DuplicateJsonObjectContextCustomizer@64d2d351, org.springframework.boot.test.mock.mockito.MockitoContextCustomizer@0, org.springframework.boot.test.autoconfigure.properties.PropertyMappingContextCustomizer@0, org.springframework.boot.test.autoconfigure.web.servlet.WebDriverContextCustomizerFactory$Customizer@52aa2946], contextLoader = 'org.springframework.test.context.support.DelegatingSmartContextLoader', parent = [null]]]; transaction manager [org.springframework.orm.jpa.JpaTransactionManager@4ece2750]; rollback [true]
[05/jul/2024 13:43:36] [:] INFO - Rolled back transaction for test: [DefaultTestContext@329af9b1 testClass = Tests, testInstance = org.isf.medicalstock.test.Tests@41c72309, testMethod = testMovementEquals@Tests, testException = [null], mergedContextConfiguration = [MergedContextConfiguration@7535554e testClass = Tests, locations = '{classpath:applicationContext.xml, classpath:applicationContext.xml}', classes = '{}', contextInitializerClasses = '[]', activeProfiles = '{}', propertySourceLocations = '{}', propertySourceProperties = '{}', contextCustomizers = set[org.springframework.boot.test.context.filter.ExcludeFilterContextCustomizer@255b53dc, org.springframework.boot.test.json.DuplicateJsonObjectContextCustomizerFactory$DuplicateJsonObjectContextCustomizer@64d2d351, org.springframework.boot.test.mock.mockito.MockitoContextCustomizer@0, org.springframework.boot.test.autoconfigure.properties.PropertyMappingContextCustomizer@0, org.springframework.boot.test.autoconfigure.web.servlet.WebDriverContextCustomizerFactory$Customizer@52aa2946], contextLoader = 'org.springframework.test.context.support.DelegatingSmartContextLoader', parent = [null]]]
]]></system-out>
  </testcase>
  <testcase name="testMovementHashCode[Test with AUTOMATICLOT_IN=true, AUTOMATICLOT_OUT=true, AUTOMATICLOTWARD_TOWARD=true]" classname="org.isf.medicalstock.test.Tests" time="0.025">
    <system-out><![CDATA[[05/jul/2024 13:43:36] [:] INFO - Began transaction (1) for test context [DefaultTestContext@329af9b1 testClass = Tests, testInstance = org.isf.medicalstock.test.Tests@2ee3ffd7, testMethod = testMovementHashCode@Tests, testException = [null], mergedContextConfiguration = [MergedContextConfiguration@7535554e testClass = Tests, locations = '{classpath:applicationContext.xml, classpath:applicationContext.xml}', classes = '{}', contextInitializerClasses = '[]', activeProfiles = '{}', propertySourceLocations = '{}', propertySourceProperties = '{}', contextCustomizers = set[org.springframework.boot.test.context.filter.ExcludeFilterContextCustomizer@255b53dc, org.springframework.boot.test.json.DuplicateJsonObjectContextCustomizerFactory$DuplicateJsonObjectContextCustomizer@64d2d351, org.springframework.boot.test.mock.mockito.MockitoContextCustomizer@0, org.springframework.boot.test.autoconfigure.properties.PropertyMappingContextCustomizer@0, org.springframework.boot.test.autoconfigure.web.servlet.WebDriverContextCustomizerFactory$Customizer@52aa2946], contextLoader = 'org.springframework.test.context.support.DelegatingSmartContextLoader', parent = [null]]]; transaction manager [org.springframework.orm.jpa.JpaTransactionManager@4ece2750]; rollback [true]
[05/jul/2024 13:43:36] [:] INFO - Rolled back transaction for test: [DefaultTestContext@329af9b1 testClass = Tests, testInstance = org.isf.medicalstock.test.Tests@2ee3ffd7, testMethod = testMovementHashCode@Tests, testException = [null], mergedContextConfiguration = [MergedContextConfiguration@7535554e testClass = Tests, locations = '{classpath:applicationContext.xml, classpath:applicationContext.xml}', classes = '{}', contextInitializerClasses = '[]', activeProfiles = '{}', propertySourceLocations = '{}', propertySourceProperties = '{}', contextCustomizers = set[org.springframework.boot.test.context.filter.ExcludeFilterContextCustomizer@255b53dc, org.springframework.boot.test.json.DuplicateJsonObjectContextCustomizerFactory$DuplicateJsonObjectContextCustomizer@64d2d351, org.springframework.boot.test.mock.mockito.MockitoContextCustomizer@0, org.springframework.boot.test.autoconfigure.properties.PropertyMappingContextCustomizer@0, org.springframework.boot.test.autoconfigure.web.servlet.WebDriverContextCustomizerFactory$Customizer@52aa2946], contextLoader = 'org.springframework.test.context.support.DelegatingSmartContextLoader', parent = [null]]]
]]></system-out>
  </testcase>
  <testcase name="testLotEquals[Test with AUTOMATICLOT_IN=true, AUTOMATICLOT_OUT=true, AUTOMATICLOTWARD_TOWARD=true]" classname="org.isf.medicalstock.test.Tests" time="0.027">
    <system-out><![CDATA[[05/jul/2024 13:43:36] [:] INFO - Began transaction (1) for test context [DefaultTestContext@329af9b1 testClass = Tests, testInstance = org.isf.medicalstock.test.Tests@39efcc20, testMethod = testLotEquals@Tests, testException = [null], mergedContextConfiguration = [MergedContextConfiguration@7535554e testClass = Tests, locations = '{classpath:applicationContext.xml, classpath:applicationContext.xml}', classes = '{}', contextInitializerClasses = '[]', activeProfiles = '{}', propertySourceLocations = '{}', propertySourceProperties = '{}', contextCustomizers = set[org.springframework.boot.test.context.filter.ExcludeFilterContextCustomizer@255b53dc, org.springframework.boot.test.json.DuplicateJsonObjectContextCustomizerFactory$DuplicateJsonObjectContextCustomizer@64d2d351, org.springframework.boot.test.mock.mockito.MockitoContextCustomizer@0, org.springframework.boot.test.autoconfigure.properties.PropertyMappingContextCustomizer@0, org.springframework.boot.test.autoconfigure.web.servlet.WebDriverContextCustomizerFactory$Customizer@52aa2946], contextLoader = 'org.springframework.test.context.support.DelegatingSmartContextLoader', parent = [null]]]; transaction manager [org.springframework.orm.jpa.JpaTransactionManager@4ece2750]; rollback [true]
[05/jul/2024 13:43:36] [:] INFO - Rolled back transaction for test: [DefaultTestContext@329af9b1 testClass = Tests, testInstance = org.isf.medicalstock.test.Tests@39efcc20, testMethod = testLotEquals@Tests, testException = [null], mergedContextConfiguration = [MergedContextConfiguration@7535554e testClass = Tests, locations = '{classpath:applicationContext.xml, classpath:applicationContext.xml}', classes = '{}', contextInitializerClasses = '[]', activeProfiles = '{}', propertySourceLocations = '{}', propertySourceProperties = '{}', contextCustomizers = set[org.springframework.boot.test.context.filter.ExcludeFilterContextCustomizer@255b53dc, org.springframework.boot.test.json.DuplicateJsonObjectContextCustomizerFactory$DuplicateJsonObjectContextCustomizer@64d2d351, org.springframework.boot.test.mock.mockito.MockitoContextCustomizer@0, org.springframework.boot.test.autoconfigure.properties.PropertyMappingContextCustomizer@0, org.springframework.boot.test.autoconfigure.web.servlet.WebDriverContextCustomizerFactory$Customizer@52aa2946], contextLoader = 'org.springframework.test.context.support.DelegatingSmartContextLoader', parent = [null]]]
]]></system-out>
  </testcase>
  <testcase name="testIoGetMovementForPrintWardOrderateWard[Test with AUTOMATICLOT_IN=true, AUTOMATICLOT_OUT=true, AUTOMATICLOTWARD_TOWARD=true]" classname="org.isf.medicalstock.test.Tests" time="0.022">
    <system-out><![CDATA[[05/jul/2024 13:43:36] [:] INFO - Began transaction (1) for test context [DefaultTestContext@329af9b1 testClass = Tests, testInstance = org.isf.medicalstock.test.Tests@73d8a2f, testMethod = testIoGetMovementForPrintWardOrderateWard@Tests, testException = [null], mergedContextConfiguration = [MergedContextConfiguration@7535554e testClass = Tests, locations = '{classpath:applicationContext.xml, classpath:applicationContext.xml}', classes = '{}', contextInitializerClasses = '[]', activeProfiles = '{}', propertySourceLocations = '{}', propertySourceProperties = '{}', contextCustomizers = set[org.springframework.boot.test.context.filter.ExcludeFilterContextCustomizer@255b53dc, org.springframework.boot.test.json.DuplicateJsonObjectContextCustomizerFactory$DuplicateJsonObjectContextCustomizer@64d2d351, org.springframework.boot.test.mock.mockito.MockitoContextCustomizer@0, org.springframework.boot.test.autoconfigure.properties.PropertyMappingContextCustomizer@0, org.springframework.boot.test.autoconfigure.web.servlet.WebDriverContextCustomizerFactory$Customizer@52aa2946], contextLoader = 'org.springframework.test.context.support.DelegatingSmartContextLoader', parent = [null]]]; transaction manager [org.springframework.orm.jpa.JpaTransactionManager@4ece2750]; rollback [true]
[05/jul/2024 13:43:36] [:] INFO - Rolled back transaction for test: [DefaultTestContext@329af9b1 testClass = Tests, testInstance = org.isf.medicalstock.test.Tests@73d8a2f, testMethod = testIoGetMovementForPrintWardOrderateWard@Tests, testException = [null], mergedContextConfiguration = [MergedContextConfiguration@7535554e testClass = Tests, locations = '{classpath:applicationContext.xml, classpath:applicationContext.xml}', classes = '{}', contextInitializerClasses = '[]', activeProfiles = '{}', propertySourceLocations = '{}', propertySourceProperties = '{}', contextCustomizers = set[org.springframework.boot.test.context.filter.ExcludeFilterContextCustomizer@255b53dc, org.springframework.boot.test.json.DuplicateJsonObjectContextCustomizerFactory$DuplicateJsonObjectContextCustomizer@64d2d351, org.springframework.boot.test.mock.mockito.MockitoContextCustomizer@0, org.springframework.boot.test.autoconfigure.properties.PropertyMappingContextCustomizer@0, org.springframework.boot.test.autoconfigure.web.servlet.WebDriverContextCustomizerFactory$Customizer@52aa2946], contextLoader = 'org.springframework.test.context.support.DelegatingSmartContextLoader', parent = [null]]]
]]></system-out>
  </testcase>
  <testcase name="testMgrValidateReferenceNumber[Test with AUTOMATICLOT_IN=true, AUTOMATICLOT_OUT=true, AUTOMATICLOTWARD_TOWARD=true]" classname="org.isf.medicalstock.test.Tests" time="0.027">
    <system-out><![CDATA[[05/jul/2024 13:43:36] [:] INFO - Began transaction (1) for test context [DefaultTestContext@329af9b1 testClass = Tests, testInstance = org.isf.medicalstock.test.Tests@2c018c12, testMethod = testMgrValidateReferenceNumber@Tests, testException = [null], mergedContextConfiguration = [MergedContextConfiguration@7535554e testClass = Tests, locations = '{classpath:applicationContext.xml, classpath:applicationContext.xml}', classes = '{}', contextInitializerClasses = '[]', activeProfiles = '{}', propertySourceLocations = '{}', propertySourceProperties = '{}', contextCustomizers = set[org.springframework.boot.test.context.filter.ExcludeFilterContextCustomizer@255b53dc, org.springframework.boot.test.json.DuplicateJsonObjectContextCustomizerFactory$DuplicateJsonObjectContextCustomizer@64d2d351, org.springframework.boot.test.mock.mockito.MockitoContextCustomizer@0, org.springframework.boot.test.autoconfigure.properties.PropertyMappingContextCustomizer@0, org.springframework.boot.test.autoconfigure.web.servlet.WebDriverContextCustomizerFactory$Customizer@52aa2946], contextLoader = 'org.springframework.test.context.support.DelegatingSmartContextLoader', parent = [null]]]; transaction manager [org.springframework.orm.jpa.JpaTransactionManager@4ece2750]; rollback [true]
[05/jul/2024 13:43:36] [:] INFO - Rolled back transaction for test: [DefaultTestContext@329af9b1 testClass = Tests, testInstance = org.isf.medicalstock.test.Tests@2c018c12, testMethod = testMgrValidateReferenceNumber@Tests, testException = [null], mergedContextConfiguration = [MergedContextConfiguration@7535554e testClass = Tests, locations = '{classpath:applicationContext.xml, classpath:applicationContext.xml}', classes = '{}', contextInitializerClasses = '[]', activeProfiles = '{}', propertySourceLocations = '{}', propertySourceProperties = '{}', contextCustomizers = set[org.springframework.boot.test.context.filter.ExcludeFilterContextCustomizer@255b53dc, org.springframework.boot.test.json.DuplicateJsonObjectContextCustomizerFactory$DuplicateJsonObjectContextCustomizer@64d2d351, org.springframework.boot.test.mock.mockito.MockitoContextCustomizer@0, org.springframework.boot.test.autoconfigure.properties.PropertyMappingContextCustomizer@0, org.springframework.boot.test.autoconfigure.web.servlet.WebDriverContextCustomizerFactory$Customizer@52aa2946], contextLoader = 'org.springframework.test.context.support.DelegatingSmartContextLoader', parent = [null]]]
]]></system-out>
  </testcase>
  <testcase name="testIoGetLotsByMedicalEmptyLot[Test with AUTOMATICLOT_IN=true, AUTOMATICLOT_OUT=true, AUTOMATICLOTWARD_TOWARD=true]" classname="org.isf.medicalstock.test.Tests" time="0.023">
    <system-out><![CDATA[[05/jul/2024 13:43:36] [:] INFO - Began transaction (1) for test context [DefaultTestContext@329af9b1 testClass = Tests, testInstance = org.isf.medicalstock.test.Tests@6199500f, testMethod = testIoGetLotsByMedicalEmptyLot@Tests, testException = [null], mergedContextConfiguration = [MergedContextConfiguration@7535554e testClass = Tests, locations = '{classpath:applicationContext.xml, classpath:applicationContext.xml}', classes = '{}', contextInitializerClasses = '[]', activeProfiles = '{}', propertySourceLocations = '{}', propertySourceProperties = '{}', contextCustomizers = set[org.springframework.boot.test.context.filter.ExcludeFilterContextCustomizer@255b53dc, org.springframework.boot.test.json.DuplicateJsonObjectContextCustomizerFactory$DuplicateJsonObjectContextCustomizer@64d2d351, org.springframework.boot.test.mock.mockito.MockitoContextCustomizer@0, org.springframework.boot.test.autoconfigure.properties.PropertyMappingContextCustomizer@0, org.springframework.boot.test.autoconfigure.web.servlet.WebDriverContextCustomizerFactory$Customizer@52aa2946], contextLoader = 'org.springframework.test.context.support.DelegatingSmartContextLoader', parent = [null]]]; transaction manager [org.springframework.orm.jpa.JpaTransactionManager@4ece2750]; rollback [true]
[05/jul/2024 13:43:36] [:] INFO - Rolled back transaction for test: [DefaultTestContext@329af9b1 testClass = Tests, testInstance = org.isf.medicalstock.test.Tests@6199500f, testMethod = testIoGetLotsByMedicalEmptyLot@Tests, testException = [null], mergedContextConfiguration = [MergedContextConfiguration@7535554e testClass = Tests, locations = '{classpath:applicationContext.xml, classpath:applicationContext.xml}', classes = '{}', contextInitializerClasses = '[]', activeProfiles = '{}', propertySourceLocations = '{}', propertySourceProperties = '{}', contextCustomizers = set[org.springframework.boot.test.context.filter.ExcludeFilterContextCustomizer@255b53dc, org.springframework.boot.test.json.DuplicateJsonObjectContextCustomizerFactory$DuplicateJsonObjectContextCustomizer@64d2d351, org.springframework.boot.test.mock.mockito.MockitoContextCustomizer@0, org.springframework.boot.test.autoconfigure.properties.PropertyMappingContextCustomizer@0, org.springframework.boot.test.autoconfigure.web.servlet.WebDriverContextCustomizerFactory$Customizer@52aa2946], contextLoader = 'org.springframework.test.context.support.DelegatingSmartContextLoader', parent = [null]]]
]]></system-out>
  </testcase>
  <testcase name="testIoNewMovement[Test with AUTOMATICLOT_IN=true, AUTOMATICLOT_OUT=true, AUTOMATICLOTWARD_TOWARD=true]" classname="org.isf.medicalstock.test.Tests" time="0.016">
    <system-out><![CDATA[[05/jul/2024 13:43:36] [:] INFO - Began transaction (1) for test context [DefaultTestContext@329af9b1 testClass = Tests, testInstance = org.isf.medicalstock.test.Tests@25e44ba3, testMethod = testIoNewMovement@Tests, testException = [null], mergedContextConfiguration = [MergedContextConfiguration@7535554e testClass = Tests, locations = '{classpath:applicationContext.xml, classpath:applicationContext.xml}', classes = '{}', contextInitializerClasses = '[]', activeProfiles = '{}', propertySourceLocations = '{}', propertySourceProperties = '{}', contextCustomizers = set[org.springframework.boot.test.context.filter.ExcludeFilterContextCustomizer@255b53dc, org.springframework.boot.test.json.DuplicateJsonObjectContextCustomizerFactory$DuplicateJsonObjectContextCustomizer@64d2d351, org.springframework.boot.test.mock.mockito.MockitoContextCustomizer@0, org.springframework.boot.test.autoconfigure.properties.PropertyMappingContextCustomizer@0, org.springframework.boot.test.autoconfigure.web.servlet.WebDriverContextCustomizerFactory$Customizer@52aa2946], contextLoader = 'org.springframework.test.context.support.DelegatingSmartContextLoader', parent = [null]]]; transaction manager [org.springframework.orm.jpa.JpaTransactionManager@4ece2750]; rollback [true]
[05/jul/2024 13:43:36] [:] INFO - Rolled back transaction for test: [DefaultTestContext@329af9b1 testClass = Tests, testInstance = org.isf.medicalstock.test.Tests@25e44ba3, testMethod = testIoNewMovement@Tests, testException = [null], mergedContextConfiguration = [MergedContextConfiguration@7535554e testClass = Tests, locations = '{classpath:applicationContext.xml, classpath:applicationContext.xml}', classes = '{}', contextInitializerClasses = '[]', activeProfiles = '{}', propertySourceLocations = '{}', propertySourceProperties = '{}', contextCustomizers = set[org.springframework.boot.test.context.filter.ExcludeFilterContextCustomizer@255b53dc, org.springframework.boot.test.json.DuplicateJsonObjectContextCustomizerFactory$DuplicateJsonObjectContextCustomizer@64d2d351, org.springframework.boot.test.mock.mockito.MockitoContextCustomizer@0, org.springframework.boot.test.autoconfigure.properties.PropertyMappingContextCustomizer@0, org.springframework.boot.test.autoconfigure.web.servlet.WebDriverContextCustomizerFactory$Customizer@52aa2946], contextLoader = 'org.springframework.test.context.support.DelegatingSmartContextLoader', parent = [null]]]
]]></system-out>
  </testcase>
  <testcase name="testMgrValidateNullWard[Test with AUTOMATICLOT_IN=true, AUTOMATICLOT_OUT=true, AUTOMATICLOTWARD_TOWARD=true]" classname="org.isf.medicalstock.test.Tests" time="0.019">
    <system-out><![CDATA[[05/jul/2024 13:43:36] [:] INFO - Began transaction (1) for test context [DefaultTestContext@329af9b1 testClass = Tests, testInstance = org.isf.medicalstock.test.Tests@5a17fc49, testMethod = testMgrValidateNullWard@Tests, testException = [null], mergedContextConfiguration = [MergedContextConfiguration@7535554e testClass = Tests, locations = '{classpath:applicationContext.xml, classpath:applicationContext.xml}', classes = '{}', contextInitializerClasses = '[]', activeProfiles = '{}', propertySourceLocations = '{}', propertySourceProperties = '{}', contextCustomizers = set[org.springframework.boot.test.context.filter.ExcludeFilterContextCustomizer@255b53dc, org.springframework.boot.test.json.DuplicateJsonObjectContextCustomizerFactory$DuplicateJsonObjectContextCustomizer@64d2d351, org.springframework.boot.test.mock.mockito.MockitoContextCustomizer@0, org.springframework.boot.test.autoconfigure.properties.PropertyMappingContextCustomizer@0, org.springframework.boot.test.autoconfigure.web.servlet.WebDriverContextCustomizerFactory$Customizer@52aa2946], contextLoader = 'org.springframework.test.context.support.DelegatingSmartContextLoader', parent = [null]]]; transaction manager [org.springframework.orm.jpa.JpaTransactionManager@4ece2750]; rollback [true]
[05/jul/2024 13:43:37] [:] INFO - Rolled back transaction for test: [DefaultTestContext@329af9b1 testClass = Tests, testInstance = org.isf.medicalstock.test.Tests@5a17fc49, testMethod = testMgrValidateNullWard@Tests, testException = [null], mergedContextConfiguration = [MergedContextConfiguration@7535554e testClass = Tests, locations = '{classpath:applicationContext.xml, classpath:applicationContext.xml}', classes = '{}', contextInitializerClasses = '[]', activeProfiles = '{}', propertySourceLocations = '{}', propertySourceProperties = '{}', contextCustomizers = set[org.springframework.boot.test.context.filter.ExcludeFilterContextCustomizer@255b53dc, org.springframework.boot.test.json.DuplicateJsonObjectContextCustomizerFactory$DuplicateJsonObjectContextCustomizer@64d2d351, org.springframework.boot.test.mock.mockito.MockitoContextCustomizer@0, org.springframework.boot.test.autoconfigure.properties.PropertyMappingContextCustomizer@0, org.springframework.boot.test.autoconfigure.web.servlet.WebDriverContextCustomizerFactory$Customizer@52aa2946], contextLoader = 'org.springframework.test.context.support.DelegatingSmartContextLoader', parent = [null]]]
]]></system-out>
  </testcase>
  <testcase name="testMgrValidateNullSupplier[Test with AUTOMATICLOT_IN=true, AUTOMATICLOT_OUT=true, AUTOMATICLOTWARD_TOWARD=true]" classname="org.isf.medicalstock.test.Tests" time="0.034">
    <system-out><![CDATA[[05/jul/2024 13:43:37] [:] INFO - Began transaction (1) for test context [DefaultTestContext@329af9b1 testClass = Tests, testInstance = org.isf.medicalstock.test.Tests@37256aa8, testMethod = testMgrValidateNullSupplier@Tests, testException = [null], mergedContextConfiguration = [MergedContextConfiguration@7535554e testClass = Tests, locations = '{classpath:applicationContext.xml, classpath:applicationContext.xml}', classes = '{}', contextInitializerClasses = '[]', activeProfiles = '{}', propertySourceLocations = '{}', propertySourceProperties = '{}', contextCustomizers = set[org.springframework.boot.test.context.filter.ExcludeFilterContextCustomizer@255b53dc, org.springframework.boot.test.json.DuplicateJsonObjectContextCustomizerFactory$DuplicateJsonObjectContextCustomizer@64d2d351, org.springframework.boot.test.mock.mockito.MockitoContextCustomizer@0, org.springframework.boot.test.autoconfigure.properties.PropertyMappingContextCustomizer@0, org.springframework.boot.test.autoconfigure.web.servlet.WebDriverContextCustomizerFactory$Customizer@52aa2946], contextLoader = 'org.springframework.test.context.support.DelegatingSmartContextLoader', parent = [null]]]; transaction manager [org.springframework.orm.jpa.JpaTransactionManager@4ece2750]; rollback [true]
[05/jul/2024 13:43:37] [:] INFO - Rolled back transaction for test: [DefaultTestContext@329af9b1 testClass = Tests, testInstance = org.isf.medicalstock.test.Tests@37256aa8, testMethod = testMgrValidateNullSupplier@Tests, testException = [null], mergedContextConfiguration = [MergedContextConfiguration@7535554e testClass = Tests, locations = '{classpath:applicationContext.xml, classpath:applicationContext.xml}', classes = '{}', contextInitializerClasses = '[]', activeProfiles = '{}', propertySourceLocations = '{}', propertySourceProperties = '{}', contextCustomizers = set[org.springframework.boot.test.context.filter.ExcludeFilterContextCustomizer@255b53dc, org.springframework.boot.test.json.DuplicateJsonObjectContextCustomizerFactory$DuplicateJsonObjectContextCustomizer@64d2d351, org.springframework.boot.test.mock.mockito.MockitoContextCustomizer@0, org.springframework.boot.test.autoconfigure.properties.PropertyMappingContextCustomizer@0, org.springframework.boot.test.autoconfigure.web.servlet.WebDriverContextCustomizerFactory$Customizer@52aa2946], contextLoader = 'org.springframework.test.context.support.DelegatingSmartContextLoader', parent = [null]]]
]]></system-out>
  </testcase>
  <testcase name="testMgrGetMovementsWihAllParameters[Test with AUTOMATICLOT_IN=true, AUTOMATICLOT_OUT=true, AUTOMATICLOTWARD_TOWARD=true]" classname="org.isf.medicalstock.test.Tests" time="0.036">
    <system-out><![CDATA[[05/jul/2024 13:43:37] [:] INFO - Began transaction (1) for test context [DefaultTestContext@329af9b1 testClass = Tests, testInstance = org.isf.medicalstock.test.Tests@a5948f6, testMethod = testMgrGetMovementsWihAllParameters@Tests, testException = [null], mergedContextConfiguration = [MergedContextConfiguration@7535554e testClass = Tests, locations = '{classpath:applicationContext.xml, classpath:applicationContext.xml}', classes = '{}', contextInitializerClasses = '[]', activeProfiles = '{}', propertySourceLocations = '{}', propertySourceProperties = '{}', contextCustomizers = set[org.springframework.boot.test.context.filter.ExcludeFilterContextCustomizer@255b53dc, org.springframework.boot.test.json.DuplicateJsonObjectContextCustomizerFactory$DuplicateJsonObjectContextCustomizer@64d2d351, org.springframework.boot.test.mock.mockito.MockitoContextCustomizer@0, org.springframework.boot.test.autoconfigure.properties.PropertyMappingContextCustomizer@0, org.springframework.boot.test.autoconfigure.web.servlet.WebDriverContextCustomizerFactory$Customizer@52aa2946], contextLoader = 'org.springframework.test.context.support.DelegatingSmartContextLoader', parent = [null]]]; transaction manager [org.springframework.orm.jpa.JpaTransactionManager@4ece2750]; rollback [true]
[05/jul/2024 13:43:37] [:] INFO - Rolled back transaction for test: [DefaultTestContext@329af9b1 testClass = Tests, testInstance = org.isf.medicalstock.test.Tests@a5948f6, testMethod = testMgrGetMovementsWihAllParameters@Tests, testException = [null], mergedContextConfiguration = [MergedContextConfiguration@7535554e testClass = Tests, locations = '{classpath:applicationContext.xml, classpath:applicationContext.xml}', classes = '{}', contextInitializerClasses = '[]', activeProfiles = '{}', propertySourceLocations = '{}', propertySourceProperties = '{}', contextCustomizers = set[org.springframework.boot.test.context.filter.ExcludeFilterContextCustomizer@255b53dc, org.springframework.boot.test.json.DuplicateJsonObjectContextCustomizerFactory$DuplicateJsonObjectContextCustomizer@64d2d351, org.springframework.boot.test.mock.mockito.MockitoContextCustomizer@0, org.springframework.boot.test.autoconfigure.properties.PropertyMappingContextCustomizer@0, org.springframework.boot.test.autoconfigure.web.servlet.WebDriverContextCustomizerFactory$Customizer@52aa2946], contextLoader = 'org.springframework.test.context.support.DelegatingSmartContextLoader', parent = [null]]]
]]></system-out>
  </testcase>
  <testcase name="testIoLotExists[Test with AUTOMATICLOT_IN=true, AUTOMATICLOT_OUT=true, AUTOMATICLOTWARD_TOWARD=true]" classname="org.isf.medicalstock.test.Tests" time="0.025">
    <system-out><![CDATA[[05/jul/2024 13:43:37] [:] INFO - Began transaction (1) for test context [DefaultTestContext@329af9b1 testClass = Tests, testInstance = org.isf.medicalstock.test.Tests@119b2ff1, testMethod = testIoLotExists@Tests, testException = [null], mergedContextConfiguration = [MergedContextConfiguration@7535554e testClass = Tests, locations = '{classpath:applicationContext.xml, classpath:applicationContext.xml}', classes = '{}', contextInitializerClasses = '[]', activeProfiles = '{}', propertySourceLocations = '{}', propertySourceProperties = '{}', contextCustomizers = set[org.springframework.boot.test.context.filter.ExcludeFilterContextCustomizer@255b53dc, org.springframework.boot.test.json.DuplicateJsonObjectContextCustomizerFactory$DuplicateJsonObjectContextCustomizer@64d2d351, org.springframework.boot.test.mock.mockito.MockitoContextCustomizer@0, org.springframework.boot.test.autoconfigure.properties.PropertyMappingContextCustomizer@0, org.springframework.boot.test.autoconfigure.web.servlet.WebDriverContextCustomizerFactory$Customizer@52aa2946], contextLoader = 'org.springframework.test.context.support.DelegatingSmartContextLoader', parent = [null]]]; transaction manager [org.springframework.orm.jpa.JpaTransactionManager@4ece2750]; rollback [true]
[05/jul/2024 13:43:37] [:] INFO - Rolled back transaction for test: [DefaultTestContext@329af9b1 testClass = Tests, testInstance = org.isf.medicalstock.test.Tests@119b2ff1, testMethod = testIoLotExists@Tests, testException = [null], mergedContextConfiguration = [MergedContextConfiguration@7535554e testClass = Tests, locations = '{classpath:applicationContext.xml, classpath:applicationContext.xml}', classes = '{}', contextInitializerClasses = '[]', activeProfiles = '{}', propertySourceLocations = '{}', propertySourceProperties = '{}', contextCustomizers = set[org.springframework.boot.test.context.filter.ExcludeFilterContextCustomizer@255b53dc, org.springframework.boot.test.json.DuplicateJsonObjectContextCustomizerFactory$DuplicateJsonObjectContextCustomizer@64d2d351, org.springframework.boot.test.mock.mockito.MockitoContextCustomizer@0, org.springframework.boot.test.autoconfigure.properties.PropertyMappingContextCustomizer@0, org.springframework.boot.test.autoconfigure.web.servlet.WebDriverContextCustomizerFactory$Customizer@52aa2946], contextLoader = 'org.springframework.test.context.support.DelegatingSmartContextLoader', parent = [null]]]
]]></system-out>
  </testcase>
  <testcase name="testLotToString[Test with AUTOMATICLOT_IN=true, AUTOMATICLOT_OUT=true, AUTOMATICLOTWARD_TOWARD=true]" classname="org.isf.medicalstock.test.Tests" time="0.015">
    <system-out><![CDATA[[05/jul/2024 13:43:37] [:] INFO - Began transaction (1) for test context [DefaultTestContext@329af9b1 testClass = Tests, testInstance = org.isf.medicalstock.test.Tests@7bd76c31, testMethod = testLotToString@Tests, testException = [null], mergedContextConfiguration = [MergedContextConfiguration@7535554e testClass = Tests, locations = '{classpath:applicationContext.xml, classpath:applicationContext.xml}', classes = '{}', contextInitializerClasses = '[]', activeProfiles = '{}', propertySourceLocations = '{}', propertySourceProperties = '{}', contextCustomizers = set[org.springframework.boot.test.context.filter.ExcludeFilterContextCustomizer@255b53dc, org.springframework.boot.test.json.DuplicateJsonObjectContextCustomizerFactory$DuplicateJsonObjectContextCustomizer@64d2d351, org.springframework.boot.test.mock.mockito.MockitoContextCustomizer@0, org.springframework.boot.test.autoconfigure.properties.PropertyMappingContextCustomizer@0, org.springframework.boot.test.autoconfigure.web.servlet.WebDriverContextCustomizerFactory$Customizer@52aa2946], contextLoader = 'org.springframework.test.context.support.DelegatingSmartContextLoader', parent = [null]]]; transaction manager [org.springframework.orm.jpa.JpaTransactionManager@4ece2750]; rollback [true]
[05/jul/2024 13:43:37] [:] INFO - Rolled back transaction for test: [DefaultTestContext@329af9b1 testClass = Tests, testInstance = org.isf.medicalstock.test.Tests@7bd76c31, testMethod = testLotToString@Tests, testException = [null], mergedContextConfiguration = [MergedContextConfiguration@7535554e testClass = Tests, locations = '{classpath:applicationContext.xml, classpath:applicationContext.xml}', classes = '{}', contextInitializerClasses = '[]', activeProfiles = '{}', propertySourceLocations = '{}', propertySourceProperties = '{}', contextCustomizers = set[org.springframework.boot.test.context.filter.ExcludeFilterContextCustomizer@255b53dc, org.springframework.boot.test.json.DuplicateJsonObjectContextCustomizerFactory$DuplicateJsonObjectContextCustomizer@64d2d351, org.springframework.boot.test.mock.mockito.MockitoContextCustomizer@0, org.springframework.boot.test.autoconfigure.properties.PropertyMappingContextCustomizer@0, org.springframework.boot.test.autoconfigure.web.servlet.WebDriverContextCustomizerFactory$Customizer@52aa2946], contextLoader = 'org.springframework.test.context.support.DelegatingSmartContextLoader', parent = [null]]]
]]></system-out>
  </testcase>
  <testcase name="testIoGetMovementForPrintPharmaceuticalTypeOrder[Test with AUTOMATICLOT_IN=true, AUTOMATICLOT_OUT=true, AUTOMATICLOTWARD_TOWARD=true]" classname="org.isf.medicalstock.test.Tests" time="0.027">
    <system-out><![CDATA[[05/jul/2024 13:43:37] [:] INFO - Began transaction (1) for test context [DefaultTestContext@329af9b1 testClass = Tests, testInstance = org.isf.medicalstock.test.Tests@35eb6d96, testMethod = testIoGetMovementForPrintPharmaceuticalTypeOrder@Tests, testException = [null], mergedContextConfiguration = [MergedContextConfiguration@7535554e testClass = Tests, locations = '{classpath:applicationContext.xml, classpath:applicationContext.xml}', classes = '{}', contextInitializerClasses = '[]', activeProfiles = '{}', propertySourceLocations = '{}', propertySourceProperties = '{}', contextCustomizers = set[org.springframework.boot.test.context.filter.ExcludeFilterContextCustomizer@255b53dc, org.springframework.boot.test.json.DuplicateJsonObjectContextCustomizerFactory$DuplicateJsonObjectContextCustomizer@64d2d351, org.springframework.boot.test.mock.mockito.MockitoContextCustomizer@0, org.springframework.boot.test.autoconfigure.properties.PropertyMappingContextCustomizer@0, org.springframework.boot.test.autoconfigure.web.servlet.WebDriverContextCustomizerFactory$Customizer@52aa2946], contextLoader = 'org.springframework.test.context.support.DelegatingSmartContextLoader', parent = [null]]]; transaction manager [org.springframework.orm.jpa.JpaTransactionManager@4ece2750]; rollback [true]
[05/jul/2024 13:43:37] [:] INFO - Rolled back transaction for test: [DefaultTestContext@329af9b1 testClass = Tests, testInstance = org.isf.medicalstock.test.Tests@35eb6d96, testMethod = testIoGetMovementForPrintPharmaceuticalTypeOrder@Tests, testException = [null], mergedContextConfiguration = [MergedContextConfiguration@7535554e testClass = Tests, locations = '{classpath:applicationContext.xml, classpath:applicationContext.xml}', classes = '{}', contextInitializerClasses = '[]', activeProfiles = '{}', propertySourceLocations = '{}', propertySourceProperties = '{}', contextCustomizers = set[org.springframework.boot.test.context.filter.ExcludeFilterContextCustomizer@255b53dc, org.springframework.boot.test.json.DuplicateJsonObjectContextCustomizerFactory$DuplicateJsonObjectContextCustomizer@64d2d351, org.springframework.boot.test.mock.mockito.MockitoContextCustomizer@0, org.springframework.boot.test.autoconfigure.properties.PropertyMappingContextCustomizer@0, org.springframework.boot.test.autoconfigure.web.servlet.WebDriverContextCustomizerFactory$Customizer@52aa2946], contextLoader = 'org.springframework.test.context.support.DelegatingSmartContextLoader', parent = [null]]]
]]></system-out>
  </testcase>
  <testcase name="testMgrPrepareDischargingMovement[Test with AUTOMATICLOT_IN=true, AUTOMATICLOT_OUT=true, AUTOMATICLOTWARD_TOWARD=true]" classname="org.isf.medicalstock.test.Tests" time="0.019">
    <system-out><![CDATA[[05/jul/2024 13:43:37] [:] INFO - Began transaction (1) for test context [DefaultTestContext@329af9b1 testClass = Tests, testInstance = org.isf.medicalstock.test.Tests@22e91f46, testMethod = testMgrPrepareDischargingMovement@Tests, testException = [null], mergedContextConfiguration = [MergedContextConfiguration@7535554e testClass = Tests, locations = '{classpath:applicationContext.xml, classpath:applicationContext.xml}', classes = '{}', contextInitializerClasses = '[]', activeProfiles = '{}', propertySourceLocations = '{}', propertySourceProperties = '{}', contextCustomizers = set[org.springframework.boot.test.context.filter.ExcludeFilterContextCustomizer@255b53dc, org.springframework.boot.test.json.DuplicateJsonObjectContextCustomizerFactory$DuplicateJsonObjectContextCustomizer@64d2d351, org.springframework.boot.test.mock.mockito.MockitoContextCustomizer@0, org.springframework.boot.test.autoconfigure.properties.PropertyMappingContextCustomizer@0, org.springframework.boot.test.autoconfigure.web.servlet.WebDriverContextCustomizerFactory$Customizer@52aa2946], contextLoader = 'org.springframework.test.context.support.DelegatingSmartContextLoader', parent = [null]]]; transaction manager [org.springframework.orm.jpa.JpaTransactionManager@4ece2750]; rollback [true]
[05/jul/2024 13:43:37] [:] INFO - Rolled back transaction for test: [DefaultTestContext@329af9b1 testClass = Tests, testInstance = org.isf.medicalstock.test.Tests@22e91f46, testMethod = testMgrPrepareDischargingMovement@Tests, testException = [null], mergedContextConfiguration = [MergedContextConfiguration@7535554e testClass = Tests, locations = '{classpath:applicationContext.xml, classpath:applicationContext.xml}', classes = '{}', contextInitializerClasses = '[]', activeProfiles = '{}', propertySourceLocations = '{}', propertySourceProperties = '{}', contextCustomizers = set[org.springframework.boot.test.context.filter.ExcludeFilterContextCustomizer@255b53dc, org.springframework.boot.test.json.DuplicateJsonObjectContextCustomizerFactory$DuplicateJsonObjectContextCustomizer@64d2d351, org.springframework.boot.test.mock.mockito.MockitoContextCustomizer@0, org.springframework.boot.test.autoconfigure.properties.PropertyMappingContextCustomizer@0, org.springframework.boot.test.autoconfigure.web.servlet.WebDriverContextCustomizerFactory$Customizer@52aa2946], contextLoader = 'org.springframework.test.context.support.DelegatingSmartContextLoader', parent = [null]]]
]]></system-out>
  </testcase>
  <testcase name="testMgrValidateNullMedical[Test with AUTOMATICLOT_IN=true, AUTOMATICLOT_OUT=true, AUTOMATICLOTWARD_TOWARD=true]" classname="org.isf.medicalstock.test.Tests" time="0.012">
    <system-out><![CDATA[[05/jul/2024 13:43:37] [:] INFO - Began transaction (1) for test context [DefaultTestContext@329af9b1 testClass = Tests, testInstance = org.isf.medicalstock.test.Tests@34236d70, testMethod = testMgrValidateNullMedical@Tests, testException = [null], mergedContextConfiguration = [MergedContextConfiguration@7535554e testClass = Tests, locations = '{classpath:applicationContext.xml, classpath:applicationContext.xml}', classes = '{}', contextInitializerClasses = '[]', activeProfiles = '{}', propertySourceLocations = '{}', propertySourceProperties = '{}', contextCustomizers = set[org.springframework.boot.test.context.filter.ExcludeFilterContextCustomizer@255b53dc, org.springframework.boot.test.json.DuplicateJsonObjectContextCustomizerFactory$DuplicateJsonObjectContextCustomizer@64d2d351, org.springframework.boot.test.mock.mockito.MockitoContextCustomizer@0, org.springframework.boot.test.autoconfigure.properties.PropertyMappingContextCustomizer@0, org.springframework.boot.test.autoconfigure.web.servlet.WebDriverContextCustomizerFactory$Customizer@52aa2946], contextLoader = 'org.springframework.test.context.support.DelegatingSmartContextLoader', parent = [null]]]; transaction manager [org.springframework.orm.jpa.JpaTransactionManager@4ece2750]; rollback [true]
[05/jul/2024 13:43:37] [:] INFO - Rolled back transaction for test: [DefaultTestContext@329af9b1 testClass = Tests, testInstance = org.isf.medicalstock.test.Tests@34236d70, testMethod = testMgrValidateNullMedical@Tests, testException = [null], mergedContextConfiguration = [MergedContextConfiguration@7535554e testClass = Tests, locations = '{classpath:applicationContext.xml, classpath:applicationContext.xml}', classes = '{}', contextInitializerClasses = '[]', activeProfiles = '{}', propertySourceLocations = '{}', propertySourceProperties = '{}', contextCustomizers = set[org.springframework.boot.test.context.filter.ExcludeFilterContextCustomizer@255b53dc, org.springframework.boot.test.json.DuplicateJsonObjectContextCustomizerFactory$DuplicateJsonObjectContextCustomizer@64d2d351, org.springframework.boot.test.mock.mockito.MockitoContextCustomizer@0, org.springframework.boot.test.autoconfigure.properties.PropertyMappingContextCustomizer@0, org.springframework.boot.test.autoconfigure.web.servlet.WebDriverContextCustomizerFactory$Customizer@52aa2946], contextLoader = 'org.springframework.test.context.support.DelegatingSmartContextLoader', parent = [null]]]
]]></system-out>
  </testcase>
  <testcase name="testMgrValidateLotPreparationDateAfterDueDate[Test with AUTOMATICLOT_IN=true, AUTOMATICLOT_OUT=true, AUTOMATICLOTWARD_TOWARD=true]" classname="org.isf.medicalstock.test.Tests" time="0.012">
    <system-out><![CDATA[[05/jul/2024 13:43:37] [:] INFO - Began transaction (1) for test context [DefaultTestContext@329af9b1 testClass = Tests, testInstance = org.isf.medicalstock.test.Tests@619e5f35, testMethod = testMgrValidateLotPreparationDateAfterDueDate@Tests, testException = [null], mergedContextConfiguration = [MergedContextConfiguration@7535554e testClass = Tests, locations = '{classpath:applicationContext.xml, classpath:applicationContext.xml}', classes = '{}', contextInitializerClasses = '[]', activeProfiles = '{}', propertySourceLocations = '{}', propertySourceProperties = '{}', contextCustomizers = set[org.springframework.boot.test.context.filter.ExcludeFilterContextCustomizer@255b53dc, org.springframework.boot.test.json.DuplicateJsonObjectContextCustomizerFactory$DuplicateJsonObjectContextCustomizer@64d2d351, org.springframework.boot.test.mock.mockito.MockitoContextCustomizer@0, org.springframework.boot.test.autoconfigure.properties.PropertyMappingContextCustomizer@0, org.springframework.boot.test.autoconfigure.web.servlet.WebDriverContextCustomizerFactory$Customizer@52aa2946], contextLoader = 'org.springframework.test.context.support.DelegatingSmartContextLoader', parent = [null]]]; transaction manager [org.springframework.orm.jpa.JpaTransactionManager@4ece2750]; rollback [true]
[05/jul/2024 13:43:37] [:] INFO - Rolled back transaction for test: [DefaultTestContext@329af9b1 testClass = Tests, testInstance = org.isf.medicalstock.test.Tests@619e5f35, testMethod = testMgrValidateLotPreparationDateAfterDueDate@Tests, testException = [null], mergedContextConfiguration = [MergedContextConfiguration@7535554e testClass = Tests, locations = '{classpath:applicationContext.xml, classpath:applicationContext.xml}', classes = '{}', contextInitializerClasses = '[]', activeProfiles = '{}', propertySourceLocations = '{}', propertySourceProperties = '{}', contextCustomizers = set[org.springframework.boot.test.context.filter.ExcludeFilterContextCustomizer@255b53dc, org.springframework.boot.test.json.DuplicateJsonObjectContextCustomizerFactory$DuplicateJsonObjectContextCustomizer@64d2d351, org.springframework.boot.test.mock.mockito.MockitoContextCustomizer@0, org.springframework.boot.test.autoconfigure.properties.PropertyMappingContextCustomizer@0, org.springframework.boot.test.autoconfigure.web.servlet.WebDriverContextCustomizerFactory$Customizer@52aa2946], contextLoader = 'org.springframework.test.context.support.DelegatingSmartContextLoader', parent = [null]]]
]]></system-out>
  </testcase>
  <testcase name="testMgrValidateLotCodeTooLong[Test with AUTOMATICLOT_IN=true, AUTOMATICLOT_OUT=true, AUTOMATICLOTWARD_TOWARD=true]" classname="org.isf.medicalstock.test.Tests" time="0.018">
    <system-out><![CDATA[[05/jul/2024 13:43:37] [:] INFO - Began transaction (1) for test context [DefaultTestContext@329af9b1 testClass = Tests, testInstance = org.isf.medicalstock.test.Tests@463e2f47, testMethod = testMgrValidateLotCodeTooLong@Tests, testException = [null], mergedContextConfiguration = [MergedContextConfiguration@7535554e testClass = Tests, locations = '{classpath:applicationContext.xml, classpath:applicationContext.xml}', classes = '{}', contextInitializerClasses = '[]', activeProfiles = '{}', propertySourceLocations = '{}', propertySourceProperties = '{}', contextCustomizers = set[org.springframework.boot.test.context.filter.ExcludeFilterContextCustomizer@255b53dc, org.springframework.boot.test.json.DuplicateJsonObjectContextCustomizerFactory$DuplicateJsonObjectContextCustomizer@64d2d351, org.springframework.boot.test.mock.mockito.MockitoContextCustomizer@0, org.springframework.boot.test.autoconfigure.properties.PropertyMappingContextCustomizer@0, org.springframework.boot.test.autoconfigure.web.servlet.WebDriverContextCustomizerFactory$Customizer@52aa2946], contextLoader = 'org.springframework.test.context.support.DelegatingSmartContextLoader', parent = [null]]]; transaction manager [org.springframework.orm.jpa.JpaTransactionManager@4ece2750]; rollback [true]
[05/jul/2024 13:43:37] [:] ERROR - org.hibernate.TransientPropertyValueException: object references an unsaved transient instance - save the transient instance before flushing: org.isf.medicalstock.model.Movement.lot -> org.isf.medicalstock.model.Lot; nested exception is java.lang.IllegalStateException: org.hibernate.TransientPropertyValueException: object references an unsaved transient instance - save the transient instance before flushing: org.isf.medicalstock.model.Movement.lot -> org.isf.medicalstock.model.Lot
org.springframework.dao.InvalidDataAccessApiUsageException: org.hibernate.TransientPropertyValueException: object references an unsaved transient instance - save the transient instance before flushing: org.isf.medicalstock.model.Movement.lot -> org.isf.medicalstock.model.Lot; nested exception is java.lang.IllegalStateException: org.hibernate.TransientPropertyValueException: object references an unsaved transient instance - save the transient instance before flushing: org.isf.medicalstock.model.Movement.lot -> org.isf.medicalstock.model.Lot
	at org.springframework.orm.jpa.EntityManagerFactoryUtils.convertJpaAccessExceptionIfPossible(EntityManagerFactoryUtils.java:387)
	at org.springframework.orm.jpa.vendor.HibernateJpaDialect.translateExceptionIfPossible(HibernateJpaDialect.java:246)
	at org.springframework.orm.jpa.AbstractEntityManagerFactoryBean.translateExceptionIfPossible(AbstractEntityManagerFactoryBean.java:525)
	at org.springframework.dao.support.ChainedPersistenceExceptionTranslator.translateExceptionIfPossible(ChainedPersistenceExceptionTranslator.java:59)
	at org.springframework.dao.support.DataAccessUtils.translateIfNecessary(DataAccessUtils.java:209)
	at org.springframework.dao.support.PersistenceExceptionTranslationInterceptor.invoke(PersistenceExceptionTranslationInterceptor.java:147)
	at org.springframework.aop.framework.ReflectiveMethodInvocation.proceed(ReflectiveMethodInvocation.java:179)
	at org.springframework.data.jpa.repository.support.CrudMethodMetadataPostProcessor$CrudMethodMetadataPopulatingMethodInterceptor.invoke(CrudMethodMetadataPostProcessor.java:140)
	at org.springframework.aop.framework.ReflectiveMethodInvocation.proceed(ReflectiveMethodInvocation.java:179)
	at org.springframework.data.jpa.repository.support.CrudMethodMetadataPostProcessor$ExposeRepositoryInvocationInterceptor.invoke(CrudMethodMetadataPostProcessor.java:347)
	at org.springframework.aop.framework.ReflectiveMethodInvocation.proceed(ReflectiveMethodInvocation.java:179)
	at org.springframework.aop.interceptor.ExposeInvocationInterceptor.invoke(ExposeInvocationInterceptor.java:92)
	at org.springframework.aop.framework.ReflectiveMethodInvocation.proceed(ReflectiveMethodInvocation.java:179)
	at org.springframework.data.repository.core.support.SurroundingTransactionDetectorMethodInterceptor.invoke(SurroundingTransactionDetectorMethodInterceptor.java:57)
	at org.springframework.aop.framework.ReflectiveMethodInvocation.proceed(ReflectiveMethodInvocation.java:179)
	at org.springframework.aop.framework.JdkDynamicAopProxy.invoke(JdkDynamicAopProxy.java:213)
	at com.sun.proxy.$Proxy109.findMaxDate(Unknown Source)
	at org.isf.medicalstock.service.MedicalStockIoOperations.getLastMovementDate(MedicalStockIoOperations.java:565)
	at org.isf.medicalstock.service.MedicalStockIoOperations$$FastClassBySpringCGLIB$$a00ee1bd.invoke(<generated>)
	at org.springframework.cglib.proxy.MethodProxy.invoke(MethodProxy.java:204)
	at org.springframework.aop.framework.CglibAopProxy$CglibMethodInvocation.invokeJoinpoint(CglibAopProxy.java:737)
	at org.springframework.aop.framework.ReflectiveMethodInvocation.proceed(ReflectiveMethodInvocation.java:157)
	at org.springframework.transaction.interceptor.TransactionInterceptor$1.proceedWithInvocation(TransactionInterceptor.java:99)
	at org.springframework.transaction.interceptor.TransactionAspectSupport.invokeWithinTransaction(TransactionAspectSupport.java:283)
	at org.springframework.transaction.interceptor.TransactionInterceptor.invoke(TransactionInterceptor.java:96)
	at org.springframework.aop.framework.ReflectiveMethodInvocation.proceed(ReflectiveMethodInvocation.java:179)
	at org.springframework.aop.interceptor.ExposeInvocationInterceptor.invoke(ExposeInvocationInterceptor.java:92)
	at org.springframework.aop.framework.ReflectiveMethodInvocation.proceed(ReflectiveMethodInvocation.java:179)
	at org.springframework.aop.aspectj.MethodInvocationProceedingJoinPoint.proceed(MethodInvocationProceedingJoinPoint.java:84)
	at org.isf.utils.db.OHServiceExceptionTranslator.translateSqlExceptionToOHServiceException(OHServiceExceptionTranslator.java:55)
	at sun.reflect.GeneratedMethodAccessor67.invoke(Unknown Source)
	at sun.reflect.DelegatingMethodAccessorImpl.invoke(DelegatingMethodAccessorImpl.java:43)
	at java.lang.reflect.Method.invoke(Method.java:498)
	at org.springframework.aop.aspectj.AbstractAspectJAdvice.invokeAdviceMethodWithGivenArgs(AbstractAspectJAdvice.java:627)
	at org.springframework.aop.aspectj.AbstractAspectJAdvice.invokeAdviceMethod(AbstractAspectJAdvice.java:616)
	at org.springframework.aop.aspectj.AspectJAroundAdvice.invoke(AspectJAroundAdvice.java:70)
	at org.springframework.aop.framework.ReflectiveMethodInvocation.proceed(ReflectiveMethodInvocation.java:179)
	at org.springframework.aop.framework.CglibAopProxy$DynamicAdvisedInterceptor.intercept(CglibAopProxy.java:672)
	at org.isf.medicalstock.service.MedicalStockIoOperations$$EnhancerBySpringCGLIB$$36e028cc.getLastMovementDate(<generated>)
	at org.isf.medicalstock.manager.MovStockInsertingManager.getLastMovementDate(MovStockInsertingManager.java:278)
	at org.isf.medicalstock.manager.MovStockInsertingManager.validateMovement(MovStockInsertingManager.java:68)
	at org.isf.medicalstock.manager.MovStockInsertingManager.prepareChargingMovement(MovStockInsertingManager.java:349)
	at org.isf.medicalstock.manager.MovStockInsertingManager.newMultipleChargingMovements(MovStockInsertingManager.java:326)
	at org.isf.medicalstock.manager.MovStockInsertingManager$$FastClassBySpringCGLIB$$2a8b6bd4.invoke(<generated>)
	at org.springframework.cglib.proxy.MethodProxy.invoke(MethodProxy.java:204)
	at org.springframework.aop.framework.CglibAopProxy$CglibMethodInvocation.invokeJoinpoint(CglibAopProxy.java:737)
	at org.springframework.aop.framework.ReflectiveMethodInvocation.proceed(ReflectiveMethodInvocation.java:157)
	at org.springframework.transaction.interceptor.TransactionInterceptor$1.proceedWithInvocation(TransactionInterceptor.java:99)
	at org.springframework.transaction.interceptor.TransactionAspectSupport.invokeWithinTransaction(TransactionAspectSupport.java:283)
	at org.springframework.transaction.interceptor.TransactionInterceptor.invoke(TransactionInterceptor.java:96)
	at org.springframework.aop.framework.ReflectiveMethodInvocation.proceed(ReflectiveMethodInvocation.java:179)
	at org.springframework.aop.framework.CglibAopProxy$DynamicAdvisedInterceptor.intercept(CglibAopProxy.java:672)
	at org.isf.medicalstock.manager.MovStockInsertingManager$$EnhancerBySpringCGLIB$$ef6ee236.newMultipleChargingMovements(<generated>)
	at org.isf.medicalstock.test.Tests.lambda$28(Tests.java:943)
	at org.assertj.core.api.ThrowableAssert.catchThrowable(ThrowableAssert.java:62)
	at org.assertj.core.api.AssertionsForClassTypes.catchThrowable(AssertionsForClassTypes.java:877)
	at org.assertj.core.api.Assertions.catchThrowable(Assertions.java:1336)
	at org.assertj.core.api.Assertions.assertThatThrownBy(Assertions.java:1181)
	at org.isf.medicalstock.test.Tests.testMgrValidateLotCodeTooLong(Tests.java:935)
	at sun.reflect.NativeMethodAccessorImpl.invoke0(Native Method)
	at sun.reflect.NativeMethodAccessorImpl.invoke(NativeMethodAccessorImpl.java:62)
	at sun.reflect.DelegatingMethodAccessorImpl.invoke(DelegatingMethodAccessorImpl.java:43)
	at java.lang.reflect.Method.invoke(Method.java:498)
	at org.junit.runners.model.FrameworkMethod$1.runReflectiveCall(FrameworkMethod.java:59)
	at org.junit.internal.runners.model.ReflectiveCallable.run(ReflectiveCallable.java:12)
	at org.junit.runners.model.FrameworkMethod.invokeExplosively(FrameworkMethod.java:56)
	at org.junit.internal.runners.statements.InvokeMethod.evaluate(InvokeMethod.java:17)
	at org.junit.internal.runners.statements.RunBefores.evaluate(RunBefores.java:26)
	at org.springframework.test.context.junit4.statements.RunBeforeTestMethodCallbacks.evaluate(RunBeforeTestMethodCallbacks.java:75)
	at org.springframework.test.context.junit4.statements.RunAfterTestMethodCallbacks.evaluate(RunAfterTestMethodCallbacks.java:86)
	at org.springframework.test.context.junit4.statements.RunPrepareTestInstanceCallbacks.evaluate(RunPrepareTestInstanceCallbacks.java:64)
	at org.springframework.test.context.junit4.statements.SpringRepeat.evaluate(SpringRepeat.java:84)
	at org.springframework.test.context.junit4.statements.SpringFailOnTimeout.evaluate(SpringFailOnTimeout.java:87)
	at org.springframework.test.context.junit4.statements.ProfileValueChecker.evaluate(ProfileValueChecker.java:101)
	at org.junit.runners.ParentRunner$3.evaluate(ParentRunner.java:306)
	at org.junit.runners.BlockJUnit4ClassRunner$1.evaluate(BlockJUnit4ClassRunner.java:100)
	at org.junit.runners.ParentRunner.runLeaf(ParentRunner.java:366)
	at org.junit.runners.BlockJUnit4ClassRunner.runChild(BlockJUnit4ClassRunner.java:103)
	at org.junit.runners.BlockJUnit4ClassRunner.runChild(BlockJUnit4ClassRunner.java:63)
	at org.junit.runners.ParentRunner$4.run(ParentRunner.java:331)
	at org.junit.runners.ParentRunner$1.schedule(ParentRunner.java:79)
	at org.junit.runners.ParentRunner.runChildren(ParentRunner.java:329)
	at org.junit.runners.ParentRunner.access$100(ParentRunner.java:66)
	at org.junit.runners.ParentRunner$2.evaluate(ParentRunner.java:293)
	at org.junit.runners.ParentRunner.run(ParentRunner.java:413)
	at org.junit.runners.Suite.runChild(Suite.java:128)
	at org.junit.runners.Suite.runChild(Suite.java:27)
	at org.junit.runners.ParentRunner$4.run(ParentRunner.java:331)
	at org.junit.runners.ParentRunner$1.schedule(ParentRunner.java:79)
	at org.junit.runners.ParentRunner.runChildren(ParentRunner.java:329)
	at org.junit.runners.ParentRunner.access$100(ParentRunner.java:66)
	at org.junit.runners.ParentRunner$2.evaluate(ParentRunner.java:293)
	at org.junit.internal.runners.statements.RunBefores.evaluate(RunBefores.java:26)
	at org.junit.internal.runners.statements.RunAfters.evaluate(RunAfters.java:27)
	at org.springframework.test.context.junit4.statements.RunBeforeTestClassCallbacks.evaluate(RunBeforeTestClassCallbacks.java:61)
	at org.springframework.test.context.junit4.statements.RunAfterTestClassCallbacks.evaluate(RunAfterTestClassCallbacks.java:70)
	at org.springframework.test.context.junit4.statements.ProfileValueChecker.evaluate(ProfileValueChecker.java:101)
	at org.springframework.test.context.junit4.rules.SpringClassRule$TestContextManagerCacheEvictor.evaluate(SpringClassRule.java:242)
	at org.junit.rules.RunRules.evaluate(RunRules.java:20)
	at org.junit.runners.ParentRunner$3.evaluate(ParentRunner.java:306)
	at org.junit.runners.ParentRunner.run(ParentRunner.java:413)
	at org.apache.maven.surefire.junit4.JUnit4Provider.execute(JUnit4Provider.java:316)
	at org.apache.maven.surefire.junit4.JUnit4Provider.executeWithRerun(JUnit4Provider.java:240)
	at org.apache.maven.surefire.junit4.JUnit4Provider.executeTestSet(JUnit4Provider.java:214)
	at org.apache.maven.surefire.junit4.JUnit4Provider.invoke(JUnit4Provider.java:155)
	at org.apache.maven.surefire.booter.ForkedBooter.runSuitesInProcess(ForkedBooter.java:385)
	at org.apache.maven.surefire.booter.ForkedBooter.execute(ForkedBooter.java:162)
	at org.apache.maven.surefire.booter.ForkedBooter.run(ForkedBooter.java:507)
	at org.apache.maven.surefire.booter.ForkedBooter.main(ForkedBooter.java:495)
Caused by: java.lang.IllegalStateException: org.hibernate.TransientPropertyValueException: object references an unsaved transient instance - save the transient instance before flushing: org.isf.medicalstock.model.Movement.lot -> org.isf.medicalstock.model.Lot
	at org.hibernate.ejb.AbstractEntityManagerImpl.convert(AbstractEntityManagerImpl.java:1384)
	at org.hibernate.ejb.AbstractEntityManagerImpl.convert(AbstractEntityManagerImpl.java:1310)
	at org.hibernate.ejb.QueryImpl.getSingleResult(QueryImpl.java:316)
	at org.springframework.data.jpa.repository.query.JpaQueryExecution$SingleEntityExecution.doExecute(JpaQueryExecution.java:210)
	at org.springframework.data.jpa.repository.query.JpaQueryExecution.execute(JpaQueryExecution.java:89)
	at org.springframework.data.jpa.repository.query.AbstractJpaQuery.doExecute(AbstractJpaQuery.java:126)
	at org.springframework.data.jpa.repository.query.AbstractJpaQuery.execute(AbstractJpaQuery.java:116)
	at org.springframework.data.repository.core.support.RepositoryFactorySupport$QueryExecutorMethodInterceptor.doInvoke(RepositoryFactorySupport.java:494)
	at org.springframework.data.repository.core.support.RepositoryFactorySupport$QueryExecutorMethodInterceptor.invoke(RepositoryFactorySupport.java:477)
	at org.springframework.aop.framework.ReflectiveMethodInvocation.proceed(ReflectiveMethodInvocation.java:179)
	at org.springframework.data.projection.DefaultMethodInvokingMethodInterceptor.invoke(DefaultMethodInvokingMethodInterceptor.java:56)
	at org.springframework.aop.framework.ReflectiveMethodInvocation.proceed(ReflectiveMethodInvocation.java:179)
	at org.springframework.transaction.interceptor.TransactionInterceptor$1.proceedWithInvocation(TransactionInterceptor.java:99)
	at org.springframework.transaction.interceptor.TransactionAspectSupport.invokeWithinTransaction(TransactionAspectSupport.java:283)
	at org.springframework.transaction.interceptor.TransactionInterceptor.invoke(TransactionInterceptor.java:96)
	at org.springframework.aop.framework.ReflectiveMethodInvocation.proceed(ReflectiveMethodInvocation.java:179)
	at org.springframework.dao.support.PersistenceExceptionTranslationInterceptor.invoke(PersistenceExceptionTranslationInterceptor.java:136)
	... 103 more
Caused by: org.hibernate.TransientPropertyValueException: object references an unsaved transient instance - save the transient instance before flushing: org.isf.medicalstock.model.Movement.lot -> org.isf.medicalstock.model.Lot
	at org.hibernate.engine.spi.CascadingAction$8.noCascade(CascadingAction.java:380)
	at org.hibernate.engine.internal.Cascade.cascade(Cascade.java:175)
	at org.hibernate.event.internal.AbstractFlushingEventListener.cascadeOnFlush(AbstractFlushingEventListener.java:165)
	at org.hibernate.event.internal.AbstractFlushingEventListener.prepareEntityFlushes(AbstractFlushingEventListener.java:156)
	at org.hibernate.event.internal.AbstractFlushingEventListener.flushEverythingToExecutions(AbstractFlushingEventListener.java:89)
	at org.hibernate.event.internal.DefaultAutoFlushEventListener.onAutoFlush(DefaultAutoFlushEventListener.java:61)
	at org.hibernate.internal.SessionImpl.autoFlushIfRequired(SessionImpl.java:1130)
	at org.hibernate.internal.SessionImpl.list(SessionImpl.java:1187)
	at org.hibernate.internal.QueryImpl.list(QueryImpl.java:101)
	at org.hibernate.ejb.QueryImpl.getSingleResult(QueryImpl.java:287)
	... 117 more
[05/jul/2024 13:43:37] [:] INFO - Rolled back transaction for test: [DefaultTestContext@329af9b1 testClass = Tests, testInstance = org.isf.medicalstock.test.Tests@463e2f47, testMethod = testMgrValidateLotCodeTooLong@Tests, testException = [null], mergedContextConfiguration = [MergedContextConfiguration@7535554e testClass = Tests, locations = '{classpath:applicationContext.xml, classpath:applicationContext.xml}', classes = '{}', contextInitializerClasses = '[]', activeProfiles = '{}', propertySourceLocations = '{}', propertySourceProperties = '{}', contextCustomizers = set[org.springframework.boot.test.context.filter.ExcludeFilterContextCustomizer@255b53dc, org.springframework.boot.test.json.DuplicateJsonObjectContextCustomizerFactory$DuplicateJsonObjectContextCustomizer@64d2d351, org.springframework.boot.test.mock.mockito.MockitoContextCustomizer@0, org.springframework.boot.test.autoconfigure.properties.PropertyMappingContextCustomizer@0, org.springframework.boot.test.autoconfigure.web.servlet.WebDriverContextCustomizerFactory$Customizer@52aa2946], contextLoader = 'org.springframework.test.context.support.DelegatingSmartContextLoader', parent = [null]]]
]]></system-out>
  </testcase>
  <testcase name="testIoNewAutomaticDischargingMovementLotQuantityLessMovementQuantity[Test with AUTOMATICLOT_IN=true, AUTOMATICLOT_OUT=true, AUTOMATICLOTWARD_TOWARD=true]" classname="org.isf.medicalstock.test.Tests" time="0.012">
    <system-out><![CDATA[[05/jul/2024 13:43:37] [:] INFO - Began transaction (1) for test context [DefaultTestContext@329af9b1 testClass = Tests, testInstance = org.isf.medicalstock.test.Tests@63f8a389, testMethod = testIoNewAutomaticDischargingMovementLotQuantityLessMovementQuantity@Tests, testException = [null], mergedContextConfiguration = [MergedContextConfiguration@7535554e testClass = Tests, locations = '{classpath:applicationContext.xml, classpath:applicationContext.xml}', classes = '{}', contextInitializerClasses = '[]', activeProfiles = '{}', propertySourceLocations = '{}', propertySourceProperties = '{}', contextCustomizers = set[org.springframework.boot.test.context.filter.ExcludeFilterContextCustomizer@255b53dc, org.springframework.boot.test.json.DuplicateJsonObjectContextCustomizerFactory$DuplicateJsonObjectContextCustomizer@64d2d351, org.springframework.boot.test.mock.mockito.MockitoContextCustomizer@0, org.springframework.boot.test.autoconfigure.properties.PropertyMappingContextCustomizer@0, org.springframework.boot.test.autoconfigure.web.servlet.WebDriverContextCustomizerFactory$Customizer@52aa2946], contextLoader = 'org.springframework.test.context.support.DelegatingSmartContextLoader', parent = [null]]]; transaction manager [org.springframework.orm.jpa.JpaTransactionManager@4ece2750]; rollback [true]
[05/jul/2024 13:43:37] [:] INFO - Rolled back transaction for test: [DefaultTestContext@329af9b1 testClass = Tests, testInstance = org.isf.medicalstock.test.Tests@63f8a389, testMethod = testIoNewAutomaticDischargingMovementLotQuantityLessMovementQuantity@Tests, testException = [null], mergedContextConfiguration = [MergedContextConfiguration@7535554e testClass = Tests, locations = '{classpath:applicationContext.xml, classpath:applicationContext.xml}', classes = '{}', contextInitializerClasses = '[]', activeProfiles = '{}', propertySourceLocations = '{}', propertySourceProperties = '{}', contextCustomizers = set[org.springframework.boot.test.context.filter.ExcludeFilterContextCustomizer@255b53dc, org.springframework.boot.test.json.DuplicateJsonObjectContextCustomizerFactory$DuplicateJsonObjectContextCustomizer@64d2d351, org.springframework.boot.test.mock.mockito.MockitoContextCustomizer@0, org.springframework.boot.test.autoconfigure.properties.PropertyMappingContextCustomizer@0, org.springframework.boot.test.autoconfigure.web.servlet.WebDriverContextCustomizerFactory$Customizer@52aa2946], contextLoader = 'org.springframework.test.context.support.DelegatingSmartContextLoader', parent = [null]]]
]]></system-out>
  </testcase>
  <testcase name="testIoNewMovementOutGoingLots[Test with AUTOMATICLOT_IN=true, AUTOMATICLOT_OUT=true, AUTOMATICLOTWARD_TOWARD=true]" classname="org.isf.medicalstock.test.Tests" time="0.012">
    <system-out><![CDATA[[05/jul/2024 13:43:37] [:] INFO - Began transaction (1) for test context [DefaultTestContext@329af9b1 testClass = Tests, testInstance = org.isf.medicalstock.test.Tests@6592e56c, testMethod = testIoNewMovementOutGoingLots@Tests, testException = [null], mergedContextConfiguration = [MergedContextConfiguration@7535554e testClass = Tests, locations = '{classpath:applicationContext.xml, classpath:applicationContext.xml}', classes = '{}', contextInitializerClasses = '[]', activeProfiles = '{}', propertySourceLocations = '{}', propertySourceProperties = '{}', contextCustomizers = set[org.springframework.boot.test.context.filter.ExcludeFilterContextCustomizer@255b53dc, org.springframework.boot.test.json.DuplicateJsonObjectContextCustomizerFactory$DuplicateJsonObjectContextCustomizer@64d2d351, org.springframework.boot.test.mock.mockito.MockitoContextCustomizer@0, org.springframework.boot.test.autoconfigure.properties.PropertyMappingContextCustomizer@0, org.springframework.boot.test.autoconfigure.web.servlet.WebDriverContextCustomizerFactory$Customizer@52aa2946], contextLoader = 'org.springframework.test.context.support.DelegatingSmartContextLoader', parent = [null]]]; transaction manager [org.springframework.orm.jpa.JpaTransactionManager@4ece2750]; rollback [true]
[05/jul/2024 13:43:37] [:] INFO - Rolled back transaction for test: [DefaultTestContext@329af9b1 testClass = Tests, testInstance = org.isf.medicalstock.test.Tests@6592e56c, testMethod = testIoNewMovementOutGoingLots@Tests, testException = [null], mergedContextConfiguration = [MergedContextConfiguration@7535554e testClass = Tests, locations = '{classpath:applicationContext.xml, classpath:applicationContext.xml}', classes = '{}', contextInitializerClasses = '[]', activeProfiles = '{}', propertySourceLocations = '{}', propertySourceProperties = '{}', contextCustomizers = set[org.springframework.boot.test.context.filter.ExcludeFilterContextCustomizer@255b53dc, org.springframework.boot.test.json.DuplicateJsonObjectContextCustomizerFactory$DuplicateJsonObjectContextCustomizer@64d2d351, org.springframework.boot.test.mock.mockito.MockitoContextCustomizer@0, org.springframework.boot.test.autoconfigure.properties.PropertyMappingContextCustomizer@0, org.springframework.boot.test.autoconfigure.web.servlet.WebDriverContextCustomizerFactory$Customizer@52aa2946], contextLoader = 'org.springframework.test.context.support.DelegatingSmartContextLoader', parent = [null]]]
]]></system-out>
  </testcase>
  <testcase name="testIoGetMedicalsFromLot[Test with AUTOMATICLOT_IN=true, AUTOMATICLOT_OUT=true, AUTOMATICLOTWARD_TOWARD=true]" classname="org.isf.medicalstock.test.Tests" time="0.011">
    <system-out><![CDATA[[05/jul/2024 13:43:37] [:] INFO - Began transaction (1) for test context [DefaultTestContext@329af9b1 testClass = Tests, testInstance = org.isf.medicalstock.test.Tests@6c32e663, testMethod = testIoGetMedicalsFromLot@Tests, testException = [null], mergedContextConfiguration = [MergedContextConfiguration@7535554e testClass = Tests, locations = '{classpath:applicationContext.xml, classpath:applicationContext.xml}', classes = '{}', contextInitializerClasses = '[]', activeProfiles = '{}', propertySourceLocations = '{}', propertySourceProperties = '{}', contextCustomizers = set[org.springframework.boot.test.context.filter.ExcludeFilterContextCustomizer@255b53dc, org.springframework.boot.test.json.DuplicateJsonObjectContextCustomizerFactory$DuplicateJsonObjectContextCustomizer@64d2d351, org.springframework.boot.test.mock.mockito.MockitoContextCustomizer@0, org.springframework.boot.test.autoconfigure.properties.PropertyMappingContextCustomizer@0, org.springframework.boot.test.autoconfigure.web.servlet.WebDriverContextCustomizerFactory$Customizer@52aa2946], contextLoader = 'org.springframework.test.context.support.DelegatingSmartContextLoader', parent = [null]]]; transaction manager [org.springframework.orm.jpa.JpaTransactionManager@4ece2750]; rollback [true]
[05/jul/2024 13:43:37] [:] INFO - Rolled back transaction for test: [DefaultTestContext@329af9b1 testClass = Tests, testInstance = org.isf.medicalstock.test.Tests@6c32e663, testMethod = testIoGetMedicalsFromLot@Tests, testException = [null], mergedContextConfiguration = [MergedContextConfiguration@7535554e testClass = Tests, locations = '{classpath:applicationContext.xml, classpath:applicationContext.xml}', classes = '{}', contextInitializerClasses = '[]', activeProfiles = '{}', propertySourceLocations = '{}', propertySourceProperties = '{}', contextCustomizers = set[org.springframework.boot.test.context.filter.ExcludeFilterContextCustomizer@255b53dc, org.springframework.boot.test.json.DuplicateJsonObjectContextCustomizerFactory$DuplicateJsonObjectContextCustomizer@64d2d351, org.springframework.boot.test.mock.mockito.MockitoContextCustomizer@0, org.springframework.boot.test.autoconfigure.properties.PropertyMappingContextCustomizer@0, org.springframework.boot.test.autoconfigure.web.servlet.WebDriverContextCustomizerFactory$Customizer@52aa2946], contextLoader = 'org.springframework.test.context.support.DelegatingSmartContextLoader', parent = [null]]]
]]></system-out>
  </testcase>
  <testcase name="testMgrGetMovementsWithParameters[Test with AUTOMATICLOT_IN=true, AUTOMATICLOT_OUT=true, AUTOMATICLOTWARD_TOWARD=true]" classname="org.isf.medicalstock.test.Tests" time="0.012">
    <system-out><![CDATA[[05/jul/2024 13:43:37] [:] INFO - Began transaction (1) for test context [DefaultTestContext@329af9b1 testClass = Tests, testInstance = org.isf.medicalstock.test.Tests@2619be77, testMethod = testMgrGetMovementsWithParameters@Tests, testException = [null], mergedContextConfiguration = [MergedContextConfiguration@7535554e testClass = Tests, locations = '{classpath:applicationContext.xml, classpath:applicationContext.xml}', classes = '{}', contextInitializerClasses = '[]', activeProfiles = '{}', propertySourceLocations = '{}', propertySourceProperties = '{}', contextCustomizers = set[org.springframework.boot.test.context.filter.ExcludeFilterContextCustomizer@255b53dc, org.springframework.boot.test.json.DuplicateJsonObjectContextCustomizerFactory$DuplicateJsonObjectContextCustomizer@64d2d351, org.springframework.boot.test.mock.mockito.MockitoContextCustomizer@0, org.springframework.boot.test.autoconfigure.properties.PropertyMappingContextCustomizer@0, org.springframework.boot.test.autoconfigure.web.servlet.WebDriverContextCustomizerFactory$Customizer@52aa2946], contextLoader = 'org.springframework.test.context.support.DelegatingSmartContextLoader', parent = [null]]]; transaction manager [org.springframework.orm.jpa.JpaTransactionManager@4ece2750]; rollback [true]
[05/jul/2024 13:43:37] [:] INFO - Rolled back transaction for test: [DefaultTestContext@329af9b1 testClass = Tests, testInstance = org.isf.medicalstock.test.Tests@2619be77, testMethod = testMgrGetMovementsWithParameters@Tests, testException = [null], mergedContextConfiguration = [MergedContextConfiguration@7535554e testClass = Tests, locations = '{classpath:applicationContext.xml, classpath:applicationContext.xml}', classes = '{}', contextInitializerClasses = '[]', activeProfiles = '{}', propertySourceLocations = '{}', propertySourceProperties = '{}', contextCustomizers = set[org.springframework.boot.test.context.filter.ExcludeFilterContextCustomizer@255b53dc, org.springframework.boot.test.json.DuplicateJsonObjectContextCustomizerFactory$DuplicateJsonObjectContextCustomizer@64d2d351, org.springframework.boot.test.mock.mockito.MockitoContextCustomizer@0, org.springframework.boot.test.autoconfigure.properties.PropertyMappingContextCustomizer@0, org.springframework.boot.test.autoconfigure.web.servlet.WebDriverContextCustomizerFactory$Customizer@52aa2946], contextLoader = 'org.springframework.test.context.support.DelegatingSmartContextLoader', parent = [null]]]
]]></system-out>
  </testcase>
  <testcase name="testMgrRefNoExists[Test with AUTOMATICLOT_IN=true, AUTOMATICLOT_OUT=true, AUTOMATICLOTWARD_TOWARD=true]" classname="org.isf.medicalstock.test.Tests" time="0.011">
    <system-out><![CDATA[[05/jul/2024 13:43:37] [:] INFO - Began transaction (1) for test context [DefaultTestContext@329af9b1 testClass = Tests, testInstance = org.isf.medicalstock.test.Tests@37c4ee79, testMethod = testMgrRefNoExists@Tests, testException = [null], mergedContextConfiguration = [MergedContextConfiguration@7535554e testClass = Tests, locations = '{classpath:applicationContext.xml, classpath:applicationContext.xml}', classes = '{}', contextInitializerClasses = '[]', activeProfiles = '{}', propertySourceLocations = '{}', propertySourceProperties = '{}', contextCustomizers = set[org.springframework.boot.test.context.filter.ExcludeFilterContextCustomizer@255b53dc, org.springframework.boot.test.json.DuplicateJsonObjectContextCustomizerFactory$DuplicateJsonObjectContextCustomizer@64d2d351, org.springframework.boot.test.mock.mockito.MockitoContextCustomizer@0, org.springframework.boot.test.autoconfigure.properties.PropertyMappingContextCustomizer@0, org.springframework.boot.test.autoconfigure.web.servlet.WebDriverContextCustomizerFactory$Customizer@52aa2946], contextLoader = 'org.springframework.test.context.support.DelegatingSmartContextLoader', parent = [null]]]; transaction manager [org.springframework.orm.jpa.JpaTransactionManager@4ece2750]; rollback [true]
[05/jul/2024 13:43:37] [:] INFO - Rolled back transaction for test: [DefaultTestContext@329af9b1 testClass = Tests, testInstance = org.isf.medicalstock.test.Tests@37c4ee79, testMethod = testMgrRefNoExists@Tests, testException = [null], mergedContextConfiguration = [MergedContextConfiguration@7535554e testClass = Tests, locations = '{classpath:applicationContext.xml, classpath:applicationContext.xml}', classes = '{}', contextInitializerClasses = '[]', activeProfiles = '{}', propertySourceLocations = '{}', propertySourceProperties = '{}', contextCustomizers = set[org.springframework.boot.test.context.filter.ExcludeFilterContextCustomizer@255b53dc, org.springframework.boot.test.json.DuplicateJsonObjectContextCustomizerFactory$DuplicateJsonObjectContextCustomizer@64d2d351, org.springframework.boot.test.mock.mockito.MockitoContextCustomizer@0, org.springframework.boot.test.autoconfigure.properties.PropertyMappingContextCustomizer@0, org.springframework.boot.test.autoconfigure.web.servlet.WebDriverContextCustomizerFactory$Customizer@52aa2946], contextLoader = 'org.springframework.test.context.support.DelegatingSmartContextLoader', parent = [null]]]
]]></system-out>
  </testcase>
  <testcase name="testMgrValidateMovementDateBeforeLastDate[Test with AUTOMATICLOT_IN=true, AUTOMATICLOT_OUT=true, AUTOMATICLOTWARD_TOWARD=true]" classname="org.isf.medicalstock.test.Tests" time="0.014">
    <system-out><![CDATA[[05/jul/2024 13:43:37] [:] INFO - Began transaction (1) for test context [DefaultTestContext@329af9b1 testClass = Tests, testInstance = org.isf.medicalstock.test.Tests@2d0e5aa1, testMethod = testMgrValidateMovementDateBeforeLastDate@Tests, testException = [null], mergedContextConfiguration = [MergedContextConfiguration@7535554e testClass = Tests, locations = '{classpath:applicationContext.xml, classpath:applicationContext.xml}', classes = '{}', contextInitializerClasses = '[]', activeProfiles = '{}', propertySourceLocations = '{}', propertySourceProperties = '{}', contextCustomizers = set[org.springframework.boot.test.context.filter.ExcludeFilterContextCustomizer@255b53dc, org.springframework.boot.test.json.DuplicateJsonObjectContextCustomizerFactory$DuplicateJsonObjectContextCustomizer@64d2d351, org.springframework.boot.test.mock.mockito.MockitoContextCustomizer@0, org.springframework.boot.test.autoconfigure.properties.PropertyMappingContextCustomizer@0, org.springframework.boot.test.autoconfigure.web.servlet.WebDriverContextCustomizerFactory$Customizer@52aa2946], contextLoader = 'org.springframework.test.context.support.DelegatingSmartContextLoader', parent = [null]]]; transaction manager [org.springframework.orm.jpa.JpaTransactionManager@4ece2750]; rollback [true]
[05/jul/2024 13:43:37] [:] INFO - Rolled back transaction for test: [DefaultTestContext@329af9b1 testClass = Tests, testInstance = org.isf.medicalstock.test.Tests@2d0e5aa1, testMethod = testMgrValidateMovementDateBeforeLastDate@Tests, testException = [null], mergedContextConfiguration = [MergedContextConfiguration@7535554e testClass = Tests, locations = '{classpath:applicationContext.xml, classpath:applicationContext.xml}', classes = '{}', contextInitializerClasses = '[]', activeProfiles = '{}', propertySourceLocations = '{}', propertySourceProperties = '{}', contextCustomizers = set[org.springframework.boot.test.context.filter.ExcludeFilterContextCustomizer@255b53dc, org.springframework.boot.test.json.DuplicateJsonObjectContextCustomizerFactory$DuplicateJsonObjectContextCustomizer@64d2d351, org.springframework.boot.test.mock.mockito.MockitoContextCustomizer@0, org.springframework.boot.test.autoconfigure.properties.PropertyMappingContextCustomizer@0, org.springframework.boot.test.autoconfigure.web.servlet.WebDriverContextCustomizerFactory$Customizer@52aa2946], contextLoader = 'org.springframework.test.context.support.DelegatingSmartContextLoader', parent = [null]]]
]]></system-out>
  </testcase>
</testsuite>